[2023-02-24T21:05:42.463+0530] {taskinstance.py:1087} INFO - Dependencies all met for <TaskInstance: nsdlfpi_and_rupee.load_data2 scheduled__2023-02-23T00:00:00+00:00 [queued]>
[2023-02-24T21:05:42.479+0530] {taskinstance.py:1087} INFO - Dependencies all met for <TaskInstance: nsdlfpi_and_rupee.load_data2 scheduled__2023-02-23T00:00:00+00:00 [queued]>
[2023-02-24T21:05:42.479+0530] {taskinstance.py:1283} INFO - 
--------------------------------------------------------------------------------
[2023-02-24T21:05:42.479+0530] {taskinstance.py:1284} INFO - Starting attempt 1 of 4
[2023-02-24T21:05:42.480+0530] {taskinstance.py:1285} INFO - 
--------------------------------------------------------------------------------
[2023-02-24T21:05:42.502+0530] {taskinstance.py:1304} INFO - Executing <Task(PythonOperator): load_data2> on 2023-02-23 00:00:00+00:00
[2023-02-24T21:05:42.511+0530] {standard_task_runner.py:55} INFO - Started process 7791 to run task
[2023-02-24T21:05:42.515+0530] {standard_task_runner.py:82} INFO - Running: ['airflow', 'tasks', 'run', 'nsdlfpi_and_rupee', 'load_data2', 'scheduled__2023-02-23T00:00:00+00:00', '--job-id', '4730', '--raw', '--subdir', 'DAGS_FOLDER/nsdl_and_rupee.py', '--cfg-path', '/tmp/tmpq6valj3i']
[2023-02-24T21:05:42.517+0530] {standard_task_runner.py:83} INFO - Job 4730: Subtask load_data2
[2023-02-24T21:05:42.622+0530] {task_command.py:389} INFO - Running <TaskInstance: nsdlfpi_and_rupee.load_data2 scheduled__2023-02-23T00:00:00+00:00 [running]> on host DESKTOP-SQIOQPD.
[2023-02-24T21:05:42.798+0530] {taskinstance.py:1511} INFO - Exporting the following env vars:
AIRFLOW_CTX_DAG_EMAIL=nikheleshbhattacharyya@gmail.com
AIRFLOW_CTX_DAG_OWNER=airflow
AIRFLOW_CTX_DAG_ID=nsdlfpi_and_rupee
AIRFLOW_CTX_TASK_ID=load_data2
AIRFLOW_CTX_EXECUTION_DATE=2023-02-23T00:00:00+00:00
AIRFLOW_CTX_TRY_NUMBER=1
AIRFLOW_CTX_DAG_RUN_ID=scheduled__2023-02-23T00:00:00+00:00
[2023-02-24T21:05:57.444+0530] {python.py:177} INFO - Done. Returned value was: None
[2023-02-24T21:05:57.451+0530] {taskinstance.py:1322} INFO - Marking task as SUCCESS. dag_id=nsdlfpi_and_rupee, task_id=load_data2, execution_date=20230223T000000, start_date=20230224T153542, end_date=20230224T153557
[2023-02-24T21:06:03.647+0530] {local_task_job.py:159} INFO - Task exited with return code 0
[2023-02-24T21:06:03.684+0530] {taskinstance.py:2582} INFO - 1 downstream tasks scheduled from follow-on schedule check
