[2022-12-25T20:03:44.279+0530] {taskinstance.py:1087} INFO - Dependencies all met for <TaskInstance: Money__Market.load_link scheduled__2022-12-24T00:00:00+00:00 [queued]>
[2022-12-25T20:03:44.290+0530] {taskinstance.py:1087} INFO - Dependencies all met for <TaskInstance: Money__Market.load_link scheduled__2022-12-24T00:00:00+00:00 [queued]>
[2022-12-25T20:03:44.290+0530] {taskinstance.py:1283} INFO - 
--------------------------------------------------------------------------------
[2022-12-25T20:03:44.290+0530] {taskinstance.py:1284} INFO - Starting attempt 1 of 4
[2022-12-25T20:03:44.290+0530] {taskinstance.py:1285} INFO - 
--------------------------------------------------------------------------------
[2022-12-25T20:03:44.305+0530] {taskinstance.py:1304} INFO - Executing <Task(PythonOperator): load_link> on 2022-12-24 00:00:00+00:00
[2022-12-25T20:03:44.309+0530] {standard_task_runner.py:55} INFO - Started process 18117 to run task
[2022-12-25T20:03:44.327+0530] {standard_task_runner.py:82} INFO - Running: ['airflow', 'tasks', 'run', 'Money__Market', 'load_link', 'scheduled__2022-12-24T00:00:00+00:00', '--job-id', '672', '--raw', '--subdir', 'DAGS_FOLDER/Money_Market.py', '--cfg-path', '/tmp/tmpdf7y498u']
[2022-12-25T20:03:44.328+0530] {standard_task_runner.py:83} INFO - Job 672: Subtask load_link
[2022-12-25T20:03:44.380+0530] {task_command.py:389} INFO - Running <TaskInstance: Money__Market.load_link scheduled__2022-12-24T00:00:00+00:00 [running]> on host DESKTOP-SQIOQPD.
[2022-12-25T20:03:44.444+0530] {taskinstance.py:1511} INFO - Exporting the following env vars:
AIRFLOW_CTX_DAG_EMAIL=nikheleshbhattacharyya@gmail.com
AIRFLOW_CTX_DAG_OWNER=airflow
AIRFLOW_CTX_DAG_ID=Money__Market
AIRFLOW_CTX_TASK_ID=load_link
AIRFLOW_CTX_EXECUTION_DATE=2022-12-24T00:00:00+00:00
AIRFLOW_CTX_TRY_NUMBER=1
AIRFLOW_CTX_DAG_RUN_ID=scheduled__2022-12-24T00:00:00+00:00
[2022-12-25T20:03:44.753+0530] {python.py:177} INFO - Done. Returned value was: None
[2022-12-25T20:03:44.760+0530] {taskinstance.py:1322} INFO - Marking task as SUCCESS. dag_id=Money__Market, task_id=load_link, execution_date=20221224T000000, start_date=20221225T143344, end_date=20221225T143344
[2022-12-25T20:03:44.967+0530] {local_task_job.py:159} INFO - Task exited with return code 0
[2022-12-25T20:03:44.993+0530] {taskinstance.py:2582} INFO - 1 downstream tasks scheduled from follow-on schedule check
