[2023-02-13T20:46:54.606+0530] {taskinstance.py:1087} INFO - Dependencies all met for <TaskInstance: FX__Turnover.extract scheduled__2023-02-03T00:00:00+00:00 [queued]>
[2023-02-13T20:46:54.617+0530] {taskinstance.py:1087} INFO - Dependencies all met for <TaskInstance: FX__Turnover.extract scheduled__2023-02-03T00:00:00+00:00 [queued]>
[2023-02-13T20:46:54.618+0530] {taskinstance.py:1283} INFO - 
--------------------------------------------------------------------------------
[2023-02-13T20:46:54.618+0530] {taskinstance.py:1284} INFO - Starting attempt 2 of 4
[2023-02-13T20:46:54.618+0530] {taskinstance.py:1285} INFO - 
--------------------------------------------------------------------------------
[2023-02-13T20:46:54.633+0530] {taskinstance.py:1304} INFO - Executing <Task(PythonOperator): extract> on 2023-02-03 00:00:00+00:00
[2023-02-13T20:46:54.638+0530] {standard_task_runner.py:55} INFO - Started process 716 to run task
[2023-02-13T20:46:54.642+0530] {standard_task_runner.py:82} INFO - Running: ['airflow', 'tasks', 'run', 'FX__Turnover', 'extract', 'scheduled__2023-02-03T00:00:00+00:00', '--job-id', '3989', '--raw', '--subdir', 'DAGS_FOLDER/FX_turnover.py', '--cfg-path', '/tmp/tmp6lrzx9_5']
[2023-02-13T20:46:54.643+0530] {standard_task_runner.py:83} INFO - Job 3989: Subtask extract
[2023-02-13T20:46:54.696+0530] {task_command.py:389} INFO - Running <TaskInstance: FX__Turnover.extract scheduled__2023-02-03T00:00:00+00:00 [running]> on host DESKTOP-SQIOQPD.
[2023-02-13T20:46:54.760+0530] {taskinstance.py:1511} INFO - Exporting the following env vars:
AIRFLOW_CTX_DAG_EMAIL=nikheleshbhattacharyya@gmail.com
AIRFLOW_CTX_DAG_OWNER=airflow
AIRFLOW_CTX_DAG_ID=FX__Turnover
AIRFLOW_CTX_TASK_ID=extract
AIRFLOW_CTX_EXECUTION_DATE=2023-02-03T00:00:00+00:00
AIRFLOW_CTX_TRY_NUMBER=2
AIRFLOW_CTX_DAG_RUN_ID=scheduled__2023-02-03T00:00:00+00:00
[2023-02-13T20:51:22.899+0530] {taskinstance.py:1772} ERROR - Task failed with exception
Traceback (most recent call last):
  File "/usr/local/lib/python3.8/dist-packages/airflow/operators/python.py", line 175, in execute
    return_value = self.execute_callable()
  File "/usr/local/lib/python3.8/dist-packages/airflow/operators/python.py", line 192, in execute_callable
    return self.python_callable(*self.op_args, **self.op_kwargs)
  File "/root/airflow/dags/FX_turnover.py", line 139, in extract_fxturn
    driver.get(url)
  File "/usr/local/lib/python3.8/dist-packages/selenium/webdriver/remote/webdriver.py", line 449, in get
    self.execute(Command.GET, {"url": url})
  File "/usr/local/lib/python3.8/dist-packages/selenium/webdriver/remote/webdriver.py", line 440, in execute
    self.error_handler.check_response(response)
  File "/usr/local/lib/python3.8/dist-packages/selenium/webdriver/remote/errorhandler.py", line 245, in check_response
    raise exception_class(message, screen, stacktrace)
selenium.common.exceptions.WebDriverException: Message: unknown error: net::ERR_CONNECTION_RESET
  (Session info: headless chrome=109.0.5414.119)
Stacktrace:
#0 0x558a696bb2a3 <unknown>
#1 0x558a69479f77 <unknown>
#2 0x558a69471e35 <unknown>
#3 0x558a69464f27 <unknown>
#4 0x558a694662d9 <unknown>
#5 0x558a6946529e <unknown>
#6 0x558a694643d2 <unknown>
#7 0x558a69464225 <unknown>
#8 0x558a69462dc6 <unknown>
#9 0x558a69463244 <unknown>
#10 0x558a6947be88 <unknown>
#11 0x558a694eeb05 <unknown>
#12 0x558a694d6b32 <unknown>
#13 0x558a694ee47c <unknown>
#14 0x558a694d6903 <unknown>
#15 0x558a694a9ece <unknown>
#16 0x558a694aafde <unknown>
#17 0x558a6970b63e <unknown>
#18 0x558a6970eb79 <unknown>
#19 0x558a696f189e <unknown>
#20 0x558a6970fa83 <unknown>
#21 0x558a696e4505 <unknown>
#22 0x558a69730ca8 <unknown>
#23 0x558a69730e36 <unknown>
#24 0x558a6974c333 <unknown>
#25 0x7f0a9e274609 start_thread

[2023-02-13T20:51:22.912+0530] {taskinstance.py:1322} INFO - Marking task as UP_FOR_RETRY. dag_id=FX__Turnover, task_id=extract, execution_date=20230203T000000, start_date=20230213T151654, end_date=20230213T152122
[2023-02-13T20:51:22.932+0530] {standard_task_runner.py:100} ERROR - Failed to execute job 3989 for task extract (Message: unknown error: net::ERR_CONNECTION_RESET
  (Session info: headless chrome=109.0.5414.119)
Stacktrace:
#0 0x558a696bb2a3 <unknown>
#1 0x558a69479f77 <unknown>
#2 0x558a69471e35 <unknown>
#3 0x558a69464f27 <unknown>
#4 0x558a694662d9 <unknown>
#5 0x558a6946529e <unknown>
#6 0x558a694643d2 <unknown>
#7 0x558a69464225 <unknown>
#8 0x558a69462dc6 <unknown>
#9 0x558a69463244 <unknown>
#10 0x558a6947be88 <unknown>
#11 0x558a694eeb05 <unknown>
#12 0x558a694d6b32 <unknown>
#13 0x558a694ee47c <unknown>
#14 0x558a694d6903 <unknown>
#15 0x558a694a9ece <unknown>
#16 0x558a694aafde <unknown>
#17 0x558a6970b63e <unknown>
#18 0x558a6970eb79 <unknown>
#19 0x558a696f189e <unknown>
#20 0x558a6970fa83 <unknown>
#21 0x558a696e4505 <unknown>
#22 0x558a69730ca8 <unknown>
#23 0x558a69730e36 <unknown>
#24 0x558a6974c333 <unknown>
#25 0x7f0a9e274609 start_thread
; 716)
[2023-02-13T20:51:22.963+0530] {local_task_job.py:159} INFO - Task exited with return code 1
[2023-02-13T20:51:22.982+0530] {taskinstance.py:2582} INFO - 0 downstream tasks scheduled from follow-on schedule check
