[2022-12-26T15:22:47.941+0530] {taskinstance.py:1087} INFO - Dependencies all met for <TaskInstance: Money__Market.load_link scheduled__2022-12-26T00:00:00+00:00 [queued]>
[2022-12-26T15:22:47.949+0530] {taskinstance.py:1087} INFO - Dependencies all met for <TaskInstance: Money__Market.load_link scheduled__2022-12-26T00:00:00+00:00 [queued]>
[2022-12-26T15:22:47.950+0530] {taskinstance.py:1283} INFO - 
--------------------------------------------------------------------------------
[2022-12-26T15:22:47.950+0530] {taskinstance.py:1284} INFO - Starting attempt 1 of 4
[2022-12-26T15:22:47.950+0530] {taskinstance.py:1285} INFO - 
--------------------------------------------------------------------------------
[2022-12-26T15:22:47.964+0530] {taskinstance.py:1304} INFO - Executing <Task(PythonOperator): load_link> on 2022-12-26 00:00:00+00:00
[2022-12-26T15:22:47.969+0530] {standard_task_runner.py:55} INFO - Started process 31793 to run task
[2022-12-26T15:22:47.971+0530] {standard_task_runner.py:82} INFO - Running: ['airflow', 'tasks', 'run', 'Money__Market', 'load_link', 'scheduled__2022-12-26T00:00:00+00:00', '--job-id', '940', '--raw', '--subdir', 'DAGS_FOLDER/Money_Market.py', '--cfg-path', '/tmp/tmpj16qbcs2']
[2022-12-26T15:22:47.972+0530] {standard_task_runner.py:83} INFO - Job 940: Subtask load_link
[2022-12-26T15:22:48.020+0530] {task_command.py:389} INFO - Running <TaskInstance: Money__Market.load_link scheduled__2022-12-26T00:00:00+00:00 [running]> on host DESKTOP-SQIOQPD.
[2022-12-26T15:22:48.083+0530] {taskinstance.py:1511} INFO - Exporting the following env vars:
AIRFLOW_CTX_DAG_EMAIL=nikheleshbhattacharyya@gmail.com
AIRFLOW_CTX_DAG_OWNER=airflow
AIRFLOW_CTX_DAG_ID=Money__Market
AIRFLOW_CTX_TASK_ID=load_link
AIRFLOW_CTX_EXECUTION_DATE=2022-12-26T00:00:00+00:00
AIRFLOW_CTX_TRY_NUMBER=1
AIRFLOW_CTX_DAG_RUN_ID=scheduled__2022-12-26T00:00:00+00:00
[2022-12-26T15:22:48.355+0530] {python.py:177} INFO - Done. Returned value was: None
[2022-12-26T15:22:48.361+0530] {taskinstance.py:1322} INFO - Marking task as SUCCESS. dag_id=Money__Market, task_id=load_link, execution_date=20221226T000000, start_date=20221226T095247, end_date=20221226T095248
[2022-12-26T15:22:48.547+0530] {local_task_job.py:159} INFO - Task exited with return code 0
[2022-12-26T15:22:48.568+0530] {taskinstance.py:2582} INFO - 1 downstream tasks scheduled from follow-on schedule check
