[2023-02-02T09:04:21.151+0530] {taskinstance.py:1087} INFO - Dependencies all met for <TaskInstance: NSE_Open_Interest.start_task manual__2023-02-02T03:19:33.089195+00:00 [queued]>
[2023-02-02T09:04:21.168+0530] {taskinstance.py:1087} INFO - Dependencies all met for <TaskInstance: NSE_Open_Interest.start_task manual__2023-02-02T03:19:33.089195+00:00 [queued]>
[2023-02-02T09:04:21.169+0530] {taskinstance.py:1283} INFO - 
--------------------------------------------------------------------------------
[2023-02-02T09:04:21.169+0530] {taskinstance.py:1284} INFO - Starting attempt 1 of 4
[2023-02-02T09:04:21.169+0530] {taskinstance.py:1285} INFO - 
--------------------------------------------------------------------------------
[2023-02-02T09:04:21.203+0530] {taskinstance.py:1304} INFO - Executing <Task(BashOperator): start_task> on 2023-02-02 03:19:33.089195+00:00
[2023-02-02T09:04:21.211+0530] {standard_task_runner.py:55} INFO - Started process 7999 to run task
[2023-02-02T09:04:21.216+0530] {standard_task_runner.py:82} INFO - Running: ['airflow', 'tasks', 'run', 'NSE_Open_Interest', 'start_task', 'manual__2023-02-02T03:19:33.089195+00:00', '--job-id', '3664', '--raw', '--subdir', 'DAGS_FOLDER/NSE_Open_Interest.py', '--cfg-path', '/tmp/tmp8buuv2yi']
[2023-02-02T09:04:21.218+0530] {standard_task_runner.py:83} INFO - Job 3664: Subtask start_task
[2023-02-02T09:04:21.291+0530] {task_command.py:389} INFO - Running <TaskInstance: NSE_Open_Interest.start_task manual__2023-02-02T03:19:33.089195+00:00 [running]> on host DESKTOP-SQIOQPD.
[2023-02-02T09:04:21.384+0530] {taskinstance.py:1511} INFO - Exporting the following env vars:
AIRFLOW_CTX_DAG_EMAIL=nikheleshbhattacharyya@gmail.com
AIRFLOW_CTX_DAG_OWNER=airflow
AIRFLOW_CTX_DAG_ID=NSE_Open_Interest
AIRFLOW_CTX_TASK_ID=start_task
AIRFLOW_CTX_EXECUTION_DATE=2023-02-02T03:19:33.089195+00:00
AIRFLOW_CTX_TRY_NUMBER=1
AIRFLOW_CTX_DAG_RUN_ID=manual__2023-02-02T03:19:33.089195+00:00
[2023-02-02T09:04:21.385+0530] {subprocess.py:63} INFO - Tmp dir root location: 
 /tmp
[2023-02-02T09:04:21.386+0530] {subprocess.py:75} INFO - Running command: ['/usr/bin/bash', '-c', 'echo start']
[2023-02-02T09:04:21.399+0530] {subprocess.py:86} INFO - Output:
[2023-02-02T09:04:21.399+0530] {subprocess.py:93} INFO - start
[2023-02-02T09:04:21.399+0530] {subprocess.py:97} INFO - Command exited with return code 0
[2023-02-02T09:04:21.422+0530] {taskinstance.py:1322} INFO - Marking task as SUCCESS. dag_id=NSE_Open_Interest, task_id=start_task, execution_date=20230202T031933, start_date=20230202T033421, end_date=20230202T033421
[2023-02-02T09:04:21.472+0530] {local_task_job.py:159} INFO - Task exited with return code 0
[2023-02-02T09:04:21.499+0530] {taskinstance.py:2582} INFO - 1 downstream tasks scheduled from follow-on schedule check
