[2022-12-26T00:18:41.713+0530] {taskinstance.py:1087} INFO - Dependencies all met for <TaskInstance: Money__Market.extract_data scheduled__2022-12-24T12:00:00+00:00 [queued]>
[2022-12-26T00:18:41.725+0530] {taskinstance.py:1087} INFO - Dependencies all met for <TaskInstance: Money__Market.extract_data scheduled__2022-12-24T12:00:00+00:00 [queued]>
[2022-12-26T00:18:41.725+0530] {taskinstance.py:1283} INFO - 
--------------------------------------------------------------------------------
[2022-12-26T00:18:41.725+0530] {taskinstance.py:1284} INFO - Starting attempt 1 of 4
[2022-12-26T00:18:41.725+0530] {taskinstance.py:1285} INFO - 
--------------------------------------------------------------------------------
[2022-12-26T00:18:41.741+0530] {taskinstance.py:1304} INFO - Executing <Task(PythonOperator): extract_data> on 2022-12-24 12:00:00+00:00
[2022-12-26T00:18:41.747+0530] {standard_task_runner.py:55} INFO - Started process 27545 to run task
[2022-12-26T00:18:41.750+0530] {standard_task_runner.py:82} INFO - Running: ['airflow', 'tasks', 'run', 'Money__Market', 'extract_data', 'scheduled__2022-12-24T12:00:00+00:00', '--job-id', '729', '--raw', '--subdir', 'DAGS_FOLDER/Money_Market.py', '--cfg-path', '/tmp/tmp4dpsmy73']
[2022-12-26T00:18:41.752+0530] {standard_task_runner.py:83} INFO - Job 729: Subtask extract_data
[2022-12-26T00:18:41.799+0530] {task_command.py:389} INFO - Running <TaskInstance: Money__Market.extract_data scheduled__2022-12-24T12:00:00+00:00 [running]> on host DESKTOP-SQIOQPD.
[2022-12-26T00:18:41.865+0530] {taskinstance.py:1511} INFO - Exporting the following env vars:
AIRFLOW_CTX_DAG_EMAIL=nikheleshbhattacharyya@gmail.com
AIRFLOW_CTX_DAG_OWNER=airflow
AIRFLOW_CTX_DAG_ID=Money__Market
AIRFLOW_CTX_TASK_ID=extract_data
AIRFLOW_CTX_EXECUTION_DATE=2022-12-24T12:00:00+00:00
AIRFLOW_CTX_TRY_NUMBER=1
AIRFLOW_CTX_DAG_RUN_ID=scheduled__2022-12-24T12:00:00+00:00
[2022-12-26T00:18:44.143+0530] {logging_mixin.py:137} INFO - 1
[2022-12-26T00:18:46.365+0530] {logging_mixin.py:137} INFO - 2
[2022-12-26T00:18:48.198+0530] {logging_mixin.py:137} INFO - 3
[2022-12-26T00:18:48.916+0530] {logging_mixin.py:137} INFO - 4
[2022-12-26T00:18:51.054+0530] {logging_mixin.py:137} INFO - 5
[2022-12-26T00:18:52.580+0530] {logging_mixin.py:137} INFO - 6
[2022-12-26T00:18:54.617+0530] {logging_mixin.py:137} INFO - 7
[2022-12-26T00:18:55.988+0530] {logging_mixin.py:137} INFO - 8
[2022-12-26T00:18:56.884+0530] {logging_mixin.py:137} INFO - 9
[2022-12-26T00:18:59.332+0530] {logging_mixin.py:137} INFO - 10
[2022-12-26T00:19:02.110+0530] {logging_mixin.py:137} INFO - 11
[2022-12-26T00:19:06.319+0530] {logging_mixin.py:137} INFO - 12
[2022-12-26T00:19:08.611+0530] {logging_mixin.py:137} INFO - 13
[2022-12-26T00:19:11.022+0530] {logging_mixin.py:137} INFO - 14
[2022-12-26T00:19:13.175+0530] {logging_mixin.py:137} INFO - 15
[2022-12-26T00:19:16.197+0530] {logging_mixin.py:137} INFO - 16
[2022-12-26T00:19:18.225+0530] {logging_mixin.py:137} INFO - 17
[2022-12-26T00:19:20.610+0530] {logging_mixin.py:137} INFO - 18
[2022-12-26T00:19:22.491+0530] {logging_mixin.py:137} INFO - 19
[2022-12-26T00:19:24.662+0530] {logging_mixin.py:137} INFO - 20
[2022-12-26T00:19:25.386+0530] {logging_mixin.py:137} INFO - 21
[2022-12-26T00:19:26.046+0530] {logging_mixin.py:137} INFO - 22
[2022-12-26T00:19:26.444+0530] {logging_mixin.py:137} INFO - 23
[2022-12-26T00:19:26.797+0530] {logging_mixin.py:137} INFO - 24
[2022-12-26T00:19:27.202+0530] {logging_mixin.py:137} INFO - 25
[2022-12-26T00:19:29.271+0530] {logging_mixin.py:137} INFO - 26
[2022-12-26T00:19:31.517+0530] {logging_mixin.py:137} INFO - 27
[2022-12-26T00:19:33.452+0530] {logging_mixin.py:137} INFO - 28
[2022-12-26T00:19:35.796+0530] {logging_mixin.py:137} INFO - 29
[2022-12-26T00:19:37.611+0530] {logging_mixin.py:137} INFO - 30
[2022-12-26T00:19:40.120+0530] {logging_mixin.py:137} INFO - 31
[2022-12-26T00:19:41.959+0530] {logging_mixin.py:137} INFO - 32
[2022-12-26T00:19:44.202+0530] {logging_mixin.py:137} INFO - 33
[2022-12-26T00:19:45.781+0530] {logging_mixin.py:137} INFO - 34
[2022-12-26T00:19:47.327+0530] {logging_mixin.py:137} INFO - 35
[2022-12-26T00:19:49.173+0530] {logging_mixin.py:137} INFO - 36
[2022-12-26T00:19:51.372+0530] {logging_mixin.py:137} INFO - 37
[2022-12-26T00:19:53.192+0530] {logging_mixin.py:137} INFO - 38
[2022-12-26T00:19:55.171+0530] {logging_mixin.py:137} INFO - 39
[2022-12-26T00:19:57.528+0530] {logging_mixin.py:137} INFO - 40
[2022-12-26T00:19:59.263+0530] {logging_mixin.py:137} INFO - 41
[2022-12-26T00:20:01.292+0530] {logging_mixin.py:137} INFO - 42
[2022-12-26T00:20:03.357+0530] {logging_mixin.py:137} INFO - 43
[2022-12-26T00:20:05.318+0530] {logging_mixin.py:137} INFO - 44
[2022-12-26T00:20:07.602+0530] {logging_mixin.py:137} INFO - 45
[2022-12-26T00:20:09.300+0530] {logging_mixin.py:137} INFO - 46
[2022-12-26T00:20:10.244+0530] {logging_mixin.py:137} INFO - 47
[2022-12-26T00:20:12.322+0530] {logging_mixin.py:137} INFO - 48
[2022-12-26T00:20:14.175+0530] {logging_mixin.py:137} INFO - 49
[2022-12-26T00:20:16.344+0530] {logging_mixin.py:137} INFO - 50
[2022-12-26T00:20:17.990+0530] {logging_mixin.py:137} INFO - 51
[2022-12-26T00:20:20.015+0530] {logging_mixin.py:137} INFO - 52
[2022-12-26T00:20:21.871+0530] {logging_mixin.py:137} INFO - 53
[2022-12-26T00:20:24.234+0530] {logging_mixin.py:137} INFO - 54
[2022-12-26T00:20:26.293+0530] {logging_mixin.py:137} INFO - 55
[2022-12-26T00:20:28.235+0530] {logging_mixin.py:137} INFO - 56
[2022-12-26T00:20:30.822+0530] {logging_mixin.py:137} INFO - 57
[2022-12-26T00:20:33.149+0530] {logging_mixin.py:137} INFO - 58
[2022-12-26T00:20:35.009+0530] {logging_mixin.py:137} INFO - 59
[2022-12-26T00:20:36.673+0530] {logging_mixin.py:137} INFO - 60
[2022-12-26T00:20:38.054+0530] {logging_mixin.py:137} INFO - 61
[2022-12-26T00:20:39.428+0530] {logging_mixin.py:137} INFO - 62
[2022-12-26T00:20:41.594+0530] {logging_mixin.py:137} INFO - 63
[2022-12-26T00:20:43.612+0530] {logging_mixin.py:137} INFO - 64
[2022-12-26T00:20:45.870+0530] {logging_mixin.py:137} INFO - 65
[2022-12-26T00:20:47.917+0530] {logging_mixin.py:137} INFO - 66
[2022-12-26T00:20:50.391+0530] {logging_mixin.py:137} INFO - 67
[2022-12-26T00:20:52.489+0530] {logging_mixin.py:137} INFO - 68
[2022-12-26T00:20:53.648+0530] {logging_mixin.py:137} INFO - 69
[2022-12-26T00:20:54.194+0530] {logging_mixin.py:137} INFO - 70
[2022-12-26T00:20:55.954+0530] {logging_mixin.py:137} INFO - 71
[2022-12-26T00:20:57.737+0530] {logging_mixin.py:137} INFO - 72
[2022-12-26T00:20:59.762+0530] {logging_mixin.py:137} INFO - 73
[2022-12-26T00:21:02.060+0530] {logging_mixin.py:137} INFO - 74
[2022-12-26T00:21:03.987+0530] {logging_mixin.py:137} INFO - 75
[2022-12-26T00:21:05.924+0530] {logging_mixin.py:137} INFO - 76
[2022-12-26T00:21:07.744+0530] {logging_mixin.py:137} INFO - 77
[2022-12-26T00:21:08.385+0530] {logging_mixin.py:137} INFO - 78
[2022-12-26T00:21:08.815+0530] {logging_mixin.py:137} INFO - 79
[2022-12-26T00:21:09.128+0530] {logging_mixin.py:137} INFO - 80
[2022-12-26T00:21:09.457+0530] {logging_mixin.py:137} INFO - 81
[2022-12-26T00:21:09.744+0530] {logging_mixin.py:137} INFO - 82
[2022-12-26T00:21:10.016+0530] {logging_mixin.py:137} INFO - 83
[2022-12-26T00:21:10.585+0530] {logging_mixin.py:137} INFO - 84
[2022-12-26T00:21:11.221+0530] {logging_mixin.py:137} INFO - 85
[2022-12-26T00:21:11.505+0530] {logging_mixin.py:137} INFO - 86
[2022-12-26T00:21:11.761+0530] {logging_mixin.py:137} INFO - 87
[2022-12-26T00:21:12.054+0530] {logging_mixin.py:137} INFO - 88
[2022-12-26T00:21:12.627+0530] {logging_mixin.py:137} INFO - 89
[2022-12-26T00:21:12.911+0530] {logging_mixin.py:137} INFO - 90
[2022-12-26T00:21:13.216+0530] {logging_mixin.py:137} INFO - 91
[2022-12-26T00:21:13.514+0530] {logging_mixin.py:137} INFO - 92
[2022-12-26T00:21:13.822+0530] {logging_mixin.py:137} INFO - 93
[2022-12-26T00:21:14.096+0530] {logging_mixin.py:137} INFO - 94
[2022-12-26T00:21:14.556+0530] {logging_mixin.py:137} INFO - 95
[2022-12-26T00:21:14.809+0530] {logging_mixin.py:137} INFO - 96
[2022-12-26T00:21:15.255+0530] {logging_mixin.py:137} INFO - 97
[2022-12-26T00:21:15.734+0530] {logging_mixin.py:137} INFO - 98
[2022-12-26T00:21:16.060+0530] {logging_mixin.py:137} INFO - 99
[2022-12-26T00:21:16.413+0530] {logging_mixin.py:137} INFO - 100
[2022-12-26T00:21:16.783+0530] {logging_mixin.py:137} INFO - 101
[2022-12-26T00:21:17.231+0530] {logging_mixin.py:137} INFO - 102
[2022-12-26T00:21:17.808+0530] {logging_mixin.py:137} INFO - 103
[2022-12-26T00:21:18.387+0530] {logging_mixin.py:137} INFO - 104
[2022-12-26T00:21:18.915+0530] {logging_mixin.py:137} INFO - 105
[2022-12-26T00:21:19.545+0530] {logging_mixin.py:137} INFO - 106
[2022-12-26T00:21:19.940+0530] {logging_mixin.py:137} INFO - 107
[2022-12-26T00:21:20.314+0530] {logging_mixin.py:137} INFO - 108
[2022-12-26T00:21:20.617+0530] {logging_mixin.py:137} INFO - 109
[2022-12-26T00:21:20.889+0530] {logging_mixin.py:137} INFO - 110
[2022-12-26T00:21:21.175+0530] {logging_mixin.py:137} INFO - 111
[2022-12-26T00:21:21.463+0530] {logging_mixin.py:137} INFO - 112
[2022-12-26T00:21:21.726+0530] {logging_mixin.py:137} INFO - 113
[2022-12-26T00:21:22.002+0530] {logging_mixin.py:137} INFO - 114
[2022-12-26T00:21:22.474+0530] {logging_mixin.py:137} INFO - 115
[2022-12-26T00:21:23.750+0530] {logging_mixin.py:137} INFO - 116
[2022-12-26T00:21:25.996+0530] {logging_mixin.py:137} INFO - 117
[2022-12-26T00:21:27.711+0530] {logging_mixin.py:137} INFO - 118
[2022-12-26T00:21:29.150+0530] {logging_mixin.py:137} INFO - 119
[2022-12-26T00:21:30.925+0530] {logging_mixin.py:137} INFO - 120
[2022-12-26T00:21:32.799+0530] {logging_mixin.py:137} INFO - 121
[2022-12-26T00:21:33.373+0530] {logging_mixin.py:137} INFO - 122
[2022-12-26T00:21:33.765+0530] {logging_mixin.py:137} INFO - 123
[2022-12-26T00:21:34.076+0530] {logging_mixin.py:137} INFO - 124
[2022-12-26T00:21:34.642+0530] {logging_mixin.py:137} INFO - 125
[2022-12-26T00:21:35.148+0530] {logging_mixin.py:137} INFO - 126
[2022-12-26T00:21:35.572+0530] {logging_mixin.py:137} INFO - 127
[2022-12-26T00:21:36.061+0530] {logging_mixin.py:137} INFO - 128
[2022-12-26T00:21:36.400+0530] {logging_mixin.py:137} INFO - 129
[2022-12-26T00:21:36.688+0530] {logging_mixin.py:137} INFO - 130
[2022-12-26T00:21:37.009+0530] {logging_mixin.py:137} INFO - 131
[2022-12-26T00:21:38.813+0530] {logging_mixin.py:137} INFO - 132
[2022-12-26T00:21:39.187+0530] {logging_mixin.py:137} INFO - 133
[2022-12-26T00:21:39.571+0530] {logging_mixin.py:137} INFO - 134
[2022-12-26T00:21:39.867+0530] {logging_mixin.py:137} INFO - 135
[2022-12-26T00:21:40.177+0530] {logging_mixin.py:137} INFO - 136
[2022-12-26T00:21:40.497+0530] {logging_mixin.py:137} INFO - 137
[2022-12-26T00:21:40.798+0530] {logging_mixin.py:137} INFO - 138
[2022-12-26T00:21:41.303+0530] {logging_mixin.py:137} INFO - 139
[2022-12-26T00:21:41.604+0530] {logging_mixin.py:137} INFO - 140
[2022-12-26T00:21:41.917+0530] {logging_mixin.py:137} INFO - 141
[2022-12-26T00:21:42.589+0530] {logging_mixin.py:137} INFO - 142
[2022-12-26T00:21:42.946+0530] {logging_mixin.py:137} INFO - 143
[2022-12-26T00:21:43.292+0530] {logging_mixin.py:137} INFO - 144
[2022-12-26T00:21:43.574+0530] {logging_mixin.py:137} INFO - 145
[2022-12-26T00:21:43.870+0530] {logging_mixin.py:137} INFO - 146
[2022-12-26T00:21:44.177+0530] {logging_mixin.py:137} INFO - 147
[2022-12-26T00:21:44.472+0530] {logging_mixin.py:137} INFO - 148
[2022-12-26T00:21:44.734+0530] {logging_mixin.py:137} INFO - 149
[2022-12-26T00:21:45.187+0530] {logging_mixin.py:137} INFO - 150
[2022-12-26T00:21:45.549+0530] {logging_mixin.py:137} INFO - 151
[2022-12-26T00:21:45.856+0530] {logging_mixin.py:137} INFO - 152
[2022-12-26T00:21:46.110+0530] {logging_mixin.py:137} INFO - 153
[2022-12-26T00:21:46.356+0530] {logging_mixin.py:137} INFO - 154
[2022-12-26T00:21:46.666+0530] {logging_mixin.py:137} INFO - 155
[2022-12-26T00:21:46.957+0530] {logging_mixin.py:137} INFO - 156
[2022-12-26T00:21:47.244+0530] {logging_mixin.py:137} INFO - 157
[2022-12-26T00:21:47.796+0530] {logging_mixin.py:137} INFO - 158
[2022-12-26T00:21:48.060+0530] {logging_mixin.py:137} INFO - 159
[2022-12-26T00:21:48.317+0530] {logging_mixin.py:137} INFO - 160
[2022-12-26T00:21:48.769+0530] {logging_mixin.py:137} INFO - 161
[2022-12-26T00:21:49.012+0530] {logging_mixin.py:137} INFO - 162
[2022-12-26T00:21:49.269+0530] {logging_mixin.py:137} INFO - 163
[2022-12-26T00:21:49.534+0530] {logging_mixin.py:137} INFO - 164
[2022-12-26T00:21:49.792+0530] {logging_mixin.py:137} INFO - 165
[2022-12-26T00:21:50.102+0530] {logging_mixin.py:137} INFO - 166
[2022-12-26T00:21:50.622+0530] {logging_mixin.py:137} INFO - 167
[2022-12-26T00:21:51.538+0530] {logging_mixin.py:137} INFO - 168
[2022-12-26T00:21:52.134+0530] {logging_mixin.py:137} INFO - 169
[2022-12-26T00:21:52.577+0530] {logging_mixin.py:137} INFO - 170
[2022-12-26T00:21:53.023+0530] {logging_mixin.py:137} INFO - 171
[2022-12-26T00:21:53.576+0530] {logging_mixin.py:137} INFO - 172
[2022-12-26T00:21:54.006+0530] {logging_mixin.py:137} INFO - 173
[2022-12-26T00:21:54.645+0530] {logging_mixin.py:137} INFO - 174
[2022-12-26T00:21:55.976+0530] {logging_mixin.py:137} INFO - 175
[2022-12-26T00:21:57.522+0530] {logging_mixin.py:137} INFO - 176
[2022-12-26T00:22:00.120+0530] {logging_mixin.py:137} INFO - 177
[2022-12-26T00:22:00.877+0530] {logging_mixin.py:137} INFO - 178
[2022-12-26T00:22:01.290+0530] {logging_mixin.py:137} INFO - 179
[2022-12-26T00:22:01.561+0530] {logging_mixin.py:137} INFO - 180
[2022-12-26T00:22:01.832+0530] {logging_mixin.py:137} INFO - 181
[2022-12-26T00:22:02.107+0530] {logging_mixin.py:137} INFO - 182
[2022-12-26T00:22:02.546+0530] {logging_mixin.py:137} INFO - 183
[2022-12-26T00:22:02.860+0530] {logging_mixin.py:137} INFO - 184
[2022-12-26T00:22:03.144+0530] {logging_mixin.py:137} INFO - 185
[2022-12-26T00:22:03.432+0530] {logging_mixin.py:137} INFO - 186
[2022-12-26T00:22:03.687+0530] {logging_mixin.py:137} INFO - 187
[2022-12-26T00:22:03.969+0530] {logging_mixin.py:137} INFO - 188
[2022-12-26T00:22:04.277+0530] {logging_mixin.py:137} INFO - 189
[2022-12-26T00:22:04.581+0530] {logging_mixin.py:137} INFO - 190
[2022-12-26T00:22:04.830+0530] {logging_mixin.py:137} INFO - 191
[2022-12-26T00:22:05.093+0530] {logging_mixin.py:137} INFO - 192
[2022-12-26T00:22:05.447+0530] {logging_mixin.py:137} INFO - 193
[2022-12-26T00:22:05.913+0530] {logging_mixin.py:137} INFO - 194
[2022-12-26T00:22:06.167+0530] {logging_mixin.py:137} INFO - 195
[2022-12-26T00:22:06.488+0530] {logging_mixin.py:137} INFO - 196
[2022-12-26T00:22:07.027+0530] {logging_mixin.py:137} INFO - 197
[2022-12-26T00:22:07.622+0530] {logging_mixin.py:137} INFO - 198
[2022-12-26T00:22:08.276+0530] {logging_mixin.py:137} INFO - 199
[2022-12-26T00:22:09.659+0530] {logging_mixin.py:137} INFO - 200
[2022-12-26T00:22:11.412+0530] {logging_mixin.py:137} INFO - 201
[2022-12-26T00:22:13.238+0530] {logging_mixin.py:137} INFO - 202
[2022-12-26T00:22:14.626+0530] {logging_mixin.py:137} INFO - 203
[2022-12-26T00:22:16.388+0530] {logging_mixin.py:137} INFO - 204
[2022-12-26T00:22:17.947+0530] {logging_mixin.py:137} INFO - 205
[2022-12-26T00:22:19.838+0530] {logging_mixin.py:137} INFO - 206
[2022-12-26T00:22:21.065+0530] {logging_mixin.py:137} INFO - 207
[2022-12-26T00:22:21.512+0530] {logging_mixin.py:137} INFO - 208
[2022-12-26T00:22:21.880+0530] {logging_mixin.py:137} INFO - 209
[2022-12-26T00:22:22.324+0530] {logging_mixin.py:137} INFO - 210
[2022-12-26T00:22:23.073+0530] {logging_mixin.py:137} INFO - 211
[2022-12-26T00:22:23.538+0530] {logging_mixin.py:137} INFO - 212
[2022-12-26T00:22:24.018+0530] {logging_mixin.py:137} INFO - 213
[2022-12-26T00:22:24.501+0530] {logging_mixin.py:137} INFO - 214
[2022-12-26T00:22:25.150+0530] {logging_mixin.py:137} INFO - 215
[2022-12-26T00:22:25.620+0530] {logging_mixin.py:137} INFO - 216
[2022-12-26T00:22:26.098+0530] {logging_mixin.py:137} INFO - 217
[2022-12-26T00:22:28.106+0530] {logging_mixin.py:137} INFO - 218
[2022-12-26T00:22:28.400+0530] {logging_mixin.py:137} INFO - 219
[2022-12-26T00:22:28.727+0530] {logging_mixin.py:137} INFO - 220
[2022-12-26T00:22:29.170+0530] {logging_mixin.py:137} INFO - 221
[2022-12-26T00:22:29.488+0530] {logging_mixin.py:137} INFO - 222
[2022-12-26T00:22:29.821+0530] {logging_mixin.py:137} INFO - 223
[2022-12-26T00:22:30.102+0530] {logging_mixin.py:137} INFO - 224
[2022-12-26T00:22:30.582+0530] {logging_mixin.py:137} INFO - 225
[2022-12-26T00:22:31.213+0530] {logging_mixin.py:137} INFO - 226
[2022-12-26T00:22:31.507+0530] {logging_mixin.py:137} INFO - 227
[2022-12-26T00:22:31.777+0530] {logging_mixin.py:137} INFO - 228
[2022-12-26T00:22:32.102+0530] {logging_mixin.py:137} INFO - 229
[2022-12-26T00:22:32.391+0530] {logging_mixin.py:137} INFO - 230
[2022-12-26T00:22:32.697+0530] {logging_mixin.py:137} INFO - 231
[2022-12-26T00:22:32.980+0530] {logging_mixin.py:137} INFO - 232
[2022-12-26T00:22:33.253+0530] {logging_mixin.py:137} INFO - 233
[2022-12-26T00:22:33.545+0530] {logging_mixin.py:137} INFO - 234
[2022-12-26T00:22:33.855+0530] {logging_mixin.py:137} INFO - 235
[2022-12-26T00:22:34.174+0530] {logging_mixin.py:137} INFO - 236
[2022-12-26T00:22:35.005+0530] {logging_mixin.py:137} INFO - 237
[2022-12-26T00:22:35.935+0530] {logging_mixin.py:137} INFO - 238
[2022-12-26T00:22:36.263+0530] {logging_mixin.py:137} INFO - 239
[2022-12-26T00:22:36.569+0530] {logging_mixin.py:137} INFO - 240
[2022-12-26T00:22:36.887+0530] {logging_mixin.py:137} INFO - 241
[2022-12-26T00:22:37.205+0530] {logging_mixin.py:137} INFO - 242
[2022-12-26T00:22:37.558+0530] {logging_mixin.py:137} INFO - 243
[2022-12-26T00:22:37.870+0530] {logging_mixin.py:137} INFO - 244
[2022-12-26T00:22:38.622+0530] {logging_mixin.py:137} INFO - 245
[2022-12-26T00:22:39.608+0530] {logging_mixin.py:137} INFO - 246
[2022-12-26T00:22:40.059+0530] {logging_mixin.py:137} INFO - 247
[2022-12-26T00:22:40.754+0530] {logging_mixin.py:137} INFO - 248
[2022-12-26T00:22:41.198+0530] {logging_mixin.py:137} INFO - 249
[2022-12-26T00:22:41.704+0530] {logging_mixin.py:137} INFO - 250
[2022-12-26T00:22:42.217+0530] {logging_mixin.py:137} INFO - 251
[2022-12-26T00:22:44.343+0530] {logging_mixin.py:137} INFO - 252
[2022-12-26T00:22:46.000+0530] {logging_mixin.py:137} INFO - 253
[2022-12-26T00:22:48.151+0530] {logging_mixin.py:137} INFO - 254
[2022-12-26T00:22:49.795+0530] {logging_mixin.py:137} INFO - 255
[2022-12-26T00:22:52.470+0530] {logging_mixin.py:137} INFO - 256
[2022-12-26T00:22:55.086+0530] {logging_mixin.py:137} INFO - 257
[2022-12-26T00:22:57.232+0530] {logging_mixin.py:137} INFO - 258
[2022-12-26T00:22:59.678+0530] {logging_mixin.py:137} INFO - 259
[2022-12-26T00:23:00.744+0530] {logging_mixin.py:137} INFO - 260
[2022-12-26T00:23:01.418+0530] {logging_mixin.py:137} INFO - 261
[2022-12-26T00:23:01.790+0530] {logging_mixin.py:137} INFO - 262
[2022-12-26T00:23:02.163+0530] {logging_mixin.py:137} INFO - 263
[2022-12-26T00:23:03.800+0530] {logging_mixin.py:137} INFO - 264
[2022-12-26T00:23:04.325+0530] {logging_mixin.py:137} INFO - 265
[2022-12-26T00:23:04.832+0530] {logging_mixin.py:137} INFO - 266
[2022-12-26T00:23:05.304+0530] {logging_mixin.py:137} INFO - 267
[2022-12-26T00:23:05.770+0530] {logging_mixin.py:137} INFO - 268
[2022-12-26T00:23:07.249+0530] {logging_mixin.py:137} INFO - 269
[2022-12-26T00:23:08.446+0530] {logging_mixin.py:137} INFO - 270
[2022-12-26T00:23:10.209+0530] {logging_mixin.py:137} INFO - 271
[2022-12-26T00:23:13.042+0530] {logging_mixin.py:137} INFO - 272
[2022-12-26T00:23:16.088+0530] {logging_mixin.py:137} INFO - 273
[2022-12-26T00:23:17.694+0530] {logging_mixin.py:137} INFO - 274
[2022-12-26T00:23:19.962+0530] {logging_mixin.py:137} INFO - 275
[2022-12-26T00:23:21.540+0530] {logging_mixin.py:137} INFO - 276
[2022-12-26T00:23:23.870+0530] {logging_mixin.py:137} INFO - 277
[2022-12-26T00:23:25.727+0530] {logging_mixin.py:137} INFO - 278
[2022-12-26T00:23:28.193+0530] {logging_mixin.py:137} INFO - 279
[2022-12-26T00:23:31.490+0530] {logging_mixin.py:137} INFO - 280
[2022-12-26T00:23:33.277+0530] {logging_mixin.py:137} INFO - 281
[2022-12-26T00:23:35.406+0530] {logging_mixin.py:137} INFO - 282
[2022-12-26T00:23:37.911+0530] {logging_mixin.py:137} INFO - 283
[2022-12-26T00:23:41.968+0530] {logging_mixin.py:137} INFO - 284
[2022-12-26T00:23:45.323+0530] {logging_mixin.py:137} INFO - 285
[2022-12-26T00:23:49.924+0530] {logging_mixin.py:137} INFO - 286
[2022-12-26T00:23:53.218+0530] {logging_mixin.py:137} INFO - 287
[2022-12-26T00:23:55.467+0530] {logging_mixin.py:137} INFO - 288
[2022-12-26T00:23:56.324+0530] {logging_mixin.py:137} INFO - 289
[2022-12-26T00:23:56.973+0530] {logging_mixin.py:137} INFO - 290
[2022-12-26T00:23:57.263+0530] {logging_mixin.py:137} INFO - 291
[2022-12-26T00:23:57.630+0530] {logging_mixin.py:137} INFO - 292
[2022-12-26T00:23:57.879+0530] {logging_mixin.py:137} INFO - 293
[2022-12-26T00:23:58.319+0530] {logging_mixin.py:137} INFO - 294
[2022-12-26T00:23:59.167+0530] {logging_mixin.py:137} INFO - 295
[2022-12-26T00:23:59.479+0530] {logging_mixin.py:137} INFO - 296
[2022-12-26T00:23:59.804+0530] {logging_mixin.py:137} INFO - 297
[2022-12-26T00:24:00.175+0530] {logging_mixin.py:137} INFO - 298
[2022-12-26T00:24:00.682+0530] {logging_mixin.py:137} INFO - 299
[2022-12-26T00:24:01.022+0530] {logging_mixin.py:137} INFO - 300
[2022-12-26T00:24:02.443+0530] {logging_mixin.py:137} INFO - 301
[2022-12-26T00:24:03.307+0530] {logging_mixin.py:137} INFO - 302
[2022-12-26T00:24:03.753+0530] {logging_mixin.py:137} INFO - 303
[2022-12-26T00:24:04.306+0530] {logging_mixin.py:137} INFO - 304
[2022-12-26T00:24:04.877+0530] {logging_mixin.py:137} INFO - 305
[2022-12-26T00:24:05.452+0530] {logging_mixin.py:137} INFO - 306
[2022-12-26T00:24:05.907+0530] {logging_mixin.py:137} INFO - 307
[2022-12-26T00:24:06.674+0530] {logging_mixin.py:137} INFO - 308
[2022-12-26T00:24:08.914+0530] {logging_mixin.py:137} INFO - 309
[2022-12-26T00:24:12.232+0530] {logging_mixin.py:137} INFO - 310
[2022-12-26T00:24:14.481+0530] {logging_mixin.py:137} INFO - 311
[2022-12-26T00:24:17.145+0530] {logging_mixin.py:137} INFO - 312
[2022-12-26T00:24:19.762+0530] {logging_mixin.py:137} INFO - 313
[2022-12-26T00:24:21.669+0530] {logging_mixin.py:137} INFO - 314
[2022-12-26T00:24:24.234+0530] {logging_mixin.py:137} INFO - 315
[2022-12-26T00:24:25.591+0530] {logging_mixin.py:137} INFO - 316
[2022-12-26T00:24:27.113+0530] {logging_mixin.py:137} INFO - 317
[2022-12-26T00:24:28.876+0530] {logging_mixin.py:137} INFO - 318
[2022-12-26T00:24:30.938+0530] {logging_mixin.py:137} INFO - 319
[2022-12-26T00:24:32.676+0530] {logging_mixin.py:137} INFO - 320
[2022-12-26T00:24:33.384+0530] {logging_mixin.py:137} INFO - 321
[2022-12-26T00:24:33.974+0530] {logging_mixin.py:137} INFO - 322
[2022-12-26T00:24:34.494+0530] {logging_mixin.py:137} INFO - 323
[2022-12-26T00:24:35.530+0530] {logging_mixin.py:137} INFO - 324
[2022-12-26T00:24:36.447+0530] {logging_mixin.py:137} INFO - 325
[2022-12-26T00:24:37.395+0530] {logging_mixin.py:137} INFO - 326
[2022-12-26T00:24:38.615+0530] {logging_mixin.py:137} INFO - 327
[2022-12-26T00:24:41.437+0530] {logging_mixin.py:137} INFO - 328
[2022-12-26T00:24:44.854+0530] {logging_mixin.py:137} INFO - 329
[2022-12-26T00:24:47.155+0530] {logging_mixin.py:137} INFO - 330
[2022-12-26T00:24:49.207+0530] {logging_mixin.py:137} INFO - 331
[2022-12-26T00:24:51.903+0530] {logging_mixin.py:137} INFO - 332
[2022-12-26T00:24:53.878+0530] {logging_mixin.py:137} INFO - 333
[2022-12-26T00:24:56.391+0530] {logging_mixin.py:137} INFO - 334
[2022-12-26T00:24:56.932+0530] {logging_mixin.py:137} INFO - 335
[2022-12-26T00:24:57.306+0530] {logging_mixin.py:137} INFO - 336
[2022-12-26T00:24:57.610+0530] {logging_mixin.py:137} INFO - 337
[2022-12-26T00:24:57.944+0530] {logging_mixin.py:137} INFO - 338
[2022-12-26T00:24:58.409+0530] {logging_mixin.py:137} INFO - 339
[2022-12-26T00:24:58.827+0530] {logging_mixin.py:137} INFO - 340
[2022-12-26T00:24:59.452+0530] {logging_mixin.py:137} INFO - 341
[2022-12-26T00:25:00.242+0530] {logging_mixin.py:137} INFO - 342
[2022-12-26T00:25:02.258+0530] {logging_mixin.py:137} INFO - 343
[2022-12-26T00:25:05.572+0530] {logging_mixin.py:137} INFO - 344
[2022-12-26T00:25:07.766+0530] {logging_mixin.py:137} INFO - 345
[2022-12-26T00:25:09.672+0530] {logging_mixin.py:137} INFO - 346
[2022-12-26T00:25:11.984+0530] {logging_mixin.py:137} INFO - 347
[2022-12-26T00:25:12.466+0530] {logging_mixin.py:137} INFO - 348
[2022-12-26T00:25:12.811+0530] {logging_mixin.py:137} INFO - 349
[2022-12-26T00:25:13.202+0530] {logging_mixin.py:137} INFO - 350
[2022-12-26T00:25:13.523+0530] {logging_mixin.py:137} INFO - 351
[2022-12-26T00:25:13.788+0530] {logging_mixin.py:137} INFO - 352
[2022-12-26T00:25:14.088+0530] {logging_mixin.py:137} INFO - 353
[2022-12-26T00:25:14.934+0530] {logging_mixin.py:137} INFO - 354
[2022-12-26T00:25:15.310+0530] {logging_mixin.py:137} INFO - 355
[2022-12-26T00:25:15.669+0530] {logging_mixin.py:137} INFO - 356
[2022-12-26T00:25:15.945+0530] {logging_mixin.py:137} INFO - 357
[2022-12-26T00:25:16.205+0530] {logging_mixin.py:137} INFO - 358
[2022-12-26T00:25:16.482+0530] {logging_mixin.py:137} INFO - 359
[2022-12-26T00:25:16.738+0530] {logging_mixin.py:137} INFO - 360
[2022-12-26T00:25:17.110+0530] {logging_mixin.py:137} INFO - 361
[2022-12-26T00:25:17.372+0530] {logging_mixin.py:137} INFO - 362
[2022-12-26T00:25:17.681+0530] {logging_mixin.py:137} INFO - 363
[2022-12-26T00:25:18.109+0530] {logging_mixin.py:137} INFO - 364
[2022-12-26T00:25:18.540+0530] {logging_mixin.py:137} INFO - 365
[2022-12-26T00:25:19.012+0530] {logging_mixin.py:137} INFO - 366
[2022-12-26T00:25:19.537+0530] {logging_mixin.py:137} INFO - 367
[2022-12-26T00:25:19.882+0530] {logging_mixin.py:137} INFO - 368
[2022-12-26T00:25:20.211+0530] {logging_mixin.py:137} INFO - 369
[2022-12-26T00:25:20.498+0530] {logging_mixin.py:137} INFO - 370
[2022-12-26T00:25:20.795+0530] {logging_mixin.py:137} INFO - 371
[2022-12-26T00:25:21.078+0530] {logging_mixin.py:137} INFO - 372
[2022-12-26T00:25:21.364+0530] {logging_mixin.py:137} INFO - 373
[2022-12-26T00:25:21.627+0530] {logging_mixin.py:137} INFO - 374
[2022-12-26T00:25:22.175+0530] {logging_mixin.py:137} INFO - 375
[2022-12-26T00:25:22.559+0530] {logging_mixin.py:137} INFO - 376
[2022-12-26T00:25:22.906+0530] {logging_mixin.py:137} INFO - 377
[2022-12-26T00:25:23.275+0530] {logging_mixin.py:137} INFO - 378
[2022-12-26T00:25:23.587+0530] {logging_mixin.py:137} INFO - 379
[2022-12-26T00:25:23.943+0530] {logging_mixin.py:137} INFO - 380
[2022-12-26T00:25:25.327+0530] {logging_mixin.py:137} INFO - 381
[2022-12-26T00:25:25.861+0530] {logging_mixin.py:137} INFO - 382
[2022-12-26T00:25:27.244+0530] {logging_mixin.py:137} INFO - 383
[2022-12-26T00:25:29.598+0530] {logging_mixin.py:137} INFO - 384
[2022-12-26T00:25:31.966+0530] {logging_mixin.py:137} INFO - 385
[2022-12-26T00:25:33.720+0530] {logging_mixin.py:137} INFO - 386
[2022-12-26T00:25:36.071+0530] {logging_mixin.py:137} INFO - 387
[2022-12-26T00:25:37.193+0530] {logging_mixin.py:137} INFO - 388
[2022-12-26T00:25:37.676+0530] {logging_mixin.py:137} INFO - 389
[2022-12-26T00:25:38.396+0530] {logging_mixin.py:137} INFO - 390
[2022-12-26T00:25:40.093+0530] {logging_mixin.py:137} INFO - 391
[2022-12-26T00:25:41.817+0530] {logging_mixin.py:137} INFO - 392
[2022-12-26T00:25:44.540+0530] {logging_mixin.py:137} INFO - 393
[2022-12-26T00:25:47.886+0530] {logging_mixin.py:137} INFO - 394
[2022-12-26T00:25:49.997+0530] {logging_mixin.py:137} INFO - 395
[2022-12-26T00:25:52.521+0530] {logging_mixin.py:137} INFO - 396
[2022-12-26T00:25:54.223+0530] {logging_mixin.py:137} INFO - 397
[2022-12-26T00:25:56.782+0530] {logging_mixin.py:137} INFO - 398
[2022-12-26T00:26:00.502+0530] {logging_mixin.py:137} INFO - 399
[2022-12-26T00:26:03.795+0530] {logging_mixin.py:137} INFO - 400
[2022-12-26T00:26:07.427+0530] {logging_mixin.py:137} INFO - 401
[2022-12-26T00:26:11.812+0530] {logging_mixin.py:137} INFO - 402
[2022-12-26T00:26:13.589+0530] {logging_mixin.py:137} INFO - 403
[2022-12-26T00:26:16.546+0530] {logging_mixin.py:137} INFO - 404
[2022-12-26T00:26:18.328+0530] {logging_mixin.py:137} INFO - 405
[2022-12-26T00:26:21.560+0530] {logging_mixin.py:137} INFO - 406
[2022-12-26T00:26:23.962+0530] {logging_mixin.py:137} INFO - 407
[2022-12-26T00:26:25.764+0530] {logging_mixin.py:137} INFO - 408
[2022-12-26T00:26:27.738+0530] {logging_mixin.py:137} INFO - 409
[2022-12-26T00:26:29.472+0530] {logging_mixin.py:137} INFO - 410
[2022-12-26T00:26:32.048+0530] {logging_mixin.py:137} INFO - 411
[2022-12-26T00:26:33.278+0530] {logging_mixin.py:137} INFO - 412
[2022-12-26T00:26:33.744+0530] {logging_mixin.py:137} INFO - 413
[2022-12-26T00:26:34.072+0530] {logging_mixin.py:137} INFO - 414
[2022-12-26T00:26:34.558+0530] {logging_mixin.py:137} INFO - 415
[2022-12-26T00:26:35.525+0530] {logging_mixin.py:137} INFO - 416
[2022-12-26T00:26:36.196+0530] {logging_mixin.py:137} INFO - 417
[2022-12-26T00:26:36.529+0530] {logging_mixin.py:137} INFO - 418
[2022-12-26T00:26:36.902+0530] {logging_mixin.py:137} INFO - 419
[2022-12-26T00:26:37.279+0530] {logging_mixin.py:137} INFO - 420
[2022-12-26T00:26:37.645+0530] {logging_mixin.py:137} INFO - 421
[2022-12-26T00:26:37.970+0530] {logging_mixin.py:137} INFO - 422
[2022-12-26T00:26:38.529+0530] {logging_mixin.py:137} INFO - 423
[2022-12-26T00:26:38.952+0530] {logging_mixin.py:137} INFO - 424
[2022-12-26T00:26:39.257+0530] {logging_mixin.py:137} INFO - 425
[2022-12-26T00:26:39.808+0530] {logging_mixin.py:137} INFO - 426
[2022-12-26T00:26:40.968+0530] {logging_mixin.py:137} INFO - 427
[2022-12-26T00:26:41.771+0530] {logging_mixin.py:137} INFO - 428
[2022-12-26T00:26:43.749+0530] {logging_mixin.py:137} INFO - 429
[2022-12-26T00:26:45.796+0530] {logging_mixin.py:137} INFO - 430
[2022-12-26T00:26:48.263+0530] {logging_mixin.py:137} INFO - 431
[2022-12-26T00:26:51.445+0530] {logging_mixin.py:137} INFO - 432
[2022-12-26T00:26:54.194+0530] {logging_mixin.py:137} INFO - 433
[2022-12-26T00:26:56.710+0530] {logging_mixin.py:137} INFO - 434
[2022-12-26T00:26:58.757+0530] {logging_mixin.py:137} INFO - 435
[2022-12-26T00:27:01.882+0530] {logging_mixin.py:137} INFO - 436
[2022-12-26T00:27:05.174+0530] {logging_mixin.py:137} INFO - 437
[2022-12-26T00:27:08.341+0530] {logging_mixin.py:137} INFO - 438
[2022-12-26T00:27:10.306+0530] {logging_mixin.py:137} INFO - 439
[2022-12-26T00:27:14.391+0530] {logging_mixin.py:137} INFO - 440
[2022-12-26T00:27:17.160+0530] {logging_mixin.py:137} INFO - 441
[2022-12-26T00:27:19.685+0530] {logging_mixin.py:137} INFO - 442
[2022-12-26T00:27:22.263+0530] {logging_mixin.py:137} INFO - 443
[2022-12-26T00:27:24.110+0530] {logging_mixin.py:137} INFO - 444
[2022-12-26T00:27:25.707+0530] {logging_mixin.py:137} INFO - 445
[2022-12-26T00:27:27.522+0530] {logging_mixin.py:137} INFO - 446
[2022-12-26T00:27:29.150+0530] {logging_mixin.py:137} INFO - 447
[2022-12-26T00:27:31.643+0530] {logging_mixin.py:137} INFO - 448
[2022-12-26T00:27:33.547+0530] {logging_mixin.py:137} INFO - 449
[2022-12-26T00:27:35.792+0530] {logging_mixin.py:137} INFO - 450
[2022-12-26T00:27:37.357+0530] {logging_mixin.py:137} INFO - 451
[2022-12-26T00:27:39.110+0530] {logging_mixin.py:137} INFO - 452
[2022-12-26T00:27:41.319+0530] {logging_mixin.py:137} INFO - 453
[2022-12-26T00:27:43.224+0530] {logging_mixin.py:137} INFO - 454
[2022-12-26T00:27:44.953+0530] {logging_mixin.py:137} INFO - 455
[2022-12-26T00:27:46.863+0530] {logging_mixin.py:137} INFO - 456
[2022-12-26T00:27:48.550+0530] {logging_mixin.py:137} INFO - 457
[2022-12-26T00:27:50.634+0530] {logging_mixin.py:137} INFO - 458
[2022-12-26T00:27:52.734+0530] {logging_mixin.py:137} INFO - 459
[2022-12-26T00:27:55.073+0530] {logging_mixin.py:137} INFO - 460
[2022-12-26T00:27:57.328+0530] {logging_mixin.py:137} INFO - 461
[2022-12-26T00:28:01.461+0530] {logging_mixin.py:137} INFO - 462
[2022-12-26T00:28:03.980+0530] {logging_mixin.py:137} INFO - 463
[2022-12-26T00:28:05.955+0530] {logging_mixin.py:137} INFO - 464
[2022-12-26T00:28:08.088+0530] {logging_mixin.py:137} INFO - 465
[2022-12-26T00:28:09.693+0530] {logging_mixin.py:137} INFO - 466
[2022-12-26T00:28:11.727+0530] {logging_mixin.py:137} INFO - 467
[2022-12-26T00:28:12.780+0530] {logging_mixin.py:137} INFO - 468
[2022-12-26T00:28:13.425+0530] {logging_mixin.py:137} INFO - 469
[2022-12-26T00:28:13.752+0530] {logging_mixin.py:137} INFO - 470
[2022-12-26T00:28:14.083+0530] {logging_mixin.py:137} INFO - 471
[2022-12-26T00:28:15.014+0530] {logging_mixin.py:137} INFO - 472
[2022-12-26T00:28:16.783+0530] {logging_mixin.py:137} INFO - 473
[2022-12-26T00:28:18.695+0530] {logging_mixin.py:137} INFO - 474
[2022-12-26T00:28:21.368+0530] {logging_mixin.py:137} INFO - 475
[2022-12-26T00:28:23.376+0530] {logging_mixin.py:137} INFO - 476
[2022-12-26T00:28:25.056+0530] {logging_mixin.py:137} INFO - 477
[2022-12-26T00:28:26.301+0530] {logging_mixin.py:137} INFO - 478
[2022-12-26T00:28:26.814+0530] {logging_mixin.py:137} INFO - 479
[2022-12-26T00:28:27.407+0530] {logging_mixin.py:137} INFO - 480
[2022-12-26T00:28:27.684+0530] {logging_mixin.py:137} INFO - 481
[2022-12-26T00:28:28.001+0530] {logging_mixin.py:137} INFO - 482
[2022-12-26T00:28:28.288+0530] {logging_mixin.py:137} INFO - 483
[2022-12-26T00:28:28.554+0530] {logging_mixin.py:137} INFO - 484
[2022-12-26T00:28:28.834+0530] {logging_mixin.py:137} INFO - 485
[2022-12-26T00:28:29.129+0530] {logging_mixin.py:137} INFO - 486
[2022-12-26T00:28:29.379+0530] {logging_mixin.py:137} INFO - 487
[2022-12-26T00:28:29.613+0530] {logging_mixin.py:137} INFO - 488
[2022-12-26T00:28:29.847+0530] {logging_mixin.py:137} INFO - 489
[2022-12-26T00:28:30.425+0530] {logging_mixin.py:137} INFO - 490
[2022-12-26T00:28:31.893+0530] {logging_mixin.py:137} INFO - 491
[2022-12-26T00:28:32.209+0530] {logging_mixin.py:137} INFO - 492
[2022-12-26T00:28:32.508+0530] {logging_mixin.py:137} INFO - 493
[2022-12-26T00:28:32.808+0530] {logging_mixin.py:137} INFO - 494
[2022-12-26T00:28:33.113+0530] {logging_mixin.py:137} INFO - 495
[2022-12-26T00:28:33.393+0530] {logging_mixin.py:137} INFO - 496
[2022-12-26T00:28:33.634+0530] {logging_mixin.py:137} INFO - 497
[2022-12-26T00:28:33.867+0530] {logging_mixin.py:137} INFO - 498
[2022-12-26T00:28:34.093+0530] {logging_mixin.py:137} INFO - 499
[2022-12-26T00:28:34.377+0530] {logging_mixin.py:137} INFO - 500
[2022-12-26T00:28:34.816+0530] {logging_mixin.py:137} INFO - 501
[2022-12-26T00:28:35.091+0530] {logging_mixin.py:137} INFO - 502
[2022-12-26T00:28:35.660+0530] {logging_mixin.py:137} INFO - 503
[2022-12-26T00:28:36.187+0530] {logging_mixin.py:137} INFO - 504
[2022-12-26T00:28:36.432+0530] {logging_mixin.py:137} INFO - 505
[2022-12-26T00:28:36.714+0530] {logging_mixin.py:137} INFO - 506
[2022-12-26T00:28:37.503+0530] {logging_mixin.py:137} INFO - 507
[2022-12-26T00:28:37.806+0530] {logging_mixin.py:137} INFO - 508
[2022-12-26T00:28:38.207+0530] {logging_mixin.py:137} INFO - 509
[2022-12-26T00:28:38.837+0530] {logging_mixin.py:137} INFO - 510
[2022-12-26T00:28:39.349+0530] {logging_mixin.py:137} INFO - 511
[2022-12-26T00:28:42.251+0530] {logging_mixin.py:137} INFO - 512
[2022-12-26T00:28:43.603+0530] {logging_mixin.py:137} INFO - 513
[2022-12-26T00:28:44.607+0530] {logging_mixin.py:137} INFO - 514
[2022-12-26T00:28:46.666+0530] {logging_mixin.py:137} INFO - 515
[2022-12-26T00:28:48.676+0530] {logging_mixin.py:137} INFO - 516
[2022-12-26T00:28:50.961+0530] {logging_mixin.py:137} INFO - 517
[2022-12-26T00:28:52.959+0530] {logging_mixin.py:137} INFO - 518
[2022-12-26T00:28:55.646+0530] {logging_mixin.py:137} INFO - 519
[2022-12-26T00:28:57.562+0530] {logging_mixin.py:137} INFO - 520
[2022-12-26T00:29:00.235+0530] {logging_mixin.py:137} INFO - 521
[2022-12-26T00:29:03.715+0530] {logging_mixin.py:137} INFO - 522
[2022-12-26T00:29:08.174+0530] {logging_mixin.py:137} INFO - 523
[2022-12-26T00:29:09.472+0530] {logging_mixin.py:137} INFO - 524
[2022-12-26T00:29:10.018+0530] {logging_mixin.py:137} INFO - 525
[2022-12-26T00:29:10.811+0530] {logging_mixin.py:137} INFO - 526
[2022-12-26T00:29:11.578+0530] {logging_mixin.py:137} INFO - 527
[2022-12-26T00:29:12.052+0530] {logging_mixin.py:137} INFO - 528
[2022-12-26T00:29:12.548+0530] {logging_mixin.py:137} INFO - 529
[2022-12-26T00:29:13.045+0530] {logging_mixin.py:137} INFO - 530
[2022-12-26T00:29:13.489+0530] {logging_mixin.py:137} INFO - 531
[2022-12-26T00:29:13.955+0530] {logging_mixin.py:137} INFO - 532
[2022-12-26T00:29:15.953+0530] {logging_mixin.py:137} INFO - 533
[2022-12-26T00:29:17.523+0530] {logging_mixin.py:137} INFO - 534
[2022-12-26T00:29:19.585+0530] {logging_mixin.py:137} INFO - 535
[2022-12-26T00:29:21.241+0530] {logging_mixin.py:137} INFO - 536
[2022-12-26T00:29:23.472+0530] {logging_mixin.py:137} INFO - 537
[2022-12-26T00:29:27.051+0530] {logging_mixin.py:137} INFO - 538
[2022-12-26T00:29:28.838+0530] {logging_mixin.py:137} INFO - 539
[2022-12-26T00:29:30.864+0530] {logging_mixin.py:137} INFO - 540
[2022-12-26T00:29:33.715+0530] {logging_mixin.py:137} INFO - 541
[2022-12-26T00:29:35.830+0530] {logging_mixin.py:137} INFO - 542
[2022-12-26T00:29:37.290+0530] {logging_mixin.py:137} INFO - 543
[2022-12-26T00:29:40.759+0530] {logging_mixin.py:137} INFO - 544
[2022-12-26T00:29:42.537+0530] {logging_mixin.py:137} INFO - 545
[2022-12-26T00:29:44.436+0530] {logging_mixin.py:137} INFO - 546
[2022-12-26T00:29:45.838+0530] {logging_mixin.py:137} INFO - 547
[2022-12-26T00:29:48.144+0530] {logging_mixin.py:137} INFO - 548
[2022-12-26T00:29:50.635+0530] {logging_mixin.py:137} INFO - 549
[2022-12-26T00:29:54.442+0530] {logging_mixin.py:137} INFO - 550
[2022-12-26T00:29:56.735+0530] {logging_mixin.py:137} INFO - 551
[2022-12-26T00:29:58.544+0530] {logging_mixin.py:137} INFO - 552
[2022-12-26T00:30:00.561+0530] {logging_mixin.py:137} INFO - 553
[2022-12-26T00:30:01.832+0530] {logging_mixin.py:137} INFO - 554
[2022-12-26T00:30:02.967+0530] {logging_mixin.py:137} INFO - 555
[2022-12-26T00:30:05.230+0530] {logging_mixin.py:137} INFO - 556
[2022-12-26T00:30:07.224+0530] {logging_mixin.py:137} INFO - 557
[2022-12-26T00:30:09.958+0530] {logging_mixin.py:137} INFO - 558
[2022-12-26T00:30:12.419+0530] {logging_mixin.py:137} INFO - 559
[2022-12-26T00:30:13.915+0530] {logging_mixin.py:137} INFO - 560
[2022-12-26T00:30:16.543+0530] {logging_mixin.py:137} INFO - 561
[2022-12-26T00:30:18.843+0530] {logging_mixin.py:137} INFO - 562
[2022-12-26T00:30:21.416+0530] {logging_mixin.py:137} INFO - 563
[2022-12-26T00:30:24.312+0530] {logging_mixin.py:137} INFO - 564
[2022-12-26T00:30:27.173+0530] {logging_mixin.py:137} INFO - 565
[2022-12-26T00:30:30.024+0530] {logging_mixin.py:137} INFO - 566
[2022-12-26T00:30:32.266+0530] {logging_mixin.py:137} INFO - 567
[2022-12-26T00:30:33.969+0530] {logging_mixin.py:137} INFO - 568
[2022-12-26T00:30:36.980+0530] {logging_mixin.py:137} INFO - 569
[2022-12-26T00:30:38.852+0530] {logging_mixin.py:137} INFO - 570
[2022-12-26T00:30:41.924+0530] {logging_mixin.py:137} INFO - 571
[2022-12-26T00:30:45.348+0530] {logging_mixin.py:137} INFO - 572
[2022-12-26T00:30:45.935+0530] {logging_mixin.py:137} INFO - 573
[2022-12-26T00:30:46.973+0530] {logging_mixin.py:137} INFO - 574
[2022-12-26T00:30:49.408+0530] {logging_mixin.py:137} INFO - 575
[2022-12-26T00:30:53.024+0530] {logging_mixin.py:137} INFO - 576
[2022-12-26T00:30:56.132+0530] {logging_mixin.py:137} INFO - 577
[2022-12-26T00:30:57.776+0530] {logging_mixin.py:137} INFO - 578
[2022-12-26T00:31:00.261+0530] {logging_mixin.py:137} INFO - 579
[2022-12-26T00:31:01.305+0530] {logging_mixin.py:137} INFO - 580
[2022-12-26T00:31:01.835+0530] {logging_mixin.py:137} INFO - 581
[2022-12-26T00:31:02.283+0530] {logging_mixin.py:137} INFO - 582
[2022-12-26T00:31:03.358+0530] {logging_mixin.py:137} INFO - 583
[2022-12-26T00:31:04.038+0530] {logging_mixin.py:137} INFO - 584
[2022-12-26T00:31:05.233+0530] {logging_mixin.py:137} INFO - 585
[2022-12-26T00:31:06.890+0530] {logging_mixin.py:137} INFO - 586
[2022-12-26T00:31:08.745+0530] {logging_mixin.py:137} INFO - 587
[2022-12-26T00:31:10.783+0530] {logging_mixin.py:137} INFO - 588
[2022-12-26T00:31:12.920+0530] {logging_mixin.py:137} INFO - 589
[2022-12-26T00:31:22.849+0530] {logging_mixin.py:137} INFO - 590
[2022-12-26T00:31:32.294+0530] {logging_mixin.py:137} INFO - 591
[2022-12-26T00:31:36.190+0530] {logging_mixin.py:137} INFO - 592
[2022-12-26T00:31:38.223+0530] {logging_mixin.py:137} INFO - 593
[2022-12-26T00:31:40.690+0530] {logging_mixin.py:137} INFO - 594
[2022-12-26T00:31:43.214+0530] {logging_mixin.py:137} INFO - 595
[2022-12-26T00:31:45.853+0530] {logging_mixin.py:137} INFO - 596
[2022-12-26T00:31:48.509+0530] {logging_mixin.py:137} INFO - 597
[2022-12-26T00:31:50.885+0530] {logging_mixin.py:137} INFO - 598
[2022-12-26T00:31:53.146+0530] {logging_mixin.py:137} INFO - 599
[2022-12-26T00:31:56.051+0530] {logging_mixin.py:137} INFO - 600
[2022-12-26T00:31:58.669+0530] {logging_mixin.py:137} INFO - 601
[2022-12-26T00:32:02.205+0530] {logging_mixin.py:137} INFO - 602
[2022-12-26T00:32:06.042+0530] {logging_mixin.py:137} INFO - 603
[2022-12-26T00:32:09.672+0530] {logging_mixin.py:137} INFO - 604
[2022-12-26T00:32:12.943+0530] {logging_mixin.py:137} INFO - 605
[2022-12-26T00:32:15.430+0530] {logging_mixin.py:137} INFO - 606
[2022-12-26T00:32:17.626+0530] {logging_mixin.py:137} INFO - 607
[2022-12-26T00:32:20.090+0530] {logging_mixin.py:137} INFO - 608
[2022-12-26T00:32:22.078+0530] {logging_mixin.py:137} INFO - 609
[2022-12-26T00:32:24.435+0530] {logging_mixin.py:137} INFO - 610
[2022-12-26T00:32:27.060+0530] {logging_mixin.py:137} INFO - 611
[2022-12-26T00:32:29.957+0530] {logging_mixin.py:137} INFO - 612
[2022-12-26T00:32:32.520+0530] {logging_mixin.py:137} INFO - 613
[2022-12-26T00:32:34.239+0530] {logging_mixin.py:137} INFO - 614
[2022-12-26T00:32:36.883+0530] {logging_mixin.py:137} INFO - 615
[2022-12-26T00:32:39.522+0530] {logging_mixin.py:137} INFO - 616
[2022-12-26T00:32:42.990+0530] {logging_mixin.py:137} INFO - 617
[2022-12-26T00:32:45.019+0530] {logging_mixin.py:137} INFO - 618
[2022-12-26T00:32:46.213+0530] {logging_mixin.py:137} INFO - 619
[2022-12-26T00:32:48.701+0530] {logging_mixin.py:137} INFO - 620
[2022-12-26T00:32:50.284+0530] {logging_mixin.py:137} INFO - 621
[2022-12-26T00:32:52.425+0530] {logging_mixin.py:137} INFO - 622
[2022-12-26T00:32:54.345+0530] {logging_mixin.py:137} INFO - 623
[2022-12-26T00:32:57.447+0530] {logging_mixin.py:137} INFO - 624
[2022-12-26T00:32:59.796+0530] {logging_mixin.py:137} INFO - 625
[2022-12-26T00:33:01.546+0530] {logging_mixin.py:137} INFO - 626
[2022-12-26T00:33:04.389+0530] {logging_mixin.py:137} INFO - 627
[2022-12-26T00:33:07.427+0530] {logging_mixin.py:137} INFO - 628
[2022-12-26T00:33:09.806+0530] {logging_mixin.py:137} INFO - 629
[2022-12-26T00:33:12.545+0530] {logging_mixin.py:137} INFO - 630
[2022-12-26T00:33:15.089+0530] {logging_mixin.py:137} INFO - 631
[2022-12-26T00:33:17.516+0530] {logging_mixin.py:137} INFO - 632
[2022-12-26T00:33:20.081+0530] {logging_mixin.py:137} INFO - 633
[2022-12-26T00:33:23.052+0530] {logging_mixin.py:137} INFO - 634
[2022-12-26T00:33:26.062+0530] {logging_mixin.py:137} INFO - 635
[2022-12-26T00:33:28.513+0530] {logging_mixin.py:137} INFO - 636
[2022-12-26T00:33:31.926+0530] {logging_mixin.py:137} INFO - 637
[2022-12-26T00:33:34.968+0530] {logging_mixin.py:137} INFO - 638
[2022-12-26T00:33:37.140+0530] {logging_mixin.py:137} INFO - 639
[2022-12-26T00:33:39.712+0530] {logging_mixin.py:137} INFO - 640
[2022-12-26T00:33:43.034+0530] {logging_mixin.py:137} INFO - 641
[2022-12-26T00:33:45.264+0530] {logging_mixin.py:137} INFO - 642
[2022-12-26T00:33:48.224+0530] {logging_mixin.py:137} INFO - 643
[2022-12-26T00:33:51.323+0530] {logging_mixin.py:137} INFO - 644
[2022-12-26T00:33:54.623+0530] {logging_mixin.py:137} INFO - 645
[2022-12-26T00:33:57.460+0530] {logging_mixin.py:137} INFO - 646
[2022-12-26T00:33:58.052+0530] {logging_mixin.py:137} INFO - 647
[2022-12-26T00:33:59.105+0530] {logging_mixin.py:137} INFO - 648
[2022-12-26T00:34:00.957+0530] {logging_mixin.py:137} INFO - 649
[2022-12-26T00:34:03.452+0530] {logging_mixin.py:137} INFO - 650
[2022-12-26T00:34:05.542+0530] {logging_mixin.py:137} INFO - 651
[2022-12-26T00:34:07.963+0530] {logging_mixin.py:137} INFO - 652
[2022-12-26T00:34:10.832+0530] {logging_mixin.py:137} INFO - 653
[2022-12-26T00:34:13.866+0530] {logging_mixin.py:137} INFO - 654
[2022-12-26T00:34:16.551+0530] {logging_mixin.py:137} INFO - 655
[2022-12-26T00:34:17.129+0530] {logging_mixin.py:137} INFO - 656
[2022-12-26T00:34:17.659+0530] {logging_mixin.py:137} INFO - 657
[2022-12-26T00:34:18.539+0530] {logging_mixin.py:137} INFO - 658
[2022-12-26T00:34:20.002+0530] {logging_mixin.py:137} INFO - 659
[2022-12-26T00:34:21.701+0530] {logging_mixin.py:137} INFO - 660
[2022-12-26T00:34:24.017+0530] {logging_mixin.py:137} INFO - 661
[2022-12-26T00:34:25.776+0530] {logging_mixin.py:137} INFO - 662
[2022-12-26T00:34:27.965+0530] {logging_mixin.py:137} INFO - 663
[2022-12-26T00:34:29.596+0530] {logging_mixin.py:137} INFO - 664
[2022-12-26T00:34:30.188+0530] {logging_mixin.py:137} INFO - 665
[2022-12-26T00:34:32.257+0530] {logging_mixin.py:137} INFO - 666
[2022-12-26T00:34:33.881+0530] {logging_mixin.py:137} INFO - 667
[2022-12-26T00:34:35.944+0530] {logging_mixin.py:137} INFO - 668
[2022-12-26T00:34:36.597+0530] {logging_mixin.py:137} INFO - 669
[2022-12-26T00:34:37.308+0530] {logging_mixin.py:137} INFO - 670
[2022-12-26T00:34:37.800+0530] {logging_mixin.py:137} INFO - 671
[2022-12-26T00:34:38.294+0530] {logging_mixin.py:137} INFO - 672
[2022-12-26T00:34:38.740+0530] {logging_mixin.py:137} INFO - 673
[2022-12-26T00:34:39.300+0530] {logging_mixin.py:137} INFO - 674
[2022-12-26T00:34:39.781+0530] {logging_mixin.py:137} INFO - 675
[2022-12-26T00:34:40.624+0530] {logging_mixin.py:137} INFO - 676
[2022-12-26T00:34:41.090+0530] {logging_mixin.py:137} INFO - 677
[2022-12-26T00:34:41.763+0530] {logging_mixin.py:137} INFO - 678
[2022-12-26T00:34:44.521+0530] {logging_mixin.py:137} INFO - 679
[2022-12-26T00:34:46.766+0530] {logging_mixin.py:137} INFO - 680
[2022-12-26T00:34:49.070+0530] {logging_mixin.py:137} INFO - 681
[2022-12-26T00:34:51.071+0530] {logging_mixin.py:137} INFO - 682
[2022-12-26T00:34:53.685+0530] {logging_mixin.py:137} INFO - 683
[2022-12-26T00:34:56.439+0530] {logging_mixin.py:137} INFO - 684
[2022-12-26T00:34:58.600+0530] {logging_mixin.py:137} INFO - 685
[2022-12-26T00:35:01.323+0530] {logging_mixin.py:137} INFO - 686
[2022-12-26T00:35:03.761+0530] {logging_mixin.py:137} INFO - 687
[2022-12-26T00:35:07.601+0530] {logging_mixin.py:137} INFO - 688
[2022-12-26T00:35:11.013+0530] {logging_mixin.py:137} INFO - 689
[2022-12-26T00:35:14.499+0530] {logging_mixin.py:137} INFO - 690
[2022-12-26T00:35:16.869+0530] {logging_mixin.py:137} INFO - 691
[2022-12-26T00:35:20.031+0530] {logging_mixin.py:137} INFO - 692
[2022-12-26T00:35:21.807+0530] {logging_mixin.py:137} INFO - 693
[2022-12-26T00:35:22.616+0530] {logging_mixin.py:137} INFO - 694
[2022-12-26T00:35:23.744+0530] {logging_mixin.py:137} INFO - 695
[2022-12-26T00:35:24.184+0530] {logging_mixin.py:137} INFO - 696
[2022-12-26T00:35:24.689+0530] {logging_mixin.py:137} INFO - 697
[2022-12-26T00:35:25.034+0530] {logging_mixin.py:137} INFO - 698
[2022-12-26T00:35:25.505+0530] {logging_mixin.py:137} INFO - 699
[2022-12-26T00:35:25.930+0530] {logging_mixin.py:137} INFO - 700
[2022-12-26T00:35:26.307+0530] {logging_mixin.py:137} INFO - 701
[2022-12-26T00:35:26.718+0530] {logging_mixin.py:137} INFO - 702
[2022-12-26T00:35:27.530+0530] {logging_mixin.py:137} INFO - 703
[2022-12-26T00:35:28.231+0530] {logging_mixin.py:137} INFO - 704
[2022-12-26T00:35:28.774+0530] {logging_mixin.py:137} INFO - 705
[2022-12-26T00:35:29.443+0530] {logging_mixin.py:137} INFO - 706
[2022-12-26T00:35:30.116+0530] {logging_mixin.py:137} INFO - 707
[2022-12-26T00:35:30.649+0530] {logging_mixin.py:137} INFO - 708
[2022-12-26T00:35:31.502+0530] {logging_mixin.py:137} INFO - 709
[2022-12-26T00:35:32.508+0530] {logging_mixin.py:137} INFO - 710
[2022-12-26T00:35:35.456+0530] {logging_mixin.py:137} INFO - 711
[2022-12-26T00:35:38.974+0530] {logging_mixin.py:137} INFO - 712
[2022-12-26T00:35:41.480+0530] {logging_mixin.py:137} INFO - 713
[2022-12-26T00:35:44.242+0530] {logging_mixin.py:137} INFO - 714
[2022-12-26T00:35:47.228+0530] {logging_mixin.py:137} INFO - 715
[2022-12-26T00:35:49.708+0530] {logging_mixin.py:137} INFO - 716
[2022-12-26T00:35:52.420+0530] {logging_mixin.py:137} INFO - 717
[2022-12-26T00:35:54.906+0530] {logging_mixin.py:137} INFO - 718
[2022-12-26T00:35:58.738+0530] {logging_mixin.py:137} INFO - 719
[2022-12-26T00:36:01.289+0530] {logging_mixin.py:137} INFO - 720
[2022-12-26T00:36:03.400+0530] {logging_mixin.py:137} INFO - 721
[2022-12-26T00:36:05.474+0530] {logging_mixin.py:137} INFO - 722
[2022-12-26T00:36:07.707+0530] {logging_mixin.py:137} INFO - 723
[2022-12-26T00:36:10.599+0530] {logging_mixin.py:137} INFO - 724
[2022-12-26T00:36:13.112+0530] {logging_mixin.py:137} INFO - 725
[2022-12-26T00:36:15.600+0530] {logging_mixin.py:137} INFO - 726
[2022-12-26T00:36:18.316+0530] {logging_mixin.py:137} INFO - 727
[2022-12-26T00:36:20.800+0530] {logging_mixin.py:137} INFO - 728
[2022-12-26T00:36:23.331+0530] {logging_mixin.py:137} INFO - 729
[2022-12-26T00:36:25.634+0530] {logging_mixin.py:137} INFO - 730
[2022-12-26T00:36:28.675+0530] {logging_mixin.py:137} INFO - 731
[2022-12-26T00:36:30.786+0530] {logging_mixin.py:137} INFO - 732
[2022-12-26T00:36:33.557+0530] {logging_mixin.py:137} INFO - 733
[2022-12-26T00:36:35.806+0530] {logging_mixin.py:137} INFO - 734
[2022-12-26T00:36:39.074+0530] {logging_mixin.py:137} INFO - 735
[2022-12-26T00:36:41.650+0530] {logging_mixin.py:137} INFO - 736
[2022-12-26T00:36:43.944+0530] {logging_mixin.py:137} INFO - 737
[2022-12-26T00:36:47.489+0530] {logging_mixin.py:137} INFO - 738
[2022-12-26T00:36:50.019+0530] {logging_mixin.py:137} INFO - 739
[2022-12-26T00:36:52.339+0530] {logging_mixin.py:137} INFO - 740
[2022-12-26T00:36:54.380+0530] {logging_mixin.py:137} INFO - 741
[2022-12-26T00:36:56.792+0530] {logging_mixin.py:137} INFO - 742
[2022-12-26T00:36:58.790+0530] {logging_mixin.py:137} INFO - 743
[2022-12-26T00:37:01.358+0530] {logging_mixin.py:137} INFO - 744
[2022-12-26T00:37:04.502+0530] {logging_mixin.py:137} INFO - 745
[2022-12-26T00:37:06.362+0530] {logging_mixin.py:137} INFO - 746
[2022-12-26T00:37:09.449+0530] {logging_mixin.py:137} INFO - 747
[2022-12-26T00:37:12.608+0530] {logging_mixin.py:137} INFO - 748
[2022-12-26T00:37:14.205+0530] {logging_mixin.py:137} INFO - 749
[2022-12-26T00:37:16.819+0530] {logging_mixin.py:137} INFO - 750
[2022-12-26T00:37:19.165+0530] {logging_mixin.py:137} INFO - 751
[2022-12-26T00:37:21.395+0530] {logging_mixin.py:137} INFO - 752
[2022-12-26T00:37:23.632+0530] {logging_mixin.py:137} INFO - 753
[2022-12-26T00:37:25.963+0530] {logging_mixin.py:137} INFO - 754
[2022-12-26T00:37:28.424+0530] {logging_mixin.py:137} INFO - 755
[2022-12-26T00:37:30.900+0530] {logging_mixin.py:137} INFO - 756
[2022-12-26T00:37:33.717+0530] {logging_mixin.py:137} INFO - 757
[2022-12-26T00:37:36.601+0530] {logging_mixin.py:137} INFO - 758
[2022-12-26T00:37:40.053+0530] {logging_mixin.py:137} INFO - 759
[2022-12-26T00:37:43.697+0530] {logging_mixin.py:137} INFO - 760
[2022-12-26T00:37:50.024+0530] {logging_mixin.py:137} INFO - 761
[2022-12-26T00:37:52.027+0530] {logging_mixin.py:137} INFO - 762
[2022-12-26T00:37:54.359+0530] {logging_mixin.py:137} INFO - 763
[2022-12-26T00:37:56.264+0530] {logging_mixin.py:137} INFO - 764
[2022-12-26T00:37:58.318+0530] {logging_mixin.py:137} INFO - 765
[2022-12-26T00:38:08.818+0530] {logging_mixin.py:137} INFO - 766
[2022-12-26T00:38:17.548+0530] {logging_mixin.py:137} INFO - 767
[2022-12-26T00:38:21.390+0530] {logging_mixin.py:137} INFO - 768
[2022-12-26T00:38:30.725+0530] {logging_mixin.py:137} INFO - 769
[2022-12-26T00:38:37.833+0530] {logging_mixin.py:137} INFO - 770
[2022-12-26T00:38:42.548+0530] {logging_mixin.py:137} INFO - 771
[2022-12-26T00:38:48.892+0530] {logging_mixin.py:137} INFO - 772
[2022-12-26T00:38:56.175+0530] {logging_mixin.py:137} INFO - 773
[2022-12-26T00:38:58.021+0530] {logging_mixin.py:137} INFO - 774
[2022-12-26T00:39:10.026+0530] {logging_mixin.py:137} INFO - 775
[2022-12-26T00:39:12.450+0530] {logging_mixin.py:137} INFO - 776
[2022-12-26T00:39:15.132+0530] {logging_mixin.py:137} INFO - 777
[2022-12-26T00:39:18.104+0530] {logging_mixin.py:137} INFO - 778
[2022-12-26T00:44:48.795+0530] {logging_mixin.py:137} INFO - 779
[2022-12-26T12:14:35.871+0530] {local_task_job.py:223} WARNING - State of this instance has been externally set to failed. Terminating instance.
[2022-12-26T12:14:36.066+0530] {process_utils.py:129} INFO - Sending Signals.SIGTERM to group 27545. PIDs of all processes in the group: [27545]
[2022-12-26T12:14:36.073+0530] {process_utils.py:84} INFO - Sending the signal Signals.SIGTERM to group 27545
[2022-12-26T12:14:36.159+0530] {taskinstance.py:1483} ERROR - Received SIGTERM. Terminating subprocesses.
[2022-12-26T12:14:36.640+0530] {taskinstance.py:1772} ERROR - Task failed with exception
Traceback (most recent call last):
  File "/usr/local/lib/python3.8/dist-packages/airflow/operators/python.py", line 175, in execute
    return_value = self.execute_callable()
  File "/usr/local/lib/python3.8/dist-packages/airflow/operators/python.py", line 192, in execute_callable
    return self.python_callable(*self.op_args, **self.op_kwargs)
  File "/root/airflow/dags/Money_Market.py", line 175, in extract_mm
    RBI_MM_date,RBI_MM = scrape_RBI_MM(i)
TypeError: cannot unpack non-iterable int object
[2022-12-26T12:14:37.410+0530] {taskinstance.py:1322} INFO - Marking task as UP_FOR_RETRY. dag_id=Money__Market, task_id=extract_data, execution_date=20221224T120000, start_date=20221225T184841, end_date=20221226T064437
[2022-12-26T12:14:37.787+0530] {standard_task_runner.py:100} ERROR - Failed to execute job 729 for task extract_data (cannot unpack non-iterable int object; 27545)
[2022-12-26T12:14:37.871+0530] {process_utils.py:79} INFO - Process psutil.Process(pid=27545, status='terminated', exitcode=1, started='00:18:41') (27545) terminated with exit code 1
