[2022-12-26T12:17:51.508+0530] {taskinstance.py:1087} INFO - Dependencies all met for <TaskInstance: Money__Market.extract_data scheduled__2022-12-24T12:00:00+00:00 [queued]>
[2022-12-26T12:17:51.523+0530] {taskinstance.py:1087} INFO - Dependencies all met for <TaskInstance: Money__Market.extract_data scheduled__2022-12-24T12:00:00+00:00 [queued]>
[2022-12-26T12:17:51.523+0530] {taskinstance.py:1283} INFO - 
--------------------------------------------------------------------------------
[2022-12-26T12:17:51.523+0530] {taskinstance.py:1284} INFO - Starting attempt 2 of 4
[2022-12-26T12:17:51.524+0530] {taskinstance.py:1285} INFO - 
--------------------------------------------------------------------------------
[2022-12-26T12:17:51.541+0530] {taskinstance.py:1304} INFO - Executing <Task(PythonOperator): extract_data> on 2022-12-24 12:00:00+00:00
[2022-12-26T12:17:51.548+0530] {standard_task_runner.py:55} INFO - Started process 28137 to run task
[2022-12-26T12:17:51.551+0530] {standard_task_runner.py:82} INFO - Running: ['airflow', 'tasks', 'run', 'Money__Market', 'extract_data', 'scheduled__2022-12-24T12:00:00+00:00', '--job-id', '754', '--raw', '--subdir', 'DAGS_FOLDER/Money_Market.py', '--cfg-path', '/tmp/tmpctd5g129']
[2022-12-26T12:17:51.552+0530] {standard_task_runner.py:83} INFO - Job 754: Subtask extract_data
[2022-12-26T12:17:51.606+0530] {task_command.py:389} INFO - Running <TaskInstance: Money__Market.extract_data scheduled__2022-12-24T12:00:00+00:00 [running]> on host DESKTOP-SQIOQPD.
[2022-12-26T12:17:51.665+0530] {taskinstance.py:1511} INFO - Exporting the following env vars:
AIRFLOW_CTX_DAG_EMAIL=nikheleshbhattacharyya@gmail.com
AIRFLOW_CTX_DAG_OWNER=airflow
AIRFLOW_CTX_DAG_ID=Money__Market
AIRFLOW_CTX_TASK_ID=extract_data
AIRFLOW_CTX_EXECUTION_DATE=2022-12-24T12:00:00+00:00
AIRFLOW_CTX_TRY_NUMBER=2
AIRFLOW_CTX_DAG_RUN_ID=scheduled__2022-12-24T12:00:00+00:00
[2022-12-26T12:17:52.680+0530] {logging_mixin.py:137} INFO - 1
[2022-12-26T12:17:53.107+0530] {logging_mixin.py:137} INFO - 2
[2022-12-26T12:17:53.430+0530] {logging_mixin.py:137} INFO - 3
[2022-12-26T12:17:53.777+0530] {logging_mixin.py:137} INFO - 4
[2022-12-26T12:17:54.156+0530] {logging_mixin.py:137} INFO - 5
[2022-12-26T12:17:54.519+0530] {logging_mixin.py:137} INFO - 6
[2022-12-26T12:17:54.863+0530] {logging_mixin.py:137} INFO - 7
[2022-12-26T12:17:55.253+0530] {logging_mixin.py:137} INFO - 8
[2022-12-26T12:17:55.652+0530] {logging_mixin.py:137} INFO - 9
[2022-12-26T12:17:55.983+0530] {logging_mixin.py:137} INFO - 10
[2022-12-26T12:17:56.321+0530] {logging_mixin.py:137} INFO - 11
[2022-12-26T12:17:56.796+0530] {logging_mixin.py:137} INFO - 12
[2022-12-26T12:17:57.170+0530] {logging_mixin.py:137} INFO - 13
[2022-12-26T12:17:57.542+0530] {logging_mixin.py:137} INFO - 14
[2022-12-26T12:17:57.802+0530] {logging_mixin.py:137} INFO - 15
[2022-12-26T12:17:58.105+0530] {logging_mixin.py:137} INFO - 16
[2022-12-26T12:17:58.495+0530] {logging_mixin.py:137} INFO - 17
[2022-12-26T12:17:59.379+0530] {logging_mixin.py:137} INFO - 18
[2022-12-26T12:17:59.909+0530] {logging_mixin.py:137} INFO - 19
[2022-12-26T12:18:00.517+0530] {logging_mixin.py:137} INFO - 20
[2022-12-26T12:18:00.986+0530] {logging_mixin.py:137} INFO - 21
[2022-12-26T12:18:01.748+0530] {logging_mixin.py:137} INFO - 22
[2022-12-26T12:18:02.025+0530] {logging_mixin.py:137} INFO - 23
[2022-12-26T12:18:02.303+0530] {logging_mixin.py:137} INFO - 24
[2022-12-26T12:18:02.604+0530] {logging_mixin.py:137} INFO - 25
[2022-12-26T12:18:02.891+0530] {logging_mixin.py:137} INFO - 26
[2022-12-26T12:18:03.153+0530] {logging_mixin.py:137} INFO - 27
[2022-12-26T12:18:03.391+0530] {logging_mixin.py:137} INFO - 28
[2022-12-26T12:18:03.673+0530] {logging_mixin.py:137} INFO - 29
[2022-12-26T12:18:03.942+0530] {logging_mixin.py:137} INFO - 30
[2022-12-26T12:18:04.207+0530] {logging_mixin.py:137} INFO - 31
[2022-12-26T12:18:04.621+0530] {logging_mixin.py:137} INFO - 32
[2022-12-26T12:18:04.899+0530] {logging_mixin.py:137} INFO - 33
[2022-12-26T12:18:05.149+0530] {logging_mixin.py:137} INFO - 34
[2022-12-26T12:18:05.510+0530] {logging_mixin.py:137} INFO - 35
[2022-12-26T12:18:05.872+0530] {logging_mixin.py:137} INFO - 36
[2022-12-26T12:18:06.143+0530] {logging_mixin.py:137} INFO - 37
[2022-12-26T12:18:06.434+0530] {logging_mixin.py:137} INFO - 38
[2022-12-26T12:18:06.729+0530] {logging_mixin.py:137} INFO - 39
[2022-12-26T12:18:07.047+0530] {logging_mixin.py:137} INFO - 40
[2022-12-26T12:18:07.331+0530] {logging_mixin.py:137} INFO - 41
[2022-12-26T12:18:07.613+0530] {logging_mixin.py:137} INFO - 42
[2022-12-26T12:18:08.087+0530] {logging_mixin.py:137} INFO - 43
[2022-12-26T12:18:08.405+0530] {logging_mixin.py:137} INFO - 44
[2022-12-26T12:18:08.694+0530] {logging_mixin.py:137} INFO - 45
[2022-12-26T12:18:08.985+0530] {logging_mixin.py:137} INFO - 46
[2022-12-26T12:18:09.295+0530] {logging_mixin.py:137} INFO - 47
[2022-12-26T12:18:09.583+0530] {logging_mixin.py:137} INFO - 48
[2022-12-26T12:18:09.866+0530] {logging_mixin.py:137} INFO - 49
[2022-12-26T12:18:10.202+0530] {logging_mixin.py:137} INFO - 50
[2022-12-26T12:18:10.504+0530] {logging_mixin.py:137} INFO - 51
[2022-12-26T12:18:10.798+0530] {logging_mixin.py:137} INFO - 52
[2022-12-26T12:18:11.075+0530] {logging_mixin.py:137} INFO - 53
[2022-12-26T12:18:11.549+0530] {logging_mixin.py:137} INFO - 54
[2022-12-26T12:18:11.831+0530] {logging_mixin.py:137} INFO - 55
[2022-12-26T12:18:12.137+0530] {logging_mixin.py:137} INFO - 56
[2022-12-26T12:18:12.381+0530] {logging_mixin.py:137} INFO - 57
[2022-12-26T12:18:12.644+0530] {logging_mixin.py:137} INFO - 58
[2022-12-26T12:18:12.931+0530] {logging_mixin.py:137} INFO - 59
[2022-12-26T12:18:13.209+0530] {logging_mixin.py:137} INFO - 60
[2022-12-26T12:18:13.481+0530] {logging_mixin.py:137} INFO - 61
[2022-12-26T12:18:13.742+0530] {logging_mixin.py:137} INFO - 62
[2022-12-26T12:18:14.014+0530] {logging_mixin.py:137} INFO - 63
[2022-12-26T12:18:14.415+0530] {logging_mixin.py:137} INFO - 64
[2022-12-26T12:18:14.649+0530] {logging_mixin.py:137} INFO - 65
[2022-12-26T12:18:14.920+0530] {logging_mixin.py:137} INFO - 66
[2022-12-26T12:18:15.211+0530] {logging_mixin.py:137} INFO - 67
[2022-12-26T12:18:15.568+0530] {logging_mixin.py:137} INFO - 68
[2022-12-26T12:18:15.896+0530] {logging_mixin.py:137} INFO - 69
[2022-12-26T12:18:16.149+0530] {logging_mixin.py:137} INFO - 70
[2022-12-26T12:18:16.391+0530] {logging_mixin.py:137} INFO - 71
[2022-12-26T12:18:16.635+0530] {logging_mixin.py:137} INFO - 72
[2022-12-26T12:18:16.943+0530] {logging_mixin.py:137} INFO - 73
[2022-12-26T12:18:17.435+0530] {logging_mixin.py:137} INFO - 74
[2022-12-26T12:18:17.727+0530] {logging_mixin.py:137} INFO - 75
[2022-12-26T12:18:17.978+0530] {logging_mixin.py:137} INFO - 76
[2022-12-26T12:18:18.252+0530] {logging_mixin.py:137} INFO - 77
[2022-12-26T12:18:18.520+0530] {logging_mixin.py:137} INFO - 78
[2022-12-26T12:18:19.807+0530] {logging_mixin.py:137} INFO - 79
[2022-12-26T12:18:20.103+0530] {logging_mixin.py:137} INFO - 80
[2022-12-26T12:18:20.418+0530] {logging_mixin.py:137} INFO - 81
[2022-12-26T12:18:20.700+0530] {logging_mixin.py:137} INFO - 82
[2022-12-26T12:18:20.966+0530] {logging_mixin.py:137} INFO - 83
[2022-12-26T12:18:21.252+0530] {logging_mixin.py:137} INFO - 84
[2022-12-26T12:18:21.683+0530] {logging_mixin.py:137} INFO - 85
[2022-12-26T12:18:21.969+0530] {logging_mixin.py:137} INFO - 86
[2022-12-26T12:18:22.372+0530] {logging_mixin.py:137} INFO - 87
[2022-12-26T12:18:22.655+0530] {logging_mixin.py:137} INFO - 88
[2022-12-26T12:18:22.923+0530] {logging_mixin.py:137} INFO - 89
[2022-12-26T12:18:23.185+0530] {logging_mixin.py:137} INFO - 90
[2022-12-26T12:18:23.539+0530] {logging_mixin.py:137} INFO - 91
[2022-12-26T12:18:23.799+0530] {logging_mixin.py:137} INFO - 92
[2022-12-26T12:18:24.176+0530] {logging_mixin.py:137} INFO - 93
[2022-12-26T12:18:24.429+0530] {logging_mixin.py:137} INFO - 94
[2022-12-26T12:18:24.898+0530] {logging_mixin.py:137} INFO - 95
[2022-12-26T12:18:25.268+0530] {logging_mixin.py:137} INFO - 96
[2022-12-26T12:18:25.599+0530] {logging_mixin.py:137} INFO - 97
[2022-12-26T12:18:25.927+0530] {logging_mixin.py:137} INFO - 98
[2022-12-26T12:18:26.212+0530] {logging_mixin.py:137} INFO - 99
[2022-12-26T12:18:26.449+0530] {logging_mixin.py:137} INFO - 100
[2022-12-26T12:18:26.677+0530] {logging_mixin.py:137} INFO - 101
[2022-12-26T12:18:27.011+0530] {logging_mixin.py:137} INFO - 102
[2022-12-26T12:18:27.302+0530] {logging_mixin.py:137} INFO - 103
[2022-12-26T12:18:27.623+0530] {logging_mixin.py:137} INFO - 104
[2022-12-26T12:18:27.983+0530] {logging_mixin.py:137} INFO - 105
[2022-12-26T12:18:28.593+0530] {logging_mixin.py:137} INFO - 106
[2022-12-26T12:18:28.885+0530] {logging_mixin.py:137} INFO - 107
[2022-12-26T12:18:29.175+0530] {logging_mixin.py:137} INFO - 108
[2022-12-26T12:18:29.446+0530] {logging_mixin.py:137} INFO - 109
[2022-12-26T12:18:29.706+0530] {logging_mixin.py:137} INFO - 110
[2022-12-26T12:18:29.998+0530] {logging_mixin.py:137} INFO - 111
[2022-12-26T12:18:30.289+0530] {logging_mixin.py:137} INFO - 112
[2022-12-26T12:18:30.585+0530] {logging_mixin.py:137} INFO - 113
[2022-12-26T12:18:30.917+0530] {logging_mixin.py:137} INFO - 114
[2022-12-26T12:18:31.183+0530] {logging_mixin.py:137} INFO - 115
[2022-12-26T12:18:31.451+0530] {logging_mixin.py:137} INFO - 116
[2022-12-26T12:18:31.884+0530] {logging_mixin.py:137} INFO - 117
[2022-12-26T12:18:32.174+0530] {logging_mixin.py:137} INFO - 118
[2022-12-26T12:18:32.425+0530] {logging_mixin.py:137} INFO - 119
[2022-12-26T12:18:32.687+0530] {logging_mixin.py:137} INFO - 120
[2022-12-26T12:18:32.929+0530] {logging_mixin.py:137} INFO - 121
[2022-12-26T12:18:33.221+0530] {logging_mixin.py:137} INFO - 122
[2022-12-26T12:18:33.500+0530] {logging_mixin.py:137} INFO - 123
[2022-12-26T12:18:33.739+0530] {logging_mixin.py:137} INFO - 124
[2022-12-26T12:18:34.018+0530] {logging_mixin.py:137} INFO - 125
[2022-12-26T12:18:34.277+0530] {logging_mixin.py:137} INFO - 126
[2022-12-26T12:18:34.530+0530] {logging_mixin.py:137} INFO - 127
[2022-12-26T12:18:34.972+0530] {logging_mixin.py:137} INFO - 128
[2022-12-26T12:18:35.288+0530] {logging_mixin.py:137} INFO - 129
[2022-12-26T12:18:35.798+0530] {logging_mixin.py:137} INFO - 130
[2022-12-26T12:18:36.211+0530] {logging_mixin.py:137} INFO - 131
[2022-12-26T12:18:36.636+0530] {logging_mixin.py:137} INFO - 132
[2022-12-26T12:18:37.056+0530] {logging_mixin.py:137} INFO - 133
[2022-12-26T12:18:37.459+0530] {logging_mixin.py:137} INFO - 134
[2022-12-26T12:18:37.841+0530] {logging_mixin.py:137} INFO - 135
[2022-12-26T12:18:38.129+0530] {logging_mixin.py:137} INFO - 136
[2022-12-26T12:18:38.588+0530] {logging_mixin.py:137} INFO - 137
[2022-12-26T12:18:39.021+0530] {logging_mixin.py:137} INFO - 138
[2022-12-26T12:18:40.259+0530] {logging_mixin.py:137} INFO - 139
[2022-12-26T12:18:40.709+0530] {logging_mixin.py:137} INFO - 140
[2022-12-26T12:18:41.170+0530] {logging_mixin.py:137} INFO - 141
[2022-12-26T12:18:41.545+0530] {logging_mixin.py:137} INFO - 142
[2022-12-26T12:18:41.987+0530] {logging_mixin.py:137} INFO - 143
[2022-12-26T12:18:42.474+0530] {logging_mixin.py:137} INFO - 144
[2022-12-26T12:18:42.897+0530] {logging_mixin.py:137} INFO - 145
[2022-12-26T12:18:43.362+0530] {logging_mixin.py:137} INFO - 146
[2022-12-26T12:18:43.781+0530] {logging_mixin.py:137} INFO - 147
[2022-12-26T12:18:44.221+0530] {logging_mixin.py:137} INFO - 148
[2022-12-26T12:18:44.544+0530] {logging_mixin.py:137} INFO - 149
[2022-12-26T12:18:45.259+0530] {logging_mixin.py:137} INFO - 150
[2022-12-26T12:18:45.670+0530] {logging_mixin.py:137} INFO - 151
[2022-12-26T12:18:46.022+0530] {logging_mixin.py:137} INFO - 152
[2022-12-26T12:18:46.391+0530] {logging_mixin.py:137} INFO - 153
[2022-12-26T12:18:46.679+0530] {logging_mixin.py:137} INFO - 154
[2022-12-26T12:18:46.961+0530] {logging_mixin.py:137} INFO - 155
[2022-12-26T12:18:47.184+0530] {logging_mixin.py:137} INFO - 156
[2022-12-26T12:18:47.485+0530] {logging_mixin.py:137} INFO - 157
[2022-12-26T12:18:47.787+0530] {logging_mixin.py:137} INFO - 158
[2022-12-26T12:18:48.084+0530] {logging_mixin.py:137} INFO - 159
[2022-12-26T12:18:48.350+0530] {logging_mixin.py:137} INFO - 160
[2022-12-26T12:18:48.970+0530] {logging_mixin.py:137} INFO - 161
[2022-12-26T12:18:49.255+0530] {logging_mixin.py:137} INFO - 162
[2022-12-26T12:18:49.538+0530] {logging_mixin.py:137} INFO - 163
[2022-12-26T12:18:49.787+0530] {logging_mixin.py:137} INFO - 164
[2022-12-26T12:18:50.092+0530] {logging_mixin.py:137} INFO - 165
[2022-12-26T12:18:50.690+0530] {logging_mixin.py:137} INFO - 166
[2022-12-26T12:18:51.017+0530] {logging_mixin.py:137} INFO - 167
[2022-12-26T12:18:51.282+0530] {logging_mixin.py:137} INFO - 168
[2022-12-26T12:18:51.643+0530] {logging_mixin.py:137} INFO - 169
[2022-12-26T12:18:51.982+0530] {logging_mixin.py:137} INFO - 170
[2022-12-26T12:18:52.387+0530] {logging_mixin.py:137} INFO - 171
[2022-12-26T12:18:52.865+0530] {logging_mixin.py:137} INFO - 172
[2022-12-26T12:18:53.131+0530] {logging_mixin.py:137} INFO - 173
[2022-12-26T12:18:53.425+0530] {logging_mixin.py:137} INFO - 174
[2022-12-26T12:18:53.681+0530] {logging_mixin.py:137} INFO - 175
[2022-12-26T12:18:53.935+0530] {logging_mixin.py:137} INFO - 176
[2022-12-26T12:18:54.234+0530] {logging_mixin.py:137} INFO - 177
[2022-12-26T12:18:54.493+0530] {logging_mixin.py:137} INFO - 178
[2022-12-26T12:18:54.877+0530] {logging_mixin.py:137} INFO - 179
[2022-12-26T12:18:55.323+0530] {logging_mixin.py:137} INFO - 180
[2022-12-26T12:18:55.657+0530] {logging_mixin.py:137} INFO - 181
[2022-12-26T12:18:56.100+0530] {logging_mixin.py:137} INFO - 182
[2022-12-26T12:18:56.847+0530] {logging_mixin.py:137} INFO - 183
[2022-12-26T12:18:57.112+0530] {logging_mixin.py:137} INFO - 184
[2022-12-26T12:18:57.557+0530] {logging_mixin.py:137} INFO - 185
[2022-12-26T12:18:57.793+0530] {logging_mixin.py:137} INFO - 186
[2022-12-26T12:18:58.062+0530] {logging_mixin.py:137} INFO - 187
[2022-12-26T12:18:58.365+0530] {logging_mixin.py:137} INFO - 188
[2022-12-26T12:18:58.661+0530] {logging_mixin.py:137} INFO - 189
[2022-12-26T12:18:58.983+0530] {logging_mixin.py:137} INFO - 190
[2022-12-26T12:18:59.426+0530] {logging_mixin.py:137} INFO - 191
[2022-12-26T12:18:59.786+0530] {logging_mixin.py:137} INFO - 192
[2022-12-26T12:19:01.147+0530] {logging_mixin.py:137} INFO - 193
[2022-12-26T12:19:01.638+0530] {logging_mixin.py:137} INFO - 194
[2022-12-26T12:19:01.943+0530] {logging_mixin.py:137} INFO - 195
[2022-12-26T12:19:02.267+0530] {logging_mixin.py:137} INFO - 196
[2022-12-26T12:19:02.574+0530] {logging_mixin.py:137} INFO - 197
[2022-12-26T12:19:02.865+0530] {logging_mixin.py:137} INFO - 198
[2022-12-26T12:19:03.122+0530] {logging_mixin.py:137} INFO - 199
[2022-12-26T12:19:03.391+0530] {logging_mixin.py:137} INFO - 200
[2022-12-26T12:19:03.624+0530] {logging_mixin.py:137} INFO - 201
[2022-12-26T12:19:03.869+0530] {logging_mixin.py:137} INFO - 202
[2022-12-26T12:19:04.110+0530] {logging_mixin.py:137} INFO - 203
[2022-12-26T12:19:04.376+0530] {logging_mixin.py:137} INFO - 204
[2022-12-26T12:19:05.019+0530] {logging_mixin.py:137} INFO - 205
[2022-12-26T12:19:05.387+0530] {logging_mixin.py:137} INFO - 206
[2022-12-26T12:19:05.837+0530] {logging_mixin.py:137} INFO - 207
[2022-12-26T12:19:06.235+0530] {logging_mixin.py:137} INFO - 208
[2022-12-26T12:19:06.599+0530] {logging_mixin.py:137} INFO - 209
[2022-12-26T12:19:06.956+0530] {logging_mixin.py:137} INFO - 210
[2022-12-26T12:19:07.234+0530] {logging_mixin.py:137} INFO - 211
[2022-12-26T12:19:07.422+0530] {local_task_job.py:223} WARNING - State of this instance has been externally set to failed. Terminating instance.
[2022-12-26T12:19:07.452+0530] {process_utils.py:129} INFO - Sending Signals.SIGTERM to group 28137. PIDs of all processes in the group: [28137]
[2022-12-26T12:19:07.453+0530] {process_utils.py:84} INFO - Sending the signal Signals.SIGTERM to group 28137
[2022-12-26T12:19:07.454+0530] {taskinstance.py:1483} ERROR - Received SIGTERM. Terminating subprocesses.
[2022-12-26T12:19:07.457+0530] {logging_mixin.py:137} INFO - 212
[2022-12-26T12:19:07.757+0530] {logging_mixin.py:137} INFO - 213
[2022-12-26T12:19:08.079+0530] {logging_mixin.py:137} INFO - 214
[2022-12-26T12:19:08.411+0530] {logging_mixin.py:137} INFO - 215
[2022-12-26T12:19:09.042+0530] {logging_mixin.py:137} INFO - 216
[2022-12-26T12:19:09.338+0530] {logging_mixin.py:137} INFO - 217
[2022-12-26T12:19:09.708+0530] {logging_mixin.py:137} INFO - 218
[2022-12-26T12:19:10.035+0530] {logging_mixin.py:137} INFO - 219
[2022-12-26T12:19:10.327+0530] {logging_mixin.py:137} INFO - 220
[2022-12-26T12:19:11.666+0530] {logging_mixin.py:137} INFO - 221
[2022-12-26T12:19:11.989+0530] {logging_mixin.py:137} INFO - 222
[2022-12-26T12:19:12.314+0530] {logging_mixin.py:137} INFO - 223
[2022-12-26T12:19:12.590+0530] {logging_mixin.py:137} INFO - 224
[2022-12-26T12:19:13.038+0530] {logging_mixin.py:137} INFO - 225
[2022-12-26T12:19:13.290+0530] {logging_mixin.py:137} INFO - 226
[2022-12-26T12:19:13.704+0530] {logging_mixin.py:137} INFO - 227
[2022-12-26T12:19:13.949+0530] {logging_mixin.py:137} INFO - 228
[2022-12-26T12:19:14.319+0530] {logging_mixin.py:137} INFO - 229
[2022-12-26T12:19:15.307+0530] {logging_mixin.py:137} INFO - 230
[2022-12-26T12:19:15.614+0530] {logging_mixin.py:137} INFO - 231
[2022-12-26T12:19:15.906+0530] {logging_mixin.py:137} INFO - 232
[2022-12-26T12:19:16.242+0530] {logging_mixin.py:137} INFO - 233
[2022-12-26T12:19:16.578+0530] {logging_mixin.py:137} INFO - 234
[2022-12-26T12:19:16.907+0530] {logging_mixin.py:137} INFO - 235
[2022-12-26T12:19:17.236+0530] {logging_mixin.py:137} INFO - 236
[2022-12-26T12:19:17.507+0530] {logging_mixin.py:137} INFO - 237
[2022-12-26T12:19:17.991+0530] {logging_mixin.py:137} INFO - 238
[2022-12-26T12:19:18.258+0530] {logging_mixin.py:137} INFO - 239
[2022-12-26T12:19:18.608+0530] {logging_mixin.py:137} INFO - 240
[2022-12-26T12:19:18.882+0530] {logging_mixin.py:137} INFO - 241
[2022-12-26T12:19:19.215+0530] {logging_mixin.py:137} INFO - 242
[2022-12-26T12:19:19.556+0530] {logging_mixin.py:137} INFO - 243
[2022-12-26T12:19:19.833+0530] {logging_mixin.py:137} INFO - 244
[2022-12-26T12:19:20.122+0530] {logging_mixin.py:137} INFO - 245
[2022-12-26T12:19:20.469+0530] {logging_mixin.py:137} INFO - 246
[2022-12-26T12:19:20.775+0530] {logging_mixin.py:137} INFO - 247
[2022-12-26T12:19:21.065+0530] {logging_mixin.py:137} INFO - 248
[2022-12-26T12:19:21.531+0530] {logging_mixin.py:137} INFO - 249
[2022-12-26T12:19:21.817+0530] {logging_mixin.py:137} INFO - 250
[2022-12-26T12:19:22.260+0530] {logging_mixin.py:137} INFO - 251
[2022-12-26T12:19:22.627+0530] {logging_mixin.py:137} INFO - 252
[2022-12-26T12:19:22.964+0530] {logging_mixin.py:137} INFO - 253
[2022-12-26T12:19:23.248+0530] {logging_mixin.py:137} INFO - 254
[2022-12-26T12:19:23.502+0530] {logging_mixin.py:137} INFO - 255
[2022-12-26T12:19:23.764+0530] {logging_mixin.py:137} INFO - 256
[2022-12-26T12:19:24.107+0530] {logging_mixin.py:137} INFO - 257
[2022-12-26T12:19:24.408+0530] {logging_mixin.py:137} INFO - 258
[2022-12-26T12:19:24.930+0530] {logging_mixin.py:137} INFO - 259
[2022-12-26T12:19:25.265+0530] {logging_mixin.py:137} INFO - 260
[2022-12-26T12:19:25.545+0530] {logging_mixin.py:137} INFO - 261
[2022-12-26T12:19:25.879+0530] {logging_mixin.py:137} INFO - 262
[2022-12-26T12:19:26.171+0530] {logging_mixin.py:137} INFO - 263
[2022-12-26T12:19:26.445+0530] {logging_mixin.py:137} INFO - 264
[2022-12-26T12:19:26.695+0530] {logging_mixin.py:137} INFO - 265
[2022-12-26T12:19:26.979+0530] {logging_mixin.py:137} INFO - 266
[2022-12-26T12:19:27.234+0530] {logging_mixin.py:137} INFO - 267
[2022-12-26T12:19:27.633+0530] {logging_mixin.py:137} INFO - 268
[2022-12-26T12:19:27.882+0530] {logging_mixin.py:137} INFO - 269
[2022-12-26T12:19:28.377+0530] {logging_mixin.py:137} INFO - 270
[2022-12-26T12:19:28.614+0530] {logging_mixin.py:137} INFO - 271
[2022-12-26T12:19:28.891+0530] {logging_mixin.py:137} INFO - 272
[2022-12-26T12:19:29.150+0530] {logging_mixin.py:137} INFO - 273
[2022-12-26T12:19:29.434+0530] {logging_mixin.py:137} INFO - 274
[2022-12-26T12:19:29.680+0530] {logging_mixin.py:137} INFO - 275
[2022-12-26T12:19:29.924+0530] {logging_mixin.py:137} INFO - 276
[2022-12-26T12:19:30.244+0530] {logging_mixin.py:137} INFO - 277
[2022-12-26T12:19:30.564+0530] {logging_mixin.py:137} INFO - 278
[2022-12-26T12:19:30.860+0530] {logging_mixin.py:137} INFO - 279
[2022-12-26T12:19:31.154+0530] {logging_mixin.py:137} INFO - 280
[2022-12-26T12:19:31.567+0530] {logging_mixin.py:137} INFO - 281
[2022-12-26T12:19:31.853+0530] {logging_mixin.py:137} INFO - 282
[2022-12-26T12:19:32.109+0530] {logging_mixin.py:137} INFO - 283
[2022-12-26T12:19:32.484+0530] {logging_mixin.py:137} INFO - 284
[2022-12-26T12:19:32.771+0530] {logging_mixin.py:137} INFO - 285
[2022-12-26T12:19:33.045+0530] {logging_mixin.py:137} INFO - 286
[2022-12-26T12:19:33.308+0530] {logging_mixin.py:137} INFO - 287
[2022-12-26T12:19:33.565+0530] {logging_mixin.py:137} INFO - 288
[2022-12-26T12:19:33.805+0530] {logging_mixin.py:137} INFO - 289
[2022-12-26T12:19:34.041+0530] {logging_mixin.py:137} INFO - 290
[2022-12-26T12:19:34.472+0530] {logging_mixin.py:137} INFO - 291
[2022-12-26T12:19:34.716+0530] {logging_mixin.py:137} INFO - 292
[2022-12-26T12:19:34.982+0530] {logging_mixin.py:137} INFO - 293
[2022-12-26T12:19:35.265+0530] {logging_mixin.py:137} INFO - 294
[2022-12-26T12:19:35.508+0530] {logging_mixin.py:137} INFO - 295
[2022-12-26T12:19:35.810+0530] {logging_mixin.py:137} INFO - 296
[2022-12-26T12:19:36.062+0530] {logging_mixin.py:137} INFO - 297
[2022-12-26T12:19:36.289+0530] {logging_mixin.py:137} INFO - 298
[2022-12-26T12:19:36.579+0530] {logging_mixin.py:137} INFO - 299
[2022-12-26T12:19:36.802+0530] {logging_mixin.py:137} INFO - 300
[2022-12-26T12:19:37.114+0530] {logging_mixin.py:137} INFO - 301
[2022-12-26T12:19:38.656+0530] {logging_mixin.py:137} INFO - 302
[2022-12-26T12:19:38.945+0530] {logging_mixin.py:137} INFO - 303
[2022-12-26T12:19:39.252+0530] {logging_mixin.py:137} INFO - 304
[2022-12-26T12:19:39.579+0530] {logging_mixin.py:137} INFO - 305
[2022-12-26T12:19:39.860+0530] {logging_mixin.py:137} INFO - 306
[2022-12-26T12:19:40.155+0530] {logging_mixin.py:137} INFO - 307
[2022-12-26T12:19:40.503+0530] {logging_mixin.py:137} INFO - 308
[2022-12-26T12:19:40.914+0530] {logging_mixin.py:137} INFO - 309
[2022-12-26T12:19:41.221+0530] {logging_mixin.py:137} INFO - 310
[2022-12-26T12:19:41.530+0530] {logging_mixin.py:137} INFO - 311
[2022-12-26T12:19:42.022+0530] {logging_mixin.py:137} INFO - 312
[2022-12-26T12:19:42.479+0530] {logging_mixin.py:137} INFO - 313
[2022-12-26T12:19:42.773+0530] {logging_mixin.py:137} INFO - 314
[2022-12-26T12:19:43.062+0530] {logging_mixin.py:137} INFO - 315
[2022-12-26T12:19:43.303+0530] {logging_mixin.py:137} INFO - 316
[2022-12-26T12:19:43.547+0530] {logging_mixin.py:137} INFO - 317
[2022-12-26T12:19:43.782+0530] {logging_mixin.py:137} INFO - 318
[2022-12-26T12:19:44.033+0530] {logging_mixin.py:137} INFO - 319
[2022-12-26T12:19:44.302+0530] {logging_mixin.py:137} INFO - 320
[2022-12-26T12:19:44.569+0530] {logging_mixin.py:137} INFO - 321
[2022-12-26T12:19:44.822+0530] {logging_mixin.py:137} INFO - 322
[2022-12-26T12:19:45.292+0530] {logging_mixin.py:137} INFO - 323
[2022-12-26T12:19:45.612+0530] {logging_mixin.py:137} INFO - 324
[2022-12-26T12:19:45.905+0530] {logging_mixin.py:137} INFO - 325
[2022-12-26T12:19:46.203+0530] {logging_mixin.py:137} INFO - 326
[2022-12-26T12:19:46.447+0530] {logging_mixin.py:137} INFO - 327
[2022-12-26T12:19:46.760+0530] {logging_mixin.py:137} INFO - 328
[2022-12-26T12:19:47.342+0530] {logging_mixin.py:137} INFO - 329
[2022-12-26T12:19:47.793+0530] {logging_mixin.py:137} INFO - 330
[2022-12-26T12:19:48.389+0530] {logging_mixin.py:137} INFO - 331
[2022-12-26T12:19:48.802+0530] {logging_mixin.py:137} INFO - 332
[2022-12-26T12:19:49.565+0530] {logging_mixin.py:137} INFO - 333
[2022-12-26T12:19:49.986+0530] {logging_mixin.py:137} INFO - 334
[2022-12-26T12:19:50.284+0530] {logging_mixin.py:137} INFO - 335
[2022-12-26T12:19:50.572+0530] {logging_mixin.py:137} INFO - 336
[2022-12-26T12:19:50.812+0530] {logging_mixin.py:137} INFO - 337
[2022-12-26T12:19:51.055+0530] {logging_mixin.py:137} INFO - 338
[2022-12-26T12:19:51.302+0530] {logging_mixin.py:137} INFO - 339
[2022-12-26T12:19:51.537+0530] {logging_mixin.py:137} INFO - 340
[2022-12-26T12:19:51.782+0530] {logging_mixin.py:137} INFO - 341
[2022-12-26T12:19:52.097+0530] {logging_mixin.py:137} INFO - 342
[2022-12-26T12:19:52.398+0530] {logging_mixin.py:137} INFO - 343
[2022-12-26T12:19:52.857+0530] {logging_mixin.py:137} INFO - 344
[2022-12-26T12:19:53.178+0530] {logging_mixin.py:137} INFO - 345
[2022-12-26T12:19:53.498+0530] {logging_mixin.py:137} INFO - 346
[2022-12-26T12:19:53.771+0530] {logging_mixin.py:137} INFO - 347
[2022-12-26T12:19:54.072+0530] {logging_mixin.py:137} INFO - 348
[2022-12-26T12:19:54.351+0530] {logging_mixin.py:137} INFO - 349
[2022-12-26T12:19:54.625+0530] {logging_mixin.py:137} INFO - 350
[2022-12-26T12:19:54.887+0530] {logging_mixin.py:137} INFO - 351
[2022-12-26T12:19:55.229+0530] {logging_mixin.py:137} INFO - 352
[2022-12-26T12:19:55.519+0530] {logging_mixin.py:137} INFO - 353
[2022-12-26T12:19:55.902+0530] {logging_mixin.py:137} INFO - 354
[2022-12-26T12:19:56.506+0530] {logging_mixin.py:137} INFO - 355
[2022-12-26T12:19:56.750+0530] {logging_mixin.py:137} INFO - 356
[2022-12-26T12:19:57.030+0530] {logging_mixin.py:137} INFO - 357
[2022-12-26T12:19:57.324+0530] {logging_mixin.py:137} INFO - 358
[2022-12-26T12:19:57.670+0530] {logging_mixin.py:137} INFO - 359
[2022-12-26T12:19:57.940+0530] {logging_mixin.py:137} INFO - 360
[2022-12-26T12:19:58.194+0530] {logging_mixin.py:137} INFO - 361
[2022-12-26T12:19:58.436+0530] {logging_mixin.py:137} INFO - 362
[2022-12-26T12:19:58.754+0530] {logging_mixin.py:137} INFO - 363
[2022-12-26T12:19:59.042+0530] {logging_mixin.py:137} INFO - 364
[2022-12-26T12:19:59.447+0530] {logging_mixin.py:137} INFO - 365
[2022-12-26T12:19:59.691+0530] {logging_mixin.py:137} INFO - 366
[2022-12-26T12:19:59.931+0530] {logging_mixin.py:137} INFO - 367
[2022-12-26T12:20:00.207+0530] {logging_mixin.py:137} INFO - 368
[2022-12-26T12:20:00.498+0530] {logging_mixin.py:137} INFO - 369
[2022-12-26T12:20:00.771+0530] {logging_mixin.py:137} INFO - 370
[2022-12-26T12:20:01.069+0530] {logging_mixin.py:137} INFO - 371
[2022-12-26T12:20:01.399+0530] {logging_mixin.py:137} INFO - 372
[2022-12-26T12:20:01.662+0530] {logging_mixin.py:137} INFO - 373
[2022-12-26T12:20:01.936+0530] {logging_mixin.py:137} INFO - 374
[2022-12-26T12:20:02.290+0530] {logging_mixin.py:137} INFO - 375
[2022-12-26T12:20:02.711+0530] {logging_mixin.py:137} INFO - 376
[2022-12-26T12:20:02.960+0530] {logging_mixin.py:137} INFO - 377
[2022-12-26T12:20:03.234+0530] {logging_mixin.py:137} INFO - 378
[2022-12-26T12:20:03.619+0530] {logging_mixin.py:137} INFO - 379
[2022-12-26T12:20:03.858+0530] {logging_mixin.py:137} INFO - 380
[2022-12-26T12:20:04.152+0530] {logging_mixin.py:137} INFO - 381
[2022-12-26T12:20:04.374+0530] {logging_mixin.py:137} INFO - 382
[2022-12-26T12:20:04.600+0530] {logging_mixin.py:137} INFO - 383
[2022-12-26T12:20:04.876+0530] {logging_mixin.py:137} INFO - 384
[2022-12-26T12:20:05.158+0530] {logging_mixin.py:137} INFO - 385
[2022-12-26T12:20:05.789+0530] {logging_mixin.py:137} INFO - 386
[2022-12-26T12:20:06.255+0530] {logging_mixin.py:137} INFO - 387
[2022-12-26T12:20:06.555+0530] {logging_mixin.py:137} INFO - 388
[2022-12-26T12:20:06.803+0530] {logging_mixin.py:137} INFO - 389
[2022-12-26T12:20:07.084+0530] {logging_mixin.py:137} INFO - 390
[2022-12-26T12:20:07.352+0530] {logging_mixin.py:137} INFO - 391
[2022-12-26T12:20:07.485+0530] {process_utils.py:147} WARNING - process psutil.Process(pid=28137, name='airflow task runner: Money__Market extract_data scheduled__2022-12-24T12:00:00+00:00 754', status='sleeping', started='12:17:50') did not respond to SIGTERM. Trying SIGKILL
[2022-12-26T12:20:07.491+0530] {process_utils.py:84} INFO - Sending the signal Signals.SIGKILL to group 28137
[2022-12-26T12:20:07.545+0530] {process_utils.py:79} INFO - Process psutil.Process(pid=28137, name='airflow task runner: Money__Market extract_data scheduled__2022-12-24T12:00:00+00:00 754', status='terminated', exitcode=<Negsignal.SIGKILL: -9>, started='12:17:50') (28137) terminated with exit code Negsignal.SIGKILL
[2022-12-26T12:20:07.547+0530] {standard_task_runner.py:168} ERROR - Job 754 was killed before it finished (likely due to running out of memory)
