[2023-03-17T14:25:55.311+0530] {taskinstance.py:1087} INFO - Dependencies all met for <TaskInstance: FX_Reserves.start_task scheduled__2023-03-04T00:00:00+00:00 [queued]>
[2023-03-17T14:25:55.319+0530] {taskinstance.py:1087} INFO - Dependencies all met for <TaskInstance: FX_Reserves.start_task scheduled__2023-03-04T00:00:00+00:00 [queued]>
[2023-03-17T14:25:55.320+0530] {taskinstance.py:1283} INFO - 
--------------------------------------------------------------------------------
[2023-03-17T14:25:55.320+0530] {taskinstance.py:1284} INFO - Starting attempt 1 of 4
[2023-03-17T14:25:55.320+0530] {taskinstance.py:1285} INFO - 
--------------------------------------------------------------------------------
[2023-03-17T14:25:55.338+0530] {taskinstance.py:1304} INFO - Executing <Task(BashOperator): start_task> on 2023-03-04 00:00:00+00:00
[2023-03-17T14:25:55.350+0530] {standard_task_runner.py:55} INFO - Started process 650 to run task
[2023-03-17T14:25:55.353+0530] {standard_task_runner.py:82} INFO - Running: ['airflow', 'tasks', 'run', 'FX_Reserves', 'start_task', 'scheduled__2023-03-04T00:00:00+00:00', '--job-id', '4920', '--raw', '--subdir', 'DAGS_FOLDER/FX_Reserves_Data.py', '--cfg-path', '/tmp/tmph7k4gq8i']
[2023-03-17T14:25:55.355+0530] {standard_task_runner.py:83} INFO - Job 4920: Subtask start_task
[2023-03-17T14:25:55.439+0530] {task_command.py:389} INFO - Running <TaskInstance: FX_Reserves.start_task scheduled__2023-03-04T00:00:00+00:00 [running]> on host DESKTOP-SQIOQPD.
[2023-03-17T14:25:55.583+0530] {taskinstance.py:1511} INFO - Exporting the following env vars:
AIRFLOW_CTX_DAG_EMAIL=nikheleshbhattacharyya@gmail.com
AIRFLOW_CTX_DAG_OWNER=airflow
AIRFLOW_CTX_DAG_ID=FX_Reserves
AIRFLOW_CTX_TASK_ID=start_task
AIRFLOW_CTX_EXECUTION_DATE=2023-03-04T00:00:00+00:00
AIRFLOW_CTX_TRY_NUMBER=1
AIRFLOW_CTX_DAG_RUN_ID=scheduled__2023-03-04T00:00:00+00:00
[2023-03-17T14:25:55.584+0530] {subprocess.py:63} INFO - Tmp dir root location: 
 /tmp
[2023-03-17T14:25:55.584+0530] {subprocess.py:75} INFO - Running command: ['/usr/bin/bash', '-c', 'echo start']
[2023-03-17T14:25:55.601+0530] {subprocess.py:86} INFO - Output:
[2023-03-17T14:25:55.602+0530] {subprocess.py:93} INFO - start
[2023-03-17T14:25:55.603+0530] {subprocess.py:97} INFO - Command exited with return code 0
[2023-03-17T14:25:55.627+0530] {taskinstance.py:1322} INFO - Marking task as SUCCESS. dag_id=FX_Reserves, task_id=start_task, execution_date=20230304T000000, start_date=20230317T085555, end_date=20230317T085555
[2023-03-17T14:25:55.687+0530] {local_task_job.py:159} INFO - Task exited with return code 0
[2023-03-17T14:25:55.715+0530] {taskinstance.py:2582} INFO - 1 downstream tasks scheduled from follow-on schedule check
