[2023-02-02T05:08:50.757+0530] {taskinstance.py:1087} INFO - Dependencies all met for <TaskInstance: NSE_Open_Interest.extract scheduled__2023-01-24T00:00:00+00:00 [queued]>
[2023-02-02T05:08:50.765+0530] {taskinstance.py:1087} INFO - Dependencies all met for <TaskInstance: NSE_Open_Interest.extract scheduled__2023-01-24T00:00:00+00:00 [queued]>
[2023-02-02T05:08:50.766+0530] {taskinstance.py:1283} INFO - 
--------------------------------------------------------------------------------
[2023-02-02T05:08:50.766+0530] {taskinstance.py:1284} INFO - Starting attempt 3 of 4
[2023-02-02T05:08:50.766+0530] {taskinstance.py:1285} INFO - 
--------------------------------------------------------------------------------
[2023-02-02T05:08:50.783+0530] {taskinstance.py:1304} INFO - Executing <Task(PythonOperator): extract> on 2023-01-24 00:00:00+00:00
[2023-02-02T05:08:50.788+0530] {standard_task_runner.py:55} INFO - Started process 5673 to run task
[2023-02-02T05:08:50.791+0530] {standard_task_runner.py:82} INFO - Running: ['airflow', 'tasks', 'run', 'NSE_Open_Interest', 'extract', 'scheduled__2023-01-24T00:00:00+00:00', '--job-id', '3542', '--raw', '--subdir', 'DAGS_FOLDER/NSE_Open_Interest.py', '--cfg-path', '/tmp/tmpy3affk_v']
[2023-02-02T05:08:50.792+0530] {standard_task_runner.py:83} INFO - Job 3542: Subtask extract
[2023-02-02T05:08:50.842+0530] {task_command.py:389} INFO - Running <TaskInstance: NSE_Open_Interest.extract scheduled__2023-01-24T00:00:00+00:00 [running]> on host DESKTOP-SQIOQPD.
[2023-02-02T05:08:50.903+0530] {taskinstance.py:1511} INFO - Exporting the following env vars:
AIRFLOW_CTX_DAG_EMAIL=nikheleshbhattacharyya@gmail.com
AIRFLOW_CTX_DAG_OWNER=airflow
AIRFLOW_CTX_DAG_ID=NSE_Open_Interest
AIRFLOW_CTX_TASK_ID=extract
AIRFLOW_CTX_EXECUTION_DATE=2023-01-24T00:00:00+00:00
AIRFLOW_CTX_TRY_NUMBER=3
AIRFLOW_CTX_DAG_RUN_ID=scheduled__2023-01-24T00:00:00+00:00
[2023-02-02T05:08:50.905+0530] {logging_mixin.py:137} INFO - 2020-02-14 00:00:00
[2023-02-02T05:08:54.317+0530] {taskinstance.py:1772} ERROR - Task failed with exception
Traceback (most recent call last):
  File "/usr/local/lib/python3.8/dist-packages/airflow/operators/python.py", line 175, in execute
    return_value = self.execute_callable()
  File "/usr/local/lib/python3.8/dist-packages/airflow/operators/python.py", line 192, in execute_callable
    return self.python_callable(*self.op_args, **self.op_kwargs)
  File "/root/airflow/dags/NSE_Open_Interest.py", line 83, in extract
    dd,values = get_data(date)
TypeError: cannot unpack non-iterable int object
[2023-02-02T05:08:54.324+0530] {taskinstance.py:1322} INFO - Marking task as UP_FOR_RETRY. dag_id=NSE_Open_Interest, task_id=extract, execution_date=20230124T000000, start_date=20230201T233850, end_date=20230201T233854
[2023-02-02T05:08:54.347+0530] {standard_task_runner.py:100} ERROR - Failed to execute job 3542 for task extract (cannot unpack non-iterable int object; 5673)
[2023-02-02T05:08:54.382+0530] {local_task_job.py:159} INFO - Task exited with return code 1
[2023-02-02T05:08:54.401+0530] {taskinstance.py:2582} INFO - 0 downstream tasks scheduled from follow-on schedule check
