[2023-02-13T21:52:13.138+0530] {taskinstance.py:1087} INFO - Dependencies all met for <TaskInstance: Monthly.extract scheduled__2023-02-05T00:00:00+00:00 [queued]>
[2023-02-13T21:52:13.148+0530] {taskinstance.py:1087} INFO - Dependencies all met for <TaskInstance: Monthly.extract scheduled__2023-02-05T00:00:00+00:00 [queued]>
[2023-02-13T21:52:13.149+0530] {taskinstance.py:1283} INFO - 
--------------------------------------------------------------------------------
[2023-02-13T21:52:13.149+0530] {taskinstance.py:1284} INFO - Starting attempt 1 of 4
[2023-02-13T21:52:13.149+0530] {taskinstance.py:1285} INFO - 
--------------------------------------------------------------------------------
[2023-02-13T21:52:13.165+0530] {taskinstance.py:1304} INFO - Executing <Task(PythonOperator): extract> on 2023-02-05 00:00:00+00:00
[2023-02-13T21:52:13.169+0530] {standard_task_runner.py:55} INFO - Started process 2232 to run task
[2023-02-13T21:52:13.174+0530] {standard_task_runner.py:82} INFO - Running: ['airflow', 'tasks', 'run', 'Monthly', 'extract', 'scheduled__2023-02-05T00:00:00+00:00', '--job-id', '4017', '--raw', '--subdir', 'DAGS_FOLDER/Monthly.py', '--cfg-path', '/tmp/tmp6j6um4u2']
[2023-02-13T21:52:13.175+0530] {standard_task_runner.py:83} INFO - Job 4017: Subtask extract
[2023-02-13T21:52:13.228+0530] {task_command.py:389} INFO - Running <TaskInstance: Monthly.extract scheduled__2023-02-05T00:00:00+00:00 [running]> on host DESKTOP-SQIOQPD.
[2023-02-13T21:52:13.304+0530] {taskinstance.py:1511} INFO - Exporting the following env vars:
AIRFLOW_CTX_DAG_EMAIL=nikheleshbhattacharyya@gmail.com
AIRFLOW_CTX_DAG_OWNER=airflow
AIRFLOW_CTX_DAG_ID=Monthly
AIRFLOW_CTX_TASK_ID=extract
AIRFLOW_CTX_EXECUTION_DATE=2023-02-05T00:00:00+00:00
AIRFLOW_CTX_TRY_NUMBER=1
AIRFLOW_CTX_DAG_RUN_ID=scheduled__2023-02-05T00:00:00+00:00
[2023-02-13T21:54:28.378+0530] {taskinstance.py:1772} ERROR - Task failed with exception
Traceback (most recent call last):
  File "/usr/local/lib/python3.8/dist-packages/airflow/operators/python.py", line 175, in execute
    return_value = self.execute_callable()
  File "/usr/local/lib/python3.8/dist-packages/airflow/operators/python.py", line 192, in execute_callable
    return self.python_callable(*self.op_args, **self.op_kwargs)
  File "/root/airflow/dags/Monthly.py", line 469, in extract
    driver.get(url)
  File "/usr/local/lib/python3.8/dist-packages/selenium/webdriver/remote/webdriver.py", line 449, in get
    self.execute(Command.GET, {"url": url})
  File "/usr/local/lib/python3.8/dist-packages/selenium/webdriver/remote/webdriver.py", line 440, in execute
    self.error_handler.check_response(response)
  File "/usr/local/lib/python3.8/dist-packages/selenium/webdriver/remote/errorhandler.py", line 245, in check_response
    raise exception_class(message, screen, stacktrace)
selenium.common.exceptions.WebDriverException: Message: unknown error: net::ERR_CONNECTION_RESET
  (Session info: headless chrome=109.0.5414.119)
Stacktrace:
#0 0x562fcdb97303 <unknown>
#1 0x562fcd96bd37 <unknown>
#2 0x562fcd963d85 <unknown>
#3 0x562fcd956f87 <unknown>
#4 0x562fcd9584e9 <unknown>
#5 0x562fcd9572fe <unknown>
#6 0x562fcd956432 <unknown>
#7 0x562fcd956285 <unknown>
#8 0x562fcd954c77 <unknown>
#9 0x562fcd9552a4 <unknown>
#10 0x562fcd96dc48 <unknown>
#11 0x562fcd9e0f15 <unknown>
#12 0x562fcd9c8982 <unknown>
#13 0x562fcd9e088c <unknown>
#14 0x562fcd9c8753 <unknown>
#15 0x562fcd99ba14 <unknown>
#16 0x562fcd99cb7e <unknown>
#17 0x562fcdbe632e <unknown>
#18 0x562fcdbe9c0e <unknown>
#19 0x562fcdbcc610 <unknown>
#20 0x562fcdbeac23 <unknown>
#21 0x562fcdbbe545 <unknown>
#22 0x562fcdc0b6a8 <unknown>
#23 0x562fcdc0b836 <unknown>
#24 0x562fcdc26d13 <unknown>
#25 0x7f7f201ac609 start_thread

[2023-02-13T21:54:28.417+0530] {taskinstance.py:1322} INFO - Marking task as UP_FOR_RETRY. dag_id=Monthly, task_id=extract, execution_date=20230205T000000, start_date=20230213T162213, end_date=20230213T162428
[2023-02-13T21:54:28.467+0530] {standard_task_runner.py:100} ERROR - Failed to execute job 4017 for task extract (Message: unknown error: net::ERR_CONNECTION_RESET
  (Session info: headless chrome=109.0.5414.119)
Stacktrace:
#0 0x562fcdb97303 <unknown>
#1 0x562fcd96bd37 <unknown>
#2 0x562fcd963d85 <unknown>
#3 0x562fcd956f87 <unknown>
#4 0x562fcd9584e9 <unknown>
#5 0x562fcd9572fe <unknown>
#6 0x562fcd956432 <unknown>
#7 0x562fcd956285 <unknown>
#8 0x562fcd954c77 <unknown>
#9 0x562fcd9552a4 <unknown>
#10 0x562fcd96dc48 <unknown>
#11 0x562fcd9e0f15 <unknown>
#12 0x562fcd9c8982 <unknown>
#13 0x562fcd9e088c <unknown>
#14 0x562fcd9c8753 <unknown>
#15 0x562fcd99ba14 <unknown>
#16 0x562fcd99cb7e <unknown>
#17 0x562fcdbe632e <unknown>
#18 0x562fcdbe9c0e <unknown>
#19 0x562fcdbcc610 <unknown>
#20 0x562fcdbeac23 <unknown>
#21 0x562fcdbbe545 <unknown>
#22 0x562fcdc0b6a8 <unknown>
#23 0x562fcdc0b836 <unknown>
#24 0x562fcdc26d13 <unknown>
#25 0x7f7f201ac609 start_thread
; 2232)
[2023-02-13T21:54:28.506+0530] {local_task_job.py:159} INFO - Task exited with return code 1
[2023-02-13T21:54:28.556+0530] {taskinstance.py:2582} INFO - 0 downstream tasks scheduled from follow-on schedule check
