[2023-02-14T15:57:14.240+0530] {taskinstance.py:1087} INFO - Dependencies all met for <TaskInstance: FX__Turnover.transform_data scheduled__2023-02-11T00:00:00+00:00 [queued]>
[2023-02-14T15:57:14.258+0530] {taskinstance.py:1087} INFO - Dependencies all met for <TaskInstance: FX__Turnover.transform_data scheduled__2023-02-11T00:00:00+00:00 [queued]>
[2023-02-14T15:57:14.259+0530] {taskinstance.py:1283} INFO - 
--------------------------------------------------------------------------------
[2023-02-14T15:57:14.259+0530] {taskinstance.py:1284} INFO - Starting attempt 1 of 4
[2023-02-14T15:57:14.259+0530] {taskinstance.py:1285} INFO - 
--------------------------------------------------------------------------------
[2023-02-14T15:57:14.289+0530] {taskinstance.py:1304} INFO - Executing <Task(PythonOperator): transform_data> on 2023-02-11 00:00:00+00:00
[2023-02-14T15:57:14.302+0530] {standard_task_runner.py:55} INFO - Started process 9157 to run task
[2023-02-14T15:57:14.307+0530] {standard_task_runner.py:82} INFO - Running: ['airflow', 'tasks', 'run', 'FX__Turnover', 'transform_data', 'scheduled__2023-02-11T00:00:00+00:00', '--job-id', '4303', '--raw', '--subdir', 'DAGS_FOLDER/FX_turnover.py', '--cfg-path', '/tmp/tmpk1hmsi5q']
[2023-02-14T15:57:14.310+0530] {standard_task_runner.py:83} INFO - Job 4303: Subtask transform_data
[2023-02-14T15:57:14.411+0530] {task_command.py:389} INFO - Running <TaskInstance: FX__Turnover.transform_data scheduled__2023-02-11T00:00:00+00:00 [running]> on host DESKTOP-SQIOQPD.
[2023-02-14T15:57:14.550+0530] {taskinstance.py:1511} INFO - Exporting the following env vars:
AIRFLOW_CTX_DAG_EMAIL=nikheleshbhattacharyya@gmail.com
AIRFLOW_CTX_DAG_OWNER=airflow
AIRFLOW_CTX_DAG_ID=FX__Turnover
AIRFLOW_CTX_TASK_ID=transform_data
AIRFLOW_CTX_EXECUTION_DATE=2023-02-11T00:00:00+00:00
AIRFLOW_CTX_TRY_NUMBER=1
AIRFLOW_CTX_DAG_RUN_ID=scheduled__2023-02-11T00:00:00+00:00
[2023-02-14T15:57:14.579+0530] {python.py:177} INFO - Done. Returned value was: ([], [], [], [])
[2023-02-14T15:57:14.606+0530] {taskinstance.py:1322} INFO - Marking task as SUCCESS. dag_id=FX__Turnover, task_id=transform_data, execution_date=20230211T000000, start_date=20230214T102714, end_date=20230214T102714
[2023-02-14T15:57:14.642+0530] {local_task_job.py:159} INFO - Task exited with return code 0
[2023-02-14T15:57:14.687+0530] {taskinstance.py:2582} INFO - 1 downstream tasks scheduled from follow-on schedule check
