[2023-02-03T04:53:37.515+0530] {taskinstance.py:1087} INFO - Dependencies all met for <TaskInstance: Monthly.finish_task scheduled__2023-01-27T00:00:00+00:00 [queued]>
[2023-02-03T04:53:37.524+0530] {taskinstance.py:1087} INFO - Dependencies all met for <TaskInstance: Monthly.finish_task scheduled__2023-01-27T00:00:00+00:00 [queued]>
[2023-02-03T04:53:37.524+0530] {taskinstance.py:1283} INFO - 
--------------------------------------------------------------------------------
[2023-02-03T04:53:37.524+0530] {taskinstance.py:1284} INFO - Starting attempt 1 of 4
[2023-02-03T04:53:37.524+0530] {taskinstance.py:1285} INFO - 
--------------------------------------------------------------------------------
[2023-02-03T04:53:37.539+0530] {taskinstance.py:1304} INFO - Executing <Task(BashOperator): finish_task> on 2023-01-27 00:00:00+00:00
[2023-02-03T04:53:37.544+0530] {standard_task_runner.py:55} INFO - Started process 11469 to run task
[2023-02-03T04:53:37.547+0530] {standard_task_runner.py:82} INFO - Running: ['airflow', 'tasks', 'run', 'Monthly', 'finish_task', 'scheduled__2023-01-27T00:00:00+00:00', '--job-id', '3863', '--raw', '--subdir', 'DAGS_FOLDER/Monthly.py', '--cfg-path', '/tmp/tmp4mw610xg']
[2023-02-03T04:53:37.549+0530] {standard_task_runner.py:83} INFO - Job 3863: Subtask finish_task
[2023-02-03T04:53:37.593+0530] {task_command.py:389} INFO - Running <TaskInstance: Monthly.finish_task scheduled__2023-01-27T00:00:00+00:00 [running]> on host DESKTOP-SQIOQPD.
[2023-02-03T04:53:37.696+0530] {taskinstance.py:1511} INFO - Exporting the following env vars:
AIRFLOW_CTX_DAG_EMAIL=nikheleshbhattacharyya@gmail.com
AIRFLOW_CTX_DAG_OWNER=airflow
AIRFLOW_CTX_DAG_ID=Monthly
AIRFLOW_CTX_TASK_ID=finish_task
AIRFLOW_CTX_EXECUTION_DATE=2023-01-27T00:00:00+00:00
AIRFLOW_CTX_TRY_NUMBER=1
AIRFLOW_CTX_DAG_RUN_ID=scheduled__2023-01-27T00:00:00+00:00
[2023-02-03T04:53:37.697+0530] {subprocess.py:63} INFO - Tmp dir root location: 
 /tmp
[2023-02-03T04:53:37.698+0530] {subprocess.py:75} INFO - Running command: ['/usr/bin/bash', '-c', 'echo finish']
[2023-02-03T04:53:37.708+0530] {subprocess.py:86} INFO - Output:
[2023-02-03T04:53:37.710+0530] {subprocess.py:93} INFO - finish
[2023-02-03T04:53:37.710+0530] {subprocess.py:97} INFO - Command exited with return code 0
[2023-02-03T04:53:37.730+0530] {taskinstance.py:1322} INFO - Marking task as SUCCESS. dag_id=Monthly, task_id=finish_task, execution_date=20230127T000000, start_date=20230202T232337, end_date=20230202T232337
[2023-02-03T04:53:37.760+0530] {local_task_job.py:159} INFO - Task exited with return code 0
[2023-02-03T04:53:37.773+0530] {taskinstance.py:2582} INFO - 0 downstream tasks scheduled from follow-on schedule check
