[2023-02-13T21:44:26.517+0530] {taskinstance.py:1087} INFO - Dependencies all met for <TaskInstance: FX__Turnover.extract scheduled__2023-02-04T00:00:00+00:00 [queued]>
[2023-02-13T21:44:26.533+0530] {taskinstance.py:1087} INFO - Dependencies all met for <TaskInstance: FX__Turnover.extract scheduled__2023-02-04T00:00:00+00:00 [queued]>
[2023-02-13T21:44:26.533+0530] {taskinstance.py:1283} INFO - 
--------------------------------------------------------------------------------
[2023-02-13T21:44:26.533+0530] {taskinstance.py:1284} INFO - Starting attempt 2 of 4
[2023-02-13T21:44:26.533+0530] {taskinstance.py:1285} INFO - 
--------------------------------------------------------------------------------
[2023-02-13T21:44:26.555+0530] {taskinstance.py:1304} INFO - Executing <Task(PythonOperator): extract> on 2023-02-04 00:00:00+00:00
[2023-02-13T21:44:26.561+0530] {standard_task_runner.py:55} INFO - Started process 1593 to run task
[2023-02-13T21:44:26.565+0530] {standard_task_runner.py:82} INFO - Running: ['airflow', 'tasks', 'run', 'FX__Turnover', 'extract', 'scheduled__2023-02-04T00:00:00+00:00', '--job-id', '4006', '--raw', '--subdir', 'DAGS_FOLDER/FX_turnover.py', '--cfg-path', '/tmp/tmpc_j3ssjc']
[2023-02-13T21:44:26.567+0530] {standard_task_runner.py:83} INFO - Job 4006: Subtask extract
[2023-02-13T21:44:26.754+0530] {task_command.py:389} INFO - Running <TaskInstance: FX__Turnover.extract scheduled__2023-02-04T00:00:00+00:00 [running]> on host DESKTOP-SQIOQPD.
[2023-02-13T21:44:26.968+0530] {taskinstance.py:1511} INFO - Exporting the following env vars:
AIRFLOW_CTX_DAG_EMAIL=nikheleshbhattacharyya@gmail.com
AIRFLOW_CTX_DAG_OWNER=airflow
AIRFLOW_CTX_DAG_ID=FX__Turnover
AIRFLOW_CTX_TASK_ID=extract
AIRFLOW_CTX_EXECUTION_DATE=2023-02-04T00:00:00+00:00
AIRFLOW_CTX_TRY_NUMBER=2
AIRFLOW_CTX_DAG_RUN_ID=scheduled__2023-02-04T00:00:00+00:00
[2023-02-13T21:44:31.169+0530] {taskinstance.py:1772} ERROR - Task failed with exception
Traceback (most recent call last):
  File "/usr/local/lib/python3.8/dist-packages/airflow/operators/python.py", line 175, in execute
    return_value = self.execute_callable()
  File "/usr/local/lib/python3.8/dist-packages/airflow/operators/python.py", line 192, in execute_callable
    return self.python_callable(*self.op_args, **self.op_kwargs)
  File "/root/airflow/dags/FX_turnover.py", line 139, in extract_fxturn
    driver.get(url)
  File "/usr/local/lib/python3.8/dist-packages/selenium/webdriver/remote/webdriver.py", line 449, in get
    self.execute(Command.GET, {"url": url})
  File "/usr/local/lib/python3.8/dist-packages/selenium/webdriver/remote/webdriver.py", line 440, in execute
    self.error_handler.check_response(response)
  File "/usr/local/lib/python3.8/dist-packages/selenium/webdriver/remote/errorhandler.py", line 245, in check_response
    raise exception_class(message, screen, stacktrace)
selenium.common.exceptions.WebDriverException: Message: unknown error: net::ERR_CONNECTION_RESET
  (Session info: headless chrome=109.0.5414.119)
Stacktrace:
#0 0x55784b03d2a3 <unknown>
#1 0x55784adfbf77 <unknown>
#2 0x55784adf3e35 <unknown>
#3 0x55784ade6f27 <unknown>
#4 0x55784ade82d9 <unknown>
#5 0x55784ade729e <unknown>
#6 0x55784ade63d2 <unknown>
#7 0x55784ade6225 <unknown>
#8 0x55784ade4dc6 <unknown>
#9 0x55784ade5244 <unknown>
#10 0x55784adfde88 <unknown>
#11 0x55784ae70b05 <unknown>
#12 0x55784ae58b32 <unknown>
#13 0x55784ae7047c <unknown>
#14 0x55784ae58903 <unknown>
#15 0x55784ae2bece <unknown>
#16 0x55784ae2cfde <unknown>
#17 0x55784b08d63e <unknown>
#18 0x55784b090b79 <unknown>
#19 0x55784b07389e <unknown>
#20 0x55784b091a83 <unknown>
#21 0x55784b066505 <unknown>
#22 0x55784b0b2ca8 <unknown>
#23 0x55784b0b2e36 <unknown>
#24 0x55784b0ce333 <unknown>
#25 0x7f407fcc5609 start_thread

[2023-02-13T21:44:31.186+0530] {taskinstance.py:1322} INFO - Marking task as UP_FOR_RETRY. dag_id=FX__Turnover, task_id=extract, execution_date=20230204T000000, start_date=20230213T161426, end_date=20230213T161431
[2023-02-13T21:44:31.214+0530] {standard_task_runner.py:100} ERROR - Failed to execute job 4006 for task extract (Message: unknown error: net::ERR_CONNECTION_RESET
  (Session info: headless chrome=109.0.5414.119)
Stacktrace:
#0 0x55784b03d2a3 <unknown>
#1 0x55784adfbf77 <unknown>
#2 0x55784adf3e35 <unknown>
#3 0x55784ade6f27 <unknown>
#4 0x55784ade82d9 <unknown>
#5 0x55784ade729e <unknown>
#6 0x55784ade63d2 <unknown>
#7 0x55784ade6225 <unknown>
#8 0x55784ade4dc6 <unknown>
#9 0x55784ade5244 <unknown>
#10 0x55784adfde88 <unknown>
#11 0x55784ae70b05 <unknown>
#12 0x55784ae58b32 <unknown>
#13 0x55784ae7047c <unknown>
#14 0x55784ae58903 <unknown>
#15 0x55784ae2bece <unknown>
#16 0x55784ae2cfde <unknown>
#17 0x55784b08d63e <unknown>
#18 0x55784b090b79 <unknown>
#19 0x55784b07389e <unknown>
#20 0x55784b091a83 <unknown>
#21 0x55784b066505 <unknown>
#22 0x55784b0b2ca8 <unknown>
#23 0x55784b0b2e36 <unknown>
#24 0x55784b0ce333 <unknown>
#25 0x7f407fcc5609 start_thread
; 1593)
[2023-02-13T21:44:31.247+0530] {local_task_job.py:159} INFO - Task exited with return code 1
[2023-02-13T21:44:31.271+0530] {taskinstance.py:2582} INFO - 0 downstream tasks scheduled from follow-on schedule check
