[2023-02-13T20:51:34.023+0530] {taskinstance.py:1087} INFO - Dependencies all met for <TaskInstance: FX__Turnover.extract scheduled__2023-02-04T00:00:00+00:00 [queued]>
[2023-02-13T20:51:34.034+0530] {taskinstance.py:1087} INFO - Dependencies all met for <TaskInstance: FX__Turnover.extract scheduled__2023-02-04T00:00:00+00:00 [queued]>
[2023-02-13T20:51:34.035+0530] {taskinstance.py:1283} INFO - 
--------------------------------------------------------------------------------
[2023-02-13T20:51:34.035+0530] {taskinstance.py:1284} INFO - Starting attempt 1 of 4
[2023-02-13T20:51:34.035+0530] {taskinstance.py:1285} INFO - 
--------------------------------------------------------------------------------
[2023-02-13T20:51:34.053+0530] {taskinstance.py:1304} INFO - Executing <Task(PythonOperator): extract> on 2023-02-04 00:00:00+00:00
[2023-02-13T20:51:34.058+0530] {standard_task_runner.py:55} INFO - Started process 912 to run task
[2023-02-13T20:51:34.068+0530] {standard_task_runner.py:82} INFO - Running: ['airflow', 'tasks', 'run', 'FX__Turnover', 'extract', 'scheduled__2023-02-04T00:00:00+00:00', '--job-id', '3991', '--raw', '--subdir', 'DAGS_FOLDER/FX_turnover.py', '--cfg-path', '/tmp/tmph8r9s42l']
[2023-02-13T20:51:34.069+0530] {standard_task_runner.py:83} INFO - Job 3991: Subtask extract
[2023-02-13T20:51:34.146+0530] {task_command.py:389} INFO - Running <TaskInstance: FX__Turnover.extract scheduled__2023-02-04T00:00:00+00:00 [running]> on host DESKTOP-SQIOQPD.
[2023-02-13T20:51:34.275+0530] {taskinstance.py:1511} INFO - Exporting the following env vars:
AIRFLOW_CTX_DAG_EMAIL=nikheleshbhattacharyya@gmail.com
AIRFLOW_CTX_DAG_OWNER=airflow
AIRFLOW_CTX_DAG_ID=FX__Turnover
AIRFLOW_CTX_TASK_ID=extract
AIRFLOW_CTX_EXECUTION_DATE=2023-02-04T00:00:00+00:00
AIRFLOW_CTX_TRY_NUMBER=1
AIRFLOW_CTX_DAG_RUN_ID=scheduled__2023-02-04T00:00:00+00:00
[2023-02-13T20:53:52.970+0530] {taskinstance.py:1772} ERROR - Task failed with exception
Traceback (most recent call last):
  File "/usr/local/lib/python3.8/dist-packages/airflow/operators/python.py", line 175, in execute
    return_value = self.execute_callable()
  File "/usr/local/lib/python3.8/dist-packages/airflow/operators/python.py", line 192, in execute_callable
    return self.python_callable(*self.op_args, **self.op_kwargs)
  File "/root/airflow/dags/FX_turnover.py", line 139, in extract_fxturn
    driver.get(url)
  File "/usr/local/lib/python3.8/dist-packages/selenium/webdriver/remote/webdriver.py", line 449, in get
    self.execute(Command.GET, {"url": url})
  File "/usr/local/lib/python3.8/dist-packages/selenium/webdriver/remote/webdriver.py", line 440, in execute
    self.error_handler.check_response(response)
  File "/usr/local/lib/python3.8/dist-packages/selenium/webdriver/remote/errorhandler.py", line 245, in check_response
    raise exception_class(message, screen, stacktrace)
selenium.common.exceptions.WebDriverException: Message: unknown error: net::ERR_CONNECTION_RESET
  (Session info: headless chrome=109.0.5414.119)
Stacktrace:
#0 0x561036acb2a3 <unknown>
#1 0x561036889f77 <unknown>
#2 0x561036881e35 <unknown>
#3 0x561036874f27 <unknown>
#4 0x5610368762d9 <unknown>
#5 0x56103687529e <unknown>
#6 0x5610368743d2 <unknown>
#7 0x561036874225 <unknown>
#8 0x561036872dc6 <unknown>
#9 0x561036873244 <unknown>
#10 0x56103688be88 <unknown>
#11 0x5610368feb05 <unknown>
#12 0x5610368e6b32 <unknown>
#13 0x5610368fe47c <unknown>
#14 0x5610368e6903 <unknown>
#15 0x5610368b9ece <unknown>
#16 0x5610368bafde <unknown>
#17 0x561036b1b63e <unknown>
#18 0x561036b1eb79 <unknown>
#19 0x561036b0189e <unknown>
#20 0x561036b1fa83 <unknown>
#21 0x561036af4505 <unknown>
#22 0x561036b40ca8 <unknown>
#23 0x561036b40e36 <unknown>
#24 0x561036b5c333 <unknown>
#25 0x7f973023c609 start_thread

[2023-02-13T20:53:52.978+0530] {taskinstance.py:1322} INFO - Marking task as UP_FOR_RETRY. dag_id=FX__Turnover, task_id=extract, execution_date=20230204T000000, start_date=20230213T152134, end_date=20230213T152352
[2023-02-13T20:53:52.991+0530] {standard_task_runner.py:100} ERROR - Failed to execute job 3991 for task extract (Message: unknown error: net::ERR_CONNECTION_RESET
  (Session info: headless chrome=109.0.5414.119)
Stacktrace:
#0 0x561036acb2a3 <unknown>
#1 0x561036889f77 <unknown>
#2 0x561036881e35 <unknown>
#3 0x561036874f27 <unknown>
#4 0x5610368762d9 <unknown>
#5 0x56103687529e <unknown>
#6 0x5610368743d2 <unknown>
#7 0x561036874225 <unknown>
#8 0x561036872dc6 <unknown>
#9 0x561036873244 <unknown>
#10 0x56103688be88 <unknown>
#11 0x5610368feb05 <unknown>
#12 0x5610368e6b32 <unknown>
#13 0x5610368fe47c <unknown>
#14 0x5610368e6903 <unknown>
#15 0x5610368b9ece <unknown>
#16 0x5610368bafde <unknown>
#17 0x561036b1b63e <unknown>
#18 0x561036b1eb79 <unknown>
#19 0x561036b0189e <unknown>
#20 0x561036b1fa83 <unknown>
#21 0x561036af4505 <unknown>
#22 0x561036b40ca8 <unknown>
#23 0x561036b40e36 <unknown>
#24 0x561036b5c333 <unknown>
#25 0x7f973023c609 start_thread
; 912)
[2023-02-13T20:53:53.026+0530] {local_task_job.py:159} INFO - Task exited with return code 1
[2023-02-13T20:53:53.047+0530] {taskinstance.py:2582} INFO - 0 downstream tasks scheduled from follow-on schedule check
