[2023-02-02T00:36:01.663+0530] {taskinstance.py:1087} INFO - Dependencies all met for <TaskInstance: NSE_Open_Interest.extract scheduled__2023-01-21T00:00:00+00:00 [queued]>
[2023-02-02T00:36:01.673+0530] {taskinstance.py:1087} INFO - Dependencies all met for <TaskInstance: NSE_Open_Interest.extract scheduled__2023-01-21T00:00:00+00:00 [queued]>
[2023-02-02T00:36:01.674+0530] {taskinstance.py:1283} INFO - 
--------------------------------------------------------------------------------
[2023-02-02T00:36:01.674+0530] {taskinstance.py:1284} INFO - Starting attempt 1 of 4
[2023-02-02T00:36:01.674+0530] {taskinstance.py:1285} INFO - 
--------------------------------------------------------------------------------
[2023-02-02T00:36:01.693+0530] {taskinstance.py:1304} INFO - Executing <Task(PythonOperator): extract> on 2023-01-21 00:00:00+00:00
[2023-02-02T00:36:01.698+0530] {standard_task_runner.py:55} INFO - Started process 3836 to run task
[2023-02-02T00:36:01.701+0530] {standard_task_runner.py:82} INFO - Running: ['airflow', 'tasks', 'run', 'NSE_Open_Interest', 'extract', 'scheduled__2023-01-21T00:00:00+00:00', '--job-id', '3393', '--raw', '--subdir', 'DAGS_FOLDER/NSE_Open_Interest.py', '--cfg-path', '/tmp/tmpv9iies9c']
[2023-02-02T00:36:01.703+0530] {standard_task_runner.py:83} INFO - Job 3393: Subtask extract
[2023-02-02T00:36:01.749+0530] {task_command.py:389} INFO - Running <TaskInstance: NSE_Open_Interest.extract scheduled__2023-01-21T00:00:00+00:00 [running]> on host DESKTOP-SQIOQPD.
[2023-02-02T00:36:01.825+0530] {taskinstance.py:1511} INFO - Exporting the following env vars:
AIRFLOW_CTX_DAG_EMAIL=nikheleshbhattacharyya@gmail.com
AIRFLOW_CTX_DAG_OWNER=airflow
AIRFLOW_CTX_DAG_ID=NSE_Open_Interest
AIRFLOW_CTX_TASK_ID=extract
AIRFLOW_CTX_EXECUTION_DATE=2023-01-21T00:00:00+00:00
AIRFLOW_CTX_TRY_NUMBER=1
AIRFLOW_CTX_DAG_RUN_ID=scheduled__2023-01-21T00:00:00+00:00
[2023-02-02T00:36:01.827+0530] {logging_mixin.py:137} INFO - 2020-02-14 00:00:00
[2023-02-02T00:36:01.866+0530] {logging_mixin.py:137} INFO - 2020-02-15 00:00:00
[2023-02-02T00:36:01.901+0530] {logging_mixin.py:137} INFO - 2020-02-16 00:00:00
[2023-02-02T00:36:01.936+0530] {logging_mixin.py:137} INFO - 2020-02-17 00:00:00
[2023-02-02T00:36:02.049+0530] {logging_mixin.py:137} INFO - 2020-02-18 00:00:00
[2023-02-02T00:36:02.173+0530] {logging_mixin.py:137} INFO - 2020-02-19 00:00:00
[2023-02-02T00:36:02.266+0530] {logging_mixin.py:137} INFO - 2020-02-20 00:00:00
[2023-02-02T00:36:02.354+0530] {logging_mixin.py:137} INFO - 2020-02-21 00:00:00
[2023-02-02T00:36:05.654+0530] {logging_mixin.py:137} INFO - 2020-02-22 00:00:00
[2023-02-02T00:36:05.688+0530] {logging_mixin.py:137} INFO - 2020-02-23 00:00:00
[2023-02-02T00:36:08.820+0530] {logging_mixin.py:137} INFO - 2020-02-24 00:00:00
[2023-02-02T00:36:09.590+0530] {logging_mixin.py:137} INFO - 2020-02-25 00:00:00
[2023-02-02T00:36:09.627+0530] {logging_mixin.py:137} INFO - 2020-02-26 00:00:00
[2023-02-02T00:36:09.659+0530] {logging_mixin.py:137} INFO - 2020-02-27 00:00:00
[2023-02-02T00:36:09.877+0530] {logging_mixin.py:137} INFO - 2020-02-28 00:00:00
[2023-02-02T00:36:09.911+0530] {logging_mixin.py:137} INFO - 2020-02-29 00:00:00
[2023-02-02T00:36:13.206+0530] {logging_mixin.py:137} INFO - 2020-03-01 00:00:00
[2023-02-02T00:36:16.400+0530] {logging_mixin.py:137} INFO - 2020-03-02 00:00:00
[2023-02-02T00:36:16.836+0530] {logging_mixin.py:137} INFO - 2020-03-03 00:00:00
[2023-02-02T00:36:16.867+0530] {logging_mixin.py:137} INFO - 2020-03-04 00:00:00
[2023-02-02T00:36:16.918+0530] {logging_mixin.py:137} INFO - 2020-03-05 00:00:00
[2023-02-02T00:36:17.015+0530] {logging_mixin.py:137} INFO - 2020-03-06 00:00:00
[2023-02-02T00:36:17.049+0530] {logging_mixin.py:137} INFO - 2020-03-07 00:00:00
[2023-02-02T00:36:17.084+0530] {logging_mixin.py:137} INFO - 2020-03-08 00:00:00
[2023-02-02T00:36:17.117+0530] {logging_mixin.py:137} INFO - 2020-03-09 00:00:00
[2023-02-02T00:36:17.158+0530] {logging_mixin.py:137} INFO - 2020-03-10 00:00:00
[2023-02-02T00:36:17.199+0530] {logging_mixin.py:137} INFO - 2020-03-11 00:00:00
[2023-02-02T00:36:17.229+0530] {logging_mixin.py:137} INFO - 2020-03-12 00:00:00
[2023-02-02T00:36:17.337+0530] {logging_mixin.py:137} INFO - 2020-03-13 00:00:00
[2023-02-02T00:36:17.435+0530] {logging_mixin.py:137} INFO - 2020-03-14 00:00:00
[2023-02-02T00:36:17.468+0530] {logging_mixin.py:137} INFO - 2020-03-15 00:00:00
[2023-02-02T00:36:17.499+0530] {logging_mixin.py:137} INFO - 2020-03-16 00:00:00
[2023-02-02T00:36:17.530+0530] {logging_mixin.py:137} INFO - 2020-03-17 00:00:00
[2023-02-02T00:36:17.568+0530] {logging_mixin.py:137} INFO - 2020-03-18 00:00:00
[2023-02-02T00:36:17.599+0530] {logging_mixin.py:137} INFO - 2020-03-19 00:00:00
[2023-02-02T00:36:17.632+0530] {logging_mixin.py:137} INFO - 2020-03-20 00:00:00
[2023-02-02T00:36:17.660+0530] {logging_mixin.py:137} INFO - 2020-03-21 00:00:00
[2023-02-02T00:36:17.694+0530] {logging_mixin.py:137} INFO - 2020-03-22 00:00:00
[2023-02-02T00:36:17.729+0530] {logging_mixin.py:137} INFO - 2020-03-23 00:00:00
[2023-02-02T00:36:17.781+0530] {logging_mixin.py:137} INFO - 2020-03-24 00:00:00
[2023-02-02T00:36:18.246+0530] {taskinstance.py:1772} ERROR - Task failed with exception
Traceback (most recent call last):
  File "/usr/local/lib/python3.8/dist-packages/airflow/operators/python.py", line 175, in execute
    return_value = self.execute_callable()
  File "/usr/local/lib/python3.8/dist-packages/airflow/operators/python.py", line 192, in execute_callable
    return self.python_callable(*self.op_args, **self.op_kwargs)
  File "/root/airflow/dags/NSE_Open_Interest.py", line 83, in extract
    dd,values = get_data(date)
TypeError: cannot unpack non-iterable int object
[2023-02-02T00:36:18.251+0530] {taskinstance.py:1322} INFO - Marking task as UP_FOR_RETRY. dag_id=NSE_Open_Interest, task_id=extract, execution_date=20230121T000000, start_date=20230201T190601, end_date=20230201T190618
[2023-02-02T00:36:18.264+0530] {standard_task_runner.py:100} ERROR - Failed to execute job 3393 for task extract (cannot unpack non-iterable int object; 3836)
[2023-02-02T00:36:18.301+0530] {local_task_job.py:159} INFO - Task exited with return code 1
[2023-02-02T00:36:18.326+0530] {taskinstance.py:2582} INFO - 0 downstream tasks scheduled from follow-on schedule check
