[2023-01-06T11:16:39.447+0530] {taskinstance.py:1087} INFO - Dependencies all met for <TaskInstance: FX__Turnover.start_task scheduled__2023-01-05T00:00:00+00:00 [queued]>
[2023-01-06T11:16:39.485+0530] {taskinstance.py:1087} INFO - Dependencies all met for <TaskInstance: FX__Turnover.start_task scheduled__2023-01-05T00:00:00+00:00 [queued]>
[2023-01-06T11:16:39.486+0530] {taskinstance.py:1283} INFO - 
--------------------------------------------------------------------------------
[2023-01-06T11:16:39.487+0530] {taskinstance.py:1284} INFO - Starting attempt 1 of 4
[2023-01-06T11:16:39.487+0530] {taskinstance.py:1285} INFO - 
--------------------------------------------------------------------------------
[2023-01-06T11:16:39.525+0530] {taskinstance.py:1304} INFO - Executing <Task(BashOperator): start_task> on 2023-01-05 00:00:00+00:00
[2023-01-06T11:16:39.559+0530] {standard_task_runner.py:55} INFO - Started process 32302 to run task
[2023-01-06T11:16:39.618+0530] {standard_task_runner.py:82} INFO - Running: ['airflow', 'tasks', 'run', 'FX__Turnover', 'start_task', 'scheduled__2023-01-05T00:00:00+00:00', '--job-id', '2886', '--raw', '--subdir', 'DAGS_FOLDER/FX_turnover.py', '--cfg-path', '/tmp/tmpixahwtei']
[2023-01-06T11:16:39.631+0530] {standard_task_runner.py:83} INFO - Job 2886: Subtask start_task
[2023-01-06T11:16:39.893+0530] {task_command.py:389} INFO - Running <TaskInstance: FX__Turnover.start_task scheduled__2023-01-05T00:00:00+00:00 [running]> on host DESKTOP-SQIOQPD.
[2023-01-06T11:16:40.455+0530] {taskinstance.py:1511} INFO - Exporting the following env vars:
AIRFLOW_CTX_DAG_EMAIL=nikheleshbhattacharyya@gmail.com
AIRFLOW_CTX_DAG_OWNER=airflow
AIRFLOW_CTX_DAG_ID=FX__Turnover
AIRFLOW_CTX_TASK_ID=start_task
AIRFLOW_CTX_EXECUTION_DATE=2023-01-05T00:00:00+00:00
AIRFLOW_CTX_TRY_NUMBER=1
AIRFLOW_CTX_DAG_RUN_ID=scheduled__2023-01-05T00:00:00+00:00
[2023-01-06T11:16:40.467+0530] {subprocess.py:63} INFO - Tmp dir root location: 
 /tmp
[2023-01-06T11:16:40.468+0530] {subprocess.py:75} INFO - Running command: ['/usr/bin/bash', '-c', 'echo start']
[2023-01-06T11:16:40.600+0530] {subprocess.py:86} INFO - Output:
[2023-01-06T11:16:40.670+0530] {subprocess.py:93} INFO - start
[2023-01-06T11:16:40.672+0530] {subprocess.py:97} INFO - Command exited with return code 0
[2023-01-06T11:16:40.778+0530] {taskinstance.py:1322} INFO - Marking task as SUCCESS. dag_id=FX__Turnover, task_id=start_task, execution_date=20230105T000000, start_date=20230106T054639, end_date=20230106T054640
[2023-01-06T11:16:40.861+0530] {local_task_job.py:159} INFO - Task exited with return code 0
[2023-01-06T11:16:41.014+0530] {taskinstance.py:2582} INFO - 1 downstream tasks scheduled from follow-on schedule check
