[2023-02-14T11:01:10.095+0530] {taskinstance.py:1087} INFO - Dependencies all met for <TaskInstance: Monthly.finish_task scheduled__2023-02-04T00:00:00+00:00 [queued]>
[2023-02-14T11:01:10.124+0530] {taskinstance.py:1087} INFO - Dependencies all met for <TaskInstance: Monthly.finish_task scheduled__2023-02-04T00:00:00+00:00 [queued]>
[2023-02-14T11:01:10.126+0530] {taskinstance.py:1283} INFO - 
--------------------------------------------------------------------------------
[2023-02-14T11:01:10.126+0530] {taskinstance.py:1284} INFO - Starting attempt 1 of 4
[2023-02-14T11:01:10.127+0530] {taskinstance.py:1285} INFO - 
--------------------------------------------------------------------------------
[2023-02-14T11:01:10.214+0530] {taskinstance.py:1304} INFO - Executing <Task(BashOperator): finish_task> on 2023-02-04 00:00:00+00:00
[2023-02-14T11:01:10.237+0530] {standard_task_runner.py:55} INFO - Started process 8410 to run task
[2023-02-14T11:01:10.245+0530] {standard_task_runner.py:82} INFO - Running: ['airflow', 'tasks', 'run', 'Monthly', 'finish_task', 'scheduled__2023-02-04T00:00:00+00:00', '--job-id', '4256', '--raw', '--subdir', 'DAGS_FOLDER/Monthly.py', '--cfg-path', '/tmp/tmpc80qmm6w']
[2023-02-14T11:01:10.248+0530] {standard_task_runner.py:83} INFO - Job 4256: Subtask finish_task
[2023-02-14T11:01:10.362+0530] {task_command.py:389} INFO - Running <TaskInstance: Monthly.finish_task scheduled__2023-02-04T00:00:00+00:00 [running]> on host DESKTOP-SQIOQPD.
[2023-02-14T11:01:10.493+0530] {taskinstance.py:1511} INFO - Exporting the following env vars:
AIRFLOW_CTX_DAG_EMAIL=nikheleshbhattacharyya@gmail.com
AIRFLOW_CTX_DAG_OWNER=airflow
AIRFLOW_CTX_DAG_ID=Monthly
AIRFLOW_CTX_TASK_ID=finish_task
AIRFLOW_CTX_EXECUTION_DATE=2023-02-04T00:00:00+00:00
AIRFLOW_CTX_TRY_NUMBER=1
AIRFLOW_CTX_DAG_RUN_ID=scheduled__2023-02-04T00:00:00+00:00
[2023-02-14T11:01:10.494+0530] {subprocess.py:63} INFO - Tmp dir root location: 
 /tmp
[2023-02-14T11:01:10.495+0530] {subprocess.py:75} INFO - Running command: ['/usr/bin/bash', '-c', 'echo finish']
[2023-02-14T11:01:10.521+0530] {subprocess.py:86} INFO - Output:
[2023-02-14T11:01:10.524+0530] {subprocess.py:93} INFO - finish
[2023-02-14T11:01:10.524+0530] {subprocess.py:97} INFO - Command exited with return code 0
[2023-02-14T11:01:10.559+0530] {taskinstance.py:1322} INFO - Marking task as SUCCESS. dag_id=Monthly, task_id=finish_task, execution_date=20230204T000000, start_date=20230214T053110, end_date=20230214T053110
[2023-02-14T11:01:10.619+0530] {local_task_job.py:159} INFO - Task exited with return code 0
[2023-02-14T11:01:10.637+0530] {taskinstance.py:2582} INFO - 0 downstream tasks scheduled from follow-on schedule check
