[2023-02-02T00:16:23.514+0530] {taskinstance.py:1087} INFO - Dependencies all met for <TaskInstance: FX__Turnover.finish_task scheduled__2023-01-14T00:00:00+00:00 [queued]>
[2023-02-02T00:16:23.525+0530] {taskinstance.py:1087} INFO - Dependencies all met for <TaskInstance: FX__Turnover.finish_task scheduled__2023-01-14T00:00:00+00:00 [queued]>
[2023-02-02T00:16:23.526+0530] {taskinstance.py:1283} INFO - 
--------------------------------------------------------------------------------
[2023-02-02T00:16:23.526+0530] {taskinstance.py:1284} INFO - Starting attempt 1 of 4
[2023-02-02T00:16:23.526+0530] {taskinstance.py:1285} INFO - 
--------------------------------------------------------------------------------
[2023-02-02T00:16:23.541+0530] {taskinstance.py:1304} INFO - Executing <Task(BashOperator): finish_task> on 2023-01-14 00:00:00+00:00
[2023-02-02T00:16:23.545+0530] {standard_task_runner.py:55} INFO - Started process 3531 to run task
[2023-02-02T00:16:23.550+0530] {standard_task_runner.py:82} INFO - Running: ['airflow', 'tasks', 'run', 'FX__Turnover', 'finish_task', 'scheduled__2023-01-14T00:00:00+00:00', '--job-id', '3371', '--raw', '--subdir', 'DAGS_FOLDER/FX_turnover.py', '--cfg-path', '/tmp/tmpy_eu8c0h']
[2023-02-02T00:16:23.551+0530] {standard_task_runner.py:83} INFO - Job 3371: Subtask finish_task
[2023-02-02T00:16:23.598+0530] {task_command.py:389} INFO - Running <TaskInstance: FX__Turnover.finish_task scheduled__2023-01-14T00:00:00+00:00 [running]> on host DESKTOP-SQIOQPD.
[2023-02-02T00:16:23.669+0530] {taskinstance.py:1511} INFO - Exporting the following env vars:
AIRFLOW_CTX_DAG_EMAIL=nikheleshbhattacharyya@gmail.com
AIRFLOW_CTX_DAG_OWNER=airflow
AIRFLOW_CTX_DAG_ID=FX__Turnover
AIRFLOW_CTX_TASK_ID=finish_task
AIRFLOW_CTX_EXECUTION_DATE=2023-01-14T00:00:00+00:00
AIRFLOW_CTX_TRY_NUMBER=1
AIRFLOW_CTX_DAG_RUN_ID=scheduled__2023-01-14T00:00:00+00:00
[2023-02-02T00:16:23.670+0530] {subprocess.py:63} INFO - Tmp dir root location: 
 /tmp
[2023-02-02T00:16:23.670+0530] {subprocess.py:75} INFO - Running command: ['/usr/bin/bash', '-c', 'echo finish']
[2023-02-02T00:16:23.681+0530] {subprocess.py:86} INFO - Output:
[2023-02-02T00:16:23.682+0530] {subprocess.py:93} INFO - finish
[2023-02-02T00:16:23.682+0530] {subprocess.py:97} INFO - Command exited with return code 0
[2023-02-02T00:16:23.701+0530] {taskinstance.py:1322} INFO - Marking task as SUCCESS. dag_id=FX__Turnover, task_id=finish_task, execution_date=20230114T000000, start_date=20230201T184623, end_date=20230201T184623
[2023-02-02T00:16:23.722+0530] {local_task_job.py:159} INFO - Task exited with return code 0
[2023-02-02T00:16:23.735+0530] {taskinstance.py:2582} INFO - 0 downstream tasks scheduled from follow-on schedule check
