[2022-12-27T17:30:06.619+0530] {taskinstance.py:1087} INFO - Dependencies all met for <TaskInstance: Money__Market.start_task scheduled__2022-12-27T10:00:00+00:00 [queued]>
[2022-12-27T17:30:06.638+0530] {taskinstance.py:1087} INFO - Dependencies all met for <TaskInstance: Money__Market.start_task scheduled__2022-12-27T10:00:00+00:00 [queued]>
[2022-12-27T17:30:06.638+0530] {taskinstance.py:1283} INFO - 
--------------------------------------------------------------------------------
[2022-12-27T17:30:06.638+0530] {taskinstance.py:1284} INFO - Starting attempt 1 of 4
[2022-12-27T17:30:06.638+0530] {taskinstance.py:1285} INFO - 
--------------------------------------------------------------------------------
[2022-12-27T17:30:06.671+0530] {taskinstance.py:1304} INFO - Executing <Task(BashOperator): start_task> on 2022-12-27 10:00:00+00:00
[2022-12-27T17:30:06.685+0530] {standard_task_runner.py:55} INFO - Started process 14286 to run task
[2022-12-27T17:30:06.737+0530] {standard_task_runner.py:82} INFO - Running: ['airflow', 'tasks', 'run', 'Money__Market', 'start_task', 'scheduled__2022-12-27T10:00:00+00:00', '--job-id', '1264', '--raw', '--subdir', 'DAGS_FOLDER/Money_Market.py', '--cfg-path', '/tmp/tmp38oq9dlu']
[2022-12-27T17:30:06.751+0530] {standard_task_runner.py:83} INFO - Job 1264: Subtask start_task
[2022-12-27T17:30:07.233+0530] {task_command.py:389} INFO - Running <TaskInstance: Money__Market.start_task scheduled__2022-12-27T10:00:00+00:00 [running]> on host DESKTOP-SQIOQPD.
[2022-12-27T17:30:07.482+0530] {taskinstance.py:1511} INFO - Exporting the following env vars:
AIRFLOW_CTX_DAG_EMAIL=nikheleshbhattacharyya@gmail.com
AIRFLOW_CTX_DAG_OWNER=airflow
AIRFLOW_CTX_DAG_ID=Money__Market
AIRFLOW_CTX_TASK_ID=start_task
AIRFLOW_CTX_EXECUTION_DATE=2022-12-27T10:00:00+00:00
AIRFLOW_CTX_TRY_NUMBER=1
AIRFLOW_CTX_DAG_RUN_ID=scheduled__2022-12-27T10:00:00+00:00
[2022-12-27T17:30:07.486+0530] {subprocess.py:63} INFO - Tmp dir root location: 
 /tmp
[2022-12-27T17:30:07.489+0530] {subprocess.py:75} INFO - Running command: ['/usr/bin/bash', '-c', 'echo start']
[2022-12-27T17:30:07.507+0530] {subprocess.py:86} INFO - Output:
[2022-12-27T17:30:07.535+0530] {subprocess.py:93} INFO - start
[2022-12-27T17:30:07.536+0530] {subprocess.py:97} INFO - Command exited with return code 0
[2022-12-27T17:30:07.565+0530] {taskinstance.py:1322} INFO - Marking task as SUCCESS. dag_id=Money__Market, task_id=start_task, execution_date=20221227T100000, start_date=20221227T120006, end_date=20221227T120007
[2022-12-27T17:30:07.622+0530] {local_task_job.py:159} INFO - Task exited with return code 0
[2022-12-27T17:30:07.650+0530] {taskinstance.py:2582} INFO - 1 downstream tasks scheduled from follow-on schedule check
