[2023-03-17T05:07:18.337+0530] {taskinstance.py:1087} INFO - Dependencies all met for <TaskInstance: Monthly.start_task scheduled__2023-03-03T00:00:00+00:00 [queued]>
[2023-03-17T05:07:18.356+0530] {taskinstance.py:1087} INFO - Dependencies all met for <TaskInstance: Monthly.start_task scheduled__2023-03-03T00:00:00+00:00 [queued]>
[2023-03-17T05:07:18.356+0530] {taskinstance.py:1283} INFO - 
--------------------------------------------------------------------------------
[2023-03-17T05:07:18.357+0530] {taskinstance.py:1284} INFO - Starting attempt 1 of 4
[2023-03-17T05:07:18.357+0530] {taskinstance.py:1285} INFO - 
--------------------------------------------------------------------------------
[2023-03-17T05:07:18.376+0530] {taskinstance.py:1304} INFO - Executing <Task(BashOperator): start_task> on 2023-03-03 00:00:00+00:00
[2023-03-17T05:07:18.388+0530] {standard_task_runner.py:55} INFO - Started process 5566 to run task
[2023-03-17T05:07:18.391+0530] {standard_task_runner.py:82} INFO - Running: ['airflow', 'tasks', 'run', 'Monthly', 'start_task', 'scheduled__2023-03-03T00:00:00+00:00', '--job-id', '4898', '--raw', '--subdir', 'DAGS_FOLDER/Monthly.py', '--cfg-path', '/tmp/tmpykmphksq']
[2023-03-17T05:07:18.393+0530] {standard_task_runner.py:83} INFO - Job 4898: Subtask start_task
[2023-03-17T05:07:18.461+0530] {task_command.py:389} INFO - Running <TaskInstance: Monthly.start_task scheduled__2023-03-03T00:00:00+00:00 [running]> on host DESKTOP-SQIOQPD.
[2023-03-17T05:07:18.770+0530] {taskinstance.py:1511} INFO - Exporting the following env vars:
AIRFLOW_CTX_DAG_EMAIL=nikheleshbhattacharyya@gmail.com
AIRFLOW_CTX_DAG_OWNER=airflow
AIRFLOW_CTX_DAG_ID=Monthly
AIRFLOW_CTX_TASK_ID=start_task
AIRFLOW_CTX_EXECUTION_DATE=2023-03-03T00:00:00+00:00
AIRFLOW_CTX_TRY_NUMBER=1
AIRFLOW_CTX_DAG_RUN_ID=scheduled__2023-03-03T00:00:00+00:00
[2023-03-17T05:07:18.773+0530] {subprocess.py:63} INFO - Tmp dir root location: 
 /tmp
[2023-03-17T05:07:18.775+0530] {subprocess.py:75} INFO - Running command: ['/usr/bin/bash', '-c', 'echo start']
[2023-03-17T05:07:18.797+0530] {subprocess.py:86} INFO - Output:
[2023-03-17T05:07:18.813+0530] {subprocess.py:93} INFO - start
[2023-03-17T05:07:18.814+0530] {subprocess.py:97} INFO - Command exited with return code 0
[2023-03-17T05:07:18.836+0530] {taskinstance.py:1322} INFO - Marking task as SUCCESS. dag_id=Monthly, task_id=start_task, execution_date=20230303T000000, start_date=20230316T233718, end_date=20230316T233718
[2023-03-17T05:07:18.887+0530] {local_task_job.py:159} INFO - Task exited with return code 0
[2023-03-17T05:07:18.916+0530] {taskinstance.py:2582} INFO - 1 downstream tasks scheduled from follow-on schedule check
