[2023-02-13T20:31:14.760+0530] {taskinstance.py:1087} INFO - Dependencies all met for <TaskInstance: FX_Reserves.start_task scheduled__2023-02-04T00:00:00+00:00 [queued]>
[2023-02-13T20:31:14.768+0530] {taskinstance.py:1087} INFO - Dependencies all met for <TaskInstance: FX_Reserves.start_task scheduled__2023-02-04T00:00:00+00:00 [queued]>
[2023-02-13T20:31:14.768+0530] {taskinstance.py:1283} INFO - 
--------------------------------------------------------------------------------
[2023-02-13T20:31:14.768+0530] {taskinstance.py:1284} INFO - Starting attempt 1 of 4
[2023-02-13T20:31:14.768+0530] {taskinstance.py:1285} INFO - 
--------------------------------------------------------------------------------
[2023-02-13T20:31:14.785+0530] {taskinstance.py:1304} INFO - Executing <Task(BashOperator): start_task> on 2023-02-04 00:00:00+00:00
[2023-02-13T20:31:14.791+0530] {standard_task_runner.py:55} INFO - Started process 558 to run task
[2023-02-13T20:31:14.794+0530] {standard_task_runner.py:82} INFO - Running: ['airflow', 'tasks', 'run', 'FX_Reserves', 'start_task', 'scheduled__2023-02-04T00:00:00+00:00', '--job-id', '3981', '--raw', '--subdir', 'DAGS_FOLDER/FX_Reserves_Data.py', '--cfg-path', '/tmp/tmp6keyr1xz']
[2023-02-13T20:31:14.795+0530] {standard_task_runner.py:83} INFO - Job 3981: Subtask start_task
[2023-02-13T20:31:14.863+0530] {task_command.py:389} INFO - Running <TaskInstance: FX_Reserves.start_task scheduled__2023-02-04T00:00:00+00:00 [running]> on host DESKTOP-SQIOQPD.
[2023-02-13T20:31:14.940+0530] {taskinstance.py:1511} INFO - Exporting the following env vars:
AIRFLOW_CTX_DAG_EMAIL=nikheleshbhattacharyya@gmail.com
AIRFLOW_CTX_DAG_OWNER=airflow
AIRFLOW_CTX_DAG_ID=FX_Reserves
AIRFLOW_CTX_TASK_ID=start_task
AIRFLOW_CTX_EXECUTION_DATE=2023-02-04T00:00:00+00:00
AIRFLOW_CTX_TRY_NUMBER=1
AIRFLOW_CTX_DAG_RUN_ID=scheduled__2023-02-04T00:00:00+00:00
[2023-02-13T20:31:14.941+0530] {subprocess.py:63} INFO - Tmp dir root location: 
 /tmp
[2023-02-13T20:31:14.941+0530] {subprocess.py:75} INFO - Running command: ['/usr/bin/bash', '-c', 'echo start']
[2023-02-13T20:31:14.951+0530] {subprocess.py:86} INFO - Output:
[2023-02-13T20:31:14.953+0530] {subprocess.py:93} INFO - start
[2023-02-13T20:31:14.953+0530] {subprocess.py:97} INFO - Command exited with return code 0
[2023-02-13T20:31:14.973+0530] {taskinstance.py:1322} INFO - Marking task as SUCCESS. dag_id=FX_Reserves, task_id=start_task, execution_date=20230204T000000, start_date=20230213T150114, end_date=20230213T150114
[2023-02-13T20:31:15.007+0530] {local_task_job.py:159} INFO - Task exited with return code 0
[2023-02-13T20:31:15.035+0530] {taskinstance.py:2582} INFO - 1 downstream tasks scheduled from follow-on schedule check
