[2023-02-03T12:39:18.336+0530] {taskinstance.py:1087} INFO - Dependencies all met for <TaskInstance: NSE_Open_Interest.extract manual__2023-02-03T07:06:41.932867+00:00 [queued]>
[2023-02-03T12:39:18.345+0530] {taskinstance.py:1087} INFO - Dependencies all met for <TaskInstance: NSE_Open_Interest.extract manual__2023-02-03T07:06:41.932867+00:00 [queued]>
[2023-02-03T12:39:18.345+0530] {taskinstance.py:1283} INFO - 
--------------------------------------------------------------------------------
[2023-02-03T12:39:18.345+0530] {taskinstance.py:1284} INFO - Starting attempt 2 of 4
[2023-02-03T12:39:18.346+0530] {taskinstance.py:1285} INFO - 
--------------------------------------------------------------------------------
[2023-02-03T12:39:18.363+0530] {taskinstance.py:1304} INFO - Executing <Task(PythonOperator): extract> on 2023-02-03 07:06:41.932867+00:00
[2023-02-03T12:39:18.369+0530] {standard_task_runner.py:55} INFO - Started process 26129 to run task
[2023-02-03T12:39:18.377+0530] {standard_task_runner.py:82} INFO - Running: ['airflow', 'tasks', 'run', 'NSE_Open_Interest', 'extract', 'manual__2023-02-03T07:06:41.932867+00:00', '--job-id', '3948', '--raw', '--subdir', 'DAGS_FOLDER/NSE_Open_Interest.py', '--cfg-path', '/tmp/tmp2p5bra62']
[2023-02-03T12:39:18.379+0530] {standard_task_runner.py:83} INFO - Job 3948: Subtask extract
[2023-02-03T12:39:18.487+0530] {task_command.py:389} INFO - Running <TaskInstance: NSE_Open_Interest.extract manual__2023-02-03T07:06:41.932867+00:00 [running]> on host DESKTOP-SQIOQPD.
[2023-02-03T12:39:18.592+0530] {taskinstance.py:1511} INFO - Exporting the following env vars:
AIRFLOW_CTX_DAG_EMAIL=nikheleshbhattacharyya@gmail.com
AIRFLOW_CTX_DAG_OWNER=airflow
AIRFLOW_CTX_DAG_ID=NSE_Open_Interest
AIRFLOW_CTX_TASK_ID=extract
AIRFLOW_CTX_EXECUTION_DATE=2023-02-03T07:06:41.932867+00:00
AIRFLOW_CTX_TRY_NUMBER=2
AIRFLOW_CTX_DAG_RUN_ID=manual__2023-02-03T07:06:41.932867+00:00
[2023-02-03T12:39:18.593+0530] {logging_mixin.py:137} INFO - 2020-02-14 00:00:00
[2023-02-03T12:39:18.698+0530] {logging_mixin.py:137} INFO - 2020-02-15 00:00:00
[2023-02-03T12:39:18.721+0530] {logging_mixin.py:137} INFO - 2020-02-16 00:00:00
[2023-02-03T12:39:18.748+0530] {logging_mixin.py:137} INFO - 2020-02-17 00:00:00
[2023-02-03T12:39:18.773+0530] {logging_mixin.py:137} INFO - 2020-02-18 00:00:00
[2023-02-03T12:39:18.800+0530] {logging_mixin.py:137} INFO - 2020-02-19 00:00:00
[2023-02-03T12:39:18.824+0530] {logging_mixin.py:137} INFO - 2020-02-20 00:00:00
[2023-02-03T12:39:18.846+0530] {logging_mixin.py:137} INFO - 2020-02-21 00:00:00
[2023-02-03T12:39:18.866+0530] {logging_mixin.py:137} INFO - 2020-02-22 00:00:00
[2023-02-03T12:39:18.890+0530] {logging_mixin.py:137} INFO - 2020-02-23 00:00:00
[2023-02-03T12:39:22.076+0530] {logging_mixin.py:137} INFO - 2020-02-24 00:00:00
[2023-02-03T12:39:22.102+0530] {logging_mixin.py:137} INFO - 2020-02-25 00:00:00
[2023-02-03T12:39:22.133+0530] {logging_mixin.py:137} INFO - 2020-02-26 00:00:00
[2023-02-03T12:39:22.163+0530] {logging_mixin.py:137} INFO - 2020-02-27 00:00:00
[2023-02-03T12:39:22.588+0530] {logging_mixin.py:137} INFO - 2020-02-28 00:00:00
[2023-02-03T12:39:22.613+0530] {logging_mixin.py:137} INFO - 2020-02-29 00:00:00
[2023-02-03T12:39:25.762+0530] {logging_mixin.py:137} INFO - 2020-03-01 00:00:00
[2023-02-03T12:39:25.818+0530] {logging_mixin.py:137} INFO - 2020-03-02 00:00:00
[2023-02-03T12:39:25.844+0530] {logging_mixin.py:137} INFO - 2020-03-03 00:00:00
[2023-02-03T12:39:26.036+0530] {taskinstance.py:1772} ERROR - Task failed with exception
Traceback (most recent call last):
  File "/usr/local/lib/python3.8/dist-packages/airflow/operators/python.py", line 175, in execute
    return_value = self.execute_callable()
  File "/usr/local/lib/python3.8/dist-packages/airflow/operators/python.py", line 192, in execute_callable
    return self.python_callable(*self.op_args, **self.op_kwargs)
  File "/root/airflow/dags/NSE_Open_Interest.py", line 83, in extract
    dd,values = get_data(date)
TypeError: cannot unpack non-iterable NoneType object
[2023-02-03T12:39:26.043+0530] {taskinstance.py:1322} INFO - Marking task as UP_FOR_RETRY. dag_id=NSE_Open_Interest, task_id=extract, execution_date=20230203T070641, start_date=20230203T070918, end_date=20230203T070926
[2023-02-03T12:39:26.064+0530] {standard_task_runner.py:100} ERROR - Failed to execute job 3948 for task extract (cannot unpack non-iterable NoneType object; 26129)
[2023-02-03T12:39:26.104+0530] {local_task_job.py:159} INFO - Task exited with return code 1
[2023-02-03T12:39:26.126+0530] {taskinstance.py:2582} INFO - 0 downstream tasks scheduled from follow-on schedule check
