[2023-02-03T01:26:56.516+0530] {taskinstance.py:1087} INFO - Dependencies all met for <TaskInstance: NSE_Open_Interest.extract manual__2023-02-02T03:19:33.089195+00:00 [queued]>
[2023-02-03T01:26:56.523+0530] {taskinstance.py:1087} INFO - Dependencies all met for <TaskInstance: NSE_Open_Interest.extract manual__2023-02-02T03:19:33.089195+00:00 [queued]>
[2023-02-03T01:26:56.523+0530] {taskinstance.py:1283} INFO - 
--------------------------------------------------------------------------------
[2023-02-03T01:26:56.523+0530] {taskinstance.py:1284} INFO - Starting attempt 2 of 4
[2023-02-03T01:26:56.524+0530] {taskinstance.py:1285} INFO - 
--------------------------------------------------------------------------------
[2023-02-03T01:26:56.539+0530] {taskinstance.py:1304} INFO - Executing <Task(PythonOperator): extract> on 2023-02-02 03:19:33.089195+00:00
[2023-02-03T01:26:56.545+0530] {standard_task_runner.py:55} INFO - Started process 9871 to run task
[2023-02-03T01:26:56.547+0530] {standard_task_runner.py:82} INFO - Running: ['airflow', 'tasks', 'run', 'NSE_Open_Interest', 'extract', 'manual__2023-02-02T03:19:33.089195+00:00', '--job-id', '3753', '--raw', '--subdir', 'DAGS_FOLDER/NSE_Open_Interest.py', '--cfg-path', '/tmp/tmpcxcvj8lg']
[2023-02-03T01:26:56.548+0530] {standard_task_runner.py:83} INFO - Job 3753: Subtask extract
[2023-02-03T01:26:56.595+0530] {task_command.py:389} INFO - Running <TaskInstance: NSE_Open_Interest.extract manual__2023-02-02T03:19:33.089195+00:00 [running]> on host DESKTOP-SQIOQPD.
[2023-02-03T01:26:56.660+0530] {taskinstance.py:1511} INFO - Exporting the following env vars:
AIRFLOW_CTX_DAG_EMAIL=nikheleshbhattacharyya@gmail.com
AIRFLOW_CTX_DAG_OWNER=airflow
AIRFLOW_CTX_DAG_ID=NSE_Open_Interest
AIRFLOW_CTX_TASK_ID=extract
AIRFLOW_CTX_EXECUTION_DATE=2023-02-02T03:19:33.089195+00:00
AIRFLOW_CTX_TRY_NUMBER=2
AIRFLOW_CTX_DAG_RUN_ID=manual__2023-02-02T03:19:33.089195+00:00
[2023-02-03T01:26:56.662+0530] {logging_mixin.py:137} INFO - 2020-02-14 00:00:00
[2023-02-03T01:26:56.696+0530] {logging_mixin.py:137} INFO - 2020-02-15 00:00:00
[2023-02-03T01:26:56.765+0530] {logging_mixin.py:137} INFO - 2020-02-16 00:00:00
[2023-02-03T01:26:56.793+0530] {logging_mixin.py:137} INFO - 2020-02-17 00:00:00
[2023-02-03T01:26:56.818+0530] {logging_mixin.py:137} INFO - 2020-02-18 00:00:00
[2023-02-03T01:26:56.845+0530] {logging_mixin.py:137} INFO - 2020-02-19 00:00:00
[2023-02-03T01:26:56.873+0530] {logging_mixin.py:137} INFO - 2020-02-20 00:00:00
[2023-02-03T01:26:56.900+0530] {logging_mixin.py:137} INFO - 2020-02-21 00:00:00
[2023-02-03T01:26:57.160+0530] {logging_mixin.py:137} INFO - 2020-02-22 00:00:00
[2023-02-03T01:26:57.192+0530] {logging_mixin.py:137} INFO - 2020-02-23 00:00:00
[2023-02-03T01:27:00.395+0530] {logging_mixin.py:137} INFO - 2020-02-24 00:00:00
[2023-02-03T01:27:00.492+0530] {logging_mixin.py:137} INFO - 2020-02-25 00:00:00
[2023-02-03T01:27:00.517+0530] {logging_mixin.py:137} INFO - 2020-02-26 00:00:00
[2023-02-03T01:27:00.547+0530] {logging_mixin.py:137} INFO - 2020-02-27 00:00:00
[2023-02-03T01:27:00.572+0530] {logging_mixin.py:137} INFO - 2020-02-28 00:00:00
[2023-02-03T01:27:00.616+0530] {logging_mixin.py:137} INFO - 2020-02-29 00:00:00
[2023-02-03T01:27:00.654+0530] {logging_mixin.py:137} INFO - 2020-03-01 00:00:00
[2023-02-03T01:27:00.707+0530] {logging_mixin.py:137} INFO - 2020-03-02 00:00:00
[2023-02-03T01:27:00.742+0530] {logging_mixin.py:137} INFO - 2020-03-03 00:00:00
[2023-02-03T01:27:01.003+0530] {taskinstance.py:1772} ERROR - Task failed with exception
Traceback (most recent call last):
  File "/usr/local/lib/python3.8/dist-packages/airflow/operators/python.py", line 175, in execute
    return_value = self.execute_callable()
  File "/usr/local/lib/python3.8/dist-packages/airflow/operators/python.py", line 192, in execute_callable
    return self.python_callable(*self.op_args, **self.op_kwargs)
  File "/root/airflow/dags/NSE_Open_Interest.py", line 83, in extract
    dd,values = get_data(date)
TypeError: cannot unpack non-iterable NoneType object
[2023-02-03T01:27:01.008+0530] {taskinstance.py:1322} INFO - Marking task as UP_FOR_RETRY. dag_id=NSE_Open_Interest, task_id=extract, execution_date=20230202T031933, start_date=20230202T195656, end_date=20230202T195701
[2023-02-03T01:27:01.026+0530] {standard_task_runner.py:100} ERROR - Failed to execute job 3753 for task extract (cannot unpack non-iterable NoneType object; 9871)
[2023-02-03T01:27:01.076+0530] {local_task_job.py:159} INFO - Task exited with return code 1
[2023-02-03T01:27:01.097+0530] {taskinstance.py:2582} INFO - 0 downstream tasks scheduled from follow-on schedule check
