[2023-02-03T01:51:02.960+0530] {taskinstance.py:1087} INFO - Dependencies all met for <TaskInstance: FX__Turnover.load_data scheduled__2023-01-26T00:00:00+00:00 [queued]>
[2023-02-03T01:51:02.969+0530] {taskinstance.py:1087} INFO - Dependencies all met for <TaskInstance: FX__Turnover.load_data scheduled__2023-01-26T00:00:00+00:00 [queued]>
[2023-02-03T01:51:02.970+0530] {taskinstance.py:1283} INFO - 
--------------------------------------------------------------------------------
[2023-02-03T01:51:02.970+0530] {taskinstance.py:1284} INFO - Starting attempt 1 of 4
[2023-02-03T01:51:02.970+0530] {taskinstance.py:1285} INFO - 
--------------------------------------------------------------------------------
[2023-02-03T01:51:02.987+0530] {taskinstance.py:1304} INFO - Executing <Task(PythonOperator): load_data> on 2023-01-26 00:00:00+00:00
[2023-02-03T01:51:02.992+0530] {standard_task_runner.py:55} INFO - Started process 9997 to run task
[2023-02-03T01:51:02.994+0530] {standard_task_runner.py:82} INFO - Running: ['airflow', 'tasks', 'run', 'FX__Turnover', 'load_data', 'scheduled__2023-01-26T00:00:00+00:00', '--job-id', '3760', '--raw', '--subdir', 'DAGS_FOLDER/FX_turnover.py', '--cfg-path', '/tmp/tmp4z6bnlhi']
[2023-02-03T01:51:02.996+0530] {standard_task_runner.py:83} INFO - Job 3760: Subtask load_data
[2023-02-03T01:51:03.040+0530] {task_command.py:389} INFO - Running <TaskInstance: FX__Turnover.load_data scheduled__2023-01-26T00:00:00+00:00 [running]> on host DESKTOP-SQIOQPD.
[2023-02-03T01:51:03.109+0530] {taskinstance.py:1511} INFO - Exporting the following env vars:
AIRFLOW_CTX_DAG_EMAIL=nikheleshbhattacharyya@gmail.com
AIRFLOW_CTX_DAG_OWNER=airflow
AIRFLOW_CTX_DAG_ID=FX__Turnover
AIRFLOW_CTX_TASK_ID=load_data
AIRFLOW_CTX_EXECUTION_DATE=2023-01-26T00:00:00+00:00
AIRFLOW_CTX_TRY_NUMBER=1
AIRFLOW_CTX_DAG_RUN_ID=scheduled__2023-01-26T00:00:00+00:00
[2023-02-03T01:51:17.267+0530] {python.py:177} INFO - Done. Returned value was: None
[2023-02-03T01:51:17.274+0530] {taskinstance.py:1322} INFO - Marking task as SUCCESS. dag_id=FX__Turnover, task_id=load_data, execution_date=20230126T000000, start_date=20230202T202102, end_date=20230202T202117
[2023-02-03T01:51:17.344+0530] {local_task_job.py:159} INFO - Task exited with return code 0
[2023-02-03T01:51:17.358+0530] {taskinstance.py:2582} INFO - 1 downstream tasks scheduled from follow-on schedule check
