[2023-03-17T04:02:35.912+0530] {taskinstance.py:1087} INFO - Dependencies all met for <TaskInstance: Monthly.extract scheduled__2023-03-01T00:00:00+00:00 [queued]>
[2023-03-17T04:02:35.935+0530] {taskinstance.py:1087} INFO - Dependencies all met for <TaskInstance: Monthly.extract scheduled__2023-03-01T00:00:00+00:00 [queued]>
[2023-03-17T04:02:35.935+0530] {taskinstance.py:1283} INFO - 
--------------------------------------------------------------------------------
[2023-03-17T04:02:35.935+0530] {taskinstance.py:1284} INFO - Starting attempt 1 of 4
[2023-03-17T04:02:35.935+0530] {taskinstance.py:1285} INFO - 
--------------------------------------------------------------------------------
[2023-03-17T04:02:35.958+0530] {taskinstance.py:1304} INFO - Executing <Task(PythonOperator): extract> on 2023-03-01 00:00:00+00:00
[2023-03-17T04:02:35.969+0530] {standard_task_runner.py:55} INFO - Started process 4382 to run task
[2023-03-17T04:02:35.972+0530] {standard_task_runner.py:82} INFO - Running: ['airflow', 'tasks', 'run', 'Monthly', 'extract', 'scheduled__2023-03-01T00:00:00+00:00', '--job-id', '4870', '--raw', '--subdir', 'DAGS_FOLDER/Monthly.py', '--cfg-path', '/tmp/tmpzpmr22wu']
[2023-03-17T04:02:35.973+0530] {standard_task_runner.py:83} INFO - Job 4870: Subtask extract
[2023-03-17T04:02:36.039+0530] {task_command.py:389} INFO - Running <TaskInstance: Monthly.extract scheduled__2023-03-01T00:00:00+00:00 [running]> on host DESKTOP-SQIOQPD.
[2023-03-17T04:02:36.258+0530] {taskinstance.py:1511} INFO - Exporting the following env vars:
AIRFLOW_CTX_DAG_EMAIL=nikheleshbhattacharyya@gmail.com
AIRFLOW_CTX_DAG_OWNER=airflow
AIRFLOW_CTX_DAG_ID=Monthly
AIRFLOW_CTX_TASK_ID=extract
AIRFLOW_CTX_EXECUTION_DATE=2023-03-01T00:00:00+00:00
AIRFLOW_CTX_TRY_NUMBER=1
AIRFLOW_CTX_DAG_RUN_ID=scheduled__2023-03-01T00:00:00+00:00
[2023-03-17T04:02:46.894+0530] {logging_mixin.py:137} INFO - document.getElementById('20201').click()
[2023-03-17T04:02:47.017+0530] {logging_mixin.py:137} INFO - document.getElementById('20202').click()
[2023-03-17T04:02:47.048+0530] {logging_mixin.py:137} INFO - document.getElementById('20203').click()
[2023-03-17T04:02:47.068+0530] {logging_mixin.py:137} INFO - document.getElementById('20204').click()
[2023-03-17T04:02:47.093+0530] {logging_mixin.py:137} INFO - document.getElementById('20205').click()
[2023-03-17T04:02:47.121+0530] {logging_mixin.py:137} INFO - document.getElementById('20206').click()
[2023-03-17T04:02:47.147+0530] {logging_mixin.py:137} INFO - document.getElementById('20207').click()
[2023-03-17T04:02:47.160+0530] {logging_mixin.py:137} INFO - document.getElementById('20208').click()
[2023-03-17T04:02:47.175+0530] {logging_mixin.py:137} INFO - document.getElementById('20209').click()
[2023-03-17T04:02:47.185+0530] {logging_mixin.py:137} INFO - document.getElementById('202010').click()
[2023-03-17T04:02:47.196+0530] {logging_mixin.py:137} INFO - document.getElementById('202011').click()
[2023-03-17T04:02:47.210+0530] {logging_mixin.py:137} INFO - document.getElementById('202012').click()
[2023-03-17T04:02:47.223+0530] {logging_mixin.py:137} INFO - document.getElementById('20211').click()
[2023-03-17T04:02:47.238+0530] {logging_mixin.py:137} INFO - document.getElementById('20212').click()
[2023-03-17T04:02:47.248+0530] {logging_mixin.py:137} INFO - document.getElementById('20213').click()
[2023-03-17T04:02:47.259+0530] {logging_mixin.py:137} INFO - document.getElementById('20214').click()
[2023-03-17T04:02:47.271+0530] {logging_mixin.py:137} INFO - document.getElementById('20215').click()
[2023-03-17T04:02:47.282+0530] {logging_mixin.py:137} INFO - document.getElementById('20216').click()
[2023-03-17T04:02:47.293+0530] {logging_mixin.py:137} INFO - document.getElementById('20217').click()
[2023-03-17T04:02:47.307+0530] {logging_mixin.py:137} INFO - document.getElementById('20218').click()
[2023-03-17T04:02:47.319+0530] {logging_mixin.py:137} INFO - document.getElementById('20219').click()
[2023-03-17T04:02:47.329+0530] {logging_mixin.py:137} INFO - document.getElementById('202110').click()
[2023-03-17T04:02:47.340+0530] {logging_mixin.py:137} INFO - document.getElementById('202111').click()
[2023-03-17T04:02:47.355+0530] {logging_mixin.py:137} INFO - document.getElementById('202112').click()
[2023-03-17T04:02:47.372+0530] {logging_mixin.py:137} INFO - document.getElementById('20221').click()
[2023-03-17T04:02:47.383+0530] {logging_mixin.py:137} INFO - document.getElementById('20222').click()
[2023-03-17T04:02:47.395+0530] {logging_mixin.py:137} INFO - document.getElementById('20223').click()
[2023-03-17T04:02:47.407+0530] {logging_mixin.py:137} INFO - document.getElementById('20224').click()
[2023-03-17T04:02:47.418+0530] {logging_mixin.py:137} INFO - document.getElementById('20225').click()
[2023-03-17T04:02:47.435+0530] {logging_mixin.py:137} INFO - document.getElementById('20226').click()
[2023-03-17T04:02:47.454+0530] {logging_mixin.py:137} INFO - document.getElementById('20227').click()
[2023-03-17T04:02:47.475+0530] {logging_mixin.py:137} INFO - document.getElementById('20228').click()
[2023-03-17T04:02:47.485+0530] {logging_mixin.py:137} INFO - document.getElementById('20229').click()
[2023-03-17T04:02:47.503+0530] {logging_mixin.py:137} INFO - document.getElementById('202210').click()
[2023-03-17T04:02:47.515+0530] {logging_mixin.py:137} INFO - document.getElementById('202211').click()
[2023-03-17T04:02:47.528+0530] {logging_mixin.py:137} INFO - document.getElementById('202212').click()
[2023-03-17T04:02:47.541+0530] {logging_mixin.py:137} INFO - document.getElementById('20231').click()
[2023-03-17T04:02:47.554+0530] {logging_mixin.py:137} INFO - document.getElementById('20232').click()
[2023-03-17T04:02:47.569+0530] {logging_mixin.py:137} INFO - document.getElementById('20233').click()
[2023-03-17T04:02:47.584+0530] {logging_mixin.py:137} INFO - document.getElementById('20234').click()
[2023-03-17T04:02:47.601+0530] {logging_mixin.py:137} INFO - document.getElementById('20235').click()
[2023-03-17T04:02:47.618+0530] {logging_mixin.py:137} INFO - document.getElementById('20236').click()
[2023-03-17T04:02:47.635+0530] {logging_mixin.py:137} INFO - document.getElementById('20237').click()
[2023-03-17T04:02:47.649+0530] {logging_mixin.py:137} INFO - document.getElementById('20238').click()
[2023-03-17T04:02:47.664+0530] {logging_mixin.py:137} INFO - document.getElementById('20239').click()
[2023-03-17T04:02:47.677+0530] {logging_mixin.py:137} INFO - document.getElementById('202310').click()
[2023-03-17T04:02:47.689+0530] {logging_mixin.py:137} INFO - document.getElementById('202311').click()
[2023-03-17T04:02:47.699+0530] {logging_mixin.py:137} INFO - document.getElementById('202312').click()
[2023-03-17T04:02:47.787+0530] {python.py:177} INFO - Done. Returned value was: ([], [], [], [], [], [], [])
[2023-03-17T04:02:47.839+0530] {taskinstance.py:1322} INFO - Marking task as SUCCESS. dag_id=Monthly, task_id=extract, execution_date=20230301T000000, start_date=20230316T223235, end_date=20230316T223247
[2023-03-17T04:02:47.881+0530] {local_task_job.py:159} INFO - Task exited with return code 0
[2023-03-17T04:02:47.909+0530] {taskinstance.py:2582} INFO - 1 downstream tasks scheduled from follow-on schedule check
