[2023-02-02T19:53:32.142+0530] {taskinstance.py:1087} INFO - Dependencies all met for <TaskInstance: FX_Reserves.load scheduled__2023-01-26T00:00:00+00:00 [queued]>
[2023-02-02T19:53:32.150+0530] {taskinstance.py:1087} INFO - Dependencies all met for <TaskInstance: FX_Reserves.load scheduled__2023-01-26T00:00:00+00:00 [queued]>
[2023-02-02T19:53:32.150+0530] {taskinstance.py:1283} INFO - 
--------------------------------------------------------------------------------
[2023-02-02T19:53:32.151+0530] {taskinstance.py:1284} INFO - Starting attempt 1 of 4
[2023-02-02T19:53:32.151+0530] {taskinstance.py:1285} INFO - 
--------------------------------------------------------------------------------
[2023-02-02T19:53:32.167+0530] {taskinstance.py:1304} INFO - Executing <Task(PythonOperator): load> on 2023-01-26 00:00:00+00:00
[2023-02-02T19:53:32.172+0530] {standard_task_runner.py:55} INFO - Started process 8560 to run task
[2023-02-02T19:53:32.176+0530] {standard_task_runner.py:82} INFO - Running: ['airflow', 'tasks', 'run', 'FX_Reserves', 'load', 'scheduled__2023-01-26T00:00:00+00:00', '--job-id', '3685', '--raw', '--subdir', 'DAGS_FOLDER/FX_Reserves_Data.py', '--cfg-path', '/tmp/tmptflpg26a']
[2023-02-02T19:53:32.177+0530] {standard_task_runner.py:83} INFO - Job 3685: Subtask load
[2023-02-02T19:53:32.244+0530] {task_command.py:389} INFO - Running <TaskInstance: FX_Reserves.load scheduled__2023-01-26T00:00:00+00:00 [running]> on host DESKTOP-SQIOQPD.
[2023-02-02T19:53:32.334+0530] {taskinstance.py:1511} INFO - Exporting the following env vars:
AIRFLOW_CTX_DAG_EMAIL=nikheleshbhattacharyya@gmail.com
AIRFLOW_CTX_DAG_OWNER=airflow
AIRFLOW_CTX_DAG_ID=FX_Reserves
AIRFLOW_CTX_TASK_ID=load
AIRFLOW_CTX_EXECUTION_DATE=2023-01-26T00:00:00+00:00
AIRFLOW_CTX_TRY_NUMBER=1
AIRFLOW_CTX_DAG_RUN_ID=scheduled__2023-01-26T00:00:00+00:00
[2023-02-02T19:53:32.630+0530] {python.py:177} INFO - Done. Returned value was: None
[2023-02-02T19:53:32.636+0530] {taskinstance.py:1322} INFO - Marking task as SUCCESS. dag_id=FX_Reserves, task_id=load, execution_date=20230126T000000, start_date=20230202T142332, end_date=20230202T142332
[2023-02-02T19:53:32.791+0530] {local_task_job.py:159} INFO - Task exited with return code 0
[2023-02-02T19:53:32.813+0530] {taskinstance.py:2582} INFO - 1 downstream tasks scheduled from follow-on schedule check
