[2023-02-24T13:22:26.091+0530] {taskinstance.py:1087} INFO - Dependencies all met for <TaskInstance: nsdlfpi_and_rupee.extract_data2 scheduled__2023-02-23T00:00:00+00:00 [queued]>
[2023-02-24T13:22:26.111+0530] {taskinstance.py:1087} INFO - Dependencies all met for <TaskInstance: nsdlfpi_and_rupee.extract_data2 scheduled__2023-02-23T00:00:00+00:00 [queued]>
[2023-02-24T13:22:26.111+0530] {taskinstance.py:1283} INFO - 
--------------------------------------------------------------------------------
[2023-02-24T13:22:26.111+0530] {taskinstance.py:1284} INFO - Starting attempt 1 of 4
[2023-02-24T13:22:26.111+0530] {taskinstance.py:1285} INFO - 
--------------------------------------------------------------------------------
[2023-02-24T13:22:26.133+0530] {taskinstance.py:1304} INFO - Executing <Task(PythonOperator): extract_data2> on 2023-02-23 00:00:00+00:00
[2023-02-24T13:22:26.169+0530] {standard_task_runner.py:55} INFO - Started process 7046 to run task
[2023-02-24T13:22:26.171+0530] {standard_task_runner.py:82} INFO - Running: ['airflow', 'tasks', 'run', 'nsdlfpi_and_rupee', 'extract_data2', 'scheduled__2023-02-23T00:00:00+00:00', '--job-id', '4723', '--raw', '--subdir', 'DAGS_FOLDER/nsdl_and_rupee.py', '--cfg-path', '/tmp/tmp1dmufmlj']
[2023-02-24T13:22:26.172+0530] {standard_task_runner.py:83} INFO - Job 4723: Subtask extract_data2
[2023-02-24T13:22:26.235+0530] {task_command.py:389} INFO - Running <TaskInstance: nsdlfpi_and_rupee.extract_data2 scheduled__2023-02-23T00:00:00+00:00 [running]> on host DESKTOP-SQIOQPD.
[2023-02-24T13:22:26.364+0530] {taskinstance.py:1511} INFO - Exporting the following env vars:
AIRFLOW_CTX_DAG_EMAIL=nikheleshbhattacharyya@gmail.com
AIRFLOW_CTX_DAG_OWNER=airflow
AIRFLOW_CTX_DAG_ID=nsdlfpi_and_rupee
AIRFLOW_CTX_TASK_ID=extract_data2
AIRFLOW_CTX_EXECUTION_DATE=2023-02-23T00:00:00+00:00
AIRFLOW_CTX_TRY_NUMBER=1
AIRFLOW_CTX_DAG_RUN_ID=scheduled__2023-02-23T00:00:00+00:00
[2023-02-24T13:22:26.366+0530] {logging_mixin.py:137} INFO - 2020-02-14 00:00:00
[2023-02-24T13:22:31.214+0530] {logging_mixin.py:137} INFO - 2020-02-15 00:00:00
[2023-02-24T13:22:36.245+0530] {logging_mixin.py:137} INFO - 2020-02-16 00:00:00
[2023-02-24T13:22:37.006+0530] {logging_mixin.py:137} INFO - 2020-02-17 00:00:00
[2023-02-24T13:22:41.662+0530] {logging_mixin.py:137} INFO - 2020-02-18 00:00:00
[2023-02-24T13:22:43.745+0530] {logging_mixin.py:137} INFO - 2020-02-19 00:00:00
[2023-02-24T13:22:41.652+0530] {logging_mixin.py:137} INFO - 2020-02-20 00:00:00
[2023-02-24T13:22:42.618+0530] {logging_mixin.py:137} INFO - 2020-02-21 00:00:00
[2023-02-24T13:22:43.412+0530] {logging_mixin.py:137} INFO - 2020-02-22 00:00:00
[2023-02-24T13:22:44.237+0530] {logging_mixin.py:137} INFO - 2020-02-23 00:00:00
[2023-02-24T13:22:45.099+0530] {logging_mixin.py:137} INFO - 2020-02-24 00:00:00
[2023-02-24T13:22:47.537+0530] {logging_mixin.py:137} INFO - 2020-02-25 00:00:00
[2023-02-24T13:22:48.400+0530] {logging_mixin.py:137} INFO - 2020-02-26 00:00:00
[2023-02-24T13:22:49.733+0530] {logging_mixin.py:137} INFO - 2020-02-27 00:00:00
[2023-02-24T13:22:53.409+0530] {logging_mixin.py:137} INFO - 2020-02-28 00:00:00
[2023-02-24T13:23:02.174+0530] {logging_mixin.py:137} INFO - 2020-02-29 00:00:00
