[2023-02-03T13:24:00.741+0530] {taskinstance.py:1087} INFO - Dependencies all met for <TaskInstance: Monthly.extract manual__2023-02-03T07:49:44.011326+00:00 [queued]>
[2023-02-03T13:24:00.755+0530] {taskinstance.py:1087} INFO - Dependencies all met for <TaskInstance: Monthly.extract manual__2023-02-03T07:49:44.011326+00:00 [queued]>
[2023-02-03T13:24:00.756+0530] {taskinstance.py:1283} INFO - 
--------------------------------------------------------------------------------
[2023-02-03T13:24:00.756+0530] {taskinstance.py:1284} INFO - Starting attempt 2 of 4
[2023-02-03T13:24:00.756+0530] {taskinstance.py:1285} INFO - 
--------------------------------------------------------------------------------
[2023-02-03T13:24:00.780+0530] {taskinstance.py:1304} INFO - Executing <Task(PythonOperator): extract> on 2023-02-03 07:49:44.011326+00:00
[2023-02-03T13:24:00.788+0530] {standard_task_runner.py:55} INFO - Started process 27706 to run task
[2023-02-03T13:24:00.811+0530] {standard_task_runner.py:82} INFO - Running: ['airflow', 'tasks', 'run', 'Monthly', 'extract', 'manual__2023-02-03T07:49:44.011326+00:00', '--job-id', '3960', '--raw', '--subdir', 'DAGS_FOLDER/Monthly.py', '--cfg-path', '/tmp/tmp80cx0p7j']
[2023-02-03T13:24:00.820+0530] {standard_task_runner.py:83} INFO - Job 3960: Subtask extract
[2023-02-03T13:24:00.974+0530] {task_command.py:389} INFO - Running <TaskInstance: Monthly.extract manual__2023-02-03T07:49:44.011326+00:00 [running]> on host DESKTOP-SQIOQPD.
[2023-02-03T13:24:01.219+0530] {taskinstance.py:1511} INFO - Exporting the following env vars:
AIRFLOW_CTX_DAG_EMAIL=nikheleshbhattacharyya@gmail.com
AIRFLOW_CTX_DAG_OWNER=airflow
AIRFLOW_CTX_DAG_ID=Monthly
AIRFLOW_CTX_TASK_ID=extract
AIRFLOW_CTX_EXECUTION_DATE=2023-02-03T07:49:44.011326+00:00
AIRFLOW_CTX_TRY_NUMBER=2
AIRFLOW_CTX_DAG_RUN_ID=manual__2023-02-03T07:49:44.011326+00:00
[2023-02-03T13:24:04.639+0530] {logging_mixin.py:137} INFO - document.getElementById('20201').click()
[2023-02-03T13:24:06.456+0530] {logging_mixin.py:137} INFO - document.getElementById('20202').click()
[2023-02-03T13:24:08.224+0530] {logging_mixin.py:137} INFO - document.getElementById('20203').click()
[2023-02-03T13:24:09.773+0530] {logging_mixin.py:137} INFO - document.getElementById('20204').click()
[2023-02-03T13:24:11.593+0530] {logging_mixin.py:137} INFO - document.getElementById('20205').click()
[2023-02-03T13:24:13.243+0530] {logging_mixin.py:137} INFO - document.getElementById('20206').click()
[2023-02-03T13:24:15.327+0530] {logging_mixin.py:137} INFO - document.getElementById('20207').click()
[2023-02-03T13:24:18.286+0530] {logging_mixin.py:137} INFO - document.getElementById('20208').click()
[2023-02-03T13:24:22.564+0530] {logging_mixin.py:137} INFO - document.getElementById('20209').click()
[2023-02-03T13:24:25.839+0530] {logging_mixin.py:137} INFO - document.getElementById('202010').click()
[2023-02-03T13:24:29.307+0530] {logging_mixin.py:137} INFO - document.getElementById('202011').click()
[2023-02-03T13:24:33.200+0530] {logging_mixin.py:137} INFO - document.getElementById('202012').click()
[2023-02-03T13:24:37.473+0530] {logging_mixin.py:137} INFO - document.getElementById('20211').click()
[2023-02-03T13:24:41.379+0530] {logging_mixin.py:137} INFO - document.getElementById('20212').click()
[2023-02-03T13:24:45.890+0530] {logging_mixin.py:137} INFO - document.getElementById('20213').click()
[2023-02-03T13:24:50.658+0530] {logging_mixin.py:137} INFO - document.getElementById('20214').click()
[2023-02-03T13:24:55.344+0530] {logging_mixin.py:137} INFO - document.getElementById('20215').click()
[2023-02-03T13:24:59.888+0530] {logging_mixin.py:137} INFO - document.getElementById('20216').click()
[2023-02-03T13:25:04.383+0530] {logging_mixin.py:137} INFO - document.getElementById('20217').click()
[2023-02-03T13:25:08.719+0530] {logging_mixin.py:137} INFO - document.getElementById('20218').click()
[2023-02-03T13:25:13.479+0530] {logging_mixin.py:137} INFO - document.getElementById('20219').click()
[2023-02-03T13:25:17.993+0530] {logging_mixin.py:137} INFO - document.getElementById('202110').click()
[2023-02-03T13:25:23.255+0530] {logging_mixin.py:137} INFO - document.getElementById('202111').click()
[2023-02-03T13:25:27.406+0530] {logging_mixin.py:137} INFO - document.getElementById('202112').click()
[2023-02-03T13:25:31.562+0530] {logging_mixin.py:137} INFO - document.getElementById('20221').click()
[2023-02-03T13:25:35.689+0530] {logging_mixin.py:137} INFO - document.getElementById('20222').click()
[2023-02-03T13:25:40.610+0530] {logging_mixin.py:137} INFO - document.getElementById('20223').click()
[2023-02-03T13:25:45.392+0530] {logging_mixin.py:137} INFO - document.getElementById('20224').click()
[2023-02-03T13:25:51.250+0530] {logging_mixin.py:137} INFO - document.getElementById('20225').click()
[2023-02-03T13:25:56.202+0530] {logging_mixin.py:137} INFO - document.getElementById('20226').click()
[2023-02-03T13:26:01.125+0530] {logging_mixin.py:137} INFO - document.getElementById('20227').click()
[2023-02-03T13:26:06.172+0530] {logging_mixin.py:137} INFO - document.getElementById('20228').click()
[2023-02-03T13:26:11.192+0530] {logging_mixin.py:137} INFO - document.getElementById('20229').click()
[2023-02-03T13:26:16.084+0530] {logging_mixin.py:137} INFO - document.getElementById('202210').click()
[2023-02-03T13:26:22.483+0530] {logging_mixin.py:137} INFO - document.getElementById('202211').click()
[2023-02-03T13:26:28.180+0530] {logging_mixin.py:137} INFO - document.getElementById('202212').click()
[2023-02-03T13:26:34.524+0530] {logging_mixin.py:137} INFO - document.getElementById('20231').click()
[2023-02-03T13:26:40.914+0530] {logging_mixin.py:137} INFO - document.getElementById('20232').click()
[2023-02-03T13:27:13.538+0530] {taskinstance.py:1772} ERROR - Task failed with exception
Traceback (most recent call last):
  File "/usr/local/lib/python3.8/dist-packages/airflow/operators/python.py", line 175, in execute
    return_value = self.execute_callable()
  File "/usr/local/lib/python3.8/dist-packages/airflow/operators/python.py", line 192, in execute_callable
    return self.python_callable(*self.op_args, **self.op_kwargs)
  File "/root/airflow/dags/Monthly.py", line 479, in extract
    elem = driver.find_element(By.CLASS_NAME,"tablebg")
  File "/usr/local/lib/python3.8/dist-packages/selenium/webdriver/remote/webdriver.py", line 830, in find_element
    return self.execute(Command.FIND_ELEMENT, {"using": by, "value": value})["value"]
  File "/usr/local/lib/python3.8/dist-packages/selenium/webdriver/remote/webdriver.py", line 440, in execute
    self.error_handler.check_response(response)
  File "/usr/local/lib/python3.8/dist-packages/selenium/webdriver/remote/errorhandler.py", line 245, in check_response
    raise exception_class(message, screen, stacktrace)
selenium.common.exceptions.NoSuchElementException: Message: no such element: Unable to locate element: {"method":"css selector","selector":".tablebg"}
  (Session info: headless chrome=109.0.5414.119)
Stacktrace:
#0 0x5645065ef303 <unknown>
#1 0x5645063c3d37 <unknown>
#2 0x5645064005b2 <unknown>
#3 0x5645064006c1 <unknown>
#4 0x56450643ab34 <unknown>
#5 0x5645064209ad <unknown>
#6 0x56450643888c <unknown>
#7 0x564506420753 <unknown>
#8 0x5645063f3a14 <unknown>
#9 0x5645063f4b7e <unknown>
#10 0x56450663e32e <unknown>
#11 0x564506641c0e <unknown>
#12 0x564506624610 <unknown>
#13 0x564506642c23 <unknown>
#14 0x564506616545 <unknown>
#15 0x5645066636a8 <unknown>
#16 0x564506663836 <unknown>
#17 0x56450667ed13 <unknown>
#18 0x7fb2a257f609 start_thread

[2023-02-03T13:27:13.583+0530] {taskinstance.py:1322} INFO - Marking task as UP_FOR_RETRY. dag_id=Monthly, task_id=extract, execution_date=20230203T074944, start_date=20230203T075400, end_date=20230203T075713
[2023-02-03T13:27:13.619+0530] {standard_task_runner.py:100} ERROR - Failed to execute job 3960 for task extract (Message: no such element: Unable to locate element: {"method":"css selector","selector":".tablebg"}
  (Session info: headless chrome=109.0.5414.119)
Stacktrace:
#0 0x5645065ef303 <unknown>
#1 0x5645063c3d37 <unknown>
#2 0x5645064005b2 <unknown>
#3 0x5645064006c1 <unknown>
#4 0x56450643ab34 <unknown>
#5 0x5645064209ad <unknown>
#6 0x56450643888c <unknown>
#7 0x564506420753 <unknown>
#8 0x5645063f3a14 <unknown>
#9 0x5645063f4b7e <unknown>
#10 0x56450663e32e <unknown>
#11 0x564506641c0e <unknown>
#12 0x564506624610 <unknown>
#13 0x564506642c23 <unknown>
#14 0x564506616545 <unknown>
#15 0x5645066636a8 <unknown>
#16 0x564506663836 <unknown>
#17 0x56450667ed13 <unknown>
#18 0x7fb2a257f609 start_thread
; 27706)
[2023-02-03T13:27:13.638+0530] {local_task_job.py:159} INFO - Task exited with return code 1
[2023-02-03T13:27:13.669+0530] {taskinstance.py:2582} INFO - 0 downstream tasks scheduled from follow-on schedule check
