[2022-12-28T00:10:46.188+0530] {taskinstance.py:1087} INFO - Dependencies all met for <TaskInstance: Money__Market.load_link scheduled__2022-12-27T16:00:00+00:00 [queued]>
[2022-12-28T00:10:46.197+0530] {taskinstance.py:1087} INFO - Dependencies all met for <TaskInstance: Money__Market.load_link scheduled__2022-12-27T16:00:00+00:00 [queued]>
[2022-12-28T00:10:46.197+0530] {taskinstance.py:1283} INFO - 
--------------------------------------------------------------------------------
[2022-12-28T00:10:46.197+0530] {taskinstance.py:1284} INFO - Starting attempt 1 of 4
[2022-12-28T00:10:46.197+0530] {taskinstance.py:1285} INFO - 
--------------------------------------------------------------------------------
[2022-12-28T00:10:46.216+0530] {taskinstance.py:1304} INFO - Executing <Task(PythonOperator): load_link> on 2022-12-27 16:00:00+00:00
[2022-12-28T00:10:46.220+0530] {standard_task_runner.py:55} INFO - Started process 24117 to run task
[2022-12-28T00:10:46.223+0530] {standard_task_runner.py:82} INFO - Running: ['airflow', 'tasks', 'run', 'Money__Market', 'load_link', 'scheduled__2022-12-27T16:00:00+00:00', '--job-id', '1399', '--raw', '--subdir', 'DAGS_FOLDER/Money_Market.py', '--cfg-path', '/tmp/tmpsgnrhfja']
[2022-12-28T00:10:46.224+0530] {standard_task_runner.py:83} INFO - Job 1399: Subtask load_link
[2022-12-28T00:10:46.264+0530] {task_command.py:389} INFO - Running <TaskInstance: Money__Market.load_link scheduled__2022-12-27T16:00:00+00:00 [running]> on host DESKTOP-SQIOQPD.
[2022-12-28T00:10:46.323+0530] {taskinstance.py:1511} INFO - Exporting the following env vars:
AIRFLOW_CTX_DAG_EMAIL=nikheleshbhattacharyya@gmail.com
AIRFLOW_CTX_DAG_OWNER=airflow
AIRFLOW_CTX_DAG_ID=Money__Market
AIRFLOW_CTX_TASK_ID=load_link
AIRFLOW_CTX_EXECUTION_DATE=2022-12-27T16:00:00+00:00
AIRFLOW_CTX_TRY_NUMBER=1
AIRFLOW_CTX_DAG_RUN_ID=scheduled__2022-12-27T16:00:00+00:00
[2022-12-28T00:10:46.590+0530] {python.py:177} INFO - Done. Returned value was: None
[2022-12-28T00:10:46.594+0530] {taskinstance.py:1322} INFO - Marking task as SUCCESS. dag_id=Money__Market, task_id=load_link, execution_date=20221227T160000, start_date=20221227T184046, end_date=20221227T184046
[2022-12-28T00:10:46.797+0530] {local_task_job.py:159} INFO - Task exited with return code 0
[2022-12-28T00:10:46.828+0530] {taskinstance.py:2582} INFO - 1 downstream tasks scheduled from follow-on schedule check
