[2023-02-24T09:26:43.670+0530] {taskinstance.py:1087} INFO - Dependencies all met for <TaskInstance: FX__Turnover.start_task scheduled__2023-02-23T00:00:00+00:00 [queued]>
[2023-02-24T09:26:43.711+0530] {taskinstance.py:1087} INFO - Dependencies all met for <TaskInstance: FX__Turnover.start_task scheduled__2023-02-23T00:00:00+00:00 [queued]>
[2023-02-24T09:26:43.711+0530] {taskinstance.py:1283} INFO - 
--------------------------------------------------------------------------------
[2023-02-24T09:26:43.712+0530] {taskinstance.py:1284} INFO - Starting attempt 1 of 4
[2023-02-24T09:26:43.712+0530] {taskinstance.py:1285} INFO - 
--------------------------------------------------------------------------------
[2023-02-24T09:26:43.804+0530] {taskinstance.py:1304} INFO - Executing <Task(BashOperator): start_task> on 2023-02-23 00:00:00+00:00
[2023-02-24T09:26:43.967+0530] {standard_task_runner.py:55} INFO - Started process 5398 to run task
[2023-02-24T09:26:43.977+0530] {standard_task_runner.py:82} INFO - Running: ['airflow', 'tasks', 'run', 'FX__Turnover', 'start_task', 'scheduled__2023-02-23T00:00:00+00:00', '--job-id', '4683', '--raw', '--subdir', 'DAGS_FOLDER/FX_turnover.py', '--cfg-path', '/tmp/tmpi9hrs4m_']
[2023-02-24T09:26:43.979+0530] {standard_task_runner.py:83} INFO - Job 4683: Subtask start_task
[2023-02-24T09:26:44.081+0530] {task_command.py:389} INFO - Running <TaskInstance: FX__Turnover.start_task scheduled__2023-02-23T00:00:00+00:00 [running]> on host DESKTOP-SQIOQPD.
[2023-02-24T09:26:44.318+0530] {taskinstance.py:1511} INFO - Exporting the following env vars:
AIRFLOW_CTX_DAG_EMAIL=nikheleshbhattacharyya@gmail.com
AIRFLOW_CTX_DAG_OWNER=airflow
AIRFLOW_CTX_DAG_ID=FX__Turnover
AIRFLOW_CTX_TASK_ID=start_task
AIRFLOW_CTX_EXECUTION_DATE=2023-02-23T00:00:00+00:00
AIRFLOW_CTX_TRY_NUMBER=1
AIRFLOW_CTX_DAG_RUN_ID=scheduled__2023-02-23T00:00:00+00:00
[2023-02-24T09:26:44.321+0530] {subprocess.py:63} INFO - Tmp dir root location: 
 /tmp
[2023-02-24T09:26:44.323+0530] {subprocess.py:75} INFO - Running command: ['/usr/bin/bash', '-c', 'echo start']
[2023-02-24T09:26:44.360+0530] {subprocess.py:86} INFO - Output:
[2023-02-24T09:26:44.437+0530] {subprocess.py:93} INFO - start
[2023-02-24T09:26:44.438+0530] {subprocess.py:97} INFO - Command exited with return code 0
[2023-02-24T09:26:44.503+0530] {taskinstance.py:1322} INFO - Marking task as SUCCESS. dag_id=FX__Turnover, task_id=start_task, execution_date=20230223T000000, start_date=20230224T035643, end_date=20230224T035644
[2023-02-24T09:26:51.677+0530] {local_task_job.py:159} INFO - Task exited with return code 0
[2023-02-24T09:26:55.085+0530] {taskinstance.py:2582} INFO - 1 downstream tasks scheduled from follow-on schedule check
