[2023-02-14T09:58:50.009+0530] {taskinstance.py:1087} INFO - Dependencies all met for <TaskInstance: FX_Reserves.finish_task scheduled__2023-02-03T00:00:00+00:00 [queued]>
[2023-02-14T09:58:50.020+0530] {taskinstance.py:1087} INFO - Dependencies all met for <TaskInstance: FX_Reserves.finish_task scheduled__2023-02-03T00:00:00+00:00 [queued]>
[2023-02-14T09:58:50.020+0530] {taskinstance.py:1283} INFO - 
--------------------------------------------------------------------------------
[2023-02-14T09:58:50.020+0530] {taskinstance.py:1284} INFO - Starting attempt 1 of 4
[2023-02-14T09:58:50.020+0530] {taskinstance.py:1285} INFO - 
--------------------------------------------------------------------------------
[2023-02-14T09:58:50.044+0530] {taskinstance.py:1304} INFO - Executing <Task(BashOperator): finish_task> on 2023-02-03 00:00:00+00:00
[2023-02-14T09:58:50.050+0530] {standard_task_runner.py:55} INFO - Started process 7850 to run task
[2023-02-14T09:58:50.054+0530] {standard_task_runner.py:82} INFO - Running: ['airflow', 'tasks', 'run', 'FX_Reserves', 'finish_task', 'scheduled__2023-02-03T00:00:00+00:00', '--job-id', '4231', '--raw', '--subdir', 'DAGS_FOLDER/FX_Reserves_Data.py', '--cfg-path', '/tmp/tmpaoua0kwy']
[2023-02-14T09:58:50.057+0530] {standard_task_runner.py:83} INFO - Job 4231: Subtask finish_task
[2023-02-14T09:58:50.120+0530] {task_command.py:389} INFO - Running <TaskInstance: FX_Reserves.finish_task scheduled__2023-02-03T00:00:00+00:00 [running]> on host DESKTOP-SQIOQPD.
[2023-02-14T09:58:50.209+0530] {taskinstance.py:1511} INFO - Exporting the following env vars:
AIRFLOW_CTX_DAG_EMAIL=nikheleshbhattacharyya@gmail.com
AIRFLOW_CTX_DAG_OWNER=airflow
AIRFLOW_CTX_DAG_ID=FX_Reserves
AIRFLOW_CTX_TASK_ID=finish_task
AIRFLOW_CTX_EXECUTION_DATE=2023-02-03T00:00:00+00:00
AIRFLOW_CTX_TRY_NUMBER=1
AIRFLOW_CTX_DAG_RUN_ID=scheduled__2023-02-03T00:00:00+00:00
[2023-02-14T09:58:50.211+0530] {subprocess.py:63} INFO - Tmp dir root location: 
 /tmp
[2023-02-14T09:58:50.211+0530] {subprocess.py:75} INFO - Running command: ['/usr/bin/bash', '-c', 'echo finish']
[2023-02-14T09:58:50.227+0530] {subprocess.py:86} INFO - Output:
[2023-02-14T09:58:50.234+0530] {subprocess.py:93} INFO - finish
[2023-02-14T09:58:50.234+0530] {subprocess.py:97} INFO - Command exited with return code 0
[2023-02-14T09:58:50.279+0530] {taskinstance.py:1322} INFO - Marking task as SUCCESS. dag_id=FX_Reserves, task_id=finish_task, execution_date=20230203T000000, start_date=20230214T042850, end_date=20230214T042850
[2023-02-14T09:58:50.352+0530] {local_task_job.py:159} INFO - Task exited with return code 0
[2023-02-14T09:58:50.378+0530] {taskinstance.py:2582} INFO - 0 downstream tasks scheduled from follow-on schedule check
