[2023-02-02T00:20:22.747+0530] {taskinstance.py:1087} INFO - Dependencies all met for <TaskInstance: FX__Turnover.load scheduled__2023-01-19T00:00:00+00:00 [queued]>
[2023-02-02T00:20:22.769+0530] {taskinstance.py:1087} INFO - Dependencies all met for <TaskInstance: FX__Turnover.load scheduled__2023-01-19T00:00:00+00:00 [queued]>
[2023-02-02T00:20:22.770+0530] {taskinstance.py:1283} INFO - 
--------------------------------------------------------------------------------
[2023-02-02T00:20:22.770+0530] {taskinstance.py:1284} INFO - Starting attempt 1 of 4
[2023-02-02T00:20:22.770+0530] {taskinstance.py:1285} INFO - 
--------------------------------------------------------------------------------
[2023-02-02T00:20:22.793+0530] {taskinstance.py:1304} INFO - Executing <Task(PythonOperator): load> on 2023-01-19 00:00:00+00:00
[2023-02-02T00:20:22.800+0530] {standard_task_runner.py:55} INFO - Started process 3781 to run task
[2023-02-02T00:20:22.805+0530] {standard_task_runner.py:82} INFO - Running: ['airflow', 'tasks', 'run', 'FX__Turnover', 'load', 'scheduled__2023-01-19T00:00:00+00:00', '--job-id', '3384', '--raw', '--subdir', 'DAGS_FOLDER/FX_turnover.py', '--cfg-path', '/tmp/tmpgp0l5pzo']
[2023-02-02T00:20:22.807+0530] {standard_task_runner.py:83} INFO - Job 3384: Subtask load
[2023-02-02T00:20:22.902+0530] {task_command.py:389} INFO - Running <TaskInstance: FX__Turnover.load scheduled__2023-01-19T00:00:00+00:00 [running]> on host DESKTOP-SQIOQPD.
[2023-02-02T00:20:23.001+0530] {taskinstance.py:1511} INFO - Exporting the following env vars:
AIRFLOW_CTX_DAG_EMAIL=nikheleshbhattacharyya@gmail.com
AIRFLOW_CTX_DAG_OWNER=airflow
AIRFLOW_CTX_DAG_ID=FX__Turnover
AIRFLOW_CTX_TASK_ID=load
AIRFLOW_CTX_EXECUTION_DATE=2023-01-19T00:00:00+00:00
AIRFLOW_CTX_TRY_NUMBER=1
AIRFLOW_CTX_DAG_RUN_ID=scheduled__2023-01-19T00:00:00+00:00
[2023-02-02T00:20:23.351+0530] {python.py:177} INFO - Done. Returned value was: None
[2023-02-02T00:20:23.356+0530] {taskinstance.py:1322} INFO - Marking task as SUCCESS. dag_id=FX__Turnover, task_id=load, execution_date=20230119T000000, start_date=20230201T185022, end_date=20230201T185023
[2023-02-02T00:20:23.544+0530] {local_task_job.py:159} INFO - Task exited with return code 0
[2023-02-02T00:20:23.565+0530] {taskinstance.py:2582} INFO - 1 downstream tasks scheduled from follow-on schedule check
