[2023-03-17T03:55:22.580+0530] {taskinstance.py:1087} INFO - Dependencies all met for <TaskInstance: nsdlfpi_and_rupee.extract_data scheduled__2023-03-01T00:00:00+00:00 [queued]>
[2023-03-17T03:55:22.600+0530] {taskinstance.py:1087} INFO - Dependencies all met for <TaskInstance: nsdlfpi_and_rupee.extract_data scheduled__2023-03-01T00:00:00+00:00 [queued]>
[2023-03-17T03:55:22.600+0530] {taskinstance.py:1283} INFO - 
--------------------------------------------------------------------------------
[2023-03-17T03:55:22.600+0530] {taskinstance.py:1284} INFO - Starting attempt 1 of 4
[2023-03-17T03:55:22.601+0530] {taskinstance.py:1285} INFO - 
--------------------------------------------------------------------------------
[2023-03-17T03:55:22.629+0530] {taskinstance.py:1304} INFO - Executing <Task(PythonOperator): extract_data> on 2023-03-01 00:00:00+00:00
[2023-03-17T03:55:22.640+0530] {standard_task_runner.py:55} INFO - Started process 4307 to run task
[2023-03-17T03:55:22.648+0530] {standard_task_runner.py:82} INFO - Running: ['airflow', 'tasks', 'run', 'nsdlfpi_and_rupee', 'extract_data', 'scheduled__2023-03-01T00:00:00+00:00', '--job-id', '4866', '--raw', '--subdir', 'DAGS_FOLDER/nsdl_and_rupee.py', '--cfg-path', '/tmp/tmpf4aszevm']
[2023-03-17T03:55:22.651+0530] {standard_task_runner.py:83} INFO - Job 4866: Subtask extract_data
[2023-03-17T03:55:22.750+0530] {task_command.py:389} INFO - Running <TaskInstance: nsdlfpi_and_rupee.extract_data scheduled__2023-03-01T00:00:00+00:00 [running]> on host DESKTOP-SQIOQPD.
[2023-03-17T03:55:23.140+0530] {taskinstance.py:1511} INFO - Exporting the following env vars:
AIRFLOW_CTX_DAG_EMAIL=nikheleshbhattacharyya@gmail.com
AIRFLOW_CTX_DAG_OWNER=airflow
AIRFLOW_CTX_DAG_ID=nsdlfpi_and_rupee
AIRFLOW_CTX_TASK_ID=extract_data
AIRFLOW_CTX_EXECUTION_DATE=2023-03-01T00:00:00+00:00
AIRFLOW_CTX_TRY_NUMBER=1
AIRFLOW_CTX_DAG_RUN_ID=scheduled__2023-03-01T00:00:00+00:00
[2023-03-17T03:56:24.641+0530] {taskinstance.py:1772} ERROR - Task failed with exception
Traceback (most recent call last):
  File "/usr/local/lib/python3.8/dist-packages/airflow/operators/python.py", line 175, in execute
    return_value = self.execute_callable()
  File "/usr/local/lib/python3.8/dist-packages/airflow/operators/python.py", line 192, in execute_callable
    return self.python_callable(*self.op_args, **self.op_kwargs)
  File "/root/airflow/dags/nsdl_and_rupee.py", line 135, in extract_nsdl_fpi
    driver = webdriver.Chrome('/usr/local/bin/chromedriver2',options=chrome_options)
  File "/usr/local/lib/python3.8/dist-packages/selenium/webdriver/chrome/webdriver.py", line 80, in __init__
    super().__init__(
  File "/usr/local/lib/python3.8/dist-packages/selenium/webdriver/chromium/webdriver.py", line 104, in __init__
    super().__init__(
  File "/usr/local/lib/python3.8/dist-packages/selenium/webdriver/remote/webdriver.py", line 286, in __init__
    self.start_session(capabilities, browser_profile)
  File "/usr/local/lib/python3.8/dist-packages/selenium/webdriver/remote/webdriver.py", line 378, in start_session
    response = self.execute(Command.NEW_SESSION, parameters)
  File "/usr/local/lib/python3.8/dist-packages/selenium/webdriver/remote/webdriver.py", line 440, in execute
    self.error_handler.check_response(response)
  File "/usr/local/lib/python3.8/dist-packages/selenium/webdriver/remote/errorhandler.py", line 245, in check_response
    raise exception_class(message, screen, stacktrace)
selenium.common.exceptions.WebDriverException: Message: unknown error: DevToolsActivePort file doesn't exist
Stacktrace:
#0 0x55fe40a33303 <unknown>
#1 0x55fe40807d37 <unknown>
#2 0x55fe40833a09 <unknown>
#3 0x55fe4082f66c <unknown>
#4 0x55fe4082c330 <unknown>
#5 0x55fe4086d4a6 <unknown>
#6 0x55fe40864753 <unknown>
#7 0x55fe40837a14 <unknown>
#8 0x55fe40838b7e <unknown>
#9 0x55fe40a8232e <unknown>
#10 0x55fe40a85c0e <unknown>
#11 0x55fe40a68610 <unknown>
#12 0x55fe40a86c23 <unknown>
#13 0x55fe40a5a545 <unknown>
#14 0x55fe40aa76a8 <unknown>
#15 0x55fe40aa7836 <unknown>
#16 0x55fe40ac2d13 <unknown>
#17 0x7fc7a3211609 start_thread

[2023-03-17T03:56:24.743+0530] {taskinstance.py:1322} INFO - Marking task as UP_FOR_RETRY. dag_id=nsdlfpi_and_rupee, task_id=extract_data, execution_date=20230301T000000, start_date=20230316T222522, end_date=20230316T222624
[2023-03-17T03:56:24.792+0530] {standard_task_runner.py:100} ERROR - Failed to execute job 4866 for task extract_data (Message: unknown error: DevToolsActivePort file doesn't exist
Stacktrace:
#0 0x55fe40a33303 <unknown>
#1 0x55fe40807d37 <unknown>
#2 0x55fe40833a09 <unknown>
#3 0x55fe4082f66c <unknown>
#4 0x55fe4082c330 <unknown>
#5 0x55fe4086d4a6 <unknown>
#6 0x55fe40864753 <unknown>
#7 0x55fe40837a14 <unknown>
#8 0x55fe40838b7e <unknown>
#9 0x55fe40a8232e <unknown>
#10 0x55fe40a85c0e <unknown>
#11 0x55fe40a68610 <unknown>
#12 0x55fe40a86c23 <unknown>
#13 0x55fe40a5a545 <unknown>
#14 0x55fe40aa76a8 <unknown>
#15 0x55fe40aa7836 <unknown>
#16 0x55fe40ac2d13 <unknown>
#17 0x7fc7a3211609 start_thread
; 4307)
[2023-03-17T03:56:24.851+0530] {local_task_job.py:159} INFO - Task exited with return code 1
[2023-03-17T03:56:24.905+0530] {taskinstance.py:2582} INFO - 0 downstream tasks scheduled from follow-on schedule check
