[2023-02-14T11:01:16.382+0530] {taskinstance.py:1087} INFO - Dependencies all met for <TaskInstance: FX__Turnover.finish_task scheduled__2023-02-04T00:00:00+00:00 [queued]>
[2023-02-14T11:01:16.400+0530] {taskinstance.py:1087} INFO - Dependencies all met for <TaskInstance: FX__Turnover.finish_task scheduled__2023-02-04T00:00:00+00:00 [queued]>
[2023-02-14T11:01:16.400+0530] {taskinstance.py:1283} INFO - 
--------------------------------------------------------------------------------
[2023-02-14T11:01:16.400+0530] {taskinstance.py:1284} INFO - Starting attempt 1 of 4
[2023-02-14T11:01:16.400+0530] {taskinstance.py:1285} INFO - 
--------------------------------------------------------------------------------
[2023-02-14T11:01:16.426+0530] {taskinstance.py:1304} INFO - Executing <Task(BashOperator): finish_task> on 2023-02-04 00:00:00+00:00
[2023-02-14T11:01:16.441+0530] {standard_task_runner.py:55} INFO - Started process 8417 to run task
[2023-02-14T11:01:16.446+0530] {standard_task_runner.py:82} INFO - Running: ['airflow', 'tasks', 'run', 'FX__Turnover', 'finish_task', 'scheduled__2023-02-04T00:00:00+00:00', '--job-id', '4257', '--raw', '--subdir', 'DAGS_FOLDER/FX_turnover.py', '--cfg-path', '/tmp/tmpmnssn05a']
[2023-02-14T11:01:16.448+0530] {standard_task_runner.py:83} INFO - Job 4257: Subtask finish_task
[2023-02-14T11:01:16.527+0530] {task_command.py:389} INFO - Running <TaskInstance: FX__Turnover.finish_task scheduled__2023-02-04T00:00:00+00:00 [running]> on host DESKTOP-SQIOQPD.
[2023-02-14T11:01:16.648+0530] {taskinstance.py:1511} INFO - Exporting the following env vars:
AIRFLOW_CTX_DAG_EMAIL=nikheleshbhattacharyya@gmail.com
AIRFLOW_CTX_DAG_OWNER=airflow
AIRFLOW_CTX_DAG_ID=FX__Turnover
AIRFLOW_CTX_TASK_ID=finish_task
AIRFLOW_CTX_EXECUTION_DATE=2023-02-04T00:00:00+00:00
AIRFLOW_CTX_TRY_NUMBER=1
AIRFLOW_CTX_DAG_RUN_ID=scheduled__2023-02-04T00:00:00+00:00
[2023-02-14T11:01:16.649+0530] {subprocess.py:63} INFO - Tmp dir root location: 
 /tmp
[2023-02-14T11:01:16.650+0530] {subprocess.py:75} INFO - Running command: ['/usr/bin/bash', '-c', 'echo finish']
[2023-02-14T11:01:16.668+0530] {subprocess.py:86} INFO - Output:
[2023-02-14T11:01:16.670+0530] {subprocess.py:93} INFO - finish
[2023-02-14T11:01:16.671+0530] {subprocess.py:97} INFO - Command exited with return code 0
[2023-02-14T11:01:16.710+0530] {taskinstance.py:1322} INFO - Marking task as SUCCESS. dag_id=FX__Turnover, task_id=finish_task, execution_date=20230204T000000, start_date=20230214T053116, end_date=20230214T053116
[2023-02-14T11:01:16.782+0530] {local_task_job.py:159} INFO - Task exited with return code 0
[2023-02-14T11:01:16.805+0530] {taskinstance.py:2582} INFO - 0 downstream tasks scheduled from follow-on schedule check
