[2022-12-26T00:17:05.185+0530] {taskinstance.py:1087} INFO - Dependencies all met for <TaskInstance: Money__Market.load_link scheduled__2022-12-24T12:00:00+00:00 [queued]>
[2022-12-26T00:17:05.202+0530] {taskinstance.py:1087} INFO - Dependencies all met for <TaskInstance: Money__Market.load_link scheduled__2022-12-24T12:00:00+00:00 [queued]>
[2022-12-26T00:17:05.202+0530] {taskinstance.py:1283} INFO - 
--------------------------------------------------------------------------------
[2022-12-26T00:17:05.202+0530] {taskinstance.py:1284} INFO - Starting attempt 1 of 4
[2022-12-26T00:17:05.203+0530] {taskinstance.py:1285} INFO - 
--------------------------------------------------------------------------------
[2022-12-26T00:17:05.223+0530] {taskinstance.py:1304} INFO - Executing <Task(PythonOperator): load_link> on 2022-12-24 12:00:00+00:00
[2022-12-26T00:17:05.230+0530] {standard_task_runner.py:55} INFO - Started process 27432 to run task
[2022-12-26T00:17:05.233+0530] {standard_task_runner.py:82} INFO - Running: ['airflow', 'tasks', 'run', 'Money__Market', 'load_link', 'scheduled__2022-12-24T12:00:00+00:00', '--job-id', '724', '--raw', '--subdir', 'DAGS_FOLDER/Money_Market.py', '--cfg-path', '/tmp/tmpua4ly7m9']
[2022-12-26T00:17:05.235+0530] {standard_task_runner.py:83} INFO - Job 724: Subtask load_link
[2022-12-26T00:17:05.288+0530] {task_command.py:389} INFO - Running <TaskInstance: Money__Market.load_link scheduled__2022-12-24T12:00:00+00:00 [running]> on host DESKTOP-SQIOQPD.
[2022-12-26T00:17:05.384+0530] {taskinstance.py:1511} INFO - Exporting the following env vars:
AIRFLOW_CTX_DAG_EMAIL=nikheleshbhattacharyya@gmail.com
AIRFLOW_CTX_DAG_OWNER=airflow
AIRFLOW_CTX_DAG_ID=Money__Market
AIRFLOW_CTX_TASK_ID=load_link
AIRFLOW_CTX_EXECUTION_DATE=2022-12-24T12:00:00+00:00
AIRFLOW_CTX_TRY_NUMBER=1
AIRFLOW_CTX_DAG_RUN_ID=scheduled__2022-12-24T12:00:00+00:00
[2022-12-26T00:17:05.835+0530] {python.py:177} INFO - Done. Returned value was: None
[2022-12-26T00:17:05.841+0530] {taskinstance.py:1322} INFO - Marking task as SUCCESS. dag_id=Money__Market, task_id=load_link, execution_date=20221224T120000, start_date=20221225T184705, end_date=20221225T184705
[2022-12-26T00:17:06.010+0530] {local_task_job.py:159} INFO - Task exited with return code 0
[2022-12-26T00:17:06.043+0530] {taskinstance.py:2582} INFO - 1 downstream tasks scheduled from follow-on schedule check
