[2023-03-17T01:54:22.700+0530] {taskinstance.py:1087} INFO - Dependencies all met for <TaskInstance: FX_Reserves.start_task scheduled__2023-02-27T00:00:00+00:00 [queued]>
[2023-03-17T01:54:22.713+0530] {taskinstance.py:1087} INFO - Dependencies all met for <TaskInstance: FX_Reserves.start_task scheduled__2023-02-27T00:00:00+00:00 [queued]>
[2023-03-17T01:54:22.713+0530] {taskinstance.py:1283} INFO - 
--------------------------------------------------------------------------------
[2023-03-17T01:54:22.713+0530] {taskinstance.py:1284} INFO - Starting attempt 1 of 4
[2023-03-17T01:54:22.713+0530] {taskinstance.py:1285} INFO - 
--------------------------------------------------------------------------------
[2023-03-17T01:54:22.733+0530] {taskinstance.py:1304} INFO - Executing <Task(BashOperator): start_task> on 2023-02-27 00:00:00+00:00
[2023-03-17T01:54:22.749+0530] {standard_task_runner.py:82} INFO - Running: ['airflow', 'tasks', 'run', 'FX_Reserves', 'start_task', 'scheduled__2023-02-27T00:00:00+00:00', '--job-id', '4789', '--raw', '--subdir', 'DAGS_FOLDER/FX_Reserves_Data.py', '--cfg-path', '/tmp/tmp5vcyok6c']
[2023-03-17T01:54:22.744+0530] {standard_task_runner.py:55} INFO - Started process 1693 to run task
[2023-03-17T01:54:22.750+0530] {standard_task_runner.py:83} INFO - Job 4789: Subtask start_task
[2023-03-17T01:54:22.838+0530] {task_command.py:389} INFO - Running <TaskInstance: FX_Reserves.start_task scheduled__2023-02-27T00:00:00+00:00 [running]> on host DESKTOP-SQIOQPD.
[2023-03-17T01:54:23.023+0530] {taskinstance.py:1511} INFO - Exporting the following env vars:
AIRFLOW_CTX_DAG_EMAIL=nikheleshbhattacharyya@gmail.com
AIRFLOW_CTX_DAG_OWNER=airflow
AIRFLOW_CTX_DAG_ID=FX_Reserves
AIRFLOW_CTX_TASK_ID=start_task
AIRFLOW_CTX_EXECUTION_DATE=2023-02-27T00:00:00+00:00
AIRFLOW_CTX_TRY_NUMBER=1
AIRFLOW_CTX_DAG_RUN_ID=scheduled__2023-02-27T00:00:00+00:00
[2023-03-17T01:54:23.026+0530] {subprocess.py:63} INFO - Tmp dir root location: 
 /tmp
[2023-03-17T01:54:23.027+0530] {subprocess.py:75} INFO - Running command: ['/usr/bin/bash', '-c', 'echo start']
[2023-03-17T01:54:23.049+0530] {subprocess.py:86} INFO - Output:
[2023-03-17T01:54:23.050+0530] {subprocess.py:93} INFO - start
[2023-03-17T01:54:23.050+0530] {subprocess.py:97} INFO - Command exited with return code 0
[2023-03-17T01:54:23.074+0530] {taskinstance.py:1322} INFO - Marking task as SUCCESS. dag_id=FX_Reserves, task_id=start_task, execution_date=20230227T000000, start_date=20230316T202422, end_date=20230316T202423
[2023-03-17T01:54:23.130+0530] {local_task_job.py:159} INFO - Task exited with return code 0
[2023-03-17T01:54:23.155+0530] {taskinstance.py:2582} INFO - 1 downstream tasks scheduled from follow-on schedule check
