[2023-03-17T03:12:57.688+0530] {taskinstance.py:1087} INFO - Dependencies all met for <TaskInstance: Monthly.start_task scheduled__2023-03-01T00:00:00+00:00 [queued]>
[2023-03-17T03:12:57.710+0530] {taskinstance.py:1087} INFO - Dependencies all met for <TaskInstance: Monthly.start_task scheduled__2023-03-01T00:00:00+00:00 [queued]>
[2023-03-17T03:12:57.711+0530] {taskinstance.py:1283} INFO - 
--------------------------------------------------------------------------------
[2023-03-17T03:12:57.711+0530] {taskinstance.py:1284} INFO - Starting attempt 1 of 4
[2023-03-17T03:12:57.711+0530] {taskinstance.py:1285} INFO - 
--------------------------------------------------------------------------------
[2023-03-17T03:12:57.735+0530] {taskinstance.py:1304} INFO - Executing <Task(BashOperator): start_task> on 2023-03-01 00:00:00+00:00
[2023-03-17T03:12:57.749+0530] {standard_task_runner.py:55} INFO - Started process 3375 to run task
[2023-03-17T03:12:57.766+0530] {standard_task_runner.py:82} INFO - Running: ['airflow', 'tasks', 'run', 'Monthly', 'start_task', 'scheduled__2023-03-01T00:00:00+00:00', '--job-id', '4841', '--raw', '--subdir', 'DAGS_FOLDER/Monthly.py', '--cfg-path', '/tmp/tmpj5di54r0']
[2023-03-17T03:12:57.774+0530] {standard_task_runner.py:83} INFO - Job 4841: Subtask start_task
[2023-03-17T03:12:57.966+0530] {task_command.py:389} INFO - Running <TaskInstance: Monthly.start_task scheduled__2023-03-01T00:00:00+00:00 [running]> on host DESKTOP-SQIOQPD.
[2023-03-17T03:12:58.315+0530] {taskinstance.py:1511} INFO - Exporting the following env vars:
AIRFLOW_CTX_DAG_EMAIL=nikheleshbhattacharyya@gmail.com
AIRFLOW_CTX_DAG_OWNER=airflow
AIRFLOW_CTX_DAG_ID=Monthly
AIRFLOW_CTX_TASK_ID=start_task
AIRFLOW_CTX_EXECUTION_DATE=2023-03-01T00:00:00+00:00
AIRFLOW_CTX_TRY_NUMBER=1
AIRFLOW_CTX_DAG_RUN_ID=scheduled__2023-03-01T00:00:00+00:00
[2023-03-17T03:12:58.316+0530] {subprocess.py:63} INFO - Tmp dir root location: 
 /tmp
[2023-03-17T03:12:58.317+0530] {subprocess.py:75} INFO - Running command: ['/usr/bin/bash', '-c', 'echo start']
[2023-03-17T03:12:58.344+0530] {subprocess.py:86} INFO - Output:
[2023-03-17T03:12:58.349+0530] {subprocess.py:93} INFO - start
[2023-03-17T03:12:58.349+0530] {subprocess.py:97} INFO - Command exited with return code 0
[2023-03-17T03:12:58.377+0530] {taskinstance.py:1322} INFO - Marking task as SUCCESS. dag_id=Monthly, task_id=start_task, execution_date=20230301T000000, start_date=20230316T214257, end_date=20230316T214258
[2023-03-17T03:12:58.421+0530] {local_task_job.py:159} INFO - Task exited with return code 0
[2023-03-17T03:12:58.450+0530] {taskinstance.py:2582} INFO - 1 downstream tasks scheduled from follow-on schedule check
