[2023-02-02T05:43:15.424+0530] {taskinstance.py:1087} INFO - Dependencies all met for <TaskInstance: NSE_Open_Interest.extract scheduled__2023-02-01T00:00:00+00:00 [queued]>
[2023-02-02T05:43:15.431+0530] {taskinstance.py:1087} INFO - Dependencies all met for <TaskInstance: NSE_Open_Interest.extract scheduled__2023-02-01T00:00:00+00:00 [queued]>
[2023-02-02T05:43:15.431+0530] {taskinstance.py:1283} INFO - 
--------------------------------------------------------------------------------
[2023-02-02T05:43:15.431+0530] {taskinstance.py:1284} INFO - Starting attempt 2 of 4
[2023-02-02T05:43:15.431+0530] {taskinstance.py:1285} INFO - 
--------------------------------------------------------------------------------
[2023-02-02T05:43:15.447+0530] {taskinstance.py:1304} INFO - Executing <Task(PythonOperator): extract> on 2023-02-01 00:00:00+00:00
[2023-02-02T05:43:15.451+0530] {standard_task_runner.py:55} INFO - Started process 7075 to run task
[2023-02-02T05:43:15.455+0530] {standard_task_runner.py:82} INFO - Running: ['airflow', 'tasks', 'run', 'NSE_Open_Interest', 'extract', 'scheduled__2023-02-01T00:00:00+00:00', '--job-id', '3633', '--raw', '--subdir', 'DAGS_FOLDER/NSE_Open_Interest.py', '--cfg-path', '/tmp/tmp2lpq7e8n']
[2023-02-02T05:43:15.457+0530] {standard_task_runner.py:83} INFO - Job 3633: Subtask extract
[2023-02-02T05:43:15.503+0530] {task_command.py:389} INFO - Running <TaskInstance: NSE_Open_Interest.extract scheduled__2023-02-01T00:00:00+00:00 [running]> on host DESKTOP-SQIOQPD.
[2023-02-02T05:43:15.568+0530] {taskinstance.py:1511} INFO - Exporting the following env vars:
AIRFLOW_CTX_DAG_EMAIL=nikheleshbhattacharyya@gmail.com
AIRFLOW_CTX_DAG_OWNER=airflow
AIRFLOW_CTX_DAG_ID=NSE_Open_Interest
AIRFLOW_CTX_TASK_ID=extract
AIRFLOW_CTX_EXECUTION_DATE=2023-02-01T00:00:00+00:00
AIRFLOW_CTX_TRY_NUMBER=2
AIRFLOW_CTX_DAG_RUN_ID=scheduled__2023-02-01T00:00:00+00:00
[2023-02-02T05:43:15.569+0530] {logging_mixin.py:137} INFO - 2020-02-14 00:00:00
[2023-02-02T05:43:15.668+0530] {logging_mixin.py:137} INFO - 2020-02-15 00:00:00
[2023-02-02T05:43:18.757+0530] {logging_mixin.py:137} INFO - 2020-02-16 00:00:00
[2023-02-02T05:43:21.838+0530] {logging_mixin.py:137} INFO - 2020-02-17 00:00:00
[2023-02-02T05:43:21.937+0530] {logging_mixin.py:137} INFO - 2020-02-18 00:00:00
[2023-02-02T05:43:22.042+0530] {logging_mixin.py:137} INFO - 2020-02-19 00:00:00
[2023-02-02T05:43:22.080+0530] {logging_mixin.py:137} INFO - 2020-02-20 00:00:00
[2023-02-02T05:43:22.115+0530] {logging_mixin.py:137} INFO - 2020-02-21 00:00:00
[2023-02-02T05:43:22.149+0530] {logging_mixin.py:137} INFO - 2020-02-22 00:00:00
[2023-02-02T05:43:25.254+0530] {logging_mixin.py:137} INFO - 2020-02-23 00:00:00
[2023-02-02T05:43:28.368+0530] {logging_mixin.py:137} INFO - 2020-02-24 00:00:00
[2023-02-02T05:43:28.468+0530] {logging_mixin.py:137} INFO - 2020-02-25 00:00:00
[2023-02-02T05:43:28.503+0530] {logging_mixin.py:137} INFO - 2020-02-26 00:00:00
[2023-02-02T05:43:28.771+0530] {logging_mixin.py:137} INFO - 2020-02-27 00:00:00
[2023-02-02T05:43:28.882+0530] {logging_mixin.py:137} INFO - 2020-02-28 00:00:00
[2023-02-02T05:43:28.924+0530] {logging_mixin.py:137} INFO - 2020-02-29 00:00:00
[2023-02-02T05:43:28.965+0530] {logging_mixin.py:137} INFO - 2020-03-01 00:00:00
[2023-02-02T05:43:32.051+0530] {logging_mixin.py:137} INFO - 2020-03-02 00:00:00
[2023-02-02T05:43:32.235+0530] {logging_mixin.py:137} INFO - 2020-03-03 00:00:00
[2023-02-02T05:43:32.557+0530] {taskinstance.py:1772} ERROR - Task failed with exception
Traceback (most recent call last):
  File "/usr/local/lib/python3.8/dist-packages/airflow/operators/python.py", line 175, in execute
    return_value = self.execute_callable()
  File "/usr/local/lib/python3.8/dist-packages/airflow/operators/python.py", line 192, in execute_callable
    return self.python_callable(*self.op_args, **self.op_kwargs)
  File "/root/airflow/dags/NSE_Open_Interest.py", line 83, in extract
    dd,values = get_data(date)
TypeError: cannot unpack non-iterable int object
[2023-02-02T05:43:32.562+0530] {taskinstance.py:1322} INFO - Marking task as UP_FOR_RETRY. dag_id=NSE_Open_Interest, task_id=extract, execution_date=20230201T000000, start_date=20230202T001315, end_date=20230202T001332
[2023-02-02T05:43:32.589+0530] {standard_task_runner.py:100} ERROR - Failed to execute job 3633 for task extract (cannot unpack non-iterable int object; 7075)
[2023-02-02T05:43:32.608+0530] {local_task_job.py:159} INFO - Task exited with return code 1
[2023-02-02T05:43:32.627+0530] {taskinstance.py:2582} INFO - 0 downstream tasks scheduled from follow-on schedule check
