[2023-01-06T11:22:12.308+0530] {taskinstance.py:1087} INFO - Dependencies all met for <TaskInstance: FX__Turnover.extract scheduled__2023-01-05T00:00:00+00:00 [queued]>
[2023-01-06T11:22:12.327+0530] {taskinstance.py:1087} INFO - Dependencies all met for <TaskInstance: FX__Turnover.extract scheduled__2023-01-05T00:00:00+00:00 [queued]>
[2023-01-06T11:22:12.328+0530] {taskinstance.py:1283} INFO - 
--------------------------------------------------------------------------------
[2023-01-06T11:22:12.328+0530] {taskinstance.py:1284} INFO - Starting attempt 3 of 4
[2023-01-06T11:22:12.328+0530] {taskinstance.py:1285} INFO - 
--------------------------------------------------------------------------------
[2023-01-06T11:22:12.355+0530] {taskinstance.py:1304} INFO - Executing <Task(PythonOperator): extract> on 2023-01-05 00:00:00+00:00
[2023-01-06T11:22:12.366+0530] {standard_task_runner.py:55} INFO - Started process 813 to run task
[2023-01-06T11:22:12.370+0530] {standard_task_runner.py:82} INFO - Running: ['airflow', 'tasks', 'run', 'FX__Turnover', 'extract', 'scheduled__2023-01-05T00:00:00+00:00', '--job-id', '2904', '--raw', '--subdir', 'DAGS_FOLDER/FX_turnover.py', '--cfg-path', '/tmp/tmp0vjws378']
[2023-01-06T11:22:12.372+0530] {standard_task_runner.py:83} INFO - Job 2904: Subtask extract
[2023-01-06T11:22:12.749+0530] {task_command.py:389} INFO - Running <TaskInstance: FX__Turnover.extract scheduled__2023-01-05T00:00:00+00:00 [running]> on host DESKTOP-SQIOQPD.
[2023-01-06T11:22:13.091+0530] {taskinstance.py:1511} INFO - Exporting the following env vars:
AIRFLOW_CTX_DAG_EMAIL=nikheleshbhattacharyya@gmail.com
AIRFLOW_CTX_DAG_OWNER=airflow
AIRFLOW_CTX_DAG_ID=FX__Turnover
AIRFLOW_CTX_TASK_ID=extract
AIRFLOW_CTX_EXECUTION_DATE=2023-01-05T00:00:00+00:00
AIRFLOW_CTX_TRY_NUMBER=3
AIRFLOW_CTX_DAG_RUN_ID=scheduled__2023-01-05T00:00:00+00:00
[2023-01-06T11:22:25.478+0530] {taskinstance.py:1772} ERROR - Task failed with exception
Traceback (most recent call last):
  File "/usr/local/lib/python3.8/dist-packages/airflow/operators/python.py", line 175, in execute
    return_value = self.execute_callable()
  File "/usr/local/lib/python3.8/dist-packages/airflow/operators/python.py", line 192, in execute_callable
    return self.python_callable(*self.op_args, **self.op_kwargs)
  File "/root/airflow/dags/FX_turnover.py", line 139, in extract_fxturn
    driver.get(url)
  File "/usr/local/lib/python3.8/dist-packages/selenium/webdriver/remote/webdriver.py", line 455, in get
    self.execute(Command.GET, {"url": url})
  File "/usr/local/lib/python3.8/dist-packages/selenium/webdriver/remote/webdriver.py", line 444, in execute
    self.error_handler.check_response(response)
  File "/usr/local/lib/python3.8/dist-packages/selenium/webdriver/remote/errorhandler.py", line 249, in check_response
    raise exception_class(message, screen, stacktrace)
selenium.common.exceptions.WebDriverException: Message: unknown error: net::ERR_NAME_NOT_RESOLVED
  (Session info: headless chrome=108.0.5359.124)
Stacktrace:
#0 0x55a8a510d2a3 <unknown>
#1 0x55a8a4ecbf77 <unknown>
#2 0x55a8a4ec3e35 <unknown>
#3 0x55a8a4eb6f27 <unknown>
#4 0x55a8a4eb82d9 <unknown>
#5 0x55a8a4eb729e <unknown>
#6 0x55a8a4eb63d2 <unknown>
#7 0x55a8a4eb6225 <unknown>
#8 0x55a8a4eb4dc6 <unknown>
#9 0x55a8a4eb5244 <unknown>
#10 0x55a8a4ecde88 <unknown>
#11 0x55a8a4f40b05 <unknown>
#12 0x55a8a4f28b32 <unknown>
#13 0x55a8a4f4047c <unknown>
#14 0x55a8a4f28903 <unknown>
#15 0x55a8a4efbece <unknown>
#16 0x55a8a4efcfde <unknown>
#17 0x55a8a515d63e <unknown>
#18 0x55a8a5160b79 <unknown>
#19 0x55a8a514389e <unknown>
#20 0x55a8a5161a83 <unknown>
#21 0x55a8a5136505 <unknown>
#22 0x55a8a5182ca8 <unknown>
#23 0x55a8a5182e36 <unknown>
#24 0x55a8a519e333 <unknown>
#25 0x7fedfe453609 start_thread

[2023-01-06T11:22:25.495+0530] {taskinstance.py:1322} INFO - Marking task as UP_FOR_RETRY. dag_id=FX__Turnover, task_id=extract, execution_date=20230105T000000, start_date=20230106T055212, end_date=20230106T055225
[2023-01-06T11:22:25.524+0530] {standard_task_runner.py:100} ERROR - Failed to execute job 2904 for task extract (Message: unknown error: net::ERR_NAME_NOT_RESOLVED
  (Session info: headless chrome=108.0.5359.124)
Stacktrace:
#0 0x55a8a510d2a3 <unknown>
#1 0x55a8a4ecbf77 <unknown>
#2 0x55a8a4ec3e35 <unknown>
#3 0x55a8a4eb6f27 <unknown>
#4 0x55a8a4eb82d9 <unknown>
#5 0x55a8a4eb729e <unknown>
#6 0x55a8a4eb63d2 <unknown>
#7 0x55a8a4eb6225 <unknown>
#8 0x55a8a4eb4dc6 <unknown>
#9 0x55a8a4eb5244 <unknown>
#10 0x55a8a4ecde88 <unknown>
#11 0x55a8a4f40b05 <unknown>
#12 0x55a8a4f28b32 <unknown>
#13 0x55a8a4f4047c <unknown>
#14 0x55a8a4f28903 <unknown>
#15 0x55a8a4efbece <unknown>
#16 0x55a8a4efcfde <unknown>
#17 0x55a8a515d63e <unknown>
#18 0x55a8a5160b79 <unknown>
#19 0x55a8a514389e <unknown>
#20 0x55a8a5161a83 <unknown>
#21 0x55a8a5136505 <unknown>
#22 0x55a8a5182ca8 <unknown>
#23 0x55a8a5182e36 <unknown>
#24 0x55a8a519e333 <unknown>
#25 0x7fedfe453609 start_thread
; 813)
[2023-01-06T11:22:25.557+0530] {local_task_job.py:159} INFO - Task exited with return code 1
[2023-01-06T11:22:25.591+0530] {taskinstance.py:2582} INFO - 0 downstream tasks scheduled from follow-on schedule check
