[2023-02-03T05:30:17.627+0530] {taskinstance.py:1087} INFO - Dependencies all met for <TaskInstance: Monthly.load scheduled__2023-02-02T00:00:00+00:00 [queued]>
[2023-02-03T05:30:17.636+0530] {taskinstance.py:1087} INFO - Dependencies all met for <TaskInstance: Monthly.load scheduled__2023-02-02T00:00:00+00:00 [queued]>
[2023-02-03T05:30:17.636+0530] {taskinstance.py:1283} INFO - 
--------------------------------------------------------------------------------
[2023-02-03T05:30:17.636+0530] {taskinstance.py:1284} INFO - Starting attempt 1 of 4
[2023-02-03T05:30:17.636+0530] {taskinstance.py:1285} INFO - 
--------------------------------------------------------------------------------
[2023-02-03T05:30:17.650+0530] {taskinstance.py:1304} INFO - Executing <Task(PythonOperator): load> on 2023-02-02 00:00:00+00:00
[2023-02-03T05:30:17.654+0530] {standard_task_runner.py:55} INFO - Started process 12447 to run task
[2023-02-03T05:30:17.658+0530] {standard_task_runner.py:82} INFO - Running: ['airflow', 'tasks', 'run', 'Monthly', 'load', 'scheduled__2023-02-02T00:00:00+00:00', '--job-id', '3890', '--raw', '--subdir', 'DAGS_FOLDER/Monthly.py', '--cfg-path', '/tmp/tmp45dfe69g']
[2023-02-03T05:30:17.659+0530] {standard_task_runner.py:83} INFO - Job 3890: Subtask load
[2023-02-03T05:30:17.701+0530] {task_command.py:389} INFO - Running <TaskInstance: Monthly.load scheduled__2023-02-02T00:00:00+00:00 [running]> on host DESKTOP-SQIOQPD.
[2023-02-03T05:30:17.769+0530] {taskinstance.py:1511} INFO - Exporting the following env vars:
AIRFLOW_CTX_DAG_EMAIL=nikheleshbhattacharyya@gmail.com
AIRFLOW_CTX_DAG_OWNER=airflow
AIRFLOW_CTX_DAG_ID=Monthly
AIRFLOW_CTX_TASK_ID=load
AIRFLOW_CTX_EXECUTION_DATE=2023-02-02T00:00:00+00:00
AIRFLOW_CTX_TRY_NUMBER=1
AIRFLOW_CTX_DAG_RUN_ID=scheduled__2023-02-02T00:00:00+00:00
[2023-02-03T05:30:17.777+0530] {taskinstance.py:1772} ERROR - Task failed with exception
Traceback (most recent call last):
  File "/usr/local/lib/python3.8/dist-packages/airflow/operators/python.py", line 175, in execute
    return_value = self.execute_callable()
  File "/usr/local/lib/python3.8/dist-packages/airflow/operators/python.py", line 192, in execute_callable
    return self.python_callable(*self.op_args, **self.op_kwargs)
  File "/root/airflow/dags/Monthly.py", line 492, in load
    b4 = list(context['ti'].xcom_pull(task_ids='extract')[0])
TypeError: 'NoneType' object is not subscriptable
[2023-02-03T05:30:17.781+0530] {taskinstance.py:1322} INFO - Marking task as UP_FOR_RETRY. dag_id=Monthly, task_id=load, execution_date=20230202T000000, start_date=20230203T000017, end_date=20230203T000017
[2023-02-03T05:30:17.792+0530] {standard_task_runner.py:100} ERROR - Failed to execute job 3890 for task load ('NoneType' object is not subscriptable; 12447)
[2023-02-03T05:30:17.832+0530] {local_task_job.py:159} INFO - Task exited with return code 1
[2023-02-03T05:30:17.845+0530] {taskinstance.py:2582} INFO - 0 downstream tasks scheduled from follow-on schedule check
