[2023-03-17T01:55:50.967+0530] {taskinstance.py:1087} INFO - Dependencies all met for <TaskInstance: Monthly.extract scheduled__2023-02-26T00:00:00+00:00 [queued]>
[2023-03-17T01:55:50.976+0530] {taskinstance.py:1087} INFO - Dependencies all met for <TaskInstance: Monthly.extract scheduled__2023-02-26T00:00:00+00:00 [queued]>
[2023-03-17T01:55:50.976+0530] {taskinstance.py:1283} INFO - 
--------------------------------------------------------------------------------
[2023-03-17T01:55:50.976+0530] {taskinstance.py:1284} INFO - Starting attempt 1 of 4
[2023-03-17T01:55:50.976+0530] {taskinstance.py:1285} INFO - 
--------------------------------------------------------------------------------
[2023-03-17T01:55:50.993+0530] {taskinstance.py:1304} INFO - Executing <Task(PythonOperator): extract> on 2023-02-26 00:00:00+00:00
[2023-03-17T01:55:51.005+0530] {standard_task_runner.py:55} INFO - Started process 1823 to run task
[2023-03-17T01:55:51.009+0530] {standard_task_runner.py:82} INFO - Running: ['airflow', 'tasks', 'run', 'Monthly', 'extract', 'scheduled__2023-02-26T00:00:00+00:00', '--job-id', '4796', '--raw', '--subdir', 'DAGS_FOLDER/Monthly.py', '--cfg-path', '/tmp/tmpaxwwh7a2']
[2023-03-17T01:55:51.011+0530] {standard_task_runner.py:83} INFO - Job 4796: Subtask extract
[2023-03-17T01:55:51.059+0530] {task_command.py:389} INFO - Running <TaskInstance: Monthly.extract scheduled__2023-02-26T00:00:00+00:00 [running]> on host DESKTOP-SQIOQPD.
[2023-03-17T01:55:51.149+0530] {taskinstance.py:1511} INFO - Exporting the following env vars:
AIRFLOW_CTX_DAG_EMAIL=nikheleshbhattacharyya@gmail.com
AIRFLOW_CTX_DAG_OWNER=airflow
AIRFLOW_CTX_DAG_ID=Monthly
AIRFLOW_CTX_TASK_ID=extract
AIRFLOW_CTX_EXECUTION_DATE=2023-02-26T00:00:00+00:00
AIRFLOW_CTX_TRY_NUMBER=1
AIRFLOW_CTX_DAG_RUN_ID=scheduled__2023-02-26T00:00:00+00:00
[2023-03-17T01:55:53.282+0530] {logging_mixin.py:137} INFO - document.getElementById('20201').click()
[2023-03-17T01:55:53.293+0530] {logging_mixin.py:137} INFO - document.getElementById('20202').click()
[2023-03-17T01:55:53.305+0530] {logging_mixin.py:137} INFO - document.getElementById('20203').click()
[2023-03-17T01:55:53.314+0530] {logging_mixin.py:137} INFO - document.getElementById('20204').click()
[2023-03-17T01:55:53.323+0530] {logging_mixin.py:137} INFO - document.getElementById('20205').click()
[2023-03-17T01:55:53.333+0530] {logging_mixin.py:137} INFO - document.getElementById('20206').click()
[2023-03-17T01:55:53.342+0530] {logging_mixin.py:137} INFO - document.getElementById('20207').click()
[2023-03-17T01:55:53.351+0530] {logging_mixin.py:137} INFO - document.getElementById('20208').click()
[2023-03-17T01:55:53.360+0530] {logging_mixin.py:137} INFO - document.getElementById('20209').click()
[2023-03-17T01:55:53.369+0530] {logging_mixin.py:137} INFO - document.getElementById('202010').click()
[2023-03-17T01:55:53.378+0530] {logging_mixin.py:137} INFO - document.getElementById('202011').click()
[2023-03-17T01:55:53.390+0530] {logging_mixin.py:137} INFO - document.getElementById('202012').click()
[2023-03-17T01:55:53.399+0530] {logging_mixin.py:137} INFO - document.getElementById('20211').click()
[2023-03-17T01:55:53.408+0530] {logging_mixin.py:137} INFO - document.getElementById('20212').click()
[2023-03-17T01:55:53.418+0530] {logging_mixin.py:137} INFO - document.getElementById('20213').click()
[2023-03-17T01:55:53.427+0530] {logging_mixin.py:137} INFO - document.getElementById('20214').click()
[2023-03-17T01:55:53.436+0530] {logging_mixin.py:137} INFO - document.getElementById('20215').click()
[2023-03-17T01:55:53.445+0530] {logging_mixin.py:137} INFO - document.getElementById('20216').click()
[2023-03-17T01:55:53.453+0530] {logging_mixin.py:137} INFO - document.getElementById('20217').click()
[2023-03-17T01:55:53.462+0530] {logging_mixin.py:137} INFO - document.getElementById('20218').click()
[2023-03-17T01:55:53.475+0530] {logging_mixin.py:137} INFO - document.getElementById('20219').click()
[2023-03-17T01:55:53.489+0530] {logging_mixin.py:137} INFO - document.getElementById('202110').click()
[2023-03-17T01:55:53.502+0530] {logging_mixin.py:137} INFO - document.getElementById('202111').click()
[2023-03-17T01:55:53.515+0530] {logging_mixin.py:137} INFO - document.getElementById('202112').click()
[2023-03-17T01:55:53.528+0530] {logging_mixin.py:137} INFO - document.getElementById('20221').click()
[2023-03-17T01:55:53.542+0530] {logging_mixin.py:137} INFO - document.getElementById('20222').click()
[2023-03-17T01:55:53.558+0530] {logging_mixin.py:137} INFO - document.getElementById('20223').click()
[2023-03-17T01:55:53.570+0530] {logging_mixin.py:137} INFO - document.getElementById('20224').click()
[2023-03-17T01:55:53.586+0530] {logging_mixin.py:137} INFO - document.getElementById('20225').click()
[2023-03-17T01:55:53.598+0530] {logging_mixin.py:137} INFO - document.getElementById('20226').click()
[2023-03-17T01:55:53.609+0530] {logging_mixin.py:137} INFO - document.getElementById('20227').click()
[2023-03-17T01:55:53.620+0530] {logging_mixin.py:137} INFO - document.getElementById('20228').click()
[2023-03-17T01:55:53.631+0530] {logging_mixin.py:137} INFO - document.getElementById('20229').click()
[2023-03-17T01:55:53.642+0530] {logging_mixin.py:137} INFO - document.getElementById('202210').click()
[2023-03-17T01:55:53.653+0530] {logging_mixin.py:137} INFO - document.getElementById('202211').click()
[2023-03-17T01:55:53.673+0530] {logging_mixin.py:137} INFO - document.getElementById('202212').click()
[2023-03-17T01:55:53.684+0530] {logging_mixin.py:137} INFO - document.getElementById('20231').click()
[2023-03-17T01:55:53.696+0530] {logging_mixin.py:137} INFO - document.getElementById('20232').click()
[2023-03-17T01:55:53.708+0530] {logging_mixin.py:137} INFO - document.getElementById('20233').click()
[2023-03-17T01:55:53.720+0530] {logging_mixin.py:137} INFO - document.getElementById('20234').click()
[2023-03-17T01:55:53.732+0530] {logging_mixin.py:137} INFO - document.getElementById('20235').click()
[2023-03-17T01:55:53.745+0530] {logging_mixin.py:137} INFO - document.getElementById('20236').click()
[2023-03-17T01:55:53.758+0530] {logging_mixin.py:137} INFO - document.getElementById('20237').click()
[2023-03-17T01:55:53.771+0530] {logging_mixin.py:137} INFO - document.getElementById('20238').click()
[2023-03-17T01:55:53.781+0530] {logging_mixin.py:137} INFO - document.getElementById('20239').click()
[2023-03-17T01:55:53.792+0530] {logging_mixin.py:137} INFO - document.getElementById('202310').click()
[2023-03-17T01:55:53.804+0530] {logging_mixin.py:137} INFO - document.getElementById('202311').click()
[2023-03-17T01:55:53.816+0530] {logging_mixin.py:137} INFO - document.getElementById('202312').click()
[2023-03-17T01:55:53.883+0530] {python.py:177} INFO - Done. Returned value was: ([], [], [], [], [], [], [])
[2023-03-17T01:55:53.910+0530] {taskinstance.py:1322} INFO - Marking task as SUCCESS. dag_id=Monthly, task_id=extract, execution_date=20230226T000000, start_date=20230316T202550, end_date=20230316T202553
[2023-03-17T01:55:53.954+0530] {local_task_job.py:159} INFO - Task exited with return code 0
[2023-03-17T01:55:53.988+0530] {taskinstance.py:2582} INFO - 1 downstream tasks scheduled from follow-on schedule check
