[2023-01-06T11:19:51.700+0530] {taskinstance.py:1087} INFO - Dependencies all met for <TaskInstance: FX__Turnover.extract scheduled__2023-01-05T00:00:00+00:00 [queued]>
[2023-01-06T11:19:51.728+0530] {taskinstance.py:1087} INFO - Dependencies all met for <TaskInstance: FX__Turnover.extract scheduled__2023-01-05T00:00:00+00:00 [queued]>
[2023-01-06T11:19:51.728+0530] {taskinstance.py:1283} INFO - 
--------------------------------------------------------------------------------
[2023-01-06T11:19:51.729+0530] {taskinstance.py:1284} INFO - Starting attempt 2 of 4
[2023-01-06T11:19:51.729+0530] {taskinstance.py:1285} INFO - 
--------------------------------------------------------------------------------
[2023-01-06T11:19:51.767+0530] {taskinstance.py:1304} INFO - Executing <Task(PythonOperator): extract> on 2023-01-05 00:00:00+00:00
[2023-01-06T11:19:51.781+0530] {standard_task_runner.py:55} INFO - Started process 388 to run task
[2023-01-06T11:19:51.785+0530] {standard_task_runner.py:82} INFO - Running: ['airflow', 'tasks', 'run', 'FX__Turnover', 'extract', 'scheduled__2023-01-05T00:00:00+00:00', '--job-id', '2898', '--raw', '--subdir', 'DAGS_FOLDER/FX_turnover.py', '--cfg-path', '/tmp/tmpgn9f_n_x']
[2023-01-06T11:19:51.787+0530] {standard_task_runner.py:83} INFO - Job 2898: Subtask extract
[2023-01-06T11:19:51.872+0530] {task_command.py:389} INFO - Running <TaskInstance: FX__Turnover.extract scheduled__2023-01-05T00:00:00+00:00 [running]> on host DESKTOP-SQIOQPD.
[2023-01-06T11:19:51.972+0530] {taskinstance.py:1511} INFO - Exporting the following env vars:
AIRFLOW_CTX_DAG_EMAIL=nikheleshbhattacharyya@gmail.com
AIRFLOW_CTX_DAG_OWNER=airflow
AIRFLOW_CTX_DAG_ID=FX__Turnover
AIRFLOW_CTX_TASK_ID=extract
AIRFLOW_CTX_EXECUTION_DATE=2023-01-05T00:00:00+00:00
AIRFLOW_CTX_TRY_NUMBER=2
AIRFLOW_CTX_DAG_RUN_ID=scheduled__2023-01-05T00:00:00+00:00
[2023-01-06T11:20:04.562+0530] {taskinstance.py:1772} ERROR - Task failed with exception
Traceback (most recent call last):
  File "/usr/local/lib/python3.8/dist-packages/airflow/operators/python.py", line 175, in execute
    return_value = self.execute_callable()
  File "/usr/local/lib/python3.8/dist-packages/airflow/operators/python.py", line 192, in execute_callable
    return self.python_callable(*self.op_args, **self.op_kwargs)
  File "/root/airflow/dags/FX_turnover.py", line 139, in extract_fxturn
    driver.get(url)
  File "/usr/local/lib/python3.8/dist-packages/selenium/webdriver/remote/webdriver.py", line 455, in get
    self.execute(Command.GET, {"url": url})
  File "/usr/local/lib/python3.8/dist-packages/selenium/webdriver/remote/webdriver.py", line 444, in execute
    self.error_handler.check_response(response)
  File "/usr/local/lib/python3.8/dist-packages/selenium/webdriver/remote/errorhandler.py", line 249, in check_response
    raise exception_class(message, screen, stacktrace)
selenium.common.exceptions.WebDriverException: Message: unknown error: net::ERR_NAME_NOT_RESOLVED
  (Session info: headless chrome=108.0.5359.124)
Stacktrace:
#0 0x558ac9fa02a3 <unknown>
#1 0x558ac9d5ef77 <unknown>
#2 0x558ac9d56e35 <unknown>
#3 0x558ac9d49f27 <unknown>
#4 0x558ac9d4b2d9 <unknown>
#5 0x558ac9d4a29e <unknown>
#6 0x558ac9d493d2 <unknown>
#7 0x558ac9d49225 <unknown>
#8 0x558ac9d47dc6 <unknown>
#9 0x558ac9d48244 <unknown>
#10 0x558ac9d60e88 <unknown>
#11 0x558ac9dd3b05 <unknown>
#12 0x558ac9dbbb32 <unknown>
#13 0x558ac9dd347c <unknown>
#14 0x558ac9dbb903 <unknown>
#15 0x558ac9d8eece <unknown>
#16 0x558ac9d8ffde <unknown>
#17 0x558ac9ff063e <unknown>
#18 0x558ac9ff3b79 <unknown>
#19 0x558ac9fd689e <unknown>
#20 0x558ac9ff4a83 <unknown>
#21 0x558ac9fc9505 <unknown>
#22 0x558aca015ca8 <unknown>
#23 0x558aca015e36 <unknown>
#24 0x558aca031333 <unknown>
#25 0x7f0a29d08609 start_thread

[2023-01-06T11:20:04.580+0530] {taskinstance.py:1322} INFO - Marking task as UP_FOR_RETRY. dag_id=FX__Turnover, task_id=extract, execution_date=20230105T000000, start_date=20230106T054951, end_date=20230106T055004
[2023-01-06T11:20:04.615+0530] {standard_task_runner.py:100} ERROR - Failed to execute job 2898 for task extract (Message: unknown error: net::ERR_NAME_NOT_RESOLVED
  (Session info: headless chrome=108.0.5359.124)
Stacktrace:
#0 0x558ac9fa02a3 <unknown>
#1 0x558ac9d5ef77 <unknown>
#2 0x558ac9d56e35 <unknown>
#3 0x558ac9d49f27 <unknown>
#4 0x558ac9d4b2d9 <unknown>
#5 0x558ac9d4a29e <unknown>
#6 0x558ac9d493d2 <unknown>
#7 0x558ac9d49225 <unknown>
#8 0x558ac9d47dc6 <unknown>
#9 0x558ac9d48244 <unknown>
#10 0x558ac9d60e88 <unknown>
#11 0x558ac9dd3b05 <unknown>
#12 0x558ac9dbbb32 <unknown>
#13 0x558ac9dd347c <unknown>
#14 0x558ac9dbb903 <unknown>
#15 0x558ac9d8eece <unknown>
#16 0x558ac9d8ffde <unknown>
#17 0x558ac9ff063e <unknown>
#18 0x558ac9ff3b79 <unknown>
#19 0x558ac9fd689e <unknown>
#20 0x558ac9ff4a83 <unknown>
#21 0x558ac9fc9505 <unknown>
#22 0x558aca015ca8 <unknown>
#23 0x558aca015e36 <unknown>
#24 0x558aca031333 <unknown>
#25 0x7f0a29d08609 start_thread
; 388)
[2023-01-06T11:20:04.663+0530] {local_task_job.py:159} INFO - Task exited with return code 1
[2023-01-06T11:20:04.704+0530] {taskinstance.py:2582} INFO - 0 downstream tasks scheduled from follow-on schedule check
