[2023-02-23T13:53:40.731+0530] {taskinstance.py:1087} INFO - Dependencies all met for <TaskInstance: FX__Turnover.load scheduled__2023-02-18T00:00:00+00:00 [queued]>
[2023-02-23T13:53:40.741+0530] {taskinstance.py:1087} INFO - Dependencies all met for <TaskInstance: FX__Turnover.load scheduled__2023-02-18T00:00:00+00:00 [queued]>
[2023-02-23T13:53:40.742+0530] {taskinstance.py:1283} INFO - 
--------------------------------------------------------------------------------
[2023-02-23T13:53:40.742+0530] {taskinstance.py:1284} INFO - Starting attempt 1 of 4
[2023-02-23T13:53:40.742+0530] {taskinstance.py:1285} INFO - 
--------------------------------------------------------------------------------
[2023-02-23T13:53:40.759+0530] {taskinstance.py:1304} INFO - Executing <Task(PythonOperator): load> on 2023-02-18 00:00:00+00:00
[2023-02-23T13:53:40.764+0530] {standard_task_runner.py:55} INFO - Started process 2760 to run task
[2023-02-23T13:53:40.767+0530] {standard_task_runner.py:82} INFO - Running: ['airflow', 'tasks', 'run', 'FX__Turnover', 'load', 'scheduled__2023-02-18T00:00:00+00:00', '--job-id', '4523', '--raw', '--subdir', 'DAGS_FOLDER/FX_turnover.py', '--cfg-path', '/tmp/tmpwxzqls0f']
[2023-02-23T13:53:40.768+0530] {standard_task_runner.py:83} INFO - Job 4523: Subtask load
[2023-02-23T13:53:40.818+0530] {task_command.py:389} INFO - Running <TaskInstance: FX__Turnover.load scheduled__2023-02-18T00:00:00+00:00 [running]> on host DESKTOP-SQIOQPD.
[2023-02-23T13:53:40.902+0530] {taskinstance.py:1511} INFO - Exporting the following env vars:
AIRFLOW_CTX_DAG_EMAIL=nikheleshbhattacharyya@gmail.com
AIRFLOW_CTX_DAG_OWNER=airflow
AIRFLOW_CTX_DAG_ID=FX__Turnover
AIRFLOW_CTX_TASK_ID=load
AIRFLOW_CTX_EXECUTION_DATE=2023-02-18T00:00:00+00:00
AIRFLOW_CTX_TRY_NUMBER=1
AIRFLOW_CTX_DAG_RUN_ID=scheduled__2023-02-18T00:00:00+00:00
[2023-02-23T13:53:41.326+0530] {python.py:177} INFO - Done. Returned value was: None
[2023-02-23T13:53:41.332+0530] {taskinstance.py:1322} INFO - Marking task as SUCCESS. dag_id=FX__Turnover, task_id=load, execution_date=20230218T000000, start_date=20230223T082340, end_date=20230223T082341
[2023-02-23T13:53:43.978+0530] {local_task_job.py:159} INFO - Task exited with return code 0
[2023-02-23T13:53:44.005+0530] {taskinstance.py:2582} INFO - 1 downstream tasks scheduled from follow-on schedule check
