[2023-02-02T03:47:30.377+0530] {taskinstance.py:1087} INFO - Dependencies all met for <TaskInstance: FX__Turnover.load_data scheduled__2023-01-20T00:00:00+00:00 [queued]>
[2023-02-02T03:47:30.386+0530] {taskinstance.py:1087} INFO - Dependencies all met for <TaskInstance: FX__Turnover.load_data scheduled__2023-01-20T00:00:00+00:00 [queued]>
[2023-02-02T03:47:30.387+0530] {taskinstance.py:1283} INFO - 
--------------------------------------------------------------------------------
[2023-02-02T03:47:30.387+0530] {taskinstance.py:1284} INFO - Starting attempt 1 of 4
[2023-02-02T03:47:30.387+0530] {taskinstance.py:1285} INFO - 
--------------------------------------------------------------------------------
[2023-02-02T03:47:30.402+0530] {taskinstance.py:1304} INFO - Executing <Task(PythonOperator): load_data> on 2023-01-20 00:00:00+00:00
[2023-02-02T03:47:30.410+0530] {standard_task_runner.py:55} INFO - Started process 4969 to run task
[2023-02-02T03:47:30.413+0530] {standard_task_runner.py:82} INFO - Running: ['airflow', 'tasks', 'run', 'FX__Turnover', 'load_data', 'scheduled__2023-01-20T00:00:00+00:00', '--job-id', '3496', '--raw', '--subdir', 'DAGS_FOLDER/FX_turnover.py', '--cfg-path', '/tmp/tmpl8jbq87g']
[2023-02-02T03:47:30.415+0530] {standard_task_runner.py:83} INFO - Job 3496: Subtask load_data
[2023-02-02T03:47:30.464+0530] {task_command.py:389} INFO - Running <TaskInstance: FX__Turnover.load_data scheduled__2023-01-20T00:00:00+00:00 [running]> on host DESKTOP-SQIOQPD.
[2023-02-02T03:47:30.534+0530] {taskinstance.py:1511} INFO - Exporting the following env vars:
AIRFLOW_CTX_DAG_EMAIL=nikheleshbhattacharyya@gmail.com
AIRFLOW_CTX_DAG_OWNER=airflow
AIRFLOW_CTX_DAG_ID=FX__Turnover
AIRFLOW_CTX_TASK_ID=load_data
AIRFLOW_CTX_EXECUTION_DATE=2023-01-20T00:00:00+00:00
AIRFLOW_CTX_TRY_NUMBER=1
AIRFLOW_CTX_DAG_RUN_ID=scheduled__2023-01-20T00:00:00+00:00
[2023-02-02T03:47:44.814+0530] {python.py:177} INFO - Done. Returned value was: None
[2023-02-02T03:47:44.819+0530] {taskinstance.py:1322} INFO - Marking task as SUCCESS. dag_id=FX__Turnover, task_id=load_data, execution_date=20230120T000000, start_date=20230201T221730, end_date=20230201T221744
[2023-02-02T03:47:44.861+0530] {local_task_job.py:159} INFO - Task exited with return code 0
[2023-02-02T03:47:44.877+0530] {taskinstance.py:2582} INFO - 1 downstream tasks scheduled from follow-on schedule check
