[2023-02-02T02:43:46.011+0530] {taskinstance.py:1087} INFO - Dependencies all met for <TaskInstance: FX_Reserves.load scheduled__2023-01-22T00:00:00+00:00 [queued]>
[2023-02-02T02:43:46.021+0530] {taskinstance.py:1087} INFO - Dependencies all met for <TaskInstance: FX_Reserves.load scheduled__2023-01-22T00:00:00+00:00 [queued]>
[2023-02-02T02:43:46.021+0530] {taskinstance.py:1283} INFO - 
--------------------------------------------------------------------------------
[2023-02-02T02:43:46.021+0530] {taskinstance.py:1284} INFO - Starting attempt 1 of 4
[2023-02-02T02:43:46.021+0530] {taskinstance.py:1285} INFO - 
--------------------------------------------------------------------------------
[2023-02-02T02:43:46.035+0530] {taskinstance.py:1304} INFO - Executing <Task(PythonOperator): load> on 2023-01-22 00:00:00+00:00
[2023-02-02T02:43:46.041+0530] {standard_task_runner.py:55} INFO - Started process 4620 to run task
[2023-02-02T02:43:46.043+0530] {standard_task_runner.py:82} INFO - Running: ['airflow', 'tasks', 'run', 'FX_Reserves', 'load', 'scheduled__2023-01-22T00:00:00+00:00', '--job-id', '3466', '--raw', '--subdir', 'DAGS_FOLDER/FX_Reserves_Data.py', '--cfg-path', '/tmp/tmptxqe4cys']
[2023-02-02T02:43:46.045+0530] {standard_task_runner.py:83} INFO - Job 3466: Subtask load
[2023-02-02T02:43:46.090+0530] {task_command.py:389} INFO - Running <TaskInstance: FX_Reserves.load scheduled__2023-01-22T00:00:00+00:00 [running]> on host DESKTOP-SQIOQPD.
[2023-02-02T02:43:46.157+0530] {taskinstance.py:1511} INFO - Exporting the following env vars:
AIRFLOW_CTX_DAG_EMAIL=nikheleshbhattacharyya@gmail.com
AIRFLOW_CTX_DAG_OWNER=airflow
AIRFLOW_CTX_DAG_ID=FX_Reserves
AIRFLOW_CTX_TASK_ID=load
AIRFLOW_CTX_EXECUTION_DATE=2023-01-22T00:00:00+00:00
AIRFLOW_CTX_TRY_NUMBER=1
AIRFLOW_CTX_DAG_RUN_ID=scheduled__2023-01-22T00:00:00+00:00
[2023-02-02T02:43:46.415+0530] {python.py:177} INFO - Done. Returned value was: None
[2023-02-02T02:43:46.419+0530] {taskinstance.py:1322} INFO - Marking task as SUCCESS. dag_id=FX_Reserves, task_id=load, execution_date=20230122T000000, start_date=20230201T211346, end_date=20230201T211346
[2023-02-02T02:43:46.580+0530] {local_task_job.py:159} INFO - Task exited with return code 0
[2023-02-02T02:43:46.603+0530] {taskinstance.py:2582} INFO - 1 downstream tasks scheduled from follow-on schedule check
