[2022-12-27T17:33:02.835+0530] {taskinstance.py:1087} INFO - Dependencies all met for <TaskInstance: Money__Market.extract_data scheduled__2022-12-27T10:00:00+00:00 [queued]>
[2022-12-27T17:33:02.844+0530] {taskinstance.py:1087} INFO - Dependencies all met for <TaskInstance: Money__Market.extract_data scheduled__2022-12-27T10:00:00+00:00 [queued]>
[2022-12-27T17:33:02.845+0530] {taskinstance.py:1283} INFO - 
--------------------------------------------------------------------------------
[2022-12-27T17:33:02.845+0530] {taskinstance.py:1284} INFO - Starting attempt 1 of 4
[2022-12-27T17:33:02.845+0530] {taskinstance.py:1285} INFO - 
--------------------------------------------------------------------------------
[2022-12-27T17:33:02.878+0530] {taskinstance.py:1304} INFO - Executing <Task(PythonOperator): extract_data> on 2022-12-27 10:00:00+00:00
[2022-12-27T17:33:02.884+0530] {standard_task_runner.py:55} INFO - Started process 14646 to run task
[2022-12-27T17:33:02.888+0530] {standard_task_runner.py:82} INFO - Running: ['airflow', 'tasks', 'run', 'Money__Market', 'extract_data', 'scheduled__2022-12-27T10:00:00+00:00', '--job-id', '1280', '--raw', '--subdir', 'DAGS_FOLDER/Money_Market.py', '--cfg-path', '/tmp/tmppditnz4z']
[2022-12-27T17:33:02.889+0530] {standard_task_runner.py:83} INFO - Job 1280: Subtask extract_data
[2022-12-27T17:33:02.973+0530] {task_command.py:389} INFO - Running <TaskInstance: Money__Market.extract_data scheduled__2022-12-27T10:00:00+00:00 [running]> on host DESKTOP-SQIOQPD.
[2022-12-27T17:33:03.057+0530] {taskinstance.py:1511} INFO - Exporting the following env vars:
AIRFLOW_CTX_DAG_EMAIL=nikheleshbhattacharyya@gmail.com
AIRFLOW_CTX_DAG_OWNER=airflow
AIRFLOW_CTX_DAG_ID=Money__Market
AIRFLOW_CTX_TASK_ID=extract_data
AIRFLOW_CTX_EXECUTION_DATE=2022-12-27T10:00:00+00:00
AIRFLOW_CTX_TRY_NUMBER=1
AIRFLOW_CTX_DAG_RUN_ID=scheduled__2022-12-27T10:00:00+00:00
[2022-12-27T17:33:03.875+0530] {logging_mixin.py:137} INFO - 1
[2022-12-27T17:33:04.194+0530] {logging_mixin.py:137} INFO - 2
[2022-12-27T17:33:04.475+0530] {logging_mixin.py:137} INFO - 3
[2022-12-27T17:33:04.788+0530] {logging_mixin.py:137} INFO - 4
[2022-12-27T17:33:05.225+0530] {logging_mixin.py:137} INFO - 5
[2022-12-27T17:33:05.538+0530] {logging_mixin.py:137} INFO - 6
[2022-12-27T17:33:05.829+0530] {logging_mixin.py:137} INFO - 7
[2022-12-27T17:33:06.184+0530] {logging_mixin.py:137} INFO - 8
[2022-12-27T17:33:06.498+0530] {logging_mixin.py:137} INFO - 9
[2022-12-27T17:33:07.119+0530] {logging_mixin.py:137} INFO - 10
[2022-12-27T17:33:07.495+0530] {logging_mixin.py:137} INFO - 11
[2022-12-27T17:33:08.087+0530] {logging_mixin.py:137} INFO - 12
[2022-12-27T17:33:08.553+0530] {logging_mixin.py:137} INFO - 13
[2022-12-27T17:33:08.827+0530] {logging_mixin.py:137} INFO - 14
[2022-12-27T17:33:09.099+0530] {logging_mixin.py:137} INFO - 15
[2022-12-27T17:33:09.372+0530] {logging_mixin.py:137} INFO - 16
[2022-12-27T17:33:09.630+0530] {logging_mixin.py:137} INFO - 17
[2022-12-27T17:33:09.930+0530] {logging_mixin.py:137} INFO - 18
[2022-12-27T17:33:10.286+0530] {logging_mixin.py:137} INFO - 19
[2022-12-27T17:33:10.580+0530] {logging_mixin.py:137} INFO - 20
[2022-12-27T17:33:10.846+0530] {logging_mixin.py:137} INFO - 21
[2022-12-27T17:33:11.222+0530] {logging_mixin.py:137} INFO - 22
[2022-12-27T17:33:11.790+0530] {logging_mixin.py:137} INFO - 23
[2022-12-27T17:33:12.038+0530] {logging_mixin.py:137} INFO - 24
[2022-12-27T17:33:12.311+0530] {logging_mixin.py:137} INFO - 25
[2022-12-27T17:33:12.565+0530] {logging_mixin.py:137} INFO - 26
[2022-12-27T17:33:12.815+0530] {logging_mixin.py:137} INFO - 27
[2022-12-27T17:33:13.067+0530] {logging_mixin.py:137} INFO - 28
[2022-12-27T17:33:13.321+0530] {logging_mixin.py:137} INFO - 29
[2022-12-27T17:33:13.593+0530] {logging_mixin.py:137} INFO - 30
[2022-12-27T17:33:13.835+0530] {logging_mixin.py:137} INFO - 31
[2022-12-27T17:33:14.240+0530] {logging_mixin.py:137} INFO - 32
[2022-12-27T17:33:14.487+0530] {logging_mixin.py:137} INFO - 33
[2022-12-27T17:33:14.754+0530] {logging_mixin.py:137} INFO - 34
[2022-12-27T17:33:15.099+0530] {logging_mixin.py:137} INFO - 35
[2022-12-27T17:33:15.392+0530] {logging_mixin.py:137} INFO - 36
[2022-12-27T17:33:15.630+0530] {logging_mixin.py:137} INFO - 37
[2022-12-27T17:33:15.883+0530] {logging_mixin.py:137} INFO - 38
[2022-12-27T17:33:16.151+0530] {logging_mixin.py:137} INFO - 39
[2022-12-27T17:33:16.456+0530] {logging_mixin.py:137} INFO - 40
[2022-12-27T17:33:16.823+0530] {logging_mixin.py:137} INFO - 41
[2022-12-27T17:33:17.182+0530] {logging_mixin.py:137} INFO - 42
[2022-12-27T17:33:17.635+0530] {logging_mixin.py:137} INFO - 43
[2022-12-27T17:33:17.879+0530] {logging_mixin.py:137} INFO - 44
[2022-12-27T17:33:18.194+0530] {logging_mixin.py:137} INFO - 45
[2022-12-27T17:33:18.532+0530] {logging_mixin.py:137} INFO - 46
[2022-12-27T17:33:18.897+0530] {logging_mixin.py:137} INFO - 47
[2022-12-27T17:33:19.246+0530] {logging_mixin.py:137} INFO - 48
[2022-12-27T17:33:19.532+0530] {logging_mixin.py:137} INFO - 49
[2022-12-27T17:33:19.872+0530] {logging_mixin.py:137} INFO - 50
[2022-12-27T17:33:20.235+0530] {logging_mixin.py:137} INFO - 51
[2022-12-27T17:33:20.525+0530] {logging_mixin.py:137} INFO - 52
[2022-12-27T17:33:20.785+0530] {logging_mixin.py:137} INFO - 53
[2022-12-27T17:33:21.293+0530] {logging_mixin.py:137} INFO - 54
[2022-12-27T17:33:21.615+0530] {logging_mixin.py:137} INFO - 55
[2022-12-27T17:33:21.873+0530] {logging_mixin.py:137} INFO - 56
[2022-12-27T17:33:22.195+0530] {logging_mixin.py:137} INFO - 57
[2022-12-27T17:33:22.516+0530] {logging_mixin.py:137} INFO - 58
[2022-12-27T17:33:22.793+0530] {logging_mixin.py:137} INFO - 59
[2022-12-27T17:33:23.079+0530] {logging_mixin.py:137} INFO - 60
[2022-12-27T17:33:23.435+0530] {logging_mixin.py:137} INFO - 61
[2022-12-27T17:33:23.982+0530] {logging_mixin.py:137} INFO - 62
[2022-12-27T17:33:24.516+0530] {logging_mixin.py:137} INFO - 63
[2022-12-27T17:33:25.038+0530] {logging_mixin.py:137} INFO - 64
[2022-12-27T17:33:25.463+0530] {logging_mixin.py:137} INFO - 65
[2022-12-27T17:33:25.950+0530] {logging_mixin.py:137} INFO - 66
[2022-12-27T17:33:26.586+0530] {logging_mixin.py:137} INFO - 67
[2022-12-27T17:33:27.294+0530] {logging_mixin.py:137} INFO - 68
[2022-12-27T17:33:27.819+0530] {logging_mixin.py:137} INFO - 69
[2022-12-27T17:33:28.102+0530] {logging_mixin.py:137} INFO - 70
[2022-12-27T17:33:28.429+0530] {logging_mixin.py:137} INFO - 71
[2022-12-27T17:33:28.687+0530] {logging_mixin.py:137} INFO - 72
[2022-12-27T17:33:28.954+0530] {logging_mixin.py:137} INFO - 73
[2022-12-27T17:33:29.393+0530] {logging_mixin.py:137} INFO - 74
[2022-12-27T17:33:29.644+0530] {logging_mixin.py:137} INFO - 75
[2022-12-27T17:33:30.005+0530] {logging_mixin.py:137} INFO - 76
[2022-12-27T17:33:30.312+0530] {logging_mixin.py:137} INFO - 77
[2022-12-27T17:33:30.616+0530] {logging_mixin.py:137} INFO - 78
[2022-12-27T17:33:30.968+0530] {logging_mixin.py:137} INFO - 79
[2022-12-27T17:33:31.235+0530] {logging_mixin.py:137} INFO - 80
[2022-12-27T17:33:31.599+0530] {logging_mixin.py:137} INFO - 81
[2022-12-27T17:33:31.979+0530] {logging_mixin.py:137} INFO - 82
[2022-12-27T17:33:32.264+0530] {logging_mixin.py:137} INFO - 83
[2022-12-27T17:33:32.521+0530] {logging_mixin.py:137} INFO - 84
[2022-12-27T17:33:33.138+0530] {logging_mixin.py:137} INFO - 85
[2022-12-27T17:33:33.607+0530] {logging_mixin.py:137} INFO - 86
[2022-12-27T17:33:33.889+0530] {logging_mixin.py:137} INFO - 87
[2022-12-27T17:33:34.160+0530] {logging_mixin.py:137} INFO - 88
[2022-12-27T17:33:34.385+0530] {logging_mixin.py:137} INFO - 89
[2022-12-27T17:33:34.662+0530] {logging_mixin.py:137} INFO - 90
[2022-12-27T17:33:34.942+0530] {logging_mixin.py:137} INFO - 91
[2022-12-27T17:33:35.283+0530] {logging_mixin.py:137} INFO - 92
[2022-12-27T17:33:35.539+0530] {logging_mixin.py:137} INFO - 93
[2022-12-27T17:33:36.865+0530] {logging_mixin.py:137} INFO - 94
[2022-12-27T17:33:37.240+0530] {logging_mixin.py:137} INFO - 95
[2022-12-27T17:33:37.503+0530] {logging_mixin.py:137} INFO - 96
[2022-12-27T17:33:37.723+0530] {logging_mixin.py:137} INFO - 97
[2022-12-27T17:33:37.995+0530] {logging_mixin.py:137} INFO - 98
[2022-12-27T17:33:38.274+0530] {logging_mixin.py:137} INFO - 99
[2022-12-27T17:33:38.539+0530] {logging_mixin.py:137} INFO - 100
[2022-12-27T17:33:38.808+0530] {logging_mixin.py:137} INFO - 101
[2022-12-27T17:33:39.055+0530] {logging_mixin.py:137} INFO - 102
[2022-12-27T17:33:39.345+0530] {logging_mixin.py:137} INFO - 103
[2022-12-27T17:33:39.619+0530] {logging_mixin.py:137} INFO - 104
[2022-12-27T17:33:39.900+0530] {logging_mixin.py:137} INFO - 105
[2022-12-27T17:33:40.493+0530] {logging_mixin.py:137} INFO - 106
[2022-12-27T17:33:40.732+0530] {logging_mixin.py:137} INFO - 107
[2022-12-27T17:33:40.995+0530] {logging_mixin.py:137} INFO - 108
[2022-12-27T17:33:41.278+0530] {logging_mixin.py:137} INFO - 109
[2022-12-27T17:33:41.659+0530] {logging_mixin.py:137} INFO - 110
[2022-12-27T17:33:41.888+0530] {logging_mixin.py:137} INFO - 111
[2022-12-27T17:33:42.107+0530] {logging_mixin.py:137} INFO - 112
[2022-12-27T17:33:42.392+0530] {logging_mixin.py:137} INFO - 113
[2022-12-27T17:33:43.005+0530] {logging_mixin.py:137} INFO - 114
[2022-12-27T17:33:43.449+0530] {logging_mixin.py:137} INFO - 115
[2022-12-27T17:33:44.066+0530] {logging_mixin.py:137} INFO - 116
[2022-12-27T17:33:45.002+0530] {logging_mixin.py:137} INFO - 117
[2022-12-27T17:33:45.381+0530] {logging_mixin.py:137} INFO - 118
[2022-12-27T17:33:45.755+0530] {logging_mixin.py:137} INFO - 119
[2022-12-27T17:33:46.100+0530] {logging_mixin.py:137} INFO - 120
[2022-12-27T17:33:46.519+0530] {logging_mixin.py:137} INFO - 121
[2022-12-27T17:33:46.904+0530] {logging_mixin.py:137} INFO - 122
[2022-12-27T17:33:47.296+0530] {logging_mixin.py:137} INFO - 123
[2022-12-27T17:33:47.793+0530] {logging_mixin.py:137} INFO - 124
[2022-12-27T17:33:48.251+0530] {logging_mixin.py:137} INFO - 125
[2022-12-27T17:33:48.634+0530] {logging_mixin.py:137} INFO - 126
[2022-12-27T17:33:49.043+0530] {logging_mixin.py:137} INFO - 127
[2022-12-27T17:33:50.028+0530] {logging_mixin.py:137} INFO - 128
[2022-12-27T17:33:50.587+0530] {logging_mixin.py:137} INFO - 129
[2022-12-27T17:33:51.134+0530] {logging_mixin.py:137} INFO - 130
[2022-12-27T17:33:51.627+0530] {logging_mixin.py:137} INFO - 131
[2022-12-27T17:33:51.912+0530] {logging_mixin.py:137} INFO - 132
[2022-12-27T17:33:52.273+0530] {logging_mixin.py:137} INFO - 133
[2022-12-27T17:33:52.613+0530] {logging_mixin.py:137} INFO - 134
[2022-12-27T17:33:53.071+0530] {logging_mixin.py:137} INFO - 135
[2022-12-27T17:33:53.577+0530] {logging_mixin.py:137} INFO - 136
[2022-12-27T17:33:53.967+0530] {logging_mixin.py:137} INFO - 137
[2022-12-27T17:33:54.359+0530] {logging_mixin.py:137} INFO - 138
[2022-12-27T17:33:54.918+0530] {logging_mixin.py:137} INFO - 139
[2022-12-27T17:33:55.420+0530] {logging_mixin.py:137} INFO - 140
[2022-12-27T17:33:55.781+0530] {logging_mixin.py:137} INFO - 141
[2022-12-27T17:33:57.177+0530] {logging_mixin.py:137} INFO - 142
[2022-12-27T17:33:57.496+0530] {logging_mixin.py:137} INFO - 143
[2022-12-27T17:33:57.760+0530] {logging_mixin.py:137} INFO - 144
[2022-12-27T17:33:58.139+0530] {logging_mixin.py:137} INFO - 145
[2022-12-27T17:33:58.404+0530] {logging_mixin.py:137} INFO - 146
[2022-12-27T17:33:58.648+0530] {logging_mixin.py:137} INFO - 147
[2022-12-27T17:33:58.904+0530] {logging_mixin.py:137} INFO - 148
[2022-12-27T17:33:59.251+0530] {logging_mixin.py:137} INFO - 149
[2022-12-27T17:33:59.798+0530] {logging_mixin.py:137} INFO - 150
[2022-12-27T17:34:00.196+0530] {logging_mixin.py:137} INFO - 151
[2022-12-27T17:34:00.574+0530] {logging_mixin.py:137} INFO - 152
[2022-12-27T17:34:00.850+0530] {logging_mixin.py:137} INFO - 153
[2022-12-27T17:34:01.331+0530] {logging_mixin.py:137} INFO - 154
[2022-12-27T17:34:02.601+0530] {logging_mixin.py:137} INFO - 155
[2022-12-27T17:34:02.889+0530] {logging_mixin.py:137} INFO - 156
[2022-12-27T17:34:03.216+0530] {logging_mixin.py:137} INFO - 157
[2022-12-27T17:34:03.456+0530] {logging_mixin.py:137} INFO - 158
[2022-12-27T17:34:03.692+0530] {logging_mixin.py:137} INFO - 159
[2022-12-27T17:34:03.939+0530] {logging_mixin.py:137} INFO - 160
[2022-12-27T17:34:04.376+0530] {logging_mixin.py:137} INFO - 161
[2022-12-27T17:34:04.725+0530] {logging_mixin.py:137} INFO - 162
[2022-12-27T17:34:05.032+0530] {logging_mixin.py:137} INFO - 163
[2022-12-27T17:34:05.346+0530] {logging_mixin.py:137} INFO - 164
[2022-12-27T17:34:05.642+0530] {logging_mixin.py:137} INFO - 165
[2022-12-27T17:34:05.937+0530] {logging_mixin.py:137} INFO - 166
[2022-12-27T17:34:06.213+0530] {logging_mixin.py:137} INFO - 167
[2022-12-27T17:34:06.513+0530] {logging_mixin.py:137} INFO - 168
[2022-12-27T17:34:06.796+0530] {logging_mixin.py:137} INFO - 169
[2022-12-27T17:34:07.067+0530] {logging_mixin.py:137} INFO - 170
[2022-12-27T17:34:07.346+0530] {logging_mixin.py:137} INFO - 171
[2022-12-27T17:34:07.727+0530] {logging_mixin.py:137} INFO - 172
[2022-12-27T17:34:07.990+0530] {logging_mixin.py:137} INFO - 173
[2022-12-27T17:34:08.250+0530] {logging_mixin.py:137} INFO - 174
[2022-12-27T17:34:08.564+0530] {logging_mixin.py:137} INFO - 175
[2022-12-27T17:34:08.861+0530] {logging_mixin.py:137} INFO - 176
[2022-12-27T17:34:09.133+0530] {logging_mixin.py:137} INFO - 177
[2022-12-27T17:34:09.387+0530] {logging_mixin.py:137} INFO - 178
[2022-12-27T17:34:09.611+0530] {logging_mixin.py:137} INFO - 179
[2022-12-27T17:34:09.867+0530] {logging_mixin.py:137} INFO - 180
[2022-12-27T17:34:10.197+0530] {logging_mixin.py:137} INFO - 181
[2022-12-27T17:34:10.439+0530] {logging_mixin.py:137} INFO - 182
[2022-12-27T17:34:10.827+0530] {logging_mixin.py:137} INFO - 183
[2022-12-27T17:34:11.051+0530] {logging_mixin.py:137} INFO - 184
[2022-12-27T17:34:11.452+0530] {logging_mixin.py:137} INFO - 185
[2022-12-27T17:34:11.746+0530] {logging_mixin.py:137} INFO - 186
[2022-12-27T17:34:12.008+0530] {logging_mixin.py:137} INFO - 187
[2022-12-27T17:34:12.262+0530] {logging_mixin.py:137} INFO - 188
[2022-12-27T17:34:12.549+0530] {logging_mixin.py:137} INFO - 189
[2022-12-27T17:34:12.807+0530] {logging_mixin.py:137} INFO - 190
[2022-12-27T17:34:13.193+0530] {logging_mixin.py:137} INFO - 191
[2022-12-27T17:34:13.440+0530] {logging_mixin.py:137} INFO - 192
[2022-12-27T17:34:13.727+0530] {logging_mixin.py:137} INFO - 193
[2022-12-27T17:34:14.249+0530] {logging_mixin.py:137} INFO - 194
[2022-12-27T17:34:14.531+0530] {logging_mixin.py:137} INFO - 195
[2022-12-27T17:34:14.890+0530] {logging_mixin.py:137} INFO - 196
[2022-12-27T17:34:15.248+0530] {logging_mixin.py:137} INFO - 197
[2022-12-27T17:34:15.493+0530] {logging_mixin.py:137} INFO - 198
[2022-12-27T17:34:15.737+0530] {logging_mixin.py:137} INFO - 199
[2022-12-27T17:34:16.020+0530] {logging_mixin.py:137} INFO - 200
[2022-12-27T17:34:16.306+0530] {logging_mixin.py:137} INFO - 201
[2022-12-27T17:34:16.582+0530] {logging_mixin.py:137} INFO - 202
[2022-12-27T17:34:18.184+0530] {logging_mixin.py:137} INFO - 203
[2022-12-27T17:34:18.457+0530] {logging_mixin.py:137} INFO - 204
[2022-12-27T17:34:19.962+0530] {logging_mixin.py:137} INFO - 205
[2022-12-27T17:34:20.219+0530] {logging_mixin.py:137} INFO - 206
[2022-12-27T17:34:20.452+0530] {logging_mixin.py:137} INFO - 207
[2022-12-27T17:34:20.723+0530] {logging_mixin.py:137} INFO - 208
[2022-12-27T17:34:20.982+0530] {logging_mixin.py:137} INFO - 209
[2022-12-27T17:34:21.224+0530] {logging_mixin.py:137} INFO - 210
[2022-12-27T17:34:21.515+0530] {logging_mixin.py:137} INFO - 211
[2022-12-27T17:34:21.757+0530] {logging_mixin.py:137} INFO - 212
[2022-12-27T17:34:22.028+0530] {logging_mixin.py:137} INFO - 213
[2022-12-27T17:34:22.256+0530] {logging_mixin.py:137} INFO - 214
[2022-12-27T17:34:22.713+0530] {logging_mixin.py:137} INFO - 215
[2022-12-27T17:34:22.938+0530] {logging_mixin.py:137} INFO - 216
[2022-12-27T17:34:23.170+0530] {logging_mixin.py:137} INFO - 217
[2022-12-27T17:34:23.470+0530] {logging_mixin.py:137} INFO - 218
[2022-12-27T17:34:23.720+0530] {logging_mixin.py:137} INFO - 219
[2022-12-27T17:34:24.031+0530] {logging_mixin.py:137} INFO - 220
[2022-12-27T17:34:24.256+0530] {logging_mixin.py:137} INFO - 221
[2022-12-27T17:34:24.700+0530] {logging_mixin.py:137} INFO - 222
[2022-12-27T17:34:25.030+0530] {logging_mixin.py:137} INFO - 223
[2022-12-27T17:34:25.316+0530] {logging_mixin.py:137} INFO - 224
[2022-12-27T17:34:25.593+0530] {logging_mixin.py:137} INFO - 225
[2022-12-27T17:34:25.997+0530] {logging_mixin.py:137} INFO - 226
[2022-12-27T17:34:26.316+0530] {logging_mixin.py:137} INFO - 227
[2022-12-27T17:34:26.662+0530] {logging_mixin.py:137} INFO - 228
[2022-12-27T17:34:26.982+0530] {logging_mixin.py:137} INFO - 229
[2022-12-27T17:34:27.286+0530] {logging_mixin.py:137} INFO - 230
[2022-12-27T17:34:27.577+0530] {logging_mixin.py:137} INFO - 231
[2022-12-27T17:34:27.860+0530] {logging_mixin.py:137} INFO - 232
[2022-12-27T17:34:28.115+0530] {logging_mixin.py:137} INFO - 233
[2022-12-27T17:34:28.402+0530] {logging_mixin.py:137} INFO - 234
[2022-12-27T17:34:28.641+0530] {logging_mixin.py:137} INFO - 235
[2022-12-27T17:34:28.898+0530] {logging_mixin.py:137} INFO - 236
[2022-12-27T17:34:29.338+0530] {logging_mixin.py:137} INFO - 237
[2022-12-27T17:34:29.573+0530] {logging_mixin.py:137} INFO - 238
[2022-12-27T17:34:29.833+0530] {logging_mixin.py:137} INFO - 239
[2022-12-27T17:34:30.249+0530] {logging_mixin.py:137} INFO - 240
[2022-12-27T17:34:30.550+0530] {logging_mixin.py:137} INFO - 241
[2022-12-27T17:34:30.798+0530] {logging_mixin.py:137} INFO - 242
[2022-12-27T17:34:32.250+0530] {logging_mixin.py:137} INFO - 243
[2022-12-27T17:34:32.709+0530] {logging_mixin.py:137} INFO - 244
[2022-12-27T17:34:33.103+0530] {logging_mixin.py:137} INFO - 245
[2022-12-27T17:34:33.537+0530] {logging_mixin.py:137} INFO - 246
[2022-12-27T17:34:34.099+0530] {logging_mixin.py:137} INFO - 247
[2022-12-27T17:34:34.574+0530] {logging_mixin.py:137} INFO - 248
[2022-12-27T17:34:35.097+0530] {logging_mixin.py:137} INFO - 249
[2022-12-27T17:34:35.524+0530] {logging_mixin.py:137} INFO - 250
[2022-12-27T17:34:35.859+0530] {logging_mixin.py:137} INFO - 251
[2022-12-27T17:34:36.244+0530] {logging_mixin.py:137} INFO - 252
[2022-12-27T17:34:36.612+0530] {logging_mixin.py:137} INFO - 253
[2022-12-27T17:34:36.992+0530] {logging_mixin.py:137} INFO - 254
[2022-12-27T17:34:37.342+0530] {logging_mixin.py:137} INFO - 255
[2022-12-27T17:34:37.861+0530] {logging_mixin.py:137} INFO - 256
[2022-12-27T17:34:38.243+0530] {logging_mixin.py:137} INFO - 257
[2022-12-27T17:34:38.809+0530] {logging_mixin.py:137} INFO - 258
[2022-12-27T17:34:39.262+0530] {logging_mixin.py:137} INFO - 259
[2022-12-27T17:34:39.787+0530] {logging_mixin.py:137} INFO - 260
[2022-12-27T17:34:40.304+0530] {logging_mixin.py:137} INFO - 261
[2022-12-27T17:34:40.726+0530] {logging_mixin.py:137} INFO - 262
[2022-12-27T17:34:41.020+0530] {logging_mixin.py:137} INFO - 263
[2022-12-27T17:34:41.287+0530] {logging_mixin.py:137} INFO - 264
[2022-12-27T17:34:41.629+0530] {logging_mixin.py:137} INFO - 265
[2022-12-27T17:34:41.954+0530] {logging_mixin.py:137} INFO - 266
[2022-12-27T17:34:42.281+0530] {logging_mixin.py:137} INFO - 267
[2022-12-27T17:34:42.645+0530] {logging_mixin.py:137} INFO - 268
[2022-12-27T17:34:43.201+0530] {logging_mixin.py:137} INFO - 269
[2022-12-27T17:34:43.476+0530] {logging_mixin.py:137} INFO - 270
[2022-12-27T17:34:43.812+0530] {logging_mixin.py:137} INFO - 271
[2022-12-27T17:34:44.323+0530] {logging_mixin.py:137} INFO - 272
[2022-12-27T17:34:44.827+0530] {logging_mixin.py:137} INFO - 273
[2022-12-27T17:34:45.267+0530] {logging_mixin.py:137} INFO - 274
[2022-12-27T17:34:45.666+0530] {logging_mixin.py:137} INFO - 275
[2022-12-27T17:34:46.091+0530] {logging_mixin.py:137} INFO - 276
[2022-12-27T17:34:46.589+0530] {logging_mixin.py:137} INFO - 277
[2022-12-27T17:34:47.033+0530] {logging_mixin.py:137} INFO - 278
[2022-12-27T17:34:47.349+0530] {logging_mixin.py:137} INFO - 279
[2022-12-27T17:34:48.335+0530] {logging_mixin.py:137} INFO - 280
[2022-12-27T17:34:49.073+0530] {logging_mixin.py:137} INFO - 281
[2022-12-27T17:34:49.619+0530] {logging_mixin.py:137} INFO - 282
[2022-12-27T17:34:50.246+0530] {logging_mixin.py:137} INFO - 283
[2022-12-27T17:34:50.863+0530] {logging_mixin.py:137} INFO - 284
[2022-12-27T17:34:51.631+0530] {logging_mixin.py:137} INFO - 285
[2022-12-27T17:34:52.243+0530] {logging_mixin.py:137} INFO - 286
[2022-12-27T17:34:52.803+0530] {logging_mixin.py:137} INFO - 287
[2022-12-27T17:34:53.318+0530] {logging_mixin.py:137} INFO - 288
[2022-12-27T17:34:53.772+0530] {logging_mixin.py:137} INFO - 289
[2022-12-27T17:34:54.454+0530] {logging_mixin.py:137} INFO - 290
[2022-12-27T17:34:54.750+0530] {logging_mixin.py:137} INFO - 291
[2022-12-27T17:34:55.098+0530] {logging_mixin.py:137} INFO - 292
[2022-12-27T17:34:55.458+0530] {logging_mixin.py:137} INFO - 293
[2022-12-27T17:34:55.755+0530] {logging_mixin.py:137} INFO - 294
[2022-12-27T17:34:56.115+0530] {logging_mixin.py:137} INFO - 295
[2022-12-27T17:34:57.394+0530] {logging_mixin.py:137} INFO - 296
[2022-12-27T17:34:57.727+0530] {logging_mixin.py:137} INFO - 297
[2022-12-27T17:34:58.009+0530] {logging_mixin.py:137} INFO - 298
[2022-12-27T17:34:58.511+0530] {logging_mixin.py:137} INFO - 299
[2022-12-27T17:34:59.011+0530] {logging_mixin.py:137} INFO - 300
[2022-12-27T17:34:59.777+0530] {logging_mixin.py:137} INFO - 301
[2022-12-27T17:35:00.216+0530] {logging_mixin.py:137} INFO - 302
[2022-12-27T17:35:00.630+0530] {logging_mixin.py:137} INFO - 303
[2022-12-27T17:35:00.993+0530] {logging_mixin.py:137} INFO - 304
[2022-12-27T17:35:02.361+0530] {logging_mixin.py:137} INFO - 305
[2022-12-27T17:35:02.684+0530] {logging_mixin.py:137} INFO - 306
[2022-12-27T17:35:03.059+0530] {logging_mixin.py:137} INFO - 307
[2022-12-27T17:35:03.581+0530] {logging_mixin.py:137} INFO - 308
[2022-12-27T17:35:04.161+0530] {logging_mixin.py:137} INFO - 309
[2022-12-27T17:35:04.602+0530] {logging_mixin.py:137} INFO - 310
[2022-12-27T17:35:05.622+0530] {logging_mixin.py:137} INFO - 311
[2022-12-27T17:35:05.910+0530] {logging_mixin.py:137} INFO - 312
[2022-12-27T17:35:06.292+0530] {logging_mixin.py:137} INFO - 313
[2022-12-27T17:35:06.670+0530] {logging_mixin.py:137} INFO - 314
[2022-12-27T17:35:07.170+0530] {logging_mixin.py:137} INFO - 315
[2022-12-27T17:35:07.479+0530] {logging_mixin.py:137} INFO - 316
[2022-12-27T17:35:07.754+0530] {logging_mixin.py:137} INFO - 317
[2022-12-27T17:35:08.016+0530] {logging_mixin.py:137} INFO - 318
[2022-12-27T17:35:08.347+0530] {logging_mixin.py:137} INFO - 319
[2022-12-27T17:35:08.683+0530] {logging_mixin.py:137} INFO - 320
[2022-12-27T17:35:08.955+0530] {logging_mixin.py:137} INFO - 321
[2022-12-27T17:35:09.966+0530] {logging_mixin.py:137} INFO - 322
[2022-12-27T17:35:10.464+0530] {logging_mixin.py:137} INFO - 323
[2022-12-27T17:35:10.917+0530] {logging_mixin.py:137} INFO - 324
[2022-12-27T17:35:11.353+0530] {logging_mixin.py:137} INFO - 325
[2022-12-27T17:35:11.801+0530] {logging_mixin.py:137} INFO - 326
[2022-12-27T17:35:12.116+0530] {logging_mixin.py:137} INFO - 327
[2022-12-27T17:35:12.472+0530] {logging_mixin.py:137} INFO - 328
[2022-12-27T17:35:12.942+0530] {logging_mixin.py:137} INFO - 329
[2022-12-27T17:35:13.545+0530] {logging_mixin.py:137} INFO - 330
[2022-12-27T17:35:14.216+0530] {logging_mixin.py:137} INFO - 331
[2022-12-27T17:35:14.748+0530] {logging_mixin.py:137} INFO - 332
[2022-12-27T17:35:15.835+0530] {logging_mixin.py:137} INFO - 333
[2022-12-27T17:35:16.364+0530] {logging_mixin.py:137} INFO - 334
[2022-12-27T17:35:16.866+0530] {logging_mixin.py:137} INFO - 335
[2022-12-27T17:35:17.409+0530] {logging_mixin.py:137} INFO - 336
[2022-12-27T17:35:17.845+0530] {logging_mixin.py:137} INFO - 337
[2022-12-27T17:35:18.257+0530] {logging_mixin.py:137} INFO - 338
[2022-12-27T17:35:18.713+0530] {logging_mixin.py:137} INFO - 339
[2022-12-27T17:35:19.160+0530] {logging_mixin.py:137} INFO - 340
[2022-12-27T17:35:19.464+0530] {logging_mixin.py:137} INFO - 341
[2022-12-27T17:35:19.768+0530] {logging_mixin.py:137} INFO - 342
[2022-12-27T17:35:20.723+0530] {logging_mixin.py:137} INFO - 343
[2022-12-27T17:35:21.082+0530] {logging_mixin.py:137} INFO - 344
[2022-12-27T17:35:21.413+0530] {logging_mixin.py:137} INFO - 345
[2022-12-27T17:35:21.678+0530] {logging_mixin.py:137} INFO - 346
[2022-12-27T17:35:21.945+0530] {logging_mixin.py:137} INFO - 347
[2022-12-27T17:35:22.255+0530] {logging_mixin.py:137} INFO - 348
[2022-12-27T17:35:22.538+0530] {logging_mixin.py:137} INFO - 349
[2022-12-27T17:35:22.871+0530] {logging_mixin.py:137} INFO - 350
[2022-12-27T17:35:23.414+0530] {logging_mixin.py:137} INFO - 351
[2022-12-27T17:35:23.813+0530] {logging_mixin.py:137} INFO - 352
[2022-12-27T17:35:24.200+0530] {logging_mixin.py:137} INFO - 353
[2022-12-27T17:35:24.613+0530] {logging_mixin.py:137} INFO - 354
[2022-12-27T17:35:25.017+0530] {logging_mixin.py:137} INFO - 355
[2022-12-27T17:35:25.303+0530] {logging_mixin.py:137} INFO - 356
[2022-12-27T17:35:25.696+0530] {logging_mixin.py:137} INFO - 357
[2022-12-27T17:35:26.231+0530] {logging_mixin.py:137} INFO - 358
[2022-12-27T17:35:26.615+0530] {logging_mixin.py:137} INFO - 359
[2022-12-27T17:35:27.054+0530] {logging_mixin.py:137} INFO - 360
[2022-12-27T17:35:27.341+0530] {logging_mixin.py:137} INFO - 361
[2022-12-27T17:35:27.669+0530] {logging_mixin.py:137} INFO - 362
[2022-12-27T17:35:27.923+0530] {logging_mixin.py:137} INFO - 363
[2022-12-27T17:35:28.327+0530] {logging_mixin.py:137} INFO - 364
[2022-12-27T17:35:28.565+0530] {logging_mixin.py:137} INFO - 365
[2022-12-27T17:35:28.838+0530] {logging_mixin.py:137} INFO - 366
[2022-12-27T17:35:29.117+0530] {logging_mixin.py:137} INFO - 367
[2022-12-27T17:35:29.381+0530] {logging_mixin.py:137} INFO - 368
[2022-12-27T17:35:29.641+0530] {logging_mixin.py:137} INFO - 369
[2022-12-27T17:35:29.933+0530] {logging_mixin.py:137} INFO - 370
[2022-12-27T17:35:30.214+0530] {logging_mixin.py:137} INFO - 371
[2022-12-27T17:35:30.490+0530] {logging_mixin.py:137} INFO - 372
[2022-12-27T17:35:30.751+0530] {logging_mixin.py:137} INFO - 373
[2022-12-27T17:35:31.002+0530] {logging_mixin.py:137} INFO - 374
[2022-12-27T17:35:31.406+0530] {logging_mixin.py:137} INFO - 375
[2022-12-27T17:35:31.674+0530] {logging_mixin.py:137} INFO - 376
[2022-12-27T17:35:31.923+0530] {logging_mixin.py:137} INFO - 377
[2022-12-27T17:35:32.185+0530] {logging_mixin.py:137} INFO - 378
[2022-12-27T17:35:32.393+0530] {logging_mixin.py:137} INFO - 379
[2022-12-27T17:35:32.667+0530] {logging_mixin.py:137} INFO - 380
[2022-12-27T17:35:32.884+0530] {logging_mixin.py:137} INFO - 381
[2022-12-27T17:35:33.102+0530] {logging_mixin.py:137} INFO - 382
[2022-12-27T17:35:33.366+0530] {logging_mixin.py:137} INFO - 383
[2022-12-27T17:35:33.616+0530] {logging_mixin.py:137} INFO - 384
[2022-12-27T17:35:34.013+0530] {logging_mixin.py:137} INFO - 385
[2022-12-27T17:35:34.263+0530] {logging_mixin.py:137} INFO - 386
[2022-12-27T17:35:34.521+0530] {logging_mixin.py:137} INFO - 387
[2022-12-27T17:35:34.801+0530] {logging_mixin.py:137} INFO - 388
[2022-12-27T17:35:35.191+0530] {logging_mixin.py:137} INFO - 389
[2022-12-27T17:35:35.452+0530] {logging_mixin.py:137} INFO - 390
[2022-12-27T17:35:35.677+0530] {logging_mixin.py:137} INFO - 391
[2022-12-27T17:35:35.896+0530] {logging_mixin.py:137} INFO - 392
[2022-12-27T17:35:36.113+0530] {logging_mixin.py:137} INFO - 393
[2022-12-27T17:35:36.402+0530] {logging_mixin.py:137} INFO - 394
[2022-12-27T17:35:36.691+0530] {logging_mixin.py:137} INFO - 395
[2022-12-27T17:35:37.107+0530] {logging_mixin.py:137} INFO - 396
[2022-12-27T17:35:37.395+0530] {logging_mixin.py:137} INFO - 397
[2022-12-27T17:35:37.718+0530] {logging_mixin.py:137} INFO - 398
[2022-12-27T17:35:37.936+0530] {logging_mixin.py:137} INFO - 399
[2022-12-27T17:35:38.183+0530] {logging_mixin.py:137} INFO - 400
[2022-12-27T17:35:38.407+0530] {logging_mixin.py:137} INFO - 401
[2022-12-27T17:35:38.648+0530] {logging_mixin.py:137} INFO - 402
[2022-12-27T17:35:39.041+0530] {logging_mixin.py:137} INFO - 403
[2022-12-27T17:35:39.422+0530] {logging_mixin.py:137} INFO - 404
[2022-12-27T17:35:39.818+0530] {logging_mixin.py:137} INFO - 405
[2022-12-27T17:35:40.395+0530] {logging_mixin.py:137} INFO - 406
[2022-12-27T17:35:41.038+0530] {logging_mixin.py:137} INFO - 407
[2022-12-27T17:35:41.693+0530] {logging_mixin.py:137} INFO - 408
[2022-12-27T17:35:41.974+0530] {logging_mixin.py:137} INFO - 409
[2022-12-27T17:35:42.220+0530] {logging_mixin.py:137} INFO - 410
[2022-12-27T17:35:42.522+0530] {logging_mixin.py:137} INFO - 411
[2022-12-27T17:35:42.795+0530] {logging_mixin.py:137} INFO - 412
[2022-12-27T17:35:43.211+0530] {logging_mixin.py:137} INFO - 413
[2022-12-27T17:35:43.536+0530] {logging_mixin.py:137} INFO - 414
[2022-12-27T17:35:43.852+0530] {logging_mixin.py:137} INFO - 415
[2022-12-27T17:35:44.090+0530] {logging_mixin.py:137} INFO - 416
[2022-12-27T17:35:44.505+0530] {logging_mixin.py:137} INFO - 417
[2022-12-27T17:35:44.840+0530] {logging_mixin.py:137} INFO - 418
[2022-12-27T17:35:45.234+0530] {logging_mixin.py:137} INFO - 419
[2022-12-27T17:35:45.701+0530] {logging_mixin.py:137} INFO - 420
[2022-12-27T17:35:46.208+0530] {logging_mixin.py:137} INFO - 421
[2022-12-27T17:35:46.767+0530] {logging_mixin.py:137} INFO - 422
[2022-12-27T17:35:47.391+0530] {logging_mixin.py:137} INFO - 423
[2022-12-27T17:35:47.917+0530] {logging_mixin.py:137} INFO - 424
[2022-12-27T17:35:48.394+0530] {logging_mixin.py:137} INFO - 425
[2022-12-27T17:35:48.691+0530] {logging_mixin.py:137} INFO - 426
[2022-12-27T17:35:48.979+0530] {logging_mixin.py:137} INFO - 427
[2022-12-27T17:35:49.439+0530] {logging_mixin.py:137} INFO - 428
[2022-12-27T17:35:49.811+0530] {logging_mixin.py:137} INFO - 429
[2022-12-27T17:35:50.351+0530] {logging_mixin.py:137} INFO - 430
[2022-12-27T17:35:50.787+0530] {logging_mixin.py:137} INFO - 431
[2022-12-27T17:35:51.044+0530] {logging_mixin.py:137} INFO - 432
[2022-12-27T17:35:51.290+0530] {logging_mixin.py:137} INFO - 433
[2022-12-27T17:35:51.520+0530] {logging_mixin.py:137} INFO - 434
[2022-12-27T17:35:51.758+0530] {logging_mixin.py:137} INFO - 435
[2022-12-27T17:35:52.021+0530] {logging_mixin.py:137} INFO - 436
[2022-12-27T17:35:52.280+0530] {logging_mixin.py:137} INFO - 437
[2022-12-27T17:35:52.660+0530] {logging_mixin.py:137} INFO - 438
[2022-12-27T17:35:52.902+0530] {logging_mixin.py:137} INFO - 439
[2022-12-27T17:35:53.141+0530] {logging_mixin.py:137} INFO - 440
[2022-12-27T17:35:53.371+0530] {logging_mixin.py:137} INFO - 441
[2022-12-27T17:35:53.608+0530] {logging_mixin.py:137} INFO - 442
[2022-12-27T17:35:53.875+0530] {logging_mixin.py:137} INFO - 443
[2022-12-27T17:35:54.159+0530] {logging_mixin.py:137} INFO - 444
[2022-12-27T17:35:54.454+0530] {logging_mixin.py:137} INFO - 445
[2022-12-27T17:35:54.717+0530] {logging_mixin.py:137} INFO - 446
[2022-12-27T17:35:55.046+0530] {logging_mixin.py:137} INFO - 447
[2022-12-27T17:35:55.456+0530] {logging_mixin.py:137} INFO - 448
[2022-12-27T17:35:55.735+0530] {logging_mixin.py:137} INFO - 449
[2022-12-27T17:35:56.012+0530] {logging_mixin.py:137} INFO - 450
[2022-12-27T17:35:56.266+0530] {logging_mixin.py:137} INFO - 451
[2022-12-27T17:35:56.579+0530] {logging_mixin.py:137} INFO - 452
[2022-12-27T17:35:56.821+0530] {logging_mixin.py:137} INFO - 453
[2022-12-27T17:35:57.078+0530] {logging_mixin.py:137} INFO - 454
[2022-12-27T17:35:58.325+0530] {logging_mixin.py:137} INFO - 455
[2022-12-27T17:35:58.578+0530] {logging_mixin.py:137} INFO - 456
[2022-12-27T17:35:58.808+0530] {logging_mixin.py:137} INFO - 457
[2022-12-27T17:35:59.169+0530] {logging_mixin.py:137} INFO - 458
[2022-12-27T17:35:59.448+0530] {logging_mixin.py:137} INFO - 459
[2022-12-27T17:35:59.699+0530] {logging_mixin.py:137} INFO - 460
[2022-12-27T17:36:00.004+0530] {logging_mixin.py:137} INFO - 461
[2022-12-27T17:36:00.340+0530] {logging_mixin.py:137} INFO - 462
[2022-12-27T17:36:00.600+0530] {logging_mixin.py:137} INFO - 463
[2022-12-27T17:36:00.827+0530] {logging_mixin.py:137} INFO - 464
[2022-12-27T17:36:01.052+0530] {logging_mixin.py:137} INFO - 465
[2022-12-27T17:36:01.381+0530] {logging_mixin.py:137} INFO - 466
[2022-12-27T17:36:01.713+0530] {logging_mixin.py:137} INFO - 467
[2022-12-27T17:36:01.938+0530] {logging_mixin.py:137} INFO - 468
[2022-12-27T17:36:02.336+0530] {logging_mixin.py:137} INFO - 469
[2022-12-27T17:36:02.685+0530] {logging_mixin.py:137} INFO - 470
[2022-12-27T17:36:02.922+0530] {logging_mixin.py:137} INFO - 471
[2022-12-27T17:36:03.169+0530] {logging_mixin.py:137} INFO - 472
[2022-12-27T17:36:03.397+0530] {logging_mixin.py:137} INFO - 473
[2022-12-27T17:36:03.660+0530] {logging_mixin.py:137} INFO - 474
[2022-12-27T17:36:03.923+0530] {logging_mixin.py:137} INFO - 475
[2022-12-27T17:36:04.253+0530] {logging_mixin.py:137} INFO - 476
[2022-12-27T17:36:04.511+0530] {logging_mixin.py:137} INFO - 477
[2022-12-27T17:36:04.731+0530] {logging_mixin.py:137} INFO - 478
[2022-12-27T17:36:04.974+0530] {logging_mixin.py:137} INFO - 479
[2022-12-27T17:36:05.465+0530] {logging_mixin.py:137} INFO - 480
[2022-12-27T17:36:05.701+0530] {logging_mixin.py:137} INFO - 481
[2022-12-27T17:36:05.925+0530] {logging_mixin.py:137} INFO - 482
[2022-12-27T17:36:06.878+0530] {logging_mixin.py:137} INFO - 483
[2022-12-27T17:36:07.138+0530] {logging_mixin.py:137} INFO - 484
[2022-12-27T17:36:07.356+0530] {logging_mixin.py:137} INFO - 485
[2022-12-27T17:36:07.640+0530] {logging_mixin.py:137} INFO - 486
[2022-12-27T17:36:07.888+0530] {logging_mixin.py:137} INFO - 487
[2022-12-27T17:36:08.144+0530] {logging_mixin.py:137} INFO - 488
[2022-12-27T17:36:08.435+0530] {logging_mixin.py:137} INFO - 489
[2022-12-27T17:36:08.785+0530] {logging_mixin.py:137} INFO - 490
[2022-12-27T17:36:09.059+0530] {logging_mixin.py:137} INFO - 491
[2022-12-27T17:36:09.314+0530] {logging_mixin.py:137} INFO - 492
[2022-12-27T17:36:09.554+0530] {logging_mixin.py:137} INFO - 493
[2022-12-27T17:36:09.832+0530] {logging_mixin.py:137} INFO - 494
[2022-12-27T17:36:10.156+0530] {logging_mixin.py:137} INFO - 495
[2022-12-27T17:36:10.533+0530] {logging_mixin.py:137} INFO - 496
[2022-12-27T17:36:10.773+0530] {logging_mixin.py:137} INFO - 497
[2022-12-27T17:36:11.016+0530] {logging_mixin.py:137} INFO - 498
[2022-12-27T17:36:11.280+0530] {logging_mixin.py:137} INFO - 499
[2022-12-27T17:36:11.536+0530] {logging_mixin.py:137} INFO - 500
[2022-12-27T17:36:11.962+0530] {logging_mixin.py:137} INFO - 501
[2022-12-27T17:36:12.364+0530] {logging_mixin.py:137} INFO - 502
[2022-12-27T17:36:12.755+0530] {logging_mixin.py:137} INFO - 503
[2022-12-27T17:36:13.329+0530] {logging_mixin.py:137} INFO - 504
[2022-12-27T17:36:13.692+0530] {logging_mixin.py:137} INFO - 505
[2022-12-27T17:36:14.408+0530] {logging_mixin.py:137} INFO - 506
[2022-12-27T17:36:17.915+0530] {logging_mixin.py:137} INFO - 507
[2022-12-27T17:36:18.471+0530] {logging_mixin.py:137} INFO - 508
[2022-12-27T17:36:18.842+0530] {logging_mixin.py:137} INFO - 509
[2022-12-27T17:36:19.207+0530] {logging_mixin.py:137} INFO - 510
[2022-12-27T17:36:19.504+0530] {logging_mixin.py:137} INFO - 511
[2022-12-27T17:36:20.064+0530] {logging_mixin.py:137} INFO - 512
[2022-12-27T17:36:20.434+0530] {logging_mixin.py:137} INFO - 513
[2022-12-27T17:36:20.756+0530] {logging_mixin.py:137} INFO - 514
[2022-12-27T17:36:21.045+0530] {logging_mixin.py:137} INFO - 515
[2022-12-27T17:36:21.289+0530] {logging_mixin.py:137} INFO - 516
[2022-12-27T17:36:21.539+0530] {logging_mixin.py:137} INFO - 517
[2022-12-27T17:36:21.801+0530] {logging_mixin.py:137} INFO - 518
[2022-12-27T17:36:22.076+0530] {logging_mixin.py:137} INFO - 519
[2022-12-27T17:36:22.313+0530] {logging_mixin.py:137} INFO - 520
[2022-12-27T17:36:22.731+0530] {logging_mixin.py:137} INFO - 521
[2022-12-27T17:36:23.236+0530] {logging_mixin.py:137} INFO - 522
[2022-12-27T17:36:23.525+0530] {logging_mixin.py:137} INFO - 523
[2022-12-27T17:36:23.796+0530] {logging_mixin.py:137} INFO - 524
[2022-12-27T17:36:24.033+0530] {logging_mixin.py:137} INFO - 525
[2022-12-27T17:36:24.259+0530] {logging_mixin.py:137} INFO - 526
[2022-12-27T17:36:24.558+0530] {logging_mixin.py:137} INFO - 527
[2022-12-27T17:36:24.864+0530] {logging_mixin.py:137} INFO - 528
[2022-12-27T17:36:25.205+0530] {logging_mixin.py:137} INFO - 529
[2022-12-27T17:36:25.546+0530] {logging_mixin.py:137} INFO - 530
[2022-12-27T17:36:25.813+0530] {logging_mixin.py:137} INFO - 531
[2022-12-27T17:36:26.066+0530] {logging_mixin.py:137} INFO - 532
[2022-12-27T17:36:26.487+0530] {logging_mixin.py:137} INFO - 533
[2022-12-27T17:36:26.810+0530] {logging_mixin.py:137} INFO - 534
[2022-12-27T17:36:27.095+0530] {logging_mixin.py:137} INFO - 535
[2022-12-27T17:36:27.454+0530] {logging_mixin.py:137} INFO - 536
[2022-12-27T17:36:27.764+0530] {logging_mixin.py:137} INFO - 537
[2022-12-27T17:36:28.022+0530] {logging_mixin.py:137} INFO - 538
[2022-12-27T17:36:28.295+0530] {logging_mixin.py:137} INFO - 539
[2022-12-27T17:36:28.621+0530] {logging_mixin.py:137} INFO - 540
[2022-12-27T17:36:28.939+0530] {logging_mixin.py:137} INFO - 541
[2022-12-27T17:36:29.267+0530] {logging_mixin.py:137} INFO - 542
[2022-12-27T17:36:29.806+0530] {logging_mixin.py:137} INFO - 543
[2022-12-27T17:36:30.110+0530] {logging_mixin.py:137} INFO - 544
[2022-12-27T17:36:30.476+0530] {logging_mixin.py:137} INFO - 545
[2022-12-27T17:36:30.787+0530] {logging_mixin.py:137} INFO - 546
[2022-12-27T17:36:31.064+0530] {logging_mixin.py:137} INFO - 547
[2022-12-27T17:36:31.344+0530] {logging_mixin.py:137} INFO - 548
[2022-12-27T17:36:31.660+0530] {logging_mixin.py:137} INFO - 549
[2022-12-27T17:36:32.013+0530] {logging_mixin.py:137} INFO - 550
[2022-12-27T17:36:32.309+0530] {logging_mixin.py:137} INFO - 551
[2022-12-27T17:36:32.565+0530] {logging_mixin.py:137} INFO - 552
[2022-12-27T17:36:32.812+0530] {logging_mixin.py:137} INFO - 553
[2022-12-27T17:36:33.217+0530] {logging_mixin.py:137} INFO - 554
[2022-12-27T17:36:33.482+0530] {logging_mixin.py:137} INFO - 555
[2022-12-27T17:36:33.719+0530] {logging_mixin.py:137} INFO - 556
[2022-12-27T17:36:33.953+0530] {logging_mixin.py:137} INFO - 557
[2022-12-27T17:36:34.212+0530] {logging_mixin.py:137} INFO - 558
[2022-12-27T17:36:34.538+0530] {logging_mixin.py:137} INFO - 559
[2022-12-27T17:36:35.937+0530] {logging_mixin.py:137} INFO - 560
[2022-12-27T17:36:36.246+0530] {logging_mixin.py:137} INFO - 561
[2022-12-27T17:36:36.547+0530] {logging_mixin.py:137} INFO - 562
[2022-12-27T17:36:36.878+0530] {logging_mixin.py:137} INFO - 563
[2022-12-27T17:36:37.690+0530] {logging_mixin.py:137} INFO - 564
[2022-12-27T17:36:38.075+0530] {logging_mixin.py:137} INFO - 565
[2022-12-27T17:36:38.345+0530] {logging_mixin.py:137} INFO - 566
[2022-12-27T17:36:38.629+0530] {logging_mixin.py:137} INFO - 567
[2022-12-27T17:36:38.910+0530] {logging_mixin.py:137} INFO - 568
[2022-12-27T17:36:39.202+0530] {logging_mixin.py:137} INFO - 569
[2022-12-27T17:36:39.422+0530] {logging_mixin.py:137} INFO - 570
[2022-12-27T17:36:39.717+0530] {logging_mixin.py:137} INFO - 571
[2022-12-27T17:36:40.055+0530] {logging_mixin.py:137} INFO - 572
[2022-12-27T17:36:40.332+0530] {logging_mixin.py:137} INFO - 573
[2022-12-27T17:36:40.729+0530] {logging_mixin.py:137} INFO - 574
[2022-12-27T17:36:40.997+0530] {logging_mixin.py:137} INFO - 575
[2022-12-27T17:36:41.270+0530] {logging_mixin.py:137} INFO - 576
[2022-12-27T17:36:41.554+0530] {logging_mixin.py:137} INFO - 577
[2022-12-27T17:36:41.822+0530] {logging_mixin.py:137} INFO - 578
[2022-12-27T17:36:42.096+0530] {logging_mixin.py:137} INFO - 579
[2022-12-27T17:36:42.500+0530] {logging_mixin.py:137} INFO - 580
[2022-12-27T17:36:42.816+0530] {logging_mixin.py:137} INFO - 581
[2022-12-27T17:36:43.082+0530] {logging_mixin.py:137} INFO - 582
[2022-12-27T17:36:43.332+0530] {logging_mixin.py:137} INFO - 583
[2022-12-27T17:36:43.830+0530] {logging_mixin.py:137} INFO - 584
[2022-12-27T17:36:44.275+0530] {logging_mixin.py:137} INFO - 585
[2022-12-27T17:36:44.617+0530] {logging_mixin.py:137} INFO - 586
[2022-12-27T17:36:44.988+0530] {logging_mixin.py:137} INFO - 587
[2022-12-27T17:36:45.328+0530] {logging_mixin.py:137} INFO - 588
[2022-12-27T17:36:45.795+0530] {logging_mixin.py:137} INFO - 589
[2022-12-27T17:36:46.142+0530] {logging_mixin.py:137} INFO - 590
[2022-12-27T17:36:46.436+0530] {logging_mixin.py:137} INFO - 591
[2022-12-27T17:36:46.760+0530] {logging_mixin.py:137} INFO - 592
[2022-12-27T17:36:47.103+0530] {logging_mixin.py:137} INFO - 593
[2022-12-27T17:36:47.594+0530] {logging_mixin.py:137} INFO - 594
[2022-12-27T17:36:47.960+0530] {logging_mixin.py:137} INFO - 595
[2022-12-27T17:36:48.217+0530] {logging_mixin.py:137} INFO - 596
[2022-12-27T17:36:48.480+0530] {logging_mixin.py:137} INFO - 597
[2022-12-27T17:36:48.733+0530] {logging_mixin.py:137} INFO - 598
[2022-12-27T17:36:49.028+0530] {logging_mixin.py:137} INFO - 599
[2022-12-27T17:36:49.297+0530] {logging_mixin.py:137} INFO - 600
[2022-12-27T17:36:49.530+0530] {logging_mixin.py:137} INFO - 601
[2022-12-27T17:36:49.849+0530] {logging_mixin.py:137} INFO - 602
[2022-12-27T17:36:50.105+0530] {logging_mixin.py:137} INFO - 603
[2022-12-27T17:36:50.502+0530] {logging_mixin.py:137} INFO - 604
[2022-12-27T17:36:50.706+0530] {logging_mixin.py:137} INFO - 605
[2022-12-27T17:36:50.987+0530] {logging_mixin.py:137} INFO - 606
[2022-12-27T17:36:51.264+0530] {logging_mixin.py:137} INFO - 607
[2022-12-27T17:36:51.585+0530] {logging_mixin.py:137} INFO - 608
[2022-12-27T17:36:51.881+0530] {logging_mixin.py:137} INFO - 609
[2022-12-27T17:36:52.202+0530] {logging_mixin.py:137} INFO - 610
[2022-12-27T17:36:52.429+0530] {logging_mixin.py:137} INFO - 611
[2022-12-27T17:36:52.676+0530] {logging_mixin.py:137} INFO - 612
[2022-12-27T17:36:52.906+0530] {logging_mixin.py:137} INFO - 613
[2022-12-27T17:36:53.339+0530] {logging_mixin.py:137} INFO - 614
[2022-12-27T17:36:53.655+0530] {logging_mixin.py:137} INFO - 615
[2022-12-27T17:36:53.912+0530] {logging_mixin.py:137} INFO - 616
[2022-12-27T17:36:54.142+0530] {logging_mixin.py:137} INFO - 617
[2022-12-27T17:36:54.385+0530] {logging_mixin.py:137} INFO - 618
[2022-12-27T17:36:54.670+0530] {logging_mixin.py:137} INFO - 619
[2022-12-27T17:36:54.999+0530] {logging_mixin.py:137} INFO - 620
[2022-12-27T17:36:55.302+0530] {logging_mixin.py:137} INFO - 621
[2022-12-27T17:36:55.565+0530] {logging_mixin.py:137} INFO - 622
[2022-12-27T17:36:56.018+0530] {logging_mixin.py:137} INFO - 623
[2022-12-27T17:36:56.328+0530] {logging_mixin.py:137} INFO - 624
[2022-12-27T17:36:56.657+0530] {logging_mixin.py:137} INFO - 625
[2022-12-27T17:36:56.914+0530] {logging_mixin.py:137} INFO - 626
[2022-12-27T17:36:57.205+0530] {logging_mixin.py:137} INFO - 627
[2022-12-27T17:36:57.501+0530] {logging_mixin.py:137} INFO - 628
[2022-12-27T17:36:57.769+0530] {logging_mixin.py:137} INFO - 629
[2022-12-27T17:36:58.037+0530] {logging_mixin.py:137} INFO - 630
[2022-12-27T17:36:58.382+0530] {logging_mixin.py:137} INFO - 631
[2022-12-27T17:36:58.651+0530] {logging_mixin.py:137} INFO - 632
[2022-12-27T17:36:59.082+0530] {logging_mixin.py:137} INFO - 633
[2022-12-27T17:36:59.393+0530] {logging_mixin.py:137} INFO - 634
[2022-12-27T17:36:59.650+0530] {logging_mixin.py:137} INFO - 635
[2022-12-27T17:36:59.926+0530] {logging_mixin.py:137} INFO - 636
[2022-12-27T17:37:00.356+0530] {logging_mixin.py:137} INFO - 637
[2022-12-27T17:37:00.631+0530] {logging_mixin.py:137} INFO - 638
[2022-12-27T17:37:00.898+0530] {logging_mixin.py:137} INFO - 639
[2022-12-27T17:37:01.176+0530] {logging_mixin.py:137} INFO - 640
[2022-12-27T17:37:01.637+0530] {logging_mixin.py:137} INFO - 641
[2022-12-27T17:37:02.041+0530] {logging_mixin.py:137} INFO - 642
[2022-12-27T17:37:02.283+0530] {logging_mixin.py:137} INFO - 643
[2022-12-27T17:37:02.552+0530] {logging_mixin.py:137} INFO - 644
[2022-12-27T17:37:02.826+0530] {logging_mixin.py:137} INFO - 645
[2022-12-27T17:37:03.071+0530] {logging_mixin.py:137} INFO - 646
[2022-12-27T17:37:03.310+0530] {logging_mixin.py:137} INFO - 647
[2022-12-27T17:37:03.727+0530] {logging_mixin.py:137} INFO - 648
[2022-12-27T17:37:03.973+0530] {logging_mixin.py:137} INFO - 649
[2022-12-27T17:37:04.273+0530] {logging_mixin.py:137} INFO - 650
[2022-12-27T17:37:04.554+0530] {logging_mixin.py:137} INFO - 651
[2022-12-27T17:37:05.012+0530] {logging_mixin.py:137} INFO - 652
[2022-12-27T17:37:05.314+0530] {logging_mixin.py:137} INFO - 653
[2022-12-27T17:37:05.577+0530] {logging_mixin.py:137} INFO - 654
[2022-12-27T17:37:05.826+0530] {logging_mixin.py:137} INFO - 655
[2022-12-27T17:37:06.091+0530] {logging_mixin.py:137} INFO - 656
[2022-12-27T17:37:06.415+0530] {logging_mixin.py:137} INFO - 657
[2022-12-27T17:37:06.682+0530] {logging_mixin.py:137} INFO - 658
[2022-12-27T17:37:06.918+0530] {logging_mixin.py:137} INFO - 659
[2022-12-27T17:37:07.290+0530] {logging_mixin.py:137} INFO - 660
[2022-12-27T17:37:07.680+0530] {logging_mixin.py:137} INFO - 661
[2022-12-27T17:37:07.942+0530] {logging_mixin.py:137} INFO - 662
[2022-12-27T17:37:08.225+0530] {logging_mixin.py:137} INFO - 663
[2022-12-27T17:37:08.534+0530] {logging_mixin.py:137} INFO - 664
[2022-12-27T17:37:08.836+0530] {logging_mixin.py:137} INFO - 665
[2022-12-27T17:37:09.085+0530] {logging_mixin.py:137} INFO - 666
[2022-12-27T17:37:09.374+0530] {logging_mixin.py:137} INFO - 667
[2022-12-27T17:37:09.706+0530] {logging_mixin.py:137} INFO - 668
[2022-12-27T17:37:10.036+0530] {logging_mixin.py:137} INFO - 669
[2022-12-27T17:37:10.476+0530] {logging_mixin.py:137} INFO - 670
[2022-12-27T17:37:10.727+0530] {logging_mixin.py:137} INFO - 671
[2022-12-27T17:37:11.008+0530] {logging_mixin.py:137} INFO - 672
[2022-12-27T17:37:11.372+0530] {logging_mixin.py:137} INFO - 673
[2022-12-27T17:37:11.750+0530] {logging_mixin.py:137} INFO - 674
[2022-12-27T17:37:12.004+0530] {logging_mixin.py:137} INFO - 675
[2022-12-27T17:37:12.264+0530] {logging_mixin.py:137} INFO - 676
[2022-12-27T17:37:12.556+0530] {logging_mixin.py:137} INFO - 677
[2022-12-27T17:37:12.844+0530] {logging_mixin.py:137} INFO - 678
[2022-12-27T17:37:13.357+0530] {logging_mixin.py:137} INFO - 679
[2022-12-27T17:37:13.682+0530] {logging_mixin.py:137} INFO - 680
[2022-12-27T17:37:13.937+0530] {logging_mixin.py:137} INFO - 681
[2022-12-27T17:37:14.257+0530] {logging_mixin.py:137} INFO - 682
[2022-12-27T17:37:14.525+0530] {logging_mixin.py:137} INFO - 683
[2022-12-27T17:37:14.847+0530] {logging_mixin.py:137} INFO - 684
[2022-12-27T17:37:15.190+0530] {logging_mixin.py:137} INFO - 685
[2022-12-27T17:37:15.474+0530] {logging_mixin.py:137} INFO - 686
[2022-12-27T17:37:15.764+0530] {logging_mixin.py:137} INFO - 687
[2022-12-27T17:37:16.237+0530] {logging_mixin.py:137} INFO - 688
[2022-12-27T17:37:16.630+0530] {logging_mixin.py:137} INFO - 689
[2022-12-27T17:37:16.939+0530] {logging_mixin.py:137} INFO - 690
[2022-12-27T17:37:17.217+0530] {logging_mixin.py:137} INFO - 691
[2022-12-27T17:37:17.604+0530] {logging_mixin.py:137} INFO - 692
[2022-12-27T17:37:17.984+0530] {logging_mixin.py:137} INFO - 693
[2022-12-27T17:37:18.270+0530] {logging_mixin.py:137} INFO - 694
[2022-12-27T17:37:18.545+0530] {logging_mixin.py:137} INFO - 695
[2022-12-27T17:37:18.840+0530] {logging_mixin.py:137} INFO - 696
[2022-12-27T17:37:19.268+0530] {logging_mixin.py:137} INFO - 697
[2022-12-27T17:37:19.569+0530] {logging_mixin.py:137} INFO - 698
[2022-12-27T17:37:19.909+0530] {logging_mixin.py:137} INFO - 699
[2022-12-27T17:37:20.223+0530] {logging_mixin.py:137} INFO - 700
[2022-12-27T17:37:20.529+0530] {logging_mixin.py:137} INFO - 701
[2022-12-27T17:37:20.797+0530] {logging_mixin.py:137} INFO - 702
[2022-12-27T17:37:21.056+0530] {logging_mixin.py:137} INFO - 703
[2022-12-27T17:37:21.362+0530] {logging_mixin.py:137} INFO - 704
[2022-12-27T17:37:21.660+0530] {logging_mixin.py:137} INFO - 705
[2022-12-27T17:37:22.120+0530] {logging_mixin.py:137} INFO - 706
[2022-12-27T17:37:22.403+0530] {logging_mixin.py:137} INFO - 707
[2022-12-27T17:37:22.681+0530] {logging_mixin.py:137} INFO - 708
[2022-12-27T17:37:22.983+0530] {logging_mixin.py:137} INFO - 709
[2022-12-27T17:37:23.307+0530] {logging_mixin.py:137} INFO - 710
[2022-12-27T17:37:24.599+0530] {logging_mixin.py:137} INFO - 711
[2022-12-27T17:37:24.868+0530] {logging_mixin.py:137} INFO - 712
[2022-12-27T17:37:25.257+0530] {logging_mixin.py:137} INFO - 713
[2022-12-27T17:37:25.735+0530] {logging_mixin.py:137} INFO - 714
[2022-12-27T17:37:26.041+0530] {logging_mixin.py:137} INFO - 715
[2022-12-27T17:37:26.323+0530] {logging_mixin.py:137} INFO - 716
[2022-12-27T17:37:26.610+0530] {logging_mixin.py:137} INFO - 717
[2022-12-27T17:37:26.947+0530] {logging_mixin.py:137} INFO - 718
[2022-12-27T17:37:27.248+0530] {logging_mixin.py:137} INFO - 719
[2022-12-27T17:37:27.560+0530] {logging_mixin.py:137} INFO - 720
[2022-12-27T17:37:27.878+0530] {logging_mixin.py:137} INFO - 721
[2022-12-27T17:37:28.189+0530] {logging_mixin.py:137} INFO - 722
[2022-12-27T17:37:28.570+0530] {logging_mixin.py:137} INFO - 723
[2022-12-27T17:37:28.812+0530] {logging_mixin.py:137} INFO - 724
[2022-12-27T17:37:29.049+0530] {logging_mixin.py:137} INFO - 725
[2022-12-27T17:37:29.430+0530] {logging_mixin.py:137} INFO - 726
[2022-12-27T17:37:29.752+0530] {logging_mixin.py:137} INFO - 727
[2022-12-27T17:37:30.069+0530] {logging_mixin.py:137} INFO - 728
[2022-12-27T17:37:30.353+0530] {logging_mixin.py:137} INFO - 729
[2022-12-27T17:37:30.606+0530] {logging_mixin.py:137} INFO - 730
[2022-12-27T17:37:30.931+0530] {logging_mixin.py:137} INFO - 731
[2022-12-27T17:37:31.445+0530] {logging_mixin.py:137} INFO - 732
[2022-12-27T17:37:32.283+0530] {logging_mixin.py:137} INFO - 733
[2022-12-27T17:37:32.798+0530] {logging_mixin.py:137} INFO - 734
[2022-12-27T17:37:33.248+0530] {logging_mixin.py:137} INFO - 735
[2022-12-27T17:37:33.642+0530] {logging_mixin.py:137} INFO - 736
[2022-12-27T17:37:34.069+0530] {logging_mixin.py:137} INFO - 737
[2022-12-27T17:37:34.487+0530] {logging_mixin.py:137} INFO - 738
[2022-12-27T17:37:34.902+0530] {logging_mixin.py:137} INFO - 739
[2022-12-27T17:37:35.315+0530] {logging_mixin.py:137} INFO - 740
[2022-12-27T17:37:36.112+0530] {logging_mixin.py:137} INFO - 741
[2022-12-27T17:37:36.780+0530] {logging_mixin.py:137} INFO - 742
[2022-12-27T17:37:37.336+0530] {logging_mixin.py:137} INFO - 743
[2022-12-27T17:37:37.875+0530] {logging_mixin.py:137} INFO - 744
[2022-12-27T17:37:38.484+0530] {logging_mixin.py:137} INFO - 745
[2022-12-27T17:37:38.905+0530] {logging_mixin.py:137} INFO - 746
[2022-12-27T17:37:39.460+0530] {logging_mixin.py:137} INFO - 747
[2022-12-27T17:37:40.073+0530] {logging_mixin.py:137} INFO - 748
[2022-12-27T17:37:40.489+0530] {logging_mixin.py:137} INFO - 749
[2022-12-27T17:37:41.000+0530] {logging_mixin.py:137} INFO - 750
[2022-12-27T17:37:41.344+0530] {logging_mixin.py:137} INFO - 751
[2022-12-27T17:37:41.760+0530] {logging_mixin.py:137} INFO - 752
[2022-12-27T17:37:42.160+0530] {logging_mixin.py:137} INFO - 753
[2022-12-27T17:37:42.500+0530] {logging_mixin.py:137} INFO - 754
[2022-12-27T17:37:42.948+0530] {logging_mixin.py:137} INFO - 755
[2022-12-27T17:37:43.426+0530] {logging_mixin.py:137} INFO - 756
[2022-12-27T17:37:43.788+0530] {logging_mixin.py:137} INFO - 757
[2022-12-27T17:37:44.176+0530] {logging_mixin.py:137} INFO - 758
[2022-12-27T17:37:44.700+0530] {logging_mixin.py:137} INFO - 759
[2022-12-27T17:37:45.141+0530] {logging_mixin.py:137} INFO - 760
[2022-12-27T17:37:46.950+0530] {logging_mixin.py:137} INFO - 761
[2022-12-27T17:37:47.881+0530] {logging_mixin.py:137} INFO - 762
[2022-12-27T17:37:48.249+0530] {logging_mixin.py:137} INFO - 763
[2022-12-27T17:37:48.641+0530] {logging_mixin.py:137} INFO - 764
[2022-12-27T17:37:48.981+0530] {logging_mixin.py:137} INFO - 765
[2022-12-27T17:37:50.411+0530] {logging_mixin.py:137} INFO - 766
[2022-12-27T17:37:51.669+0530] {logging_mixin.py:137} INFO - 767
[2022-12-27T17:37:52.115+0530] {logging_mixin.py:137} INFO - 768
[2022-12-27T17:37:53.284+0530] {logging_mixin.py:137} INFO - 769
[2022-12-27T17:37:54.422+0530] {logging_mixin.py:137} INFO - 770
[2022-12-27T17:37:54.785+0530] {logging_mixin.py:137} INFO - 771
[2022-12-27T17:37:55.952+0530] {logging_mixin.py:137} INFO - 772
[2022-12-27T17:37:57.176+0530] {logging_mixin.py:137} INFO - 773
[2022-12-27T17:37:57.616+0530] {logging_mixin.py:137} INFO - 774
[2022-12-27T17:37:59.391+0530] {logging_mixin.py:137} INFO - 775
[2022-12-27T17:37:59.734+0530] {logging_mixin.py:137} INFO - 776
[2022-12-27T17:38:00.344+0530] {logging_mixin.py:137} INFO - 777
[2022-12-27T17:38:00.805+0530] {logging_mixin.py:137} INFO - 778
[2022-12-27T17:38:55.912+0530] {logging_mixin.py:137} INFO - 779
[2022-12-27T17:39:19.113+0530] {logging_mixin.py:137} INFO - 780
[2022-12-27T17:39:28.130+0530] {logging_mixin.py:137} INFO - 781
[2022-12-27T17:39:30.611+0530] {logging_mixin.py:137} INFO - 782
[2022-12-27T17:39:33.181+0530] {logging_mixin.py:137} INFO - 783
[2022-12-27T17:40:13.174+0530] {logging_mixin.py:137} INFO - 784
[2022-12-27T17:40:29.078+0530] {logging_mixin.py:137} INFO - 785
[2022-12-27T17:40:48.138+0530] {logging_mixin.py:137} INFO - 786
[2022-12-27T17:41:11.441+0530] {logging_mixin.py:137} INFO - 787
[2022-12-27T17:41:32.613+0530] {taskinstance.py:1772} ERROR - Task failed with exception
Traceback (most recent call last):
  File "/usr/local/lib/python3.8/dist-packages/airflow/operators/python.py", line 175, in execute
    return_value = self.execute_callable()
  File "/usr/local/lib/python3.8/dist-packages/airflow/operators/python.py", line 192, in execute_callable
    return self.python_callable(*self.op_args, **self.op_kwargs)
  File "/root/airflow/dags/Money_Market.py", line 175, in extract_mm
    RBI_MM_date,RBI_MM = scrape_RBI_MM(i)
TypeError: cannot unpack non-iterable int object
[2022-12-27T17:41:32.634+0530] {taskinstance.py:1322} INFO - Marking task as UP_FOR_RETRY. dag_id=Money__Market, task_id=extract_data, execution_date=20221227T100000, start_date=20221227T120302, end_date=20221227T121132
[2022-12-27T17:41:32.667+0530] {standard_task_runner.py:100} ERROR - Failed to execute job 1280 for task extract_data (cannot unpack non-iterable int object; 14646)
[2022-12-27T17:41:32.742+0530] {local_task_job.py:159} INFO - Task exited with return code 1
[2022-12-27T17:41:32.969+0530] {taskinstance.py:2582} INFO - 0 downstream tasks scheduled from follow-on schedule check
