[2023-02-24T10:47:05.370+0530] {taskinstance.py:1087} INFO - Dependencies all met for <TaskInstance: nsdlfpi_and_rupee.start_task manual__2023-02-24T05:15:32.900302+00:00 [queued]>
[2023-02-24T10:47:05.385+0530] {taskinstance.py:1087} INFO - Dependencies all met for <TaskInstance: nsdlfpi_and_rupee.start_task manual__2023-02-24T05:15:32.900302+00:00 [queued]>
[2023-02-24T10:47:05.386+0530] {taskinstance.py:1283} INFO - 
--------------------------------------------------------------------------------
[2023-02-24T10:47:05.386+0530] {taskinstance.py:1284} INFO - Starting attempt 1 of 4
[2023-02-24T10:47:05.386+0530] {taskinstance.py:1285} INFO - 
--------------------------------------------------------------------------------
[2023-02-24T10:47:05.412+0530] {taskinstance.py:1304} INFO - Executing <Task(BashOperator): start_task> on 2023-02-24 05:15:32.900302+00:00
[2023-02-24T10:47:05.417+0530] {standard_task_runner.py:55} INFO - Started process 6573 to run task
[2023-02-24T10:47:05.420+0530] {standard_task_runner.py:82} INFO - Running: ['airflow', 'tasks', 'run', 'nsdlfpi_and_rupee', 'start_task', 'manual__2023-02-24T05:15:32.900302+00:00', '--job-id', '4704', '--raw', '--subdir', 'DAGS_FOLDER/nsdl_and_rupee.py', '--cfg-path', '/tmp/tmphvezj7c1']
[2023-02-24T10:47:05.422+0530] {standard_task_runner.py:83} INFO - Job 4704: Subtask start_task
[2023-02-24T10:47:05.484+0530] {task_command.py:389} INFO - Running <TaskInstance: nsdlfpi_and_rupee.start_task manual__2023-02-24T05:15:32.900302+00:00 [running]> on host DESKTOP-SQIOQPD.
[2023-02-24T10:47:05.581+0530] {taskinstance.py:1511} INFO - Exporting the following env vars:
AIRFLOW_CTX_DAG_EMAIL=nikheleshbhattacharyya@gmail.com
AIRFLOW_CTX_DAG_OWNER=airflow
AIRFLOW_CTX_DAG_ID=nsdlfpi_and_rupee
AIRFLOW_CTX_TASK_ID=start_task
AIRFLOW_CTX_EXECUTION_DATE=2023-02-24T05:15:32.900302+00:00
AIRFLOW_CTX_TRY_NUMBER=1
AIRFLOW_CTX_DAG_RUN_ID=manual__2023-02-24T05:15:32.900302+00:00
[2023-02-24T10:47:05.582+0530] {subprocess.py:63} INFO - Tmp dir root location: 
 /tmp
[2023-02-24T10:47:05.584+0530] {subprocess.py:75} INFO - Running command: ['/usr/bin/bash', '-c', 'echo start']
[2023-02-24T10:47:05.599+0530] {subprocess.py:86} INFO - Output:
[2023-02-24T10:47:05.600+0530] {subprocess.py:93} INFO - start
[2023-02-24T10:47:05.600+0530] {subprocess.py:97} INFO - Command exited with return code 0
[2023-02-24T10:47:05.625+0530] {taskinstance.py:1322} INFO - Marking task as SUCCESS. dag_id=nsdlfpi_and_rupee, task_id=start_task, execution_date=20230224T051532, start_date=20230224T051705, end_date=20230224T051705
[2023-02-24T10:47:08.918+0530] {local_task_job.py:159} INFO - Task exited with return code 0
[2023-02-24T10:47:08.980+0530] {taskinstance.py:2582} INFO - 1 downstream tasks scheduled from follow-on schedule check
