[2023-02-23T13:51:03.085+0530] {taskinstance.py:1087} INFO - Dependencies all met for <TaskInstance: Monthly.finish_task scheduled__2023-02-15T00:00:00+00:00 [queued]>
[2023-02-23T13:51:03.096+0530] {taskinstance.py:1087} INFO - Dependencies all met for <TaskInstance: Monthly.finish_task scheduled__2023-02-15T00:00:00+00:00 [queued]>
[2023-02-23T13:51:03.098+0530] {taskinstance.py:1283} INFO - 
--------------------------------------------------------------------------------
[2023-02-23T13:51:03.098+0530] {taskinstance.py:1284} INFO - Starting attempt 1 of 4
[2023-02-23T13:51:03.098+0530] {taskinstance.py:1285} INFO - 
--------------------------------------------------------------------------------
[2023-02-23T13:51:03.115+0530] {taskinstance.py:1304} INFO - Executing <Task(BashOperator): finish_task> on 2023-02-15 00:00:00+00:00
[2023-02-23T13:51:03.122+0530] {standard_task_runner.py:55} INFO - Started process 2524 to run task
[2023-02-23T13:51:03.127+0530] {standard_task_runner.py:82} INFO - Running: ['airflow', 'tasks', 'run', 'Monthly', 'finish_task', 'scheduled__2023-02-15T00:00:00+00:00', '--job-id', '4512', '--raw', '--subdir', 'DAGS_FOLDER/Monthly.py', '--cfg-path', '/tmp/tmpc2x18w4r']
[2023-02-23T13:51:03.128+0530] {standard_task_runner.py:83} INFO - Job 4512: Subtask finish_task
[2023-02-23T13:51:03.178+0530] {task_command.py:389} INFO - Running <TaskInstance: Monthly.finish_task scheduled__2023-02-15T00:00:00+00:00 [running]> on host DESKTOP-SQIOQPD.
[2023-02-23T13:51:03.267+0530] {taskinstance.py:1511} INFO - Exporting the following env vars:
AIRFLOW_CTX_DAG_EMAIL=nikheleshbhattacharyya@gmail.com
AIRFLOW_CTX_DAG_OWNER=airflow
AIRFLOW_CTX_DAG_ID=Monthly
AIRFLOW_CTX_TASK_ID=finish_task
AIRFLOW_CTX_EXECUTION_DATE=2023-02-15T00:00:00+00:00
AIRFLOW_CTX_TRY_NUMBER=1
AIRFLOW_CTX_DAG_RUN_ID=scheduled__2023-02-15T00:00:00+00:00
[2023-02-23T13:51:03.269+0530] {subprocess.py:63} INFO - Tmp dir root location: 
 /tmp
[2023-02-23T13:51:03.270+0530] {subprocess.py:75} INFO - Running command: ['/usr/bin/bash', '-c', 'echo finish']
[2023-02-23T13:51:03.282+0530] {subprocess.py:86} INFO - Output:
[2023-02-23T13:51:03.289+0530] {subprocess.py:93} INFO - finish
[2023-02-23T13:51:03.290+0530] {subprocess.py:97} INFO - Command exited with return code 0
[2023-02-23T13:51:03.315+0530] {taskinstance.py:1322} INFO - Marking task as SUCCESS. dag_id=Monthly, task_id=finish_task, execution_date=20230215T000000, start_date=20230223T082103, end_date=20230223T082103
[2023-02-23T13:51:05.874+0530] {local_task_job.py:159} INFO - Task exited with return code 0
[2023-02-23T13:51:05.891+0530] {taskinstance.py:2582} INFO - 0 downstream tasks scheduled from follow-on schedule check
