[2023-02-24T11:18:09.734+0530] {taskinstance.py:1087} INFO - Dependencies all met for <TaskInstance: nsdlfpi_and_rupee.load_data scheduled__2023-02-23T00:00:00+00:00 [queued]>
[2023-02-24T11:18:09.748+0530] {taskinstance.py:1087} INFO - Dependencies all met for <TaskInstance: nsdlfpi_and_rupee.load_data scheduled__2023-02-23T00:00:00+00:00 [queued]>
[2023-02-24T11:18:09.749+0530] {taskinstance.py:1283} INFO - 
--------------------------------------------------------------------------------
[2023-02-24T11:18:09.749+0530] {taskinstance.py:1284} INFO - Starting attempt 1 of 4
[2023-02-24T11:18:09.749+0530] {taskinstance.py:1285} INFO - 
--------------------------------------------------------------------------------
[2023-02-24T11:18:09.769+0530] {taskinstance.py:1304} INFO - Executing <Task(PythonOperator): load_data> on 2023-02-23 00:00:00+00:00
[2023-02-24T11:18:09.790+0530] {standard_task_runner.py:55} INFO - Started process 6909 to run task
[2023-02-24T11:18:09.802+0530] {standard_task_runner.py:82} INFO - Running: ['airflow', 'tasks', 'run', 'nsdlfpi_and_rupee', 'load_data', 'scheduled__2023-02-23T00:00:00+00:00', '--job-id', '4717', '--raw', '--subdir', 'DAGS_FOLDER/nsdl_and_rupee.py', '--cfg-path', '/tmp/tmpf2e5zqn4']
[2023-02-24T11:18:09.803+0530] {standard_task_runner.py:83} INFO - Job 4717: Subtask load_data
[2023-02-24T11:18:09.863+0530] {task_command.py:389} INFO - Running <TaskInstance: nsdlfpi_and_rupee.load_data scheduled__2023-02-23T00:00:00+00:00 [running]> on host DESKTOP-SQIOQPD.
[2023-02-24T11:18:09.957+0530] {taskinstance.py:1511} INFO - Exporting the following env vars:
AIRFLOW_CTX_DAG_EMAIL=nikheleshbhattacharyya@gmail.com
AIRFLOW_CTX_DAG_OWNER=airflow
AIRFLOW_CTX_DAG_ID=nsdlfpi_and_rupee
AIRFLOW_CTX_TASK_ID=load_data
AIRFLOW_CTX_EXECUTION_DATE=2023-02-23T00:00:00+00:00
AIRFLOW_CTX_TRY_NUMBER=1
AIRFLOW_CTX_DAG_RUN_ID=scheduled__2023-02-23T00:00:00+00:00
[2023-02-24T11:18:30.940+0530] {python.py:177} INFO - Done. Returned value was: None
[2023-02-24T11:18:30.947+0530] {taskinstance.py:1322} INFO - Marking task as SUCCESS. dag_id=nsdlfpi_and_rupee, task_id=load_data, execution_date=20230223T000000, start_date=20230224T054809, end_date=20230224T054830
[2023-02-24T11:18:37.436+0530] {local_task_job.py:159} INFO - Task exited with return code 0
[2023-02-24T11:18:37.493+0530] {taskinstance.py:2582} INFO - 1 downstream tasks scheduled from follow-on schedule check
