[2022-12-26T13:24:23.208+0530] {taskinstance.py:1087} INFO - Dependencies all met for <TaskInstance: Money__Market.extract_data manual__2022-12-26T07:35:24.983518+00:00 [queued]>
[2022-12-26T13:24:23.222+0530] {taskinstance.py:1087} INFO - Dependencies all met for <TaskInstance: Money__Market.extract_data manual__2022-12-26T07:35:24.983518+00:00 [queued]>
[2022-12-26T13:24:23.222+0530] {taskinstance.py:1283} INFO - 
--------------------------------------------------------------------------------
[2022-12-26T13:24:23.222+0530] {taskinstance.py:1284} INFO - Starting attempt 1 of 4
[2022-12-26T13:24:23.222+0530] {taskinstance.py:1285} INFO - 
--------------------------------------------------------------------------------
[2022-12-26T13:24:23.242+0530] {taskinstance.py:1304} INFO - Executing <Task(PythonOperator): extract_data> on 2022-12-26 07:35:24.983518+00:00
[2022-12-26T13:24:23.250+0530] {standard_task_runner.py:55} INFO - Started process 30475 to run task
[2022-12-26T13:24:23.258+0530] {standard_task_runner.py:82} INFO - Running: ['airflow', 'tasks', 'run', 'Money__Market', 'extract_data', 'manual__2022-12-26T07:35:24.983518+00:00', '--job-id', '876', '--raw', '--subdir', 'DAGS_FOLDER/Money_Market.py', '--cfg-path', '/tmp/tmp2okm7lfn']
[2022-12-26T13:24:23.261+0530] {standard_task_runner.py:83} INFO - Job 876: Subtask extract_data
[2022-12-26T13:24:23.351+0530] {task_command.py:389} INFO - Running <TaskInstance: Money__Market.extract_data manual__2022-12-26T07:35:24.983518+00:00 [running]> on host DESKTOP-SQIOQPD.
[2022-12-26T13:24:23.437+0530] {taskinstance.py:1511} INFO - Exporting the following env vars:
AIRFLOW_CTX_DAG_EMAIL=nikheleshbhattacharyya@gmail.com
AIRFLOW_CTX_DAG_OWNER=airflow
AIRFLOW_CTX_DAG_ID=Money__Market
AIRFLOW_CTX_TASK_ID=extract_data
AIRFLOW_CTX_EXECUTION_DATE=2022-12-26T07:35:24.983518+00:00
AIRFLOW_CTX_TRY_NUMBER=1
AIRFLOW_CTX_DAG_RUN_ID=manual__2022-12-26T07:35:24.983518+00:00
[2022-12-26T13:24:24.195+0530] {logging_mixin.py:137} INFO - 1
[2022-12-26T13:24:24.452+0530] {logging_mixin.py:137} INFO - 2
[2022-12-26T13:24:24.726+0530] {logging_mixin.py:137} INFO - 3
[2022-12-26T13:24:24.991+0530] {logging_mixin.py:137} INFO - 4
[2022-12-26T13:24:25.294+0530] {logging_mixin.py:137} INFO - 5
[2022-12-26T13:24:25.622+0530] {logging_mixin.py:137} INFO - 6
[2022-12-26T13:24:25.887+0530] {logging_mixin.py:137} INFO - 7
[2022-12-26T13:24:26.277+0530] {logging_mixin.py:137} INFO - 8
[2022-12-26T13:24:26.515+0530] {logging_mixin.py:137} INFO - 9
[2022-12-26T13:24:26.772+0530] {logging_mixin.py:137} INFO - 10
[2022-12-26T13:24:27.115+0530] {logging_mixin.py:137} INFO - 11
[2022-12-26T13:24:27.501+0530] {logging_mixin.py:137} INFO - 12
[2022-12-26T13:24:27.772+0530] {logging_mixin.py:137} INFO - 13
[2022-12-26T13:24:28.021+0530] {logging_mixin.py:137} INFO - 14
[2022-12-26T13:24:28.292+0530] {logging_mixin.py:137} INFO - 15
[2022-12-26T13:24:28.584+0530] {logging_mixin.py:137} INFO - 16
[2022-12-26T13:24:28.822+0530] {logging_mixin.py:137} INFO - 17
[2022-12-26T13:24:29.061+0530] {logging_mixin.py:137} INFO - 18
[2022-12-26T13:24:29.318+0530] {logging_mixin.py:137} INFO - 19
[2022-12-26T13:24:29.547+0530] {logging_mixin.py:137} INFO - 20
[2022-12-26T13:24:29.779+0530] {logging_mixin.py:137} INFO - 21
[2022-12-26T13:24:30.171+0530] {logging_mixin.py:137} INFO - 22
[2022-12-26T13:24:30.503+0530] {logging_mixin.py:137} INFO - 23
[2022-12-26T13:24:30.790+0530] {logging_mixin.py:137} INFO - 24
[2022-12-26T13:24:31.065+0530] {logging_mixin.py:137} INFO - 25
[2022-12-26T13:24:31.369+0530] {logging_mixin.py:137} INFO - 26
[2022-12-26T13:24:31.649+0530] {logging_mixin.py:137} INFO - 27
[2022-12-26T13:24:31.930+0530] {logging_mixin.py:137} INFO - 28
[2022-12-26T13:24:32.224+0530] {logging_mixin.py:137} INFO - 29
[2022-12-26T13:24:32.484+0530] {logging_mixin.py:137} INFO - 30
[2022-12-26T13:24:32.757+0530] {logging_mixin.py:137} INFO - 31
[2022-12-26T13:24:33.215+0530] {logging_mixin.py:137} INFO - 32
[2022-12-26T13:24:33.478+0530] {logging_mixin.py:137} INFO - 33
[2022-12-26T13:24:33.742+0530] {logging_mixin.py:137} INFO - 34
[2022-12-26T13:24:33.975+0530] {logging_mixin.py:137} INFO - 35
[2022-12-26T13:24:34.206+0530] {logging_mixin.py:137} INFO - 36
[2022-12-26T13:24:34.452+0530] {logging_mixin.py:137} INFO - 37
[2022-12-26T13:24:34.747+0530] {logging_mixin.py:137} INFO - 38
[2022-12-26T13:24:35.008+0530] {logging_mixin.py:137} INFO - 39
[2022-12-26T13:24:35.350+0530] {logging_mixin.py:137} INFO - 40
[2022-12-26T13:24:35.609+0530] {logging_mixin.py:137} INFO - 41
[2022-12-26T13:24:35.846+0530] {logging_mixin.py:137} INFO - 42
[2022-12-26T13:24:36.259+0530] {logging_mixin.py:137} INFO - 43
[2022-12-26T13:24:36.504+0530] {logging_mixin.py:137} INFO - 44
[2022-12-26T13:24:36.724+0530] {logging_mixin.py:137} INFO - 45
[2022-12-26T13:24:36.967+0530] {logging_mixin.py:137} INFO - 46
[2022-12-26T13:24:37.237+0530] {logging_mixin.py:137} INFO - 47
[2022-12-26T13:24:37.522+0530] {logging_mixin.py:137} INFO - 48
[2022-12-26T13:24:37.753+0530] {logging_mixin.py:137} INFO - 49
[2022-12-26T13:24:38.074+0530] {logging_mixin.py:137} INFO - 50
[2022-12-26T13:24:38.324+0530] {logging_mixin.py:137} INFO - 51
[2022-12-26T13:24:38.583+0530] {logging_mixin.py:137} INFO - 52
[2022-12-26T13:24:38.808+0530] {logging_mixin.py:137} INFO - 53
[2022-12-26T13:24:39.198+0530] {logging_mixin.py:137} INFO - 54
[2022-12-26T13:24:39.433+0530] {logging_mixin.py:137} INFO - 55
[2022-12-26T13:24:39.748+0530] {logging_mixin.py:137} INFO - 56
[2022-12-26T13:24:40.027+0530] {logging_mixin.py:137} INFO - 57
[2022-12-26T13:24:40.327+0530] {logging_mixin.py:137} INFO - 58
[2022-12-26T13:24:40.910+0530] {logging_mixin.py:137} INFO - 59
[2022-12-26T13:24:41.180+0530] {logging_mixin.py:137} INFO - 60
[2022-12-26T13:24:41.573+0530] {logging_mixin.py:137} INFO - 61
[2022-12-26T13:24:41.830+0530] {logging_mixin.py:137} INFO - 62
[2022-12-26T13:24:42.113+0530] {logging_mixin.py:137} INFO - 63
[2022-12-26T13:24:42.514+0530] {logging_mixin.py:137} INFO - 64
[2022-12-26T13:24:42.781+0530] {logging_mixin.py:137} INFO - 65
[2022-12-26T13:24:43.028+0530] {logging_mixin.py:137} INFO - 66
[2022-12-26T13:24:43.284+0530] {logging_mixin.py:137} INFO - 67
[2022-12-26T13:24:43.525+0530] {logging_mixin.py:137} INFO - 68
[2022-12-26T13:24:43.759+0530] {logging_mixin.py:137} INFO - 69
[2022-12-26T13:24:44.045+0530] {logging_mixin.py:137} INFO - 70
[2022-12-26T13:24:44.274+0530] {logging_mixin.py:137} INFO - 71
[2022-12-26T13:24:44.496+0530] {logging_mixin.py:137} INFO - 72
[2022-12-26T13:24:44.734+0530] {logging_mixin.py:137} INFO - 73
[2022-12-26T13:24:45.122+0530] {logging_mixin.py:137} INFO - 74
[2022-12-26T13:24:45.391+0530] {logging_mixin.py:137} INFO - 75
[2022-12-26T13:24:45.697+0530] {logging_mixin.py:137} INFO - 76
[2022-12-26T13:24:45.913+0530] {logging_mixin.py:137} INFO - 77
[2022-12-26T13:24:46.162+0530] {logging_mixin.py:137} INFO - 78
[2022-12-26T13:24:46.461+0530] {logging_mixin.py:137} INFO - 79
[2022-12-26T13:24:46.720+0530] {logging_mixin.py:137} INFO - 80
[2022-12-26T13:24:46.976+0530] {logging_mixin.py:137} INFO - 81
[2022-12-26T13:24:47.229+0530] {logging_mixin.py:137} INFO - 82
[2022-12-26T13:24:47.481+0530] {logging_mixin.py:137} INFO - 83
[2022-12-26T13:24:47.723+0530] {logging_mixin.py:137} INFO - 84
[2022-12-26T13:24:48.144+0530] {logging_mixin.py:137} INFO - 85
[2022-12-26T13:24:48.437+0530] {logging_mixin.py:137} INFO - 86
[2022-12-26T13:24:48.675+0530] {logging_mixin.py:137} INFO - 87
[2022-12-26T13:24:48.968+0530] {logging_mixin.py:137} INFO - 88
[2022-12-26T13:24:49.201+0530] {logging_mixin.py:137} INFO - 89
[2022-12-26T13:24:49.417+0530] {logging_mixin.py:137} INFO - 90
[2022-12-26T13:24:49.638+0530] {logging_mixin.py:137} INFO - 91
[2022-12-26T13:24:49.870+0530] {logging_mixin.py:137} INFO - 92
[2022-12-26T13:24:50.117+0530] {logging_mixin.py:137} INFO - 93
[2022-12-26T13:24:50.473+0530] {logging_mixin.py:137} INFO - 94
[2022-12-26T13:24:51.018+0530] {logging_mixin.py:137} INFO - 95
[2022-12-26T13:24:51.284+0530] {logging_mixin.py:137} INFO - 96
[2022-12-26T13:24:51.560+0530] {logging_mixin.py:137} INFO - 97
[2022-12-26T13:24:51.801+0530] {logging_mixin.py:137} INFO - 98
[2022-12-26T13:24:52.030+0530] {logging_mixin.py:137} INFO - 99
[2022-12-26T13:24:52.286+0530] {logging_mixin.py:137} INFO - 100
[2022-12-26T13:24:52.514+0530] {logging_mixin.py:137} INFO - 101
[2022-12-26T13:24:52.740+0530] {logging_mixin.py:137} INFO - 102
[2022-12-26T13:24:53.005+0530] {logging_mixin.py:137} INFO - 103
[2022-12-26T13:24:53.279+0530] {logging_mixin.py:137} INFO - 104
[2022-12-26T13:24:53.547+0530] {logging_mixin.py:137} INFO - 105
[2022-12-26T13:24:53.955+0530] {logging_mixin.py:137} INFO - 106
[2022-12-26T13:24:54.202+0530] {logging_mixin.py:137} INFO - 107
[2022-12-26T13:24:54.427+0530] {logging_mixin.py:137} INFO - 108
[2022-12-26T13:24:54.683+0530] {logging_mixin.py:137} INFO - 109
[2022-12-26T13:24:54.928+0530] {logging_mixin.py:137} INFO - 110
[2022-12-26T13:24:55.214+0530] {logging_mixin.py:137} INFO - 111
[2022-12-26T13:24:55.468+0530] {logging_mixin.py:137} INFO - 112
[2022-12-26T13:24:55.733+0530] {logging_mixin.py:137} INFO - 113
[2022-12-26T13:24:56.018+0530] {logging_mixin.py:137} INFO - 114
[2022-12-26T13:24:56.316+0530] {logging_mixin.py:137} INFO - 115
[2022-12-26T13:24:56.558+0530] {logging_mixin.py:137} INFO - 116
[2022-12-26T13:24:56.982+0530] {logging_mixin.py:137} INFO - 117
[2022-12-26T13:24:57.213+0530] {logging_mixin.py:137} INFO - 118
[2022-12-26T13:24:57.448+0530] {logging_mixin.py:137} INFO - 119
[2022-12-26T13:24:57.671+0530] {logging_mixin.py:137} INFO - 120
[2022-12-26T13:24:57.953+0530] {logging_mixin.py:137} INFO - 121
[2022-12-26T13:24:58.206+0530] {logging_mixin.py:137} INFO - 122
[2022-12-26T13:24:58.458+0530] {logging_mixin.py:137} INFO - 123
[2022-12-26T13:24:58.703+0530] {logging_mixin.py:137} INFO - 124
[2022-12-26T13:24:58.933+0530] {logging_mixin.py:137} INFO - 125
[2022-12-26T13:24:59.165+0530] {logging_mixin.py:137} INFO - 126
[2022-12-26T13:24:59.508+0530] {logging_mixin.py:137} INFO - 127
[2022-12-26T13:24:59.925+0530] {logging_mixin.py:137} INFO - 128
[2022-12-26T13:25:00.259+0530] {logging_mixin.py:137} INFO - 129
[2022-12-26T13:25:00.538+0530] {logging_mixin.py:137} INFO - 130
[2022-12-26T13:25:00.807+0530] {logging_mixin.py:137} INFO - 131
[2022-12-26T13:25:01.070+0530] {logging_mixin.py:137} INFO - 132
[2022-12-26T13:25:01.374+0530] {logging_mixin.py:137} INFO - 133
[2022-12-26T13:25:01.677+0530] {logging_mixin.py:137} INFO - 134
[2022-12-26T13:25:01.953+0530] {logging_mixin.py:137} INFO - 135
[2022-12-26T13:25:02.206+0530] {logging_mixin.py:137} INFO - 136
[2022-12-26T13:25:02.423+0530] {logging_mixin.py:137} INFO - 137
[2022-12-26T13:25:02.642+0530] {logging_mixin.py:137} INFO - 138
[2022-12-26T13:25:03.143+0530] {logging_mixin.py:137} INFO - 139
[2022-12-26T13:25:03.495+0530] {logging_mixin.py:137} INFO - 140
[2022-12-26T13:25:03.740+0530] {logging_mixin.py:137} INFO - 141
[2022-12-26T13:25:03.974+0530] {logging_mixin.py:137} INFO - 142
[2022-12-26T13:25:04.208+0530] {logging_mixin.py:137} INFO - 143
[2022-12-26T13:25:04.483+0530] {logging_mixin.py:137} INFO - 144
[2022-12-26T13:25:04.739+0530] {logging_mixin.py:137} INFO - 145
[2022-12-26T13:25:04.968+0530] {logging_mixin.py:137} INFO - 146
[2022-12-26T13:25:05.218+0530] {logging_mixin.py:137} INFO - 147
[2022-12-26T13:25:05.505+0530] {logging_mixin.py:137} INFO - 148
[2022-12-26T13:25:05.778+0530] {logging_mixin.py:137} INFO - 149
[2022-12-26T13:25:06.186+0530] {logging_mixin.py:137} INFO - 150
[2022-12-26T13:25:06.469+0530] {logging_mixin.py:137} INFO - 151
[2022-12-26T13:25:06.719+0530] {logging_mixin.py:137} INFO - 152
[2022-12-26T13:25:06.960+0530] {logging_mixin.py:137} INFO - 153
[2022-12-26T13:25:07.276+0530] {logging_mixin.py:137} INFO - 154
[2022-12-26T13:25:07.497+0530] {logging_mixin.py:137} INFO - 155
[2022-12-26T13:25:07.717+0530] {logging_mixin.py:137} INFO - 156
[2022-12-26T13:25:07.966+0530] {logging_mixin.py:137} INFO - 157
[2022-12-26T13:25:08.200+0530] {logging_mixin.py:137} INFO - 158
[2022-12-26T13:25:08.518+0530] {logging_mixin.py:137} INFO - 159
[2022-12-26T13:25:08.744+0530] {logging_mixin.py:137} INFO - 160
[2022-12-26T13:25:09.136+0530] {logging_mixin.py:137} INFO - 161
[2022-12-26T13:25:09.392+0530] {logging_mixin.py:137} INFO - 162
[2022-12-26T13:25:09.644+0530] {logging_mixin.py:137} INFO - 163
[2022-12-26T13:25:09.877+0530] {logging_mixin.py:137} INFO - 164
[2022-12-26T13:25:10.110+0530] {logging_mixin.py:137} INFO - 165
[2022-12-26T13:25:10.391+0530] {logging_mixin.py:137} INFO - 166
[2022-12-26T13:25:10.633+0530] {logging_mixin.py:137} INFO - 167
[2022-12-26T13:25:10.911+0530] {logging_mixin.py:137} INFO - 168
[2022-12-26T13:25:11.143+0530] {logging_mixin.py:137} INFO - 169
[2022-12-26T13:25:11.444+0530] {logging_mixin.py:137} INFO - 170
[2022-12-26T13:25:11.686+0530] {logging_mixin.py:137} INFO - 171
[2022-12-26T13:25:12.134+0530] {logging_mixin.py:137} INFO - 172
[2022-12-26T13:25:12.366+0530] {logging_mixin.py:137} INFO - 173
[2022-12-26T13:25:12.613+0530] {logging_mixin.py:137} INFO - 174
[2022-12-26T13:25:12.844+0530] {logging_mixin.py:137} INFO - 175
[2022-12-26T13:25:13.086+0530] {logging_mixin.py:137} INFO - 176
[2022-12-26T13:25:13.299+0530] {logging_mixin.py:137} INFO - 177
[2022-12-26T13:25:13.524+0530] {logging_mixin.py:137} INFO - 178
[2022-12-26T13:25:13.773+0530] {logging_mixin.py:137} INFO - 179
[2022-12-26T13:25:14.033+0530] {logging_mixin.py:137} INFO - 180
[2022-12-26T13:25:14.314+0530] {logging_mixin.py:137} INFO - 181
[2022-12-26T13:25:14.549+0530] {logging_mixin.py:137} INFO - 182
[2022-12-26T13:25:14.918+0530] {logging_mixin.py:137} INFO - 183
[2022-12-26T13:25:15.184+0530] {logging_mixin.py:137} INFO - 184
[2022-12-26T13:25:15.458+0530] {logging_mixin.py:137} INFO - 185
[2022-12-26T13:25:15.723+0530] {logging_mixin.py:137} INFO - 186
[2022-12-26T13:25:15.986+0530] {logging_mixin.py:137} INFO - 187
[2022-12-26T13:25:16.233+0530] {logging_mixin.py:137} INFO - 188
[2022-12-26T13:25:16.501+0530] {logging_mixin.py:137} INFO - 189
[2022-12-26T13:25:16.732+0530] {logging_mixin.py:137} INFO - 190
[2022-12-26T13:25:16.990+0530] {logging_mixin.py:137} INFO - 191
[2022-12-26T13:25:17.229+0530] {logging_mixin.py:137} INFO - 192
[2022-12-26T13:25:17.477+0530] {logging_mixin.py:137} INFO - 193
[2022-12-26T13:25:17.892+0530] {logging_mixin.py:137} INFO - 194
[2022-12-26T13:25:18.163+0530] {logging_mixin.py:137} INFO - 195
[2022-12-26T13:25:18.380+0530] {logging_mixin.py:137} INFO - 196
[2022-12-26T13:25:18.630+0530] {logging_mixin.py:137} INFO - 197
[2022-12-26T13:25:18.863+0530] {logging_mixin.py:137} INFO - 198
[2022-12-26T13:25:19.093+0530] {logging_mixin.py:137} INFO - 199
[2022-12-26T13:25:19.311+0530] {logging_mixin.py:137} INFO - 200
[2022-12-26T13:25:19.531+0530] {logging_mixin.py:137} INFO - 201
[2022-12-26T13:25:19.772+0530] {logging_mixin.py:137} INFO - 202
[2022-12-26T13:25:20.043+0530] {logging_mixin.py:137} INFO - 203
[2022-12-26T13:25:20.275+0530] {logging_mixin.py:137} INFO - 204
[2022-12-26T13:25:20.748+0530] {logging_mixin.py:137} INFO - 205
[2022-12-26T13:25:21.008+0530] {logging_mixin.py:137} INFO - 206
[2022-12-26T13:25:21.246+0530] {logging_mixin.py:137} INFO - 207
[2022-12-26T13:25:21.555+0530] {logging_mixin.py:137} INFO - 208
[2022-12-26T13:25:21.781+0530] {logging_mixin.py:137} INFO - 209
[2022-12-26T13:25:22.024+0530] {logging_mixin.py:137} INFO - 210
[2022-12-26T13:25:22.272+0530] {logging_mixin.py:137} INFO - 211
[2022-12-26T13:25:22.533+0530] {logging_mixin.py:137} INFO - 212
[2022-12-26T13:25:22.749+0530] {logging_mixin.py:137} INFO - 213
[2022-12-26T13:25:22.962+0530] {logging_mixin.py:137} INFO - 214
[2022-12-26T13:25:23.345+0530] {logging_mixin.py:137} INFO - 215
[2022-12-26T13:25:23.579+0530] {logging_mixin.py:137} INFO - 216
[2022-12-26T13:25:23.833+0530] {logging_mixin.py:137} INFO - 217
[2022-12-26T13:25:24.065+0530] {logging_mixin.py:137} INFO - 218
[2022-12-26T13:25:24.287+0530] {logging_mixin.py:137} INFO - 219
[2022-12-26T13:25:24.533+0530] {logging_mixin.py:137} INFO - 220
[2022-12-26T13:25:24.766+0530] {logging_mixin.py:137} INFO - 221
[2022-12-26T13:25:25.014+0530] {logging_mixin.py:137} INFO - 222
[2022-12-26T13:25:25.258+0530] {logging_mixin.py:137} INFO - 223
[2022-12-26T13:25:25.527+0530] {logging_mixin.py:137} INFO - 224
[2022-12-26T13:25:25.803+0530] {logging_mixin.py:137} INFO - 225
[2022-12-26T13:25:26.228+0530] {logging_mixin.py:137} INFO - 226
[2022-12-26T13:25:26.472+0530] {logging_mixin.py:137} INFO - 227
[2022-12-26T13:25:26.723+0530] {logging_mixin.py:137} INFO - 228
[2022-12-26T13:25:26.997+0530] {logging_mixin.py:137} INFO - 229
[2022-12-26T13:25:27.299+0530] {logging_mixin.py:137} INFO - 230
[2022-12-26T13:25:27.562+0530] {logging_mixin.py:137} INFO - 231
[2022-12-26T13:25:27.801+0530] {logging_mixin.py:137} INFO - 232
[2022-12-26T13:25:28.032+0530] {logging_mixin.py:137} INFO - 233
[2022-12-26T13:25:28.268+0530] {logging_mixin.py:137} INFO - 234
[2022-12-26T13:25:28.517+0530] {logging_mixin.py:137} INFO - 235
[2022-12-26T13:25:28.794+0530] {logging_mixin.py:137} INFO - 236
[2022-12-26T13:25:29.235+0530] {logging_mixin.py:137} INFO - 237
[2022-12-26T13:25:29.465+0530] {logging_mixin.py:137} INFO - 238
[2022-12-26T13:25:29.718+0530] {logging_mixin.py:137} INFO - 239
[2022-12-26T13:25:29.938+0530] {logging_mixin.py:137} INFO - 240
[2022-12-26T13:25:30.182+0530] {logging_mixin.py:137} INFO - 241
[2022-12-26T13:25:30.443+0530] {logging_mixin.py:137} INFO - 242
[2022-12-26T13:25:30.806+0530] {logging_mixin.py:137} INFO - 243
[2022-12-26T13:25:31.051+0530] {logging_mixin.py:137} INFO - 244
[2022-12-26T13:25:31.296+0530] {logging_mixin.py:137} INFO - 245
[2022-12-26T13:25:31.590+0530] {logging_mixin.py:137} INFO - 246
[2022-12-26T13:25:31.837+0530] {logging_mixin.py:137} INFO - 247
[2022-12-26T13:25:32.310+0530] {logging_mixin.py:137} INFO - 248
[2022-12-26T13:25:32.547+0530] {logging_mixin.py:137} INFO - 249
[2022-12-26T13:25:32.802+0530] {logging_mixin.py:137} INFO - 250
[2022-12-26T13:25:33.023+0530] {logging_mixin.py:137} INFO - 251
[2022-12-26T13:25:33.257+0530] {logging_mixin.py:137} INFO - 252
[2022-12-26T13:25:33.495+0530] {logging_mixin.py:137} INFO - 253
[2022-12-26T13:25:33.729+0530] {logging_mixin.py:137} INFO - 254
[2022-12-26T13:25:33.995+0530] {logging_mixin.py:137} INFO - 255
[2022-12-26T13:25:34.279+0530] {logging_mixin.py:137} INFO - 256
[2022-12-26T13:25:34.530+0530] {logging_mixin.py:137} INFO - 257
[2022-12-26T13:25:34.954+0530] {logging_mixin.py:137} INFO - 258
[2022-12-26T13:25:35.238+0530] {logging_mixin.py:137} INFO - 259
[2022-12-26T13:25:35.505+0530] {logging_mixin.py:137} INFO - 260
[2022-12-26T13:25:35.776+0530] {logging_mixin.py:137} INFO - 261
[2022-12-26T13:25:36.015+0530] {logging_mixin.py:137} INFO - 262
[2022-12-26T13:25:36.247+0530] {logging_mixin.py:137} INFO - 263
[2022-12-26T13:25:36.497+0530] {logging_mixin.py:137} INFO - 264
[2022-12-26T13:25:36.734+0530] {logging_mixin.py:137} INFO - 265
[2022-12-26T13:25:36.990+0530] {logging_mixin.py:137} INFO - 266
[2022-12-26T13:25:37.253+0530] {logging_mixin.py:137} INFO - 267
[2022-12-26T13:25:37.481+0530] {logging_mixin.py:137} INFO - 268
[2022-12-26T13:25:37.868+0530] {logging_mixin.py:137} INFO - 269
[2022-12-26T13:25:38.270+0530] {logging_mixin.py:137} INFO - 270
[2022-12-26T13:25:38.521+0530] {logging_mixin.py:137} INFO - 271
[2022-12-26T13:25:38.789+0530] {logging_mixin.py:137} INFO - 272
[2022-12-26T13:25:39.042+0530] {logging_mixin.py:137} INFO - 273
[2022-12-26T13:25:39.921+0530] {logging_mixin.py:137} INFO - 274
[2022-12-26T13:25:40.187+0530] {logging_mixin.py:137} INFO - 275
[2022-12-26T13:25:40.501+0530] {logging_mixin.py:137} INFO - 276
[2022-12-26T13:25:40.796+0530] {logging_mixin.py:137} INFO - 277
[2022-12-26T13:25:41.036+0530] {logging_mixin.py:137} INFO - 278
[2022-12-26T13:25:41.291+0530] {logging_mixin.py:137} INFO - 279
[2022-12-26T13:25:41.671+0530] {logging_mixin.py:137} INFO - 280
[2022-12-26T13:25:41.955+0530] {logging_mixin.py:137} INFO - 281
[2022-12-26T13:25:42.221+0530] {logging_mixin.py:137} INFO - 282
[2022-12-26T13:25:42.466+0530] {logging_mixin.py:137} INFO - 283
[2022-12-26T13:25:42.726+0530] {logging_mixin.py:137} INFO - 284
[2022-12-26T13:25:42.986+0530] {logging_mixin.py:137} INFO - 285
[2022-12-26T13:25:43.281+0530] {logging_mixin.py:137} INFO - 286
[2022-12-26T13:25:43.583+0530] {logging_mixin.py:137} INFO - 287
[2022-12-26T13:25:43.838+0530] {logging_mixin.py:137} INFO - 288
[2022-12-26T13:25:44.081+0530] {logging_mixin.py:137} INFO - 289
[2022-12-26T13:25:44.654+0530] {logging_mixin.py:137} INFO - 290
[2022-12-26T13:25:44.920+0530] {logging_mixin.py:137} INFO - 291
[2022-12-26T13:25:45.199+0530] {logging_mixin.py:137} INFO - 292
[2022-12-26T13:25:45.484+0530] {logging_mixin.py:137} INFO - 293
[2022-12-26T13:25:45.758+0530] {logging_mixin.py:137} INFO - 294
[2022-12-26T13:25:45.998+0530] {logging_mixin.py:137} INFO - 295
[2022-12-26T13:25:46.228+0530] {logging_mixin.py:137} INFO - 296
[2022-12-26T13:25:46.444+0530] {logging_mixin.py:137} INFO - 297
[2022-12-26T13:25:46.695+0530] {logging_mixin.py:137} INFO - 298
[2022-12-26T13:25:47.006+0530] {logging_mixin.py:137} INFO - 299
[2022-12-26T13:25:47.325+0530] {logging_mixin.py:137} INFO - 300
[2022-12-26T13:25:47.707+0530] {logging_mixin.py:137} INFO - 301
[2022-12-26T13:25:47.946+0530] {logging_mixin.py:137} INFO - 302
[2022-12-26T13:25:48.206+0530] {logging_mixin.py:137} INFO - 303
[2022-12-26T13:25:48.465+0530] {logging_mixin.py:137} INFO - 304
[2022-12-26T13:25:48.756+0530] {logging_mixin.py:137} INFO - 305
[2022-12-26T13:25:49.015+0530] {logging_mixin.py:137} INFO - 306
[2022-12-26T13:25:49.319+0530] {logging_mixin.py:137} INFO - 307
[2022-12-26T13:25:49.559+0530] {logging_mixin.py:137} INFO - 308
[2022-12-26T13:25:49.819+0530] {logging_mixin.py:137} INFO - 309
[2022-12-26T13:25:50.058+0530] {logging_mixin.py:137} INFO - 310
[2022-12-26T13:25:50.630+0530] {logging_mixin.py:137} INFO - 311
[2022-12-26T13:25:50.898+0530] {logging_mixin.py:137} INFO - 312
[2022-12-26T13:25:51.174+0530] {logging_mixin.py:137} INFO - 313
[2022-12-26T13:25:51.403+0530] {logging_mixin.py:137} INFO - 314
[2022-12-26T13:25:51.689+0530] {logging_mixin.py:137} INFO - 315
[2022-12-26T13:25:51.925+0530] {logging_mixin.py:137} INFO - 316
[2022-12-26T13:25:52.239+0530] {logging_mixin.py:137} INFO - 317
[2022-12-26T13:25:52.529+0530] {logging_mixin.py:137} INFO - 318
[2022-12-26T13:25:52.772+0530] {logging_mixin.py:137} INFO - 319
[2022-12-26T13:25:53.056+0530] {logging_mixin.py:137} INFO - 320
[2022-12-26T13:25:53.291+0530] {logging_mixin.py:137} INFO - 321
[2022-12-26T13:25:53.708+0530] {logging_mixin.py:137} INFO - 322
[2022-12-26T13:25:53.960+0530] {logging_mixin.py:137} INFO - 323
[2022-12-26T13:25:54.207+0530] {logging_mixin.py:137} INFO - 324
[2022-12-26T13:25:54.435+0530] {logging_mixin.py:137} INFO - 325
[2022-12-26T13:25:54.668+0530] {logging_mixin.py:137} INFO - 326
[2022-12-26T13:25:54.891+0530] {logging_mixin.py:137} INFO - 327
[2022-12-26T13:25:55.144+0530] {logging_mixin.py:137} INFO - 328
[2022-12-26T13:25:55.443+0530] {logging_mixin.py:137} INFO - 329
[2022-12-26T13:25:55.718+0530] {logging_mixin.py:137} INFO - 330
[2022-12-26T13:25:55.940+0530] {logging_mixin.py:137} INFO - 331
[2022-12-26T13:25:56.164+0530] {logging_mixin.py:137} INFO - 332
[2022-12-26T13:25:56.577+0530] {logging_mixin.py:137} INFO - 333
[2022-12-26T13:25:56.873+0530] {logging_mixin.py:137} INFO - 334
[2022-12-26T13:25:57.173+0530] {logging_mixin.py:137} INFO - 335
[2022-12-26T13:25:57.429+0530] {logging_mixin.py:137} INFO - 336
[2022-12-26T13:25:57.716+0530] {logging_mixin.py:137} INFO - 337
[2022-12-26T13:25:57.945+0530] {logging_mixin.py:137} INFO - 338
[2022-12-26T13:25:58.179+0530] {logging_mixin.py:137} INFO - 339
[2022-12-26T13:25:58.405+0530] {logging_mixin.py:137} INFO - 340
[2022-12-26T13:25:58.623+0530] {logging_mixin.py:137} INFO - 341
[2022-12-26T13:25:58.855+0530] {logging_mixin.py:137} INFO - 342
[2022-12-26T13:25:59.253+0530] {logging_mixin.py:137} INFO - 343
[2022-12-26T13:25:59.479+0530] {logging_mixin.py:137} INFO - 344
[2022-12-26T13:25:59.724+0530] {logging_mixin.py:137} INFO - 345
[2022-12-26T13:25:59.966+0530] {logging_mixin.py:137} INFO - 346
[2022-12-26T13:26:00.356+0530] {logging_mixin.py:137} INFO - 347
[2022-12-26T13:26:00.621+0530] {logging_mixin.py:137} INFO - 348
[2022-12-26T13:26:01.048+0530] {logging_mixin.py:137} INFO - 349
[2022-12-26T13:26:01.287+0530] {logging_mixin.py:137} INFO - 350
[2022-12-26T13:26:01.546+0530] {logging_mixin.py:137} INFO - 351
[2022-12-26T13:26:01.802+0530] {logging_mixin.py:137} INFO - 352
[2022-12-26T13:26:02.159+0530] {logging_mixin.py:137} INFO - 353
[2022-12-26T13:26:02.591+0530] {logging_mixin.py:137} INFO - 354
[2022-12-26T13:26:02.835+0530] {logging_mixin.py:137} INFO - 355
[2022-12-26T13:26:03.105+0530] {logging_mixin.py:137} INFO - 356
[2022-12-26T13:26:03.349+0530] {logging_mixin.py:137} INFO - 357
[2022-12-26T13:26:03.577+0530] {logging_mixin.py:137} INFO - 358
[2022-12-26T13:26:03.876+0530] {logging_mixin.py:137} INFO - 359
[2022-12-26T13:26:04.146+0530] {logging_mixin.py:137} INFO - 360
[2022-12-26T13:26:04.381+0530] {logging_mixin.py:137} INFO - 361
[2022-12-26T13:26:04.609+0530] {logging_mixin.py:137} INFO - 362
[2022-12-26T13:26:05.026+0530] {logging_mixin.py:137} INFO - 363
[2022-12-26T13:26:05.603+0530] {logging_mixin.py:137} INFO - 364
[2022-12-26T13:26:05.849+0530] {logging_mixin.py:137} INFO - 365
[2022-12-26T13:26:06.087+0530] {logging_mixin.py:137} INFO - 366
[2022-12-26T13:26:06.323+0530] {logging_mixin.py:137} INFO - 367
[2022-12-26T13:26:06.596+0530] {logging_mixin.py:137} INFO - 368
[2022-12-26T13:26:06.862+0530] {logging_mixin.py:137} INFO - 369
[2022-12-26T13:26:07.161+0530] {logging_mixin.py:137} INFO - 370
[2022-12-26T13:26:07.411+0530] {logging_mixin.py:137} INFO - 371
[2022-12-26T13:26:07.685+0530] {logging_mixin.py:137} INFO - 372
[2022-12-26T13:26:07.920+0530] {logging_mixin.py:137} INFO - 373
[2022-12-26T13:26:08.184+0530] {logging_mixin.py:137} INFO - 374
[2022-12-26T13:26:08.576+0530] {logging_mixin.py:137} INFO - 375
[2022-12-26T13:26:08.846+0530] {logging_mixin.py:137} INFO - 376
[2022-12-26T13:26:09.094+0530] {logging_mixin.py:137} INFO - 377
[2022-12-26T13:26:09.323+0530] {logging_mixin.py:137} INFO - 378
[2022-12-26T13:26:09.548+0530] {logging_mixin.py:137} INFO - 379
[2022-12-26T13:26:09.786+0530] {logging_mixin.py:137} INFO - 380
[2022-12-26T13:26:11.031+0530] {logging_mixin.py:137} INFO - 381
[2022-12-26T13:26:11.293+0530] {logging_mixin.py:137} INFO - 382
[2022-12-26T13:26:11.525+0530] {logging_mixin.py:137} INFO - 383
[2022-12-26T13:26:11.760+0530] {logging_mixin.py:137} INFO - 384
[2022-12-26T13:26:12.205+0530] {logging_mixin.py:137} INFO - 385
[2022-12-26T13:26:12.484+0530] {logging_mixin.py:137} INFO - 386
[2022-12-26T13:26:12.728+0530] {logging_mixin.py:137} INFO - 387
[2022-12-26T13:26:12.961+0530] {logging_mixin.py:137} INFO - 388
[2022-12-26T13:26:13.320+0530] {logging_mixin.py:137} INFO - 389
[2022-12-26T13:26:13.631+0530] {logging_mixin.py:137} INFO - 390
[2022-12-26T13:26:13.907+0530] {logging_mixin.py:137} INFO - 391
[2022-12-26T13:26:14.152+0530] {logging_mixin.py:137} INFO - 392
[2022-12-26T13:26:14.387+0530] {logging_mixin.py:137} INFO - 393
[2022-12-26T13:26:14.642+0530] {logging_mixin.py:137} INFO - 394
[2022-12-26T13:26:14.915+0530] {logging_mixin.py:137} INFO - 395
[2022-12-26T13:26:15.380+0530] {logging_mixin.py:137} INFO - 396
[2022-12-26T13:26:15.643+0530] {logging_mixin.py:137} INFO - 397
[2022-12-26T13:26:15.888+0530] {logging_mixin.py:137} INFO - 398
[2022-12-26T13:26:16.145+0530] {logging_mixin.py:137} INFO - 399
[2022-12-26T13:26:16.398+0530] {logging_mixin.py:137} INFO - 400
[2022-12-26T13:26:16.659+0530] {logging_mixin.py:137} INFO - 401
[2022-12-26T13:26:16.935+0530] {logging_mixin.py:137} INFO - 402
[2022-12-26T13:26:17.203+0530] {logging_mixin.py:137} INFO - 403
[2022-12-26T13:26:17.506+0530] {logging_mixin.py:137} INFO - 404
[2022-12-26T13:26:17.782+0530] {logging_mixin.py:137} INFO - 405
[2022-12-26T13:26:19.062+0530] {logging_mixin.py:137} INFO - 406
[2022-12-26T13:26:19.500+0530] {logging_mixin.py:137} INFO - 407
[2022-12-26T13:26:19.791+0530] {logging_mixin.py:137} INFO - 408
[2022-12-26T13:26:20.106+0530] {logging_mixin.py:137} INFO - 409
[2022-12-26T13:26:20.388+0530] {logging_mixin.py:137} INFO - 410
[2022-12-26T13:26:20.685+0530] {logging_mixin.py:137} INFO - 411
[2022-12-26T13:26:20.963+0530] {logging_mixin.py:137} INFO - 412
[2022-12-26T13:26:21.240+0530] {logging_mixin.py:137} INFO - 413
[2022-12-26T13:26:21.470+0530] {logging_mixin.py:137} INFO - 414
[2022-12-26T13:26:21.755+0530] {logging_mixin.py:137} INFO - 415
[2022-12-26T13:26:22.019+0530] {logging_mixin.py:137} INFO - 416
[2022-12-26T13:26:22.432+0530] {logging_mixin.py:137} INFO - 417
[2022-12-26T13:26:22.658+0530] {logging_mixin.py:137} INFO - 418
[2022-12-26T13:26:22.882+0530] {logging_mixin.py:137} INFO - 419
[2022-12-26T13:26:23.137+0530] {logging_mixin.py:137} INFO - 420
[2022-12-26T13:26:23.374+0530] {logging_mixin.py:137} INFO - 421
[2022-12-26T13:26:23.614+0530] {logging_mixin.py:137} INFO - 422
[2022-12-26T13:26:23.849+0530] {logging_mixin.py:137} INFO - 423
[2022-12-26T13:26:24.073+0530] {logging_mixin.py:137} INFO - 424
[2022-12-26T13:26:24.357+0530] {logging_mixin.py:137} INFO - 425
[2022-12-26T13:26:24.621+0530] {logging_mixin.py:137} INFO - 426
[2022-12-26T13:26:24.953+0530] {logging_mixin.py:137} INFO - 427
[2022-12-26T13:26:25.471+0530] {logging_mixin.py:137} INFO - 428
[2022-12-26T13:26:25.751+0530] {logging_mixin.py:137} INFO - 429
[2022-12-26T13:26:26.043+0530] {logging_mixin.py:137} INFO - 430
[2022-12-26T13:26:26.299+0530] {logging_mixin.py:137} INFO - 431
[2022-12-26T13:26:26.582+0530] {logging_mixin.py:137} INFO - 432
[2022-12-26T13:26:26.812+0530] {logging_mixin.py:137} INFO - 433
[2022-12-26T13:26:27.109+0530] {logging_mixin.py:137} INFO - 434
[2022-12-26T13:26:27.350+0530] {logging_mixin.py:137} INFO - 435
[2022-12-26T13:26:27.590+0530] {logging_mixin.py:137} INFO - 436
[2022-12-26T13:26:27.853+0530] {logging_mixin.py:137} INFO - 437
[2022-12-26T13:26:28.246+0530] {logging_mixin.py:137} INFO - 438
[2022-12-26T13:26:28.491+0530] {logging_mixin.py:137} INFO - 439
[2022-12-26T13:26:28.738+0530] {logging_mixin.py:137} INFO - 440
[2022-12-26T13:26:29.028+0530] {logging_mixin.py:137} INFO - 441
[2022-12-26T13:26:29.318+0530] {logging_mixin.py:137} INFO - 442
[2022-12-26T13:26:29.561+0530] {logging_mixin.py:137} INFO - 443
[2022-12-26T13:26:29.844+0530] {logging_mixin.py:137} INFO - 444
[2022-12-26T13:26:30.156+0530] {logging_mixin.py:137} INFO - 445
[2022-12-26T13:26:30.499+0530] {logging_mixin.py:137} INFO - 446
[2022-12-26T13:26:30.778+0530] {logging_mixin.py:137} INFO - 447
[2022-12-26T13:26:32.308+0530] {logging_mixin.py:137} INFO - 448
[2022-12-26T13:26:32.642+0530] {logging_mixin.py:137} INFO - 449
[2022-12-26T13:26:32.902+0530] {logging_mixin.py:137} INFO - 450
[2022-12-26T13:26:33.186+0530] {logging_mixin.py:137} INFO - 451
[2022-12-26T13:26:33.462+0530] {logging_mixin.py:137} INFO - 452
[2022-12-26T13:26:33.710+0530] {logging_mixin.py:137} INFO - 453
[2022-12-26T13:26:33.968+0530] {logging_mixin.py:137} INFO - 454
[2022-12-26T13:26:34.255+0530] {logging_mixin.py:137} INFO - 455
[2022-12-26T13:26:34.507+0530] {logging_mixin.py:137} INFO - 456
[2022-12-26T13:26:34.772+0530] {logging_mixin.py:137} INFO - 457
[2022-12-26T13:26:35.214+0530] {logging_mixin.py:137} INFO - 458
[2022-12-26T13:26:35.572+0530] {logging_mixin.py:137} INFO - 459
[2022-12-26T13:26:35.844+0530] {logging_mixin.py:137} INFO - 460
[2022-12-26T13:26:36.116+0530] {logging_mixin.py:137} INFO - 461
[2022-12-26T13:26:36.419+0530] {logging_mixin.py:137} INFO - 462
[2022-12-26T13:26:36.706+0530] {logging_mixin.py:137} INFO - 463
[2022-12-26T13:26:37.990+0530] {logging_mixin.py:137} INFO - 464
[2022-12-26T13:26:38.228+0530] {logging_mixin.py:137} INFO - 465
[2022-12-26T13:26:38.481+0530] {logging_mixin.py:137} INFO - 466
[2022-12-26T13:26:38.755+0530] {logging_mixin.py:137} INFO - 467
[2022-12-26T13:26:39.059+0530] {logging_mixin.py:137} INFO - 468
[2022-12-26T13:26:39.727+0530] {logging_mixin.py:137} INFO - 469
[2022-12-26T13:26:40.070+0530] {logging_mixin.py:137} INFO - 470
[2022-12-26T13:26:40.387+0530] {logging_mixin.py:137} INFO - 471
[2022-12-26T13:26:40.745+0530] {logging_mixin.py:137} INFO - 472
[2022-12-26T13:26:41.031+0530] {logging_mixin.py:137} INFO - 473
[2022-12-26T13:26:41.275+0530] {logging_mixin.py:137} INFO - 474
[2022-12-26T13:26:41.566+0530] {logging_mixin.py:137} INFO - 475
[2022-12-26T13:26:41.875+0530] {logging_mixin.py:137} INFO - 476
[2022-12-26T13:26:42.184+0530] {logging_mixin.py:137} INFO - 477
[2022-12-26T13:26:42.466+0530] {logging_mixin.py:137} INFO - 478
[2022-12-26T13:26:42.755+0530] {logging_mixin.py:137} INFO - 479
[2022-12-26T13:26:43.193+0530] {logging_mixin.py:137} INFO - 480
[2022-12-26T13:26:43.440+0530] {logging_mixin.py:137} INFO - 481
[2022-12-26T13:26:43.725+0530] {logging_mixin.py:137} INFO - 482
[2022-12-26T13:26:44.004+0530] {logging_mixin.py:137} INFO - 483
[2022-12-26T13:26:44.251+0530] {logging_mixin.py:137} INFO - 484
[2022-12-26T13:26:44.542+0530] {logging_mixin.py:137} INFO - 485
[2022-12-26T13:26:44.786+0530] {logging_mixin.py:137} INFO - 486
[2022-12-26T13:26:45.033+0530] {logging_mixin.py:137} INFO - 487
[2022-12-26T13:26:45.328+0530] {logging_mixin.py:137} INFO - 488
[2022-12-26T13:26:45.643+0530] {logging_mixin.py:137} INFO - 489
[2022-12-26T13:26:46.109+0530] {logging_mixin.py:137} INFO - 490
[2022-12-26T13:26:46.391+0530] {logging_mixin.py:137} INFO - 491
[2022-12-26T13:26:46.629+0530] {logging_mixin.py:137} INFO - 492
[2022-12-26T13:26:46.889+0530] {logging_mixin.py:137} INFO - 493
[2022-12-26T13:26:47.180+0530] {logging_mixin.py:137} INFO - 494
[2022-12-26T13:26:47.436+0530] {logging_mixin.py:137} INFO - 495
[2022-12-26T13:26:47.701+0530] {logging_mixin.py:137} INFO - 496
[2022-12-26T13:26:48.014+0530] {logging_mixin.py:137} INFO - 497
[2022-12-26T13:26:48.264+0530] {logging_mixin.py:137} INFO - 498
[2022-12-26T13:26:48.562+0530] {logging_mixin.py:137} INFO - 499
[2022-12-26T13:26:48.830+0530] {logging_mixin.py:137} INFO - 500
[2022-12-26T13:26:49.240+0530] {logging_mixin.py:137} INFO - 501
[2022-12-26T13:26:49.524+0530] {logging_mixin.py:137} INFO - 502
[2022-12-26T13:26:49.803+0530] {logging_mixin.py:137} INFO - 503
[2022-12-26T13:26:50.074+0530] {logging_mixin.py:137} INFO - 504
[2022-12-26T13:26:50.341+0530] {logging_mixin.py:137} INFO - 505
[2022-12-26T13:26:50.638+0530] {logging_mixin.py:137} INFO - 506
[2022-12-26T13:26:50.897+0530] {logging_mixin.py:137} INFO - 507
[2022-12-26T13:26:51.176+0530] {logging_mixin.py:137} INFO - 508
[2022-12-26T13:26:51.464+0530] {logging_mixin.py:137} INFO - 509
[2022-12-26T13:26:51.712+0530] {logging_mixin.py:137} INFO - 510
[2022-12-26T13:26:51.995+0530] {logging_mixin.py:137} INFO - 511
[2022-12-26T13:26:52.455+0530] {logging_mixin.py:137} INFO - 512
[2022-12-26T13:26:52.689+0530] {logging_mixin.py:137} INFO - 513
[2022-12-26T13:26:52.989+0530] {logging_mixin.py:137} INFO - 514
[2022-12-26T13:26:53.243+0530] {logging_mixin.py:137} INFO - 515
[2022-12-26T13:26:53.532+0530] {logging_mixin.py:137} INFO - 516
[2022-12-26T13:26:53.801+0530] {logging_mixin.py:137} INFO - 517
[2022-12-26T13:26:54.100+0530] {logging_mixin.py:137} INFO - 518
[2022-12-26T13:26:54.468+0530] {logging_mixin.py:137} INFO - 519
[2022-12-26T13:26:54.758+0530] {logging_mixin.py:137} INFO - 520
[2022-12-26T13:26:55.044+0530] {logging_mixin.py:137} INFO - 521
[2022-12-26T13:26:55.538+0530] {logging_mixin.py:137} INFO - 522
[2022-12-26T13:26:55.883+0530] {logging_mixin.py:137} INFO - 523
[2022-12-26T13:26:56.221+0530] {logging_mixin.py:137} INFO - 524
[2022-12-26T13:26:56.456+0530] {logging_mixin.py:137} INFO - 525
[2022-12-26T13:26:56.702+0530] {logging_mixin.py:137} INFO - 526
[2022-12-26T13:26:56.969+0530] {logging_mixin.py:137} INFO - 527
[2022-12-26T13:26:57.219+0530] {logging_mixin.py:137} INFO - 528
[2022-12-26T13:26:57.445+0530] {logging_mixin.py:137} INFO - 529
[2022-12-26T13:26:57.719+0530] {logging_mixin.py:137} INFO - 530
[2022-12-26T13:26:57.957+0530] {logging_mixin.py:137} INFO - 531
[2022-12-26T13:26:58.197+0530] {logging_mixin.py:137} INFO - 532
[2022-12-26T13:26:58.574+0530] {logging_mixin.py:137} INFO - 533
[2022-12-26T13:26:58.798+0530] {logging_mixin.py:137} INFO - 534
[2022-12-26T13:26:59.028+0530] {logging_mixin.py:137} INFO - 535
[2022-12-26T13:26:59.263+0530] {logging_mixin.py:137} INFO - 536
[2022-12-26T13:26:59.516+0530] {logging_mixin.py:137} INFO - 537
[2022-12-26T13:26:59.756+0530] {logging_mixin.py:137} INFO - 538
[2022-12-26T13:27:00.007+0530] {logging_mixin.py:137} INFO - 539
[2022-12-26T13:27:00.319+0530] {logging_mixin.py:137} INFO - 540
[2022-12-26T13:27:00.708+0530] {logging_mixin.py:137} INFO - 541
[2022-12-26T13:27:01.040+0530] {logging_mixin.py:137} INFO - 542
[2022-12-26T13:27:01.483+0530] {logging_mixin.py:137} INFO - 543
[2022-12-26T13:27:01.757+0530] {logging_mixin.py:137} INFO - 544
[2022-12-26T13:27:02.032+0530] {logging_mixin.py:137} INFO - 545
[2022-12-26T13:27:02.332+0530] {logging_mixin.py:137} INFO - 546
[2022-12-26T13:27:02.555+0530] {logging_mixin.py:137} INFO - 547
[2022-12-26T13:27:02.809+0530] {logging_mixin.py:137} INFO - 548
[2022-12-26T13:27:03.105+0530] {logging_mixin.py:137} INFO - 549
[2022-12-26T13:27:03.395+0530] {logging_mixin.py:137} INFO - 550
[2022-12-26T13:27:03.771+0530] {logging_mixin.py:137} INFO - 551
[2022-12-26T13:27:04.130+0530] {logging_mixin.py:137} INFO - 552
[2022-12-26T13:27:04.532+0530] {logging_mixin.py:137} INFO - 553
[2022-12-26T13:27:05.017+0530] {logging_mixin.py:137} INFO - 554
[2022-12-26T13:27:05.314+0530] {logging_mixin.py:137} INFO - 555
[2022-12-26T13:27:05.624+0530] {logging_mixin.py:137} INFO - 556
[2022-12-26T13:27:05.905+0530] {logging_mixin.py:137} INFO - 557
[2022-12-26T13:27:06.174+0530] {logging_mixin.py:137} INFO - 558
[2022-12-26T13:27:06.423+0530] {logging_mixin.py:137} INFO - 559
[2022-12-26T13:27:06.701+0530] {logging_mixin.py:137} INFO - 560
[2022-12-26T13:27:07.061+0530] {logging_mixin.py:137} INFO - 561
[2022-12-26T13:27:07.373+0530] {logging_mixin.py:137} INFO - 562
[2022-12-26T13:27:07.657+0530] {logging_mixin.py:137} INFO - 563
[2022-12-26T13:27:08.220+0530] {logging_mixin.py:137} INFO - 564
[2022-12-26T13:27:08.529+0530] {logging_mixin.py:137} INFO - 565
[2022-12-26T13:27:08.799+0530] {logging_mixin.py:137} INFO - 566
[2022-12-26T13:27:09.052+0530] {logging_mixin.py:137} INFO - 567
[2022-12-26T13:27:09.301+0530] {logging_mixin.py:137} INFO - 568
[2022-12-26T13:27:09.527+0530] {logging_mixin.py:137} INFO - 569
[2022-12-26T13:27:09.765+0530] {logging_mixin.py:137} INFO - 570
[2022-12-26T13:27:10.041+0530] {logging_mixin.py:137} INFO - 571
[2022-12-26T13:27:10.344+0530] {logging_mixin.py:137} INFO - 572
[2022-12-26T13:27:10.679+0530] {logging_mixin.py:137} INFO - 573
[2022-12-26T13:27:11.132+0530] {logging_mixin.py:137} INFO - 574
[2022-12-26T13:27:11.517+0530] {logging_mixin.py:137} INFO - 575
[2022-12-26T13:27:11.750+0530] {logging_mixin.py:137} INFO - 576
[2022-12-26T13:27:12.071+0530] {logging_mixin.py:137} INFO - 577
[2022-12-26T13:27:12.344+0530] {logging_mixin.py:137} INFO - 578
[2022-12-26T13:27:12.610+0530] {logging_mixin.py:137} INFO - 579
[2022-12-26T13:27:12.845+0530] {logging_mixin.py:137} INFO - 580
[2022-12-26T13:27:13.121+0530] {logging_mixin.py:137} INFO - 581
[2022-12-26T13:27:13.363+0530] {logging_mixin.py:137} INFO - 582
[2022-12-26T13:27:13.594+0530] {logging_mixin.py:137} INFO - 583
[2022-12-26T13:27:14.000+0530] {logging_mixin.py:137} INFO - 584
[2022-12-26T13:27:14.287+0530] {logging_mixin.py:137} INFO - 585
[2022-12-26T13:27:14.515+0530] {logging_mixin.py:137} INFO - 586
[2022-12-26T13:27:14.759+0530] {logging_mixin.py:137} INFO - 587
[2022-12-26T13:27:15.003+0530] {logging_mixin.py:137} INFO - 588
[2022-12-26T13:27:15.293+0530] {logging_mixin.py:137} INFO - 589
[2022-12-26T13:27:15.617+0530] {logging_mixin.py:137} INFO - 590
[2022-12-26T13:27:15.903+0530] {logging_mixin.py:137} INFO - 591
[2022-12-26T13:27:16.214+0530] {logging_mixin.py:137} INFO - 592
[2022-12-26T13:27:16.548+0530] {logging_mixin.py:137} INFO - 593
[2022-12-26T13:27:17.006+0530] {logging_mixin.py:137} INFO - 594
[2022-12-26T13:27:17.298+0530] {logging_mixin.py:137} INFO - 595
[2022-12-26T13:27:17.549+0530] {logging_mixin.py:137} INFO - 596
[2022-12-26T13:27:17.814+0530] {logging_mixin.py:137} INFO - 597
[2022-12-26T13:27:18.053+0530] {logging_mixin.py:137} INFO - 598
[2022-12-26T13:27:18.313+0530] {logging_mixin.py:137} INFO - 599
[2022-12-26T13:27:18.594+0530] {logging_mixin.py:137} INFO - 600
[2022-12-26T13:27:18.915+0530] {logging_mixin.py:137} INFO - 601
[2022-12-26T13:27:19.347+0530] {logging_mixin.py:137} INFO - 602
[2022-12-26T13:27:19.606+0530] {logging_mixin.py:137} INFO - 603
[2022-12-26T13:27:20.027+0530] {logging_mixin.py:137} INFO - 604
[2022-12-26T13:27:20.343+0530] {logging_mixin.py:137} INFO - 605
[2022-12-26T13:27:20.695+0530] {logging_mixin.py:137} INFO - 606
[2022-12-26T13:27:20.944+0530] {logging_mixin.py:137} INFO - 607
[2022-12-26T13:27:21.265+0530] {logging_mixin.py:137} INFO - 608
[2022-12-26T13:27:21.514+0530] {logging_mixin.py:137} INFO - 609
[2022-12-26T13:27:21.791+0530] {logging_mixin.py:137} INFO - 610
[2022-12-26T13:27:22.110+0530] {logging_mixin.py:137} INFO - 611
[2022-12-26T13:27:22.374+0530] {logging_mixin.py:137} INFO - 612
[2022-12-26T13:27:22.658+0530] {logging_mixin.py:137} INFO - 613
[2022-12-26T13:27:23.068+0530] {logging_mixin.py:137} INFO - 614
[2022-12-26T13:27:23.324+0530] {logging_mixin.py:137} INFO - 615
[2022-12-26T13:27:23.561+0530] {logging_mixin.py:137} INFO - 616
[2022-12-26T13:27:23.812+0530] {logging_mixin.py:137} INFO - 617
[2022-12-26T13:27:24.076+0530] {logging_mixin.py:137} INFO - 618
[2022-12-26T13:27:24.390+0530] {logging_mixin.py:137} INFO - 619
[2022-12-26T13:27:24.670+0530] {logging_mixin.py:137} INFO - 620
[2022-12-26T13:27:24.935+0530] {logging_mixin.py:137} INFO - 621
[2022-12-26T13:27:25.221+0530] {logging_mixin.py:137} INFO - 622
[2022-12-26T13:27:25.716+0530] {logging_mixin.py:137} INFO - 623
[2022-12-26T13:27:25.965+0530] {logging_mixin.py:137} INFO - 624
[2022-12-26T13:27:26.269+0530] {logging_mixin.py:137} INFO - 625
[2022-12-26T13:27:26.597+0530] {logging_mixin.py:137} INFO - 626
[2022-12-26T13:27:26.849+0530] {logging_mixin.py:137} INFO - 627
[2022-12-26T13:27:27.213+0530] {logging_mixin.py:137} INFO - 628
[2022-12-26T13:27:27.469+0530] {logging_mixin.py:137} INFO - 629
[2022-12-26T13:27:27.716+0530] {logging_mixin.py:137} INFO - 630
[2022-12-26T13:27:27.981+0530] {logging_mixin.py:137} INFO - 631
[2022-12-26T13:27:28.213+0530] {logging_mixin.py:137} INFO - 632
[2022-12-26T13:27:28.599+0530] {logging_mixin.py:137} INFO - 633
[2022-12-26T13:27:28.864+0530] {logging_mixin.py:137} INFO - 634
[2022-12-26T13:27:29.161+0530] {logging_mixin.py:137} INFO - 635
[2022-12-26T13:27:29.398+0530] {logging_mixin.py:137} INFO - 636
[2022-12-26T13:27:29.649+0530] {logging_mixin.py:137} INFO - 637
[2022-12-26T13:27:29.894+0530] {logging_mixin.py:137} INFO - 638
[2022-12-26T13:27:30.178+0530] {logging_mixin.py:137} INFO - 639
[2022-12-26T13:27:30.489+0530] {logging_mixin.py:137} INFO - 640
[2022-12-26T13:27:30.917+0530] {logging_mixin.py:137} INFO - 641
[2022-12-26T13:27:31.336+0530] {logging_mixin.py:137} INFO - 642
[2022-12-26T13:27:31.584+0530] {logging_mixin.py:137} INFO - 643
[2022-12-26T13:27:31.813+0530] {logging_mixin.py:137} INFO - 644
[2022-12-26T13:27:32.131+0530] {logging_mixin.py:137} INFO - 645
[2022-12-26T13:27:32.382+0530] {logging_mixin.py:137} INFO - 646
[2022-12-26T13:27:32.649+0530] {logging_mixin.py:137} INFO - 647
[2022-12-26T13:27:32.934+0530] {logging_mixin.py:137} INFO - 648
[2022-12-26T13:27:33.198+0530] {logging_mixin.py:137} INFO - 649
[2022-12-26T13:27:33.451+0530] {logging_mixin.py:137} INFO - 650
[2022-12-26T13:27:33.738+0530] {logging_mixin.py:137} INFO - 651
[2022-12-26T13:27:34.186+0530] {logging_mixin.py:137} INFO - 652
[2022-12-26T13:27:34.422+0530] {logging_mixin.py:137} INFO - 653
[2022-12-26T13:27:34.719+0530] {logging_mixin.py:137} INFO - 654
[2022-12-26T13:27:35.001+0530] {logging_mixin.py:137} INFO - 655
[2022-12-26T13:27:35.283+0530] {logging_mixin.py:137} INFO - 656
[2022-12-26T13:27:35.567+0530] {logging_mixin.py:137} INFO - 657
[2022-12-26T13:27:35.822+0530] {logging_mixin.py:137} INFO - 658
[2022-12-26T13:27:36.096+0530] {logging_mixin.py:137} INFO - 659
[2022-12-26T13:27:36.364+0530] {logging_mixin.py:137} INFO - 660
[2022-12-26T13:27:36.800+0530] {logging_mixin.py:137} INFO - 661
[2022-12-26T13:27:37.178+0530] {logging_mixin.py:137} INFO - 662
[2022-12-26T13:27:37.496+0530] {logging_mixin.py:137} INFO - 663
[2022-12-26T13:27:37.814+0530] {logging_mixin.py:137} INFO - 664
[2022-12-26T13:27:38.090+0530] {logging_mixin.py:137} INFO - 665
[2022-12-26T13:27:38.369+0530] {logging_mixin.py:137} INFO - 666
[2022-12-26T13:27:38.629+0530] {logging_mixin.py:137} INFO - 667
[2022-12-26T13:27:38.917+0530] {logging_mixin.py:137} INFO - 668
[2022-12-26T13:27:39.200+0530] {logging_mixin.py:137} INFO - 669
[2022-12-26T13:27:39.634+0530] {logging_mixin.py:137} INFO - 670
[2022-12-26T13:27:39.924+0530] {logging_mixin.py:137} INFO - 671
[2022-12-26T13:27:40.238+0530] {logging_mixin.py:137} INFO - 672
[2022-12-26T13:27:40.618+0530] {logging_mixin.py:137} INFO - 673
[2022-12-26T13:27:41.007+0530] {logging_mixin.py:137} INFO - 674
[2022-12-26T13:27:41.516+0530] {logging_mixin.py:137} INFO - 675
[2022-12-26T13:27:41.954+0530] {logging_mixin.py:137} INFO - 676
[2022-12-26T13:27:42.525+0530] {logging_mixin.py:137} INFO - 677
[2022-12-26T13:27:42.961+0530] {logging_mixin.py:137} INFO - 678
[2022-12-26T13:27:43.614+0530] {logging_mixin.py:137} INFO - 679
[2022-12-26T13:27:43.900+0530] {logging_mixin.py:137} INFO - 680
[2022-12-26T13:27:44.262+0530] {logging_mixin.py:137} INFO - 681
[2022-12-26T13:27:44.525+0530] {logging_mixin.py:137} INFO - 682
[2022-12-26T13:27:44.991+0530] {logging_mixin.py:137} INFO - 683
[2022-12-26T13:27:45.279+0530] {logging_mixin.py:137} INFO - 684
[2022-12-26T13:27:45.616+0530] {logging_mixin.py:137} INFO - 685
[2022-12-26T13:27:45.932+0530] {logging_mixin.py:137} INFO - 686
[2022-12-26T13:27:47.308+0530] {logging_mixin.py:137} INFO - 687
[2022-12-26T13:27:47.775+0530] {logging_mixin.py:137} INFO - 688
[2022-12-26T13:27:48.078+0530] {logging_mixin.py:137} INFO - 689
[2022-12-26T13:27:48.410+0530] {logging_mixin.py:137} INFO - 690
[2022-12-26T13:27:48.719+0530] {logging_mixin.py:137} INFO - 691
[2022-12-26T13:27:49.071+0530] {logging_mixin.py:137} INFO - 692
[2022-12-26T13:27:49.402+0530] {logging_mixin.py:137} INFO - 693
[2022-12-26T13:27:49.754+0530] {logging_mixin.py:137} INFO - 694
[2022-12-26T13:27:50.058+0530] {logging_mixin.py:137} INFO - 695
[2022-12-26T13:27:50.426+0530] {logging_mixin.py:137} INFO - 696
[2022-12-26T13:27:51.010+0530] {logging_mixin.py:137} INFO - 697
[2022-12-26T13:27:51.320+0530] {logging_mixin.py:137} INFO - 698
[2022-12-26T13:27:51.630+0530] {logging_mixin.py:137} INFO - 699
[2022-12-26T13:27:51.954+0530] {logging_mixin.py:137} INFO - 700
[2022-12-26T13:27:52.333+0530] {logging_mixin.py:137} INFO - 701
[2022-12-26T13:27:52.780+0530] {logging_mixin.py:137} INFO - 702
[2022-12-26T13:27:53.152+0530] {logging_mixin.py:137} INFO - 703
[2022-12-26T13:27:53.455+0530] {logging_mixin.py:137} INFO - 704
[2022-12-26T13:27:53.765+0530] {logging_mixin.py:137} INFO - 705
[2022-12-26T13:27:54.244+0530] {logging_mixin.py:137} INFO - 706
[2022-12-26T13:27:54.539+0530] {logging_mixin.py:137} INFO - 707
[2022-12-26T13:27:54.862+0530] {logging_mixin.py:137} INFO - 708
[2022-12-26T13:27:55.206+0530] {logging_mixin.py:137} INFO - 709
[2022-12-26T13:27:55.550+0530] {logging_mixin.py:137} INFO - 710
[2022-12-26T13:27:55.845+0530] {logging_mixin.py:137} INFO - 711
[2022-12-26T13:27:56.111+0530] {logging_mixin.py:137} INFO - 712
[2022-12-26T13:27:56.465+0530] {logging_mixin.py:137} INFO - 713
[2022-12-26T13:27:56.909+0530] {logging_mixin.py:137} INFO - 714
[2022-12-26T13:27:57.252+0530] {logging_mixin.py:137} INFO - 715
[2022-12-26T13:27:57.523+0530] {logging_mixin.py:137} INFO - 716
[2022-12-26T13:27:57.848+0530] {logging_mixin.py:137} INFO - 717
[2022-12-26T13:27:58.121+0530] {logging_mixin.py:137} INFO - 718
[2022-12-26T13:27:58.423+0530] {logging_mixin.py:137} INFO - 719
[2022-12-26T13:27:58.702+0530] {logging_mixin.py:137} INFO - 720
[2022-12-26T13:27:58.998+0530] {logging_mixin.py:137} INFO - 721
[2022-12-26T13:27:59.363+0530] {logging_mixin.py:137} INFO - 722
[2022-12-26T13:27:59.806+0530] {logging_mixin.py:137} INFO - 723
[2022-12-26T13:28:00.140+0530] {logging_mixin.py:137} INFO - 724
[2022-12-26T13:28:00.529+0530] {logging_mixin.py:137} INFO - 725
[2022-12-26T13:28:00.862+0530] {logging_mixin.py:137} INFO - 726
[2022-12-26T13:28:01.122+0530] {logging_mixin.py:137} INFO - 727
[2022-12-26T13:28:01.410+0530] {logging_mixin.py:137} INFO - 728
[2022-12-26T13:28:01.700+0530] {logging_mixin.py:137} INFO - 729
[2022-12-26T13:28:02.015+0530] {logging_mixin.py:137} INFO - 730
[2022-12-26T13:28:02.319+0530] {logging_mixin.py:137} INFO - 731
[2022-12-26T13:28:02.765+0530] {logging_mixin.py:137} INFO - 732
[2022-12-26T13:28:03.101+0530] {logging_mixin.py:137} INFO - 733
[2022-12-26T13:28:03.367+0530] {logging_mixin.py:137} INFO - 734
[2022-12-26T13:28:03.629+0530] {logging_mixin.py:137} INFO - 735
[2022-12-26T13:28:03.913+0530] {logging_mixin.py:137} INFO - 736
[2022-12-26T13:28:04.198+0530] {logging_mixin.py:137} INFO - 737
[2022-12-26T13:28:04.461+0530] {logging_mixin.py:137} INFO - 738
[2022-12-26T13:28:04.744+0530] {logging_mixin.py:137} INFO - 739
[2022-12-26T13:28:05.028+0530] {logging_mixin.py:137} INFO - 740
[2022-12-26T13:28:05.626+0530] {logging_mixin.py:137} INFO - 741
[2022-12-26T13:28:06.449+0530] {logging_mixin.py:137} INFO - 742
[2022-12-26T13:28:07.083+0530] {logging_mixin.py:137} INFO - 743
[2022-12-26T13:28:07.944+0530] {logging_mixin.py:137} INFO - 744
[2022-12-26T13:28:08.228+0530] {logging_mixin.py:137} INFO - 745
[2022-12-26T13:28:08.547+0530] {logging_mixin.py:137} INFO - 746
[2022-12-26T13:28:08.839+0530] {logging_mixin.py:137} INFO - 747
[2022-12-26T13:28:09.171+0530] {logging_mixin.py:137} INFO - 748
[2022-12-26T13:28:09.453+0530] {logging_mixin.py:137} INFO - 749
[2022-12-26T13:28:09.936+0530] {logging_mixin.py:137} INFO - 750
[2022-12-26T13:28:10.226+0530] {logging_mixin.py:137} INFO - 751
[2022-12-26T13:28:10.646+0530] {logging_mixin.py:137} INFO - 752
[2022-12-26T13:28:11.157+0530] {logging_mixin.py:137} INFO - 753
[2022-12-26T13:28:11.489+0530] {logging_mixin.py:137} INFO - 754
[2022-12-26T13:28:11.827+0530] {logging_mixin.py:137} INFO - 755
[2022-12-26T13:28:12.305+0530] {logging_mixin.py:137} INFO - 756
[2022-12-26T13:28:12.810+0530] {logging_mixin.py:137} INFO - 757
[2022-12-26T13:28:13.215+0530] {logging_mixin.py:137} INFO - 758
[2022-12-26T13:28:13.798+0530] {logging_mixin.py:137} INFO - 759
[2022-12-26T13:28:14.082+0530] {logging_mixin.py:137} INFO - 760
[2022-12-26T13:28:15.073+0530] {logging_mixin.py:137} INFO - 761
[2022-12-26T13:28:15.474+0530] {logging_mixin.py:137} INFO - 762
[2022-12-26T13:28:15.814+0530] {logging_mixin.py:137} INFO - 763
[2022-12-26T13:28:16.154+0530] {logging_mixin.py:137} INFO - 764
[2022-12-26T13:28:16.503+0530] {logging_mixin.py:137} INFO - 765
[2022-12-26T13:28:17.603+0530] {logging_mixin.py:137} INFO - 766
[2022-12-26T13:28:18.688+0530] {logging_mixin.py:137} INFO - 767
[2022-12-26T13:28:19.068+0530] {logging_mixin.py:137} INFO - 768
[2022-12-26T13:28:20.289+0530] {logging_mixin.py:137} INFO - 769
[2022-12-26T13:28:21.291+0530] {logging_mixin.py:137} INFO - 770
[2022-12-26T13:28:21.646+0530] {logging_mixin.py:137} INFO - 771
[2022-12-26T13:28:23.175+0530] {logging_mixin.py:137} INFO - 772
[2022-12-26T13:28:24.452+0530] {logging_mixin.py:137} INFO - 773
[2022-12-26T13:28:24.894+0530] {logging_mixin.py:137} INFO - 774
[2022-12-26T13:28:26.866+0530] {logging_mixin.py:137} INFO - 775
[2022-12-26T13:28:27.157+0530] {logging_mixin.py:137} INFO - 776
[2022-12-26T13:28:27.707+0530] {logging_mixin.py:137} INFO - 777
[2022-12-26T13:28:28.022+0530] {logging_mixin.py:137} INFO - 778
[2022-12-26T13:29:43.134+0530] {logging_mixin.py:137} INFO - 779
[2022-12-26T13:30:00.036+0530] {logging_mixin.py:137} INFO - 780
[2022-12-26T13:30:06.667+0530] {logging_mixin.py:137} INFO - 781
[2022-12-26T13:30:08.792+0530] {logging_mixin.py:137} INFO - 782
[2022-12-26T13:30:11.048+0530] {logging_mixin.py:137} INFO - 783
[2022-12-26T13:30:48.131+0530] {logging_mixin.py:137} INFO - 784
[2022-12-26T13:31:06.690+0530] {logging_mixin.py:137} INFO - 785
[2022-12-26T13:31:28.840+0530] {logging_mixin.py:137} INFO - 786
[2022-12-26T13:31:56.797+0530] {logging_mixin.py:137} INFO - 787
[2022-12-26T13:32:16.364+0530] {logging_mixin.py:137} INFO - 788
[2022-12-26T13:32:34.339+0530] {logging_mixin.py:137} INFO - 789
[2022-12-26T13:33:12.699+0530] {taskinstance.py:1772} ERROR - Task failed with exception
Traceback (most recent call last):
  File "/usr/local/lib/python3.8/dist-packages/airflow/operators/python.py", line 175, in execute
    return_value = self.execute_callable()
  File "/usr/local/lib/python3.8/dist-packages/airflow/operators/python.py", line 192, in execute_callable
    return self.python_callable(*self.op_args, **self.op_kwargs)
  File "/root/airflow/dags/Money_Market.py", line 175, in extract_mm
    RBI_MM_date,RBI_MM = scrape_RBI_MM(i)
TypeError: cannot unpack non-iterable int object
[2022-12-26T13:33:12.712+0530] {taskinstance.py:1322} INFO - Marking task as UP_FOR_RETRY. dag_id=Money__Market, task_id=extract_data, execution_date=20221226T073524, start_date=20221226T075423, end_date=20221226T080312
[2022-12-26T13:33:12.739+0530] {standard_task_runner.py:100} ERROR - Failed to execute job 876 for task extract_data (cannot unpack non-iterable int object; 30475)
[2022-12-26T13:33:12.790+0530] {local_task_job.py:159} INFO - Task exited with return code 1
[2022-12-26T13:33:12.957+0530] {taskinstance.py:2582} INFO - 0 downstream tasks scheduled from follow-on schedule check
