[2023-03-17T14:40:36.344+0530] {taskinstance.py:1087} INFO - Dependencies all met for <TaskInstance: Monthly.extract scheduled__2023-03-04T00:00:00+00:00 [queued]>
[2023-03-17T14:40:36.368+0530] {taskinstance.py:1087} INFO - Dependencies all met for <TaskInstance: Monthly.extract scheduled__2023-03-04T00:00:00+00:00 [queued]>
[2023-03-17T14:40:36.371+0530] {taskinstance.py:1283} INFO - 
--------------------------------------------------------------------------------
[2023-03-17T14:40:36.371+0530] {taskinstance.py:1284} INFO - Starting attempt 1 of 4
[2023-03-17T14:40:36.371+0530] {taskinstance.py:1285} INFO - 
--------------------------------------------------------------------------------
[2023-03-17T14:40:36.410+0530] {taskinstance.py:1304} INFO - Executing <Task(PythonOperator): extract> on 2023-03-04 00:00:00+00:00
[2023-03-17T14:40:36.426+0530] {standard_task_runner.py:55} INFO - Started process 1767 to run task
[2023-03-17T14:40:36.432+0530] {standard_task_runner.py:82} INFO - Running: ['airflow', 'tasks', 'run', 'Monthly', 'extract', 'scheduled__2023-03-04T00:00:00+00:00', '--job-id', '4956', '--raw', '--subdir', 'DAGS_FOLDER/Monthly.py', '--cfg-path', '/tmp/tmpjprlbh5h']
[2023-03-17T14:40:36.434+0530] {standard_task_runner.py:83} INFO - Job 4956: Subtask extract
[2023-03-17T14:40:36.643+0530] {task_command.py:389} INFO - Running <TaskInstance: Monthly.extract scheduled__2023-03-04T00:00:00+00:00 [running]> on host DESKTOP-SQIOQPD.
[2023-03-17T14:40:36.960+0530] {taskinstance.py:1511} INFO - Exporting the following env vars:
AIRFLOW_CTX_DAG_EMAIL=nikheleshbhattacharyya@gmail.com
AIRFLOW_CTX_DAG_OWNER=airflow
AIRFLOW_CTX_DAG_ID=Monthly
AIRFLOW_CTX_TASK_ID=extract
AIRFLOW_CTX_EXECUTION_DATE=2023-03-04T00:00:00+00:00
AIRFLOW_CTX_TRY_NUMBER=1
AIRFLOW_CTX_DAG_RUN_ID=scheduled__2023-03-04T00:00:00+00:00
[2023-03-17T14:40:39.851+0530] {logging_mixin.py:137} INFO - document.getElementById('20201').click()
[2023-03-17T14:40:39.867+0530] {logging_mixin.py:137} INFO - document.getElementById('20202').click()
[2023-03-17T14:40:39.882+0530] {logging_mixin.py:137} INFO - document.getElementById('20203').click()
[2023-03-17T14:40:39.893+0530] {logging_mixin.py:137} INFO - document.getElementById('20204').click()
[2023-03-17T14:40:39.905+0530] {logging_mixin.py:137} INFO - document.getElementById('20205').click()
[2023-03-17T14:40:39.918+0530] {logging_mixin.py:137} INFO - document.getElementById('20206').click()
[2023-03-17T14:40:39.929+0530] {logging_mixin.py:137} INFO - document.getElementById('20207').click()
[2023-03-17T14:40:39.941+0530] {logging_mixin.py:137} INFO - document.getElementById('20208').click()
[2023-03-17T14:40:39.953+0530] {logging_mixin.py:137} INFO - document.getElementById('20209').click()
[2023-03-17T14:40:39.965+0530] {logging_mixin.py:137} INFO - document.getElementById('202010').click()
[2023-03-17T14:40:39.977+0530] {logging_mixin.py:137} INFO - document.getElementById('202011').click()
[2023-03-17T14:40:39.988+0530] {logging_mixin.py:137} INFO - document.getElementById('202012').click()
[2023-03-17T14:40:40.000+0530] {logging_mixin.py:137} INFO - document.getElementById('20211').click()
[2023-03-17T14:40:40.012+0530] {logging_mixin.py:137} INFO - document.getElementById('20212').click()
[2023-03-17T14:40:40.023+0530] {logging_mixin.py:137} INFO - document.getElementById('20213').click()
[2023-03-17T14:40:40.039+0530] {logging_mixin.py:137} INFO - document.getElementById('20214').click()
[2023-03-17T14:40:40.051+0530] {logging_mixin.py:137} INFO - document.getElementById('20215').click()
[2023-03-17T14:40:40.062+0530] {logging_mixin.py:137} INFO - document.getElementById('20216').click()
[2023-03-17T14:40:40.074+0530] {logging_mixin.py:137} INFO - document.getElementById('20217').click()
[2023-03-17T14:40:40.085+0530] {logging_mixin.py:137} INFO - document.getElementById('20218').click()
[2023-03-17T14:40:40.098+0530] {logging_mixin.py:137} INFO - document.getElementById('20219').click()
[2023-03-17T14:40:40.112+0530] {logging_mixin.py:137} INFO - document.getElementById('202110').click()
[2023-03-17T14:40:40.124+0530] {logging_mixin.py:137} INFO - document.getElementById('202111').click()
[2023-03-17T14:40:40.136+0530] {logging_mixin.py:137} INFO - document.getElementById('202112').click()
[2023-03-17T14:40:40.149+0530] {logging_mixin.py:137} INFO - document.getElementById('20221').click()
[2023-03-17T14:40:40.164+0530] {logging_mixin.py:137} INFO - document.getElementById('20222').click()
[2023-03-17T14:40:40.177+0530] {logging_mixin.py:137} INFO - document.getElementById('20223').click()
[2023-03-17T14:40:40.191+0530] {logging_mixin.py:137} INFO - document.getElementById('20224').click()
[2023-03-17T14:40:40.205+0530] {logging_mixin.py:137} INFO - document.getElementById('20225').click()
[2023-03-17T14:40:40.223+0530] {logging_mixin.py:137} INFO - document.getElementById('20226').click()
[2023-03-17T14:40:40.236+0530] {logging_mixin.py:137} INFO - document.getElementById('20227').click()
[2023-03-17T14:40:40.249+0530] {logging_mixin.py:137} INFO - document.getElementById('20228').click()
[2023-03-17T14:40:40.260+0530] {logging_mixin.py:137} INFO - document.getElementById('20229').click()
[2023-03-17T14:40:40.272+0530] {logging_mixin.py:137} INFO - document.getElementById('202210').click()
[2023-03-17T14:40:40.284+0530] {logging_mixin.py:137} INFO - document.getElementById('202211').click()
[2023-03-17T14:40:40.295+0530] {logging_mixin.py:137} INFO - document.getElementById('202212').click()
[2023-03-17T14:40:40.306+0530] {logging_mixin.py:137} INFO - document.getElementById('20231').click()
[2023-03-17T14:40:40.318+0530] {logging_mixin.py:137} INFO - document.getElementById('20232').click()
[2023-03-17T14:40:40.329+0530] {logging_mixin.py:137} INFO - document.getElementById('20233').click()
[2023-03-17T14:40:40.341+0530] {logging_mixin.py:137} INFO - document.getElementById('20234').click()
[2023-03-17T14:40:40.353+0530] {logging_mixin.py:137} INFO - document.getElementById('20235').click()
[2023-03-17T14:40:40.365+0530] {logging_mixin.py:137} INFO - document.getElementById('20236').click()
[2023-03-17T14:40:40.376+0530] {logging_mixin.py:137} INFO - document.getElementById('20237').click()
[2023-03-17T14:40:40.387+0530] {logging_mixin.py:137} INFO - document.getElementById('20238').click()
[2023-03-17T14:40:40.398+0530] {logging_mixin.py:137} INFO - document.getElementById('20239').click()
[2023-03-17T14:40:40.409+0530] {logging_mixin.py:137} INFO - document.getElementById('202310').click()
[2023-03-17T14:40:40.420+0530] {logging_mixin.py:137} INFO - document.getElementById('202311').click()
[2023-03-17T14:40:40.433+0530] {logging_mixin.py:137} INFO - document.getElementById('202312').click()
[2023-03-17T14:40:40.505+0530] {python.py:177} INFO - Done. Returned value was: ([], [], [], [], [], [], [])
[2023-03-17T14:40:40.534+0530] {taskinstance.py:1322} INFO - Marking task as SUCCESS. dag_id=Monthly, task_id=extract, execution_date=20230304T000000, start_date=20230317T091036, end_date=20230317T091040
[2023-03-17T14:40:40.583+0530] {local_task_job.py:159} INFO - Task exited with return code 0
[2023-03-17T14:40:40.609+0530] {taskinstance.py:2582} INFO - 1 downstream tasks scheduled from follow-on schedule check
