[2023-03-17T01:29:10.725+0530] {taskinstance.py:1087} INFO - Dependencies all met for <TaskInstance: Monthly.load scheduled__2023-02-24T00:00:00+00:00 [queued]>
[2023-03-17T01:29:10.735+0530] {taskinstance.py:1087} INFO - Dependencies all met for <TaskInstance: Monthly.load scheduled__2023-02-24T00:00:00+00:00 [queued]>
[2023-03-17T01:29:10.735+0530] {taskinstance.py:1283} INFO - 
--------------------------------------------------------------------------------
[2023-03-17T01:29:10.735+0530] {taskinstance.py:1284} INFO - Starting attempt 1 of 4
[2023-03-17T01:29:10.735+0530] {taskinstance.py:1285} INFO - 
--------------------------------------------------------------------------------
[2023-03-17T01:29:10.753+0530] {taskinstance.py:1304} INFO - Executing <Task(PythonOperator): load> on 2023-02-24 00:00:00+00:00
[2023-03-17T01:29:10.763+0530] {standard_task_runner.py:55} INFO - Started process 1248 to run task
[2023-03-17T01:29:10.778+0530] {standard_task_runner.py:82} INFO - Running: ['airflow', 'tasks', 'run', 'Monthly', 'load', 'scheduled__2023-02-24T00:00:00+00:00', '--job-id', '4778', '--raw', '--subdir', 'DAGS_FOLDER/Monthly.py', '--cfg-path', '/tmp/tmpclfpitb7']
[2023-03-17T01:29:10.783+0530] {standard_task_runner.py:83} INFO - Job 4778: Subtask load
[2023-03-17T01:29:10.919+0530] {task_command.py:389} INFO - Running <TaskInstance: Monthly.load scheduled__2023-02-24T00:00:00+00:00 [running]> on host DESKTOP-SQIOQPD.
[2023-03-17T01:29:11.096+0530] {taskinstance.py:1511} INFO - Exporting the following env vars:
AIRFLOW_CTX_DAG_EMAIL=nikheleshbhattacharyya@gmail.com
AIRFLOW_CTX_DAG_OWNER=airflow
AIRFLOW_CTX_DAG_ID=Monthly
AIRFLOW_CTX_TASK_ID=load
AIRFLOW_CTX_EXECUTION_DATE=2023-02-24T00:00:00+00:00
AIRFLOW_CTX_TRY_NUMBER=1
AIRFLOW_CTX_DAG_RUN_ID=scheduled__2023-02-24T00:00:00+00:00
[2023-03-17T01:29:32.558+0530] {python.py:177} INFO - Done. Returned value was: None
[2023-03-17T01:29:32.564+0530] {taskinstance.py:1322} INFO - Marking task as SUCCESS. dag_id=Monthly, task_id=load, execution_date=20230224T000000, start_date=20230316T195910, end_date=20230316T195932
[2023-03-17T01:29:32.619+0530] {local_task_job.py:159} INFO - Task exited with return code 0
[2023-03-17T01:29:32.644+0530] {taskinstance.py:2582} INFO - 1 downstream tasks scheduled from follow-on schedule check
