[2023-01-07T11:07:50.383+0530] {taskinstance.py:1087} INFO - Dependencies all met for <TaskInstance: FX__Turnover.extract scheduled__2023-01-06T00:00:00+00:00 [queued]>
[2023-01-07T11:07:50.398+0530] {taskinstance.py:1087} INFO - Dependencies all met for <TaskInstance: FX__Turnover.extract scheduled__2023-01-06T00:00:00+00:00 [queued]>
[2023-01-07T11:07:50.399+0530] {taskinstance.py:1283} INFO - 
--------------------------------------------------------------------------------
[2023-01-07T11:07:50.399+0530] {taskinstance.py:1284} INFO - Starting attempt 1 of 4
[2023-01-07T11:07:50.399+0530] {taskinstance.py:1285} INFO - 
--------------------------------------------------------------------------------
[2023-01-07T11:07:50.427+0530] {taskinstance.py:1304} INFO - Executing <Task(PythonOperator): extract> on 2023-01-06 00:00:00+00:00
[2023-01-07T11:07:50.447+0530] {standard_task_runner.py:55} INFO - Started process 4590 to run task
[2023-01-07T11:07:50.451+0530] {standard_task_runner.py:82} INFO - Running: ['airflow', 'tasks', 'run', 'FX__Turnover', 'extract', 'scheduled__2023-01-06T00:00:00+00:00', '--job-id', '2931', '--raw', '--subdir', 'DAGS_FOLDER/FX_turnover.py', '--cfg-path', '/tmp/tmpoypzw6dl']
[2023-01-07T11:07:50.452+0530] {standard_task_runner.py:83} INFO - Job 2931: Subtask extract
[2023-01-07T11:07:50.536+0530] {task_command.py:389} INFO - Running <TaskInstance: FX__Turnover.extract scheduled__2023-01-06T00:00:00+00:00 [running]> on host DESKTOP-SQIOQPD.
[2023-01-07T11:07:50.650+0530] {taskinstance.py:1511} INFO - Exporting the following env vars:
AIRFLOW_CTX_DAG_EMAIL=nikheleshbhattacharyya@gmail.com
AIRFLOW_CTX_DAG_OWNER=airflow
AIRFLOW_CTX_DAG_ID=FX__Turnover
AIRFLOW_CTX_TASK_ID=extract
AIRFLOW_CTX_EXECUTION_DATE=2023-01-06T00:00:00+00:00
AIRFLOW_CTX_TRY_NUMBER=1
AIRFLOW_CTX_DAG_RUN_ID=scheduled__2023-01-06T00:00:00+00:00
[2023-01-07T11:08:01.916+0530] {taskinstance.py:1772} ERROR - Task failed with exception
Traceback (most recent call last):
  File "/usr/local/lib/python3.8/dist-packages/airflow/operators/python.py", line 175, in execute
    return_value = self.execute_callable()
  File "/usr/local/lib/python3.8/dist-packages/airflow/operators/python.py", line 192, in execute_callable
    return self.python_callable(*self.op_args, **self.op_kwargs)
  File "/root/airflow/dags/FX_turnover.py", line 139, in extract_fxturn
    driver.get(url)
  File "/usr/local/lib/python3.8/dist-packages/selenium/webdriver/remote/webdriver.py", line 455, in get
    self.execute(Command.GET, {"url": url})
  File "/usr/local/lib/python3.8/dist-packages/selenium/webdriver/remote/webdriver.py", line 444, in execute
    self.error_handler.check_response(response)
  File "/usr/local/lib/python3.8/dist-packages/selenium/webdriver/remote/errorhandler.py", line 249, in check_response
    raise exception_class(message, screen, stacktrace)
selenium.common.exceptions.WebDriverException: Message: unknown error: net::ERR_NAME_NOT_RESOLVED
  (Session info: headless chrome=108.0.5359.124)
Stacktrace:
#0 0x558a46df32a3 <unknown>
#1 0x558a46bb1f77 <unknown>
#2 0x558a46ba9e35 <unknown>
#3 0x558a46b9cf27 <unknown>
#4 0x558a46b9e2d9 <unknown>
#5 0x558a46b9d29e <unknown>
#6 0x558a46b9c3d2 <unknown>
#7 0x558a46b9c225 <unknown>
#8 0x558a46b9adc6 <unknown>
#9 0x558a46b9b244 <unknown>
#10 0x558a46bb3e88 <unknown>
#11 0x558a46c26b05 <unknown>
#12 0x558a46c0eb32 <unknown>
#13 0x558a46c2647c <unknown>
#14 0x558a46c0e903 <unknown>
#15 0x558a46be1ece <unknown>
#16 0x558a46be2fde <unknown>
#17 0x558a46e4363e <unknown>
#18 0x558a46e46b79 <unknown>
#19 0x558a46e2989e <unknown>
#20 0x558a46e47a83 <unknown>
#21 0x558a46e1c505 <unknown>
#22 0x558a46e68ca8 <unknown>
#23 0x558a46e68e36 <unknown>
#24 0x558a46e84333 <unknown>
#25 0x7f8d9d063609 start_thread

[2023-01-07T11:08:01.935+0530] {taskinstance.py:1322} INFO - Marking task as UP_FOR_RETRY. dag_id=FX__Turnover, task_id=extract, execution_date=20230106T000000, start_date=20230107T053750, end_date=20230107T053801
[2023-01-07T11:08:01.969+0530] {standard_task_runner.py:100} ERROR - Failed to execute job 2931 for task extract (Message: unknown error: net::ERR_NAME_NOT_RESOLVED
  (Session info: headless chrome=108.0.5359.124)
Stacktrace:
#0 0x558a46df32a3 <unknown>
#1 0x558a46bb1f77 <unknown>
#2 0x558a46ba9e35 <unknown>
#3 0x558a46b9cf27 <unknown>
#4 0x558a46b9e2d9 <unknown>
#5 0x558a46b9d29e <unknown>
#6 0x558a46b9c3d2 <unknown>
#7 0x558a46b9c225 <unknown>
#8 0x558a46b9adc6 <unknown>
#9 0x558a46b9b244 <unknown>
#10 0x558a46bb3e88 <unknown>
#11 0x558a46c26b05 <unknown>
#12 0x558a46c0eb32 <unknown>
#13 0x558a46c2647c <unknown>
#14 0x558a46c0e903 <unknown>
#15 0x558a46be1ece <unknown>
#16 0x558a46be2fde <unknown>
#17 0x558a46e4363e <unknown>
#18 0x558a46e46b79 <unknown>
#19 0x558a46e2989e <unknown>
#20 0x558a46e47a83 <unknown>
#21 0x558a46e1c505 <unknown>
#22 0x558a46e68ca8 <unknown>
#23 0x558a46e68e36 <unknown>
#24 0x558a46e84333 <unknown>
#25 0x7f8d9d063609 start_thread
; 4590)
[2023-01-07T11:08:02.007+0530] {local_task_job.py:159} INFO - Task exited with return code 1
[2023-01-07T11:08:02.050+0530] {taskinstance.py:2582} INFO - 0 downstream tasks scheduled from follow-on schedule check
