[2023-01-07T11:10:16.747+0530] {taskinstance.py:1087} INFO - Dependencies all met for <TaskInstance: FX__Turnover.extract scheduled__2023-01-06T00:00:00+00:00 [queued]>
[2023-01-07T11:10:16.784+0530] {taskinstance.py:1087} INFO - Dependencies all met for <TaskInstance: FX__Turnover.extract scheduled__2023-01-06T00:00:00+00:00 [queued]>
[2023-01-07T11:10:16.785+0530] {taskinstance.py:1283} INFO - 
--------------------------------------------------------------------------------
[2023-01-07T11:10:16.785+0530] {taskinstance.py:1284} INFO - Starting attempt 2 of 4
[2023-01-07T11:10:16.785+0530] {taskinstance.py:1285} INFO - 
--------------------------------------------------------------------------------
[2023-01-07T11:10:16.852+0530] {taskinstance.py:1304} INFO - Executing <Task(PythonOperator): extract> on 2023-01-06 00:00:00+00:00
[2023-01-07T11:10:16.883+0530] {standard_task_runner.py:55} INFO - Started process 5007 to run task
[2023-01-07T11:10:16.902+0530] {standard_task_runner.py:82} INFO - Running: ['airflow', 'tasks', 'run', 'FX__Turnover', 'extract', 'scheduled__2023-01-06T00:00:00+00:00', '--job-id', '2937', '--raw', '--subdir', 'DAGS_FOLDER/FX_turnover.py', '--cfg-path', '/tmp/tmpj7rsrsh2']
[2023-01-07T11:10:16.904+0530] {standard_task_runner.py:83} INFO - Job 2937: Subtask extract
[2023-01-07T11:10:17.126+0530] {task_command.py:389} INFO - Running <TaskInstance: FX__Turnover.extract scheduled__2023-01-06T00:00:00+00:00 [running]> on host DESKTOP-SQIOQPD.
[2023-01-07T11:10:17.367+0530] {taskinstance.py:1511} INFO - Exporting the following env vars:
AIRFLOW_CTX_DAG_EMAIL=nikheleshbhattacharyya@gmail.com
AIRFLOW_CTX_DAG_OWNER=airflow
AIRFLOW_CTX_DAG_ID=FX__Turnover
AIRFLOW_CTX_TASK_ID=extract
AIRFLOW_CTX_EXECUTION_DATE=2023-01-06T00:00:00+00:00
AIRFLOW_CTX_TRY_NUMBER=2
AIRFLOW_CTX_DAG_RUN_ID=scheduled__2023-01-06T00:00:00+00:00
[2023-01-07T11:10:29.243+0530] {taskinstance.py:1772} ERROR - Task failed with exception
Traceback (most recent call last):
  File "/usr/local/lib/python3.8/dist-packages/airflow/operators/python.py", line 175, in execute
    return_value = self.execute_callable()
  File "/usr/local/lib/python3.8/dist-packages/airflow/operators/python.py", line 192, in execute_callable
    return self.python_callable(*self.op_args, **self.op_kwargs)
  File "/root/airflow/dags/FX_turnover.py", line 139, in extract_fxturn
    driver.get(url)
  File "/usr/local/lib/python3.8/dist-packages/selenium/webdriver/remote/webdriver.py", line 455, in get
    self.execute(Command.GET, {"url": url})
  File "/usr/local/lib/python3.8/dist-packages/selenium/webdriver/remote/webdriver.py", line 444, in execute
    self.error_handler.check_response(response)
  File "/usr/local/lib/python3.8/dist-packages/selenium/webdriver/remote/errorhandler.py", line 249, in check_response
    raise exception_class(message, screen, stacktrace)
selenium.common.exceptions.WebDriverException: Message: unknown error: net::ERR_NAME_NOT_RESOLVED
  (Session info: headless chrome=108.0.5359.124)
Stacktrace:
#0 0x564d2a2712a3 <unknown>
#1 0x564d2a02ff77 <unknown>
#2 0x564d2a027e35 <unknown>
#3 0x564d2a01af27 <unknown>
#4 0x564d2a01c2d9 <unknown>
#5 0x564d2a01b29e <unknown>
#6 0x564d2a01a3d2 <unknown>
#7 0x564d2a01a225 <unknown>
#8 0x564d2a018dc6 <unknown>
#9 0x564d2a019244 <unknown>
#10 0x564d2a031e88 <unknown>
#11 0x564d2a0a4b05 <unknown>
#12 0x564d2a08cb32 <unknown>
#13 0x564d2a0a447c <unknown>
#14 0x564d2a08c903 <unknown>
#15 0x564d2a05fece <unknown>
#16 0x564d2a060fde <unknown>
#17 0x564d2a2c163e <unknown>
#18 0x564d2a2c4b79 <unknown>
#19 0x564d2a2a789e <unknown>
#20 0x564d2a2c5a83 <unknown>
#21 0x564d2a29a505 <unknown>
#22 0x564d2a2e6ca8 <unknown>
#23 0x564d2a2e6e36 <unknown>
#24 0x564d2a302333 <unknown>
#25 0x7f8933b50609 start_thread

[2023-01-07T11:10:29.264+0530] {taskinstance.py:1322} INFO - Marking task as UP_FOR_RETRY. dag_id=FX__Turnover, task_id=extract, execution_date=20230106T000000, start_date=20230107T054016, end_date=20230107T054029
[2023-01-07T11:10:29.300+0530] {standard_task_runner.py:100} ERROR - Failed to execute job 2937 for task extract (Message: unknown error: net::ERR_NAME_NOT_RESOLVED
  (Session info: headless chrome=108.0.5359.124)
Stacktrace:
#0 0x564d2a2712a3 <unknown>
#1 0x564d2a02ff77 <unknown>
#2 0x564d2a027e35 <unknown>
#3 0x564d2a01af27 <unknown>
#4 0x564d2a01c2d9 <unknown>
#5 0x564d2a01b29e <unknown>
#6 0x564d2a01a3d2 <unknown>
#7 0x564d2a01a225 <unknown>
#8 0x564d2a018dc6 <unknown>
#9 0x564d2a019244 <unknown>
#10 0x564d2a031e88 <unknown>
#11 0x564d2a0a4b05 <unknown>
#12 0x564d2a08cb32 <unknown>
#13 0x564d2a0a447c <unknown>
#14 0x564d2a08c903 <unknown>
#15 0x564d2a05fece <unknown>
#16 0x564d2a060fde <unknown>
#17 0x564d2a2c163e <unknown>
#18 0x564d2a2c4b79 <unknown>
#19 0x564d2a2a789e <unknown>
#20 0x564d2a2c5a83 <unknown>
#21 0x564d2a29a505 <unknown>
#22 0x564d2a2e6ca8 <unknown>
#23 0x564d2a2e6e36 <unknown>
#24 0x564d2a302333 <unknown>
#25 0x7f8933b50609 start_thread
; 5007)
[2023-01-07T11:10:29.321+0530] {local_task_job.py:159} INFO - Task exited with return code 1
[2023-01-07T11:10:29.364+0530] {taskinstance.py:2582} INFO - 0 downstream tasks scheduled from follow-on schedule check
