[2022-12-26T14:45:05.958+0530] {taskinstance.py:1087} INFO - Dependencies all met for <TaskInstance: Money__Market.extract_data scheduled__2022-12-26T06:00:00+00:00 [queued]>
[2022-12-26T14:45:05.968+0530] {taskinstance.py:1087} INFO - Dependencies all met for <TaskInstance: Money__Market.extract_data scheduled__2022-12-26T06:00:00+00:00 [queued]>
[2022-12-26T14:45:05.968+0530] {taskinstance.py:1283} INFO - 
--------------------------------------------------------------------------------
[2022-12-26T14:45:05.968+0530] {taskinstance.py:1284} INFO - Starting attempt 1 of 4
[2022-12-26T14:45:05.968+0530] {taskinstance.py:1285} INFO - 
--------------------------------------------------------------------------------
[2022-12-26T14:45:05.984+0530] {taskinstance.py:1304} INFO - Executing <Task(PythonOperator): extract_data> on 2022-12-26 06:00:00+00:00
[2022-12-26T14:45:05.989+0530] {standard_task_runner.py:55} INFO - Started process 31193 to run task
[2022-12-26T14:45:05.992+0530] {standard_task_runner.py:82} INFO - Running: ['airflow', 'tasks', 'run', 'Money__Market', 'extract_data', 'scheduled__2022-12-26T06:00:00+00:00', '--job-id', '914', '--raw', '--subdir', 'DAGS_FOLDER/Money_Market.py', '--cfg-path', '/tmp/tmpn28_8kep']
[2022-12-26T14:45:05.993+0530] {standard_task_runner.py:83} INFO - Job 914: Subtask extract_data
[2022-12-26T14:45:06.047+0530] {task_command.py:389} INFO - Running <TaskInstance: Money__Market.extract_data scheduled__2022-12-26T06:00:00+00:00 [running]> on host DESKTOP-SQIOQPD.
[2022-12-26T14:45:06.107+0530] {taskinstance.py:1511} INFO - Exporting the following env vars:
AIRFLOW_CTX_DAG_EMAIL=nikheleshbhattacharyya@gmail.com
AIRFLOW_CTX_DAG_OWNER=airflow
AIRFLOW_CTX_DAG_ID=Money__Market
AIRFLOW_CTX_TASK_ID=extract_data
AIRFLOW_CTX_EXECUTION_DATE=2022-12-26T06:00:00+00:00
AIRFLOW_CTX_TRY_NUMBER=1
AIRFLOW_CTX_DAG_RUN_ID=scheduled__2022-12-26T06:00:00+00:00
[2022-12-26T14:45:06.618+0530] {logging_mixin.py:137} INFO - 1
[2022-12-26T14:45:06.895+0530] {logging_mixin.py:137} INFO - 2
[2022-12-26T14:45:07.160+0530] {logging_mixin.py:137} INFO - 3
[2022-12-26T14:45:07.386+0530] {logging_mixin.py:137} INFO - 4
[2022-12-26T14:45:07.675+0530] {logging_mixin.py:137} INFO - 5
[2022-12-26T14:45:07.988+0530] {logging_mixin.py:137} INFO - 6
[2022-12-26T14:45:08.368+0530] {logging_mixin.py:137} INFO - 7
[2022-12-26T14:45:08.798+0530] {logging_mixin.py:137} INFO - 8
[2022-12-26T14:45:09.109+0530] {logging_mixin.py:137} INFO - 9
[2022-12-26T14:45:09.663+0530] {logging_mixin.py:137} INFO - 10
[2022-12-26T14:45:10.115+0530] {logging_mixin.py:137} INFO - 11
[2022-12-26T14:45:10.670+0530] {logging_mixin.py:137} INFO - 12
[2022-12-26T14:45:10.909+0530] {logging_mixin.py:137} INFO - 13
[2022-12-26T14:45:11.160+0530] {logging_mixin.py:137} INFO - 14
[2022-12-26T14:45:11.380+0530] {logging_mixin.py:137} INFO - 15
[2022-12-26T14:45:11.615+0530] {logging_mixin.py:137} INFO - 16
[2022-12-26T14:45:11.877+0530] {logging_mixin.py:137} INFO - 17
[2022-12-26T14:45:12.150+0530] {logging_mixin.py:137} INFO - 18
[2022-12-26T14:45:12.382+0530] {logging_mixin.py:137} INFO - 19
[2022-12-26T14:45:12.654+0530] {logging_mixin.py:137} INFO - 20
[2022-12-26T14:45:12.879+0530] {logging_mixin.py:137} INFO - 21
[2022-12-26T14:45:13.248+0530] {logging_mixin.py:137} INFO - 22
[2022-12-26T14:45:13.462+0530] {logging_mixin.py:137} INFO - 23
[2022-12-26T14:45:13.722+0530] {logging_mixin.py:137} INFO - 24
[2022-12-26T14:45:13.935+0530] {logging_mixin.py:137} INFO - 25
[2022-12-26T14:45:14.179+0530] {logging_mixin.py:137} INFO - 26
[2022-12-26T14:45:14.404+0530] {logging_mixin.py:137} INFO - 27
[2022-12-26T14:45:14.630+0530] {logging_mixin.py:137} INFO - 28
[2022-12-26T14:45:14.877+0530] {logging_mixin.py:137} INFO - 29
[2022-12-26T14:45:15.115+0530] {logging_mixin.py:137} INFO - 30
[2022-12-26T14:45:15.366+0530] {logging_mixin.py:137} INFO - 31
[2022-12-26T14:45:15.775+0530] {logging_mixin.py:137} INFO - 32
[2022-12-26T14:45:16.009+0530] {logging_mixin.py:137} INFO - 33
[2022-12-26T14:45:16.242+0530] {logging_mixin.py:137} INFO - 34
[2022-12-26T14:45:16.454+0530] {logging_mixin.py:137} INFO - 35
[2022-12-26T14:45:16.678+0530] {logging_mixin.py:137} INFO - 36
[2022-12-26T14:45:16.936+0530] {logging_mixin.py:137} INFO - 37
[2022-12-26T14:45:17.193+0530] {logging_mixin.py:137} INFO - 38
[2022-12-26T14:45:17.414+0530] {logging_mixin.py:137} INFO - 39
[2022-12-26T14:45:17.635+0530] {logging_mixin.py:137} INFO - 40
[2022-12-26T14:45:18.861+0530] {logging_mixin.py:137} INFO - 41
[2022-12-26T14:45:19.076+0530] {logging_mixin.py:137} INFO - 42
[2022-12-26T14:45:19.437+0530] {logging_mixin.py:137} INFO - 43
[2022-12-26T14:45:19.660+0530] {logging_mixin.py:137} INFO - 44
[2022-12-26T14:45:19.871+0530] {logging_mixin.py:137} INFO - 45
[2022-12-26T14:45:20.093+0530] {logging_mixin.py:137} INFO - 46
[2022-12-26T14:45:20.363+0530] {logging_mixin.py:137} INFO - 47
[2022-12-26T14:45:20.597+0530] {logging_mixin.py:137} INFO - 48
[2022-12-26T14:45:20.831+0530] {logging_mixin.py:137} INFO - 49
[2022-12-26T14:45:21.100+0530] {logging_mixin.py:137} INFO - 50
[2022-12-26T14:45:21.328+0530] {logging_mixin.py:137} INFO - 51
[2022-12-26T14:45:21.530+0530] {logging_mixin.py:137} INFO - 52
[2022-12-26T14:45:21.778+0530] {logging_mixin.py:137} INFO - 53
[2022-12-26T14:45:22.193+0530] {logging_mixin.py:137} INFO - 54
[2022-12-26T14:45:22.427+0530] {logging_mixin.py:137} INFO - 55
[2022-12-26T14:45:22.687+0530] {logging_mixin.py:137} INFO - 56
[2022-12-26T14:45:22.934+0530] {logging_mixin.py:137} INFO - 57
[2022-12-26T14:45:23.147+0530] {logging_mixin.py:137} INFO - 58
[2022-12-26T14:45:23.382+0530] {logging_mixin.py:137} INFO - 59
[2022-12-26T14:45:23.599+0530] {logging_mixin.py:137} INFO - 60
[2022-12-26T14:45:23.828+0530] {logging_mixin.py:137} INFO - 61
[2022-12-26T14:45:24.037+0530] {logging_mixin.py:137} INFO - 62
[2022-12-26T14:45:24.257+0530] {logging_mixin.py:137} INFO - 63
[2022-12-26T14:45:24.960+0530] {logging_mixin.py:137} INFO - 64
[2022-12-26T14:45:25.221+0530] {logging_mixin.py:137} INFO - 65
[2022-12-26T14:45:25.477+0530] {logging_mixin.py:137} INFO - 66
[2022-12-26T14:45:25.735+0530] {logging_mixin.py:137} INFO - 67
[2022-12-26T14:45:25.958+0530] {logging_mixin.py:137} INFO - 68
[2022-12-26T14:45:26.171+0530] {logging_mixin.py:137} INFO - 69
[2022-12-26T14:45:26.380+0530] {logging_mixin.py:137} INFO - 70
[2022-12-26T14:45:26.582+0530] {logging_mixin.py:137} INFO - 71
[2022-12-26T14:45:26.826+0530] {logging_mixin.py:137} INFO - 72
[2022-12-26T14:45:27.078+0530] {logging_mixin.py:137} INFO - 73
[2022-12-26T14:45:27.419+0530] {logging_mixin.py:137} INFO - 74
[2022-12-26T14:45:28.646+0530] {logging_mixin.py:137} INFO - 75
[2022-12-26T14:45:28.912+0530] {logging_mixin.py:137} INFO - 76
[2022-12-26T14:45:29.145+0530] {logging_mixin.py:137} INFO - 77
[2022-12-26T14:45:29.406+0530] {logging_mixin.py:137} INFO - 78
[2022-12-26T14:45:29.618+0530] {logging_mixin.py:137} INFO - 79
[2022-12-26T14:45:29.882+0530] {logging_mixin.py:137} INFO - 80
[2022-12-26T14:45:30.115+0530] {logging_mixin.py:137} INFO - 81
[2022-12-26T14:45:30.380+0530] {logging_mixin.py:137} INFO - 82
[2022-12-26T14:45:30.692+0530] {logging_mixin.py:137} INFO - 83
[2022-12-26T14:45:30.914+0530] {logging_mixin.py:137} INFO - 84
[2022-12-26T14:45:31.286+0530] {logging_mixin.py:137} INFO - 85
[2022-12-26T14:45:31.507+0530] {logging_mixin.py:137} INFO - 86
[2022-12-26T14:45:31.778+0530] {logging_mixin.py:137} INFO - 87
[2022-12-26T14:45:32.030+0530] {logging_mixin.py:137} INFO - 88
[2022-12-26T14:45:32.254+0530] {logging_mixin.py:137} INFO - 89
[2022-12-26T14:45:32.502+0530] {logging_mixin.py:137} INFO - 90
[2022-12-26T14:45:32.707+0530] {logging_mixin.py:137} INFO - 91
[2022-12-26T14:45:32.949+0530] {logging_mixin.py:137} INFO - 92
[2022-12-26T14:45:33.184+0530] {logging_mixin.py:137} INFO - 93
[2022-12-26T14:45:33.464+0530] {logging_mixin.py:137} INFO - 94
[2022-12-26T14:45:33.948+0530] {logging_mixin.py:137} INFO - 95
[2022-12-26T14:45:34.154+0530] {logging_mixin.py:137} INFO - 96
[2022-12-26T14:45:34.364+0530] {logging_mixin.py:137} INFO - 97
[2022-12-26T14:45:34.589+0530] {logging_mixin.py:137} INFO - 98
[2022-12-26T14:45:34.844+0530] {logging_mixin.py:137} INFO - 99
[2022-12-26T14:45:35.137+0530] {logging_mixin.py:137} INFO - 100
[2022-12-26T14:45:35.405+0530] {logging_mixin.py:137} INFO - 101
[2022-12-26T14:45:35.654+0530] {logging_mixin.py:137} INFO - 102
[2022-12-26T14:45:35.858+0530] {logging_mixin.py:137} INFO - 103
[2022-12-26T14:45:36.117+0530] {logging_mixin.py:137} INFO - 104
[2022-12-26T14:45:36.352+0530] {logging_mixin.py:137} INFO - 105
[2022-12-26T14:45:36.705+0530] {logging_mixin.py:137} INFO - 106
[2022-12-26T14:45:36.976+0530] {logging_mixin.py:137} INFO - 107
[2022-12-26T14:45:37.224+0530] {logging_mixin.py:137} INFO - 108
[2022-12-26T14:45:37.484+0530] {logging_mixin.py:137} INFO - 109
[2022-12-26T14:45:37.732+0530] {logging_mixin.py:137} INFO - 110
[2022-12-26T14:45:37.981+0530] {logging_mixin.py:137} INFO - 111
[2022-12-26T14:45:38.241+0530] {logging_mixin.py:137} INFO - 112
[2022-12-26T14:45:38.521+0530] {logging_mixin.py:137} INFO - 113
[2022-12-26T14:45:38.767+0530] {logging_mixin.py:137} INFO - 114
[2022-12-26T14:45:39.035+0530] {logging_mixin.py:137} INFO - 115
[2022-12-26T14:45:39.278+0530] {logging_mixin.py:137} INFO - 116
[2022-12-26T14:45:39.655+0530] {logging_mixin.py:137} INFO - 117
[2022-12-26T14:45:39.878+0530] {logging_mixin.py:137} INFO - 118
[2022-12-26T14:45:40.093+0530] {logging_mixin.py:137} INFO - 119
[2022-12-26T14:45:40.337+0530] {logging_mixin.py:137} INFO - 120
[2022-12-26T14:45:40.586+0530] {logging_mixin.py:137} INFO - 121
[2022-12-26T14:45:40.840+0530] {logging_mixin.py:137} INFO - 122
[2022-12-26T14:45:41.066+0530] {logging_mixin.py:137} INFO - 123
[2022-12-26T14:45:41.282+0530] {logging_mixin.py:137} INFO - 124
[2022-12-26T14:45:41.505+0530] {logging_mixin.py:137} INFO - 125
[2022-12-26T14:45:41.755+0530] {logging_mixin.py:137} INFO - 126
[2022-12-26T14:45:41.997+0530] {logging_mixin.py:137} INFO - 127
[2022-12-26T14:45:42.364+0530] {logging_mixin.py:137} INFO - 128
[2022-12-26T14:45:42.637+0530] {logging_mixin.py:137} INFO - 129
[2022-12-26T14:45:42.869+0530] {logging_mixin.py:137} INFO - 130
[2022-12-26T14:45:43.093+0530] {logging_mixin.py:137} INFO - 131
[2022-12-26T14:45:43.309+0530] {logging_mixin.py:137} INFO - 132
[2022-12-26T14:45:43.544+0530] {logging_mixin.py:137} INFO - 133
[2022-12-26T14:45:43.832+0530] {logging_mixin.py:137} INFO - 134
[2022-12-26T14:45:44.066+0530] {logging_mixin.py:137} INFO - 135
[2022-12-26T14:45:44.274+0530] {logging_mixin.py:137} INFO - 136
[2022-12-26T14:45:44.524+0530] {logging_mixin.py:137} INFO - 137
[2022-12-26T14:45:44.745+0530] {logging_mixin.py:137} INFO - 138
[2022-12-26T14:45:45.099+0530] {logging_mixin.py:137} INFO - 139
[2022-12-26T14:45:45.342+0530] {logging_mixin.py:137} INFO - 140
[2022-12-26T14:45:45.561+0530] {logging_mixin.py:137} INFO - 141
[2022-12-26T14:45:45.826+0530] {logging_mixin.py:137} INFO - 142
[2022-12-26T14:45:46.058+0530] {logging_mixin.py:137} INFO - 143
[2022-12-26T14:45:46.292+0530] {logging_mixin.py:137} INFO - 144
[2022-12-26T14:45:46.503+0530] {logging_mixin.py:137} INFO - 145
[2022-12-26T14:45:46.726+0530] {logging_mixin.py:137} INFO - 146
[2022-12-26T14:45:47.002+0530] {logging_mixin.py:137} INFO - 147
[2022-12-26T14:45:47.239+0530] {logging_mixin.py:137} INFO - 148
[2022-12-26T14:45:47.465+0530] {logging_mixin.py:137} INFO - 149
[2022-12-26T14:45:47.809+0530] {logging_mixin.py:137} INFO - 150
[2022-12-26T14:45:48.020+0530] {logging_mixin.py:137} INFO - 151
[2022-12-26T14:45:48.247+0530] {logging_mixin.py:137} INFO - 152
[2022-12-26T14:45:48.465+0530] {logging_mixin.py:137} INFO - 153
[2022-12-26T14:45:48.750+0530] {logging_mixin.py:137} INFO - 154
[2022-12-26T14:45:48.960+0530] {logging_mixin.py:137} INFO - 155
[2022-12-26T14:45:49.183+0530] {logging_mixin.py:137} INFO - 156
[2022-12-26T14:45:49.399+0530] {logging_mixin.py:137} INFO - 157
[2022-12-26T14:45:49.600+0530] {logging_mixin.py:137} INFO - 158
[2022-12-26T14:45:49.812+0530] {logging_mixin.py:137} INFO - 159
[2022-12-26T14:45:50.048+0530] {logging_mixin.py:137} INFO - 160
[2022-12-26T14:45:50.523+0530] {logging_mixin.py:137} INFO - 161
[2022-12-26T14:45:50.765+0530] {logging_mixin.py:137} INFO - 162
[2022-12-26T14:45:51.010+0530] {logging_mixin.py:137} INFO - 163
[2022-12-26T14:45:51.240+0530] {logging_mixin.py:137} INFO - 164
[2022-12-26T14:45:51.477+0530] {logging_mixin.py:137} INFO - 165
[2022-12-26T14:45:51.721+0530] {logging_mixin.py:137} INFO - 166
[2022-12-26T14:45:51.993+0530] {logging_mixin.py:137} INFO - 167
[2022-12-26T14:45:52.256+0530] {logging_mixin.py:137} INFO - 168
[2022-12-26T14:45:52.470+0530] {logging_mixin.py:137} INFO - 169
[2022-12-26T14:45:52.698+0530] {logging_mixin.py:137} INFO - 170
[2022-12-26T14:45:52.964+0530] {logging_mixin.py:137} INFO - 171
[2022-12-26T14:45:53.320+0530] {logging_mixin.py:137} INFO - 172
[2022-12-26T14:45:53.579+0530] {logging_mixin.py:137} INFO - 173
[2022-12-26T14:45:53.801+0530] {logging_mixin.py:137} INFO - 174
[2022-12-26T14:45:54.011+0530] {logging_mixin.py:137} INFO - 175
[2022-12-26T14:45:54.228+0530] {logging_mixin.py:137} INFO - 176
[2022-12-26T14:45:54.459+0530] {logging_mixin.py:137} INFO - 177
[2022-12-26T14:45:54.675+0530] {logging_mixin.py:137} INFO - 178
[2022-12-26T14:45:54.938+0530] {logging_mixin.py:137} INFO - 179
[2022-12-26T14:45:55.165+0530] {logging_mixin.py:137} INFO - 180
[2022-12-26T14:45:55.415+0530] {logging_mixin.py:137} INFO - 181
[2022-12-26T14:45:55.694+0530] {logging_mixin.py:137} INFO - 182
[2022-12-26T14:45:56.049+0530] {logging_mixin.py:137} INFO - 183
[2022-12-26T14:45:56.279+0530] {logging_mixin.py:137} INFO - 184
[2022-12-26T14:45:56.497+0530] {logging_mixin.py:137} INFO - 185
[2022-12-26T14:45:56.707+0530] {logging_mixin.py:137} INFO - 186
[2022-12-26T14:45:56.996+0530] {logging_mixin.py:137} INFO - 187
[2022-12-26T14:45:58.230+0530] {logging_mixin.py:137} INFO - 188
[2022-12-26T14:45:58.496+0530] {logging_mixin.py:137} INFO - 189
[2022-12-26T14:45:58.697+0530] {logging_mixin.py:137} INFO - 190
[2022-12-26T14:45:58.966+0530] {logging_mixin.py:137} INFO - 191
[2022-12-26T14:45:59.175+0530] {logging_mixin.py:137} INFO - 192
[2022-12-26T14:45:59.404+0530] {logging_mixin.py:137} INFO - 193
[2022-12-26T14:45:59.796+0530] {logging_mixin.py:137} INFO - 194
[2022-12-26T14:46:01.070+0530] {logging_mixin.py:137} INFO - 195
[2022-12-26T14:46:01.291+0530] {logging_mixin.py:137} INFO - 196
[2022-12-26T14:46:01.545+0530] {logging_mixin.py:137} INFO - 197
[2022-12-26T14:46:01.791+0530] {logging_mixin.py:137} INFO - 198
[2022-12-26T14:46:02.035+0530] {logging_mixin.py:137} INFO - 199
[2022-12-26T14:46:02.245+0530] {logging_mixin.py:137} INFO - 200
[2022-12-26T14:46:02.521+0530] {logging_mixin.py:137} INFO - 201
[2022-12-26T14:46:02.788+0530] {logging_mixin.py:137} INFO - 202
[2022-12-26T14:46:02.998+0530] {logging_mixin.py:137} INFO - 203
[2022-12-26T14:46:03.229+0530] {logging_mixin.py:137} INFO - 204
[2022-12-26T14:46:03.618+0530] {logging_mixin.py:137} INFO - 205
[2022-12-26T14:46:03.844+0530] {logging_mixin.py:137} INFO - 206
[2022-12-26T14:46:04.065+0530] {logging_mixin.py:137} INFO - 207
[2022-12-26T14:46:04.317+0530] {logging_mixin.py:137} INFO - 208
[2022-12-26T14:46:04.580+0530] {logging_mixin.py:137} INFO - 209
[2022-12-26T14:46:04.836+0530] {logging_mixin.py:137} INFO - 210
[2022-12-26T14:46:05.056+0530] {logging_mixin.py:137} INFO - 211
[2022-12-26T14:46:05.342+0530] {logging_mixin.py:137} INFO - 212
[2022-12-26T14:46:05.580+0530] {logging_mixin.py:137} INFO - 213
[2022-12-26T14:46:05.828+0530] {logging_mixin.py:137} INFO - 214
[2022-12-26T14:46:07.147+0530] {logging_mixin.py:137} INFO - 215
[2022-12-26T14:46:07.347+0530] {logging_mixin.py:137} INFO - 216
[2022-12-26T14:46:07.607+0530] {logging_mixin.py:137} INFO - 217
[2022-12-26T14:46:07.834+0530] {logging_mixin.py:137} INFO - 218
[2022-12-26T14:46:08.038+0530] {logging_mixin.py:137} INFO - 219
[2022-12-26T14:46:08.278+0530] {logging_mixin.py:137} INFO - 220
[2022-12-26T14:46:08.532+0530] {logging_mixin.py:137} INFO - 221
[2022-12-26T14:46:08.779+0530] {logging_mixin.py:137} INFO - 222
[2022-12-26T14:46:09.048+0530] {logging_mixin.py:137} INFO - 223
[2022-12-26T14:46:10.338+0530] {logging_mixin.py:137} INFO - 224
[2022-12-26T14:46:10.622+0530] {logging_mixin.py:137} INFO - 225
[2022-12-26T14:46:11.026+0530] {logging_mixin.py:137} INFO - 226
[2022-12-26T14:46:11.348+0530] {logging_mixin.py:137} INFO - 227
[2022-12-26T14:46:11.646+0530] {logging_mixin.py:137} INFO - 228
[2022-12-26T14:46:11.889+0530] {logging_mixin.py:137} INFO - 229
[2022-12-26T14:46:12.148+0530] {logging_mixin.py:137} INFO - 230
[2022-12-26T14:46:12.357+0530] {logging_mixin.py:137} INFO - 231
[2022-12-26T14:46:12.597+0530] {logging_mixin.py:137} INFO - 232
[2022-12-26T14:46:12.816+0530] {logging_mixin.py:137} INFO - 233
[2022-12-26T14:46:13.043+0530] {logging_mixin.py:137} INFO - 234
[2022-12-26T14:46:13.298+0530] {logging_mixin.py:137} INFO - 235
[2022-12-26T14:46:13.516+0530] {logging_mixin.py:137} INFO - 236
[2022-12-26T14:46:13.870+0530] {logging_mixin.py:137} INFO - 237
[2022-12-26T14:46:14.081+0530] {logging_mixin.py:137} INFO - 238
[2022-12-26T14:46:14.334+0530] {logging_mixin.py:137} INFO - 239
[2022-12-26T14:46:14.554+0530] {logging_mixin.py:137} INFO - 240
[2022-12-26T14:46:14.757+0530] {logging_mixin.py:137} INFO - 241
[2022-12-26T14:46:14.973+0530] {logging_mixin.py:137} INFO - 242
[2022-12-26T14:46:15.229+0530] {logging_mixin.py:137} INFO - 243
[2022-12-26T14:46:15.496+0530] {logging_mixin.py:137} INFO - 244
[2022-12-26T14:46:15.790+0530] {logging_mixin.py:137} INFO - 245
[2022-12-26T14:46:16.020+0530] {logging_mixin.py:137} INFO - 246
[2022-12-26T14:46:16.239+0530] {logging_mixin.py:137} INFO - 247
[2022-12-26T14:46:16.596+0530] {logging_mixin.py:137} INFO - 248
[2022-12-26T14:46:16.848+0530] {logging_mixin.py:137} INFO - 249
[2022-12-26T14:46:17.083+0530] {logging_mixin.py:137} INFO - 250
[2022-12-26T14:46:17.309+0530] {logging_mixin.py:137} INFO - 251
[2022-12-26T14:46:17.548+0530] {logging_mixin.py:137} INFO - 252
[2022-12-26T14:46:17.800+0530] {logging_mixin.py:137} INFO - 253
[2022-12-26T14:46:18.040+0530] {logging_mixin.py:137} INFO - 254
[2022-12-26T14:46:18.292+0530] {logging_mixin.py:137} INFO - 255
[2022-12-26T14:46:18.527+0530] {logging_mixin.py:137} INFO - 256
[2022-12-26T14:46:18.795+0530] {logging_mixin.py:137} INFO - 257
[2022-12-26T14:46:19.181+0530] {logging_mixin.py:137} INFO - 258
[2022-12-26T14:46:19.454+0530] {logging_mixin.py:137} INFO - 259
[2022-12-26T14:46:19.718+0530] {logging_mixin.py:137} INFO - 260
[2022-12-26T14:46:20.003+0530] {logging_mixin.py:137} INFO - 261
[2022-12-26T14:46:20.298+0530] {logging_mixin.py:137} INFO - 262
[2022-12-26T14:46:20.543+0530] {logging_mixin.py:137} INFO - 263
[2022-12-26T14:46:20.763+0530] {logging_mixin.py:137} INFO - 264
[2022-12-26T14:46:20.984+0530] {logging_mixin.py:137} INFO - 265
[2022-12-26T14:46:21.197+0530] {logging_mixin.py:137} INFO - 266
[2022-12-26T14:46:21.832+0530] {logging_mixin.py:137} INFO - 267
[2022-12-26T14:46:22.069+0530] {logging_mixin.py:137} INFO - 268
[2022-12-26T14:46:22.419+0530] {logging_mixin.py:137} INFO - 269
[2022-12-26T14:46:22.635+0530] {logging_mixin.py:137} INFO - 270
[2022-12-26T14:46:22.850+0530] {logging_mixin.py:137} INFO - 271
[2022-12-26T14:46:23.071+0530] {logging_mixin.py:137} INFO - 272
[2022-12-26T14:46:23.331+0530] {logging_mixin.py:137} INFO - 273
[2022-12-26T14:46:23.598+0530] {logging_mixin.py:137} INFO - 274
[2022-12-26T14:46:23.847+0530] {logging_mixin.py:137} INFO - 275
[2022-12-26T14:46:24.101+0530] {logging_mixin.py:137} INFO - 276
[2022-12-26T14:46:24.326+0530] {logging_mixin.py:137} INFO - 277
[2022-12-26T14:46:24.539+0530] {logging_mixin.py:137} INFO - 278
[2022-12-26T14:46:24.783+0530] {logging_mixin.py:137} INFO - 279
[2022-12-26T14:46:25.147+0530] {logging_mixin.py:137} INFO - 280
[2022-12-26T14:46:25.406+0530] {logging_mixin.py:137} INFO - 281
[2022-12-26T14:46:25.669+0530] {logging_mixin.py:137} INFO - 282
[2022-12-26T14:46:25.918+0530] {logging_mixin.py:137} INFO - 283
[2022-12-26T14:46:26.136+0530] {logging_mixin.py:137} INFO - 284
[2022-12-26T14:46:26.366+0530] {logging_mixin.py:137} INFO - 285
[2022-12-26T14:46:26.642+0530] {logging_mixin.py:137} INFO - 286
[2022-12-26T14:46:26.885+0530] {logging_mixin.py:137} INFO - 287
[2022-12-26T14:46:27.121+0530] {logging_mixin.py:137} INFO - 288
[2022-12-26T14:46:27.349+0530] {logging_mixin.py:137} INFO - 289
[2022-12-26T14:46:27.717+0530] {logging_mixin.py:137} INFO - 290
[2022-12-26T14:46:27.933+0530] {logging_mixin.py:137} INFO - 291
[2022-12-26T14:46:28.145+0530] {logging_mixin.py:137} INFO - 292
[2022-12-26T14:46:28.414+0530] {logging_mixin.py:137} INFO - 293
[2022-12-26T14:46:28.644+0530] {logging_mixin.py:137} INFO - 294
[2022-12-26T14:46:28.858+0530] {logging_mixin.py:137} INFO - 295
[2022-12-26T14:46:29.121+0530] {logging_mixin.py:137} INFO - 296
[2022-12-26T14:46:29.397+0530] {logging_mixin.py:137} INFO - 297
[2022-12-26T14:46:29.620+0530] {logging_mixin.py:137} INFO - 298
[2022-12-26T14:46:29.865+0530] {logging_mixin.py:137} INFO - 299
[2022-12-26T14:46:31.148+0530] {logging_mixin.py:137} INFO - 300
[2022-12-26T14:46:31.559+0530] {logging_mixin.py:137} INFO - 301
[2022-12-26T14:46:31.811+0530] {logging_mixin.py:137} INFO - 302
[2022-12-26T14:46:32.078+0530] {logging_mixin.py:137} INFO - 303
[2022-12-26T14:46:32.311+0530] {logging_mixin.py:137} INFO - 304
[2022-12-26T14:46:32.586+0530] {logging_mixin.py:137} INFO - 305
[2022-12-26T14:46:32.909+0530] {logging_mixin.py:137} INFO - 306
[2022-12-26T14:46:33.121+0530] {logging_mixin.py:137} INFO - 307
[2022-12-26T14:46:33.342+0530] {logging_mixin.py:137} INFO - 308
[2022-12-26T14:46:33.578+0530] {logging_mixin.py:137} INFO - 309
[2022-12-26T14:46:33.825+0530] {logging_mixin.py:137} INFO - 310
[2022-12-26T14:46:34.209+0530] {logging_mixin.py:137} INFO - 311
[2022-12-26T14:46:34.457+0530] {logging_mixin.py:137} INFO - 312
[2022-12-26T14:46:34.723+0530] {logging_mixin.py:137} INFO - 313
[2022-12-26T14:46:34.944+0530] {logging_mixin.py:137} INFO - 314
[2022-12-26T14:46:35.198+0530] {logging_mixin.py:137} INFO - 315
[2022-12-26T14:46:35.507+0530] {logging_mixin.py:137} INFO - 316
[2022-12-26T14:46:35.749+0530] {logging_mixin.py:137} INFO - 317
[2022-12-26T14:46:35.979+0530] {logging_mixin.py:137} INFO - 318
[2022-12-26T14:46:36.272+0530] {logging_mixin.py:137} INFO - 319
[2022-12-26T14:46:36.504+0530] {logging_mixin.py:137} INFO - 320
[2022-12-26T14:46:36.730+0530] {logging_mixin.py:137} INFO - 321
[2022-12-26T14:46:37.184+0530] {logging_mixin.py:137} INFO - 322
[2022-12-26T14:46:37.406+0530] {logging_mixin.py:137} INFO - 323
[2022-12-26T14:46:37.663+0530] {logging_mixin.py:137} INFO - 324
[2022-12-26T14:46:37.870+0530] {logging_mixin.py:137} INFO - 325
[2022-12-26T14:46:38.082+0530] {logging_mixin.py:137} INFO - 326
[2022-12-26T14:46:38.332+0530] {logging_mixin.py:137} INFO - 327
[2022-12-26T14:46:39.554+0530] {logging_mixin.py:137} INFO - 328
[2022-12-26T14:46:39.769+0530] {logging_mixin.py:137} INFO - 329
[2022-12-26T14:46:39.994+0530] {logging_mixin.py:137} INFO - 330
[2022-12-26T14:46:40.268+0530] {logging_mixin.py:137} INFO - 331
[2022-12-26T14:46:40.556+0530] {logging_mixin.py:137} INFO - 332
[2022-12-26T14:46:40.948+0530] {logging_mixin.py:137} INFO - 333
[2022-12-26T14:46:41.166+0530] {logging_mixin.py:137} INFO - 334
[2022-12-26T14:46:41.411+0530] {logging_mixin.py:137} INFO - 335
[2022-12-26T14:46:41.623+0530] {logging_mixin.py:137} INFO - 336
[2022-12-26T14:46:41.873+0530] {logging_mixin.py:137} INFO - 337
[2022-12-26T14:46:42.129+0530] {logging_mixin.py:137} INFO - 338
[2022-12-26T14:46:42.360+0530] {logging_mixin.py:137} INFO - 339
[2022-12-26T14:46:42.593+0530] {logging_mixin.py:137} INFO - 340
[2022-12-26T14:46:42.825+0530] {logging_mixin.py:137} INFO - 341
[2022-12-26T14:46:43.049+0530] {logging_mixin.py:137} INFO - 342
[2022-12-26T14:46:43.471+0530] {logging_mixin.py:137} INFO - 343
[2022-12-26T14:46:43.708+0530] {logging_mixin.py:137} INFO - 344
[2022-12-26T14:46:43.968+0530] {logging_mixin.py:137} INFO - 345
[2022-12-26T14:46:44.274+0530] {logging_mixin.py:137} INFO - 346
[2022-12-26T14:46:44.499+0530] {logging_mixin.py:137} INFO - 347
[2022-12-26T14:46:44.728+0530] {logging_mixin.py:137} INFO - 348
[2022-12-26T14:46:44.970+0530] {logging_mixin.py:137} INFO - 349
[2022-12-26T14:46:45.270+0530] {logging_mixin.py:137} INFO - 350
[2022-12-26T14:46:45.556+0530] {logging_mixin.py:137} INFO - 351
[2022-12-26T14:46:45.787+0530] {logging_mixin.py:137} INFO - 352
[2022-12-26T14:46:46.031+0530] {logging_mixin.py:137} INFO - 353
[2022-12-26T14:46:46.421+0530] {logging_mixin.py:137} INFO - 354
[2022-12-26T14:46:46.662+0530] {logging_mixin.py:137} INFO - 355
[2022-12-26T14:46:46.958+0530] {logging_mixin.py:137} INFO - 356
[2022-12-26T14:46:47.210+0530] {logging_mixin.py:137} INFO - 357
[2022-12-26T14:46:47.471+0530] {logging_mixin.py:137} INFO - 358
[2022-12-26T14:46:47.698+0530] {logging_mixin.py:137} INFO - 359
[2022-12-26T14:46:47.935+0530] {logging_mixin.py:137} INFO - 360
[2022-12-26T14:46:48.160+0530] {logging_mixin.py:137} INFO - 361
[2022-12-26T14:46:48.612+0530] {logging_mixin.py:137} INFO - 362
[2022-12-26T14:46:48.843+0530] {logging_mixin.py:137} INFO - 363
[2022-12-26T14:46:49.199+0530] {logging_mixin.py:137} INFO - 364
[2022-12-26T14:46:49.451+0530] {logging_mixin.py:137} INFO - 365
[2022-12-26T14:46:49.713+0530] {logging_mixin.py:137} INFO - 366
[2022-12-26T14:46:49.961+0530] {logging_mixin.py:137} INFO - 367
[2022-12-26T14:46:50.240+0530] {logging_mixin.py:137} INFO - 368
[2022-12-26T14:46:50.524+0530] {logging_mixin.py:137} INFO - 369
[2022-12-26T14:46:50.810+0530] {logging_mixin.py:137} INFO - 370
[2022-12-26T14:46:51.045+0530] {logging_mixin.py:137} INFO - 371
[2022-12-26T14:46:51.342+0530] {logging_mixin.py:137} INFO - 372
[2022-12-26T14:46:51.579+0530] {logging_mixin.py:137} INFO - 373
[2022-12-26T14:46:51.836+0530] {logging_mixin.py:137} INFO - 374
[2022-12-26T14:46:52.253+0530] {logging_mixin.py:137} INFO - 375
[2022-12-26T14:46:52.521+0530] {logging_mixin.py:137} INFO - 376
[2022-12-26T14:46:52.781+0530] {logging_mixin.py:137} INFO - 377
[2022-12-26T14:46:53.018+0530] {logging_mixin.py:137} INFO - 378
[2022-12-26T14:46:53.286+0530] {logging_mixin.py:137} INFO - 379
[2022-12-26T14:46:53.521+0530] {logging_mixin.py:137} INFO - 380
[2022-12-26T14:46:53.732+0530] {logging_mixin.py:137} INFO - 381
[2022-12-26T14:46:53.975+0530] {logging_mixin.py:137} INFO - 382
[2022-12-26T14:46:54.256+0530] {logging_mixin.py:137} INFO - 383
[2022-12-26T14:46:54.494+0530] {logging_mixin.py:137} INFO - 384
[2022-12-26T14:46:54.855+0530] {logging_mixin.py:137} INFO - 385
[2022-12-26T14:46:56.084+0530] {logging_mixin.py:137} INFO - 386
[2022-12-26T14:46:56.350+0530] {logging_mixin.py:137} INFO - 387
[2022-12-26T14:46:56.566+0530] {logging_mixin.py:137} INFO - 388
[2022-12-26T14:46:56.840+0530] {logging_mixin.py:137} INFO - 389
[2022-12-26T14:46:57.093+0530] {logging_mixin.py:137} INFO - 390
[2022-12-26T14:46:57.397+0530] {logging_mixin.py:137} INFO - 391
[2022-12-26T14:46:57.608+0530] {logging_mixin.py:137} INFO - 392
[2022-12-26T14:46:57.829+0530] {logging_mixin.py:137} INFO - 393
[2022-12-26T14:46:58.057+0530] {logging_mixin.py:137} INFO - 394
[2022-12-26T14:46:58.266+0530] {logging_mixin.py:137} INFO - 395
[2022-12-26T14:46:58.622+0530] {logging_mixin.py:137} INFO - 396
[2022-12-26T14:46:58.856+0530] {logging_mixin.py:137} INFO - 397
[2022-12-26T14:46:59.105+0530] {logging_mixin.py:137} INFO - 398
[2022-12-26T14:46:59.343+0530] {logging_mixin.py:137} INFO - 399
[2022-12-26T14:46:59.568+0530] {logging_mixin.py:137} INFO - 400
[2022-12-26T14:46:59.795+0530] {logging_mixin.py:137} INFO - 401
[2022-12-26T14:47:00.034+0530] {logging_mixin.py:137} INFO - 402
[2022-12-26T14:47:00.289+0530] {logging_mixin.py:137} INFO - 403
[2022-12-26T14:47:00.552+0530] {logging_mixin.py:137} INFO - 404
[2022-12-26T14:47:00.797+0530] {logging_mixin.py:137} INFO - 405
[2022-12-26T14:47:01.067+0530] {logging_mixin.py:137} INFO - 406
[2022-12-26T14:47:02.482+0530] {logging_mixin.py:137} INFO - 407
[2022-12-26T14:47:02.708+0530] {logging_mixin.py:137} INFO - 408
[2022-12-26T14:47:02.929+0530] {logging_mixin.py:137} INFO - 409
[2022-12-26T14:47:03.168+0530] {logging_mixin.py:137} INFO - 410
[2022-12-26T14:47:03.419+0530] {logging_mixin.py:137} INFO - 411
[2022-12-26T14:47:03.639+0530] {logging_mixin.py:137} INFO - 412
[2022-12-26T14:47:03.873+0530] {logging_mixin.py:137} INFO - 413
[2022-12-26T14:47:04.117+0530] {logging_mixin.py:137} INFO - 414
[2022-12-26T14:47:04.353+0530] {logging_mixin.py:137} INFO - 415
[2022-12-26T14:47:04.569+0530] {logging_mixin.py:137} INFO - 416
[2022-12-26T14:47:04.933+0530] {logging_mixin.py:137} INFO - 417
[2022-12-26T14:47:05.207+0530] {logging_mixin.py:137} INFO - 418
[2022-12-26T14:47:05.479+0530] {logging_mixin.py:137} INFO - 419
[2022-12-26T14:47:05.725+0530] {logging_mixin.py:137} INFO - 420
[2022-12-26T14:47:05.934+0530] {logging_mixin.py:137} INFO - 421
[2022-12-26T14:47:06.184+0530] {logging_mixin.py:137} INFO - 422
[2022-12-26T14:47:06.415+0530] {logging_mixin.py:137} INFO - 423
[2022-12-26T14:47:06.638+0530] {logging_mixin.py:137} INFO - 424
[2022-12-26T14:47:06.897+0530] {logging_mixin.py:137} INFO - 425
[2022-12-26T14:47:07.137+0530] {logging_mixin.py:137} INFO - 426
[2022-12-26T14:47:07.355+0530] {logging_mixin.py:137} INFO - 427
[2022-12-26T14:47:07.744+0530] {logging_mixin.py:137} INFO - 428
[2022-12-26T14:47:07.973+0530] {logging_mixin.py:137} INFO - 429
[2022-12-26T14:47:08.243+0530] {logging_mixin.py:137} INFO - 430
[2022-12-26T14:47:08.468+0530] {logging_mixin.py:137} INFO - 431
[2022-12-26T14:47:08.705+0530] {logging_mixin.py:137} INFO - 432
[2022-12-26T14:47:08.965+0530] {logging_mixin.py:137} INFO - 433
[2022-12-26T14:47:09.181+0530] {logging_mixin.py:137} INFO - 434
[2022-12-26T14:47:09.417+0530] {logging_mixin.py:137} INFO - 435
[2022-12-26T14:47:09.640+0530] {logging_mixin.py:137} INFO - 436
[2022-12-26T14:47:09.897+0530] {logging_mixin.py:137} INFO - 437
[2022-12-26T14:47:10.288+0530] {logging_mixin.py:137} INFO - 438
[2022-12-26T14:47:10.523+0530] {logging_mixin.py:137} INFO - 439
[2022-12-26T14:47:10.762+0530] {logging_mixin.py:137} INFO - 440
[2022-12-26T14:47:11.009+0530] {logging_mixin.py:137} INFO - 441
[2022-12-26T14:47:11.221+0530] {logging_mixin.py:137} INFO - 442
[2022-12-26T14:47:11.460+0530] {logging_mixin.py:137} INFO - 443
[2022-12-26T14:47:11.714+0530] {logging_mixin.py:137} INFO - 444
[2022-12-26T14:47:11.954+0530] {logging_mixin.py:137} INFO - 445
[2022-12-26T14:47:12.193+0530] {logging_mixin.py:137} INFO - 446
[2022-12-26T14:47:12.404+0530] {logging_mixin.py:137} INFO - 447
[2022-12-26T14:47:12.763+0530] {logging_mixin.py:137} INFO - 448
[2022-12-26T14:47:12.976+0530] {logging_mixin.py:137} INFO - 449
[2022-12-26T14:47:13.212+0530] {logging_mixin.py:137} INFO - 450
[2022-12-26T14:47:13.448+0530] {logging_mixin.py:137} INFO - 451
[2022-12-26T14:47:13.675+0530] {logging_mixin.py:137} INFO - 452
[2022-12-26T14:47:13.904+0530] {logging_mixin.py:137} INFO - 453
[2022-12-26T14:47:14.124+0530] {logging_mixin.py:137} INFO - 454
[2022-12-26T14:47:14.351+0530] {logging_mixin.py:137} INFO - 455
[2022-12-26T14:47:14.588+0530] {logging_mixin.py:137} INFO - 456
[2022-12-26T14:47:14.861+0530] {logging_mixin.py:137} INFO - 457
[2022-12-26T14:47:15.240+0530] {logging_mixin.py:137} INFO - 458
[2022-12-26T14:47:15.470+0530] {logging_mixin.py:137} INFO - 459
[2022-12-26T14:47:15.720+0530] {logging_mixin.py:137} INFO - 460
[2022-12-26T14:47:15.943+0530] {logging_mixin.py:137} INFO - 461
[2022-12-26T14:47:16.168+0530] {logging_mixin.py:137} INFO - 462
[2022-12-26T14:47:16.411+0530] {logging_mixin.py:137} INFO - 463
[2022-12-26T14:47:16.661+0530] {logging_mixin.py:137} INFO - 464
[2022-12-26T14:47:16.914+0530] {logging_mixin.py:137} INFO - 465
[2022-12-26T14:47:17.180+0530] {logging_mixin.py:137} INFO - 466
[2022-12-26T14:47:17.392+0530] {logging_mixin.py:137} INFO - 467
[2022-12-26T14:47:17.612+0530] {logging_mixin.py:137} INFO - 468
[2022-12-26T14:47:17.989+0530] {logging_mixin.py:137} INFO - 469
[2022-12-26T14:47:18.227+0530] {logging_mixin.py:137} INFO - 470
[2022-12-26T14:47:18.463+0530] {logging_mixin.py:137} INFO - 471
[2022-12-26T14:47:18.699+0530] {logging_mixin.py:137} INFO - 472
[2022-12-26T14:47:18.923+0530] {logging_mixin.py:137} INFO - 473
[2022-12-26T14:47:19.138+0530] {logging_mixin.py:137} INFO - 474
[2022-12-26T14:47:19.364+0530] {logging_mixin.py:137} INFO - 475
[2022-12-26T14:47:19.593+0530] {logging_mixin.py:137} INFO - 476
[2022-12-26T14:47:19.822+0530] {logging_mixin.py:137} INFO - 477
[2022-12-26T14:47:20.042+0530] {logging_mixin.py:137} INFO - 478
[2022-12-26T14:47:20.330+0530] {logging_mixin.py:137} INFO - 479
[2022-12-26T14:47:20.783+0530] {logging_mixin.py:137} INFO - 480
[2022-12-26T14:47:21.055+0530] {logging_mixin.py:137} INFO - 481
[2022-12-26T14:47:21.284+0530] {logging_mixin.py:137} INFO - 482
[2022-12-26T14:47:21.547+0530] {logging_mixin.py:137} INFO - 483
[2022-12-26T14:47:21.764+0530] {logging_mixin.py:137} INFO - 484
[2022-12-26T14:47:22.027+0530] {logging_mixin.py:137} INFO - 485
[2022-12-26T14:47:22.264+0530] {logging_mixin.py:137} INFO - 486
[2022-12-26T14:47:22.486+0530] {logging_mixin.py:137} INFO - 487
[2022-12-26T14:47:22.724+0530] {logging_mixin.py:137} INFO - 488
[2022-12-26T14:47:22.953+0530] {logging_mixin.py:137} INFO - 489
[2022-12-26T14:47:23.316+0530] {logging_mixin.py:137} INFO - 490
[2022-12-26T14:47:23.534+0530] {logging_mixin.py:137} INFO - 491
[2022-12-26T14:47:23.753+0530] {logging_mixin.py:137} INFO - 492
[2022-12-26T14:47:23.977+0530] {logging_mixin.py:137} INFO - 493
[2022-12-26T14:47:24.209+0530] {logging_mixin.py:137} INFO - 494
[2022-12-26T14:47:24.453+0530] {logging_mixin.py:137} INFO - 495
[2022-12-26T14:47:24.697+0530] {logging_mixin.py:137} INFO - 496
[2022-12-26T14:47:24.909+0530] {logging_mixin.py:137} INFO - 497
[2022-12-26T14:47:25.122+0530] {logging_mixin.py:137} INFO - 498
[2022-12-26T14:47:25.398+0530] {logging_mixin.py:137} INFO - 499
[2022-12-26T14:47:25.660+0530] {logging_mixin.py:137} INFO - 500
[2022-12-26T14:47:26.014+0530] {logging_mixin.py:137} INFO - 501
[2022-12-26T14:47:26.264+0530] {logging_mixin.py:137} INFO - 502
[2022-12-26T14:47:26.469+0530] {logging_mixin.py:137} INFO - 503
[2022-12-26T14:47:26.742+0530] {logging_mixin.py:137} INFO - 504
[2022-12-26T14:47:27.031+0530] {logging_mixin.py:137} INFO - 505
[2022-12-26T14:47:27.260+0530] {logging_mixin.py:137} INFO - 506
[2022-12-26T14:47:27.506+0530] {logging_mixin.py:137} INFO - 507
[2022-12-26T14:47:27.720+0530] {logging_mixin.py:137} INFO - 508
[2022-12-26T14:47:27.934+0530] {logging_mixin.py:137} INFO - 509
[2022-12-26T14:47:28.157+0530] {logging_mixin.py:137} INFO - 510
[2022-12-26T14:47:28.393+0530] {logging_mixin.py:137} INFO - 511
[2022-12-26T14:47:28.755+0530] {logging_mixin.py:137} INFO - 512
[2022-12-26T14:47:29.001+0530] {logging_mixin.py:137} INFO - 513
[2022-12-26T14:47:29.221+0530] {logging_mixin.py:137} INFO - 514
[2022-12-26T14:47:29.443+0530] {logging_mixin.py:137} INFO - 515
[2022-12-26T14:47:29.668+0530] {logging_mixin.py:137} INFO - 516
[2022-12-26T14:47:29.898+0530] {logging_mixin.py:137} INFO - 517
[2022-12-26T14:47:30.152+0530] {logging_mixin.py:137} INFO - 518
[2022-12-26T14:47:30.415+0530] {logging_mixin.py:137} INFO - 519
[2022-12-26T14:47:30.666+0530] {logging_mixin.py:137} INFO - 520
[2022-12-26T14:47:30.901+0530] {logging_mixin.py:137} INFO - 521
[2022-12-26T14:47:31.297+0530] {logging_mixin.py:137} INFO - 522
[2022-12-26T14:47:31.516+0530] {logging_mixin.py:137} INFO - 523
[2022-12-26T14:47:31.759+0530] {logging_mixin.py:137} INFO - 524
[2022-12-26T14:47:32.007+0530] {logging_mixin.py:137} INFO - 525
[2022-12-26T14:47:32.222+0530] {logging_mixin.py:137} INFO - 526
[2022-12-26T14:47:32.462+0530] {logging_mixin.py:137} INFO - 527
[2022-12-26T14:47:32.716+0530] {logging_mixin.py:137} INFO - 528
[2022-12-26T14:47:32.984+0530] {logging_mixin.py:137} INFO - 529
[2022-12-26T14:47:33.256+0530] {logging_mixin.py:137} INFO - 530
[2022-12-26T14:47:33.477+0530] {logging_mixin.py:137} INFO - 531
[2022-12-26T14:47:33.709+0530] {logging_mixin.py:137} INFO - 532
[2022-12-26T14:47:34.079+0530] {logging_mixin.py:137} INFO - 533
[2022-12-26T14:47:34.349+0530] {logging_mixin.py:137} INFO - 534
[2022-12-26T14:47:34.579+0530] {logging_mixin.py:137} INFO - 535
[2022-12-26T14:47:34.802+0530] {logging_mixin.py:137} INFO - 536
[2022-12-26T14:47:35.039+0530] {logging_mixin.py:137} INFO - 537
[2022-12-26T14:47:35.296+0530] {logging_mixin.py:137} INFO - 538
[2022-12-26T14:47:35.554+0530] {logging_mixin.py:137} INFO - 539
[2022-12-26T14:47:35.791+0530] {logging_mixin.py:137} INFO - 540
[2022-12-26T14:47:36.051+0530] {logging_mixin.py:137} INFO - 541
[2022-12-26T14:47:36.271+0530] {logging_mixin.py:137} INFO - 542
[2022-12-26T14:47:36.662+0530] {logging_mixin.py:137} INFO - 543
[2022-12-26T14:47:36.902+0530] {logging_mixin.py:137} INFO - 544
[2022-12-26T14:47:37.150+0530] {logging_mixin.py:137} INFO - 545
[2022-12-26T14:47:37.370+0530] {logging_mixin.py:137} INFO - 546
[2022-12-26T14:47:37.589+0530] {logging_mixin.py:137} INFO - 547
[2022-12-26T14:47:38.012+0530] {logging_mixin.py:137} INFO - 548
[2022-12-26T14:47:38.234+0530] {logging_mixin.py:137} INFO - 549
[2022-12-26T14:47:38.452+0530] {logging_mixin.py:137} INFO - 550
[2022-12-26T14:47:38.667+0530] {logging_mixin.py:137} INFO - 551
[2022-12-26T14:47:38.873+0530] {logging_mixin.py:137} INFO - 552
[2022-12-26T14:47:39.097+0530] {logging_mixin.py:137} INFO - 553
[2022-12-26T14:47:39.487+0530] {logging_mixin.py:137} INFO - 554
[2022-12-26T14:47:39.725+0530] {logging_mixin.py:137} INFO - 555
[2022-12-26T14:47:39.945+0530] {logging_mixin.py:137} INFO - 556
[2022-12-26T14:47:40.215+0530] {logging_mixin.py:137} INFO - 557
[2022-12-26T14:47:40.483+0530] {logging_mixin.py:137} INFO - 558
[2022-12-26T14:47:40.740+0530] {logging_mixin.py:137} INFO - 559
[2022-12-26T14:47:40.984+0530] {logging_mixin.py:137} INFO - 560
[2022-12-26T14:47:41.238+0530] {logging_mixin.py:137} INFO - 561
[2022-12-26T14:47:41.506+0530] {logging_mixin.py:137} INFO - 562
[2022-12-26T14:47:41.787+0530] {logging_mixin.py:137} INFO - 563
[2022-12-26T14:47:42.195+0530] {logging_mixin.py:137} INFO - 564
[2022-12-26T14:47:42.430+0530] {logging_mixin.py:137} INFO - 565
[2022-12-26T14:47:42.744+0530] {logging_mixin.py:137} INFO - 566
[2022-12-26T14:47:43.987+0530] {logging_mixin.py:137} INFO - 567
[2022-12-26T14:47:44.257+0530] {logging_mixin.py:137} INFO - 568
[2022-12-26T14:47:44.502+0530] {logging_mixin.py:137} INFO - 569
[2022-12-26T14:47:44.777+0530] {logging_mixin.py:137} INFO - 570
[2022-12-26T14:47:45.007+0530] {logging_mixin.py:137} INFO - 571
[2022-12-26T14:47:45.295+0530] {logging_mixin.py:137} INFO - 572
[2022-12-26T14:47:45.555+0530] {logging_mixin.py:137} INFO - 573
[2022-12-26T14:47:45.962+0530] {logging_mixin.py:137} INFO - 574
[2022-12-26T14:47:46.194+0530] {logging_mixin.py:137} INFO - 575
[2022-12-26T14:47:46.455+0530] {logging_mixin.py:137} INFO - 576
[2022-12-26T14:47:46.700+0530] {logging_mixin.py:137} INFO - 577
[2022-12-26T14:47:46.977+0530] {logging_mixin.py:137} INFO - 578
[2022-12-26T14:47:47.222+0530] {logging_mixin.py:137} INFO - 579
[2022-12-26T14:47:47.474+0530] {logging_mixin.py:137} INFO - 580
[2022-12-26T14:47:47.815+0530] {logging_mixin.py:137} INFO - 581
[2022-12-26T14:47:48.070+0530] {logging_mixin.py:137} INFO - 582
[2022-12-26T14:47:48.333+0530] {logging_mixin.py:137} INFO - 583
[2022-12-26T14:47:48.765+0530] {logging_mixin.py:137} INFO - 584
[2022-12-26T14:47:49.011+0530] {logging_mixin.py:137} INFO - 585
[2022-12-26T14:47:49.279+0530] {logging_mixin.py:137} INFO - 586
[2022-12-26T14:47:49.593+0530] {logging_mixin.py:137} INFO - 587
[2022-12-26T14:47:49.882+0530] {logging_mixin.py:137} INFO - 588
[2022-12-26T14:47:50.154+0530] {logging_mixin.py:137} INFO - 589
[2022-12-26T14:47:50.418+0530] {logging_mixin.py:137} INFO - 590
[2022-12-26T14:47:50.676+0530] {logging_mixin.py:137} INFO - 591
[2022-12-26T14:47:50.984+0530] {logging_mixin.py:137} INFO - 592
[2022-12-26T14:47:51.303+0530] {logging_mixin.py:137} INFO - 593
[2022-12-26T14:47:51.700+0530] {logging_mixin.py:137} INFO - 594
[2022-12-26T14:47:51.951+0530] {logging_mixin.py:137} INFO - 595
[2022-12-26T14:47:52.355+0530] {logging_mixin.py:137} INFO - 596
[2022-12-26T14:47:52.726+0530] {logging_mixin.py:137} INFO - 597
[2022-12-26T14:47:52.962+0530] {logging_mixin.py:137} INFO - 598
[2022-12-26T14:47:53.209+0530] {logging_mixin.py:137} INFO - 599
[2022-12-26T14:47:53.446+0530] {logging_mixin.py:137} INFO - 600
[2022-12-26T14:47:53.679+0530] {logging_mixin.py:137} INFO - 601
[2022-12-26T14:47:53.902+0530] {logging_mixin.py:137} INFO - 602
[2022-12-26T14:47:54.142+0530] {logging_mixin.py:137} INFO - 603
[2022-12-26T14:47:54.537+0530] {logging_mixin.py:137} INFO - 604
[2022-12-26T14:47:54.801+0530] {logging_mixin.py:137} INFO - 605
[2022-12-26T14:47:55.048+0530] {logging_mixin.py:137} INFO - 606
[2022-12-26T14:47:55.364+0530] {logging_mixin.py:137} INFO - 607
[2022-12-26T14:47:55.666+0530] {logging_mixin.py:137} INFO - 608
[2022-12-26T14:47:55.915+0530] {logging_mixin.py:137} INFO - 609
[2022-12-26T14:47:56.158+0530] {logging_mixin.py:137} INFO - 610
[2022-12-26T14:47:56.494+0530] {logging_mixin.py:137} INFO - 611
[2022-12-26T14:47:57.019+0530] {logging_mixin.py:137} INFO - 612
[2022-12-26T14:47:57.515+0530] {logging_mixin.py:137} INFO - 613
[2022-12-26T14:47:58.014+0530] {logging_mixin.py:137} INFO - 614
[2022-12-26T14:47:58.276+0530] {logging_mixin.py:137} INFO - 615
[2022-12-26T14:47:58.624+0530] {logging_mixin.py:137} INFO - 616
[2022-12-26T14:47:59.068+0530] {logging_mixin.py:137} INFO - 617
[2022-12-26T14:47:59.445+0530] {logging_mixin.py:137} INFO - 618
[2022-12-26T14:47:59.672+0530] {logging_mixin.py:137} INFO - 619
[2022-12-26T14:47:59.912+0530] {logging_mixin.py:137} INFO - 620
[2022-12-26T14:48:00.211+0530] {logging_mixin.py:137} INFO - 621
[2022-12-26T14:48:00.486+0530] {logging_mixin.py:137} INFO - 622
[2022-12-26T14:48:00.887+0530] {logging_mixin.py:137} INFO - 623
[2022-12-26T14:48:01.126+0530] {logging_mixin.py:137} INFO - 624
[2022-12-26T14:48:01.404+0530] {logging_mixin.py:137} INFO - 625
[2022-12-26T14:48:01.630+0530] {logging_mixin.py:137} INFO - 626
[2022-12-26T14:48:01.894+0530] {logging_mixin.py:137} INFO - 627
[2022-12-26T14:48:02.152+0530] {logging_mixin.py:137} INFO - 628
[2022-12-26T14:48:02.377+0530] {logging_mixin.py:137} INFO - 629
[2022-12-26T14:48:02.594+0530] {logging_mixin.py:137} INFO - 630
[2022-12-26T14:48:02.830+0530] {logging_mixin.py:137} INFO - 631
[2022-12-26T14:48:03.099+0530] {logging_mixin.py:137} INFO - 632
[2022-12-26T14:48:03.538+0530] {logging_mixin.py:137} INFO - 633
[2022-12-26T14:48:03.783+0530] {logging_mixin.py:137} INFO - 634
[2022-12-26T14:48:04.023+0530] {logging_mixin.py:137} INFO - 635
[2022-12-26T14:48:04.273+0530] {logging_mixin.py:137} INFO - 636
[2022-12-26T14:48:04.490+0530] {logging_mixin.py:137} INFO - 637
[2022-12-26T14:48:04.746+0530] {logging_mixin.py:137} INFO - 638
[2022-12-26T14:48:04.991+0530] {logging_mixin.py:137} INFO - 639
[2022-12-26T14:48:05.221+0530] {logging_mixin.py:137} INFO - 640
[2022-12-26T14:48:05.503+0530] {logging_mixin.py:137} INFO - 641
[2022-12-26T14:48:05.918+0530] {logging_mixin.py:137} INFO - 642
[2022-12-26T14:48:06.144+0530] {logging_mixin.py:137} INFO - 643
[2022-12-26T14:48:06.361+0530] {logging_mixin.py:137} INFO - 644
[2022-12-26T14:48:06.676+0530] {logging_mixin.py:137} INFO - 645
[2022-12-26T14:48:06.959+0530] {logging_mixin.py:137} INFO - 646
[2022-12-26T14:48:07.201+0530] {logging_mixin.py:137} INFO - 647
[2022-12-26T14:48:07.446+0530] {logging_mixin.py:137} INFO - 648
[2022-12-26T14:48:07.710+0530] {logging_mixin.py:137} INFO - 649
[2022-12-26T14:48:07.954+0530] {logging_mixin.py:137} INFO - 650
[2022-12-26T14:48:08.212+0530] {logging_mixin.py:137} INFO - 651
[2022-12-26T14:48:08.628+0530] {logging_mixin.py:137} INFO - 652
[2022-12-26T14:48:08.906+0530] {logging_mixin.py:137} INFO - 653
[2022-12-26T14:48:09.143+0530] {logging_mixin.py:137} INFO - 654
[2022-12-26T14:48:09.437+0530] {logging_mixin.py:137} INFO - 655
[2022-12-26T14:48:09.688+0530] {logging_mixin.py:137} INFO - 656
[2022-12-26T14:48:09.995+0530] {logging_mixin.py:137} INFO - 657
[2022-12-26T14:48:10.266+0530] {logging_mixin.py:137} INFO - 658
[2022-12-26T14:48:10.541+0530] {logging_mixin.py:137} INFO - 659
[2022-12-26T14:48:10.823+0530] {logging_mixin.py:137} INFO - 660
[2022-12-26T14:48:11.217+0530] {logging_mixin.py:137} INFO - 661
[2022-12-26T14:48:11.451+0530] {logging_mixin.py:137} INFO - 662
[2022-12-26T14:48:11.728+0530] {logging_mixin.py:137} INFO - 663
[2022-12-26T14:48:12.004+0530] {logging_mixin.py:137} INFO - 664
[2022-12-26T14:48:12.300+0530] {logging_mixin.py:137} INFO - 665
[2022-12-26T14:48:12.596+0530] {logging_mixin.py:137} INFO - 666
[2022-12-26T14:48:12.831+0530] {logging_mixin.py:137} INFO - 667
[2022-12-26T14:48:13.063+0530] {logging_mixin.py:137} INFO - 668
[2022-12-26T14:48:13.368+0530] {logging_mixin.py:137} INFO - 669
[2022-12-26T14:48:13.771+0530] {logging_mixin.py:137} INFO - 670
[2022-12-26T14:48:14.054+0530] {logging_mixin.py:137} INFO - 671
[2022-12-26T14:48:14.314+0530] {logging_mixin.py:137} INFO - 672
[2022-12-26T14:48:14.590+0530] {logging_mixin.py:137} INFO - 673
[2022-12-26T14:48:14.831+0530] {logging_mixin.py:137} INFO - 674
[2022-12-26T14:48:15.109+0530] {logging_mixin.py:137} INFO - 675
[2022-12-26T14:48:15.425+0530] {logging_mixin.py:137} INFO - 676
[2022-12-26T14:48:15.738+0530] {logging_mixin.py:137} INFO - 677
[2022-12-26T14:48:16.026+0530] {logging_mixin.py:137} INFO - 678
[2022-12-26T14:48:16.416+0530] {logging_mixin.py:137} INFO - 679
[2022-12-26T14:48:16.665+0530] {logging_mixin.py:137} INFO - 680
[2022-12-26T14:48:16.943+0530] {logging_mixin.py:137} INFO - 681
[2022-12-26T14:48:17.206+0530] {logging_mixin.py:137} INFO - 682
[2022-12-26T14:48:17.465+0530] {logging_mixin.py:137} INFO - 683
[2022-12-26T14:48:17.745+0530] {logging_mixin.py:137} INFO - 684
[2022-12-26T14:48:18.043+0530] {logging_mixin.py:137} INFO - 685
[2022-12-26T14:48:18.295+0530] {logging_mixin.py:137} INFO - 686
[2022-12-26T14:48:18.556+0530] {logging_mixin.py:137} INFO - 687
[2022-12-26T14:48:18.916+0530] {logging_mixin.py:137} INFO - 688
[2022-12-26T14:48:19.152+0530] {logging_mixin.py:137} INFO - 689
[2022-12-26T14:48:19.415+0530] {logging_mixin.py:137} INFO - 690
[2022-12-26T14:48:19.674+0530] {logging_mixin.py:137} INFO - 691
[2022-12-26T14:48:19.923+0530] {logging_mixin.py:137} INFO - 692
[2022-12-26T14:48:20.264+0530] {logging_mixin.py:137} INFO - 693
[2022-12-26T14:48:20.556+0530] {logging_mixin.py:137} INFO - 694
[2022-12-26T14:48:20.820+0530] {logging_mixin.py:137} INFO - 695
[2022-12-26T14:48:21.110+0530] {logging_mixin.py:137} INFO - 696
[2022-12-26T14:48:21.486+0530] {logging_mixin.py:137} INFO - 697
[2022-12-26T14:48:21.766+0530] {logging_mixin.py:137} INFO - 698
[2022-12-26T14:48:22.076+0530] {logging_mixin.py:137} INFO - 699
[2022-12-26T14:48:22.321+0530] {logging_mixin.py:137} INFO - 700
[2022-12-26T14:48:22.558+0530] {logging_mixin.py:137} INFO - 701
[2022-12-26T14:48:22.880+0530] {logging_mixin.py:137} INFO - 702
[2022-12-26T14:48:23.108+0530] {logging_mixin.py:137} INFO - 703
[2022-12-26T14:48:23.337+0530] {logging_mixin.py:137} INFO - 704
[2022-12-26T14:48:23.593+0530] {logging_mixin.py:137} INFO - 705
[2022-12-26T14:48:23.994+0530] {logging_mixin.py:137} INFO - 706
[2022-12-26T14:48:24.286+0530] {logging_mixin.py:137} INFO - 707
[2022-12-26T14:48:24.539+0530] {logging_mixin.py:137} INFO - 708
[2022-12-26T14:48:24.816+0530] {logging_mixin.py:137} INFO - 709
[2022-12-26T14:48:25.067+0530] {logging_mixin.py:137} INFO - 710
[2022-12-26T14:48:25.358+0530] {logging_mixin.py:137} INFO - 711
[2022-12-26T14:48:25.629+0530] {logging_mixin.py:137} INFO - 712
[2022-12-26T14:48:25.884+0530] {logging_mixin.py:137} INFO - 713
[2022-12-26T14:48:26.267+0530] {logging_mixin.py:137} INFO - 714
[2022-12-26T14:48:26.520+0530] {logging_mixin.py:137} INFO - 715
[2022-12-26T14:48:26.792+0530] {logging_mixin.py:137} INFO - 716
[2022-12-26T14:48:27.058+0530] {logging_mixin.py:137} INFO - 717
[2022-12-26T14:48:27.330+0530] {logging_mixin.py:137} INFO - 718
[2022-12-26T14:48:27.604+0530] {logging_mixin.py:137} INFO - 719
[2022-12-26T14:48:27.900+0530] {logging_mixin.py:137} INFO - 720
[2022-12-26T14:48:28.367+0530] {logging_mixin.py:137} INFO - 721
[2022-12-26T14:48:28.616+0530] {logging_mixin.py:137} INFO - 722
[2022-12-26T14:48:29.018+0530] {logging_mixin.py:137} INFO - 723
[2022-12-26T14:48:29.269+0530] {logging_mixin.py:137} INFO - 724
[2022-12-26T14:48:29.505+0530] {logging_mixin.py:137} INFO - 725
[2022-12-26T14:48:29.845+0530] {logging_mixin.py:137} INFO - 726
[2022-12-26T14:48:30.089+0530] {logging_mixin.py:137} INFO - 727
[2022-12-26T14:48:30.392+0530] {logging_mixin.py:137} INFO - 728
[2022-12-26T14:48:30.680+0530] {logging_mixin.py:137} INFO - 729
[2022-12-26T14:48:31.936+0530] {logging_mixin.py:137} INFO - 730
[2022-12-26T14:48:32.230+0530] {logging_mixin.py:137} INFO - 731
[2022-12-26T14:48:32.617+0530] {logging_mixin.py:137} INFO - 732
[2022-12-26T14:48:32.864+0530] {logging_mixin.py:137} INFO - 733
[2022-12-26T14:48:33.142+0530] {logging_mixin.py:137} INFO - 734
[2022-12-26T14:48:33.371+0530] {logging_mixin.py:137} INFO - 735
[2022-12-26T14:48:33.615+0530] {logging_mixin.py:137} INFO - 736
[2022-12-26T14:48:33.853+0530] {logging_mixin.py:137} INFO - 737
[2022-12-26T14:48:34.120+0530] {logging_mixin.py:137} INFO - 738
[2022-12-26T14:48:34.387+0530] {logging_mixin.py:137} INFO - 739
[2022-12-26T14:48:34.627+0530] {logging_mixin.py:137} INFO - 740
[2022-12-26T14:48:35.064+0530] {logging_mixin.py:137} INFO - 741
[2022-12-26T14:48:35.384+0530] {logging_mixin.py:137} INFO - 742
[2022-12-26T14:48:35.692+0530] {logging_mixin.py:137} INFO - 743
[2022-12-26T14:48:35.957+0530] {logging_mixin.py:137} INFO - 744
[2022-12-26T14:48:36.189+0530] {logging_mixin.py:137} INFO - 745
[2022-12-26T14:48:36.413+0530] {logging_mixin.py:137} INFO - 746
[2022-12-26T14:48:36.676+0530] {logging_mixin.py:137} INFO - 747
[2022-12-26T14:48:36.940+0530] {logging_mixin.py:137} INFO - 748
[2022-12-26T14:48:37.195+0530] {logging_mixin.py:137} INFO - 749
[2022-12-26T14:48:37.579+0530] {logging_mixin.py:137} INFO - 750
[2022-12-26T14:48:37.815+0530] {logging_mixin.py:137} INFO - 751
[2022-12-26T14:48:38.073+0530] {logging_mixin.py:137} INFO - 752
[2022-12-26T14:48:38.318+0530] {logging_mixin.py:137} INFO - 753
[2022-12-26T14:48:38.548+0530] {logging_mixin.py:137} INFO - 754
[2022-12-26T14:48:38.808+0530] {logging_mixin.py:137} INFO - 755
[2022-12-26T14:48:39.111+0530] {logging_mixin.py:137} INFO - 756
[2022-12-26T14:48:39.353+0530] {logging_mixin.py:137} INFO - 757
[2022-12-26T14:48:39.604+0530] {logging_mixin.py:137} INFO - 758
[2022-12-26T14:48:40.006+0530] {logging_mixin.py:137} INFO - 759
[2022-12-26T14:48:40.297+0530] {logging_mixin.py:137} INFO - 760
[2022-12-26T14:48:41.110+0530] {logging_mixin.py:137} INFO - 761
[2022-12-26T14:48:41.391+0530] {logging_mixin.py:137} INFO - 762
[2022-12-26T14:48:41.625+0530] {logging_mixin.py:137} INFO - 763
[2022-12-26T14:48:41.870+0530] {logging_mixin.py:137} INFO - 764
[2022-12-26T14:48:42.130+0530] {logging_mixin.py:137} INFO - 765
[2022-12-26T14:48:43.061+0530] {logging_mixin.py:137} INFO - 766
[2022-12-26T14:48:43.814+0530] {logging_mixin.py:137} INFO - 767
[2022-12-26T14:48:44.072+0530] {logging_mixin.py:137} INFO - 768
[2022-12-26T14:48:44.986+0530] {logging_mixin.py:137} INFO - 769
[2022-12-26T14:48:45.849+0530] {logging_mixin.py:137} INFO - 770
[2022-12-26T14:48:46.101+0530] {logging_mixin.py:137} INFO - 771
[2022-12-26T14:48:46.984+0530] {logging_mixin.py:137} INFO - 772
[2022-12-26T14:48:47.991+0530] {logging_mixin.py:137} INFO - 773
[2022-12-26T14:48:48.265+0530] {logging_mixin.py:137} INFO - 774
[2022-12-26T14:48:49.548+0530] {logging_mixin.py:137} INFO - 775
[2022-12-26T14:48:49.804+0530] {logging_mixin.py:137} INFO - 776
[2022-12-26T14:48:50.178+0530] {logging_mixin.py:137} INFO - 777
[2022-12-26T14:48:50.479+0530] {logging_mixin.py:137} INFO - 778
[2022-12-26T14:49:34.763+0530] {logging_mixin.py:137} INFO - 779
[2022-12-26T14:49:49.101+0530] {logging_mixin.py:137} INFO - 780
[2022-12-26T14:49:54.975+0530] {logging_mixin.py:137} INFO - 781
[2022-12-26T14:49:56.897+0530] {logging_mixin.py:137} INFO - 782
[2022-12-26T14:49:58.865+0530] {logging_mixin.py:137} INFO - 783
[2022-12-26T14:50:32.276+0530] {logging_mixin.py:137} INFO - 784
[2022-12-26T14:50:47.209+0530] {logging_mixin.py:137} INFO - 785
[2022-12-26T14:51:05.087+0530] {logging_mixin.py:137} INFO - 786
[2022-12-26T14:51:25.828+0530] {logging_mixin.py:137} INFO - 787
[2022-12-26T14:51:44.380+0530] {logging_mixin.py:137} INFO - 788
[2022-12-26T14:51:59.706+0530] {logging_mixin.py:137} INFO - 789
[2022-12-26T14:53:01.480+0530] {logging_mixin.py:137} INFO - 790
[2022-12-26T14:53:01.755+0530] {logging_mixin.py:137} INFO - 791
[2022-12-26T14:53:02.060+0530] {logging_mixin.py:137} INFO - 792
[2022-12-26T14:53:02.363+0530] {logging_mixin.py:137} INFO - 793
[2022-12-26T14:53:02.689+0530] {logging_mixin.py:137} INFO - 794
[2022-12-26T14:53:02.951+0530] {logging_mixin.py:137} INFO - 795
[2022-12-26T14:55:25.488+0530] {logging_mixin.py:137} INFO - 796
[2022-12-26T14:55:25.774+0530] {logging_mixin.py:137} INFO - 797
[2022-12-26T14:55:26.041+0530] {logging_mixin.py:137} INFO - 798
[2022-12-26T14:55:26.467+0530] {logging_mixin.py:137} INFO - 799
[2022-12-26T14:55:26.726+0530] {logging_mixin.py:137} INFO - 800
[2022-12-26T14:56:30.408+0530] {python.py:177} INFO - Done. Returned value was: ([datetime.datetime(2020, 8, 4, 0, 0), datetime.datetime(2020, 8, 11, 0, 0), datetime.datetime(2020, 8, 13, 0, 0), datetime.datetime(2020, 8, 17, 0, 0), datetime.datetime(2020, 8, 19, 0, 0), datetime.datetime(2020, 8, 23, 0, 0), datetime.datetime(2020, 8, 25, 0, 0), datetime.datetime(2020, 8, 28, 0, 0), datetime.datetime(2020, 8, 29, 0, 0), datetime.datetime(2020, 9, 3, 0, 0), datetime.datetime(2020, 9, 4, 0, 0), datetime.datetime(2020, 9, 5, 0, 0), datetime.datetime(2020, 9, 6, 0, 0), datetime.datetime(2020, 9, 7, 0, 0), datetime.datetime(2020, 9, 8, 0, 0), datetime.datetime(2020, 9, 9, 0, 0), datetime.datetime(2020, 9, 10, 0, 0), datetime.datetime(2020, 9, 11, 0, 0), datetime.datetime(2020, 9, 13, 0, 0), datetime.datetime(2020, 9, 14, 0, 0), datetime.datetime(2020, 9, 15, 0, 0), datetime.datetime(2020, 9, 16, 0, 0), datetime.datetime(2020, 9, 17, 0, 0), datetime.datetime(2020, 9, 18, 0, 0), datetime.datetime(2020, 9, 19, 0, 0), datetime.datetime(2020, 9, 20, 0, 0), datetime.datetime(2020, 9, 22, 0, 0), datetime.datetime(2020, 9, 24, 0, 0), datetime.datetime(2020, 9, 25, 0, 0), datetime.datetime(2020, 9, 27, 0, 0), datetime.datetime(2020, 9, 28, 0, 0), datetime.datetime(2020, 9, 29, 0, 0), datetime.datetime(2020, 9, 30, 0, 0), datetime.datetime(2020, 10, 1, 0, 0), datetime.datetime(2020, 10, 3, 0, 0), datetime.datetime(2020, 10, 4, 0, 0), datetime.datetime(2020, 10, 5, 0, 0), datetime.datetime(2020, 10, 6, 0, 0), datetime.datetime(2020, 10, 7, 0, 0), datetime.datetime(2020, 10, 8, 0, 0), datetime.datetime(2020, 10, 9, 0, 0), datetime.datetime(2020, 10, 11, 0, 0), datetime.datetime(2020, 10, 12, 0, 0), datetime.datetime(2020, 10, 13, 0, 0), datetime.datetime(2020, 10, 14, 0, 0), datetime.datetime(2020, 10, 15, 0, 0), datetime.datetime(2020, 10, 16, 0, 0), datetime.datetime(2020, 10, 17, 0, 0), datetime.datetime(2020, 10, 18, 0, 0), datetime.datetime(2020, 10, 19, 0, 0), datetime.datetime(2020, 10, 20, 0, 0), datetime.datetime(2020, 10, 21, 0, 0), datetime.datetime(2020, 10, 22, 0, 0), datetime.datetime(2020, 10, 23, 0, 0), datetime.datetime(2020, 10, 25, 0, 0), datetime.datetime(2020, 10, 26, 0, 0), datetime.datetime(2020, 10, 27, 0, 0), datetime.datetime(2020, 10, 28, 0, 0), datetime.datetime(2020, 10, 29, 0, 0), datetime.datetime(2020, 10, 31, 0, 0), datetime.datetime(2020, 11, 1, 0, 0), datetime.datetime(2020, 11, 2, 0, 0), datetime.datetime(2020, 11, 3, 0, 0), datetime.datetime(2020, 11, 4, 0, 0), datetime.datetime(2020, 11, 5, 0, 0), datetime.datetime(2020, 11, 6, 0, 0), datetime.datetime(2020, 11, 7, 0, 0), datetime.datetime(2020, 11, 8, 0, 0), datetime.datetime(2020, 11, 9, 0, 0), datetime.datetime(2020, 11, 10, 0, 0), datetime.datetime(2020, 11, 11, 0, 0), datetime.datetime(2020, 11, 12, 0, 0), datetime.datetime(2020, 11, 13, 0, 0), datetime.datetime(2020, 11, 16, 0, 0), datetime.datetime(2020, 11, 17, 0, 0), datetime.datetime(2020, 11, 18, 0, 0), datetime.datetime(2020, 11, 19, 0, 0), datetime.datetime(2020, 11, 20, 0, 0), datetime.datetime(2020, 11, 21, 0, 0), datetime.datetime(2020, 11, 22, 0, 0), datetime.datetime(2020, 11, 23, 0, 0), datetime.datetime(2020, 11, 24, 0, 0), datetime.datetime(2020, 11, 25, 0, 0), datetime.datetime(2020, 11, 26, 0, 0), datetime.datetime(2020, 11, 27, 0, 0), datetime.datetime(2020, 11, 30, 0, 0), datetime.datetime(2020, 12, 2, 0, 0), datetime.datetime(2020, 12, 3, 0, 0), datetime.datetime(2020, 12, 4, 0, 0), datetime.datetime(2020, 12, 5, 0, 0), datetime.datetime(2020, 12, 6, 0, 0), datetime.datetime(2020, 12, 7, 0, 0), datetime.datetime(2020, 12, 8, 0, 0), datetime.datetime(2020, 12, 9, 0, 0), datetime.datetime(2020, 12, 10, 0, 0), datetime.datetime(2020, 12, 11, 0, 0), datetime.datetime(2020, 12, 13, 0, 0), datetime.datetime(2020, 12, 14, 0, 0), datetime.datetime(2020, 12, 15, 0, 0), datetime.datetime(2020, 12, 16, 0, 0), datetime.datetime(2020, 12, 17, 0, 0), datetime.datetime(2020, 12, 18, 0, 0), datetime.datetime(2020, 12, 19, 0, 0), datetime.datetime(2020, 12, 21, 0, 0), datetime.datetime(2020, 12, 22, 0, 0), datetime.datetime(2020, 12, 23, 0, 0), datetime.datetime(2020, 12, 24, 0, 0), datetime.datetime(2020, 12, 27, 0, 0), datetime.datetime(2020, 12, 28, 0, 0), datetime.datetime(2020, 12, 29, 0, 0), datetime.datetime(2020, 12, 31, 0, 0), datetime.datetime(2021, 1, 1, 0, 0), datetime.datetime(2021, 1, 2, 0, 0), datetime.datetime(2021, 1, 3, 0, 0), datetime.datetime(2021, 1, 4, 0, 0), datetime.datetime(2021, 1, 5, 0, 0), datetime.datetime(2021, 1, 6, 0, 0), datetime.datetime(2021, 1, 7, 0, 0), datetime.datetime(2021, 1, 8, 0, 0), datetime.datetime(2021, 1, 10, 0, 0), datetime.datetime(2021, 1, 12, 0, 0), datetime.datetime(2021, 1, 13, 0, 0), datetime.datetime(2021, 1, 14, 0, 0), datetime.datetime(2021, 1, 16, 0, 0), datetime.datetime(2021, 1, 17, 0, 0), datetime.datetime(2021, 1, 18, 0, 0), datetime.datetime(2021, 1, 20, 0, 0), datetime.datetime(2021, 1, 21, 0, 0), datetime.datetime(2021, 1, 22, 0, 0), datetime.datetime(2021, 1, 24, 0, 0), datetime.datetime(2021, 1, 25, 0, 0), datetime.datetime(2021, 1, 26, 0, 0), datetime.datetime(2021, 1, 27, 0, 0), datetime.datetime(2021, 1, 28, 0, 0), datetime.datetime(2021, 1, 29, 0, 0), datetime.datetime(2021, 1, 30, 0, 0), datetime.datetime(2021, 1, 31, 0, 0), datetime.datetime(2021, 2, 1, 0, 0), datetime.datetime(2021, 2, 2, 0, 0), datetime.datetime(2021, 2, 3, 0, 0), datetime.datetime(2021, 2, 4, 0, 0), datetime.datetime(2021, 2, 5, 0, 0), datetime.datetime(2021, 2, 6, 0, 0), datetime.datetime(2021, 2, 7, 0, 0), datetime.datetime(2021, 2, 8, 0, 0), datetime.datetime(2021, 2, 9, 0, 0), datetime.datetime(2021, 2, 10, 0, 0), datetime.datetime(2021, 2, 11, 0, 0), datetime.datetime(2021, 2, 12, 0, 0), datetime.datetime(2021, 2, 14, 0, 0), datetime.datetime(2021, 2, 15, 0, 0), datetime.datetime(2021, 2, 16, 0, 0), datetime.datetime(2021, 2, 17, 0, 0), datetime.datetime(2021, 2, 18, 0, 0), datetime.datetime(2021, 2, 20, 0, 0), datetime.datetime(2021, 2, 21, 0, 0), datetime.datetime(2021, 2, 22, 0, 0), datetime.datetime(2021, 2, 23, 0, 0), datetime.datetime(2021, 2, 24, 0, 0), datetime.datetime(2021, 2, 25, 0, 0), datetime.datetime(2021, 2, 26, 0, 0), datetime.datetime(2021, 2, 28, 0, 0), datetime.datetime(2021, 3, 1, 0, 0), datetime.datetime(2021, 3, 2, 0, 0), datetime.datetime(2021, 3, 3, 0, 0), datetime.datetime(2021, 3, 4, 0, 0), datetime.datetime(2021, 3, 5, 0, 0), datetime.datetime(2021, 3, 6, 0, 0), datetime.datetime(2021, 3, 7, 0, 0), datetime.datetime(2021, 3, 8, 0, 0), datetime.datetime(2021, 3, 9, 0, 0), datetime.datetime(2021, 3, 10, 0, 0), datetime.datetime(2021, 3, 11, 0, 0), datetime.datetime(2021, 3, 12, 0, 0), datetime.datetime(2021, 3, 14, 0, 0), datetime.datetime(2021, 3, 15, 0, 0), datetime.datetime(2021, 3, 16, 0, 0), datetime.datetime(2021, 3, 17, 0, 0), datetime.datetime(2021, 3, 18, 0, 0), datetime.datetime(2021, 3, 19, 0, 0), datetime.datetime(2021, 3, 20, 0, 0), datetime.datetime(2021, 3, 21, 0, 0), datetime.datetime(2021, 3, 23, 0, 0), datetime.datetime(2021, 3, 24, 0, 0), datetime.datetime(2021, 3, 25, 0, 0), datetime.datetime(2021, 3, 26, 0, 0), datetime.datetime(2021, 3, 29, 0, 0), datetime.datetime(2021, 3, 30, 0, 0), datetime.datetime(2021, 3, 31, 0, 0), datetime.datetime(2021, 4, 1, 0, 0), datetime.datetime(2021, 4, 3, 0, 0), datetime.datetime(2021, 4, 4, 0, 0), datetime.datetime(2021, 4, 5, 0, 0), datetime.datetime(2021, 4, 6, 0, 0), datetime.datetime(2021, 4, 7, 0, 0), datetime.datetime(2021, 4, 8, 0, 0), datetime.datetime(2021, 4, 9, 0, 0), datetime.datetime(2021, 4, 11, 0, 0), datetime.datetime(2021, 4, 12, 0, 0), datetime.datetime(2021, 4, 14, 0, 0), datetime.datetime(2021, 4, 15, 0, 0), datetime.datetime(2021, 4, 16, 0, 0), datetime.datetime(2021, 4, 17, 0, 0), datetime.datetime(2021, 4, 18, 0, 0), datetime.datetime(2021, 4, 19, 0, 0), datetime.datetime(2021, 4, 20, 0, 0), datetime.datetime(2021, 4, 22, 0, 0), datetime.datetime(2021, 4, 23, 0, 0), datetime.datetime(2021, 4, 25, 0, 0), datetime.datetime(2021, 4, 26, 0, 0), datetime.datetime(2021, 4, 27, 0, 0), datetime.datetime(2021, 4, 28, 0, 0), datetime.datetime(2021, 4, 29, 0, 0), datetime.datetime(2021, 4, 30, 0, 0), datetime.datetime(2021, 5, 2, 0, 0), datetime.datetime(2021, 5, 3, 0, 0), datetime.datetime(2021, 5, 4, 0, 0), datetime.datetime(2021, 5, 5, 0, 0), datetime.datetime(2021, 5, 6, 0, 0), datetime.datetime(2021, 5, 7, 0, 0), datetime.datetime(2021, 5, 9, 0, 0), datetime.datetime(2021, 5, 10, 0, 0), datetime.datetime(2021, 5, 11, 0, 0), datetime.datetime(2021, 5, 12, 0, 0), datetime.datetime(2021, 5, 13, 0, 0), datetime.datetime(2021, 5, 14, 0, 0), datetime.datetime(2021, 5, 15, 0, 0), datetime.datetime(2021, 5, 16, 0, 0), datetime.datetime(2021, 5, 17, 0, 0), datetime.datetime(2021, 5, 18, 0, 0), datetime.datetime(2021, 5, 19, 0, 0), datetime.datetime(2021, 5, 20, 0, 0), datetime.datetime(2021, 5, 21, 0, 0), datetime.datetime(2021, 5, 24, 0, 0), datetime.datetime(2021, 5, 25, 0, 0), datetime.datetime(2021, 5, 26, 0, 0), datetime.datetime(2021, 5, 27, 0, 0), datetime.datetime(2021, 5, 28, 0, 0), datetime.datetime(2021, 5, 29, 0, 0), datetime.datetime(2021, 5, 30, 0, 0), datetime.datetime(2021, 5, 31, 0, 0), datetime.datetime(2021, 6, 1, 0, 0), datetime.datetime(2021, 6, 2, 0, 0), datetime.datetime(2021, 6, 3, 0, 0), datetime.datetime(2021, 6, 4, 0, 0), datetime.datetime(2021, 6, 6, 0, 0), datetime.datetime(2021, 6, 5, 0, 0), datetime.datetime(2021, 6, 7, 0, 0), datetime.datetime(2021, 6, 8, 0, 0), datetime.datetime(2021, 6, 9, 0, 0), datetime.datetime(2021, 6, 10, 0, 0), datetime.datetime(2021, 6, 11, 0, 0), datetime.datetime(2021, 6, 13, 0, 0), datetime.datetime(2021, 6, 14, 0, 0), datetime.datetime(2021, 6, 15, 0, 0), datetime.datetime(2021, 6, 16, 0, 0), datetime.datetime(2021, 6, 17, 0, 0), datetime.datetime(2021, 6, 18, 0, 0), datetime.datetime(2021, 6, 19, 0, 0), datetime.datetime(2021, 6, 20, 0, 0), datetime.datetime(2021, 6, 21, 0, 0), datetime.datetime(2021, 6, 22, 0, 0), datetime.datetime(2021, 6, 23, 0, 0), datetime.datetime(2021, 6, 24, 0, 0), datetime.datetime(2021, 6, 25, 0, 0), datetime.datetime(2021, 6, 27, 0, 0), datetime.datetime(2021, 6, 28, 0, 0), datetime.datetime(2021, 6, 29, 0, 0), datetime.datetime(2021, 7, 1, 0, 0), datetime.datetime(2021, 7, 2, 0, 0), datetime.datetime(2021, 7, 3, 0, 0), datetime.datetime(2021, 7, 4, 0, 0), datetime.datetime(2021, 7, 5, 0, 0), datetime.datetime(2021, 7, 6, 0, 0), datetime.datetime(2021, 7, 7, 0, 0), datetime.datetime(2021, 7, 8, 0, 0), datetime.datetime(2021, 7, 9, 0, 0), datetime.datetime(2021, 7, 11, 0, 0), datetime.datetime(2021, 7, 12, 0, 0), datetime.datetime(2021, 7, 13, 0, 0), datetime.datetime(2021, 7, 14, 0, 0), datetime.datetime(2021, 7, 15, 0, 0), datetime.datetime(2021, 7, 16, 0, 0), datetime.datetime(2021, 7, 17, 0, 0), datetime.datetime(2021, 7, 18, 0, 0), datetime.datetime(2021, 7, 19, 0, 0), datetime.datetime(2021, 7, 20, 0, 0), datetime.datetime(2021, 7, 21, 0, 0), datetime.datetime(2021, 7, 22, 0, 0), datetime.datetime(2021, 7, 23, 0, 0), datetime.datetime(2021, 7, 25, 0, 0), datetime.datetime(2021, 7, 26, 0, 0), datetime.datetime(2021, 7, 27, 0, 0), datetime.datetime(2021, 7, 28, 0, 0), datetime.datetime(2021, 7, 29, 0, 0), datetime.datetime(2021, 7, 30, 0, 0), datetime.datetime(2021, 7, 31, 0, 0), datetime.datetime(2021, 8, 2, 0, 0), datetime.datetime(2021, 8, 3, 0, 0), datetime.datetime(2021, 8, 4, 0, 0), datetime.datetime(2021, 8, 5, 0, 0), datetime.datetime(2021, 8, 6, 0, 0), datetime.datetime(2021, 8, 7, 0, 0), datetime.datetime(2021, 8, 8, 0, 0), datetime.datetime(2021, 8, 9, 0, 0), datetime.datetime(2021, 8, 10, 0, 0), datetime.datetime(2021, 8, 11, 0, 0), datetime.datetime(2021, 8, 12, 0, 0), datetime.datetime(2021, 8, 13, 0, 0), datetime.datetime(2021, 8, 16, 0, 0), datetime.datetime(2021, 8, 17, 0, 0), datetime.datetime(2021, 8, 18, 0, 0), datetime.datetime(2021, 8, 19, 0, 0), datetime.datetime(2021, 8, 20, 0, 0), datetime.datetime(2021, 8, 21, 0, 0), datetime.datetime(2021, 8, 22, 0, 0), datetime.datetime(2021, 8, 23, 0, 0), datetime.datetime(2021, 8, 24, 0, 0), datetime.datetime(2021, 8, 25, 0, 0), datetime.datetime(2021, 8, 26, 0, 0), datetime.datetime(2021, 8, 27, 0, 0), datetime.datetime(2021, 8, 29, 0, 0), datetime.datetime(2021, 8, 31, 0, 0), datetime.datetime(2021, 9, 1, 0, 0), datetime.datetime(2021, 9, 2, 0, 0), datetime.datetime(2021, 9, 3, 0, 0), datetime.datetime(2021, 9, 4, 0, 0), datetime.datetime(2021, 9, 5, 0, 0), datetime.datetime(2021, 9, 6, 0, 0), datetime.datetime(2021, 9, 7, 0, 0), datetime.datetime(2021, 9, 8, 0, 0), datetime.datetime(2021, 9, 9, 0, 0), datetime.datetime(2021, 9, 12, 0, 0), datetime.datetime(2021, 9, 13, 0, 0), datetime.datetime(2021, 9, 14, 0, 0), datetime.datetime(2021, 9, 15, 0, 0), datetime.datetime(2021, 9, 16, 0, 0), datetime.datetime(2021, 9, 17, 0, 0), datetime.datetime(2021, 9, 18, 0, 0), datetime.datetime(2021, 9, 19, 0, 0), datetime.datetime(2021, 9, 20, 0, 0), datetime.datetime(2021, 9, 21, 0, 0), datetime.datetime(2021, 9, 22, 0, 0), datetime.datetime(2021, 9, 23, 0, 0), datetime.datetime(2021, 9, 24, 0, 0), datetime.datetime(2021, 9, 26, 0, 0), datetime.datetime(2021, 9, 27, 0, 0), datetime.datetime(2021, 9, 28, 0, 0), datetime.datetime(2021, 9, 29, 0, 0), datetime.datetime(2021, 9, 30, 0, 0), datetime.datetime(2021, 10, 1, 0, 0), datetime.datetime(2021, 10, 3, 0, 0), datetime.datetime(2021, 10, 4, 0, 0), datetime.datetime(2021, 10, 5, 0, 0), datetime.datetime(2021, 10, 6, 0, 0), datetime.datetime(2021, 10, 7, 0, 0), datetime.datetime(2021, 10, 8, 0, 0), datetime.datetime(2021, 10, 10, 0, 0), datetime.datetime(2021, 10, 11, 0, 0), datetime.datetime(2021, 10, 12, 0, 0), datetime.datetime(2021, 10, 13, 0, 0), datetime.datetime(2021, 10, 14, 0, 0), datetime.datetime(2021, 10, 16, 0, 0), datetime.datetime(2021, 10, 17, 0, 0), datetime.datetime(2021, 10, 18, 0, 0), datetime.datetime(2021, 10, 19, 0, 0), datetime.datetime(2021, 10, 20, 0, 0), datetime.datetime(2021, 10, 21, 0, 0), datetime.datetime(2021, 10, 22, 0, 0), datetime.datetime(2021, 10, 24, 0, 0), datetime.datetime(2021, 10, 25, 0, 0), datetime.datetime(2021, 10, 26, 0, 0), datetime.datetime(2021, 10, 27, 0, 0), datetime.datetime(2021, 10, 28, 0, 0), datetime.datetime(2021, 10, 29, 0, 0), datetime.datetime(2021, 10, 30, 0, 0), datetime.datetime(2021, 10, 31, 0, 0), datetime.datetime(2021, 11, 1, 0, 0), datetime.datetime(2021, 11, 2, 0, 0), datetime.datetime(2021, 11, 3, 0, 0), datetime.datetime(2021, 11, 6, 0, 0), datetime.datetime(2021, 11, 7, 0, 0), datetime.datetime(2021, 11, 8, 0, 0), datetime.datetime(2021, 11, 9, 0, 0), datetime.datetime(2021, 11, 10, 0, 0), datetime.datetime(2021, 11, 11, 0, 0), datetime.datetime(2021, 11, 12, 0, 0), datetime.datetime(2021, 11, 14, 0, 0), datetime.datetime(2021, 11, 15, 0, 0), datetime.datetime(2021, 11, 16, 0, 0), datetime.datetime(2021, 11, 17, 0, 0), datetime.datetime(2021, 11, 18, 0, 0), datetime.datetime(2021, 11, 21, 0, 0), datetime.datetime(2021, 11, 20, 0, 0), datetime.datetime(2021, 11, 22, 0, 0), datetime.datetime(2021, 11, 23, 0, 0), datetime.datetime(2021, 11, 24, 0, 0), datetime.datetime(2021, 11, 25, 0, 0), datetime.datetime(2021, 11, 26, 0, 0), datetime.datetime(2021, 11, 28, 0, 0), datetime.datetime(2021, 11, 29, 0, 0), datetime.datetime(2021, 11, 30, 0, 0), datetime.datetime(2021, 12, 1, 0, 0), datetime.datetime(2021, 12, 2, 0, 0), datetime.datetime(2021, 12, 3, 0, 0), datetime.datetime(2021, 12, 4, 0, 0), datetime.datetime(2021, 12, 5, 0, 0), datetime.datetime(2021, 12, 6, 0, 0), datetime.datetime(2021, 12, 7, 0, 0), datetime.datetime(2021, 12, 8, 0, 0), datetime.datetime(2021, 12, 9, 0, 0), datetime.datetime(2021, 12, 10, 0, 0), datetime.datetime(2021, 12, 12, 0, 0), datetime.datetime(2021, 12, 13, 0, 0), datetime.datetime(2021, 12, 14, 0, 0), datetime.datetime(2021, 12, 15, 0, 0), datetime.datetime(2021, 12, 16, 0, 0), datetime.datetime(2021, 12, 17, 0, 0), datetime.datetime(2021, 12, 18, 0, 0), datetime.datetime(2021, 12, 19, 0, 0), datetime.datetime(2021, 12, 20, 0, 0), datetime.datetime(2021, 12, 28, 0, 0), datetime.datetime(2021, 12, 29, 0, 0), datetime.datetime(2021, 12, 30, 0, 0), datetime.datetime(2021, 12, 31, 0, 0), datetime.datetime(2022, 1, 1, 0, 0), datetime.datetime(2022, 1, 2, 0, 0), datetime.datetime(2022, 1, 3, 0, 0), datetime.datetime(2022, 1, 4, 0, 0), datetime.datetime(2022, 1, 5, 0, 0), datetime.datetime(2022, 1, 6, 0, 0), datetime.datetime(2022, 1, 7, 0, 0), datetime.datetime(2022, 1, 9, 0, 0), datetime.datetime(2022, 1, 10, 0, 0), datetime.datetime(2022, 1, 11, 0, 0), datetime.datetime(2022, 1, 12, 0, 0), datetime.datetime(2022, 1, 13, 0, 0), datetime.datetime(2022, 1, 14, 0, 0), datetime.datetime(2022, 1, 15, 0, 0), datetime.datetime(2022, 1, 16, 0, 0), datetime.datetime(2022, 1, 17, 0, 0), datetime.datetime(2022, 1, 18, 0, 0), datetime.datetime(2022, 1, 19, 0, 0), datetime.datetime(2022, 1, 20, 0, 0), datetime.datetime(2022, 1, 21, 0, 0), datetime.datetime(2022, 1, 23, 0, 0), datetime.datetime(2022, 1, 24, 0, 0), datetime.datetime(2022, 1, 25, 0, 0), datetime.datetime(2022, 1, 26, 0, 0), datetime.datetime(2022, 1, 27, 0, 0), datetime.datetime(2022, 1, 28, 0, 0), datetime.datetime(2022, 1, 29, 0, 0), datetime.datetime(2022, 1, 30, 0, 0), datetime.datetime(2022, 1, 31, 0, 0), datetime.datetime(2022, 2, 1, 0, 0), datetime.datetime(2022, 2, 2, 0, 0), datetime.datetime(2022, 2, 3, 0, 0), datetime.datetime(2022, 2, 4, 0, 0), datetime.datetime(2022, 2, 5, 0, 0), datetime.datetime(2022, 2, 7, 0, 0), datetime.datetime(2022, 2, 8, 0, 0), datetime.datetime(2022, 2, 9, 0, 0), datetime.datetime(2022, 2, 10, 0, 0), datetime.datetime(2022, 2, 11, 0, 0), datetime.datetime(2022, 2, 13, 0, 0), datetime.datetime(2022, 2, 14, 0, 0), datetime.datetime(2022, 2, 15, 0, 0), datetime.datetime(2022, 2, 16, 0, 0), datetime.datetime(2022, 2, 17, 0, 0), datetime.datetime(2022, 2, 18, 0, 0), datetime.datetime(2022, 2, 20, 0, 0), datetime.datetime(2022, 2, 21, 0, 0), datetime.datetime(2022, 2, 22, 0, 0), datetime.datetime(2022, 2, 23, 0, 0), datetime.datetime(2022, 2, 24, 0, 0), datetime.datetime(2022, 2, 25, 0, 0), datetime.datetime(2022, 2, 27, 0, 0), datetime.datetime(2022, 2, 28, 0, 0), datetime.datetime(2022, 3, 1, 0, 0), datetime.datetime(2022, 3, 2, 0, 0), datetime.datetime(2022, 3, 3, 0, 0), datetime.datetime(2022, 3, 4, 0, 0), datetime.datetime(2022, 3, 5, 0, 0), datetime.datetime(2022, 3, 6, 0, 0), datetime.datetime(2022, 3, 7, 0, 0), datetime.datetime(2022, 3, 8, 0, 0), datetime.datetime(2022, 3, 9, 0, 0), datetime.datetime(2022, 3, 10, 0, 0), datetime.datetime(2022, 3, 11, 0, 0), datetime.datetime(2022, 3, 13, 0, 0), datetime.datetime(2022, 3, 14, 0, 0), datetime.datetime(2022, 3, 15, 0, 0), datetime.datetime(2022, 3, 16, 0, 0), datetime.datetime(2022, 3, 17, 0, 0), datetime.datetime(2022, 3, 20, 0, 0), datetime.datetime(2022, 3, 19, 0, 0), datetime.datetime(2022, 3, 21, 0, 0), datetime.datetime(2022, 3, 22, 0, 0), datetime.datetime(2022, 3, 23, 0, 0), datetime.datetime(2022, 3, 24, 0, 0), datetime.datetime(2022, 3, 25, 0, 0), datetime.datetime(2022, 3, 27, 0, 0), datetime.datetime(2022, 3, 28, 0, 0), datetime.datetime(2022, 3, 29, 0, 0), datetime.datetime(2022, 3, 30, 0, 0), datetime.datetime(2022, 4, 1, 0, 0), datetime.datetime(2022, 3, 31, 0, 0), datetime.datetime(2022, 4, 3, 0, 0), datetime.datetime(2022, 4, 4, 0, 0), datetime.datetime(2022, 4, 5, 0, 0), datetime.datetime(2022, 4, 6, 0, 0), datetime.datetime(2022, 4, 7, 0, 0), datetime.datetime(2022, 4, 8, 0, 0), datetime.datetime(2022, 4, 10, 0, 0), datetime.datetime(2022, 4, 11, 0, 0), datetime.datetime(2022, 4, 12, 0, 0), datetime.datetime(2022, 4, 13, 0, 0), datetime.datetime(2022, 4, 16, 0, 0), datetime.datetime(2022, 4, 17, 0, 0), datetime.datetime(2022, 4, 18, 0, 0), datetime.datetime(2022, 4, 19, 0, 0), datetime.datetime(2022, 4, 20, 0, 0), datetime.datetime(2022, 4, 21, 0, 0), datetime.datetime(2022, 4, 22, 0, 0), datetime.datetime(2022, 4, 24, 0, 0), datetime.datetime(2022, 4, 25, 0, 0), datetime.datetime(2022, 4, 26, 0, 0), datetime.datetime(2022, 4, 27, 0, 0), datetime.datetime(2022, 4, 28, 0, 0), datetime.datetime(2022, 4, 29, 0, 0), datetime.datetime(2022, 4, 30, 0, 0), datetime.datetime(2022, 5, 1, 0, 0), datetime.datetime(2022, 5, 2, 0, 0), datetime.datetime(2022, 5, 3, 0, 0), datetime.datetime(2022, 5, 4, 0, 0), datetime.datetime(2022, 5, 5, 0, 0), datetime.datetime(2022, 5, 6, 0, 0), datetime.datetime(2022, 5, 7, 0, 0), datetime.datetime(2022, 5, 8, 0, 0), datetime.datetime(2022, 5, 9, 0, 0), datetime.datetime(2022, 5, 10, 0, 0), datetime.datetime(2022, 5, 11, 0, 0), datetime.datetime(2022, 5, 12, 0, 0), datetime.datetime(2022, 5, 13, 0, 0), datetime.datetime(2022, 5, 17, 0, 0), datetime.datetime(2022, 5, 18, 0, 0), datetime.datetime(2022, 5, 19, 0, 0), datetime.datetime(2022, 5, 20, 0, 0), datetime.datetime(2022, 5, 21, 0, 0), datetime.datetime(2022, 5, 22, 0, 0), datetime.datetime(2022, 5, 23, 0, 0), datetime.datetime(2022, 5, 24, 0, 0), datetime.datetime(2022, 5, 25, 0, 0), datetime.datetime(2022, 5, 26, 0, 0), datetime.datetime(2022, 5, 27, 0, 0), datetime.datetime(2022, 5, 29, 0, 0), datetime.datetime(2022, 5, 30, 0, 0), datetime.datetime(2022, 5, 31, 0, 0), datetime.datetime(2022, 6, 1, 0, 0), datetime.datetime(2022, 6, 2, 0, 0), datetime.datetime(2022, 6, 3, 0, 0), datetime.datetime(2022, 6, 4, 0, 0), datetime.datetime(2022, 6, 5, 0, 0), datetime.datetime(2022, 6, 6, 0, 0), datetime.datetime(2022, 6, 7, 0, 0), datetime.datetime(2022, 6, 8, 0, 0), datetime.datetime(2022, 6, 9, 0, 0), datetime.datetime(2022, 6, 10, 0, 0), datetime.datetime(2022, 6, 12, 0, 0), datetime.datetime(2022, 6, 13, 0, 0), datetime.datetime(2022, 6, 14, 0, 0), datetime.datetime(2022, 6, 15, 0, 0), datetime.datetime(2022, 6, 16, 0, 0), datetime.datetime(2022, 6, 17, 0, 0), datetime.datetime(2022, 6, 18, 0, 0), datetime.datetime(2022, 6, 19, 0, 0), datetime.datetime(2022, 6, 20, 0, 0), datetime.datetime(2022, 6, 21, 0, 0), datetime.datetime(2022, 6, 22, 0, 0), datetime.datetime(2022, 6, 23, 0, 0), datetime.datetime(2022, 6, 24, 0, 0), datetime.datetime(2022, 6, 26, 0, 0), datetime.datetime(2022, 6, 27, 0, 0), datetime.datetime(2022, 6, 28, 0, 0), datetime.datetime(2022, 6, 29, 0, 0), datetime.datetime(2022, 6, 30, 0, 0), datetime.datetime(2022, 7, 1, 0, 0), datetime.datetime(2022, 7, 2, 0, 0), datetime.datetime(2022, 7, 3, 0, 0), datetime.datetime(2022, 7, 4, 0, 0), datetime.datetime(2022, 7, 5, 0, 0), datetime.datetime(2022, 7, 6, 0, 0), datetime.datetime(2022, 7, 7, 0, 0), datetime.datetime(2022, 7, 8, 0, 0), datetime.datetime(2022, 7, 10, 0, 0), datetime.datetime(2022, 7, 11, 0, 0), datetime.datetime(2022, 7, 12, 0, 0), datetime.datetime(2022, 7, 13, 0, 0), datetime.datetime(2022, 7, 14, 0, 0), datetime.datetime(2022, 7, 15, 0, 0), datetime.datetime(2022, 7, 16, 0, 0), datetime.datetime(2022, 7, 17, 0, 0), datetime.datetime(2022, 7, 18, 0, 0), datetime.datetime(2022, 7, 19, 0, 0), datetime.datetime(2022, 7, 20, 0, 0), datetime.datetime(2022, 7, 21, 0, 0), datetime.datetime(2022, 7, 22, 0, 0), datetime.datetime(2022, 7, 24, 0, 0), datetime.datetime(2022, 7, 25, 0, 0), datetime.datetime(2022, 7, 26, 0, 0), datetime.datetime(2022, 7, 27, 0, 0), datetime.datetime(2022, 7, 28, 0, 0), datetime.datetime(2022, 7, 29, 0, 0), datetime.datetime(2022, 7, 31, 0, 0), datetime.datetime(2022, 7, 30, 0, 0), datetime.datetime(2022, 8, 1, 0, 0), datetime.datetime(2022, 8, 2, 0, 0), datetime.datetime(2022, 8, 3, 0, 0), datetime.datetime(2022, 8, 4, 0, 0), datetime.datetime(2022, 8, 5, 0, 0), datetime.datetime(2022, 8, 6, 0, 0), datetime.datetime(2022, 8, 7, 0, 0), datetime.datetime(2022, 8, 8, 0, 0), datetime.datetime(2022, 8, 9, 0, 0), datetime.datetime(2022, 8, 10, 0, 0), datetime.datetime(2022, 8, 11, 0, 0), datetime.datetime(2022, 8, 12, 0, 0), datetime.datetime(2022, 8, 16, 0, 0), datetime.datetime(2022, 8, 17, 0, 0), datetime.datetime(2022, 8, 18, 0, 0), datetime.datetime(2022, 8, 19, 0, 0), datetime.datetime(2022, 8, 20, 0, 0), datetime.datetime(2022, 8, 21, 0, 0), datetime.datetime(2022, 8, 22, 0, 0), datetime.datetime(2022, 8, 23, 0, 0), datetime.datetime(2022, 8, 24, 0, 0), datetime.datetime(2022, 8, 25, 0, 0), datetime.datetime(2022, 8, 26, 0, 0), datetime.datetime(2022, 8, 28, 0, 0), datetime.datetime(2022, 8, 29, 0, 0), datetime.datetime(2022, 8, 30, 0, 0), datetime.datetime(2022, 8, 31, 0, 0), datetime.datetime(2022, 9, 1, 0, 0), datetime.datetime(2022, 9, 7, 0, 0), datetime.datetime(2022, 9, 8, 0, 0), datetime.datetime(2022, 9, 9, 0, 0), datetime.datetime(2022, 9, 11, 0, 0), datetime.datetime(2022, 9, 12, 0, 0), datetime.datetime(2022, 9, 13, 0, 0), datetime.datetime(2022, 9, 14, 0, 0), datetime.datetime(2022, 9, 15, 0, 0), datetime.datetime(2022, 9, 16, 0, 0), datetime.datetime(2022, 9, 17, 0, 0), datetime.datetime(2022, 9, 18, 0, 0), datetime.datetime(2022, 9, 19, 0, 0), datetime.datetime(2022, 9, 20, 0, 0), datetime.datetime(2022, 9, 21, 0, 0), datetime.datetime(2022, 9, 22, 0, 0), datetime.datetime(2022, 9, 23, 0, 0), datetime.datetime(2022, 9, 25, 0, 0), datetime.datetime(2022, 9, 26, 0, 0), datetime.datetime(2022, 9, 27, 0, 0), datetime.datetime(2022, 9, 28, 0, 0), datetime.datetime(2022, 9, 29, 0, 0), datetime.datetime(2022, 9, 30, 0, 0), datetime.datetime(2022, 10, 1, 0, 0), datetime.datetime(2022, 10, 2, 0, 0), datetime.datetime(2022, 10, 3, 0, 0), datetime.datetime(2022, 10, 4, 0, 0), datetime.datetime(2022, 10, 5, 0, 0), datetime.datetime(2022, 10, 6, 0, 0), datetime.datetime(2022, 10, 7, 0, 0), datetime.datetime(2022, 10, 9, 0, 0), datetime.datetime(2022, 10, 10, 0, 0), datetime.datetime(2022, 10, 11, 0, 0), datetime.datetime(2022, 10, 12, 0, 0), datetime.datetime(2022, 10, 13, 0, 0), datetime.datetime(2022, 10, 14, 0, 0), datetime.datetime(2022, 10, 15, 0, 0), datetime.datetime(2022, 10, 16, 0, 0), datetime.datetime(2022, 10, 17, 0, 0), datetime.datetime(2022, 10, 18, 0, 0), datetime.datetime(2022, 10, 19, 0, 0), datetime.datetime(2022, 10, 20, 0, 0), datetime.datetime(2022, 10, 21, 0, 0), datetime.datetime(2022, 10, 24, 0, 0), datetime.datetime(2022, 10, 25, 0, 0), datetime.datetime(2022, 10, 26, 0, 0), datetime.datetime(2022, 10, 27, 0, 0), datetime.datetime(2022, 10, 28, 0, 0), datetime.datetime(2022, 10, 29, 0, 0), datetime.datetime(2022, 10, 30, 0, 0), datetime.datetime(2022, 10, 31, 0, 0), datetime.datetime(2022, 11, 1, 0, 0), datetime.datetime(2022, 11, 2, 0, 0), datetime.datetime(2022, 11, 3, 0, 0), datetime.datetime(2022, 11, 4, 0, 0), datetime.datetime(2022, 11, 5, 0, 0), datetime.datetime(2022, 11, 6, 0, 0), datetime.datetime(2022, 11, 7, 0, 0), datetime.datetime(2022, 11, 8, 0, 0), datetime.datetime(2022, 11, 9, 0, 0), datetime.datetime(2022, 11, 10, 0, 0), datetime.datetime(2022, 11, 11, 0, 0), datetime.datetime(2022, 11, 13, 0, 0), datetime.datetime(2022, 11, 14, 0, 0), datetime.datetime(2022, 11, 15, 0, 0), datetime.datetime(2022, 11, 16, 0, 0), datetime.datetime(2022, 11, 17, 0, 0), datetime.datetime(2022, 11, 18, 0, 0), datetime.datetime(2022, 11, 19, 0, 0), datetime.datetime(2022, 11, 20, 0, 0), datetime.datetime(2022, 11, 21, 0, 0), datetime.datetime(2022, 11, 22, 0, 0), datetime.datetime(2022, 11, 23, 0, 0), datetime.datetime(2022, 11, 24, 0, 0), datetime.datetime(2022, 11, 25, 0, 0), datetime.datetime(2022, 11, 27, 0, 0), datetime.datetime(2022, 11, 28, 0, 0), datetime.datetime(2022, 11, 29, 0, 0), datetime.datetime(2022, 11, 30, 0, 0), datetime.datetime(2022, 12, 1, 0, 0), datetime.datetime(2022, 12, 2, 0, 0), datetime.datetime(2022, 12, 3, 0, 0), datetime.datetime(2022, 12, 4, 0, 0), datetime.datetime(2022, 12, 5, 0, 0), datetime.datetime(2022, 12, 6, 0, 0), datetime.datetime(2022, 12, 7, 0, 0), datetime.datetime(2022, 12, 8, 0, 0), datetime.datetime(2022, 12, 9, 0, 0), datetime.datetime(2022, 12, 11, 0, 0), datetime.datetime(2022, 12, 12, 0, 0), datetime.datetime(2022, 12, 13, 0, 0), datetime.datetime(2022, 12, 14, 0, 0), datetime.datetime(2022, 12, 15, 0, 0), datetime.datetime(2022, 12, 16, 0, 0), datetime.datetime(2022, 12, 17, 0, 0), datetime.datetime(2022, 12, 19, 0, 0), datetime.datetime(2022, 12, 20, 0, 0), datetime.datetime(2022, 12, 21, 0, 0), datetime.datetime(2022, 12, 22, 0, 0), datetime.datetime(2022, 12, 25, 0, 0), datetime.datetime(2022, 12, 23, 0, 0)], [-4.3281091, -3.4380890999999996, -3.2784391, -3.2527090999999997, -3.1742690999999996, -3.6580491, -3.6364791, -4.0161208, -4.1773408000000005, -4.5430133, -4.1389633, -4.2115133, -4.2116033, -3.9571233, -3.7263433000000004, -3.6563633, -3.6625833, -3.5553709000000002, -3.5659809000000005, -3.4114409, -3.3638009, -2.6828509, -2.7135109, -2.5694909, -2.7657009, -2.7690209, -2.5926508999999998, -2.7273409, -2.8307709, -2.8581209000000003, -2.7189109000000005, -3.0051709000000004, -3.3316909000000003, -3.7194709, -4.082210900000001, -4.0887909, -4.1122009, -3.9041309, -3.8171509, -3.9296209, -3.8638909000000004, -3.8765909, -3.7817609, -4.0369409, -4.0750909, -4.1243209, -4.1920709, -4.3967709, -4.3990609, -4.1102909, -4.0718909000000005, -3.6091409000000003, -3.8932909, -4.1739709000000005, -4.1996509, -4.0995420000000005, -4.3342220000000005, -4.3096707, -4.5134807, -5.0121907, -5.0136607, -5.284610699999999, -5.4086807, -5.3131707, -5.398020699999999, -4.9739207, -5.0482007, -5.0495707, -4.9202407, -5.1989107, -5.0935707, -5.481000699999999, -5.1587207, -5.3803906999999995, -5.6979077, -5.679357700000001, -5.8244977, -5.2013277, -5.2743077000000005, -5.2763977, -5.0476177, -5.1823477, -5.2061147, -5.544334699999999, -5.3682447, -5.6189347, -5.9105747, -6.2373747, -5.8263447, -5.9878747, -5.9868647, -5.6974947, -5.6570146999999995, -5.5761147, -6.2983047, -6.2416747, -6.2530247, -6.1333147, -5.980684699999999, -4.9428646999999994, -5.1303646999999994, -4.5833246999999995, -4.850244699999999, -4.777304699999999, -4.9581447, -5.045954699999999, -5.0871847, -5.2313547, -5.3851246999999995, -5.5749946999999995, -6.2502477, -6.2137177, -6.6418977, -6.649797700000001, -6.520608299999999, -6.5442883, -5.9930283, -5.983518299999999, -5.587328299999999, -5.628248299999999, -5.4912483, -5.375008299999999, -5.5995183, -5.3434324, -5.3519224, -5.2841824, -5.0545224, -5.1967194, -5.0053394, -5.0850094, -5.0292494, -5.0603994, -5.1485394, -5.5810394, -5.7572394, -6.2964594, -6.314709399999999, -6.4657794, -6.722529399999999, -6.579199399999999, -6.710399399999999, -6.183979399999999, -6.214969399999999, -6.243269399999999, -5.797339399999999, -5.983669399999999, -5.930339399999999, -6.2093294, -6.1722193999999995, -6.3165694, -6.1680794, -6.245709399999999, -6.2711293999999995, -5.509459399999999, -5.9724894, -5.983199399999999, -5.5447793999999995, -5.712929399999999, -5.716049399999999, -6.019539399999999, -5.9958393999999995, -6.152399399999999, -6.4357994, -6.568429399999999, -6.4664893999999995, -6.5458494, -5.7726294, -5.9908193999999995, -6.0240294, -5.6193994, -5.8692193999999995, -5.437519399999999, -5.7986493999999995, -5.669339399999999, -5.7500994, -5.5106394, -4.7418594, -4.6353194, -4.8954394, -3.9231194, -4.5594694, -4.5966394, -4.4022429, -4.4849094, -4.6879394, -3.7842494, -4.2505394, -4.9786094, -3.7989154, -4.5682954, -5.7123654, -5.7971054, -6.066475400000001, -6.1567994, -6.0678594, -5.794219399999999, -6.184989399999999, -6.256049399999999, -5.3597094, -5.8735794, -5.8600894, -5.5523494, -5.845559399999999, -5.880839399999999, -5.807169399999999, -4.6929094000000005, -5.1275994, -4.8070594, -4.9310694, -5.0923194, -5.1360794, -5.1269094, -5.2535494, -5.1390394, -5.5044493999999995, -5.3883794, -5.6227094, -5.506359399999999, -4.8144529, -4.7455429, -4.9178128999999995, -4.9259829, -5.0309729, -4.5173429, -5.1251029, -4.2921328999999995, -4.8109829, -4.8299229, -4.8273629, -4.8934329, -4.766422899999999, -4.34408, -3.65564, -3.84231, -3.44525, -3.76126, -3.9555, -4.11597, -4.62381, -4.63192, -4.75026, -5.1844, -5.20374, -5.22454, -4.74857, -5.10371, -5.0941, -5.14891, -4.99964, -4.94948, -4.83607, -4.78312, -4.82193, -4.77307, -4.85814, -4.24963, -4.28771, -4.16626, -4.60844, -4.63178, -4.26488, -4.477562, -4.5094520000000005, -4.476612, -4.5619320000000005, -4.6458520000000005, -4.777742, -5.016172, -6.006101999999999, -5.662351800000001, -6.041361800000001, -6.1275418, -5.822141800000001, -5.5789818, -5.4623018000000005, -5.459431800000001, -5.5939018, -5.632901800000001, -5.499291800000001, -5.613572, -5.551011999999999, -6.0895719999999995, -5.637352, -5.970732, -5.9850319999999995, -5.803541999999999, -5.263762, -5.264722, -5.450831999999999, -5.522372, -5.564191999999999, -5.569991999999999, -5.617132, -5.722452, -6.110702, -6.504712, -7.3046619999999995, -7.383361999999999, -7.516552, -7.498042, -7.753661999999999, -7.004022, -7.386532, -7.421431999999999, -7.267831999999999, -7.496601999999999, -7.401062, -7.3673519999999995, -7.267391999999999, -7.912642, -7.789771999999999, -7.307831999999999, -7.919981999999999, -6.870862, -7.215152, -7.262502, -7.058412, -7.241642, -7.197582, -7.436582, -7.4672019999999995, -7.625141999999999, -8.326922, -8.574451999999999, -9.087862, -8.781132, -9.149972, -9.206112, -8.787671999999999, -8.722252, -8.407202, -7.795432, -8.607812, -8.389441999999999, -8.461352, -7.987501999999999, -7.238352, -6.678401999999999, -7.111292, -7.138952, -6.717981999999999, -6.754802, -6.853552, -7.419251999999999, -7.327362, -7.477802, -7.204552, -7.434411999999999, -7.294662, -8.030581999999999, -8.329402, -8.503212, -8.459501999999999, -8.651652, -8.079652, -7.834872, -7.514702, -7.661732, -7.630451999999999, -7.711912, -7.644011999999999, -7.097682, -7.613811999999999, -7.666842, -7.024711999999999, -7.430771999999999, -7.0762719999999995, -6.686182, -6.598421999999999, -6.776261999999999, -6.561742, -6.937092, -6.987582, -7.192031999999999, -7.037261999999999, -7.650492, -7.733242, -7.979952, -7.6940219999999995, -6.888661999999999, -7.297362, -7.3087919999999995, -7.845802, -7.933191999999999, -8.303291999999999, -8.250411999999999, -8.221612, -8.304212, -8.285252, -8.297241999999999, -8.154411999999999, -6.821541999999999, -7.389971999999999, -7.371242, -7.028662, -6.945372, -7.151771999999999, -7.295602, -7.338022, -7.395371999999999, -7.194381999999999, -7.749642, -8.315911999999999, -8.575882, -8.409061999999999, -8.755912, -8.805812, -8.342632, -8.430202, -8.259502, -8.324702, -8.188151999999999, -8.245391999999999, -8.250872, -8.232061999999999, -7.803851999999999, -6.9948619999999995, -6.232341999999999, -6.723672, -6.748061999999999, -6.345592, -6.414528000000001, -6.6788680000000005, -6.992698000000001, -6.729078, -7.393968, -7.446128000000001, -7.913488, -7.919918000000001, -7.788228, -7.422428, -6.973428, -7.034258, -6.637868, -6.730518000000001, -6.7259780000000005, -6.674988000000001, -6.196328, -6.457028, -6.483478000000001, -6.207718000000001, -6.338768000000001, -6.062678000000001, -5.641148, -5.3591619999999995, -5.4154219999999995, -5.4912019999999995, -5.153452, -5.210092, -5.185352, -5.327488000000001, -5.695258000000001, -5.746778000000001, -6.157718, -6.598668000000001, -7.1016580000000005, -7.061298000000001, -6.450538000000001, -6.7941780000000005, -6.8270480000000004, -5.981838000000001, -6.524388, -6.8164180000000005, -6.593418000000001, -6.724748000000001, -6.607538000000001, -6.954828000000001, -7.297848, -7.359108000000001, -6.645468, -6.9595080000000005, -6.8365480000000005, -6.9959880000000005, -6.983388000000001, -7.119388000000001, -7.169888, -7.362078, -7.368188000000001, -7.747178000000001, -8.046298, -8.016718000000001, -7.375398000000001, -7.769078, -7.880328, -7.876958, -7.224548, -7.414678, -7.039648000000001, -6.658008000000001, -6.897598, -6.806198, -6.645168000000001, -5.368658000000001, -4.297708, -5.208868, -5.124758, -5.064668, -5.274428, -5.273878000000001, -5.455318, -4.996388, -5.3675880000000005, -5.895508, -6.273018, -7.273068, -6.349718, -5.540268, -7.465178000000001, -8.121828, -8.035908000000001, -7.9295477000000005, -7.7109977, -7.0103077, -7.1941677, -7.0142577, -7.091567700000001, -6.7625377, -7.2762977, -7.3388077, -7.0020777, -6.8836977, -6.5751577, -5.898717700000001, -5.5076377, -5.7116077, -5.204367700000001, -5.2501277, -5.1737877, -4.7595677, -4.9708977, -5.3814077000000005, -5.4725477, -5.2727577000000005, -5.5635177, -5.7142277, -5.4924777, -4.7103077, -4.9693577, -5.0454977, -4.8335877, -4.9708877000000005, -4.9382277000000006, -4.9238077, -4.8757277000000006, -5.3133577, -4.9791377, -4.7911177, -3.2190577, -3.5504177, -3.6006777000000003, -3.3895077000000002, -3.3068477, -3.1733377000000003, -3.1023577, -3.0420277000000002, -3.1413677, -2.9628377, -3.2769277000000003, -3.7770577000000003, -3.6405177, -3.3973677, -3.7664777000000003, -3.7992077, -3.1999877000000003, -3.1688277, -3.2933577, -3.2167577, -3.5496177, -3.6996577000000004, -3.5749677, -3.6052357, -3.4626157, -2.8664057, -2.2871257000000003, -2.5278957, -2.5492757, -2.1443457, -2.1422957, -2.1092057, -1.9837757, -2.0002657, -2.1029857, -2.1599057, -2.3556857, -2.5014357, -2.8949957, -2.7620957, -3.2060857, -3.2552357, -2.8778557, -3.2306057, -2.8577557000000002, -2.5218257, -2.4242057, -2.5486157, -2.1959857, -2.4084957, -2.5993557000000003, -2.4634857, -1.8123557000000001, -2.0911257, -2.1358557, -1.7035557000000001, -1.6951957, -1.5474457000000001, -1.2817311999999998, -1.1564412, -1.2400712, -0.7374111999999999, -0.4987691, -0.4924552, -0.7603452, -0.6362751999999999, -1.0506752000000001, -1.0011752, -1.2947552, -2.0165557, -1.9369557000000002, -2.1382817000000003, -1.7063817000000001, -1.9003417, -1.9370617, -0.9730117, -1.3591117000000001, -1.3666017000000001, -1.4789017000000002, -0.7487617, -1.2860717, -1.0125416999999999, -1.2992816999999999, -0.6410217, -1.0347217, -1.0782517, -0.4577517, -0.7369917, -0.7076416999999999, -0.8420517, -0.9697017, -1.0586917, -1.0330517, -0.6624417, -1.1455416999999999, -1.4259482, -1.5943517, -1.3439817, -0.9993316999999999, -1.1573517, -0.5981917, -0.5083617, -0.6837717, -0.4820717, -0.032435700000000005, -0.2767157, -0.2291357, -0.0029457, 0.2187343, 0.1188643, -0.2662057, -0.1717157, -0.3544557, -0.0164157, 0.0579643, 0.0891943, 0.18728029999999998, -0.3295097, -1.0550097, -1.1469997, -1.1724697, -1.0037457, -1.1507057, -0.7421457, -0.4048857, -0.5061757, 0.08764430000000001, -0.113063, 0.071397, 0.025587, 0.09957700000000001, -0.19528299999999998, -0.114003, -0.12531299999999998, -0.300033, -0.064373, 0.138877, 0.728607, 0.6283569999999999, 0.9837289, 0.7329689, 0.5491853, 0.6401753, 0.6180453, 0.6009153, 0.20125810000000002, -0.2614089, -0.9316361999999999, -0.9396561999999999, -0.7354562, -0.8361962, -0.8583961999999999, 0.055401099999999995, -0.0091689, -0.25593740000000004, -0.4615489, -0.6604189, -0.7160089, -0.6660189, -0.8037389, -0.8350289, -0.9749689, -0.4052332, -0.5568832, -0.5792732, 0.1441668, 0.2238784, 0.1478984, 0.0701884, -0.1952416, -0.2883316, -0.2878816, -0.5698632, -1.1934032, -1.6804532, -1.7211332000000001, -1.8553732, -1.8878732, -1.5367832000000001, -0.8548132, -1.6149332, -1.4103615, -1.5491815, -1.6794315, -1.4061314999999999, -1.4176115, -1.1295115, -0.97559, 0.40853, 0.2422, 0.39563339999999997, 0.2884327, 0.46982339999999995, 0.3297034, 0.1091234, 0.3174534])
[2022-12-26T14:56:30.433+0530] {taskinstance.py:1322} INFO - Marking task as SUCCESS. dag_id=Money__Market, task_id=extract_data, execution_date=20221226T060000, start_date=20221226T091505, end_date=20221226T092630
[2022-12-26T14:56:30.500+0530] {local_task_job.py:159} INFO - Task exited with return code 0
[2022-12-26T14:56:30.531+0530] {taskinstance.py:2582} INFO - 1 downstream tasks scheduled from follow-on schedule check
