[2023-02-15T20:34:00.688+0530] {taskinstance.py:1087} INFO - Dependencies all met for <TaskInstance: FX__Turnover.load scheduled__2023-02-14T00:00:00+00:00 [queued]>
[2023-02-15T20:34:00.697+0530] {taskinstance.py:1087} INFO - Dependencies all met for <TaskInstance: FX__Turnover.load scheduled__2023-02-14T00:00:00+00:00 [queued]>
[2023-02-15T20:34:00.698+0530] {taskinstance.py:1283} INFO - 
--------------------------------------------------------------------------------
[2023-02-15T20:34:00.698+0530] {taskinstance.py:1284} INFO - Starting attempt 1 of 4
[2023-02-15T20:34:00.698+0530] {taskinstance.py:1285} INFO - 
--------------------------------------------------------------------------------
[2023-02-15T20:34:00.716+0530] {taskinstance.py:1304} INFO - Executing <Task(PythonOperator): load> on 2023-02-14 00:00:00+00:00
[2023-02-15T20:34:00.720+0530] {standard_task_runner.py:55} INFO - Started process 1067 to run task
[2023-02-15T20:34:00.724+0530] {standard_task_runner.py:82} INFO - Running: ['airflow', 'tasks', 'run', 'FX__Turnover', 'load', 'scheduled__2023-02-14T00:00:00+00:00', '--job-id', '4369', '--raw', '--subdir', 'DAGS_FOLDER/FX_turnover.py', '--cfg-path', '/tmp/tmp8gsq3xfx']
[2023-02-15T20:34:00.725+0530] {standard_task_runner.py:83} INFO - Job 4369: Subtask load
[2023-02-15T20:34:00.771+0530] {task_command.py:389} INFO - Running <TaskInstance: FX__Turnover.load scheduled__2023-02-14T00:00:00+00:00 [running]> on host DESKTOP-SQIOQPD.
[2023-02-15T20:34:00.849+0530] {taskinstance.py:1511} INFO - Exporting the following env vars:
AIRFLOW_CTX_DAG_EMAIL=nikheleshbhattacharyya@gmail.com
AIRFLOW_CTX_DAG_OWNER=airflow
AIRFLOW_CTX_DAG_ID=FX__Turnover
AIRFLOW_CTX_TASK_ID=load
AIRFLOW_CTX_EXECUTION_DATE=2023-02-14T00:00:00+00:00
AIRFLOW_CTX_TRY_NUMBER=1
AIRFLOW_CTX_DAG_RUN_ID=scheduled__2023-02-14T00:00:00+00:00
[2023-02-15T20:34:01.444+0530] {python.py:177} INFO - Done. Returned value was: None
[2023-02-15T20:34:01.449+0530] {taskinstance.py:1322} INFO - Marking task as SUCCESS. dag_id=FX__Turnover, task_id=load, execution_date=20230214T000000, start_date=20230215T150400, end_date=20230215T150401
[2023-02-15T20:34:01.468+0530] {local_task_job.py:159} INFO - Task exited with return code 0
[2023-02-15T20:34:01.491+0530] {taskinstance.py:2582} INFO - 1 downstream tasks scheduled from follow-on schedule check
