[2023-03-17T02:43:56.377+0530] {taskinstance.py:1087} INFO - Dependencies all met for <TaskInstance: Monthly.load scheduled__2023-02-26T00:00:00+00:00 [queued]>
[2023-03-17T02:43:56.393+0530] {taskinstance.py:1087} INFO - Dependencies all met for <TaskInstance: Monthly.load scheduled__2023-02-26T00:00:00+00:00 [queued]>
[2023-03-17T02:43:56.393+0530] {taskinstance.py:1283} INFO - 
--------------------------------------------------------------------------------
[2023-03-17T02:43:56.393+0530] {taskinstance.py:1284} INFO - Starting attempt 1 of 4
[2023-03-17T02:43:56.393+0530] {taskinstance.py:1285} INFO - 
--------------------------------------------------------------------------------
[2023-03-17T02:43:56.410+0530] {taskinstance.py:1304} INFO - Executing <Task(PythonOperator): load> on 2023-02-26 00:00:00+00:00
[2023-03-17T02:43:56.418+0530] {standard_task_runner.py:55} INFO - Started process 2794 to run task
[2023-03-17T02:43:56.423+0530] {standard_task_runner.py:82} INFO - Running: ['airflow', 'tasks', 'run', 'Monthly', 'load', 'scheduled__2023-02-26T00:00:00+00:00', '--job-id', '4821', '--raw', '--subdir', 'DAGS_FOLDER/Monthly.py', '--cfg-path', '/tmp/tmp871jqdlc']
[2023-03-17T02:43:56.425+0530] {standard_task_runner.py:83} INFO - Job 4821: Subtask load
[2023-03-17T02:43:56.504+0530] {task_command.py:389} INFO - Running <TaskInstance: Monthly.load scheduled__2023-02-26T00:00:00+00:00 [running]> on host DESKTOP-SQIOQPD.
[2023-03-17T02:43:56.648+0530] {taskinstance.py:1511} INFO - Exporting the following env vars:
AIRFLOW_CTX_DAG_EMAIL=nikheleshbhattacharyya@gmail.com
AIRFLOW_CTX_DAG_OWNER=airflow
AIRFLOW_CTX_DAG_ID=Monthly
AIRFLOW_CTX_TASK_ID=load
AIRFLOW_CTX_EXECUTION_DATE=2023-02-26T00:00:00+00:00
AIRFLOW_CTX_TRY_NUMBER=1
AIRFLOW_CTX_DAG_RUN_ID=scheduled__2023-02-26T00:00:00+00:00
[2023-03-17T02:44:19.629+0530] {python.py:177} INFO - Done. Returned value was: None
[2023-03-17T02:44:19.634+0530] {taskinstance.py:1322} INFO - Marking task as SUCCESS. dag_id=Monthly, task_id=load, execution_date=20230226T000000, start_date=20230316T211356, end_date=20230316T211419
[2023-03-17T02:44:19.689+0530] {local_task_job.py:159} INFO - Task exited with return code 0
[2023-03-17T02:44:19.714+0530] {taskinstance.py:2582} INFO - 1 downstream tasks scheduled from follow-on schedule check
