[2023-02-14T05:51:08.586+0530] {taskinstance.py:1087} INFO - Dependencies all met for <TaskInstance: FX_Reserves.start_task scheduled__2023-02-13T00:00:00+00:00 [queued]>
[2023-02-14T05:51:08.603+0530] {taskinstance.py:1087} INFO - Dependencies all met for <TaskInstance: FX_Reserves.start_task scheduled__2023-02-13T00:00:00+00:00 [queued]>
[2023-02-14T05:51:08.603+0530] {taskinstance.py:1283} INFO - 
--------------------------------------------------------------------------------
[2023-02-14T05:51:08.603+0530] {taskinstance.py:1284} INFO - Starting attempt 1 of 4
[2023-02-14T05:51:08.603+0530] {taskinstance.py:1285} INFO - 
--------------------------------------------------------------------------------
[2023-02-14T05:51:08.625+0530] {taskinstance.py:1304} INFO - Executing <Task(BashOperator): start_task> on 2023-02-13 00:00:00+00:00
[2023-02-14T05:51:08.629+0530] {standard_task_runner.py:55} INFO - Started process 7080 to run task
[2023-02-14T05:51:08.633+0530] {standard_task_runner.py:82} INFO - Running: ['airflow', 'tasks', 'run', 'FX_Reserves', 'start_task', 'scheduled__2023-02-13T00:00:00+00:00', '--job-id', '4204', '--raw', '--subdir', 'DAGS_FOLDER/FX_Reserves_Data.py', '--cfg-path', '/tmp/tmpo18h2_om']
[2023-02-14T05:51:08.634+0530] {standard_task_runner.py:83} INFO - Job 4204: Subtask start_task
[2023-02-14T05:51:08.694+0530] {task_command.py:389} INFO - Running <TaskInstance: FX_Reserves.start_task scheduled__2023-02-13T00:00:00+00:00 [running]> on host DESKTOP-SQIOQPD.
[2023-02-14T05:51:08.887+0530] {taskinstance.py:1511} INFO - Exporting the following env vars:
AIRFLOW_CTX_DAG_EMAIL=nikheleshbhattacharyya@gmail.com
AIRFLOW_CTX_DAG_OWNER=airflow
AIRFLOW_CTX_DAG_ID=FX_Reserves
AIRFLOW_CTX_TASK_ID=start_task
AIRFLOW_CTX_EXECUTION_DATE=2023-02-13T00:00:00+00:00
AIRFLOW_CTX_TRY_NUMBER=1
AIRFLOW_CTX_DAG_RUN_ID=scheduled__2023-02-13T00:00:00+00:00
[2023-02-14T05:51:08.889+0530] {subprocess.py:63} INFO - Tmp dir root location: 
 /tmp
[2023-02-14T05:51:08.890+0530] {subprocess.py:75} INFO - Running command: ['/usr/bin/bash', '-c', 'echo start']
[2023-02-14T05:51:08.902+0530] {subprocess.py:86} INFO - Output:
[2023-02-14T05:51:08.907+0530] {subprocess.py:93} INFO - start
[2023-02-14T05:51:08.908+0530] {subprocess.py:97} INFO - Command exited with return code 0
[2023-02-14T05:51:08.929+0530] {taskinstance.py:1322} INFO - Marking task as SUCCESS. dag_id=FX_Reserves, task_id=start_task, execution_date=20230213T000000, start_date=20230214T002108, end_date=20230214T002108
[2023-02-14T05:51:08.966+0530] {local_task_job.py:159} INFO - Task exited with return code 0
[2023-02-14T05:51:08.991+0530] {taskinstance.py:2582} INFO - 1 downstream tasks scheduled from follow-on schedule check
