[2023-01-10T10:27:28.357+0530] {taskinstance.py:1087} INFO - Dependencies all met for <TaskInstance: FX_Reserves.start_task scheduled__2023-01-08T00:00:00+00:00 [queued]>
[2023-01-10T10:27:28.379+0530] {taskinstance.py:1087} INFO - Dependencies all met for <TaskInstance: FX_Reserves.start_task scheduled__2023-01-08T00:00:00+00:00 [queued]>
[2023-01-10T10:27:28.380+0530] {taskinstance.py:1283} INFO - 
--------------------------------------------------------------------------------
[2023-01-10T10:27:28.380+0530] {taskinstance.py:1284} INFO - Starting attempt 1 of 4
[2023-01-10T10:27:28.380+0530] {taskinstance.py:1285} INFO - 
--------------------------------------------------------------------------------
[2023-01-10T10:27:28.420+0530] {taskinstance.py:1304} INFO - Executing <Task(BashOperator): start_task> on 2023-01-08 00:00:00+00:00
[2023-01-10T10:27:28.436+0530] {standard_task_runner.py:55} INFO - Started process 464 to run task
[2023-01-10T10:27:28.442+0530] {standard_task_runner.py:82} INFO - Running: ['airflow', 'tasks', 'run', 'FX_Reserves', 'start_task', 'scheduled__2023-01-08T00:00:00+00:00', '--job-id', '2972', '--raw', '--subdir', 'DAGS_FOLDER/FX_Reserves_Data.py', '--cfg-path', '/tmp/tmpvau_a7pr']
[2023-01-10T10:27:28.444+0530] {standard_task_runner.py:83} INFO - Job 2972: Subtask start_task
[2023-01-10T10:27:28.556+0530] {task_command.py:389} INFO - Running <TaskInstance: FX_Reserves.start_task scheduled__2023-01-08T00:00:00+00:00 [running]> on host DESKTOP-SQIOQPD.
[2023-01-10T10:27:28.778+0530] {taskinstance.py:1511} INFO - Exporting the following env vars:
AIRFLOW_CTX_DAG_EMAIL=nikheleshbhattacharyya@gmail.com
AIRFLOW_CTX_DAG_OWNER=airflow
AIRFLOW_CTX_DAG_ID=FX_Reserves
AIRFLOW_CTX_TASK_ID=start_task
AIRFLOW_CTX_EXECUTION_DATE=2023-01-08T00:00:00+00:00
AIRFLOW_CTX_TRY_NUMBER=1
AIRFLOW_CTX_DAG_RUN_ID=scheduled__2023-01-08T00:00:00+00:00
[2023-01-10T10:27:28.781+0530] {subprocess.py:63} INFO - Tmp dir root location: 
 /tmp
[2023-01-10T10:27:28.783+0530] {subprocess.py:75} INFO - Running command: ['/usr/bin/bash', '-c', 'echo start']
[2023-01-10T10:27:28.843+0530] {subprocess.py:86} INFO - Output:
[2023-01-10T10:27:28.846+0530] {subprocess.py:93} INFO - start
[2023-01-10T10:27:28.853+0530] {subprocess.py:97} INFO - Command exited with return code 0
[2023-01-10T10:27:29.002+0530] {taskinstance.py:1322} INFO - Marking task as SUCCESS. dag_id=FX_Reserves, task_id=start_task, execution_date=20230108T000000, start_date=20230110T045728, end_date=20230110T045729
[2023-01-10T10:27:29.109+0530] {local_task_job.py:159} INFO - Task exited with return code 0
[2023-01-10T10:27:29.246+0530] {taskinstance.py:2582} INFO - 1 downstream tasks scheduled from follow-on schedule check
