[2023-02-01T23:36:54.050+0530] {taskinstance.py:1087} INFO - Dependencies all met for <TaskInstance: NSE_Open_Interest.extract scheduled__2023-01-17T00:00:00+00:00 [queued]>
[2023-02-01T23:36:54.059+0530] {taskinstance.py:1087} INFO - Dependencies all met for <TaskInstance: NSE_Open_Interest.extract scheduled__2023-01-17T00:00:00+00:00 [queued]>
[2023-02-01T23:36:54.059+0530] {taskinstance.py:1283} INFO - 
--------------------------------------------------------------------------------
[2023-02-01T23:36:54.059+0530] {taskinstance.py:1284} INFO - Starting attempt 3 of 4
[2023-02-01T23:36:54.060+0530] {taskinstance.py:1285} INFO - 
--------------------------------------------------------------------------------
[2023-02-01T23:36:54.077+0530] {taskinstance.py:1304} INFO - Executing <Task(PythonOperator): extract> on 2023-01-17 00:00:00+00:00
[2023-02-01T23:36:54.082+0530] {standard_task_runner.py:55} INFO - Started process 3451 to run task
[2023-02-01T23:36:54.084+0530] {standard_task_runner.py:82} INFO - Running: ['airflow', 'tasks', 'run', 'NSE_Open_Interest', 'extract', 'scheduled__2023-01-17T00:00:00+00:00', '--job-id', '3358', '--raw', '--subdir', 'DAGS_FOLDER/NSE_Open_Interest.py', '--cfg-path', '/tmp/tmpvk54vmfx']
[2023-02-01T23:36:54.086+0530] {standard_task_runner.py:83} INFO - Job 3358: Subtask extract
[2023-02-01T23:36:54.132+0530] {task_command.py:389} INFO - Running <TaskInstance: NSE_Open_Interest.extract scheduled__2023-01-17T00:00:00+00:00 [running]> on host DESKTOP-SQIOQPD.
[2023-02-01T23:36:54.212+0530] {taskinstance.py:1511} INFO - Exporting the following env vars:
AIRFLOW_CTX_DAG_EMAIL=nikheleshbhattacharyya@gmail.com
AIRFLOW_CTX_DAG_OWNER=airflow
AIRFLOW_CTX_DAG_ID=NSE_Open_Interest
AIRFLOW_CTX_TASK_ID=extract
AIRFLOW_CTX_EXECUTION_DATE=2023-01-17T00:00:00+00:00
AIRFLOW_CTX_TRY_NUMBER=3
AIRFLOW_CTX_DAG_RUN_ID=scheduled__2023-01-17T00:00:00+00:00
[2023-02-01T23:36:54.214+0530] {logging_mixin.py:137} INFO - 2020-02-14 00:00:00
[2023-02-01T23:36:54.273+0530] {logging_mixin.py:137} INFO - 2020-02-15 00:00:00
[2023-02-01T23:36:57.462+0530] {logging_mixin.py:137} INFO - 2020-02-16 00:00:00
[2023-02-01T23:37:00.581+0530] {logging_mixin.py:137} INFO - 2020-02-17 00:00:00
[2023-02-01T23:37:00.855+0530] {logging_mixin.py:137} INFO - 2020-02-18 00:00:00
[2023-02-01T23:37:00.906+0530] {logging_mixin.py:137} INFO - 2020-02-19 00:00:00
[2023-02-01T23:37:00.942+0530] {logging_mixin.py:137} INFO - 2020-02-20 00:00:00
[2023-02-01T23:37:00.981+0530] {logging_mixin.py:137} INFO - 2020-02-21 00:00:00
[2023-02-01T23:37:01.026+0530] {logging_mixin.py:137} INFO - 2020-02-22 00:00:00
[2023-02-01T23:37:01.068+0530] {logging_mixin.py:137} INFO - 2020-02-23 00:00:00
[2023-02-01T23:37:01.102+0530] {logging_mixin.py:137} INFO - 2020-02-24 00:00:00
[2023-02-01T23:37:01.142+0530] {logging_mixin.py:137} INFO - 2020-02-25 00:00:00
[2023-02-01T23:37:01.343+0530] {taskinstance.py:1772} ERROR - Task failed with exception
Traceback (most recent call last):
  File "/usr/local/lib/python3.8/dist-packages/airflow/operators/python.py", line 175, in execute
    return_value = self.execute_callable()
  File "/usr/local/lib/python3.8/dist-packages/airflow/operators/python.py", line 192, in execute_callable
    return self.python_callable(*self.op_args, **self.op_kwargs)
  File "/root/airflow/dags/NSE_Open_Interest.py", line 83, in extract
    dd,values = get_data(date)
TypeError: cannot unpack non-iterable int object
[2023-02-01T23:37:01.347+0530] {taskinstance.py:1322} INFO - Marking task as UP_FOR_RETRY. dag_id=NSE_Open_Interest, task_id=extract, execution_date=20230117T000000, start_date=20230201T180654, end_date=20230201T180701
[2023-02-01T23:37:01.372+0530] {standard_task_runner.py:100} ERROR - Failed to execute job 3358 for task extract (cannot unpack non-iterable int object; 3451)
[2023-02-01T23:37:01.381+0530] {local_task_job.py:159} INFO - Task exited with return code 1
[2023-02-01T23:37:01.399+0530] {taskinstance.py:2582} INFO - 0 downstream tasks scheduled from follow-on schedule check
