[2023-02-01T21:34:08.716+0530] {taskinstance.py:1087} INFO - Dependencies all met for <TaskInstance: NSE_Open_Interest.extract scheduled__2023-01-17T00:00:00+00:00 [queued]>
[2023-02-01T21:34:08.725+0530] {taskinstance.py:1087} INFO - Dependencies all met for <TaskInstance: NSE_Open_Interest.extract scheduled__2023-01-17T00:00:00+00:00 [queued]>
[2023-02-01T21:34:08.725+0530] {taskinstance.py:1283} INFO - 
--------------------------------------------------------------------------------
[2023-02-01T21:34:08.725+0530] {taskinstance.py:1284} INFO - Starting attempt 1 of 4
[2023-02-01T21:34:08.726+0530] {taskinstance.py:1285} INFO - 
--------------------------------------------------------------------------------
[2023-02-01T21:34:08.746+0530] {taskinstance.py:1304} INFO - Executing <Task(PythonOperator): extract> on 2023-01-17 00:00:00+00:00
[2023-02-01T21:34:08.750+0530] {standard_task_runner.py:55} INFO - Started process 2043 to run task
[2023-02-01T21:34:08.755+0530] {standard_task_runner.py:82} INFO - Running: ['airflow', 'tasks', 'run', 'NSE_Open_Interest', 'extract', 'scheduled__2023-01-17T00:00:00+00:00', '--job-id', '3278', '--raw', '--subdir', 'DAGS_FOLDER/NSE_Open_Interest.py', '--cfg-path', '/tmp/tmp2xgv5jy2']
[2023-02-01T21:34:08.758+0530] {standard_task_runner.py:83} INFO - Job 3278: Subtask extract
[2023-02-01T21:34:08.811+0530] {task_command.py:389} INFO - Running <TaskInstance: NSE_Open_Interest.extract scheduled__2023-01-17T00:00:00+00:00 [running]> on host DESKTOP-SQIOQPD.
[2023-02-01T21:34:08.886+0530] {taskinstance.py:1511} INFO - Exporting the following env vars:
AIRFLOW_CTX_DAG_EMAIL=nikheleshbhattacharyya@gmail.com
AIRFLOW_CTX_DAG_OWNER=airflow
AIRFLOW_CTX_DAG_ID=NSE_Open_Interest
AIRFLOW_CTX_TASK_ID=extract
AIRFLOW_CTX_EXECUTION_DATE=2023-01-17T00:00:00+00:00
AIRFLOW_CTX_TRY_NUMBER=1
AIRFLOW_CTX_DAG_RUN_ID=scheduled__2023-01-17T00:00:00+00:00
[2023-02-01T21:34:08.887+0530] {logging_mixin.py:137} INFO - 2020-02-14 00:00:00
[2023-02-01T21:34:12.031+0530] {logging_mixin.py:137} INFO - 2020-02-15 00:00:00
[2023-02-01T21:34:15.222+0530] {logging_mixin.py:137} INFO - 2020-02-16 00:00:00
[2023-02-01T21:34:18.363+0530] {logging_mixin.py:137} INFO - 2020-02-17 00:00:00
[2023-02-01T21:34:21.428+0530] {logging_mixin.py:137} INFO - 2020-02-18 00:00:00
[2023-02-01T21:36:32.314+0530] {logging_mixin.py:137} INFO - 2020-02-19 00:00:00
[2023-02-01T21:36:35.581+0530] {logging_mixin.py:137} INFO - 2020-02-20 00:00:00
[2023-02-01T21:38:45.433+0530] {logging_mixin.py:137} INFO - 2020-02-21 00:00:00
[2023-02-01T21:38:48.647+0530] {logging_mixin.py:137} INFO - 2020-02-22 00:00:00
[2023-02-01T21:38:51.854+0530] {logging_mixin.py:137} INFO - 2020-02-23 00:00:00
[2023-02-01T21:38:54.920+0530] {logging_mixin.py:137} INFO - 2020-02-24 00:00:00
[2023-02-01T21:38:57.982+0530] {logging_mixin.py:137} INFO - 2020-02-25 00:00:00
[2023-02-01T21:41:08.801+0530] {taskinstance.py:1772} ERROR - Task failed with exception
Traceback (most recent call last):
  File "/usr/local/lib/python3.8/dist-packages/airflow/operators/python.py", line 175, in execute
    return_value = self.execute_callable()
  File "/usr/local/lib/python3.8/dist-packages/airflow/operators/python.py", line 192, in execute_callable
    return self.python_callable(*self.op_args, **self.op_kwargs)
  File "/root/airflow/dags/NSE_Open_Interest.py", line 83, in extract
    dd,values = get_data(date)
TypeError: cannot unpack non-iterable int object
[2023-02-01T21:41:08.806+0530] {taskinstance.py:1322} INFO - Marking task as UP_FOR_RETRY. dag_id=NSE_Open_Interest, task_id=extract, execution_date=20230117T000000, start_date=20230201T160408, end_date=20230201T161108
[2023-02-01T21:41:08.832+0530] {standard_task_runner.py:100} ERROR - Failed to execute job 3278 for task extract (cannot unpack non-iterable int object; 2043)
[2023-02-01T21:41:08.841+0530] {local_task_job.py:159} INFO - Task exited with return code 1
[2023-02-01T21:41:08.860+0530] {taskinstance.py:2582} INFO - 0 downstream tasks scheduled from follow-on schedule check
