[2023-03-17T14:21:57.462+0530] {taskinstance.py:1087} INFO - Dependencies all met for <TaskInstance: FX__Turnover.start_task scheduled__2023-03-04T00:00:00+00:00 [queued]>
[2023-03-17T14:21:57.497+0530] {taskinstance.py:1087} INFO - Dependencies all met for <TaskInstance: FX__Turnover.start_task scheduled__2023-03-04T00:00:00+00:00 [queued]>
[2023-03-17T14:21:57.497+0530] {taskinstance.py:1283} INFO - 
--------------------------------------------------------------------------------
[2023-03-17T14:21:57.497+0530] {taskinstance.py:1284} INFO - Starting attempt 1 of 4
[2023-03-17T14:21:57.498+0530] {taskinstance.py:1285} INFO - 
--------------------------------------------------------------------------------
[2023-03-17T14:21:57.526+0530] {taskinstance.py:1304} INFO - Executing <Task(BashOperator): start_task> on 2023-03-04 00:00:00+00:00
[2023-03-17T14:21:57.546+0530] {standard_task_runner.py:55} INFO - Started process 94 to run task
[2023-03-17T14:21:57.602+0530] {standard_task_runner.py:82} INFO - Running: ['airflow', 'tasks', 'run', 'FX__Turnover', 'start_task', 'scheduled__2023-03-04T00:00:00+00:00', '--job-id', '4911', '--raw', '--subdir', 'DAGS_FOLDER/FX_turnover.py', '--cfg-path', '/tmp/tmp9t7o0xtt']
[2023-03-17T14:21:57.613+0530] {standard_task_runner.py:83} INFO - Job 4911: Subtask start_task
[2023-03-17T14:21:57.966+0530] {task_command.py:389} INFO - Running <TaskInstance: FX__Turnover.start_task scheduled__2023-03-04T00:00:00+00:00 [running]> on host DESKTOP-SQIOQPD.
[2023-03-17T14:21:58.440+0530] {taskinstance.py:1511} INFO - Exporting the following env vars:
AIRFLOW_CTX_DAG_EMAIL=nikheleshbhattacharyya@gmail.com
AIRFLOW_CTX_DAG_OWNER=airflow
AIRFLOW_CTX_DAG_ID=FX__Turnover
AIRFLOW_CTX_TASK_ID=start_task
AIRFLOW_CTX_EXECUTION_DATE=2023-03-04T00:00:00+00:00
AIRFLOW_CTX_TRY_NUMBER=1
AIRFLOW_CTX_DAG_RUN_ID=scheduled__2023-03-04T00:00:00+00:00
[2023-03-17T14:21:58.441+0530] {subprocess.py:63} INFO - Tmp dir root location: 
 /tmp
[2023-03-17T14:21:58.441+0530] {subprocess.py:75} INFO - Running command: ['/usr/bin/bash', '-c', 'echo start']
[2023-03-17T14:21:58.464+0530] {subprocess.py:86} INFO - Output:
[2023-03-17T14:21:58.465+0530] {subprocess.py:93} INFO - start
[2023-03-17T14:21:58.465+0530] {subprocess.py:97} INFO - Command exited with return code 0
[2023-03-17T14:21:58.494+0530] {taskinstance.py:1322} INFO - Marking task as SUCCESS. dag_id=FX__Turnover, task_id=start_task, execution_date=20230304T000000, start_date=20230317T085157, end_date=20230317T085158
[2023-03-17T14:21:58.524+0530] {local_task_job.py:159} INFO - Task exited with return code 0
[2023-03-17T14:21:58.557+0530] {taskinstance.py:2582} INFO - 1 downstream tasks scheduled from follow-on schedule check
