[2022-12-27T12:31:03.003+0530] {taskinstance.py:1087} INFO - Dependencies all met for <TaskInstance: Money__Market.start_task scheduled__2022-12-27T02:00:00+00:00 [queued]>
[2022-12-27T12:31:03.013+0530] {taskinstance.py:1087} INFO - Dependencies all met for <TaskInstance: Money__Market.start_task scheduled__2022-12-27T02:00:00+00:00 [queued]>
[2022-12-27T12:31:03.014+0530] {taskinstance.py:1283} INFO - 
--------------------------------------------------------------------------------
[2022-12-27T12:31:03.014+0530] {taskinstance.py:1284} INFO - Starting attempt 1 of 4
[2022-12-27T12:31:03.014+0530] {taskinstance.py:1285} INFO - 
--------------------------------------------------------------------------------
[2022-12-27T12:31:03.030+0530] {taskinstance.py:1304} INFO - Executing <Task(BashOperator): start_task> on 2022-12-27 02:00:00+00:00
[2022-12-27T12:31:03.035+0530] {standard_task_runner.py:55} INFO - Started process 8332 to run task
[2022-12-27T12:31:03.039+0530] {standard_task_runner.py:82} INFO - Running: ['airflow', 'tasks', 'run', 'Money__Market', 'start_task', 'scheduled__2022-12-27T02:00:00+00:00', '--job-id', '1092', '--raw', '--subdir', 'DAGS_FOLDER/Money_Market.py', '--cfg-path', '/tmp/tmpvp1zz76x']
[2022-12-27T12:31:03.045+0530] {standard_task_runner.py:83} INFO - Job 1092: Subtask start_task
[2022-12-27T12:31:03.125+0530] {task_command.py:389} INFO - Running <TaskInstance: Money__Market.start_task scheduled__2022-12-27T02:00:00+00:00 [running]> on host DESKTOP-SQIOQPD.
[2022-12-27T12:31:03.201+0530] {taskinstance.py:1511} INFO - Exporting the following env vars:
AIRFLOW_CTX_DAG_EMAIL=nikheleshbhattacharyya@gmail.com
AIRFLOW_CTX_DAG_OWNER=airflow
AIRFLOW_CTX_DAG_ID=Money__Market
AIRFLOW_CTX_TASK_ID=start_task
AIRFLOW_CTX_EXECUTION_DATE=2022-12-27T02:00:00+00:00
AIRFLOW_CTX_TRY_NUMBER=1
AIRFLOW_CTX_DAG_RUN_ID=scheduled__2022-12-27T02:00:00+00:00
[2022-12-27T12:31:03.202+0530] {subprocess.py:63} INFO - Tmp dir root location: 
 /tmp
[2022-12-27T12:31:03.203+0530] {subprocess.py:75} INFO - Running command: ['/usr/bin/bash', '-c', 'echo start']
[2022-12-27T12:31:03.230+0530] {subprocess.py:86} INFO - Output:
[2022-12-27T12:31:03.231+0530] {subprocess.py:93} INFO - start
[2022-12-27T12:31:03.232+0530] {subprocess.py:97} INFO - Command exited with return code 0
[2022-12-27T12:31:03.264+0530] {taskinstance.py:1322} INFO - Marking task as SUCCESS. dag_id=Money__Market, task_id=start_task, execution_date=20221227T020000, start_date=20221227T070103, end_date=20221227T070103
[2022-12-27T12:31:03.293+0530] {local_task_job.py:159} INFO - Task exited with return code 0
[2022-12-27T12:31:03.317+0530] {taskinstance.py:2582} INFO - 1 downstream tasks scheduled from follow-on schedule check
