[2023-03-17T05:59:12.409+0530] {taskinstance.py:1087} INFO - Dependencies all met for <TaskInstance: NSE_Open_Interest.load scheduled__2023-02-28T00:00:00+00:00 [queued]>
[2023-03-17T05:59:12.432+0530] {taskinstance.py:1087} INFO - Dependencies all met for <TaskInstance: NSE_Open_Interest.load scheduled__2023-02-28T00:00:00+00:00 [queued]>
[2023-03-17T05:59:12.432+0530] {taskinstance.py:1283} INFO - 
--------------------------------------------------------------------------------
[2023-03-17T05:59:12.432+0530] {taskinstance.py:1284} INFO - Starting attempt 1 of 4
[2023-03-17T05:59:12.432+0530] {taskinstance.py:1285} INFO - 
--------------------------------------------------------------------------------
[2023-03-17T05:59:12.460+0530] {taskinstance.py:1304} INFO - Executing <Task(PythonOperator): load> on 2023-02-28 00:00:00+00:00
[2023-03-17T05:59:12.476+0530] {standard_task_runner.py:55} INFO - Started process 6193 to run task
[2023-03-17T05:59:12.481+0530] {standard_task_runner.py:82} INFO - Running: ['airflow', 'tasks', 'run', 'NSE_Open_Interest', 'load', 'scheduled__2023-02-28T00:00:00+00:00', '--job-id', '4909', '--raw', '--subdir', 'DAGS_FOLDER/NSE_Open_Interest.py', '--cfg-path', '/tmp/tmpf2x3s9po']
[2023-03-17T05:59:12.482+0530] {standard_task_runner.py:83} INFO - Job 4909: Subtask load
[2023-03-17T05:59:12.620+0530] {task_command.py:389} INFO - Running <TaskInstance: NSE_Open_Interest.load scheduled__2023-02-28T00:00:00+00:00 [running]> on host DESKTOP-SQIOQPD.
[2023-03-17T05:59:12.956+0530] {taskinstance.py:1511} INFO - Exporting the following env vars:
AIRFLOW_CTX_DAG_EMAIL=nikheleshbhattacharyya@gmail.com
AIRFLOW_CTX_DAG_OWNER=airflow
AIRFLOW_CTX_DAG_ID=NSE_Open_Interest
AIRFLOW_CTX_TASK_ID=load
AIRFLOW_CTX_EXECUTION_DATE=2023-02-28T00:00:00+00:00
AIRFLOW_CTX_TRY_NUMBER=1
AIRFLOW_CTX_DAG_RUN_ID=scheduled__2023-02-28T00:00:00+00:00
[2023-03-17T06:16:09.120+0530] {python.py:177} INFO - Done. Returned value was: None
[2023-03-17T06:16:09.731+0530] {taskinstance.py:1322} INFO - Marking task as SUCCESS. dag_id=NSE_Open_Interest, task_id=load, execution_date=20230228T000000, start_date=20230317T002912, end_date=20230317T004609
