[2022-12-28T19:53:11.868+0530] {taskinstance.py:1087} INFO - Dependencies all met for <TaskInstance: Money__Market.load_data scheduled__2022-12-28T02:00:00+00:00 [queued]>
[2022-12-28T19:53:11.888+0530] {taskinstance.py:1087} INFO - Dependencies all met for <TaskInstance: Money__Market.load_data scheduled__2022-12-28T02:00:00+00:00 [queued]>
[2022-12-28T19:53:11.888+0530] {taskinstance.py:1283} INFO - 
--------------------------------------------------------------------------------
[2022-12-28T19:53:11.888+0530] {taskinstance.py:1284} INFO - Starting attempt 1 of 4
[2022-12-28T19:53:11.888+0530] {taskinstance.py:1285} INFO - 
--------------------------------------------------------------------------------
[2022-12-28T19:53:11.910+0530] {taskinstance.py:1304} INFO - Executing <Task(PythonOperator): load_data> on 2022-12-28 02:00:00+00:00
[2022-12-28T19:53:11.922+0530] {standard_task_runner.py:55} INFO - Started process 20095 to run task
[2022-12-28T19:53:11.926+0530] {standard_task_runner.py:82} INFO - Running: ['airflow', 'tasks', 'run', 'Money__Market', 'load_data', 'scheduled__2022-12-28T02:00:00+00:00', '--job-id', '1690', '--raw', '--subdir', 'DAGS_FOLDER/Money_Market.py', '--cfg-path', '/tmp/tmp_eyh363t']
[2022-12-28T19:53:11.932+0530] {standard_task_runner.py:83} INFO - Job 1690: Subtask load_data
[2022-12-28T19:53:12.039+0530] {task_command.py:389} INFO - Running <TaskInstance: Money__Market.load_data scheduled__2022-12-28T02:00:00+00:00 [running]> on host DESKTOP-SQIOQPD.
[2022-12-28T19:53:12.170+0530] {taskinstance.py:1511} INFO - Exporting the following env vars:
AIRFLOW_CTX_DAG_EMAIL=nikheleshbhattacharyya@gmail.com
AIRFLOW_CTX_DAG_OWNER=airflow
AIRFLOW_CTX_DAG_ID=Money__Market
AIRFLOW_CTX_TASK_ID=load_data
AIRFLOW_CTX_EXECUTION_DATE=2022-12-28T02:00:00+00:00
AIRFLOW_CTX_TRY_NUMBER=1
AIRFLOW_CTX_DAG_RUN_ID=scheduled__2022-12-28T02:00:00+00:00
[2022-12-28T19:53:12.195+0530] {taskinstance.py:1772} ERROR - Task failed with exception
Traceback (most recent call last):
  File "/usr/local/lib/python3.8/dist-packages/airflow/operators/python.py", line 175, in execute
    return_value = self.execute_callable()
  File "/usr/local/lib/python3.8/dist-packages/airflow/operators/python.py", line 192, in execute_callable
    return self.python_callable(*self.op_args, **self.op_kwargs)
  File "/root/airflow/dags/Money_Market.py", line 208, in load_mm
    wb = load_workbook(filename='/root/airflow/files/Data.xlsx')
  File "/usr/local/lib/python3.8/dist-packages/openpyxl/reader/excel.py", line 317, in load_workbook
    reader.read()
  File "/usr/local/lib/python3.8/dist-packages/openpyxl/reader/excel.py", line 278, in read
    self.read_workbook()
  File "/usr/local/lib/python3.8/dist-packages/openpyxl/reader/excel.py", line 150, in read_workbook
    self.parser.parse()
  File "/usr/local/lib/python3.8/dist-packages/openpyxl/reader/workbook.py", line 47, in parse
    src = self.archive.read(self.workbook_part_name)
  File "/usr/lib/python3.8/zipfile.py", line 1475, in read
    with self.open(name, "r", pwd) as fp:
  File "/usr/lib/python3.8/zipfile.py", line 1532, in open
    raise BadZipFile("Truncated file header")
zipfile.BadZipFile: Truncated file header
[2022-12-28T19:53:12.210+0530] {taskinstance.py:1322} INFO - Marking task as UP_FOR_RETRY. dag_id=Money__Market, task_id=load_data, execution_date=20221228T020000, start_date=20221228T142311, end_date=20221228T142312
[2022-12-28T19:53:12.240+0530] {standard_task_runner.py:100} ERROR - Failed to execute job 1690 for task load_data (Truncated file header; 20095)
[2022-12-28T19:53:12.262+0530] {local_task_job.py:159} INFO - Task exited with return code 1
[2022-12-28T19:53:12.320+0530] {taskinstance.py:2582} INFO - 0 downstream tasks scheduled from follow-on schedule check
