[2022-12-28T20:11:55.654+0530] {taskinstance.py:1087} INFO - Dependencies all met for <TaskInstance: Money__Market.load_data scheduled__2022-12-28T02:00:00+00:00 [queued]>
[2022-12-28T20:11:55.662+0530] {taskinstance.py:1087} INFO - Dependencies all met for <TaskInstance: Money__Market.load_data scheduled__2022-12-28T02:00:00+00:00 [queued]>
[2022-12-28T20:11:55.663+0530] {taskinstance.py:1283} INFO - 
--------------------------------------------------------------------------------
[2022-12-28T20:11:55.663+0530] {taskinstance.py:1284} INFO - Starting attempt 2 of 4
[2022-12-28T20:11:55.663+0530] {taskinstance.py:1285} INFO - 
--------------------------------------------------------------------------------
[2022-12-28T20:11:55.680+0530] {taskinstance.py:1304} INFO - Executing <Task(PythonOperator): load_data> on 2022-12-28 02:00:00+00:00
[2022-12-28T20:11:55.684+0530] {standard_task_runner.py:55} INFO - Started process 27636 to run task
[2022-12-28T20:11:55.687+0530] {standard_task_runner.py:82} INFO - Running: ['airflow', 'tasks', 'run', 'Money__Market', 'load_data', 'scheduled__2022-12-28T02:00:00+00:00', '--job-id', '1732', '--raw', '--subdir', 'DAGS_FOLDER/Money_Market.py', '--cfg-path', '/tmp/tmplphj5o9a']
[2022-12-28T20:11:55.688+0530] {standard_task_runner.py:83} INFO - Job 1732: Subtask load_data
[2022-12-28T20:11:55.734+0530] {task_command.py:389} INFO - Running <TaskInstance: Money__Market.load_data scheduled__2022-12-28T02:00:00+00:00 [running]> on host DESKTOP-SQIOQPD.
[2022-12-28T20:11:55.793+0530] {taskinstance.py:1511} INFO - Exporting the following env vars:
AIRFLOW_CTX_DAG_EMAIL=nikheleshbhattacharyya@gmail.com
AIRFLOW_CTX_DAG_OWNER=airflow
AIRFLOW_CTX_DAG_ID=Money__Market
AIRFLOW_CTX_TASK_ID=load_data
AIRFLOW_CTX_EXECUTION_DATE=2022-12-28T02:00:00+00:00
AIRFLOW_CTX_TRY_NUMBER=2
AIRFLOW_CTX_DAG_RUN_ID=scheduled__2022-12-28T02:00:00+00:00
[2022-12-28T20:11:55.916+0530] {logging_mixin.py:137} INFO - 1
[2022-12-28T20:11:56.118+0530] {python.py:177} INFO - Done. Returned value was: None
[2022-12-28T20:11:56.123+0530] {taskinstance.py:1322} INFO - Marking task as SUCCESS. dag_id=Money__Market, task_id=load_data, execution_date=20221228T020000, start_date=20221228T144155, end_date=20221228T144156
[2022-12-28T20:11:56.141+0530] {local_task_job.py:159} INFO - Task exited with return code 0
[2022-12-28T20:11:56.154+0530] {taskinstance.py:2582} INFO - 1 downstream tasks scheduled from follow-on schedule check
