[2023-01-11T12:10:39.418+0530] {taskinstance.py:1087} INFO - Dependencies all met for <TaskInstance: Monthly.finish_task manual__2023-01-11T05:49:23.432484+00:00 [queued]>
[2023-01-11T12:10:39.437+0530] {taskinstance.py:1087} INFO - Dependencies all met for <TaskInstance: Monthly.finish_task manual__2023-01-11T05:49:23.432484+00:00 [queued]>
[2023-01-11T12:10:39.437+0530] {taskinstance.py:1283} INFO - 
--------------------------------------------------------------------------------
[2023-01-11T12:10:39.438+0530] {taskinstance.py:1284} INFO - Starting attempt 1 of 4
[2023-01-11T12:10:39.438+0530] {taskinstance.py:1285} INFO - 
--------------------------------------------------------------------------------
[2023-01-11T12:10:39.471+0530] {taskinstance.py:1304} INFO - Executing <Task(BashOperator): finish_task> on 2023-01-11 05:49:23.432484+00:00
[2023-01-11T12:10:39.479+0530] {standard_task_runner.py:55} INFO - Started process 1440 to run task
[2023-01-11T12:10:39.484+0530] {standard_task_runner.py:82} INFO - Running: ['airflow', 'tasks', 'run', 'Monthly', 'finish_task', 'manual__2023-01-11T05:49:23.432484+00:00', '--job-id', '3098', '--raw', '--subdir', 'DAGS_FOLDER/Monthly.py', '--cfg-path', '/tmp/tmp4e289qi0']
[2023-01-11T12:10:39.485+0530] {standard_task_runner.py:83} INFO - Job 3098: Subtask finish_task
[2023-01-11T12:10:39.646+0530] {task_command.py:389} INFO - Running <TaskInstance: Monthly.finish_task manual__2023-01-11T05:49:23.432484+00:00 [running]> on host DESKTOP-SQIOQPD.
[2023-01-11T12:10:39.823+0530] {taskinstance.py:1511} INFO - Exporting the following env vars:
AIRFLOW_CTX_DAG_EMAIL=nikheleshbhattacharyya@gmail.com
AIRFLOW_CTX_DAG_OWNER=airflow
AIRFLOW_CTX_DAG_ID=Monthly
AIRFLOW_CTX_TASK_ID=finish_task
AIRFLOW_CTX_EXECUTION_DATE=2023-01-11T05:49:23.432484+00:00
AIRFLOW_CTX_TRY_NUMBER=1
AIRFLOW_CTX_DAG_RUN_ID=manual__2023-01-11T05:49:23.432484+00:00
[2023-01-11T12:10:39.824+0530] {subprocess.py:63} INFO - Tmp dir root location: 
 /tmp
[2023-01-11T12:10:39.825+0530] {subprocess.py:75} INFO - Running command: ['/usr/bin/bash', '-c', 'echo finish']
[2023-01-11T12:10:39.838+0530] {subprocess.py:86} INFO - Output:
[2023-01-11T12:10:39.839+0530] {subprocess.py:93} INFO - finish
[2023-01-11T12:10:39.839+0530] {subprocess.py:97} INFO - Command exited with return code 0
[2023-01-11T12:10:39.860+0530] {taskinstance.py:1322} INFO - Marking task as SUCCESS. dag_id=Monthly, task_id=finish_task, execution_date=20230111T054923, start_date=20230111T064039, end_date=20230111T064039
[2023-01-11T12:10:39.908+0530] {local_task_job.py:159} INFO - Task exited with return code 0
[2023-01-11T12:10:39.924+0530] {taskinstance.py:2582} INFO - 0 downstream tasks scheduled from follow-on schedule check
