[2023-02-14T06:18:46.731+0530] {taskinstance.py:1087} INFO - Dependencies all met for <TaskInstance: FX_Reserves.load scheduled__2023-02-10T00:00:00+00:00 [queued]>
[2023-02-14T06:18:46.744+0530] {taskinstance.py:1087} INFO - Dependencies all met for <TaskInstance: FX_Reserves.load scheduled__2023-02-10T00:00:00+00:00 [queued]>
[2023-02-14T06:18:46.745+0530] {taskinstance.py:1283} INFO - 
--------------------------------------------------------------------------------
[2023-02-14T06:18:46.745+0530] {taskinstance.py:1284} INFO - Starting attempt 1 of 4
[2023-02-14T06:18:46.745+0530] {taskinstance.py:1285} INFO - 
--------------------------------------------------------------------------------
[2023-02-14T06:18:46.766+0530] {taskinstance.py:1304} INFO - Executing <Task(PythonOperator): load> on 2023-02-10 00:00:00+00:00
[2023-02-14T06:18:46.773+0530] {standard_task_runner.py:55} INFO - Started process 7267 to run task
[2023-02-14T06:18:46.776+0530] {standard_task_runner.py:82} INFO - Running: ['airflow', 'tasks', 'run', 'FX_Reserves', 'load', 'scheduled__2023-02-10T00:00:00+00:00', '--job-id', '4215', '--raw', '--subdir', 'DAGS_FOLDER/FX_Reserves_Data.py', '--cfg-path', '/tmp/tmp_aipil24']
[2023-02-14T06:18:46.778+0530] {standard_task_runner.py:83} INFO - Job 4215: Subtask load
[2023-02-14T06:18:46.848+0530] {task_command.py:389} INFO - Running <TaskInstance: FX_Reserves.load scheduled__2023-02-10T00:00:00+00:00 [running]> on host DESKTOP-SQIOQPD.
[2023-02-14T06:18:46.964+0530] {taskinstance.py:1511} INFO - Exporting the following env vars:
AIRFLOW_CTX_DAG_EMAIL=nikheleshbhattacharyya@gmail.com
AIRFLOW_CTX_DAG_OWNER=airflow
AIRFLOW_CTX_DAG_ID=FX_Reserves
AIRFLOW_CTX_TASK_ID=load
AIRFLOW_CTX_EXECUTION_DATE=2023-02-10T00:00:00+00:00
AIRFLOW_CTX_TRY_NUMBER=1
AIRFLOW_CTX_DAG_RUN_ID=scheduled__2023-02-10T00:00:00+00:00
[2023-02-14T06:18:47.564+0530] {python.py:177} INFO - Done. Returned value was: None
[2023-02-14T06:18:47.569+0530] {taskinstance.py:1322} INFO - Marking task as SUCCESS. dag_id=FX_Reserves, task_id=load, execution_date=20230210T000000, start_date=20230214T004846, end_date=20230214T004847
[2023-02-14T06:18:47.593+0530] {local_task_job.py:159} INFO - Task exited with return code 0
[2023-02-14T06:18:47.632+0530] {taskinstance.py:2582} INFO - 1 downstream tasks scheduled from follow-on schedule check
