[2022-12-26T14:56:58.519+0530] {taskinstance.py:1087} INFO - Dependencies all met for <TaskInstance: Money__Market.finish_task scheduled__2022-12-26T06:00:00+00:00 [queued]>
[2022-12-26T14:56:58.531+0530] {taskinstance.py:1087} INFO - Dependencies all met for <TaskInstance: Money__Market.finish_task scheduled__2022-12-26T06:00:00+00:00 [queued]>
[2022-12-26T14:56:58.531+0530] {taskinstance.py:1283} INFO - 
--------------------------------------------------------------------------------
[2022-12-26T14:56:58.531+0530] {taskinstance.py:1284} INFO - Starting attempt 1 of 4
[2022-12-26T14:56:58.531+0530] {taskinstance.py:1285} INFO - 
--------------------------------------------------------------------------------
[2022-12-26T14:56:58.548+0530] {taskinstance.py:1304} INFO - Executing <Task(BashOperator): finish_task> on 2022-12-26 06:00:00+00:00
[2022-12-26T14:56:58.554+0530] {standard_task_runner.py:55} INFO - Started process 31315 to run task
[2022-12-26T14:56:58.557+0530] {standard_task_runner.py:82} INFO - Running: ['airflow', 'tasks', 'run', 'Money__Market', 'finish_task', 'scheduled__2022-12-26T06:00:00+00:00', '--job-id', '920', '--raw', '--subdir', 'DAGS_FOLDER/Money_Market.py', '--cfg-path', '/tmp/tmpqga5b83c']
[2022-12-26T14:56:58.558+0530] {standard_task_runner.py:83} INFO - Job 920: Subtask finish_task
[2022-12-26T14:56:58.604+0530] {task_command.py:389} INFO - Running <TaskInstance: Money__Market.finish_task scheduled__2022-12-26T06:00:00+00:00 [running]> on host DESKTOP-SQIOQPD.
[2022-12-26T14:56:58.664+0530] {taskinstance.py:1511} INFO - Exporting the following env vars:
AIRFLOW_CTX_DAG_EMAIL=nikheleshbhattacharyya@gmail.com
AIRFLOW_CTX_DAG_OWNER=airflow
AIRFLOW_CTX_DAG_ID=Money__Market
AIRFLOW_CTX_TASK_ID=finish_task
AIRFLOW_CTX_EXECUTION_DATE=2022-12-26T06:00:00+00:00
AIRFLOW_CTX_TRY_NUMBER=1
AIRFLOW_CTX_DAG_RUN_ID=scheduled__2022-12-26T06:00:00+00:00
[2022-12-26T14:56:58.665+0530] {subprocess.py:63} INFO - Tmp dir root location: 
 /tmp
[2022-12-26T14:56:58.665+0530] {subprocess.py:75} INFO - Running command: ['/usr/bin/bash', '-c', 'echo finish']
[2022-12-26T14:56:58.676+0530] {subprocess.py:86} INFO - Output:
[2022-12-26T14:56:58.677+0530] {subprocess.py:93} INFO - finish
[2022-12-26T14:56:58.677+0530] {subprocess.py:97} INFO - Command exited with return code 0
[2022-12-26T14:56:58.696+0530] {taskinstance.py:1322} INFO - Marking task as SUCCESS. dag_id=Money__Market, task_id=finish_task, execution_date=20221226T060000, start_date=20221226T092658, end_date=20221226T092658
[2022-12-26T14:56:58.731+0530] {local_task_job.py:159} INFO - Task exited with return code 0
[2022-12-26T14:56:58.743+0530] {taskinstance.py:2582} INFO - 0 downstream tasks scheduled from follow-on schedule check
