[2023-01-14T10:12:23.099+0530] {taskinstance.py:1087} INFO - Dependencies all met for <TaskInstance: NSE_Open_Interest.start_task scheduled__2023-01-13T00:00:00+00:00 [queued]>
[2023-01-14T10:12:23.106+0530] {taskinstance.py:1087} INFO - Dependencies all met for <TaskInstance: NSE_Open_Interest.start_task scheduled__2023-01-13T00:00:00+00:00 [queued]>
[2023-01-14T10:12:23.106+0530] {taskinstance.py:1283} INFO - 
--------------------------------------------------------------------------------
[2023-01-14T10:12:23.106+0530] {taskinstance.py:1284} INFO - Starting attempt 1 of 4
[2023-01-14T10:12:23.106+0530] {taskinstance.py:1285} INFO - 
--------------------------------------------------------------------------------
[2023-01-14T10:12:23.125+0530] {taskinstance.py:1304} INFO - Executing <Task(BashOperator): start_task> on 2023-01-13 00:00:00+00:00
[2023-01-14T10:12:23.131+0530] {standard_task_runner.py:55} INFO - Started process 29915 to run task
[2023-01-14T10:12:23.139+0530] {standard_task_runner.py:82} INFO - Running: ['airflow', 'tasks', 'run', 'NSE_Open_Interest', 'start_task', 'scheduled__2023-01-13T00:00:00+00:00', '--job-id', '3190', '--raw', '--subdir', 'DAGS_FOLDER/NSE_Open_Interest.py', '--cfg-path', '/tmp/tmp1bmnz552']
[2023-01-14T10:12:23.140+0530] {standard_task_runner.py:83} INFO - Job 3190: Subtask start_task
[2023-01-14T10:12:23.199+0530] {task_command.py:389} INFO - Running <TaskInstance: NSE_Open_Interest.start_task scheduled__2023-01-13T00:00:00+00:00 [running]> on host DESKTOP-SQIOQPD.
[2023-01-14T10:12:23.271+0530] {taskinstance.py:1511} INFO - Exporting the following env vars:
AIRFLOW_CTX_DAG_EMAIL=nikheleshbhattacharyya@gmail.com
AIRFLOW_CTX_DAG_OWNER=airflow
AIRFLOW_CTX_DAG_ID=NSE_Open_Interest
AIRFLOW_CTX_TASK_ID=start_task
AIRFLOW_CTX_EXECUTION_DATE=2023-01-13T00:00:00+00:00
AIRFLOW_CTX_TRY_NUMBER=1
AIRFLOW_CTX_DAG_RUN_ID=scheduled__2023-01-13T00:00:00+00:00
[2023-01-14T10:12:23.273+0530] {subprocess.py:63} INFO - Tmp dir root location: 
 /tmp
[2023-01-14T10:12:23.273+0530] {subprocess.py:75} INFO - Running command: ['/usr/bin/bash', '-c', 'echo start']
[2023-01-14T10:12:23.292+0530] {subprocess.py:86} INFO - Output:
[2023-01-14T10:12:23.296+0530] {subprocess.py:93} INFO - start
[2023-01-14T10:12:23.296+0530] {subprocess.py:97} INFO - Command exited with return code 0
[2023-01-14T10:12:23.325+0530] {taskinstance.py:1322} INFO - Marking task as SUCCESS. dag_id=NSE_Open_Interest, task_id=start_task, execution_date=20230113T000000, start_date=20230114T044223, end_date=20230114T044223
[2023-01-14T10:12:23.392+0530] {local_task_job.py:159} INFO - Task exited with return code 0
[2023-01-14T10:12:23.419+0530] {taskinstance.py:2582} INFO - 1 downstream tasks scheduled from follow-on schedule check
