[2023-03-17T14:31:41.490+0530] {taskinstance.py:1087} INFO - Dependencies all met for <TaskInstance: NSE_Open_Interest.finish_task scheduled__2023-02-28T00:00:00+00:00 [queued]>
[2023-03-17T14:31:41.542+0530] {taskinstance.py:1087} INFO - Dependencies all met for <TaskInstance: NSE_Open_Interest.finish_task scheduled__2023-02-28T00:00:00+00:00 [queued]>
[2023-03-17T14:31:41.542+0530] {taskinstance.py:1283} INFO - 
--------------------------------------------------------------------------------
[2023-03-17T14:31:41.543+0530] {taskinstance.py:1284} INFO - Starting attempt 1 of 4
[2023-03-17T14:31:41.543+0530] {taskinstance.py:1285} INFO - 
--------------------------------------------------------------------------------
[2023-03-17T14:31:41.659+0530] {taskinstance.py:1304} INFO - Executing <Task(BashOperator): finish_task> on 2023-02-28 00:00:00+00:00
[2023-03-17T14:31:41.859+0530] {standard_task_runner.py:55} INFO - Started process 1182 to run task
[2023-03-17T14:31:42.043+0530] {standard_task_runner.py:82} INFO - Running: ['airflow', 'tasks', 'run', 'NSE_Open_Interest', 'finish_task', 'scheduled__2023-02-28T00:00:00+00:00', '--job-id', '4937', '--raw', '--subdir', 'DAGS_FOLDER/NSE_Open_Interest.py', '--cfg-path', '/tmp/tmpcu52da9i']
[2023-03-17T14:31:42.078+0530] {standard_task_runner.py:83} INFO - Job 4937: Subtask finish_task
[2023-03-17T14:31:45.343+0530] {task_command.py:389} INFO - Running <TaskInstance: NSE_Open_Interest.finish_task scheduled__2023-02-28T00:00:00+00:00 [running]> on host DESKTOP-SQIOQPD.
[2023-03-17T14:31:49.960+0530] {taskinstance.py:1511} INFO - Exporting the following env vars:
AIRFLOW_CTX_DAG_EMAIL=nikheleshbhattacharyya@gmail.com
AIRFLOW_CTX_DAG_OWNER=airflow
AIRFLOW_CTX_DAG_ID=NSE_Open_Interest
AIRFLOW_CTX_TASK_ID=finish_task
AIRFLOW_CTX_EXECUTION_DATE=2023-02-28T00:00:00+00:00
AIRFLOW_CTX_TRY_NUMBER=1
AIRFLOW_CTX_DAG_RUN_ID=scheduled__2023-02-28T00:00:00+00:00
[2023-03-17T14:31:49.962+0530] {subprocess.py:63} INFO - Tmp dir root location: 
 /tmp
[2023-03-17T14:31:49.963+0530] {subprocess.py:75} INFO - Running command: ['/usr/bin/bash', '-c', 'echo finish']
[2023-03-17T14:31:50.046+0530] {subprocess.py:86} INFO - Output:
[2023-03-17T14:31:50.156+0530] {subprocess.py:93} INFO - finish
[2023-03-17T14:31:50.157+0530] {subprocess.py:97} INFO - Command exited with return code 0
[2023-03-17T14:31:50.595+0530] {taskinstance.py:1322} INFO - Marking task as SUCCESS. dag_id=NSE_Open_Interest, task_id=finish_task, execution_date=20230228T000000, start_date=20230317T090141, end_date=20230317T090150
[2023-03-17T14:31:50.942+0530] {local_task_job.py:159} INFO - Task exited with return code 0
[2023-03-17T14:31:50.970+0530] {taskinstance.py:2582} INFO - 0 downstream tasks scheduled from follow-on schedule check
