[2023-01-14T05:34:57.061+0530] {taskinstance.py:1087} INFO - Dependencies all met for <TaskInstance: Monthly.finish_task scheduled__2023-01-13T00:00:00+00:00 [queued]>
[2023-01-14T05:34:57.070+0530] {taskinstance.py:1087} INFO - Dependencies all met for <TaskInstance: Monthly.finish_task scheduled__2023-01-13T00:00:00+00:00 [queued]>
[2023-01-14T05:34:57.070+0530] {taskinstance.py:1283} INFO - 
--------------------------------------------------------------------------------
[2023-01-14T05:34:57.070+0530] {taskinstance.py:1284} INFO - Starting attempt 1 of 4
[2023-01-14T05:34:57.071+0530] {taskinstance.py:1285} INFO - 
--------------------------------------------------------------------------------
[2023-01-14T05:34:57.086+0530] {taskinstance.py:1304} INFO - Executing <Task(BashOperator): finish_task> on 2023-01-13 00:00:00+00:00
[2023-01-14T05:34:57.092+0530] {standard_task_runner.py:55} INFO - Started process 24562 to run task
[2023-01-14T05:34:57.096+0530] {standard_task_runner.py:82} INFO - Running: ['airflow', 'tasks', 'run', 'Monthly', 'finish_task', 'scheduled__2023-01-13T00:00:00+00:00', '--job-id', '3177', '--raw', '--subdir', 'DAGS_FOLDER/Monthly.py', '--cfg-path', '/tmp/tmpr3_zxo20']
[2023-01-14T05:34:57.098+0530] {standard_task_runner.py:83} INFO - Job 3177: Subtask finish_task
[2023-01-14T05:34:57.139+0530] {task_command.py:389} INFO - Running <TaskInstance: Monthly.finish_task scheduled__2023-01-13T00:00:00+00:00 [running]> on host DESKTOP-SQIOQPD.
[2023-01-14T05:34:57.204+0530] {taskinstance.py:1511} INFO - Exporting the following env vars:
AIRFLOW_CTX_DAG_EMAIL=nikheleshbhattacharyya@gmail.com
AIRFLOW_CTX_DAG_OWNER=airflow
AIRFLOW_CTX_DAG_ID=Monthly
AIRFLOW_CTX_TASK_ID=finish_task
AIRFLOW_CTX_EXECUTION_DATE=2023-01-13T00:00:00+00:00
AIRFLOW_CTX_TRY_NUMBER=1
AIRFLOW_CTX_DAG_RUN_ID=scheduled__2023-01-13T00:00:00+00:00
[2023-01-14T05:34:57.205+0530] {subprocess.py:63} INFO - Tmp dir root location: 
 /tmp
[2023-01-14T05:34:57.206+0530] {subprocess.py:75} INFO - Running command: ['/usr/bin/bash', '-c', 'echo finish']
[2023-01-14T05:34:57.214+0530] {subprocess.py:86} INFO - Output:
[2023-01-14T05:34:57.216+0530] {subprocess.py:93} INFO - finish
[2023-01-14T05:34:57.216+0530] {subprocess.py:97} INFO - Command exited with return code 0
[2023-01-14T05:34:57.234+0530] {taskinstance.py:1322} INFO - Marking task as SUCCESS. dag_id=Monthly, task_id=finish_task, execution_date=20230113T000000, start_date=20230114T000457, end_date=20230114T000457
[2023-01-14T05:34:57.269+0530] {local_task_job.py:159} INFO - Task exited with return code 0
[2023-01-14T05:34:57.281+0530] {taskinstance.py:2582} INFO - 0 downstream tasks scheduled from follow-on schedule check
