[2022-12-27T14:22:18.854+0530] {taskinstance.py:1087} INFO - Dependencies all met for <TaskInstance: Money__Market.load_link scheduled__2022-12-27T06:00:00+00:00 [queued]>
[2022-12-27T14:22:18.864+0530] {taskinstance.py:1087} INFO - Dependencies all met for <TaskInstance: Money__Market.load_link scheduled__2022-12-27T06:00:00+00:00 [queued]>
[2022-12-27T14:22:18.865+0530] {taskinstance.py:1283} INFO - 
--------------------------------------------------------------------------------
[2022-12-27T14:22:18.865+0530] {taskinstance.py:1284} INFO - Starting attempt 1 of 4
[2022-12-27T14:22:18.865+0530] {taskinstance.py:1285} INFO - 
--------------------------------------------------------------------------------
[2022-12-27T14:22:18.880+0530] {taskinstance.py:1304} INFO - Executing <Task(PythonOperator): load_link> on 2022-12-27 06:00:00+00:00
[2022-12-27T14:22:18.884+0530] {standard_task_runner.py:55} INFO - Started process 10368 to run task
[2022-12-27T14:22:18.887+0530] {standard_task_runner.py:82} INFO - Running: ['airflow', 'tasks', 'run', 'Money__Market', 'load_link', 'scheduled__2022-12-27T06:00:00+00:00', '--job-id', '1160', '--raw', '--subdir', 'DAGS_FOLDER/Money_Market.py', '--cfg-path', '/tmp/tmpemszzy60']
[2022-12-27T14:22:18.889+0530] {standard_task_runner.py:83} INFO - Job 1160: Subtask load_link
[2022-12-27T14:22:18.932+0530] {task_command.py:389} INFO - Running <TaskInstance: Money__Market.load_link scheduled__2022-12-27T06:00:00+00:00 [running]> on host DESKTOP-SQIOQPD.
[2022-12-27T14:22:18.997+0530] {taskinstance.py:1511} INFO - Exporting the following env vars:
AIRFLOW_CTX_DAG_EMAIL=nikheleshbhattacharyya@gmail.com
AIRFLOW_CTX_DAG_OWNER=airflow
AIRFLOW_CTX_DAG_ID=Money__Market
AIRFLOW_CTX_TASK_ID=load_link
AIRFLOW_CTX_EXECUTION_DATE=2022-12-27T06:00:00+00:00
AIRFLOW_CTX_TRY_NUMBER=1
AIRFLOW_CTX_DAG_RUN_ID=scheduled__2022-12-27T06:00:00+00:00
[2022-12-27T14:22:19.282+0530] {python.py:177} INFO - Done. Returned value was: None
[2022-12-27T14:22:19.287+0530] {taskinstance.py:1322} INFO - Marking task as SUCCESS. dag_id=Money__Market, task_id=load_link, execution_date=20221227T060000, start_date=20221227T085218, end_date=20221227T085219
[2022-12-27T14:22:19.462+0530] {local_task_job.py:159} INFO - Task exited with return code 0
[2022-12-27T14:22:19.486+0530] {taskinstance.py:2582} INFO - 1 downstream tasks scheduled from follow-on schedule check
