[2023-02-01T20:54:58.629+0530] {taskinstance.py:1087} INFO - Dependencies all met for <TaskInstance: Monthly.start_task scheduled__2023-01-14T00:00:00+00:00 [queued]>
[2023-02-01T20:54:58.637+0530] {taskinstance.py:1087} INFO - Dependencies all met for <TaskInstance: Monthly.start_task scheduled__2023-01-14T00:00:00+00:00 [queued]>
[2023-02-01T20:54:58.637+0530] {taskinstance.py:1283} INFO - 
--------------------------------------------------------------------------------
[2023-02-01T20:54:58.637+0530] {taskinstance.py:1284} INFO - Starting attempt 1 of 4
[2023-02-01T20:54:58.637+0530] {taskinstance.py:1285} INFO - 
--------------------------------------------------------------------------------
[2023-02-01T20:54:58.655+0530] {taskinstance.py:1304} INFO - Executing <Task(BashOperator): start_task> on 2023-01-14 00:00:00+00:00
[2023-02-01T20:54:58.660+0530] {standard_task_runner.py:55} INFO - Started process 359 to run task
[2023-02-01T20:54:58.663+0530] {standard_task_runner.py:82} INFO - Running: ['airflow', 'tasks', 'run', 'Monthly', 'start_task', 'scheduled__2023-01-14T00:00:00+00:00', '--job-id', '3206', '--raw', '--subdir', 'DAGS_FOLDER/Monthly.py', '--cfg-path', '/tmp/tmp29u57ckh']
[2023-02-01T20:54:58.664+0530] {standard_task_runner.py:83} INFO - Job 3206: Subtask start_task
[2023-02-01T20:54:58.729+0530] {task_command.py:389} INFO - Running <TaskInstance: Monthly.start_task scheduled__2023-01-14T00:00:00+00:00 [running]> on host DESKTOP-SQIOQPD.
[2023-02-01T20:54:58.880+0530] {taskinstance.py:1511} INFO - Exporting the following env vars:
AIRFLOW_CTX_DAG_EMAIL=nikheleshbhattacharyya@gmail.com
AIRFLOW_CTX_DAG_OWNER=airflow
AIRFLOW_CTX_DAG_ID=Monthly
AIRFLOW_CTX_TASK_ID=start_task
AIRFLOW_CTX_EXECUTION_DATE=2023-01-14T00:00:00+00:00
AIRFLOW_CTX_TRY_NUMBER=1
AIRFLOW_CTX_DAG_RUN_ID=scheduled__2023-01-14T00:00:00+00:00
[2023-02-01T20:54:58.881+0530] {subprocess.py:63} INFO - Tmp dir root location: 
 /tmp
[2023-02-01T20:54:58.882+0530] {subprocess.py:75} INFO - Running command: ['/usr/bin/bash', '-c', 'echo start']
[2023-02-01T20:54:58.900+0530] {subprocess.py:86} INFO - Output:
[2023-02-01T20:54:58.900+0530] {subprocess.py:93} INFO - start
[2023-02-01T20:54:58.900+0530] {subprocess.py:97} INFO - Command exited with return code 0
[2023-02-01T20:54:58.922+0530] {taskinstance.py:1322} INFO - Marking task as SUCCESS. dag_id=Monthly, task_id=start_task, execution_date=20230114T000000, start_date=20230201T152458, end_date=20230201T152458
[2023-02-01T20:54:58.957+0530] {local_task_job.py:159} INFO - Task exited with return code 0
[2023-02-01T20:54:58.981+0530] {taskinstance.py:2582} INFO - 1 downstream tasks scheduled from follow-on schedule check
