[2023-01-11T11:48:27.700+0530] {taskinstance.py:1087} INFO - Dependencies all met for <TaskInstance: Monthly.start_task manual__2023-01-11T05:49:23.432484+00:00 [queued]>
[2023-01-11T11:48:27.706+0530] {taskinstance.py:1087} INFO - Dependencies all met for <TaskInstance: Monthly.start_task manual__2023-01-11T05:49:23.432484+00:00 [queued]>
[2023-01-11T11:48:27.706+0530] {taskinstance.py:1283} INFO - 
--------------------------------------------------------------------------------
[2023-01-11T11:48:27.706+0530] {taskinstance.py:1284} INFO - Starting attempt 1 of 4
[2023-01-11T11:48:27.707+0530] {taskinstance.py:1285} INFO - 
--------------------------------------------------------------------------------
[2023-01-11T11:48:27.726+0530] {taskinstance.py:1304} INFO - Executing <Task(BashOperator): start_task> on 2023-01-11 05:49:23.432484+00:00
[2023-01-11T11:48:27.734+0530] {standard_task_runner.py:55} INFO - Started process 1189 to run task
[2023-01-11T11:48:27.738+0530] {standard_task_runner.py:82} INFO - Running: ['airflow', 'tasks', 'run', 'Monthly', 'start_task', 'manual__2023-01-11T05:49:23.432484+00:00', '--job-id', '3085', '--raw', '--subdir', 'DAGS_FOLDER/Monthly.py', '--cfg-path', '/tmp/tmpujf1knka']
[2023-01-11T11:48:27.739+0530] {standard_task_runner.py:83} INFO - Job 3085: Subtask start_task
[2023-01-11T11:48:27.822+0530] {task_command.py:389} INFO - Running <TaskInstance: Monthly.start_task manual__2023-01-11T05:49:23.432484+00:00 [running]> on host DESKTOP-SQIOQPD.
[2023-01-11T11:48:27.928+0530] {taskinstance.py:1511} INFO - Exporting the following env vars:
AIRFLOW_CTX_DAG_EMAIL=nikheleshbhattacharyya@gmail.com
AIRFLOW_CTX_DAG_OWNER=airflow
AIRFLOW_CTX_DAG_ID=Monthly
AIRFLOW_CTX_TASK_ID=start_task
AIRFLOW_CTX_EXECUTION_DATE=2023-01-11T05:49:23.432484+00:00
AIRFLOW_CTX_TRY_NUMBER=1
AIRFLOW_CTX_DAG_RUN_ID=manual__2023-01-11T05:49:23.432484+00:00
[2023-01-11T11:48:27.931+0530] {subprocess.py:63} INFO - Tmp dir root location: 
 /tmp
[2023-01-11T11:48:27.932+0530] {subprocess.py:75} INFO - Running command: ['/usr/bin/bash', '-c', 'echo start']
[2023-01-11T11:48:27.970+0530] {subprocess.py:86} INFO - Output:
[2023-01-11T11:48:27.988+0530] {subprocess.py:93} INFO - start
[2023-01-11T11:48:27.989+0530] {subprocess.py:97} INFO - Command exited with return code 0
[2023-01-11T11:48:28.016+0530] {taskinstance.py:1322} INFO - Marking task as SUCCESS. dag_id=Monthly, task_id=start_task, execution_date=20230111T054923, start_date=20230111T061827, end_date=20230111T061828
[2023-01-11T11:48:28.072+0530] {local_task_job.py:159} INFO - Task exited with return code 0
[2023-01-11T11:48:28.101+0530] {taskinstance.py:2582} INFO - 1 downstream tasks scheduled from follow-on schedule check
