[2023-02-24T13:21:53.065+0530] {taskinstance.py:1087} INFO - Dependencies all met for <TaskInstance: Monthly.finish_task scheduled__2023-02-23T00:00:00+00:00 [queued]>
[2023-02-24T13:21:53.182+0530] {taskinstance.py:1087} INFO - Dependencies all met for <TaskInstance: Monthly.finish_task scheduled__2023-02-23T00:00:00+00:00 [queued]>
[2023-02-24T13:21:53.183+0530] {taskinstance.py:1283} INFO - 
--------------------------------------------------------------------------------
[2023-02-24T13:21:53.183+0530] {taskinstance.py:1284} INFO - Starting attempt 1 of 4
[2023-02-24T13:21:53.184+0530] {taskinstance.py:1285} INFO - 
--------------------------------------------------------------------------------
[2023-02-24T13:21:53.335+0530] {taskinstance.py:1304} INFO - Executing <Task(BashOperator): finish_task> on 2023-02-23 00:00:00+00:00
[2023-02-24T13:21:53.433+0530] {standard_task_runner.py:55} INFO - Started process 7036 to run task
[2023-02-24T13:21:53.509+0530] {standard_task_runner.py:82} INFO - Running: ['airflow', 'tasks', 'run', 'Monthly', 'finish_task', 'scheduled__2023-02-23T00:00:00+00:00', '--job-id', '4722', '--raw', '--subdir', 'DAGS_FOLDER/Monthly.py', '--cfg-path', '/tmp/tmpdxcbgbyd']
[2023-02-24T13:21:53.548+0530] {standard_task_runner.py:83} INFO - Job 4722: Subtask finish_task
[2023-02-24T13:21:53.954+0530] {task_command.py:389} INFO - Running <TaskInstance: Monthly.finish_task scheduled__2023-02-23T00:00:00+00:00 [running]> on host DESKTOP-SQIOQPD.
[2023-02-24T13:21:54.381+0530] {taskinstance.py:1511} INFO - Exporting the following env vars:
AIRFLOW_CTX_DAG_EMAIL=nikheleshbhattacharyya@gmail.com
AIRFLOW_CTX_DAG_OWNER=airflow
AIRFLOW_CTX_DAG_ID=Monthly
AIRFLOW_CTX_TASK_ID=finish_task
AIRFLOW_CTX_EXECUTION_DATE=2023-02-23T00:00:00+00:00
AIRFLOW_CTX_TRY_NUMBER=1
AIRFLOW_CTX_DAG_RUN_ID=scheduled__2023-02-23T00:00:00+00:00
[2023-02-24T13:21:54.385+0530] {subprocess.py:63} INFO - Tmp dir root location: 
 /tmp
[2023-02-24T13:21:54.388+0530] {subprocess.py:75} INFO - Running command: ['/usr/bin/bash', '-c', 'echo finish']
[2023-02-24T13:21:54.468+0530] {subprocess.py:86} INFO - Output:
[2023-02-24T13:21:54.533+0530] {subprocess.py:93} INFO - finish
[2023-02-24T13:21:54.535+0530] {subprocess.py:97} INFO - Command exited with return code 0
[2023-02-24T13:21:54.612+0530] {taskinstance.py:1322} INFO - Marking task as SUCCESS. dag_id=Monthly, task_id=finish_task, execution_date=20230223T000000, start_date=20230224T075153, end_date=20230224T075154
[2023-02-24T13:21:56.647+0530] {local_task_job.py:159} INFO - Task exited with return code 0
[2023-02-24T13:21:56.680+0530] {taskinstance.py:2582} INFO - 0 downstream tasks scheduled from follow-on schedule check
