[2023-01-14T10:57:02.618+0530] {taskinstance.py:1087} INFO - Dependencies all met for <TaskInstance: NSE_Open_Interest.extract scheduled__2023-01-13T00:00:00+00:00 [queued]>
[2023-01-14T10:57:02.630+0530] {taskinstance.py:1087} INFO - Dependencies all met for <TaskInstance: NSE_Open_Interest.extract scheduled__2023-01-13T00:00:00+00:00 [queued]>
[2023-01-14T10:57:02.631+0530] {taskinstance.py:1283} INFO - 
--------------------------------------------------------------------------------
[2023-01-14T10:57:02.631+0530] {taskinstance.py:1284} INFO - Starting attempt 2 of 4
[2023-01-14T10:57:02.631+0530] {taskinstance.py:1285} INFO - 
--------------------------------------------------------------------------------
[2023-01-14T10:57:02.663+0530] {taskinstance.py:1304} INFO - Executing <Task(PythonOperator): extract> on 2023-01-13 00:00:00+00:00
[2023-01-14T10:57:02.673+0530] {standard_task_runner.py:55} INFO - Started process 30226 to run task
[2023-01-14T10:57:02.677+0530] {standard_task_runner.py:82} INFO - Running: ['airflow', 'tasks', 'run', 'NSE_Open_Interest', 'extract', 'scheduled__2023-01-13T00:00:00+00:00', '--job-id', '3196', '--raw', '--subdir', 'DAGS_FOLDER/NSE_Open_Interest.py', '--cfg-path', '/tmp/tmpjyd3vru_']
[2023-01-14T10:57:02.679+0530] {standard_task_runner.py:83} INFO - Job 3196: Subtask extract
[2023-01-14T10:57:02.775+0530] {task_command.py:389} INFO - Running <TaskInstance: NSE_Open_Interest.extract scheduled__2023-01-13T00:00:00+00:00 [running]> on host DESKTOP-SQIOQPD.
[2023-01-14T10:57:02.881+0530] {taskinstance.py:1511} INFO - Exporting the following env vars:
AIRFLOW_CTX_DAG_EMAIL=nikheleshbhattacharyya@gmail.com
AIRFLOW_CTX_DAG_OWNER=airflow
AIRFLOW_CTX_DAG_ID=NSE_Open_Interest
AIRFLOW_CTX_TASK_ID=extract
AIRFLOW_CTX_EXECUTION_DATE=2023-01-13T00:00:00+00:00
AIRFLOW_CTX_TRY_NUMBER=2
AIRFLOW_CTX_DAG_RUN_ID=scheduled__2023-01-13T00:00:00+00:00
[2023-01-14T10:57:02.884+0530] {logging_mixin.py:137} INFO - 2020-02-14 00:00:00
[2023-01-14T10:57:03.616+0530] {logging_mixin.py:137} INFO - 2020-02-15 00:00:00
[2023-01-14T10:57:06.967+0530] {logging_mixin.py:137} INFO - 2020-02-16 00:00:00
[2023-01-14T10:57:10.145+0530] {logging_mixin.py:137} INFO - 2020-02-17 00:00:00
[2023-01-14T10:57:10.599+0530] {logging_mixin.py:137} INFO - 2020-02-18 00:00:00
[2023-01-14T10:57:11.228+0530] {logging_mixin.py:137} INFO - 2020-02-19 00:00:00
[2023-01-14T10:57:11.901+0530] {logging_mixin.py:137} INFO - 2020-02-20 00:00:00
[2023-01-14T10:57:12.467+0530] {logging_mixin.py:137} INFO - 2020-02-21 00:00:00
[2023-01-14T10:57:15.860+0530] {logging_mixin.py:137} INFO - 2020-02-22 00:00:00
[2023-01-14T10:57:19.210+0530] {logging_mixin.py:137} INFO - 2020-02-23 00:00:00
[2023-01-14T10:57:22.620+0530] {logging_mixin.py:137} INFO - 2020-02-24 00:00:00
[2023-01-14T10:57:23.095+0530] {logging_mixin.py:137} INFO - 2020-02-25 00:00:00
[2023-01-14T10:57:23.517+0530] {logging_mixin.py:137} INFO - 2020-02-26 00:00:00
[2023-01-14T10:57:23.876+0530] {logging_mixin.py:137} INFO - 2020-02-27 00:00:00
[2023-01-14T10:57:24.297+0530] {logging_mixin.py:137} INFO - 2020-02-28 00:00:00
[2023-01-14T10:57:24.671+0530] {logging_mixin.py:137} INFO - 2020-02-29 00:00:00
[2023-01-14T10:57:27.856+0530] {logging_mixin.py:137} INFO - 2020-03-01 00:00:00
[2023-01-14T10:57:31.038+0530] {logging_mixin.py:137} INFO - 2020-03-02 00:00:00
[2023-01-14T10:57:31.426+0530] {logging_mixin.py:137} INFO - 2020-03-03 00:00:00
[2023-01-14T10:57:31.963+0530] {logging_mixin.py:137} INFO - 2020-03-04 00:00:00
[2023-01-14T10:57:32.836+0530] {logging_mixin.py:137} INFO - 2020-03-05 00:00:00
[2023-01-14T10:57:33.669+0530] {logging_mixin.py:137} INFO - 2020-03-06 00:00:00
[2023-01-14T10:57:34.625+0530] {logging_mixin.py:137} INFO - 2020-03-07 00:00:00
[2023-01-14T10:57:37.854+0530] {logging_mixin.py:137} INFO - 2020-03-08 00:00:00
[2023-01-14T10:57:41.623+0530] {logging_mixin.py:137} INFO - 2020-03-09 00:00:00
[2023-01-14T11:07:42.121+0530] {taskinstance.py:1772} ERROR - Task failed with exception
Traceback (most recent call last):
  File "/usr/local/lib/python3.8/dist-packages/airflow/operators/python.py", line 175, in execute
    return_value = self.execute_callable()
  File "/usr/local/lib/python3.8/dist-packages/airflow/operators/python.py", line 192, in execute_callable
    return self.python_callable(*self.op_args, **self.op_kwargs)
  File "/root/airflow/dags/NSE_Open_Interest.py", line 83, in extract
    dd,values = get_data(date)
TypeError: cannot unpack non-iterable int object
[2023-01-14T11:07:42.424+0530] {taskinstance.py:1322} INFO - Marking task as UP_FOR_RETRY. dag_id=NSE_Open_Interest, task_id=extract, execution_date=20230113T000000, start_date=20230114T052702, end_date=20230114T053742
[2023-01-14T11:07:43.085+0530] {standard_task_runner.py:100} ERROR - Failed to execute job 3196 for task extract (cannot unpack non-iterable int object; 30226)
[2023-01-14T11:07:43.274+0530] {local_task_job.py:159} INFO - Task exited with return code 1
[2023-01-14T11:07:43.386+0530] {taskinstance.py:2582} INFO - 0 downstream tasks scheduled from follow-on schedule check
