[2023-02-01T21:31:24.420+0530] {taskinstance.py:1087} INFO - Dependencies all met for <TaskInstance: FX_Reserves.load scheduled__2023-01-15T00:00:00+00:00 [queued]>
[2023-02-01T21:31:24.432+0530] {taskinstance.py:1087} INFO - Dependencies all met for <TaskInstance: FX_Reserves.load scheduled__2023-01-15T00:00:00+00:00 [queued]>
[2023-02-01T21:31:24.432+0530] {taskinstance.py:1283} INFO - 
--------------------------------------------------------------------------------
[2023-02-01T21:31:24.432+0530] {taskinstance.py:1284} INFO - Starting attempt 1 of 4
[2023-02-01T21:31:24.432+0530] {taskinstance.py:1285} INFO - 
--------------------------------------------------------------------------------
[2023-02-01T21:31:24.450+0530] {taskinstance.py:1304} INFO - Executing <Task(PythonOperator): load> on 2023-01-15 00:00:00+00:00
[2023-02-01T21:31:24.456+0530] {standard_task_runner.py:55} INFO - Started process 2025 to run task
[2023-02-01T21:31:24.463+0530] {standard_task_runner.py:82} INFO - Running: ['airflow', 'tasks', 'run', 'FX_Reserves', 'load', 'scheduled__2023-01-15T00:00:00+00:00', '--job-id', '3275', '--raw', '--subdir', 'DAGS_FOLDER/FX_Reserves_Data.py', '--cfg-path', '/tmp/tmphsx6jmbv']
[2023-02-01T21:31:24.464+0530] {standard_task_runner.py:83} INFO - Job 3275: Subtask load
[2023-02-01T21:31:24.520+0530] {task_command.py:389} INFO - Running <TaskInstance: FX_Reserves.load scheduled__2023-01-15T00:00:00+00:00 [running]> on host DESKTOP-SQIOQPD.
[2023-02-01T21:31:24.649+0530] {taskinstance.py:1511} INFO - Exporting the following env vars:
AIRFLOW_CTX_DAG_EMAIL=nikheleshbhattacharyya@gmail.com
AIRFLOW_CTX_DAG_OWNER=airflow
AIRFLOW_CTX_DAG_ID=FX_Reserves
AIRFLOW_CTX_TASK_ID=load
AIRFLOW_CTX_EXECUTION_DATE=2023-01-15T00:00:00+00:00
AIRFLOW_CTX_TRY_NUMBER=1
AIRFLOW_CTX_DAG_RUN_ID=scheduled__2023-01-15T00:00:00+00:00
[2023-02-01T21:31:25.018+0530] {python.py:177} INFO - Done. Returned value was: None
[2023-02-01T21:31:25.023+0530] {taskinstance.py:1322} INFO - Marking task as SUCCESS. dag_id=FX_Reserves, task_id=load, execution_date=20230115T000000, start_date=20230201T160124, end_date=20230201T160125
[2023-02-01T21:31:25.240+0530] {local_task_job.py:159} INFO - Task exited with return code 0
[2023-02-01T21:31:25.266+0530] {taskinstance.py:2582} INFO - 1 downstream tasks scheduled from follow-on schedule check
