[2023-03-17T14:25:59.301+0530] {taskinstance.py:1087} INFO - Dependencies all met for <TaskInstance: FX_Reserves.extract scheduled__2023-02-28T00:00:00+00:00 [queued]>
[2023-03-17T14:25:59.317+0530] {taskinstance.py:1087} INFO - Dependencies all met for <TaskInstance: FX_Reserves.extract scheduled__2023-02-28T00:00:00+00:00 [queued]>
[2023-03-17T14:25:59.317+0530] {taskinstance.py:1283} INFO - 
--------------------------------------------------------------------------------
[2023-03-17T14:25:59.317+0530] {taskinstance.py:1284} INFO - Starting attempt 2 of 4
[2023-03-17T14:25:59.317+0530] {taskinstance.py:1285} INFO - 
--------------------------------------------------------------------------------
[2023-03-17T14:25:59.341+0530] {taskinstance.py:1304} INFO - Executing <Task(PythonOperator): extract> on 2023-02-28 00:00:00+00:00
[2023-03-17T14:25:59.350+0530] {standard_task_runner.py:55} INFO - Started process 657 to run task
[2023-03-17T14:25:59.352+0530] {standard_task_runner.py:82} INFO - Running: ['airflow', 'tasks', 'run', 'FX_Reserves', 'extract', 'scheduled__2023-02-28T00:00:00+00:00', '--job-id', '4921', '--raw', '--subdir', 'DAGS_FOLDER/FX_Reserves_Data.py', '--cfg-path', '/tmp/tmpunbhgp8v']
[2023-03-17T14:25:59.354+0530] {standard_task_runner.py:83} INFO - Job 4921: Subtask extract
[2023-03-17T14:25:59.448+0530] {task_command.py:389} INFO - Running <TaskInstance: FX_Reserves.extract scheduled__2023-02-28T00:00:00+00:00 [running]> on host DESKTOP-SQIOQPD.
[2023-03-17T14:25:59.623+0530] {taskinstance.py:1511} INFO - Exporting the following env vars:
AIRFLOW_CTX_DAG_EMAIL=nikheleshbhattacharyya@gmail.com
AIRFLOW_CTX_DAG_OWNER=airflow
AIRFLOW_CTX_DAG_ID=FX_Reserves
AIRFLOW_CTX_TASK_ID=extract
AIRFLOW_CTX_EXECUTION_DATE=2023-02-28T00:00:00+00:00
AIRFLOW_CTX_TRY_NUMBER=2
AIRFLOW_CTX_DAG_RUN_ID=scheduled__2023-02-28T00:00:00+00:00
[2023-03-17T14:25:59.816+0530] {logging_mixin.py:137} WARNING - /usr/local/lib/python3.8/dist-packages/urllib3/connectionpool.py:1013 InsecureRequestWarning: Unverified HTTPS request is being made to host 'www.rbi.org.in'. Adding certificate verification is strongly advised. See: https://urllib3.readthedocs.io/en/1.26.x/advanced-usage.html#ssl-warnings
[2023-03-17T14:25:59.865+0530] {taskinstance.py:1772} ERROR - Task failed with exception
Traceback (most recent call last):
  File "/usr/local/lib/python3.8/dist-packages/airflow/operators/python.py", line 175, in execute
    return_value = self.execute_callable()
  File "/usr/local/lib/python3.8/dist-packages/airflow/operators/python.py", line 192, in execute_callable
    return self.python_callable(*self.op_args, **self.op_kwargs)
  File "/root/airflow/dags/FX_Reserves_Data.py", line 43, in extract_fxres
    links = table.find_all('a',{"class": "link2"})
AttributeError: 'NoneType' object has no attribute 'find_all'
[2023-03-17T14:25:59.884+0530] {taskinstance.py:1322} INFO - Marking task as UP_FOR_RETRY. dag_id=FX_Reserves, task_id=extract, execution_date=20230228T000000, start_date=20230317T085559, end_date=20230317T085559
[2023-03-17T14:25:59.907+0530] {standard_task_runner.py:100} ERROR - Failed to execute job 4921 for task extract ('NoneType' object has no attribute 'find_all'; 657)
[2023-03-17T14:25:59.928+0530] {local_task_job.py:159} INFO - Task exited with return code 1
[2023-03-17T14:25:59.951+0530] {taskinstance.py:2582} INFO - 0 downstream tasks scheduled from follow-on schedule check
