[2022-12-25T20:23:23.555+0530] {taskinstance.py:1087} INFO - Dependencies all met for <TaskInstance: Money__Market.extract_data scheduled__2022-12-24T02:00:00+00:00 [queued]>
[2022-12-25T20:23:23.566+0530] {taskinstance.py:1087} INFO - Dependencies all met for <TaskInstance: Money__Market.extract_data scheduled__2022-12-24T02:00:00+00:00 [queued]>
[2022-12-25T20:23:23.567+0530] {taskinstance.py:1283} INFO - 
--------------------------------------------------------------------------------
[2022-12-25T20:23:23.567+0530] {taskinstance.py:1284} INFO - Starting attempt 1 of 4
[2022-12-25T20:23:23.567+0530] {taskinstance.py:1285} INFO - 
--------------------------------------------------------------------------------
[2022-12-25T20:23:23.590+0530] {taskinstance.py:1304} INFO - Executing <Task(PythonOperator): extract_data> on 2022-12-24 02:00:00+00:00
[2022-12-25T20:23:23.596+0530] {standard_task_runner.py:55} INFO - Started process 18346 to run task
[2022-12-25T20:23:23.599+0530] {standard_task_runner.py:82} INFO - Running: ['airflow', 'tasks', 'run', 'Money__Market', 'extract_data', 'scheduled__2022-12-24T02:00:00+00:00', '--job-id', '682', '--raw', '--subdir', 'DAGS_FOLDER/Money_Market.py', '--cfg-path', '/tmp/tmp_jg5pohc']
[2022-12-25T20:23:23.601+0530] {standard_task_runner.py:83} INFO - Job 682: Subtask extract_data
[2022-12-25T20:23:23.664+0530] {task_command.py:389} INFO - Running <TaskInstance: Money__Market.extract_data scheduled__2022-12-24T02:00:00+00:00 [running]> on host DESKTOP-SQIOQPD.
[2022-12-25T20:23:23.724+0530] {taskinstance.py:1511} INFO - Exporting the following env vars:
AIRFLOW_CTX_DAG_EMAIL=nikheleshbhattacharyya@gmail.com
AIRFLOW_CTX_DAG_OWNER=airflow
AIRFLOW_CTX_DAG_ID=Money__Market
AIRFLOW_CTX_TASK_ID=extract_data
AIRFLOW_CTX_EXECUTION_DATE=2022-12-24T02:00:00+00:00
AIRFLOW_CTX_TRY_NUMBER=1
AIRFLOW_CTX_DAG_RUN_ID=scheduled__2022-12-24T02:00:00+00:00
[2022-12-25T20:23:24.476+0530] {logging_mixin.py:137} INFO - 1
[2022-12-25T20:23:24.721+0530] {logging_mixin.py:137} INFO - 2
[2022-12-25T20:23:24.967+0530] {logging_mixin.py:137} INFO - 3
[2022-12-25T20:23:25.264+0530] {logging_mixin.py:137} INFO - 4
[2022-12-25T20:23:26.270+0530] {logging_mixin.py:137} INFO - 5
[2022-12-25T20:23:26.539+0530] {logging_mixin.py:137} INFO - 6
[2022-12-25T20:23:26.856+0530] {logging_mixin.py:137} INFO - 7
[2022-12-25T20:23:27.149+0530] {logging_mixin.py:137} INFO - 8
[2022-12-25T20:23:27.429+0530] {logging_mixin.py:137} INFO - 9
[2022-12-25T20:23:27.786+0530] {logging_mixin.py:137} INFO - 10
[2022-12-25T20:23:28.156+0530] {logging_mixin.py:137} INFO - 11
[2022-12-25T20:23:28.661+0530] {logging_mixin.py:137} INFO - 12
[2022-12-25T20:23:28.913+0530] {logging_mixin.py:137} INFO - 13
[2022-12-25T20:23:29.174+0530] {logging_mixin.py:137} INFO - 14
[2022-12-25T20:23:29.464+0530] {logging_mixin.py:137} INFO - 15
[2022-12-25T20:23:29.692+0530] {logging_mixin.py:137} INFO - 16
[2022-12-25T20:23:29.969+0530] {logging_mixin.py:137} INFO - 17
[2022-12-25T20:23:30.451+0530] {logging_mixin.py:137} INFO - 18
[2022-12-25T20:23:30.733+0530] {logging_mixin.py:137} INFO - 19
[2022-12-25T20:23:31.000+0530] {logging_mixin.py:137} INFO - 20
[2022-12-25T20:23:31.244+0530] {logging_mixin.py:137} INFO - 21
[2022-12-25T20:23:31.697+0530] {logging_mixin.py:137} INFO - 22
[2022-12-25T20:23:32.000+0530] {logging_mixin.py:137} INFO - 23
[2022-12-25T20:23:33.667+0530] {logging_mixin.py:137} INFO - 24
[2022-12-25T20:23:34.070+0530] {logging_mixin.py:137} INFO - 25
[2022-12-25T20:23:35.653+0530] {logging_mixin.py:137} INFO - 26
[2022-12-25T20:23:35.953+0530] {logging_mixin.py:137} INFO - 27
[2022-12-25T20:23:36.217+0530] {logging_mixin.py:137} INFO - 28
[2022-12-25T20:23:36.479+0530] {logging_mixin.py:137} INFO - 29
[2022-12-25T20:23:36.795+0530] {logging_mixin.py:137} INFO - 30
[2022-12-25T20:23:37.101+0530] {logging_mixin.py:137} INFO - 31
[2022-12-25T20:23:39.218+0530] {logging_mixin.py:137} INFO - 32
[2022-12-25T20:23:40.808+0530] {logging_mixin.py:137} INFO - 33
[2022-12-25T20:23:41.454+0530] {logging_mixin.py:137} INFO - 34
[2022-12-25T20:23:42.836+0530] {logging_mixin.py:137} INFO - 35
[2022-12-25T20:23:43.222+0530] {logging_mixin.py:137} INFO - 36
[2022-12-25T20:23:45.125+0530] {logging_mixin.py:137} INFO - 37
[2022-12-25T20:23:45.471+0530] {logging_mixin.py:137} INFO - 38
[2022-12-25T20:23:45.860+0530] {logging_mixin.py:137} INFO - 39
[2022-12-25T20:23:46.162+0530] {logging_mixin.py:137} INFO - 40
[2022-12-25T20:23:46.491+0530] {logging_mixin.py:137} INFO - 41
[2022-12-25T20:23:46.786+0530] {logging_mixin.py:137} INFO - 42
[2022-12-25T20:23:47.322+0530] {logging_mixin.py:137} INFO - 43
[2022-12-25T20:23:47.708+0530] {logging_mixin.py:137} INFO - 44
[2022-12-25T20:23:49.138+0530] {logging_mixin.py:137} INFO - 45
[2022-12-25T20:23:49.534+0530] {logging_mixin.py:137} INFO - 46
[2022-12-25T20:23:50.964+0530] {logging_mixin.py:137} INFO - 47
[2022-12-25T20:23:51.376+0530] {logging_mixin.py:137} INFO - 48
[2022-12-25T20:23:51.669+0530] {logging_mixin.py:137} INFO - 49
[2022-12-25T20:23:51.957+0530] {logging_mixin.py:137} INFO - 50
[2022-12-25T20:23:52.244+0530] {logging_mixin.py:137} INFO - 51
[2022-12-25T20:23:52.554+0530] {logging_mixin.py:137} INFO - 52
[2022-12-25T20:23:52.858+0530] {logging_mixin.py:137} INFO - 53
[2022-12-25T20:23:53.288+0530] {logging_mixin.py:137} INFO - 54
[2022-12-25T20:23:53.632+0530] {logging_mixin.py:137} INFO - 55
[2022-12-25T20:23:53.905+0530] {logging_mixin.py:137} INFO - 56
[2022-12-25T20:23:54.175+0530] {logging_mixin.py:137} INFO - 57
[2022-12-25T20:23:54.435+0530] {logging_mixin.py:137} INFO - 58
[2022-12-25T20:23:54.703+0530] {logging_mixin.py:137} INFO - 59
[2022-12-25T20:23:55.238+0530] {logging_mixin.py:137} INFO - 60
[2022-12-25T20:23:55.592+0530] {logging_mixin.py:137} INFO - 61
[2022-12-25T20:23:55.894+0530] {logging_mixin.py:137} INFO - 62
[2022-12-25T20:23:56.200+0530] {logging_mixin.py:137} INFO - 63
[2022-12-25T20:23:56.670+0530] {logging_mixin.py:137} INFO - 64
[2022-12-25T20:23:57.042+0530] {logging_mixin.py:137} INFO - 65
[2022-12-25T20:23:57.843+0530] {logging_mixin.py:137} INFO - 66
[2022-12-25T20:23:58.395+0530] {logging_mixin.py:137} INFO - 67
[2022-12-25T20:23:58.762+0530] {logging_mixin.py:137} INFO - 68
[2022-12-25T20:23:59.048+0530] {logging_mixin.py:137} INFO - 69
[2022-12-25T20:23:59.283+0530] {logging_mixin.py:137} INFO - 70
[2022-12-25T20:23:59.589+0530] {logging_mixin.py:137} INFO - 71
[2022-12-25T20:23:59.972+0530] {logging_mixin.py:137} INFO - 72
[2022-12-25T20:24:00.395+0530] {logging_mixin.py:137} INFO - 73
[2022-12-25T20:24:00.950+0530] {logging_mixin.py:137} INFO - 74
[2022-12-25T20:24:01.282+0530] {logging_mixin.py:137} INFO - 75
[2022-12-25T20:24:01.614+0530] {logging_mixin.py:137} INFO - 76
[2022-12-25T20:24:02.580+0530] {logging_mixin.py:137} INFO - 77
[2022-12-25T20:24:03.092+0530] {logging_mixin.py:137} INFO - 78
[2022-12-25T20:24:03.428+0530] {logging_mixin.py:137} INFO - 79
[2022-12-25T20:24:03.810+0530] {logging_mixin.py:137} INFO - 80
[2022-12-25T20:24:04.124+0530] {logging_mixin.py:137} INFO - 81
[2022-12-25T20:24:04.615+0530] {logging_mixin.py:137} INFO - 82
[2022-12-25T20:24:05.093+0530] {logging_mixin.py:137} INFO - 83
[2022-12-25T20:24:05.599+0530] {logging_mixin.py:137} INFO - 84
[2022-12-25T20:24:06.205+0530] {logging_mixin.py:137} INFO - 85
[2022-12-25T20:24:06.522+0530] {logging_mixin.py:137} INFO - 86
[2022-12-25T20:24:06.838+0530] {logging_mixin.py:137} INFO - 87
[2022-12-25T20:24:07.221+0530] {logging_mixin.py:137} INFO - 88
[2022-12-25T20:24:07.773+0530] {logging_mixin.py:137} INFO - 89
[2022-12-25T20:24:08.063+0530] {logging_mixin.py:137} INFO - 90
[2022-12-25T20:24:08.328+0530] {logging_mixin.py:137} INFO - 91
[2022-12-25T20:24:08.635+0530] {logging_mixin.py:137} INFO - 92
[2022-12-25T20:24:08.918+0530] {logging_mixin.py:137} INFO - 93
[2022-12-25T20:24:09.192+0530] {logging_mixin.py:137} INFO - 94
[2022-12-25T20:24:09.620+0530] {logging_mixin.py:137} INFO - 95
[2022-12-25T20:24:10.980+0530] {logging_mixin.py:137} INFO - 96
[2022-12-25T20:24:11.242+0530] {logging_mixin.py:137} INFO - 97
[2022-12-25T20:24:11.544+0530] {logging_mixin.py:137} INFO - 98
[2022-12-25T20:24:11.822+0530] {logging_mixin.py:137} INFO - 99
[2022-12-25T20:24:12.107+0530] {logging_mixin.py:137} INFO - 100
[2022-12-25T20:24:12.382+0530] {logging_mixin.py:137} INFO - 101
[2022-12-25T20:24:12.642+0530] {logging_mixin.py:137} INFO - 102
[2022-12-25T20:24:12.948+0530] {logging_mixin.py:137} INFO - 103
[2022-12-25T20:24:13.200+0530] {logging_mixin.py:137} INFO - 104
[2022-12-25T20:24:13.463+0530] {logging_mixin.py:137} INFO - 105
[2022-12-25T20:24:13.999+0530] {logging_mixin.py:137} INFO - 106
[2022-12-25T20:24:14.276+0530] {logging_mixin.py:137} INFO - 107
[2022-12-25T20:24:14.570+0530] {logging_mixin.py:137} INFO - 108
[2022-12-25T20:24:15.351+0530] {logging_mixin.py:137} INFO - 109
[2022-12-25T20:24:15.729+0530] {logging_mixin.py:137} INFO - 110
[2022-12-25T20:24:16.035+0530] {logging_mixin.py:137} INFO - 111
[2022-12-25T20:24:16.276+0530] {logging_mixin.py:137} INFO - 112
[2022-12-25T20:24:16.579+0530] {logging_mixin.py:137} INFO - 113
[2022-12-25T20:24:16.845+0530] {logging_mixin.py:137} INFO - 114
[2022-12-25T20:24:17.134+0530] {logging_mixin.py:137} INFO - 115
[2022-12-25T20:24:17.427+0530] {logging_mixin.py:137} INFO - 116
[2022-12-25T20:24:17.833+0530] {logging_mixin.py:137} INFO - 117
[2022-12-25T20:24:18.204+0530] {logging_mixin.py:137} INFO - 118
[2022-12-25T20:24:18.533+0530] {logging_mixin.py:137} INFO - 119
[2022-12-25T20:24:18.869+0530] {logging_mixin.py:137} INFO - 120
[2022-12-25T20:24:19.215+0530] {logging_mixin.py:137} INFO - 121
[2022-12-25T20:24:19.475+0530] {logging_mixin.py:137} INFO - 122
[2022-12-25T20:24:20.818+0530] {logging_mixin.py:137} INFO - 123
[2022-12-25T20:24:21.103+0530] {logging_mixin.py:137} INFO - 124
[2022-12-25T20:24:21.403+0530] {logging_mixin.py:137} INFO - 125
[2022-12-25T20:24:21.677+0530] {logging_mixin.py:137} INFO - 126
[2022-12-25T20:24:22.013+0530] {logging_mixin.py:137} INFO - 127
[2022-12-25T20:24:22.755+0530] {logging_mixin.py:137} INFO - 128
[2022-12-25T20:24:23.099+0530] {logging_mixin.py:137} INFO - 129
[2022-12-25T20:24:23.436+0530] {logging_mixin.py:137} INFO - 130
[2022-12-25T20:24:23.702+0530] {logging_mixin.py:137} INFO - 131
[2022-12-25T20:24:23.970+0530] {logging_mixin.py:137} INFO - 132
[2022-12-25T20:24:24.276+0530] {logging_mixin.py:137} INFO - 133
[2022-12-25T20:24:25.037+0530] {logging_mixin.py:137} INFO - 134
[2022-12-25T20:24:25.404+0530] {logging_mixin.py:137} INFO - 135
[2022-12-25T20:24:25.882+0530] {logging_mixin.py:137} INFO - 136
[2022-12-25T20:24:26.874+0530] {logging_mixin.py:137} INFO - 137
[2022-12-25T20:24:27.327+0530] {logging_mixin.py:137} INFO - 138
[2022-12-25T20:24:28.017+0530] {logging_mixin.py:137} INFO - 139
[2022-12-25T20:24:29.118+0530] {logging_mixin.py:137} INFO - 140
[2022-12-25T20:24:29.535+0530] {logging_mixin.py:137} INFO - 141
[2022-12-25T20:24:31.095+0530] {logging_mixin.py:137} INFO - 142
[2022-12-25T20:24:31.467+0530] {logging_mixin.py:137} INFO - 143
[2022-12-25T20:24:31.729+0530] {logging_mixin.py:137} INFO - 144
[2022-12-25T20:24:32.056+0530] {logging_mixin.py:137} INFO - 145
[2022-12-25T20:24:32.425+0530] {logging_mixin.py:137} INFO - 146
[2022-12-25T20:24:32.686+0530] {logging_mixin.py:137} INFO - 147
[2022-12-25T20:24:33.008+0530] {logging_mixin.py:137} INFO - 148
[2022-12-25T20:24:33.508+0530] {logging_mixin.py:137} INFO - 149
[2022-12-25T20:24:34.053+0530] {logging_mixin.py:137} INFO - 150
[2022-12-25T20:24:34.292+0530] {logging_mixin.py:137} INFO - 151
[2022-12-25T20:24:34.540+0530] {logging_mixin.py:137} INFO - 152
[2022-12-25T20:24:35.129+0530] {logging_mixin.py:137} INFO - 153
[2022-12-25T20:24:35.657+0530] {logging_mixin.py:137} INFO - 154
[2022-12-25T20:24:35.973+0530] {logging_mixin.py:137} INFO - 155
[2022-12-25T20:24:36.278+0530] {logging_mixin.py:137} INFO - 156
[2022-12-25T20:24:36.568+0530] {logging_mixin.py:137} INFO - 157
[2022-12-25T20:24:36.851+0530] {logging_mixin.py:137} INFO - 158
[2022-12-25T20:24:37.213+0530] {logging_mixin.py:137} INFO - 159
[2022-12-25T20:24:37.570+0530] {logging_mixin.py:137} INFO - 160
[2022-12-25T20:24:38.354+0530] {logging_mixin.py:137} INFO - 161
[2022-12-25T20:24:38.678+0530] {logging_mixin.py:137} INFO - 162
[2022-12-25T20:24:38.938+0530] {logging_mixin.py:137} INFO - 163
[2022-12-25T20:24:39.343+0530] {logging_mixin.py:137} INFO - 164
[2022-12-25T20:24:39.478+0530] {local_task_job.py:223} WARNING - State of this instance has been externally set to failed. Terminating instance.
[2022-12-25T20:24:39.480+0530] {process_utils.py:129} INFO - Sending Signals.SIGTERM to group 18346. PIDs of all processes in the group: [18346]
[2022-12-25T20:24:39.480+0530] {process_utils.py:84} INFO - Sending the signal Signals.SIGTERM to group 18346
[2022-12-25T20:24:39.481+0530] {taskinstance.py:1483} ERROR - Received SIGTERM. Terminating subprocesses.
[2022-12-25T20:24:39.484+0530] {logging_mixin.py:137} INFO - 165
[2022-12-25T20:24:40.209+0530] {logging_mixin.py:137} INFO - 166
[2022-12-25T20:24:40.647+0530] {logging_mixin.py:137} INFO - 167
[2022-12-25T20:24:41.054+0530] {logging_mixin.py:137} INFO - 168
[2022-12-25T20:24:41.340+0530] {logging_mixin.py:137} INFO - 169
[2022-12-25T20:24:41.613+0530] {logging_mixin.py:137} INFO - 170
[2022-12-25T20:24:41.911+0530] {logging_mixin.py:137} INFO - 171
[2022-12-25T20:24:42.190+0530] {logging_mixin.py:137} INFO - 172
[2022-12-25T20:24:42.779+0530] {logging_mixin.py:137} INFO - 173
[2022-12-25T20:24:43.105+0530] {logging_mixin.py:137} INFO - 174
[2022-12-25T20:24:43.375+0530] {logging_mixin.py:137} INFO - 175
[2022-12-25T20:24:43.661+0530] {logging_mixin.py:137} INFO - 176
[2022-12-25T20:24:43.973+0530] {logging_mixin.py:137} INFO - 177
[2022-12-25T20:24:44.215+0530] {logging_mixin.py:137} INFO - 178
[2022-12-25T20:24:44.577+0530] {logging_mixin.py:137} INFO - 179
[2022-12-25T20:24:45.962+0530] {logging_mixin.py:137} INFO - 180
[2022-12-25T20:24:46.230+0530] {logging_mixin.py:137} INFO - 181
[2022-12-25T20:24:46.472+0530] {logging_mixin.py:137} INFO - 182
[2022-12-25T20:24:46.748+0530] {logging_mixin.py:137} INFO - 183
[2022-12-25T20:24:47.937+0530] {logging_mixin.py:137} INFO - 184
[2022-12-25T20:24:48.269+0530] {logging_mixin.py:137} INFO - 185
[2022-12-25T20:24:48.531+0530] {logging_mixin.py:137} INFO - 186
[2022-12-25T20:24:48.821+0530] {logging_mixin.py:137} INFO - 187
[2022-12-25T20:24:49.113+0530] {logging_mixin.py:137} INFO - 188
[2022-12-25T20:24:49.543+0530] {logging_mixin.py:137} INFO - 189
[2022-12-25T20:24:50.346+0530] {logging_mixin.py:137} INFO - 190
[2022-12-25T20:24:50.749+0530] {logging_mixin.py:137} INFO - 191
[2022-12-25T20:24:51.096+0530] {logging_mixin.py:137} INFO - 192
[2022-12-25T20:24:51.364+0530] {logging_mixin.py:137} INFO - 193
[2022-12-25T20:24:54.615+0530] {logging_mixin.py:137} INFO - 194
[2022-12-25T20:24:56.249+0530] {logging_mixin.py:137} INFO - 195
[2022-12-25T20:24:56.644+0530] {logging_mixin.py:137} INFO - 196
[2022-12-25T20:24:56.983+0530] {logging_mixin.py:137} INFO - 197
[2022-12-25T20:24:58.295+0530] {logging_mixin.py:137} INFO - 198
[2022-12-25T20:24:58.578+0530] {logging_mixin.py:137} INFO - 199
[2022-12-25T20:24:58.859+0530] {logging_mixin.py:137} INFO - 200
[2022-12-25T20:24:59.277+0530] {logging_mixin.py:137} INFO - 201
[2022-12-25T20:24:59.677+0530] {logging_mixin.py:137} INFO - 202
[2022-12-25T20:25:01.137+0530] {logging_mixin.py:137} INFO - 203
[2022-12-25T20:25:01.584+0530] {logging_mixin.py:137} INFO - 204
[2022-12-25T20:25:01.847+0530] {logging_mixin.py:137} INFO - 205
[2022-12-25T20:25:02.357+0530] {logging_mixin.py:137} INFO - 206
[2022-12-25T20:25:02.626+0530] {logging_mixin.py:137} INFO - 207
[2022-12-25T20:25:02.887+0530] {logging_mixin.py:137} INFO - 208
[2022-12-25T20:25:03.194+0530] {logging_mixin.py:137} INFO - 209
[2022-12-25T20:25:04.467+0530] {logging_mixin.py:137} INFO - 210
[2022-12-25T20:25:04.724+0530] {logging_mixin.py:137} INFO - 211
[2022-12-25T20:25:05.017+0530] {logging_mixin.py:137} INFO - 212
[2022-12-25T20:25:05.284+0530] {logging_mixin.py:137} INFO - 213
[2022-12-25T20:25:05.649+0530] {logging_mixin.py:137} INFO - 214
[2022-12-25T20:25:05.914+0530] {logging_mixin.py:137} INFO - 215
[2022-12-25T20:25:06.466+0530] {logging_mixin.py:137} INFO - 216
[2022-12-25T20:25:06.761+0530] {logging_mixin.py:137} INFO - 217
[2022-12-25T20:25:07.120+0530] {logging_mixin.py:137} INFO - 218
[2022-12-25T20:25:07.522+0530] {logging_mixin.py:137} INFO - 219
[2022-12-25T20:25:07.800+0530] {logging_mixin.py:137} INFO - 220
[2022-12-25T20:25:08.064+0530] {logging_mixin.py:137} INFO - 221
[2022-12-25T20:25:08.340+0530] {logging_mixin.py:137} INFO - 222
[2022-12-25T20:25:08.641+0530] {logging_mixin.py:137} INFO - 223
[2022-12-25T20:25:08.949+0530] {logging_mixin.py:137} INFO - 224
[2022-12-25T20:25:09.229+0530] {logging_mixin.py:137} INFO - 225
[2022-12-25T20:25:09.637+0530] {logging_mixin.py:137} INFO - 226
[2022-12-25T20:25:10.068+0530] {logging_mixin.py:137} INFO - 227
[2022-12-25T20:25:11.569+0530] {logging_mixin.py:137} INFO - 228
[2022-12-25T20:25:11.866+0530] {logging_mixin.py:137} INFO - 229
[2022-12-25T20:25:12.137+0530] {logging_mixin.py:137} INFO - 230
[2022-12-25T20:25:12.435+0530] {logging_mixin.py:137} INFO - 231
[2022-12-25T20:25:12.729+0530] {logging_mixin.py:137} INFO - 232
[2022-12-25T20:25:13.015+0530] {logging_mixin.py:137} INFO - 233
[2022-12-25T20:25:13.284+0530] {logging_mixin.py:137} INFO - 234
[2022-12-25T20:25:13.595+0530] {logging_mixin.py:137} INFO - 235
[2022-12-25T20:25:13.973+0530] {logging_mixin.py:137} INFO - 236
[2022-12-25T20:25:14.301+0530] {logging_mixin.py:137} INFO - 237
[2022-12-25T20:25:14.751+0530] {logging_mixin.py:137} INFO - 238
[2022-12-25T20:25:15.051+0530] {logging_mixin.py:137} INFO - 239
[2022-12-25T20:25:15.439+0530] {logging_mixin.py:137} INFO - 240
[2022-12-25T20:25:15.776+0530] {logging_mixin.py:137} INFO - 241
[2022-12-25T20:25:16.043+0530] {logging_mixin.py:137} INFO - 242
[2022-12-25T20:25:16.332+0530] {logging_mixin.py:137} INFO - 243
[2022-12-25T20:25:16.571+0530] {logging_mixin.py:137} INFO - 244
[2022-12-25T20:25:16.839+0530] {logging_mixin.py:137} INFO - 245
[2022-12-25T20:25:17.109+0530] {logging_mixin.py:137} INFO - 246
[2022-12-25T20:25:17.497+0530] {logging_mixin.py:137} INFO - 247
[2022-12-25T20:25:17.734+0530] {logging_mixin.py:137} INFO - 248
[2022-12-25T20:25:18.284+0530] {logging_mixin.py:137} INFO - 249
[2022-12-25T20:25:18.561+0530] {logging_mixin.py:137} INFO - 250
[2022-12-25T20:25:18.961+0530] {logging_mixin.py:137} INFO - 251
[2022-12-25T20:25:19.254+0530] {logging_mixin.py:137} INFO - 252
[2022-12-25T20:25:19.639+0530] {logging_mixin.py:137} INFO - 253
[2022-12-25T20:25:20.035+0530] {logging_mixin.py:137} INFO - 254
[2022-12-25T20:25:21.486+0530] {logging_mixin.py:137} INFO - 255
[2022-12-25T20:25:21.780+0530] {logging_mixin.py:137} INFO - 256
[2022-12-25T20:25:22.092+0530] {logging_mixin.py:137} INFO - 257
[2022-12-25T20:25:22.470+0530] {logging_mixin.py:137} INFO - 258
[2022-12-25T20:25:22.921+0530] {logging_mixin.py:137} INFO - 259
[2022-12-25T20:25:23.218+0530] {logging_mixin.py:137} INFO - 260
[2022-12-25T20:25:23.521+0530] {logging_mixin.py:137} INFO - 261
[2022-12-25T20:25:23.856+0530] {logging_mixin.py:137} INFO - 262
[2022-12-25T20:25:24.195+0530] {logging_mixin.py:137} INFO - 263
[2022-12-25T20:25:24.647+0530] {logging_mixin.py:137} INFO - 264
[2022-12-25T20:25:24.883+0530] {logging_mixin.py:137} INFO - 265
[2022-12-25T20:25:25.942+0530] {logging_mixin.py:137} INFO - 266
[2022-12-25T20:25:26.280+0530] {logging_mixin.py:137} INFO - 267
[2022-12-25T20:25:26.554+0530] {logging_mixin.py:137} INFO - 268
[2022-12-25T20:25:26.883+0530] {logging_mixin.py:137} INFO - 269
[2022-12-25T20:25:27.332+0530] {logging_mixin.py:137} INFO - 270
[2022-12-25T20:25:27.930+0530] {logging_mixin.py:137} INFO - 271
[2022-12-25T20:25:28.242+0530] {logging_mixin.py:137} INFO - 272
[2022-12-25T20:25:28.526+0530] {logging_mixin.py:137} INFO - 273
[2022-12-25T20:25:29.988+0530] {logging_mixin.py:137} INFO - 274
[2022-12-25T20:25:34.457+0530] {logging_mixin.py:137} INFO - 275
[2022-12-25T20:25:36.948+0530] {logging_mixin.py:137} INFO - 276
[2022-12-25T20:25:38.708+0530] {logging_mixin.py:137} INFO - 277
[2022-12-25T20:25:39.499+0530] {process_utils.py:147} WARNING - process psutil.Process(pid=18346, name='airflow task runner: Money__Market extract_data scheduled__2022-12-24T02:00:00+00:00 682', status='sleeping', started='20:23:22') did not respond to SIGTERM. Trying SIGKILL
[2022-12-25T20:25:39.502+0530] {process_utils.py:84} INFO - Sending the signal Signals.SIGKILL to group 18346
[2022-12-25T20:25:39.529+0530] {process_utils.py:79} INFO - Process psutil.Process(pid=18346, name='airflow task runner: Money__Market extract_data scheduled__2022-12-24T02:00:00+00:00 682', status='terminated', exitcode=<Negsignal.SIGKILL: -9>, started='20:23:22') (18346) terminated with exit code Negsignal.SIGKILL
[2022-12-25T20:25:39.530+0530] {standard_task_runner.py:168} ERROR - Job 682 was killed before it finished (likely due to running out of memory)
