[2022-12-28T17:43:15.009+0530] {taskinstance.py:1087} INFO - Dependencies all met for <TaskInstance: Money__Market.load_link scheduled__2022-12-28T00:00:00+00:00 [queued]>
[2022-12-28T17:43:15.020+0530] {taskinstance.py:1087} INFO - Dependencies all met for <TaskInstance: Money__Market.load_link scheduled__2022-12-28T00:00:00+00:00 [queued]>
[2022-12-28T17:43:15.020+0530] {taskinstance.py:1283} INFO - 
--------------------------------------------------------------------------------
[2022-12-28T17:43:15.021+0530] {taskinstance.py:1284} INFO - Starting attempt 1 of 4
[2022-12-28T17:43:15.021+0530] {taskinstance.py:1285} INFO - 
--------------------------------------------------------------------------------
[2022-12-28T17:43:15.044+0530] {taskinstance.py:1304} INFO - Executing <Task(PythonOperator): load_link> on 2022-12-28 00:00:00+00:00
[2022-12-28T17:43:15.051+0530] {standard_task_runner.py:55} INFO - Started process 22356 to run task
[2022-12-28T17:43:15.054+0530] {standard_task_runner.py:82} INFO - Running: ['airflow', 'tasks', 'run', 'Money__Market', 'load_link', 'scheduled__2022-12-28T00:00:00+00:00', '--job-id', '1550', '--raw', '--subdir', 'DAGS_FOLDER/Money_Market.py', '--cfg-path', '/tmp/tmp7cpwlgbo']
[2022-12-28T17:43:15.056+0530] {standard_task_runner.py:83} INFO - Job 1550: Subtask load_link
[2022-12-28T17:43:15.125+0530] {task_command.py:389} INFO - Running <TaskInstance: Money__Market.load_link scheduled__2022-12-28T00:00:00+00:00 [running]> on host DESKTOP-SQIOQPD.
[2022-12-28T17:43:15.218+0530] {taskinstance.py:1511} INFO - Exporting the following env vars:
AIRFLOW_CTX_DAG_EMAIL=nikheleshbhattacharyya@gmail.com
AIRFLOW_CTX_DAG_OWNER=airflow
AIRFLOW_CTX_DAG_ID=Money__Market
AIRFLOW_CTX_TASK_ID=load_link
AIRFLOW_CTX_EXECUTION_DATE=2022-12-28T00:00:00+00:00
AIRFLOW_CTX_TRY_NUMBER=1
AIRFLOW_CTX_DAG_RUN_ID=scheduled__2022-12-28T00:00:00+00:00
[2022-12-28T17:43:15.584+0530] {python.py:177} INFO - Done. Returned value was: None
[2022-12-28T17:43:15.589+0530] {taskinstance.py:1322} INFO - Marking task as SUCCESS. dag_id=Money__Market, task_id=load_link, execution_date=20221228T000000, start_date=20221228T121315, end_date=20221228T121315
[2022-12-28T17:43:15.750+0530] {local_task_job.py:159} INFO - Task exited with return code 0
[2022-12-28T17:43:15.772+0530] {taskinstance.py:2582} INFO - 1 downstream tasks scheduled from follow-on schedule check
