[2023-02-23T09:54:57.607+0530] {taskinstance.py:1087} INFO - Dependencies all met for <TaskInstance: FX_Reserves.start_task scheduled__2023-02-15T00:00:00+00:00 [queued]>
[2023-02-23T09:54:57.662+0530] {taskinstance.py:1087} INFO - Dependencies all met for <TaskInstance: FX_Reserves.start_task scheduled__2023-02-15T00:00:00+00:00 [queued]>
[2023-02-23T09:54:57.662+0530] {taskinstance.py:1283} INFO - 
--------------------------------------------------------------------------------
[2023-02-23T09:54:57.662+0530] {taskinstance.py:1284} INFO - Starting attempt 1 of 4
[2023-02-23T09:54:57.663+0530] {taskinstance.py:1285} INFO - 
--------------------------------------------------------------------------------
[2023-02-23T09:54:57.741+0530] {taskinstance.py:1304} INFO - Executing <Task(BashOperator): start_task> on 2023-02-15 00:00:00+00:00
[2023-02-23T09:54:57.755+0530] {standard_task_runner.py:55} INFO - Started process 396 to run task
[2023-02-23T09:54:57.760+0530] {standard_task_runner.py:82} INFO - Running: ['airflow', 'tasks', 'run', 'FX_Reserves', 'start_task', 'scheduled__2023-02-15T00:00:00+00:00', '--job-id', '4412', '--raw', '--subdir', 'DAGS_FOLDER/FX_Reserves_Data.py', '--cfg-path', '/tmp/tmpbprld09p']
[2023-02-23T09:54:57.762+0530] {standard_task_runner.py:83} INFO - Job 4412: Subtask start_task
[2023-02-23T09:54:57.972+0530] {task_command.py:389} INFO - Running <TaskInstance: FX_Reserves.start_task scheduled__2023-02-15T00:00:00+00:00 [running]> on host DESKTOP-SQIOQPD.
[2023-02-23T09:54:58.284+0530] {taskinstance.py:1511} INFO - Exporting the following env vars:
AIRFLOW_CTX_DAG_EMAIL=nikheleshbhattacharyya@gmail.com
AIRFLOW_CTX_DAG_OWNER=airflow
AIRFLOW_CTX_DAG_ID=FX_Reserves
AIRFLOW_CTX_TASK_ID=start_task
AIRFLOW_CTX_EXECUTION_DATE=2023-02-15T00:00:00+00:00
AIRFLOW_CTX_TRY_NUMBER=1
AIRFLOW_CTX_DAG_RUN_ID=scheduled__2023-02-15T00:00:00+00:00
[2023-02-23T09:54:58.286+0530] {subprocess.py:63} INFO - Tmp dir root location: 
 /tmp
[2023-02-23T09:54:58.288+0530] {subprocess.py:75} INFO - Running command: ['/usr/bin/bash', '-c', 'echo start']
[2023-02-23T09:54:58.309+0530] {subprocess.py:86} INFO - Output:
[2023-02-23T09:54:58.320+0530] {subprocess.py:93} INFO - start
[2023-02-23T09:54:58.320+0530] {subprocess.py:97} INFO - Command exited with return code 0
[2023-02-23T09:54:58.362+0530] {taskinstance.py:1322} INFO - Marking task as SUCCESS. dag_id=FX_Reserves, task_id=start_task, execution_date=20230215T000000, start_date=20230223T042457, end_date=20230223T042458
[2023-02-23T09:55:00.162+0530] {local_task_job.py:159} INFO - Task exited with return code 0
[2023-02-23T09:55:00.316+0530] {taskinstance.py:2582} INFO - 1 downstream tasks scheduled from follow-on schedule check
