[2023-03-17T14:28:38.460+0530] {taskinstance.py:1087} INFO - Dependencies all met for <TaskInstance: Monthly.load scheduled__2023-03-02T00:00:00+00:00 [queued]>
[2023-03-17T14:28:38.471+0530] {taskinstance.py:1087} INFO - Dependencies all met for <TaskInstance: Monthly.load scheduled__2023-03-02T00:00:00+00:00 [queued]>
[2023-03-17T14:28:38.471+0530] {taskinstance.py:1283} INFO - 
--------------------------------------------------------------------------------
[2023-03-17T14:28:38.471+0530] {taskinstance.py:1284} INFO - Starting attempt 1 of 4
[2023-03-17T14:28:38.471+0530] {taskinstance.py:1285} INFO - 
--------------------------------------------------------------------------------
[2023-03-17T14:28:38.496+0530] {taskinstance.py:1304} INFO - Executing <Task(PythonOperator): load> on 2023-03-02 00:00:00+00:00
[2023-03-17T14:28:38.505+0530] {standard_task_runner.py:55} INFO - Started process 956 to run task
[2023-03-17T14:28:38.511+0530] {standard_task_runner.py:82} INFO - Running: ['airflow', 'tasks', 'run', 'Monthly', 'load', 'scheduled__2023-03-02T00:00:00+00:00', '--job-id', '4929', '--raw', '--subdir', 'DAGS_FOLDER/Monthly.py', '--cfg-path', '/tmp/tmpfwqqu7vw']
[2023-03-17T14:28:38.513+0530] {standard_task_runner.py:83} INFO - Job 4929: Subtask load
[2023-03-17T14:28:38.658+0530] {task_command.py:389} INFO - Running <TaskInstance: Monthly.load scheduled__2023-03-02T00:00:00+00:00 [running]> on host DESKTOP-SQIOQPD.
[2023-03-17T14:28:38.816+0530] {taskinstance.py:1511} INFO - Exporting the following env vars:
AIRFLOW_CTX_DAG_EMAIL=nikheleshbhattacharyya@gmail.com
AIRFLOW_CTX_DAG_OWNER=airflow
AIRFLOW_CTX_DAG_ID=Monthly
AIRFLOW_CTX_TASK_ID=load
AIRFLOW_CTX_EXECUTION_DATE=2023-03-02T00:00:00+00:00
AIRFLOW_CTX_TRY_NUMBER=1
AIRFLOW_CTX_DAG_RUN_ID=scheduled__2023-03-02T00:00:00+00:00
[2023-03-17T14:29:04.865+0530] {python.py:177} INFO - Done. Returned value was: None
[2023-03-17T14:29:04.870+0530] {taskinstance.py:1322} INFO - Marking task as SUCCESS. dag_id=Monthly, task_id=load, execution_date=20230302T000000, start_date=20230317T085838, end_date=20230317T085904
[2023-03-17T14:29:04.930+0530] {local_task_job.py:159} INFO - Task exited with return code 0
[2023-03-17T14:29:04.953+0530] {taskinstance.py:2582} INFO - 1 downstream tasks scheduled from follow-on schedule check
