[2023-02-23T11:31:40.134+0530] {taskinstance.py:1087} INFO - Dependencies all met for <TaskInstance: Monthly.extract2 scheduled__2023-02-15T00:00:00+00:00 [queued]>
[2023-02-23T11:31:40.148+0530] {taskinstance.py:1087} INFO - Dependencies all met for <TaskInstance: Monthly.extract2 scheduled__2023-02-15T00:00:00+00:00 [queued]>
[2023-02-23T11:31:40.148+0530] {taskinstance.py:1283} INFO - 
--------------------------------------------------------------------------------
[2023-02-23T11:31:40.149+0530] {taskinstance.py:1284} INFO - Starting attempt 1 of 4
[2023-02-23T11:31:40.149+0530] {taskinstance.py:1285} INFO - 
--------------------------------------------------------------------------------
[2023-02-23T11:31:40.172+0530] {taskinstance.py:1304} INFO - Executing <Task(PythonOperator): extract2> on 2023-02-15 00:00:00+00:00
[2023-02-23T11:31:40.180+0530] {standard_task_runner.py:55} INFO - Started process 1436 to run task
[2023-02-23T11:31:40.188+0530] {standard_task_runner.py:82} INFO - Running: ['airflow', 'tasks', 'run', 'Monthly', 'extract2', 'scheduled__2023-02-15T00:00:00+00:00', '--job-id', '4457', '--raw', '--subdir', 'DAGS_FOLDER/Monthly.py', '--cfg-path', '/tmp/tmp5s66tvst']
[2023-02-23T11:31:40.190+0530] {standard_task_runner.py:83} INFO - Job 4457: Subtask extract2
[2023-02-23T11:31:40.263+0530] {task_command.py:389} INFO - Running <TaskInstance: Monthly.extract2 scheduled__2023-02-15T00:00:00+00:00 [running]> on host DESKTOP-SQIOQPD.
[2023-02-23T11:31:40.410+0530] {taskinstance.py:1511} INFO - Exporting the following env vars:
AIRFLOW_CTX_DAG_EMAIL=nikheleshbhattacharyya@gmail.com
AIRFLOW_CTX_DAG_OWNER=airflow
AIRFLOW_CTX_DAG_ID=Monthly
AIRFLOW_CTX_TASK_ID=extract2
AIRFLOW_CTX_EXECUTION_DATE=2023-02-15T00:00:00+00:00
AIRFLOW_CTX_TRY_NUMBER=1
AIRFLOW_CTX_DAG_RUN_ID=scheduled__2023-02-15T00:00:00+00:00
[2023-02-23T11:31:51.283+0530] {logging_mixin.py:137} INFO - document.getElementById('2020').click()
[2023-02-23T11:31:51.760+0530] {logging_mixin.py:137} INFO - document.getElementById('2021').click()
[2023-02-23T11:31:52.068+0530] {logging_mixin.py:137} INFO - document.getElementById('2022').click()
[2023-02-23T11:31:52.380+0530] {logging_mixin.py:137} INFO - document.getElementById('2023').click()
[2023-02-23T11:32:02.110+0530] {python.py:177} INFO - Done. Returned value was: ['https://rbi.org.in/Scripts/BS_PressReleaseDisplay.aspx?prid=50805', 'https://rbi.org.in/Scripts/BS_PressReleaseDisplay.aspx?prid=50659', 'https://rbi.org.in/Scripts/BS_PressReleaseDisplay.aspx?prid=50516', 'https://rbi.org.in/Scripts/BS_PressReleaseDisplay.aspx?prid=50361', 'https://rbi.org.in/Scripts/BS_PressReleaseDisplay.aspx?prid=50221', 'https://rbi.org.in/Scripts/BS_PressReleaseDisplay.aspx?prid=50088', 'https://rbi.org.in/Scripts/BS_PressReleaseDisplay.aspx?prid=49951', 'https://rbi.org.in/Scripts/BS_PressReleaseDisplay.aspx?prid=49820', 'https://rbi.org.in/Scripts/BS_PressReleaseDisplay.aspx?prid=49675', 'https://rbi.org.in/Scripts/BS_PressReleaseDisplay.aspx?prid=49513', 'https://rbi.org.in/Scripts/BS_PressReleaseDisplay.aspx?prid=49405', 'https://rbi.org.in/Scripts/BS_PressReleaseDisplay.aspx?prid=49152', 'https://rbi.org.in/Scripts/BS_PressReleaseDisplay.aspx?prid=52657', 'https://rbi.org.in/Scripts/BS_PressReleaseDisplay.aspx?prid=52497', 'https://rbi.org.in/Scripts/BS_PressReleaseDisplay.aspx?prid=52341', 'https://rbi.org.in/Scripts/BS_PressReleaseDisplay.aspx?prid=52159', 'https://rbi.org.in/Scripts/BS_PressReleaseDisplay.aspx?prid=51992', 'https://rbi.org.in/Scripts/BS_PressReleaseDisplay.aspx?prid=51831', 'https://rbi.org.in/Scripts/BS_PressReleaseDisplay.aspx?prid=51663', 'https://rbi.org.in/Scripts/BS_PressReleaseDisplay.aspx?prid=51575', 'https://rbi.org.in/Scripts/BS_PressReleaseDisplay.aspx?prid=51425', 'https://rbi.org.in/Scripts/BS_PressReleaseDisplay.aspx?prid=51271', 'https://rbi.org.in/Scripts/BS_PressReleaseDisplay.aspx?prid=51133', 'https://rbi.org.in/Scripts/BS_PressReleaseDisplay.aspx?prid=50984', 'https://rbi.org.in/Scripts/BS_PressReleaseDisplay.aspx?prid=54789', 'https://rbi.org.in/Scripts/BS_PressReleaseDisplay.aspx?prid=54629', 'https://rbi.org.in/Scripts/BS_PressReleaseDisplay.aspx?prid=54483', 'https://rbi.org.in/Scripts/BS_PressReleaseDisplay.aspx?prid=54299', 'https://rbi.org.in/Scripts/BS_PressReleaseDisplay.aspx?prid=54130', 'https://rbi.org.in/Scripts/BS_PressReleaseDisplay.aspx?prid=53960', 'https://rbi.org.in/Scripts/BS_PressReleaseDisplay.aspx?prid=53792', 'https://rbi.org.in/Scripts/BS_PressReleaseDisplay.aspx?prid=53644', 'https://rbi.org.in/Scripts/BS_PressReleaseDisplay.aspx?prid=53502', 'https://rbi.org.in/Scripts/BS_PressReleaseDisplay.aspx?prid=53357', 'https://rbi.org.in/Scripts/BS_PressReleaseDisplay.aspx?prid=53207', 'https://rbi.org.in/Scripts/BS_PressReleaseDisplay.aspx?prid=53047', 'https://rbi.org.in/Scripts/BS_PressReleaseDisplay.aspx?prid=55148', 'https://rbi.org.in/Scripts/BS_PressReleaseDisplay.aspx?prid=54980']
[2023-02-23T11:32:02.147+0530] {taskinstance.py:1322} INFO - Marking task as SUCCESS. dag_id=Monthly, task_id=extract2, execution_date=20230215T000000, start_date=20230223T060140, end_date=20230223T060202
[2023-02-23T11:32:04.311+0530] {local_task_job.py:159} INFO - Task exited with return code 0
[2023-02-23T11:32:04.796+0530] {taskinstance.py:2582} INFO - 1 downstream tasks scheduled from follow-on schedule check
