[2023-02-02T08:48:20.430+0530] {taskinstance.py:1087} INFO - Dependencies all met for <TaskInstance: FX__Turnover.start_task scheduled__2023-01-28T00:00:00+00:00 [queued]>
[2023-02-02T08:48:20.445+0530] {taskinstance.py:1087} INFO - Dependencies all met for <TaskInstance: FX__Turnover.start_task scheduled__2023-01-28T00:00:00+00:00 [queued]>
[2023-02-02T08:48:20.445+0530] {taskinstance.py:1283} INFO - 
--------------------------------------------------------------------------------
[2023-02-02T08:48:20.446+0530] {taskinstance.py:1284} INFO - Starting attempt 1 of 4
[2023-02-02T08:48:20.446+0530] {taskinstance.py:1285} INFO - 
--------------------------------------------------------------------------------
[2023-02-02T08:48:20.485+0530] {taskinstance.py:1304} INFO - Executing <Task(BashOperator): start_task> on 2023-01-28 00:00:00+00:00
[2023-02-02T08:48:20.505+0530] {standard_task_runner.py:55} INFO - Started process 7428 to run task
[2023-02-02T08:48:20.515+0530] {standard_task_runner.py:82} INFO - Running: ['airflow', 'tasks', 'run', 'FX__Turnover', 'start_task', 'scheduled__2023-01-28T00:00:00+00:00', '--job-id', '3639', '--raw', '--subdir', 'DAGS_FOLDER/FX_turnover.py', '--cfg-path', '/tmp/tmpzm4woekf']
[2023-02-02T08:48:20.519+0530] {standard_task_runner.py:83} INFO - Job 3639: Subtask start_task
[2023-02-02T08:48:20.771+0530] {task_command.py:389} INFO - Running <TaskInstance: FX__Turnover.start_task scheduled__2023-01-28T00:00:00+00:00 [running]> on host DESKTOP-SQIOQPD.
[2023-02-02T08:48:21.079+0530] {taskinstance.py:1511} INFO - Exporting the following env vars:
AIRFLOW_CTX_DAG_EMAIL=nikheleshbhattacharyya@gmail.com
AIRFLOW_CTX_DAG_OWNER=airflow
AIRFLOW_CTX_DAG_ID=FX__Turnover
AIRFLOW_CTX_TASK_ID=start_task
AIRFLOW_CTX_EXECUTION_DATE=2023-01-28T00:00:00+00:00
AIRFLOW_CTX_TRY_NUMBER=1
AIRFLOW_CTX_DAG_RUN_ID=scheduled__2023-01-28T00:00:00+00:00
[2023-02-02T08:48:21.081+0530] {subprocess.py:63} INFO - Tmp dir root location: 
 /tmp
[2023-02-02T08:48:21.082+0530] {subprocess.py:75} INFO - Running command: ['/usr/bin/bash', '-c', 'echo start']
[2023-02-02T08:48:21.155+0530] {subprocess.py:86} INFO - Output:
[2023-02-02T08:48:21.157+0530] {subprocess.py:93} INFO - start
[2023-02-02T08:48:21.158+0530] {subprocess.py:97} INFO - Command exited with return code 0
[2023-02-02T08:48:21.238+0530] {taskinstance.py:1322} INFO - Marking task as SUCCESS. dag_id=FX__Turnover, task_id=start_task, execution_date=20230128T000000, start_date=20230202T031820, end_date=20230202T031821
[2023-02-02T08:48:21.302+0530] {local_task_job.py:159} INFO - Task exited with return code 0
[2023-02-02T08:48:21.389+0530] {taskinstance.py:2582} INFO - 1 downstream tasks scheduled from follow-on schedule check
