[2023-02-13T20:31:26.238+0530] {taskinstance.py:1087} INFO - Dependencies all met for <TaskInstance: Monthly.extract scheduled__2023-02-03T00:00:00+00:00 [queued]>
[2023-02-13T20:31:26.250+0530] {taskinstance.py:1087} INFO - Dependencies all met for <TaskInstance: Monthly.extract scheduled__2023-02-03T00:00:00+00:00 [queued]>
[2023-02-13T20:31:26.250+0530] {taskinstance.py:1283} INFO - 
--------------------------------------------------------------------------------
[2023-02-13T20:31:26.250+0530] {taskinstance.py:1284} INFO - Starting attempt 1 of 4
[2023-02-13T20:31:26.250+0530] {taskinstance.py:1285} INFO - 
--------------------------------------------------------------------------------
[2023-02-13T20:31:26.268+0530] {taskinstance.py:1304} INFO - Executing <Task(PythonOperator): extract> on 2023-02-03 00:00:00+00:00
[2023-02-13T20:31:26.273+0530] {standard_task_runner.py:55} INFO - Started process 579 to run task
[2023-02-13T20:31:26.277+0530] {standard_task_runner.py:82} INFO - Running: ['airflow', 'tasks', 'run', 'Monthly', 'extract', 'scheduled__2023-02-03T00:00:00+00:00', '--job-id', '3984', '--raw', '--subdir', 'DAGS_FOLDER/Monthly.py', '--cfg-path', '/tmp/tmp3ixhkp8s']
[2023-02-13T20:31:26.278+0530] {standard_task_runner.py:83} INFO - Job 3984: Subtask extract
[2023-02-13T20:31:26.332+0530] {task_command.py:389} INFO - Running <TaskInstance: Monthly.extract scheduled__2023-02-03T00:00:00+00:00 [running]> on host DESKTOP-SQIOQPD.
[2023-02-13T20:31:26.418+0530] {taskinstance.py:1511} INFO - Exporting the following env vars:
AIRFLOW_CTX_DAG_EMAIL=nikheleshbhattacharyya@gmail.com
AIRFLOW_CTX_DAG_OWNER=airflow
AIRFLOW_CTX_DAG_ID=Monthly
AIRFLOW_CTX_TASK_ID=extract
AIRFLOW_CTX_EXECUTION_DATE=2023-02-03T00:00:00+00:00
AIRFLOW_CTX_TRY_NUMBER=1
AIRFLOW_CTX_DAG_RUN_ID=scheduled__2023-02-03T00:00:00+00:00
[2023-02-13T20:33:44.645+0530] {taskinstance.py:1772} ERROR - Task failed with exception
Traceback (most recent call last):
  File "/usr/local/lib/python3.8/dist-packages/airflow/operators/python.py", line 175, in execute
    return_value = self.execute_callable()
  File "/usr/local/lib/python3.8/dist-packages/airflow/operators/python.py", line 192, in execute_callable
    return self.python_callable(*self.op_args, **self.op_kwargs)
  File "/root/airflow/dags/Monthly.py", line 469, in extract
    driver.get(url)
  File "/usr/local/lib/python3.8/dist-packages/selenium/webdriver/remote/webdriver.py", line 449, in get
    self.execute(Command.GET, {"url": url})
  File "/usr/local/lib/python3.8/dist-packages/selenium/webdriver/remote/webdriver.py", line 440, in execute
    self.error_handler.check_response(response)
  File "/usr/local/lib/python3.8/dist-packages/selenium/webdriver/remote/errorhandler.py", line 245, in check_response
    raise exception_class(message, screen, stacktrace)
selenium.common.exceptions.WebDriverException: Message: unknown error: net::ERR_CONNECTION_RESET
  (Session info: headless chrome=109.0.5414.119)
Stacktrace:
#0 0x557632411303 <unknown>
#1 0x5576321e5d37 <unknown>
#2 0x5576321ddd85 <unknown>
#3 0x5576321d0f87 <unknown>
#4 0x5576321d24e9 <unknown>
#5 0x5576321d12fe <unknown>
#6 0x5576321d0432 <unknown>
#7 0x5576321d0285 <unknown>
#8 0x5576321cec77 <unknown>
#9 0x5576321cf2a4 <unknown>
#10 0x5576321e7c48 <unknown>
#11 0x55763225af15 <unknown>
#12 0x557632242982 <unknown>
#13 0x55763225a88c <unknown>
#14 0x557632242753 <unknown>
#15 0x557632215a14 <unknown>
#16 0x557632216b7e <unknown>
#17 0x55763246032e <unknown>
#18 0x557632463c0e <unknown>
#19 0x557632446610 <unknown>
#20 0x557632464c23 <unknown>
#21 0x557632438545 <unknown>
#22 0x5576324856a8 <unknown>
#23 0x557632485836 <unknown>
#24 0x5576324a0d13 <unknown>
#25 0x7f579afec609 start_thread

[2023-02-13T20:33:44.655+0530] {taskinstance.py:1322} INFO - Marking task as UP_FOR_RETRY. dag_id=Monthly, task_id=extract, execution_date=20230203T000000, start_date=20230213T150126, end_date=20230213T150344
[2023-02-13T20:33:44.670+0530] {standard_task_runner.py:100} ERROR - Failed to execute job 3984 for task extract (Message: unknown error: net::ERR_CONNECTION_RESET
  (Session info: headless chrome=109.0.5414.119)
Stacktrace:
#0 0x557632411303 <unknown>
#1 0x5576321e5d37 <unknown>
#2 0x5576321ddd85 <unknown>
#3 0x5576321d0f87 <unknown>
#4 0x5576321d24e9 <unknown>
#5 0x5576321d12fe <unknown>
#6 0x5576321d0432 <unknown>
#7 0x5576321d0285 <unknown>
#8 0x5576321cec77 <unknown>
#9 0x5576321cf2a4 <unknown>
#10 0x5576321e7c48 <unknown>
#11 0x55763225af15 <unknown>
#12 0x557632242982 <unknown>
#13 0x55763225a88c <unknown>
#14 0x557632242753 <unknown>
#15 0x557632215a14 <unknown>
#16 0x557632216b7e <unknown>
#17 0x55763246032e <unknown>
#18 0x557632463c0e <unknown>
#19 0x557632446610 <unknown>
#20 0x557632464c23 <unknown>
#21 0x557632438545 <unknown>
#22 0x5576324856a8 <unknown>
#23 0x557632485836 <unknown>
#24 0x5576324a0d13 <unknown>
#25 0x7f579afec609 start_thread
; 579)
[2023-02-13T20:33:44.695+0530] {local_task_job.py:159} INFO - Task exited with return code 1
[2023-02-13T20:33:44.719+0530] {taskinstance.py:2582} INFO - 0 downstream tasks scheduled from follow-on schedule check
