[2023-03-17T02:31:41.311+0530] {taskinstance.py:1087} INFO - Dependencies all met for <TaskInstance: FX_Reserves.start_task scheduled__2023-02-28T00:00:00+00:00 [queued]>
[2023-03-17T02:31:41.327+0530] {taskinstance.py:1087} INFO - Dependencies all met for <TaskInstance: FX_Reserves.start_task scheduled__2023-02-28T00:00:00+00:00 [queued]>
[2023-03-17T02:31:41.327+0530] {taskinstance.py:1283} INFO - 
--------------------------------------------------------------------------------
[2023-03-17T02:31:41.327+0530] {taskinstance.py:1284} INFO - Starting attempt 1 of 4
[2023-03-17T02:31:41.327+0530] {taskinstance.py:1285} INFO - 
--------------------------------------------------------------------------------
[2023-03-17T02:31:41.351+0530] {taskinstance.py:1304} INFO - Executing <Task(BashOperator): start_task> on 2023-02-28 00:00:00+00:00
[2023-03-17T02:31:41.359+0530] {standard_task_runner.py:55} INFO - Started process 2523 to run task
[2023-03-17T02:31:41.363+0530] {standard_task_runner.py:82} INFO - Running: ['airflow', 'tasks', 'run', 'FX_Reserves', 'start_task', 'scheduled__2023-02-28T00:00:00+00:00', '--job-id', '4811', '--raw', '--subdir', 'DAGS_FOLDER/FX_Reserves_Data.py', '--cfg-path', '/tmp/tmpyjpfxxoz']
[2023-03-17T02:31:41.365+0530] {standard_task_runner.py:83} INFO - Job 4811: Subtask start_task
[2023-03-17T02:31:41.463+0530] {task_command.py:389} INFO - Running <TaskInstance: FX_Reserves.start_task scheduled__2023-02-28T00:00:00+00:00 [running]> on host DESKTOP-SQIOQPD.
[2023-03-17T02:31:41.578+0530] {taskinstance.py:1511} INFO - Exporting the following env vars:
AIRFLOW_CTX_DAG_EMAIL=nikheleshbhattacharyya@gmail.com
AIRFLOW_CTX_DAG_OWNER=airflow
AIRFLOW_CTX_DAG_ID=FX_Reserves
AIRFLOW_CTX_TASK_ID=start_task
AIRFLOW_CTX_EXECUTION_DATE=2023-02-28T00:00:00+00:00
AIRFLOW_CTX_TRY_NUMBER=1
AIRFLOW_CTX_DAG_RUN_ID=scheduled__2023-02-28T00:00:00+00:00
[2023-03-17T02:31:41.579+0530] {subprocess.py:63} INFO - Tmp dir root location: 
 /tmp
[2023-03-17T02:31:41.579+0530] {subprocess.py:75} INFO - Running command: ['/usr/bin/bash', '-c', 'echo start']
[2023-03-17T02:31:41.597+0530] {subprocess.py:86} INFO - Output:
[2023-03-17T02:31:41.600+0530] {subprocess.py:93} INFO - start
[2023-03-17T02:31:41.600+0530] {subprocess.py:97} INFO - Command exited with return code 0
[2023-03-17T02:31:41.623+0530] {taskinstance.py:1322} INFO - Marking task as SUCCESS. dag_id=FX_Reserves, task_id=start_task, execution_date=20230228T000000, start_date=20230316T210141, end_date=20230316T210141
[2023-03-17T02:31:41.657+0530] {local_task_job.py:159} INFO - Task exited with return code 0
[2023-03-17T02:31:41.687+0530] {taskinstance.py:2582} INFO - 1 downstream tasks scheduled from follow-on schedule check
