[2023-03-17T14:36:46.545+0530] {taskinstance.py:1087} INFO - Dependencies all met for <TaskInstance: FX_Reserves.start_task scheduled__2023-03-05T00:00:00+00:00 [queued]>
[2023-03-17T14:36:46.572+0530] {taskinstance.py:1087} INFO - Dependencies all met for <TaskInstance: FX_Reserves.start_task scheduled__2023-03-05T00:00:00+00:00 [queued]>
[2023-03-17T14:36:46.576+0530] {taskinstance.py:1283} INFO - 
--------------------------------------------------------------------------------
[2023-03-17T14:36:46.577+0530] {taskinstance.py:1284} INFO - Starting attempt 1 of 4
[2023-03-17T14:36:46.577+0530] {taskinstance.py:1285} INFO - 
--------------------------------------------------------------------------------
[2023-03-17T14:36:46.628+0530] {taskinstance.py:1304} INFO - Executing <Task(BashOperator): start_task> on 2023-03-05 00:00:00+00:00
[2023-03-17T14:36:46.643+0530] {standard_task_runner.py:82} INFO - Running: ['airflow', 'tasks', 'run', 'FX_Reserves', 'start_task', 'scheduled__2023-03-05T00:00:00+00:00', '--job-id', '4946', '--raw', '--subdir', 'DAGS_FOLDER/FX_Reserves_Data.py', '--cfg-path', '/tmp/tmphdnsahab']
[2023-03-17T14:36:46.645+0530] {standard_task_runner.py:83} INFO - Job 4946: Subtask start_task
[2023-03-17T14:36:46.651+0530] {standard_task_runner.py:55} INFO - Started process 1600 to run task
[2023-03-17T14:36:46.879+0530] {task_command.py:389} INFO - Running <TaskInstance: FX_Reserves.start_task scheduled__2023-03-05T00:00:00+00:00 [running]> on host DESKTOP-SQIOQPD.
[2023-03-17T14:36:47.116+0530] {taskinstance.py:1511} INFO - Exporting the following env vars:
AIRFLOW_CTX_DAG_EMAIL=nikheleshbhattacharyya@gmail.com
AIRFLOW_CTX_DAG_OWNER=airflow
AIRFLOW_CTX_DAG_ID=FX_Reserves
AIRFLOW_CTX_TASK_ID=start_task
AIRFLOW_CTX_EXECUTION_DATE=2023-03-05T00:00:00+00:00
AIRFLOW_CTX_TRY_NUMBER=1
AIRFLOW_CTX_DAG_RUN_ID=scheduled__2023-03-05T00:00:00+00:00
[2023-03-17T14:36:47.118+0530] {subprocess.py:63} INFO - Tmp dir root location: 
 /tmp
[2023-03-17T14:36:47.119+0530] {subprocess.py:75} INFO - Running command: ['/usr/bin/bash', '-c', 'echo start']
[2023-03-17T14:36:47.161+0530] {subprocess.py:86} INFO - Output:
[2023-03-17T14:36:47.164+0530] {subprocess.py:93} INFO - start
[2023-03-17T14:36:47.165+0530] {subprocess.py:97} INFO - Command exited with return code 0
[2023-03-17T14:36:47.199+0530] {taskinstance.py:1322} INFO - Marking task as SUCCESS. dag_id=FX_Reserves, task_id=start_task, execution_date=20230305T000000, start_date=20230317T090646, end_date=20230317T090647
[2023-03-17T14:36:47.250+0530] {local_task_job.py:159} INFO - Task exited with return code 0
[2023-03-17T14:36:47.290+0530] {taskinstance.py:2582} INFO - 1 downstream tasks scheduled from follow-on schedule check
