[2023-02-02T00:20:29.771+0530] {taskinstance.py:1087} INFO - Dependencies all met for <TaskInstance: NSE_Open_Interest.start_task scheduled__2023-01-22T00:00:00+00:00 [queued]>
[2023-02-02T00:20:29.779+0530] {taskinstance.py:1087} INFO - Dependencies all met for <TaskInstance: NSE_Open_Interest.start_task scheduled__2023-01-22T00:00:00+00:00 [queued]>
[2023-02-02T00:20:29.779+0530] {taskinstance.py:1283} INFO - 
--------------------------------------------------------------------------------
[2023-02-02T00:20:29.779+0530] {taskinstance.py:1284} INFO - Starting attempt 1 of 4
[2023-02-02T00:20:29.779+0530] {taskinstance.py:1285} INFO - 
--------------------------------------------------------------------------------
[2023-02-02T00:20:29.794+0530] {taskinstance.py:1304} INFO - Executing <Task(BashOperator): start_task> on 2023-01-22 00:00:00+00:00
[2023-02-02T00:20:29.800+0530] {standard_task_runner.py:55} INFO - Started process 3793 to run task
[2023-02-02T00:20:29.802+0530] {standard_task_runner.py:82} INFO - Running: ['airflow', 'tasks', 'run', 'NSE_Open_Interest', 'start_task', 'scheduled__2023-01-22T00:00:00+00:00', '--job-id', '3386', '--raw', '--subdir', 'DAGS_FOLDER/NSE_Open_Interest.py', '--cfg-path', '/tmp/tmp9r0ijc9s']
[2023-02-02T00:20:29.803+0530] {standard_task_runner.py:83} INFO - Job 3386: Subtask start_task
[2023-02-02T00:20:29.861+0530] {task_command.py:389} INFO - Running <TaskInstance: NSE_Open_Interest.start_task scheduled__2023-01-22T00:00:00+00:00 [running]> on host DESKTOP-SQIOQPD.
[2023-02-02T00:20:29.930+0530] {taskinstance.py:1511} INFO - Exporting the following env vars:
AIRFLOW_CTX_DAG_EMAIL=nikheleshbhattacharyya@gmail.com
AIRFLOW_CTX_DAG_OWNER=airflow
AIRFLOW_CTX_DAG_ID=NSE_Open_Interest
AIRFLOW_CTX_TASK_ID=start_task
AIRFLOW_CTX_EXECUTION_DATE=2023-01-22T00:00:00+00:00
AIRFLOW_CTX_TRY_NUMBER=1
AIRFLOW_CTX_DAG_RUN_ID=scheduled__2023-01-22T00:00:00+00:00
[2023-02-02T00:20:29.931+0530] {subprocess.py:63} INFO - Tmp dir root location: 
 /tmp
[2023-02-02T00:20:29.932+0530] {subprocess.py:75} INFO - Running command: ['/usr/bin/bash', '-c', 'echo start']
[2023-02-02T00:20:29.943+0530] {subprocess.py:86} INFO - Output:
[2023-02-02T00:20:29.944+0530] {subprocess.py:93} INFO - start
[2023-02-02T00:20:29.945+0530] {subprocess.py:97} INFO - Command exited with return code 0
[2023-02-02T00:20:29.966+0530] {taskinstance.py:1322} INFO - Marking task as SUCCESS. dag_id=NSE_Open_Interest, task_id=start_task, execution_date=20230122T000000, start_date=20230201T185029, end_date=20230201T185029
[2023-02-02T00:20:30.016+0530] {local_task_job.py:159} INFO - Task exited with return code 0
[2023-02-02T00:20:30.039+0530] {taskinstance.py:2582} INFO - 1 downstream tasks scheduled from follow-on schedule check
