[2023-01-14T05:32:28.244+0530] {taskinstance.py:1087} INFO - Dependencies all met for <TaskInstance: FX__Turnover.load scheduled__2023-01-13T00:00:00+00:00 [queued]>
[2023-01-14T05:32:28.252+0530] {taskinstance.py:1087} INFO - Dependencies all met for <TaskInstance: FX__Turnover.load scheduled__2023-01-13T00:00:00+00:00 [queued]>
[2023-01-14T05:32:28.253+0530] {taskinstance.py:1283} INFO - 
--------------------------------------------------------------------------------
[2023-01-14T05:32:28.253+0530] {taskinstance.py:1284} INFO - Starting attempt 1 of 4
[2023-01-14T05:32:28.253+0530] {taskinstance.py:1285} INFO - 
--------------------------------------------------------------------------------
[2023-01-14T05:32:28.267+0530] {taskinstance.py:1304} INFO - Executing <Task(PythonOperator): load> on 2023-01-13 00:00:00+00:00
[2023-01-14T05:32:28.271+0530] {standard_task_runner.py:55} INFO - Started process 24538 to run task
[2023-01-14T05:32:28.274+0530] {standard_task_runner.py:82} INFO - Running: ['airflow', 'tasks', 'run', 'FX__Turnover', 'load', 'scheduled__2023-01-13T00:00:00+00:00', '--job-id', '3173', '--raw', '--subdir', 'DAGS_FOLDER/FX_turnover.py', '--cfg-path', '/tmp/tmpo9of8gj4']
[2023-01-14T05:32:28.275+0530] {standard_task_runner.py:83} INFO - Job 3173: Subtask load
[2023-01-14T05:32:28.319+0530] {task_command.py:389} INFO - Running <TaskInstance: FX__Turnover.load scheduled__2023-01-13T00:00:00+00:00 [running]> on host DESKTOP-SQIOQPD.
[2023-01-14T05:32:28.379+0530] {taskinstance.py:1511} INFO - Exporting the following env vars:
AIRFLOW_CTX_DAG_EMAIL=nikheleshbhattacharyya@gmail.com
AIRFLOW_CTX_DAG_OWNER=airflow
AIRFLOW_CTX_DAG_ID=FX__Turnover
AIRFLOW_CTX_TASK_ID=load
AIRFLOW_CTX_EXECUTION_DATE=2023-01-13T00:00:00+00:00
AIRFLOW_CTX_TRY_NUMBER=1
AIRFLOW_CTX_DAG_RUN_ID=scheduled__2023-01-13T00:00:00+00:00
[2023-01-14T05:32:28.614+0530] {python.py:177} INFO - Done. Returned value was: None
[2023-01-14T05:32:28.620+0530] {taskinstance.py:1322} INFO - Marking task as SUCCESS. dag_id=FX__Turnover, task_id=load, execution_date=20230113T000000, start_date=20230114T000228, end_date=20230114T000228
[2023-01-14T05:32:28.768+0530] {local_task_job.py:159} INFO - Task exited with return code 0
[2023-01-14T05:32:28.791+0530] {taskinstance.py:2582} INFO - 1 downstream tasks scheduled from follow-on schedule check
