[2023-02-23T20:56:09.256+0530] {taskinstance.py:1087} INFO - Dependencies all met for <TaskInstance: Monthly.finish_task scheduled__2023-02-22T00:00:00+00:00 [queued]>
[2023-02-23T20:56:09.270+0530] {taskinstance.py:1087} INFO - Dependencies all met for <TaskInstance: Monthly.finish_task scheduled__2023-02-22T00:00:00+00:00 [queued]>
[2023-02-23T20:56:09.271+0530] {taskinstance.py:1283} INFO - 
--------------------------------------------------------------------------------
[2023-02-23T20:56:09.271+0530] {taskinstance.py:1284} INFO - Starting attempt 1 of 4
[2023-02-23T20:56:09.271+0530] {taskinstance.py:1285} INFO - 
--------------------------------------------------------------------------------
[2023-02-23T20:56:09.290+0530] {taskinstance.py:1304} INFO - Executing <Task(BashOperator): finish_task> on 2023-02-22 00:00:00+00:00
[2023-02-23T20:56:09.299+0530] {standard_task_runner.py:55} INFO - Started process 4666 to run task
[2023-02-23T20:56:09.302+0530] {standard_task_runner.py:82} INFO - Running: ['airflow', 'tasks', 'run', 'Monthly', 'finish_task', 'scheduled__2023-02-22T00:00:00+00:00', '--job-id', '4668', '--raw', '--subdir', 'DAGS_FOLDER/Monthly.py', '--cfg-path', '/tmp/tmpmlh7pxl2']
[2023-02-23T20:56:09.304+0530] {standard_task_runner.py:83} INFO - Job 4668: Subtask finish_task
[2023-02-23T20:56:09.365+0530] {task_command.py:389} INFO - Running <TaskInstance: Monthly.finish_task scheduled__2023-02-22T00:00:00+00:00 [running]> on host DESKTOP-SQIOQPD.
[2023-02-23T20:56:09.462+0530] {taskinstance.py:1511} INFO - Exporting the following env vars:
AIRFLOW_CTX_DAG_EMAIL=nikheleshbhattacharyya@gmail.com
AIRFLOW_CTX_DAG_OWNER=airflow
AIRFLOW_CTX_DAG_ID=Monthly
AIRFLOW_CTX_TASK_ID=finish_task
AIRFLOW_CTX_EXECUTION_DATE=2023-02-22T00:00:00+00:00
AIRFLOW_CTX_TRY_NUMBER=1
AIRFLOW_CTX_DAG_RUN_ID=scheduled__2023-02-22T00:00:00+00:00
[2023-02-23T20:56:09.463+0530] {subprocess.py:63} INFO - Tmp dir root location: 
 /tmp
[2023-02-23T20:56:09.464+0530] {subprocess.py:75} INFO - Running command: ['/usr/bin/bash', '-c', 'echo finish']
[2023-02-23T20:56:09.484+0530] {subprocess.py:86} INFO - Output:
[2023-02-23T20:56:09.485+0530] {subprocess.py:93} INFO - finish
[2023-02-23T20:56:09.486+0530] {subprocess.py:97} INFO - Command exited with return code 0
[2023-02-23T20:56:09.511+0530] {taskinstance.py:1322} INFO - Marking task as SUCCESS. dag_id=Monthly, task_id=finish_task, execution_date=20230222T000000, start_date=20230223T152609, end_date=20230223T152609
[2023-02-23T20:56:12.260+0530] {local_task_job.py:159} INFO - Task exited with return code 0
[2023-02-23T20:56:12.289+0530] {taskinstance.py:2582} INFO - 0 downstream tasks scheduled from follow-on schedule check
