[2023-01-13T19:17:25.785+0530] {taskinstance.py:1087} INFO - Dependencies all met for <TaskInstance: FX_Reserves.load scheduled__2023-01-11T00:00:00+00:00 [queued]>
[2023-01-13T19:17:25.800+0530] {taskinstance.py:1087} INFO - Dependencies all met for <TaskInstance: FX_Reserves.load scheduled__2023-01-11T00:00:00+00:00 [queued]>
[2023-01-13T19:17:25.801+0530] {taskinstance.py:1283} INFO - 
--------------------------------------------------------------------------------
[2023-01-13T19:17:25.801+0530] {taskinstance.py:1284} INFO - Starting attempt 1 of 4
[2023-01-13T19:17:25.801+0530] {taskinstance.py:1285} INFO - 
--------------------------------------------------------------------------------
[2023-01-13T19:17:25.835+0530] {taskinstance.py:1304} INFO - Executing <Task(PythonOperator): load> on 2023-01-11 00:00:00+00:00
[2023-01-13T19:17:25.843+0530] {standard_task_runner.py:55} INFO - Started process 14790 to run task
[2023-01-13T19:17:25.846+0530] {standard_task_runner.py:82} INFO - Running: ['airflow', 'tasks', 'run', 'FX_Reserves', 'load', 'scheduled__2023-01-11T00:00:00+00:00', '--job-id', '3129', '--raw', '--subdir', 'DAGS_FOLDER/FX_Reserves_Data.py', '--cfg-path', '/tmp/tmpondwqlf4']
[2023-01-13T19:17:25.848+0530] {standard_task_runner.py:83} INFO - Job 3129: Subtask load
[2023-01-13T19:17:25.910+0530] {task_command.py:389} INFO - Running <TaskInstance: FX_Reserves.load scheduled__2023-01-11T00:00:00+00:00 [running]> on host DESKTOP-SQIOQPD.
[2023-01-13T19:17:25.985+0530] {taskinstance.py:1511} INFO - Exporting the following env vars:
AIRFLOW_CTX_DAG_EMAIL=nikheleshbhattacharyya@gmail.com
AIRFLOW_CTX_DAG_OWNER=airflow
AIRFLOW_CTX_DAG_ID=FX_Reserves
AIRFLOW_CTX_TASK_ID=load
AIRFLOW_CTX_EXECUTION_DATE=2023-01-11T00:00:00+00:00
AIRFLOW_CTX_TRY_NUMBER=1
AIRFLOW_CTX_DAG_RUN_ID=scheduled__2023-01-11T00:00:00+00:00
[2023-01-13T19:17:26.277+0530] {python.py:177} INFO - Done. Returned value was: None
[2023-01-13T19:17:26.283+0530] {taskinstance.py:1322} INFO - Marking task as SUCCESS. dag_id=FX_Reserves, task_id=load, execution_date=20230111T000000, start_date=20230113T134725, end_date=20230113T134726
[2023-01-13T19:17:26.421+0530] {local_task_job.py:159} INFO - Task exited with return code 0
[2023-01-13T19:17:26.444+0530] {taskinstance.py:2582} INFO - 1 downstream tasks scheduled from follow-on schedule check
