[2023-03-17T03:11:55.162+0530] {taskinstance.py:1087} INFO - Dependencies all met for <TaskInstance: FX_Reserves.extract scheduled__2023-02-28T00:00:00+00:00 [queued]>
[2023-03-17T03:11:55.175+0530] {taskinstance.py:1087} INFO - Dependencies all met for <TaskInstance: FX_Reserves.extract scheduled__2023-02-28T00:00:00+00:00 [queued]>
[2023-03-17T03:11:55.176+0530] {taskinstance.py:1283} INFO - 
--------------------------------------------------------------------------------
[2023-03-17T03:11:55.176+0530] {taskinstance.py:1284} INFO - Starting attempt 1 of 4
[2023-03-17T03:11:55.176+0530] {taskinstance.py:1285} INFO - 
--------------------------------------------------------------------------------
[2023-03-17T03:11:55.209+0530] {taskinstance.py:1304} INFO - Executing <Task(PythonOperator): extract> on 2023-02-28 00:00:00+00:00
[2023-03-17T03:11:55.221+0530] {standard_task_runner.py:82} INFO - Running: ['airflow', 'tasks', 'run', 'FX_Reserves', 'extract', 'scheduled__2023-02-28T00:00:00+00:00', '--job-id', '4839', '--raw', '--subdir', 'DAGS_FOLDER/FX_Reserves_Data.py', '--cfg-path', '/tmp/tmpc8iqgbpo']
[2023-03-17T03:11:55.223+0530] {standard_task_runner.py:83} INFO - Job 4839: Subtask extract
[2023-03-17T03:11:55.223+0530] {standard_task_runner.py:55} INFO - Started process 3276 to run task
[2023-03-17T03:11:55.336+0530] {task_command.py:389} INFO - Running <TaskInstance: FX_Reserves.extract scheduled__2023-02-28T00:00:00+00:00 [running]> on host DESKTOP-SQIOQPD.
[2023-03-17T03:11:55.524+0530] {taskinstance.py:1511} INFO - Exporting the following env vars:
AIRFLOW_CTX_DAG_EMAIL=nikheleshbhattacharyya@gmail.com
AIRFLOW_CTX_DAG_OWNER=airflow
AIRFLOW_CTX_DAG_ID=FX_Reserves
AIRFLOW_CTX_TASK_ID=extract
AIRFLOW_CTX_EXECUTION_DATE=2023-02-28T00:00:00+00:00
AIRFLOW_CTX_TRY_NUMBER=1
AIRFLOW_CTX_DAG_RUN_ID=scheduled__2023-02-28T00:00:00+00:00
[2023-03-17T03:11:56.733+0530] {logging_mixin.py:137} WARNING - /usr/local/lib/python3.8/dist-packages/urllib3/connectionpool.py:1013 InsecureRequestWarning: Unverified HTTPS request is being made to host 'www.rbi.org.in'. Adding certificate verification is strongly advised. See: https://urllib3.readthedocs.io/en/1.26.x/advanced-usage.html#ssl-warnings
[2023-03-17T03:11:56.805+0530] {taskinstance.py:1772} ERROR - Task failed with exception
Traceback (most recent call last):
  File "/usr/local/lib/python3.8/dist-packages/airflow/operators/python.py", line 175, in execute
    return_value = self.execute_callable()
  File "/usr/local/lib/python3.8/dist-packages/airflow/operators/python.py", line 192, in execute_callable
    return self.python_callable(*self.op_args, **self.op_kwargs)
  File "/root/airflow/dags/FX_Reserves_Data.py", line 43, in extract_fxres
    links = table.find_all('a',{"class": "link2"})
AttributeError: 'NoneType' object has no attribute 'find_all'
[2023-03-17T03:11:56.845+0530] {taskinstance.py:1322} INFO - Marking task as UP_FOR_RETRY. dag_id=FX_Reserves, task_id=extract, execution_date=20230228T000000, start_date=20230316T214155, end_date=20230316T214156
[2023-03-17T03:11:56.969+0530] {standard_task_runner.py:100} ERROR - Failed to execute job 4839 for task extract ('NoneType' object has no attribute 'find_all'; 3276)
[2023-03-17T03:11:57.008+0530] {local_task_job.py:159} INFO - Task exited with return code 1
[2023-03-17T03:11:57.046+0530] {taskinstance.py:2582} INFO - 0 downstream tasks scheduled from follow-on schedule check
