[2023-03-17T01:03:27.006+0530] {taskinstance.py:1087} INFO - Dependencies all met for <TaskInstance: Monthly.extract scheduled__2023-02-24T00:00:00+00:00 [queued]>
[2023-03-17T01:03:27.018+0530] {taskinstance.py:1087} INFO - Dependencies all met for <TaskInstance: Monthly.extract scheduled__2023-02-24T00:00:00+00:00 [queued]>
[2023-03-17T01:03:27.018+0530] {taskinstance.py:1283} INFO - 
--------------------------------------------------------------------------------
[2023-03-17T01:03:27.018+0530] {taskinstance.py:1284} INFO - Starting attempt 1 of 4
[2023-03-17T01:03:27.018+0530] {taskinstance.py:1285} INFO - 
--------------------------------------------------------------------------------
[2023-03-17T01:03:27.037+0530] {taskinstance.py:1304} INFO - Executing <Task(PythonOperator): extract> on 2023-02-24 00:00:00+00:00
[2023-03-17T01:03:27.044+0530] {standard_task_runner.py:55} INFO - Started process 618 to run task
[2023-03-17T01:03:27.048+0530] {standard_task_runner.py:82} INFO - Running: ['airflow', 'tasks', 'run', 'Monthly', 'extract', 'scheduled__2023-02-24T00:00:00+00:00', '--job-id', '4760', '--raw', '--subdir', 'DAGS_FOLDER/Monthly.py', '--cfg-path', '/tmp/tmpa5zf7e8x']
[2023-03-17T01:03:27.049+0530] {standard_task_runner.py:83} INFO - Job 4760: Subtask extract
[2023-03-17T01:03:27.130+0530] {task_command.py:389} INFO - Running <TaskInstance: Monthly.extract scheduled__2023-02-24T00:00:00+00:00 [running]> on host DESKTOP-SQIOQPD.
[2023-03-17T01:03:27.234+0530] {taskinstance.py:1511} INFO - Exporting the following env vars:
AIRFLOW_CTX_DAG_EMAIL=nikheleshbhattacharyya@gmail.com
AIRFLOW_CTX_DAG_OWNER=airflow
AIRFLOW_CTX_DAG_ID=Monthly
AIRFLOW_CTX_TASK_ID=extract
AIRFLOW_CTX_EXECUTION_DATE=2023-02-24T00:00:00+00:00
AIRFLOW_CTX_TRY_NUMBER=1
AIRFLOW_CTX_DAG_RUN_ID=scheduled__2023-02-24T00:00:00+00:00
[2023-03-17T01:03:29.660+0530] {logging_mixin.py:137} INFO - document.getElementById('20201').click()
[2023-03-17T01:03:29.670+0530] {logging_mixin.py:137} INFO - document.getElementById('20202').click()
[2023-03-17T01:03:29.679+0530] {logging_mixin.py:137} INFO - document.getElementById('20203').click()
[2023-03-17T01:03:29.688+0530] {logging_mixin.py:137} INFO - document.getElementById('20204').click()
[2023-03-17T01:03:29.696+0530] {logging_mixin.py:137} INFO - document.getElementById('20205').click()
[2023-03-17T01:03:29.704+0530] {logging_mixin.py:137} INFO - document.getElementById('20206').click()
[2023-03-17T01:03:29.713+0530] {logging_mixin.py:137} INFO - document.getElementById('20207').click()
[2023-03-17T01:03:29.722+0530] {logging_mixin.py:137} INFO - document.getElementById('20208').click()
[2023-03-17T01:03:29.731+0530] {logging_mixin.py:137} INFO - document.getElementById('20209').click()
[2023-03-17T01:03:29.740+0530] {logging_mixin.py:137} INFO - document.getElementById('202010').click()
[2023-03-17T01:03:29.749+0530] {logging_mixin.py:137} INFO - document.getElementById('202011').click()
[2023-03-17T01:03:29.757+0530] {logging_mixin.py:137} INFO - document.getElementById('202012').click()
[2023-03-17T01:03:29.766+0530] {logging_mixin.py:137} INFO - document.getElementById('20211').click()
[2023-03-17T01:03:29.775+0530] {logging_mixin.py:137} INFO - document.getElementById('20212').click()
[2023-03-17T01:03:29.784+0530] {logging_mixin.py:137} INFO - document.getElementById('20213').click()
[2023-03-17T01:03:29.792+0530] {logging_mixin.py:137} INFO - document.getElementById('20214').click()
[2023-03-17T01:03:29.801+0530] {logging_mixin.py:137} INFO - document.getElementById('20215').click()
[2023-03-17T01:03:29.810+0530] {logging_mixin.py:137} INFO - document.getElementById('20216').click()
[2023-03-17T01:03:29.818+0530] {logging_mixin.py:137} INFO - document.getElementById('20217').click()
[2023-03-17T01:03:29.826+0530] {logging_mixin.py:137} INFO - document.getElementById('20218').click()
[2023-03-17T01:03:29.835+0530] {logging_mixin.py:137} INFO - document.getElementById('20219').click()
[2023-03-17T01:03:29.843+0530] {logging_mixin.py:137} INFO - document.getElementById('202110').click()
[2023-03-17T01:03:29.852+0530] {logging_mixin.py:137} INFO - document.getElementById('202111').click()
[2023-03-17T01:03:29.860+0530] {logging_mixin.py:137} INFO - document.getElementById('202112').click()
[2023-03-17T01:03:29.869+0530] {logging_mixin.py:137} INFO - document.getElementById('20221').click()
[2023-03-17T01:03:29.878+0530] {logging_mixin.py:137} INFO - document.getElementById('20222').click()
[2023-03-17T01:03:29.886+0530] {logging_mixin.py:137} INFO - document.getElementById('20223').click()
[2023-03-17T01:03:29.896+0530] {logging_mixin.py:137} INFO - document.getElementById('20224').click()
[2023-03-17T01:03:29.905+0530] {logging_mixin.py:137} INFO - document.getElementById('20225').click()
[2023-03-17T01:03:29.917+0530] {logging_mixin.py:137} INFO - document.getElementById('20226').click()
[2023-03-17T01:03:29.928+0530] {logging_mixin.py:137} INFO - document.getElementById('20227').click()
[2023-03-17T01:03:29.940+0530] {logging_mixin.py:137} INFO - document.getElementById('20228').click()
[2023-03-17T01:03:29.952+0530] {logging_mixin.py:137} INFO - document.getElementById('20229').click()
[2023-03-17T01:03:29.964+0530] {logging_mixin.py:137} INFO - document.getElementById('202210').click()
[2023-03-17T01:03:29.974+0530] {logging_mixin.py:137} INFO - document.getElementById('202211').click()
[2023-03-17T01:03:29.987+0530] {logging_mixin.py:137} INFO - document.getElementById('202212').click()
[2023-03-17T01:03:30.000+0530] {logging_mixin.py:137} INFO - document.getElementById('20231').click()
[2023-03-17T01:03:30.013+0530] {logging_mixin.py:137} INFO - document.getElementById('20232').click()
[2023-03-17T01:03:30.024+0530] {logging_mixin.py:137} INFO - document.getElementById('20233').click()
[2023-03-17T01:03:30.035+0530] {logging_mixin.py:137} INFO - document.getElementById('20234').click()
[2023-03-17T01:03:30.046+0530] {logging_mixin.py:137} INFO - document.getElementById('20235').click()
[2023-03-17T01:03:30.056+0530] {logging_mixin.py:137} INFO - document.getElementById('20236').click()
[2023-03-17T01:03:30.069+0530] {logging_mixin.py:137} INFO - document.getElementById('20237').click()
[2023-03-17T01:03:30.088+0530] {logging_mixin.py:137} INFO - document.getElementById('20238').click()
[2023-03-17T01:03:30.098+0530] {logging_mixin.py:137} INFO - document.getElementById('20239').click()
[2023-03-17T01:03:30.111+0530] {logging_mixin.py:137} INFO - document.getElementById('202310').click()
[2023-03-17T01:03:30.121+0530] {logging_mixin.py:137} INFO - document.getElementById('202311').click()
[2023-03-17T01:03:30.133+0530] {logging_mixin.py:137} INFO - document.getElementById('202312').click()
[2023-03-17T01:03:30.201+0530] {python.py:177} INFO - Done. Returned value was: ([], [], [], [], [], [], [])
[2023-03-17T01:03:30.228+0530] {taskinstance.py:1322} INFO - Marking task as SUCCESS. dag_id=Monthly, task_id=extract, execution_date=20230224T000000, start_date=20230316T193327, end_date=20230316T193330
[2023-03-17T01:03:30.278+0530] {local_task_job.py:159} INFO - Task exited with return code 0
[2023-03-17T01:03:30.300+0530] {taskinstance.py:2582} INFO - 1 downstream tasks scheduled from follow-on schedule check
