[2023-02-15T20:33:35.850+0530] {taskinstance.py:1087} INFO - Dependencies all met for <TaskInstance: FX_Reserves.finish_task scheduled__2023-02-10T00:00:00+00:00 [queued]>
[2023-02-15T20:33:35.859+0530] {taskinstance.py:1087} INFO - Dependencies all met for <TaskInstance: FX_Reserves.finish_task scheduled__2023-02-10T00:00:00+00:00 [queued]>
[2023-02-15T20:33:35.859+0530] {taskinstance.py:1283} INFO - 
--------------------------------------------------------------------------------
[2023-02-15T20:33:35.860+0530] {taskinstance.py:1284} INFO - Starting attempt 1 of 4
[2023-02-15T20:33:35.860+0530] {taskinstance.py:1285} INFO - 
--------------------------------------------------------------------------------
[2023-02-15T20:33:35.877+0530] {taskinstance.py:1304} INFO - Executing <Task(BashOperator): finish_task> on 2023-02-10 00:00:00+00:00
[2023-02-15T20:33:35.883+0530] {standard_task_runner.py:55} INFO - Started process 1017 to run task
[2023-02-15T20:33:35.885+0530] {standard_task_runner.py:82} INFO - Running: ['airflow', 'tasks', 'run', 'FX_Reserves', 'finish_task', 'scheduled__2023-02-10T00:00:00+00:00', '--job-id', '4362', '--raw', '--subdir', 'DAGS_FOLDER/FX_Reserves_Data.py', '--cfg-path', '/tmp/tmp90x04ghs']
[2023-02-15T20:33:35.887+0530] {standard_task_runner.py:83} INFO - Job 4362: Subtask finish_task
[2023-02-15T20:33:35.954+0530] {task_command.py:389} INFO - Running <TaskInstance: FX_Reserves.finish_task scheduled__2023-02-10T00:00:00+00:00 [running]> on host DESKTOP-SQIOQPD.
[2023-02-15T20:33:36.077+0530] {taskinstance.py:1511} INFO - Exporting the following env vars:
AIRFLOW_CTX_DAG_EMAIL=nikheleshbhattacharyya@gmail.com
AIRFLOW_CTX_DAG_OWNER=airflow
AIRFLOW_CTX_DAG_ID=FX_Reserves
AIRFLOW_CTX_TASK_ID=finish_task
AIRFLOW_CTX_EXECUTION_DATE=2023-02-10T00:00:00+00:00
AIRFLOW_CTX_TRY_NUMBER=1
AIRFLOW_CTX_DAG_RUN_ID=scheduled__2023-02-10T00:00:00+00:00
[2023-02-15T20:33:36.078+0530] {subprocess.py:63} INFO - Tmp dir root location: 
 /tmp
[2023-02-15T20:33:36.079+0530] {subprocess.py:75} INFO - Running command: ['/usr/bin/bash', '-c', 'echo finish']
[2023-02-15T20:33:36.097+0530] {subprocess.py:86} INFO - Output:
[2023-02-15T20:33:36.098+0530] {subprocess.py:93} INFO - finish
[2023-02-15T20:33:36.099+0530] {subprocess.py:97} INFO - Command exited with return code 0
[2023-02-15T20:33:36.125+0530] {taskinstance.py:1322} INFO - Marking task as SUCCESS. dag_id=FX_Reserves, task_id=finish_task, execution_date=20230210T000000, start_date=20230215T150335, end_date=20230215T150336
[2023-02-15T20:33:36.180+0530] {local_task_job.py:159} INFO - Task exited with return code 0
[2023-02-15T20:33:36.199+0530] {taskinstance.py:2582} INFO - 0 downstream tasks scheduled from follow-on schedule check
