[2023-02-02T02:11:55.788+0530] {taskinstance.py:1087} INFO - Dependencies all met for <TaskInstance: FX__Turnover.load_data scheduled__2023-01-18T00:00:00+00:00 [queued]>
[2023-02-02T02:11:55.800+0530] {taskinstance.py:1087} INFO - Dependencies all met for <TaskInstance: FX__Turnover.load_data scheduled__2023-01-18T00:00:00+00:00 [queued]>
[2023-02-02T02:11:55.800+0530] {taskinstance.py:1283} INFO - 
--------------------------------------------------------------------------------
[2023-02-02T02:11:55.800+0530] {taskinstance.py:1284} INFO - Starting attempt 1 of 4
[2023-02-02T02:11:55.800+0530] {taskinstance.py:1285} INFO - 
--------------------------------------------------------------------------------
[2023-02-02T02:11:55.815+0530] {taskinstance.py:1304} INFO - Executing <Task(PythonOperator): load_data> on 2023-01-18 00:00:00+00:00
[2023-02-02T02:11:55.820+0530] {standard_task_runner.py:55} INFO - Started process 4523 to run task
[2023-02-02T02:11:55.823+0530] {standard_task_runner.py:82} INFO - Running: ['airflow', 'tasks', 'run', 'FX__Turnover', 'load_data', 'scheduled__2023-01-18T00:00:00+00:00', '--job-id', '3451', '--raw', '--subdir', 'DAGS_FOLDER/FX_turnover.py', '--cfg-path', '/tmp/tmps739n7j3']
[2023-02-02T02:11:55.824+0530] {standard_task_runner.py:83} INFO - Job 3451: Subtask load_data
[2023-02-02T02:11:55.874+0530] {task_command.py:389} INFO - Running <TaskInstance: FX__Turnover.load_data scheduled__2023-01-18T00:00:00+00:00 [running]> on host DESKTOP-SQIOQPD.
[2023-02-02T02:11:55.947+0530] {taskinstance.py:1511} INFO - Exporting the following env vars:
AIRFLOW_CTX_DAG_EMAIL=nikheleshbhattacharyya@gmail.com
AIRFLOW_CTX_DAG_OWNER=airflow
AIRFLOW_CTX_DAG_ID=FX__Turnover
AIRFLOW_CTX_TASK_ID=load_data
AIRFLOW_CTX_EXECUTION_DATE=2023-01-18T00:00:00+00:00
AIRFLOW_CTX_TRY_NUMBER=1
AIRFLOW_CTX_DAG_RUN_ID=scheduled__2023-01-18T00:00:00+00:00
[2023-02-02T02:12:10.313+0530] {python.py:177} INFO - Done. Returned value was: None
[2023-02-02T02:12:10.318+0530] {taskinstance.py:1322} INFO - Marking task as SUCCESS. dag_id=FX__Turnover, task_id=load_data, execution_date=20230118T000000, start_date=20230201T204155, end_date=20230201T204210
[2023-02-02T02:12:10.347+0530] {local_task_job.py:159} INFO - Task exited with return code 0
[2023-02-02T02:12:10.364+0530] {taskinstance.py:2582} INFO - 1 downstream tasks scheduled from follow-on schedule check
