[2023-02-03T03:14:33.654+0530] {taskinstance.py:1087} INFO - Dependencies all met for <TaskInstance: FX__Turnover.load_data scheduled__2023-01-28T00:00:00+00:00 [queued]>
[2023-02-03T03:14:33.664+0530] {taskinstance.py:1087} INFO - Dependencies all met for <TaskInstance: FX__Turnover.load_data scheduled__2023-01-28T00:00:00+00:00 [queued]>
[2023-02-03T03:14:33.665+0530] {taskinstance.py:1283} INFO - 
--------------------------------------------------------------------------------
[2023-02-03T03:14:33.665+0530] {taskinstance.py:1284} INFO - Starting attempt 1 of 4
[2023-02-03T03:14:33.665+0530] {taskinstance.py:1285} INFO - 
--------------------------------------------------------------------------------
[2023-02-03T03:14:33.679+0530] {taskinstance.py:1304} INFO - Executing <Task(PythonOperator): load_data> on 2023-01-28 00:00:00+00:00
[2023-02-03T03:14:33.684+0530] {standard_task_runner.py:55} INFO - Started process 10756 to run task
[2023-02-03T03:14:33.687+0530] {standard_task_runner.py:82} INFO - Running: ['airflow', 'tasks', 'run', 'FX__Turnover', 'load_data', 'scheduled__2023-01-28T00:00:00+00:00', '--job-id', '3815', '--raw', '--subdir', 'DAGS_FOLDER/FX_turnover.py', '--cfg-path', '/tmp/tmpyjersre2']
[2023-02-03T03:14:33.688+0530] {standard_task_runner.py:83} INFO - Job 3815: Subtask load_data
[2023-02-03T03:14:33.730+0530] {task_command.py:389} INFO - Running <TaskInstance: FX__Turnover.load_data scheduled__2023-01-28T00:00:00+00:00 [running]> on host DESKTOP-SQIOQPD.
[2023-02-03T03:14:33.795+0530] {taskinstance.py:1511} INFO - Exporting the following env vars:
AIRFLOW_CTX_DAG_EMAIL=nikheleshbhattacharyya@gmail.com
AIRFLOW_CTX_DAG_OWNER=airflow
AIRFLOW_CTX_DAG_ID=FX__Turnover
AIRFLOW_CTX_TASK_ID=load_data
AIRFLOW_CTX_EXECUTION_DATE=2023-01-28T00:00:00+00:00
AIRFLOW_CTX_TRY_NUMBER=1
AIRFLOW_CTX_DAG_RUN_ID=scheduled__2023-01-28T00:00:00+00:00
[2023-02-03T03:14:47.708+0530] {python.py:177} INFO - Done. Returned value was: None
[2023-02-03T03:14:47.714+0530] {taskinstance.py:1322} INFO - Marking task as SUCCESS. dag_id=FX__Turnover, task_id=load_data, execution_date=20230128T000000, start_date=20230202T214433, end_date=20230202T214447
[2023-02-03T03:14:47.755+0530] {local_task_job.py:159} INFO - Task exited with return code 0
[2023-02-03T03:14:47.780+0530] {taskinstance.py:2582} INFO - 1 downstream tasks scheduled from follow-on schedule check
