[2023-02-23T22:29:17.874+0530] {taskinstance.py:1087} INFO - Dependencies all met for <TaskInstance: NSE_Open_Interest.finish_task scheduled__2023-02-21T00:00:00+00:00 [queued]>
[2023-02-23T22:29:17.887+0530] {taskinstance.py:1087} INFO - Dependencies all met for <TaskInstance: NSE_Open_Interest.finish_task scheduled__2023-02-21T00:00:00+00:00 [queued]>
[2023-02-23T22:29:17.888+0530] {taskinstance.py:1283} INFO - 
--------------------------------------------------------------------------------
[2023-02-23T22:29:17.888+0530] {taskinstance.py:1284} INFO - Starting attempt 1 of 4
[2023-02-23T22:29:17.888+0530] {taskinstance.py:1285} INFO - 
--------------------------------------------------------------------------------
[2023-02-23T22:29:17.908+0530] {taskinstance.py:1304} INFO - Executing <Task(BashOperator): finish_task> on 2023-02-21 00:00:00+00:00
[2023-02-23T22:29:17.915+0530] {standard_task_runner.py:55} INFO - Started process 4757 to run task
[2023-02-23T22:29:17.919+0530] {standard_task_runner.py:82} INFO - Running: ['airflow', 'tasks', 'run', 'NSE_Open_Interest', 'finish_task', 'scheduled__2023-02-21T00:00:00+00:00', '--job-id', '4681', '--raw', '--subdir', 'DAGS_FOLDER/NSE_Open_Interest.py', '--cfg-path', '/tmp/tmpbve9c4gt']
[2023-02-23T22:29:17.921+0530] {standard_task_runner.py:83} INFO - Job 4681: Subtask finish_task
[2023-02-23T22:29:17.986+0530] {task_command.py:389} INFO - Running <TaskInstance: NSE_Open_Interest.finish_task scheduled__2023-02-21T00:00:00+00:00 [running]> on host DESKTOP-SQIOQPD.
[2023-02-23T22:29:18.096+0530] {taskinstance.py:1511} INFO - Exporting the following env vars:
AIRFLOW_CTX_DAG_EMAIL=nikheleshbhattacharyya@gmail.com
AIRFLOW_CTX_DAG_OWNER=airflow
AIRFLOW_CTX_DAG_ID=NSE_Open_Interest
AIRFLOW_CTX_TASK_ID=finish_task
AIRFLOW_CTX_EXECUTION_DATE=2023-02-21T00:00:00+00:00
AIRFLOW_CTX_TRY_NUMBER=1
AIRFLOW_CTX_DAG_RUN_ID=scheduled__2023-02-21T00:00:00+00:00
[2023-02-23T22:29:18.097+0530] {subprocess.py:63} INFO - Tmp dir root location: 
 /tmp
[2023-02-23T22:29:18.098+0530] {subprocess.py:75} INFO - Running command: ['/usr/bin/bash', '-c', 'echo finish']
[2023-02-23T22:29:18.114+0530] {subprocess.py:86} INFO - Output:
[2023-02-23T22:29:18.115+0530] {subprocess.py:93} INFO - finish
[2023-02-23T22:29:18.116+0530] {subprocess.py:97} INFO - Command exited with return code 0
[2023-02-23T22:29:18.144+0530] {taskinstance.py:1322} INFO - Marking task as SUCCESS. dag_id=NSE_Open_Interest, task_id=finish_task, execution_date=20230221T000000, start_date=20230223T165917, end_date=20230223T165918
[2023-02-23T22:29:20.757+0530] {local_task_job.py:159} INFO - Task exited with return code 0
[2023-02-23T22:29:20.775+0530] {taskinstance.py:2582} INFO - 0 downstream tasks scheduled from follow-on schedule check
