[2023-02-23T16:32:42.695+0530] {taskinstance.py:1087} INFO - Dependencies all met for <TaskInstance: FX__Turnover.finish_task scheduled__2023-02-15T00:00:00+00:00 [queued]>
[2023-02-23T16:32:42.706+0530] {taskinstance.py:1087} INFO - Dependencies all met for <TaskInstance: FX__Turnover.finish_task scheduled__2023-02-15T00:00:00+00:00 [queued]>
[2023-02-23T16:32:42.706+0530] {taskinstance.py:1283} INFO - 
--------------------------------------------------------------------------------
[2023-02-23T16:32:42.706+0530] {taskinstance.py:1284} INFO - Starting attempt 1 of 4
[2023-02-23T16:32:42.706+0530] {taskinstance.py:1285} INFO - 
--------------------------------------------------------------------------------
[2023-02-23T16:32:42.723+0530] {taskinstance.py:1304} INFO - Executing <Task(BashOperator): finish_task> on 2023-02-15 00:00:00+00:00
[2023-02-23T16:32:42.728+0530] {standard_task_runner.py:55} INFO - Started process 3564 to run task
[2023-02-23T16:32:42.732+0530] {standard_task_runner.py:82} INFO - Running: ['airflow', 'tasks', 'run', 'FX__Turnover', 'finish_task', 'scheduled__2023-02-15T00:00:00+00:00', '--job-id', '4573', '--raw', '--subdir', 'DAGS_FOLDER/FX_turnover.py', '--cfg-path', '/tmp/tmp_mxs_rdt']
[2023-02-23T16:32:42.733+0530] {standard_task_runner.py:83} INFO - Job 4573: Subtask finish_task
[2023-02-23T16:32:42.783+0530] {task_command.py:389} INFO - Running <TaskInstance: FX__Turnover.finish_task scheduled__2023-02-15T00:00:00+00:00 [running]> on host DESKTOP-SQIOQPD.
[2023-02-23T16:32:42.864+0530] {taskinstance.py:1511} INFO - Exporting the following env vars:
AIRFLOW_CTX_DAG_EMAIL=nikheleshbhattacharyya@gmail.com
AIRFLOW_CTX_DAG_OWNER=airflow
AIRFLOW_CTX_DAG_ID=FX__Turnover
AIRFLOW_CTX_TASK_ID=finish_task
AIRFLOW_CTX_EXECUTION_DATE=2023-02-15T00:00:00+00:00
AIRFLOW_CTX_TRY_NUMBER=1
AIRFLOW_CTX_DAG_RUN_ID=scheduled__2023-02-15T00:00:00+00:00
[2023-02-23T16:32:42.865+0530] {subprocess.py:63} INFO - Tmp dir root location: 
 /tmp
[2023-02-23T16:32:42.866+0530] {subprocess.py:75} INFO - Running command: ['/usr/bin/bash', '-c', 'echo finish']
[2023-02-23T16:32:42.877+0530] {subprocess.py:86} INFO - Output:
[2023-02-23T16:32:42.898+0530] {subprocess.py:93} INFO - finish
[2023-02-23T16:32:42.899+0530] {subprocess.py:97} INFO - Command exited with return code 0
[2023-02-23T16:32:42.925+0530] {taskinstance.py:1322} INFO - Marking task as SUCCESS. dag_id=FX__Turnover, task_id=finish_task, execution_date=20230215T000000, start_date=20230223T110242, end_date=20230223T110242
[2023-02-23T16:32:44.754+0530] {local_task_job.py:159} INFO - Task exited with return code 0
[2023-02-23T16:32:44.769+0530] {taskinstance.py:2582} INFO - 0 downstream tasks scheduled from follow-on schedule check
