[2023-03-17T04:56:10.998+0530] {taskinstance.py:1087} INFO - Dependencies all met for <TaskInstance: FX__Turnover.extract scheduled__2023-03-01T00:00:00+00:00 [queued]>
[2023-03-17T04:56:11.023+0530] {taskinstance.py:1087} INFO - Dependencies all met for <TaskInstance: FX__Turnover.extract scheduled__2023-03-01T00:00:00+00:00 [queued]>
[2023-03-17T04:56:11.024+0530] {taskinstance.py:1283} INFO - 
--------------------------------------------------------------------------------
[2023-03-17T04:56:11.024+0530] {taskinstance.py:1284} INFO - Starting attempt 2 of 4
[2023-03-17T04:56:11.024+0530] {taskinstance.py:1285} INFO - 
--------------------------------------------------------------------------------
[2023-03-17T04:56:11.049+0530] {taskinstance.py:1304} INFO - Executing <Task(PythonOperator): extract> on 2023-03-01 00:00:00+00:00
[2023-03-17T04:56:11.060+0530] {standard_task_runner.py:55} INFO - Started process 5193 to run task
[2023-03-17T04:56:11.069+0530] {standard_task_runner.py:82} INFO - Running: ['airflow', 'tasks', 'run', 'FX__Turnover', 'extract', 'scheduled__2023-03-01T00:00:00+00:00', '--job-id', '4887', '--raw', '--subdir', 'DAGS_FOLDER/FX_turnover.py', '--cfg-path', '/tmp/tmpg7ps6r18']
[2023-03-17T04:56:11.072+0530] {standard_task_runner.py:83} INFO - Job 4887: Subtask extract
[2023-03-17T04:56:11.172+0530] {task_command.py:389} INFO - Running <TaskInstance: FX__Turnover.extract scheduled__2023-03-01T00:00:00+00:00 [running]> on host DESKTOP-SQIOQPD.
[2023-03-17T04:56:11.604+0530] {taskinstance.py:1511} INFO - Exporting the following env vars:
AIRFLOW_CTX_DAG_EMAIL=nikheleshbhattacharyya@gmail.com
AIRFLOW_CTX_DAG_OWNER=airflow
AIRFLOW_CTX_DAG_ID=FX__Turnover
AIRFLOW_CTX_TASK_ID=extract
AIRFLOW_CTX_EXECUTION_DATE=2023-03-01T00:00:00+00:00
AIRFLOW_CTX_TRY_NUMBER=2
AIRFLOW_CTX_DAG_RUN_ID=scheduled__2023-03-01T00:00:00+00:00
[2023-03-17T04:57:53.009+0530] {taskinstance.py:1772} ERROR - Task failed with exception
Traceback (most recent call last):
  File "/usr/local/lib/python3.8/dist-packages/airflow/operators/python.py", line 175, in execute
    return_value = self.execute_callable()
  File "/usr/local/lib/python3.8/dist-packages/airflow/operators/python.py", line 192, in execute_callable
    return self.python_callable(*self.op_args, **self.op_kwargs)
  File "/root/airflow/dags/FX_turnover.py", line 141, in extract_fxturn
    python_button1[0].click()
IndexError: list index out of range
[2023-03-17T04:57:53.099+0530] {taskinstance.py:1322} INFO - Marking task as UP_FOR_RETRY. dag_id=FX__Turnover, task_id=extract, execution_date=20230301T000000, start_date=20230316T232611, end_date=20230316T232753
[2023-03-17T04:57:53.192+0530] {standard_task_runner.py:100} ERROR - Failed to execute job 4887 for task extract (list index out of range; 5193)
[2023-03-17T04:57:53.247+0530] {local_task_job.py:159} INFO - Task exited with return code 1
[2023-03-17T04:57:53.292+0530] {taskinstance.py:2582} INFO - 0 downstream tasks scheduled from follow-on schedule check
