[2023-03-17T03:51:28.401+0530] {taskinstance.py:1087} INFO - Dependencies all met for <TaskInstance: FX__Turnover.extract scheduled__2023-03-01T00:00:00+00:00 [queued]>
[2023-03-17T03:51:28.422+0530] {taskinstance.py:1087} INFO - Dependencies all met for <TaskInstance: FX__Turnover.extract scheduled__2023-03-01T00:00:00+00:00 [queued]>
[2023-03-17T03:51:28.422+0530] {taskinstance.py:1283} INFO - 
--------------------------------------------------------------------------------
[2023-03-17T03:51:28.422+0530] {taskinstance.py:1284} INFO - Starting attempt 1 of 4
[2023-03-17T03:51:28.422+0530] {taskinstance.py:1285} INFO - 
--------------------------------------------------------------------------------
[2023-03-17T03:51:28.442+0530] {taskinstance.py:1304} INFO - Executing <Task(PythonOperator): extract> on 2023-03-01 00:00:00+00:00
[2023-03-17T03:51:28.451+0530] {standard_task_runner.py:55} INFO - Started process 4149 to run task
[2023-03-17T03:51:28.455+0530] {standard_task_runner.py:82} INFO - Running: ['airflow', 'tasks', 'run', 'FX__Turnover', 'extract', 'scheduled__2023-03-01T00:00:00+00:00', '--job-id', '4860', '--raw', '--subdir', 'DAGS_FOLDER/FX_turnover.py', '--cfg-path', '/tmp/tmp9p00wgao']
[2023-03-17T03:51:28.456+0530] {standard_task_runner.py:83} INFO - Job 4860: Subtask extract
[2023-03-17T03:51:28.544+0530] {task_command.py:389} INFO - Running <TaskInstance: FX__Turnover.extract scheduled__2023-03-01T00:00:00+00:00 [running]> on host DESKTOP-SQIOQPD.
[2023-03-17T03:51:28.868+0530] {taskinstance.py:1511} INFO - Exporting the following env vars:
AIRFLOW_CTX_DAG_EMAIL=nikheleshbhattacharyya@gmail.com
AIRFLOW_CTX_DAG_OWNER=airflow
AIRFLOW_CTX_DAG_ID=FX__Turnover
AIRFLOW_CTX_TASK_ID=extract
AIRFLOW_CTX_EXECUTION_DATE=2023-03-01T00:00:00+00:00
AIRFLOW_CTX_TRY_NUMBER=1
AIRFLOW_CTX_DAG_RUN_ID=scheduled__2023-03-01T00:00:00+00:00
[2023-03-17T03:52:43.065+0530] {taskinstance.py:1772} ERROR - Task failed with exception
Traceback (most recent call last):
  File "/usr/local/lib/python3.8/dist-packages/airflow/operators/python.py", line 175, in execute
    return_value = self.execute_callable()
  File "/usr/local/lib/python3.8/dist-packages/airflow/operators/python.py", line 192, in execute_callable
    return self.python_callable(*self.op_args, **self.op_kwargs)
  File "/root/airflow/dags/FX_turnover.py", line 137, in extract_fxturn
    driver = webdriver.Chrome('/usr/local/bin/chromedriver',options=chrome_options)
  File "/usr/local/lib/python3.8/dist-packages/selenium/webdriver/chrome/webdriver.py", line 80, in __init__
    super().__init__(
  File "/usr/local/lib/python3.8/dist-packages/selenium/webdriver/chromium/webdriver.py", line 104, in __init__
    super().__init__(
  File "/usr/local/lib/python3.8/dist-packages/selenium/webdriver/remote/webdriver.py", line 286, in __init__
    self.start_session(capabilities, browser_profile)
  File "/usr/local/lib/python3.8/dist-packages/selenium/webdriver/remote/webdriver.py", line 378, in start_session
    response = self.execute(Command.NEW_SESSION, parameters)
  File "/usr/local/lib/python3.8/dist-packages/selenium/webdriver/remote/webdriver.py", line 440, in execute
    self.error_handler.check_response(response)
  File "/usr/local/lib/python3.8/dist-packages/selenium/webdriver/remote/errorhandler.py", line 245, in check_response
    raise exception_class(message, screen, stacktrace)
selenium.common.exceptions.WebDriverException: Message: unknown error: DevToolsActivePort file doesn't exist
Stacktrace:
#0 0x560eca0272a3 <unknown>
#1 0x560ec9de5f77 <unknown>
#2 0x560ec9e11fc4 <unknown>
#3 0x560ec9e0db0c <unknown>
#4 0x560ec9e0a7d0 <unknown>
#5 0x560ec9e4b0b7 <unknown>
#6 0x560ec9e4aa5f <unknown>
#7 0x560ec9e42903 <unknown>
#8 0x560ec9e15ece <unknown>
#9 0x560ec9e16fde <unknown>
#10 0x560eca07763e <unknown>
#11 0x560eca07ab79 <unknown>
#12 0x560eca05d89e <unknown>
#13 0x560eca07ba83 <unknown>
#14 0x560eca050505 <unknown>
#15 0x560eca09cca8 <unknown>
#16 0x560eca09ce36 <unknown>
#17 0x560eca0b8333 <unknown>
#18 0x7f9b68172609 start_thread

[2023-03-17T03:52:43.404+0530] {taskinstance.py:1322} INFO - Marking task as UP_FOR_RETRY. dag_id=FX__Turnover, task_id=extract, execution_date=20230301T000000, start_date=20230316T222128, end_date=20230316T222243
[2023-03-17T03:52:43.518+0530] {standard_task_runner.py:100} ERROR - Failed to execute job 4860 for task extract (Message: unknown error: DevToolsActivePort file doesn't exist
Stacktrace:
#0 0x560eca0272a3 <unknown>
#1 0x560ec9de5f77 <unknown>
#2 0x560ec9e11fc4 <unknown>
#3 0x560ec9e0db0c <unknown>
#4 0x560ec9e0a7d0 <unknown>
#5 0x560ec9e4b0b7 <unknown>
#6 0x560ec9e4aa5f <unknown>
#7 0x560ec9e42903 <unknown>
#8 0x560ec9e15ece <unknown>
#9 0x560ec9e16fde <unknown>
#10 0x560eca07763e <unknown>
#11 0x560eca07ab79 <unknown>
#12 0x560eca05d89e <unknown>
#13 0x560eca07ba83 <unknown>
#14 0x560eca050505 <unknown>
#15 0x560eca09cca8 <unknown>
#16 0x560eca09ce36 <unknown>
#17 0x560eca0b8333 <unknown>
#18 0x7f9b68172609 start_thread
; 4149)
[2023-03-17T03:52:43.594+0530] {local_task_job.py:159} INFO - Task exited with return code 1
[2023-03-17T03:52:43.810+0530] {taskinstance.py:2582} INFO - 0 downstream tasks scheduled from follow-on schedule check
