[2022-12-28T20:03:30.785+0530] {taskinstance.py:1087} INFO - Dependencies all met for <TaskInstance: Money__Market.start_task scheduled__2022-12-28T10:00:00+00:00 [queued]>
[2022-12-28T20:03:30.795+0530] {taskinstance.py:1087} INFO - Dependencies all met for <TaskInstance: Money__Market.start_task scheduled__2022-12-28T10:00:00+00:00 [queued]>
[2022-12-28T20:03:30.795+0530] {taskinstance.py:1283} INFO - 
--------------------------------------------------------------------------------
[2022-12-28T20:03:30.795+0530] {taskinstance.py:1284} INFO - Starting attempt 1 of 4
[2022-12-28T20:03:30.795+0530] {taskinstance.py:1285} INFO - 
--------------------------------------------------------------------------------
[2022-12-28T20:03:30.810+0530] {taskinstance.py:1304} INFO - Executing <Task(BashOperator): start_task> on 2022-12-28 10:00:00+00:00
[2022-12-28T20:03:30.814+0530] {standard_task_runner.py:55} INFO - Started process 27441 to run task
[2022-12-28T20:03:30.817+0530] {standard_task_runner.py:82} INFO - Running: ['airflow', 'tasks', 'run', 'Money__Market', 'start_task', 'scheduled__2022-12-28T10:00:00+00:00', '--job-id', '1718', '--raw', '--subdir', 'DAGS_FOLDER/Money_Market.py', '--cfg-path', '/tmp/tmp6rxurmk2']
[2022-12-28T20:03:30.818+0530] {standard_task_runner.py:83} INFO - Job 1718: Subtask start_task
[2022-12-28T20:03:30.865+0530] {task_command.py:389} INFO - Running <TaskInstance: Money__Market.start_task scheduled__2022-12-28T10:00:00+00:00 [running]> on host DESKTOP-SQIOQPD.
[2022-12-28T20:03:30.939+0530] {taskinstance.py:1511} INFO - Exporting the following env vars:
AIRFLOW_CTX_DAG_EMAIL=nikheleshbhattacharyya@gmail.com
AIRFLOW_CTX_DAG_OWNER=airflow
AIRFLOW_CTX_DAG_ID=Money__Market
AIRFLOW_CTX_TASK_ID=start_task
AIRFLOW_CTX_EXECUTION_DATE=2022-12-28T10:00:00+00:00
AIRFLOW_CTX_TRY_NUMBER=1
AIRFLOW_CTX_DAG_RUN_ID=scheduled__2022-12-28T10:00:00+00:00
[2022-12-28T20:03:30.940+0530] {subprocess.py:63} INFO - Tmp dir root location: 
 /tmp
[2022-12-28T20:03:30.941+0530] {subprocess.py:75} INFO - Running command: ['/usr/bin/bash', '-c', 'echo start']
[2022-12-28T20:03:30.951+0530] {subprocess.py:86} INFO - Output:
[2022-12-28T20:03:30.952+0530] {subprocess.py:93} INFO - start
[2022-12-28T20:03:30.952+0530] {subprocess.py:97} INFO - Command exited with return code 0
[2022-12-28T20:03:30.971+0530] {taskinstance.py:1322} INFO - Marking task as SUCCESS. dag_id=Money__Market, task_id=start_task, execution_date=20221228T100000, start_date=20221228T143330, end_date=20221228T143330
[2022-12-28T20:03:30.990+0530] {local_task_job.py:159} INFO - Task exited with return code 0
[2022-12-28T20:03:31.011+0530] {taskinstance.py:2582} INFO - 1 downstream tasks scheduled from follow-on schedule check
