[2023-02-15T20:30:40.044+0530] {taskinstance.py:1087} INFO - Dependencies all met for <TaskInstance: FX__Turnover.load_data scheduled__2023-02-13T00:00:00+00:00 [queued]>
[2023-02-15T20:30:40.053+0530] {taskinstance.py:1087} INFO - Dependencies all met for <TaskInstance: FX__Turnover.load_data scheduled__2023-02-13T00:00:00+00:00 [queued]>
[2023-02-15T20:30:40.054+0530] {taskinstance.py:1283} INFO - 
--------------------------------------------------------------------------------
[2023-02-15T20:30:40.054+0530] {taskinstance.py:1284} INFO - Starting attempt 1 of 4
[2023-02-15T20:30:40.054+0530] {taskinstance.py:1285} INFO - 
--------------------------------------------------------------------------------
[2023-02-15T20:30:40.069+0530] {taskinstance.py:1304} INFO - Executing <Task(PythonOperator): load_data> on 2023-02-13 00:00:00+00:00
[2023-02-15T20:30:40.078+0530] {standard_task_runner.py:55} INFO - Started process 998 to run task
[2023-02-15T20:30:40.082+0530] {standard_task_runner.py:82} INFO - Running: ['airflow', 'tasks', 'run', 'FX__Turnover', 'load_data', 'scheduled__2023-02-13T00:00:00+00:00', '--job-id', '4359', '--raw', '--subdir', 'DAGS_FOLDER/FX_turnover.py', '--cfg-path', '/tmp/tmprgbdzoue']
[2023-02-15T20:30:40.083+0530] {standard_task_runner.py:83} INFO - Job 4359: Subtask load_data
[2023-02-15T20:30:40.183+0530] {task_command.py:389} INFO - Running <TaskInstance: FX__Turnover.load_data scheduled__2023-02-13T00:00:00+00:00 [running]> on host DESKTOP-SQIOQPD.
[2023-02-15T20:30:40.263+0530] {taskinstance.py:1511} INFO - Exporting the following env vars:
AIRFLOW_CTX_DAG_EMAIL=nikheleshbhattacharyya@gmail.com
AIRFLOW_CTX_DAG_OWNER=airflow
AIRFLOW_CTX_DAG_ID=FX__Turnover
AIRFLOW_CTX_TASK_ID=load_data
AIRFLOW_CTX_EXECUTION_DATE=2023-02-13T00:00:00+00:00
AIRFLOW_CTX_TRY_NUMBER=1
AIRFLOW_CTX_DAG_RUN_ID=scheduled__2023-02-13T00:00:00+00:00
[2023-02-15T20:30:54.972+0530] {python.py:177} INFO - Done. Returned value was: None
[2023-02-15T20:30:54.977+0530] {taskinstance.py:1322} INFO - Marking task as SUCCESS. dag_id=FX__Turnover, task_id=load_data, execution_date=20230213T000000, start_date=20230215T150040, end_date=20230215T150054
[2023-02-15T20:30:55.033+0530] {local_task_job.py:159} INFO - Task exited with return code 0
[2023-02-15T20:30:55.048+0530] {taskinstance.py:2582} INFO - 1 downstream tasks scheduled from follow-on schedule check
