[2023-02-24T09:27:56.550+0530] {taskinstance.py:1087} INFO - Dependencies all met for <TaskInstance: FX__Turnover.extract scheduled__2023-02-23T00:00:00+00:00 [queued]>
[2023-02-24T09:27:56.561+0530] {taskinstance.py:1087} INFO - Dependencies all met for <TaskInstance: FX__Turnover.extract scheduled__2023-02-23T00:00:00+00:00 [queued]>
[2023-02-24T09:27:56.561+0530] {taskinstance.py:1283} INFO - 
--------------------------------------------------------------------------------
[2023-02-24T09:27:56.561+0530] {taskinstance.py:1284} INFO - Starting attempt 1 of 4
[2023-02-24T09:27:56.561+0530] {taskinstance.py:1285} INFO - 
--------------------------------------------------------------------------------
[2023-02-24T09:27:56.580+0530] {taskinstance.py:1304} INFO - Executing <Task(PythonOperator): extract> on 2023-02-23 00:00:00+00:00
[2023-02-24T09:27:56.587+0530] {standard_task_runner.py:55} INFO - Started process 5435 to run task
[2023-02-24T09:27:56.599+0530] {standard_task_runner.py:82} INFO - Running: ['airflow', 'tasks', 'run', 'FX__Turnover', 'extract', 'scheduled__2023-02-23T00:00:00+00:00', '--job-id', '4688', '--raw', '--subdir', 'DAGS_FOLDER/FX_turnover.py', '--cfg-path', '/tmp/tmp1tv3_72f']
[2023-02-24T09:27:56.603+0530] {standard_task_runner.py:83} INFO - Job 4688: Subtask extract
[2023-02-24T09:27:56.725+0530] {task_command.py:389} INFO - Running <TaskInstance: FX__Turnover.extract scheduled__2023-02-23T00:00:00+00:00 [running]> on host DESKTOP-SQIOQPD.
[2023-02-24T09:27:56.908+0530] {taskinstance.py:1511} INFO - Exporting the following env vars:
AIRFLOW_CTX_DAG_EMAIL=nikheleshbhattacharyya@gmail.com
AIRFLOW_CTX_DAG_OWNER=airflow
AIRFLOW_CTX_DAG_ID=FX__Turnover
AIRFLOW_CTX_TASK_ID=extract
AIRFLOW_CTX_EXECUTION_DATE=2023-02-23T00:00:00+00:00
AIRFLOW_CTX_TRY_NUMBER=1
AIRFLOW_CTX_DAG_RUN_ID=scheduled__2023-02-23T00:00:00+00:00
[2023-02-24T09:28:28.047+0530] {taskinstance.py:1772} ERROR - Task failed with exception
Traceback (most recent call last):
  File "/usr/local/lib/python3.8/dist-packages/airflow/operators/python.py", line 175, in execute
    return_value = self.execute_callable()
  File "/usr/local/lib/python3.8/dist-packages/airflow/operators/python.py", line 192, in execute_callable
    return self.python_callable(*self.op_args, **self.op_kwargs)
  File "/root/airflow/dags/FX_turnover.py", line 139, in extract_fxturn
    driver.get(url)
  File "/usr/local/lib/python3.8/dist-packages/selenium/webdriver/remote/webdriver.py", line 449, in get
    self.execute(Command.GET, {"url": url})
  File "/usr/local/lib/python3.8/dist-packages/selenium/webdriver/remote/webdriver.py", line 440, in execute
    self.error_handler.check_response(response)
  File "/usr/local/lib/python3.8/dist-packages/selenium/webdriver/remote/errorhandler.py", line 245, in check_response
    raise exception_class(message, screen, stacktrace)
selenium.common.exceptions.WebDriverException: Message: unknown error: net::ERR_NAME_NOT_RESOLVED
  (Session info: headless chrome=109.0.5414.119)
Stacktrace:
#0 0x55ee623002a3 <unknown>
#1 0x55ee620bef77 <unknown>
#2 0x55ee620b6e35 <unknown>
#3 0x55ee620a9f27 <unknown>
#4 0x55ee620ab2d9 <unknown>
#5 0x55ee620aa29e <unknown>
#6 0x55ee620a93d2 <unknown>
#7 0x55ee620a9225 <unknown>
#8 0x55ee620a7dc6 <unknown>
#9 0x55ee620a8244 <unknown>
#10 0x55ee620c0e88 <unknown>
#11 0x55ee62133b05 <unknown>
#12 0x55ee6211bb32 <unknown>
#13 0x55ee6213347c <unknown>
#14 0x55ee6211b903 <unknown>
#15 0x55ee620eeece <unknown>
#16 0x55ee620effde <unknown>
#17 0x55ee6235063e <unknown>
#18 0x55ee62353b79 <unknown>
#19 0x55ee6233689e <unknown>
#20 0x55ee62354a83 <unknown>
#21 0x55ee62329505 <unknown>
#22 0x55ee62375ca8 <unknown>
#23 0x55ee62375e36 <unknown>
#24 0x55ee62391333 <unknown>
#25 0x7f2e6d034609 start_thread

[2023-02-24T09:28:28.066+0530] {taskinstance.py:1322} INFO - Marking task as UP_FOR_RETRY. dag_id=FX__Turnover, task_id=extract, execution_date=20230223T000000, start_date=20230224T035756, end_date=20230224T035828
[2023-02-24T09:28:28.093+0530] {standard_task_runner.py:100} ERROR - Failed to execute job 4688 for task extract (Message: unknown error: net::ERR_NAME_NOT_RESOLVED
  (Session info: headless chrome=109.0.5414.119)
Stacktrace:
#0 0x55ee623002a3 <unknown>
#1 0x55ee620bef77 <unknown>
#2 0x55ee620b6e35 <unknown>
#3 0x55ee620a9f27 <unknown>
#4 0x55ee620ab2d9 <unknown>
#5 0x55ee620aa29e <unknown>
#6 0x55ee620a93d2 <unknown>
#7 0x55ee620a9225 <unknown>
#8 0x55ee620a7dc6 <unknown>
#9 0x55ee620a8244 <unknown>
#10 0x55ee620c0e88 <unknown>
#11 0x55ee62133b05 <unknown>
#12 0x55ee6211bb32 <unknown>
#13 0x55ee6213347c <unknown>
#14 0x55ee6211b903 <unknown>
#15 0x55ee620eeece <unknown>
#16 0x55ee620effde <unknown>
#17 0x55ee6235063e <unknown>
#18 0x55ee62353b79 <unknown>
#19 0x55ee6233689e <unknown>
#20 0x55ee62354a83 <unknown>
#21 0x55ee62329505 <unknown>
#22 0x55ee62375ca8 <unknown>
#23 0x55ee62375e36 <unknown>
#24 0x55ee62391333 <unknown>
#25 0x7f2e6d034609 start_thread
; 5435)
[2023-02-24T09:28:35.244+0530] {local_task_job.py:159} INFO - Task exited with return code 1
[2023-02-24T09:28:35.280+0530] {taskinstance.py:2582} INFO - 0 downstream tasks scheduled from follow-on schedule check
