[2023-01-13T19:45:50.708+0530] {taskinstance.py:1087} INFO - Dependencies all met for <TaskInstance: Monthly.finish_task scheduled__2023-01-12T00:00:00+00:00 [queued]>
[2023-01-13T19:45:50.720+0530] {taskinstance.py:1087} INFO - Dependencies all met for <TaskInstance: Monthly.finish_task scheduled__2023-01-12T00:00:00+00:00 [queued]>
[2023-01-13T19:45:50.720+0530] {taskinstance.py:1283} INFO - 
--------------------------------------------------------------------------------
[2023-01-13T19:45:50.721+0530] {taskinstance.py:1284} INFO - Starting attempt 1 of 4
[2023-01-13T19:45:50.721+0530] {taskinstance.py:1285} INFO - 
--------------------------------------------------------------------------------
[2023-01-13T19:45:50.739+0530] {taskinstance.py:1304} INFO - Executing <Task(BashOperator): finish_task> on 2023-01-12 00:00:00+00:00
[2023-01-13T19:45:50.750+0530] {standard_task_runner.py:55} INFO - Started process 14866 to run task
[2023-01-13T19:45:50.754+0530] {standard_task_runner.py:82} INFO - Running: ['airflow', 'tasks', 'run', 'Monthly', 'finish_task', 'scheduled__2023-01-12T00:00:00+00:00', '--job-id', '3139', '--raw', '--subdir', 'DAGS_FOLDER/Monthly.py', '--cfg-path', '/tmp/tmpd8eosm0o']
[2023-01-13T19:45:50.756+0530] {standard_task_runner.py:83} INFO - Job 3139: Subtask finish_task
[2023-01-13T19:45:50.830+0530] {task_command.py:389} INFO - Running <TaskInstance: Monthly.finish_task scheduled__2023-01-12T00:00:00+00:00 [running]> on host DESKTOP-SQIOQPD.
[2023-01-13T19:45:50.978+0530] {taskinstance.py:1511} INFO - Exporting the following env vars:
AIRFLOW_CTX_DAG_EMAIL=nikheleshbhattacharyya@gmail.com
AIRFLOW_CTX_DAG_OWNER=airflow
AIRFLOW_CTX_DAG_ID=Monthly
AIRFLOW_CTX_TASK_ID=finish_task
AIRFLOW_CTX_EXECUTION_DATE=2023-01-12T00:00:00+00:00
AIRFLOW_CTX_TRY_NUMBER=1
AIRFLOW_CTX_DAG_RUN_ID=scheduled__2023-01-12T00:00:00+00:00
[2023-01-13T19:45:50.980+0530] {subprocess.py:63} INFO - Tmp dir root location: 
 /tmp
[2023-01-13T19:45:50.982+0530] {subprocess.py:75} INFO - Running command: ['/usr/bin/bash', '-c', 'echo finish']
[2023-01-13T19:45:51.010+0530] {subprocess.py:86} INFO - Output:
[2023-01-13T19:45:51.039+0530] {subprocess.py:93} INFO - finish
[2023-01-13T19:45:51.040+0530] {subprocess.py:97} INFO - Command exited with return code 0
[2023-01-13T19:45:51.076+0530] {taskinstance.py:1322} INFO - Marking task as SUCCESS. dag_id=Monthly, task_id=finish_task, execution_date=20230112T000000, start_date=20230113T141550, end_date=20230113T141551
[2023-01-13T19:45:51.136+0530] {local_task_job.py:159} INFO - Task exited with return code 0
[2023-01-13T19:45:51.151+0530] {taskinstance.py:2582} INFO - 0 downstream tasks scheduled from follow-on schedule check
