[2023-02-02T10:26:48.444+0530] {taskinstance.py:1087} INFO - Dependencies all met for <TaskInstance: NSE_Open_Interest.extract scheduled__2023-01-31T00:00:00+00:00 [queued]>
[2023-02-02T10:26:48.457+0530] {taskinstance.py:1087} INFO - Dependencies all met for <TaskInstance: NSE_Open_Interest.extract scheduled__2023-01-31T00:00:00+00:00 [queued]>
[2023-02-02T10:26:48.457+0530] {taskinstance.py:1283} INFO - 
--------------------------------------------------------------------------------
[2023-02-02T10:26:48.457+0530] {taskinstance.py:1284} INFO - Starting attempt 3 of 4
[2023-02-02T10:26:48.457+0530] {taskinstance.py:1285} INFO - 
--------------------------------------------------------------------------------
[2023-02-02T10:26:48.475+0530] {taskinstance.py:1304} INFO - Executing <Task(PythonOperator): extract> on 2023-01-31 00:00:00+00:00
[2023-02-02T10:26:48.482+0530] {standard_task_runner.py:55} INFO - Started process 8060 to run task
[2023-02-02T10:26:48.499+0530] {standard_task_runner.py:82} INFO - Running: ['airflow', 'tasks', 'run', 'NSE_Open_Interest', 'extract', 'scheduled__2023-01-31T00:00:00+00:00', '--job-id', '3672', '--raw', '--subdir', 'DAGS_FOLDER/NSE_Open_Interest.py', '--cfg-path', '/tmp/tmprzxnkmq4']
[2023-02-02T10:26:48.503+0530] {standard_task_runner.py:83} INFO - Job 3672: Subtask extract
[2023-02-02T10:26:48.576+0530] {task_command.py:389} INFO - Running <TaskInstance: NSE_Open_Interest.extract scheduled__2023-01-31T00:00:00+00:00 [running]> on host DESKTOP-SQIOQPD.
[2023-02-02T10:26:48.709+0530] {taskinstance.py:1511} INFO - Exporting the following env vars:
AIRFLOW_CTX_DAG_EMAIL=nikheleshbhattacharyya@gmail.com
AIRFLOW_CTX_DAG_OWNER=airflow
AIRFLOW_CTX_DAG_ID=NSE_Open_Interest
AIRFLOW_CTX_TASK_ID=extract
AIRFLOW_CTX_EXECUTION_DATE=2023-01-31T00:00:00+00:00
AIRFLOW_CTX_TRY_NUMBER=3
AIRFLOW_CTX_DAG_RUN_ID=scheduled__2023-01-31T00:00:00+00:00
[2023-02-02T10:26:48.712+0530] {logging_mixin.py:137} INFO - 2020-02-14 00:00:00
[2023-02-02T10:26:49.108+0530] {logging_mixin.py:137} INFO - 2020-02-15 00:00:00
[2023-02-02T10:26:52.233+0530] {logging_mixin.py:137} INFO - 2020-02-16 00:00:00
[2023-02-02T10:26:55.367+0530] {logging_mixin.py:137} INFO - 2020-02-17 00:00:00
[2023-02-02T10:26:55.799+0530] {logging_mixin.py:137} INFO - 2020-02-18 00:00:00
[2023-02-02T10:26:56.647+0530] {logging_mixin.py:137} INFO - 2020-02-19 00:00:00
[2023-02-02T10:26:57.043+0530] {logging_mixin.py:137} INFO - 2020-02-20 00:00:00
[2023-02-02T10:26:57.672+0530] {logging_mixin.py:137} INFO - 2020-02-21 00:00:00
[2023-02-02T10:27:01.141+0530] {logging_mixin.py:137} INFO - 2020-02-22 00:00:00
[2023-02-02T10:27:04.257+0530] {logging_mixin.py:137} INFO - 2020-02-23 00:00:00
[2023-02-02T10:27:07.372+0530] {logging_mixin.py:137} INFO - 2020-02-24 00:00:00
[2023-02-02T10:27:07.900+0530] {logging_mixin.py:137} INFO - 2020-02-25 00:00:00
[2023-02-02T10:27:08.502+0530] {logging_mixin.py:137} INFO - 2020-02-26 00:00:00
[2023-02-02T10:27:09.083+0530] {logging_mixin.py:137} INFO - 2020-02-27 00:00:00
[2023-02-02T10:27:09.594+0530] {logging_mixin.py:137} INFO - 2020-02-28 00:00:00
[2023-02-02T10:27:10.027+0530] {logging_mixin.py:137} INFO - 2020-02-29 00:00:00
[2023-02-02T10:27:13.149+0530] {logging_mixin.py:137} INFO - 2020-03-01 00:00:00
[2023-02-02T10:27:16.305+0530] {logging_mixin.py:137} INFO - 2020-03-02 00:00:00
[2023-02-02T10:27:16.722+0530] {logging_mixin.py:137} INFO - 2020-03-03 00:00:00
[2023-02-02T10:27:17.216+0530] {logging_mixin.py:137} INFO - 2020-03-04 00:00:00
[2023-02-02T10:27:17.599+0530] {logging_mixin.py:137} INFO - 2020-03-05 00:00:00
[2023-02-02T10:27:17.929+0530] {logging_mixin.py:137} INFO - 2020-03-06 00:00:00
[2023-02-02T10:27:18.285+0530] {logging_mixin.py:137} INFO - 2020-03-07 00:00:00
[2023-02-02T10:27:21.529+0530] {logging_mixin.py:137} INFO - 2020-03-08 00:00:00
[2023-02-02T10:27:24.671+0530] {logging_mixin.py:137} INFO - 2020-03-09 00:00:00
[2023-02-02T10:27:25.128+0530] {logging_mixin.py:137} INFO - 2020-03-10 00:00:00
[2023-02-02T10:27:28.298+0530] {logging_mixin.py:137} INFO - 2020-03-11 00:00:00
[2023-02-02T10:27:28.809+0530] {logging_mixin.py:137} INFO - 2020-03-12 00:00:00
[2023-02-02T10:27:29.505+0530] {logging_mixin.py:137} INFO - 2020-03-13 00:00:00
[2023-02-02T10:27:30.004+0530] {logging_mixin.py:137} INFO - 2020-03-14 00:00:00
[2023-02-02T10:27:36.207+0530] {logging_mixin.py:137} INFO - 2020-03-15 00:00:00
[2023-02-02T10:27:39.341+0530] {logging_mixin.py:137} INFO - 2020-03-16 00:00:00
[2023-02-02T10:27:39.943+0530] {logging_mixin.py:137} INFO - 2020-03-17 00:00:00
[2023-02-02T10:27:40.589+0530] {logging_mixin.py:137} INFO - 2020-03-18 00:00:00
[2023-02-02T10:27:41.000+0530] {logging_mixin.py:137} INFO - 2020-03-19 00:00:00
[2023-02-02T10:27:41.336+0530] {logging_mixin.py:137} INFO - 2020-03-20 00:00:00
[2023-02-02T10:27:41.843+0530] {logging_mixin.py:137} INFO - 2020-03-21 00:00:00
[2023-02-02T10:27:45.091+0530] {logging_mixin.py:137} INFO - 2020-03-22 00:00:00
[2023-02-02T10:27:48.248+0530] {logging_mixin.py:137} INFO - 2020-03-23 00:00:00
[2023-02-02T10:27:48.582+0530] {logging_mixin.py:137} INFO - 2020-03-24 00:00:00
[2023-02-02T10:27:49.013+0530] {logging_mixin.py:137} INFO - 2020-03-25 00:00:00
[2023-02-02T10:27:49.524+0530] {logging_mixin.py:137} INFO - 2020-03-26 00:00:00
[2023-02-02T10:27:49.917+0530] {logging_mixin.py:137} INFO - 2020-03-27 00:00:00
[2023-02-02T10:27:50.395+0530] {logging_mixin.py:137} INFO - 2020-03-28 00:00:00
[2023-02-02T10:27:53.497+0530] {logging_mixin.py:137} INFO - 2020-03-29 00:00:00
[2023-02-02T10:27:56.666+0530] {logging_mixin.py:137} INFO - 2020-03-30 00:00:00
[2023-02-02T10:27:57.186+0530] {logging_mixin.py:137} INFO - 2020-03-31 00:00:00
[2023-02-02T10:27:57.752+0530] {logging_mixin.py:137} INFO - 2020-04-01 00:00:00
[2023-02-02T10:27:58.075+0530] {logging_mixin.py:137} INFO - 2020-04-02 00:00:00
[2023-02-02T10:28:01.181+0530] {logging_mixin.py:137} INFO - 2020-04-03 00:00:00
[2023-02-02T10:28:01.577+0530] {logging_mixin.py:137} INFO - 2020-04-04 00:00:00
[2023-02-02T10:28:04.698+0530] {logging_mixin.py:137} INFO - 2020-04-05 00:00:00
[2023-02-02T10:28:08.000+0530] {logging_mixin.py:137} INFO - 2020-04-06 00:00:00
[2023-02-02T10:28:11.182+0530] {logging_mixin.py:137} INFO - 2020-04-07 00:00:00
[2023-02-02T10:28:11.786+0530] {logging_mixin.py:137} INFO - 2020-04-08 00:00:00
[2023-02-02T10:28:12.168+0530] {logging_mixin.py:137} INFO - 2020-04-09 00:00:00
[2023-02-02T10:28:12.573+0530] {logging_mixin.py:137} INFO - 2020-04-10 00:00:00
[2023-02-02T10:28:15.684+0530] {logging_mixin.py:137} INFO - 2020-04-11 00:00:00
[2023-02-02T10:28:18.866+0530] {logging_mixin.py:137} INFO - 2020-04-12 00:00:00
[2023-02-02T10:28:22.039+0530] {logging_mixin.py:137} INFO - 2020-04-13 00:00:00
[2023-02-02T10:28:22.701+0530] {logging_mixin.py:137} INFO - 2020-04-14 00:00:00
[2023-02-02T10:28:25.861+0530] {logging_mixin.py:137} INFO - 2020-04-15 00:00:00
[2023-02-02T10:28:26.316+0530] {logging_mixin.py:137} INFO - 2020-04-16 00:00:00
[2023-02-02T10:28:26.663+0530] {logging_mixin.py:137} INFO - 2020-04-17 00:00:00
[2023-02-02T10:28:27.004+0530] {logging_mixin.py:137} INFO - 2020-04-18 00:00:00
[2023-02-02T10:28:30.313+0530] {logging_mixin.py:137} INFO - 2020-04-19 00:00:00
[2023-02-02T10:28:33.443+0530] {logging_mixin.py:137} INFO - 2020-04-20 00:00:00
[2023-02-02T10:28:33.848+0530] {logging_mixin.py:137} INFO - 2020-04-21 00:00:00
[2023-02-02T10:28:34.346+0530] {logging_mixin.py:137} INFO - 2020-04-22 00:00:00
[2023-02-02T10:28:35.150+0530] {logging_mixin.py:137} INFO - 2020-04-23 00:00:00
[2023-02-02T10:28:35.566+0530] {logging_mixin.py:137} INFO - 2020-04-24 00:00:00
[2023-02-02T10:28:36.038+0530] {logging_mixin.py:137} INFO - 2020-04-25 00:00:00
[2023-02-02T10:28:40.222+0530] {logging_mixin.py:137} INFO - 2020-04-26 00:00:00
[2023-02-02T10:28:43.357+0530] {logging_mixin.py:137} INFO - 2020-04-27 00:00:00
[2023-02-02T10:28:43.764+0530] {logging_mixin.py:137} INFO - 2020-04-28 00:00:00
[2023-02-02T10:28:44.146+0530] {logging_mixin.py:137} INFO - 2020-04-29 00:00:00
[2023-02-02T10:28:44.481+0530] {logging_mixin.py:137} INFO - 2020-04-30 00:00:00
[2023-02-02T10:28:44.819+0530] {logging_mixin.py:137} INFO - 2020-05-01 00:00:00
[2023-02-02T10:28:47.946+0530] {logging_mixin.py:137} INFO - 2020-05-02 00:00:00
[2023-02-02T10:28:51.300+0530] {logging_mixin.py:137} INFO - 2020-05-03 00:00:00
[2023-02-02T10:28:54.495+0530] {logging_mixin.py:137} INFO - 2020-05-04 00:00:00
[2023-02-02T10:28:54.945+0530] {logging_mixin.py:137} INFO - 2020-05-05 00:00:00
[2023-02-02T10:28:55.424+0530] {logging_mixin.py:137} INFO - 2020-05-06 00:00:00
[2023-02-02T10:28:55.773+0530] {logging_mixin.py:137} INFO - 2020-05-07 00:00:00
[2023-02-02T10:28:56.187+0530] {logging_mixin.py:137} INFO - 2020-05-08 00:00:00
[2023-02-02T10:28:56.560+0530] {logging_mixin.py:137} INFO - 2020-05-09 00:00:00
[2023-02-02T10:28:59.696+0530] {logging_mixin.py:137} INFO - 2020-05-10 00:00:00
[2023-02-02T10:29:02.855+0530] {logging_mixin.py:137} INFO - 2020-05-11 00:00:00
[2023-02-02T10:29:03.339+0530] {logging_mixin.py:137} INFO - 2020-05-12 00:00:00
[2023-02-02T10:29:03.747+0530] {logging_mixin.py:137} INFO - 2020-05-13 00:00:00
[2023-02-02T10:29:04.206+0530] {logging_mixin.py:137} INFO - 2020-05-14 00:00:00
[2023-02-02T10:29:04.684+0530] {logging_mixin.py:137} INFO - 2020-05-15 00:00:00
[2023-02-02T10:29:05.115+0530] {logging_mixin.py:137} INFO - 2020-05-16 00:00:00
[2023-02-02T10:29:08.350+0530] {logging_mixin.py:137} INFO - 2020-05-17 00:00:00
[2023-02-02T10:29:11.473+0530] {logging_mixin.py:137} INFO - 2020-05-18 00:00:00
[2023-02-02T10:29:11.948+0530] {logging_mixin.py:137} INFO - 2020-05-19 00:00:00
[2023-02-02T10:29:12.455+0530] {logging_mixin.py:137} INFO - 2020-05-20 00:00:00
[2023-02-02T10:29:12.875+0530] {logging_mixin.py:137} INFO - 2020-05-21 00:00:00
[2023-02-02T10:29:13.271+0530] {logging_mixin.py:137} INFO - 2020-05-22 00:00:00
[2023-02-02T10:29:13.630+0530] {logging_mixin.py:137} INFO - 2020-05-23 00:00:00
[2023-02-02T10:29:16.754+0530] {logging_mixin.py:137} INFO - 2020-05-24 00:00:00
[2023-02-02T10:29:19.970+0530] {logging_mixin.py:137} INFO - 2020-05-25 00:00:00
[2023-02-02T10:29:24.219+0530] {logging_mixin.py:137} INFO - 2020-05-26 00:00:00
[2023-02-02T10:29:24.717+0530] {logging_mixin.py:137} INFO - 2020-05-27 00:00:00
[2023-02-02T10:29:25.223+0530] {logging_mixin.py:137} INFO - 2020-05-28 00:00:00
[2023-02-02T10:29:25.581+0530] {logging_mixin.py:137} INFO - 2020-05-29 00:00:00
[2023-02-02T10:29:25.929+0530] {logging_mixin.py:137} INFO - 2020-05-30 00:00:00
[2023-02-02T10:29:29.046+0530] {logging_mixin.py:137} INFO - 2020-05-31 00:00:00
[2023-02-02T10:29:32.178+0530] {logging_mixin.py:137} INFO - 2020-06-01 00:00:00
[2023-02-02T10:29:32.572+0530] {logging_mixin.py:137} INFO - 2020-06-02 00:00:00
[2023-02-02T10:29:32.886+0530] {logging_mixin.py:137} INFO - 2020-06-03 00:00:00
[2023-02-02T10:29:33.436+0530] {logging_mixin.py:137} INFO - 2020-06-04 00:00:00
[2023-02-02T10:29:33.793+0530] {logging_mixin.py:137} INFO - 2020-06-05 00:00:00
[2023-02-02T10:29:34.133+0530] {logging_mixin.py:137} INFO - 2020-06-06 00:00:00
[2023-02-02T10:29:37.250+0530] {logging_mixin.py:137} INFO - 2020-06-07 00:00:00
[2023-02-02T10:29:40.418+0530] {logging_mixin.py:137} INFO - 2020-06-08 00:00:00
[2023-02-02T10:29:40.841+0530] {logging_mixin.py:137} INFO - 2020-06-09 00:00:00
[2023-02-02T10:29:41.322+0530] {logging_mixin.py:137} INFO - 2020-06-10 00:00:00
[2023-02-02T10:29:41.701+0530] {logging_mixin.py:137} INFO - 2020-06-11 00:00:00
[2023-02-02T10:29:42.063+0530] {logging_mixin.py:137} INFO - 2020-06-12 00:00:00
[2023-02-02T10:29:42.631+0530] {logging_mixin.py:137} INFO - 2020-06-13 00:00:00
[2023-02-02T10:29:45.867+0530] {logging_mixin.py:137} INFO - 2020-06-14 00:00:00
[2023-02-02T10:29:49.064+0530] {logging_mixin.py:137} INFO - 2020-06-15 00:00:00
[2023-02-02T10:29:49.464+0530] {logging_mixin.py:137} INFO - 2020-06-16 00:00:00
[2023-02-02T10:29:49.782+0530] {logging_mixin.py:137} INFO - 2020-06-17 00:00:00
[2023-02-02T10:29:50.133+0530] {logging_mixin.py:137} INFO - 2020-06-18 00:00:00
[2023-02-02T10:29:50.511+0530] {logging_mixin.py:137} INFO - 2020-06-19 00:00:00
[2023-02-02T10:29:50.912+0530] {logging_mixin.py:137} INFO - 2020-06-20 00:00:00
[2023-02-02T10:29:54.026+0530] {logging_mixin.py:137} INFO - 2020-06-21 00:00:00
[2023-02-02T10:29:57.229+0530] {logging_mixin.py:137} INFO - 2020-06-22 00:00:00
[2023-02-02T10:29:57.576+0530] {logging_mixin.py:137} INFO - 2020-06-23 00:00:00
[2023-02-02T10:29:58.003+0530] {logging_mixin.py:137} INFO - 2020-06-24 00:00:00
[2023-02-02T10:29:58.396+0530] {logging_mixin.py:137} INFO - 2020-06-25 00:00:00
[2023-02-02T10:29:58.750+0530] {logging_mixin.py:137} INFO - 2020-06-26 00:00:00
[2023-02-02T10:29:59.241+0530] {logging_mixin.py:137} INFO - 2020-06-27 00:00:00
[2023-02-02T10:30:02.370+0530] {logging_mixin.py:137} INFO - 2020-06-28 00:00:00
[2023-02-02T10:30:05.486+0530] {logging_mixin.py:137} INFO - 2020-06-29 00:00:00
[2023-02-02T10:30:05.911+0530] {logging_mixin.py:137} INFO - 2020-06-30 00:00:00
[2023-02-02T10:30:06.383+0530] {logging_mixin.py:137} INFO - 2020-07-01 00:00:00
[2023-02-02T10:30:06.828+0530] {logging_mixin.py:137} INFO - 2020-07-02 00:00:00
[2023-02-02T10:30:07.202+0530] {logging_mixin.py:137} INFO - 2020-07-03 00:00:00
[2023-02-02T10:30:07.549+0530] {logging_mixin.py:137} INFO - 2020-07-04 00:00:00
[2023-02-02T10:30:10.691+0530] {logging_mixin.py:137} INFO - 2020-07-05 00:00:00
[2023-02-02T10:30:13.842+0530] {logging_mixin.py:137} INFO - 2020-07-06 00:00:00
[2023-02-02T10:30:14.342+0530] {logging_mixin.py:137} INFO - 2020-07-07 00:00:00
[2023-02-02T10:30:14.983+0530] {logging_mixin.py:137} INFO - 2020-07-08 00:00:00
[2023-02-02T10:30:15.676+0530] {logging_mixin.py:137} INFO - 2020-07-09 00:00:00
[2023-02-02T10:30:17.497+0530] {logging_mixin.py:137} INFO - 2020-07-10 00:00:00
[2023-02-02T10:30:18.895+0530] {logging_mixin.py:137} INFO - 2020-07-11 00:00:00
[2023-02-02T10:30:22.138+0530] {logging_mixin.py:137} INFO - 2020-07-12 00:00:00
[2023-02-02T10:30:25.275+0530] {logging_mixin.py:137} INFO - 2020-07-13 00:00:00
[2023-02-02T10:30:25.647+0530] {logging_mixin.py:137} INFO - 2020-07-14 00:00:00
[2023-02-02T10:30:26.140+0530] {logging_mixin.py:137} INFO - 2020-07-15 00:00:00
[2023-02-02T10:30:26.638+0530] {logging_mixin.py:137} INFO - 2020-07-16 00:00:00
[2023-02-02T10:30:26.945+0530] {logging_mixin.py:137} INFO - 2020-07-17 00:00:00
[2023-02-02T10:30:27.297+0530] {logging_mixin.py:137} INFO - 2020-07-18 00:00:00
[2023-02-02T10:30:30.445+0530] {logging_mixin.py:137} INFO - 2020-07-19 00:00:00
[2023-02-02T10:30:33.669+0530] {logging_mixin.py:137} INFO - 2020-07-20 00:00:00
[2023-02-02T10:30:34.188+0530] {logging_mixin.py:137} INFO - 2020-07-21 00:00:00
[2023-02-02T10:30:34.671+0530] {logging_mixin.py:137} INFO - 2020-07-22 00:00:00
[2023-02-02T10:30:35.248+0530] {logging_mixin.py:137} INFO - 2020-07-23 00:00:00
[2023-02-02T10:30:35.698+0530] {logging_mixin.py:137} INFO - 2020-07-24 00:00:00
[2023-02-02T10:30:36.675+0530] {logging_mixin.py:137} INFO - 2020-07-25 00:00:00
[2023-02-02T10:30:39.909+0530] {logging_mixin.py:137} INFO - 2020-07-26 00:00:00
[2023-02-02T10:30:43.609+0530] {logging_mixin.py:137} INFO - 2020-07-27 00:00:00
[2023-02-02T10:30:43.988+0530] {logging_mixin.py:137} INFO - 2020-07-28 00:00:00
[2023-02-02T10:30:44.434+0530] {logging_mixin.py:137} INFO - 2020-07-29 00:00:00
[2023-02-02T10:30:44.959+0530] {logging_mixin.py:137} INFO - 2020-07-30 00:00:00
[2023-02-02T10:30:45.409+0530] {logging_mixin.py:137} INFO - 2020-07-31 00:00:00
[2023-02-02T10:30:45.856+0530] {logging_mixin.py:137} INFO - 2020-08-01 00:00:00
[2023-02-02T10:30:48.972+0530] {logging_mixin.py:137} INFO - 2020-08-02 00:00:00
[2023-02-02T10:30:52.130+0530] {logging_mixin.py:137} INFO - 2020-08-03 00:00:00
[2023-02-02T10:30:52.714+0530] {logging_mixin.py:137} INFO - 2020-08-04 00:00:00
[2023-02-02T10:30:53.104+0530] {logging_mixin.py:137} INFO - 2020-08-05 00:00:00
[2023-02-02T10:30:53.467+0530] {logging_mixin.py:137} INFO - 2020-08-06 00:00:00
[2023-02-02T10:30:53.805+0530] {logging_mixin.py:137} INFO - 2020-08-07 00:00:00
[2023-02-02T10:30:54.192+0530] {logging_mixin.py:137} INFO - 2020-08-08 00:00:00
[2023-02-02T10:30:57.312+0530] {logging_mixin.py:137} INFO - 2020-08-09 00:00:00
[2023-02-02T10:31:00.427+0530] {logging_mixin.py:137} INFO - 2020-08-10 00:00:00
[2023-02-02T10:31:00.765+0530] {logging_mixin.py:137} INFO - 2020-08-11 00:00:00
[2023-02-02T10:31:01.348+0530] {logging_mixin.py:137} INFO - 2020-08-12 00:00:00
[2023-02-02T10:31:01.716+0530] {logging_mixin.py:137} INFO - 2020-08-13 00:00:00
[2023-02-02T10:31:02.058+0530] {logging_mixin.py:137} INFO - 2020-08-14 00:00:00
[2023-02-02T10:31:02.463+0530] {logging_mixin.py:137} INFO - 2020-08-15 00:00:00
[2023-02-02T10:31:06.099+0530] {logging_mixin.py:137} INFO - 2020-08-16 00:00:00
[2023-02-02T10:31:09.228+0530] {logging_mixin.py:137} INFO - 2020-08-17 00:00:00
[2023-02-02T10:31:09.845+0530] {logging_mixin.py:137} INFO - 2020-08-18 00:00:00
[2023-02-02T10:31:10.404+0530] {logging_mixin.py:137} INFO - 2020-08-19 00:00:00
[2023-02-02T10:31:10.807+0530] {logging_mixin.py:137} INFO - 2020-08-20 00:00:00
[2023-02-02T10:31:11.170+0530] {logging_mixin.py:137} INFO - 2020-08-21 00:00:00
[2023-02-02T10:31:11.598+0530] {logging_mixin.py:137} INFO - 2020-08-22 00:00:00
[2023-02-02T10:31:14.742+0530] {logging_mixin.py:137} INFO - 2020-08-23 00:00:00
[2023-02-02T10:31:17.960+0530] {logging_mixin.py:137} INFO - 2020-08-24 00:00:00
[2023-02-02T10:31:18.516+0530] {logging_mixin.py:137} INFO - 2020-08-25 00:00:00
[2023-02-02T10:31:18.972+0530] {logging_mixin.py:137} INFO - 2020-08-26 00:00:00
[2023-02-02T10:31:19.353+0530] {logging_mixin.py:137} INFO - 2020-08-27 00:00:00
[2023-02-02T10:31:19.724+0530] {logging_mixin.py:137} INFO - 2020-08-28 00:00:00
[2023-02-02T10:31:20.047+0530] {logging_mixin.py:137} INFO - 2020-08-29 00:00:00
[2023-02-02T10:31:23.172+0530] {logging_mixin.py:137} INFO - 2020-08-30 00:00:00
[2023-02-02T10:31:26.763+0530] {logging_mixin.py:137} INFO - 2020-08-31 00:00:00
[2023-02-02T10:31:27.096+0530] {logging_mixin.py:137} INFO - 2020-09-01 00:00:00
[2023-02-02T10:31:27.465+0530] {logging_mixin.py:137} INFO - 2020-09-02 00:00:00
[2023-02-02T10:31:27.872+0530] {logging_mixin.py:137} INFO - 2020-09-03 00:00:00
[2023-02-02T10:31:28.409+0530] {logging_mixin.py:137} INFO - 2020-09-04 00:00:00
[2023-02-02T10:31:29.007+0530] {logging_mixin.py:137} INFO - 2020-09-05 00:00:00
[2023-02-02T10:31:32.195+0530] {logging_mixin.py:137} INFO - 2020-09-06 00:00:00
[2023-02-02T10:31:35.466+0530] {logging_mixin.py:137} INFO - 2020-09-07 00:00:00
[2023-02-02T10:31:39.050+0530] {logging_mixin.py:137} INFO - 2020-09-08 00:00:00
[2023-02-02T10:31:42.069+0530] {logging_mixin.py:137} INFO - 2020-09-09 00:00:00
[2023-02-02T10:31:45.103+0530] {logging_mixin.py:137} INFO - 2020-09-10 00:00:00
[2023-02-02T10:31:48.209+0530] {logging_mixin.py:137} INFO - 2020-09-11 00:00:00
[2023-02-02T10:31:51.320+0530] {logging_mixin.py:137} INFO - 2020-09-12 00:00:00
[2023-02-02T10:31:55.233+0530] {logging_mixin.py:137} INFO - 2020-09-13 00:00:00
[2023-02-02T10:31:58.422+0530] {logging_mixin.py:137} INFO - 2020-09-14 00:00:00
[2023-02-02T10:31:58.833+0530] {logging_mixin.py:137} INFO - 2020-09-15 00:00:00
[2023-02-02T10:31:59.237+0530] {logging_mixin.py:137} INFO - 2020-09-16 00:00:00
[2023-02-02T10:31:59.648+0530] {logging_mixin.py:137} INFO - 2020-09-17 00:00:00
[2023-02-02T10:32:00.483+0530] {logging_mixin.py:137} INFO - 2020-09-18 00:00:00
[2023-02-02T10:32:00.904+0530] {logging_mixin.py:137} INFO - 2020-09-19 00:00:00
[2023-02-02T10:32:04.060+0530] {logging_mixin.py:137} INFO - 2020-09-20 00:00:00
[2023-02-02T10:32:07.190+0530] {logging_mixin.py:137} INFO - 2020-09-21 00:00:00
[2023-02-02T10:32:07.645+0530] {logging_mixin.py:137} INFO - 2020-09-22 00:00:00
[2023-02-02T10:32:08.172+0530] {logging_mixin.py:137} INFO - 2020-09-23 00:00:00
[2023-02-02T10:32:08.697+0530] {logging_mixin.py:137} INFO - 2020-09-24 00:00:00
[2023-02-02T10:32:09.138+0530] {logging_mixin.py:137} INFO - 2020-09-25 00:00:00
[2023-02-02T10:32:09.756+0530] {logging_mixin.py:137} INFO - 2020-09-26 00:00:00
[2023-02-02T10:32:13.055+0530] {logging_mixin.py:137} INFO - 2020-09-27 00:00:00
[2023-02-02T10:32:16.614+0530] {logging_mixin.py:137} INFO - 2020-09-28 00:00:00
[2023-02-02T10:32:17.115+0530] {logging_mixin.py:137} INFO - 2020-09-29 00:00:00
[2023-02-02T10:32:17.461+0530] {logging_mixin.py:137} INFO - 2020-09-30 00:00:00
[2023-02-02T10:32:18.150+0530] {logging_mixin.py:137} INFO - 2020-10-01 00:00:00
[2023-02-02T10:32:18.551+0530] {logging_mixin.py:137} INFO - 2020-10-02 00:00:00
[2023-02-02T10:32:22.085+0530] {logging_mixin.py:137} INFO - 2020-10-03 00:00:00
[2023-02-02T10:32:26.336+0530] {logging_mixin.py:137} INFO - 2020-10-04 00:00:00
[2023-02-02T10:32:30.563+0530] {logging_mixin.py:137} INFO - 2020-10-05 00:00:00
[2023-02-02T10:32:33.789+0530] {logging_mixin.py:137} INFO - 2020-10-06 00:00:00
[2023-02-02T10:32:36.851+0530] {logging_mixin.py:137} INFO - 2020-10-07 00:00:00
[2023-02-02T10:32:39.908+0530] {logging_mixin.py:137} INFO - 2020-10-08 00:00:00
[2023-02-02T10:32:42.962+0530] {logging_mixin.py:137} INFO - 2020-10-09 00:00:00
[2023-02-02T10:32:46.023+0530] {logging_mixin.py:137} INFO - 2020-10-10 00:00:00
[2023-02-02T10:32:50.262+0530] {logging_mixin.py:137} INFO - 2020-10-11 00:00:00
[2023-02-02T10:32:54.390+0530] {logging_mixin.py:137} INFO - 2020-10-12 00:00:00
[2023-02-02T10:32:57.469+0530] {logging_mixin.py:137} INFO - 2020-10-13 00:00:00
[2023-02-02T10:32:58.399+0530] {logging_mixin.py:137} INFO - 2020-10-14 00:00:00
[2023-02-02T10:32:58.629+0530] {logging_mixin.py:137} INFO - 2020-10-15 00:00:00
[2023-02-02T10:32:58.871+0530] {logging_mixin.py:137} INFO - 2020-10-16 00:00:00
[2023-02-02T10:32:59.143+0530] {logging_mixin.py:137} INFO - 2020-10-17 00:00:00
[2023-02-02T10:33:02.296+0530] {logging_mixin.py:137} INFO - 2020-10-18 00:00:00
[2023-02-02T10:33:05.434+0530] {logging_mixin.py:137} INFO - 2020-10-19 00:00:00
[2023-02-02T10:33:05.728+0530] {logging_mixin.py:137} INFO - 2020-10-20 00:00:00
[2023-02-02T10:33:06.058+0530] {logging_mixin.py:137} INFO - 2020-10-21 00:00:00
[2023-02-02T10:33:06.326+0530] {logging_mixin.py:137} INFO - 2020-10-22 00:00:00
[2023-02-02T10:33:06.640+0530] {logging_mixin.py:137} INFO - 2020-10-23 00:00:00
[2023-02-02T10:33:07.062+0530] {logging_mixin.py:137} INFO - 2020-10-24 00:00:00
[2023-02-02T10:33:10.202+0530] {logging_mixin.py:137} INFO - 2020-10-25 00:00:00
[2023-02-02T10:33:13.411+0530] {logging_mixin.py:137} INFO - 2020-10-26 00:00:00
[2023-02-02T10:33:13.724+0530] {logging_mixin.py:137} INFO - 2020-10-27 00:00:00
[2023-02-02T10:33:14.166+0530] {logging_mixin.py:137} INFO - 2020-10-28 00:00:00
[2023-02-02T10:33:14.514+0530] {logging_mixin.py:137} INFO - 2020-10-29 00:00:00
[2023-02-02T10:33:14.928+0530] {logging_mixin.py:137} INFO - 2020-10-30 00:00:00
[2023-02-02T10:33:15.508+0530] {logging_mixin.py:137} INFO - 2020-10-31 00:00:00
[2023-02-02T10:33:18.695+0530] {logging_mixin.py:137} INFO - 2020-11-01 00:00:00
[2023-02-02T10:33:21.865+0530] {logging_mixin.py:137} INFO - 2020-11-02 00:00:00
[2023-02-02T10:33:22.188+0530] {logging_mixin.py:137} INFO - 2020-11-03 00:00:00
[2023-02-02T10:33:22.505+0530] {logging_mixin.py:137} INFO - 2020-11-04 00:00:00
[2023-02-02T10:33:22.787+0530] {logging_mixin.py:137} INFO - 2020-11-05 00:00:00
[2023-02-02T10:33:23.070+0530] {logging_mixin.py:137} INFO - 2020-11-06 00:00:00
[2023-02-02T10:33:23.371+0530] {logging_mixin.py:137} INFO - 2020-11-07 00:00:00
[2023-02-02T10:33:26.884+0530] {logging_mixin.py:137} INFO - 2020-11-08 00:00:00
[2023-02-02T10:33:30.382+0530] {logging_mixin.py:137} INFO - 2020-11-09 00:00:00
[2023-02-02T10:33:30.823+0530] {logging_mixin.py:137} INFO - 2020-11-10 00:00:00
[2023-02-02T10:33:31.094+0530] {logging_mixin.py:137} INFO - 2020-11-11 00:00:00
[2023-02-02T10:33:31.350+0530] {logging_mixin.py:137} INFO - 2020-11-12 00:00:00
[2023-02-02T10:33:31.685+0530] {logging_mixin.py:137} INFO - 2020-11-13 00:00:00
[2023-02-02T10:33:31.998+0530] {logging_mixin.py:137} INFO - 2020-11-14 00:00:00
[2023-02-02T10:33:32.286+0530] {logging_mixin.py:137} INFO - 2020-11-15 00:00:00
[2023-02-02T10:33:35.777+0530] {logging_mixin.py:137} INFO - 2020-11-16 00:00:00
[2023-02-02T10:33:39.305+0530] {logging_mixin.py:137} INFO - 2020-11-17 00:00:00
[2023-02-02T10:33:39.576+0530] {logging_mixin.py:137} INFO - 2020-11-18 00:00:00
[2023-02-02T10:33:39.940+0530] {logging_mixin.py:137} INFO - 2020-11-19 00:00:00
[2023-02-02T10:33:40.214+0530] {logging_mixin.py:137} INFO - 2020-11-20 00:00:00
[2023-02-02T10:33:40.533+0530] {logging_mixin.py:137} INFO - 2020-11-21 00:00:00
[2023-02-02T10:33:44.072+0530] {logging_mixin.py:137} INFO - 2020-11-22 00:00:00
[2023-02-02T10:33:47.536+0530] {logging_mixin.py:137} INFO - 2020-11-23 00:00:00
[2023-02-02T10:33:48.006+0530] {logging_mixin.py:137} INFO - 2020-11-24 00:00:00
[2023-02-02T10:33:48.262+0530] {logging_mixin.py:137} INFO - 2020-11-25 00:00:00
[2023-02-02T10:33:48.710+0530] {logging_mixin.py:137} INFO - 2020-11-26 00:00:00
[2023-02-02T10:33:49.102+0530] {logging_mixin.py:137} INFO - 2020-11-27 00:00:00
[2023-02-02T10:33:49.408+0530] {logging_mixin.py:137} INFO - 2020-11-28 00:00:00
[2023-02-02T10:33:52.892+0530] {logging_mixin.py:137} INFO - 2020-11-29 00:00:00
[2023-02-02T10:33:56.433+0530] {logging_mixin.py:137} INFO - 2020-11-30 00:00:00
[2023-02-02T10:33:59.930+0530] {logging_mixin.py:137} INFO - 2020-12-01 00:00:00
[2023-02-02T10:34:00.336+0530] {logging_mixin.py:137} INFO - 2020-12-02 00:00:00
[2023-02-02T10:34:00.680+0530] {logging_mixin.py:137} INFO - 2020-12-03 00:00:00
[2023-02-02T10:34:01.100+0530] {logging_mixin.py:137} INFO - 2020-12-04 00:00:00
[2023-02-02T10:34:01.445+0530] {logging_mixin.py:137} INFO - 2020-12-05 00:00:00
[2023-02-02T10:34:04.604+0530] {logging_mixin.py:137} INFO - 2020-12-06 00:00:00
[2023-02-02T10:34:07.726+0530] {logging_mixin.py:137} INFO - 2020-12-07 00:00:00
[2023-02-02T10:34:09.775+0530] {logging_mixin.py:137} INFO - 2020-12-08 00:00:00
[2023-02-02T10:34:10.187+0530] {logging_mixin.py:137} INFO - 2020-12-09 00:00:00
[2023-02-02T10:34:10.471+0530] {logging_mixin.py:137} INFO - 2020-12-10 00:00:00
[2023-02-02T10:34:10.812+0530] {logging_mixin.py:137} INFO - 2020-12-11 00:00:00
[2023-02-02T10:34:11.423+0530] {logging_mixin.py:137} INFO - 2020-12-12 00:00:00
[2023-02-02T10:34:14.794+0530] {logging_mixin.py:137} INFO - 2020-12-13 00:00:00
[2023-02-02T10:34:17.898+0530] {logging_mixin.py:137} INFO - 2020-12-14 00:00:00
[2023-02-02T10:34:18.220+0530] {logging_mixin.py:137} INFO - 2020-12-15 00:00:00
[2023-02-02T10:34:18.517+0530] {logging_mixin.py:137} INFO - 2020-12-16 00:00:00
[2023-02-02T10:34:18.764+0530] {logging_mixin.py:137} INFO - 2020-12-17 00:00:00
[2023-02-02T10:34:19.253+0530] {logging_mixin.py:137} INFO - 2020-12-18 00:00:00
[2023-02-02T10:34:19.571+0530] {logging_mixin.py:137} INFO - 2020-12-19 00:00:00
[2023-02-02T10:34:22.656+0530] {logging_mixin.py:137} INFO - 2020-12-20 00:00:00
[2023-02-02T10:34:25.895+0530] {logging_mixin.py:137} INFO - 2020-12-21 00:00:00
[2023-02-02T10:34:26.184+0530] {logging_mixin.py:137} INFO - 2020-12-22 00:00:00
[2023-02-02T10:34:26.483+0530] {logging_mixin.py:137} INFO - 2020-12-23 00:00:00
[2023-02-02T10:34:26.747+0530] {logging_mixin.py:137} INFO - 2020-12-24 00:00:00
[2023-02-02T10:34:27.050+0530] {logging_mixin.py:137} INFO - 2020-12-25 00:00:00
[2023-02-02T10:34:30.151+0530] {logging_mixin.py:137} INFO - 2020-12-26 00:00:00
[2023-02-02T10:34:33.254+0530] {logging_mixin.py:137} INFO - 2020-12-27 00:00:00
[2023-02-02T10:34:36.339+0530] {logging_mixin.py:137} INFO - 2020-12-28 00:00:00
[2023-02-02T10:34:36.803+0530] {logging_mixin.py:137} INFO - 2020-12-29 00:00:00
[2023-02-02T10:34:37.129+0530] {logging_mixin.py:137} INFO - 2020-12-30 00:00:00
[2023-02-02T10:34:37.467+0530] {logging_mixin.py:137} INFO - 2020-12-31 00:00:00
[2023-02-02T10:34:37.789+0530] {logging_mixin.py:137} INFO - 2021-01-01 00:00:00
[2023-02-02T10:34:38.041+0530] {logging_mixin.py:137} INFO - 2021-01-02 00:00:00
[2023-02-02T10:34:41.118+0530] {logging_mixin.py:137} INFO - 2021-01-03 00:00:00
[2023-02-02T10:34:44.251+0530] {logging_mixin.py:137} INFO - 2021-01-04 00:00:00
[2023-02-02T10:34:44.529+0530] {logging_mixin.py:137} INFO - 2021-01-05 00:00:00
[2023-02-02T10:34:44.827+0530] {logging_mixin.py:137} INFO - 2021-01-06 00:00:00
[2023-02-02T10:34:46.171+0530] {logging_mixin.py:137} INFO - 2021-01-07 00:00:00
[2023-02-02T10:34:46.533+0530] {logging_mixin.py:137} INFO - 2021-01-08 00:00:00
[2023-02-02T10:34:46.812+0530] {logging_mixin.py:137} INFO - 2021-01-09 00:00:00
[2023-02-02T10:34:50.041+0530] {logging_mixin.py:137} INFO - 2021-01-10 00:00:00
[2023-02-02T10:34:53.128+0530] {logging_mixin.py:137} INFO - 2021-01-11 00:00:00
[2023-02-02T10:34:53.434+0530] {logging_mixin.py:137} INFO - 2021-01-12 00:00:00
[2023-02-02T10:34:53.752+0530] {logging_mixin.py:137} INFO - 2021-01-13 00:00:00
[2023-02-02T10:34:54.017+0530] {logging_mixin.py:137} INFO - 2021-01-14 00:00:00
[2023-02-02T10:34:55.337+0530] {logging_mixin.py:137} INFO - 2021-01-15 00:00:00
[2023-02-02T10:34:55.579+0530] {logging_mixin.py:137} INFO - 2021-01-16 00:00:00
[2023-02-02T10:34:58.674+0530] {logging_mixin.py:137} INFO - 2021-01-17 00:00:00
[2023-02-02T10:35:01.834+0530] {logging_mixin.py:137} INFO - 2021-01-18 00:00:00
[2023-02-02T10:35:02.311+0530] {logging_mixin.py:137} INFO - 2021-01-19 00:00:00
[2023-02-02T10:35:02.651+0530] {logging_mixin.py:137} INFO - 2021-01-20 00:00:00
[2023-02-02T10:35:02.982+0530] {logging_mixin.py:137} INFO - 2021-01-21 00:00:00
[2023-02-02T10:35:03.446+0530] {logging_mixin.py:137} INFO - 2021-01-22 00:00:00
[2023-02-02T10:35:03.739+0530] {logging_mixin.py:137} INFO - 2021-01-23 00:00:00
[2023-02-02T10:35:06.845+0530] {logging_mixin.py:137} INFO - 2021-01-24 00:00:00
[2023-02-02T10:35:09.975+0530] {logging_mixin.py:137} INFO - 2021-01-25 00:00:00
[2023-02-02T10:35:10.412+0530] {logging_mixin.py:137} INFO - 2021-01-26 00:00:00
[2023-02-02T10:35:13.635+0530] {logging_mixin.py:137} INFO - 2021-01-27 00:00:00
[2023-02-02T10:35:13.950+0530] {logging_mixin.py:137} INFO - 2021-01-28 00:00:00
[2023-02-02T10:35:14.297+0530] {logging_mixin.py:137} INFO - 2021-01-29 00:00:00
[2023-02-02T10:35:14.551+0530] {logging_mixin.py:137} INFO - 2021-01-30 00:00:00
[2023-02-02T10:35:17.641+0530] {logging_mixin.py:137} INFO - 2021-01-31 00:00:00
[2023-02-02T10:35:20.868+0530] {logging_mixin.py:137} INFO - 2021-02-01 00:00:00
[2023-02-02T10:35:21.246+0530] {logging_mixin.py:137} INFO - 2021-02-02 00:00:00
[2023-02-02T10:35:21.532+0530] {logging_mixin.py:137} INFO - 2021-02-03 00:00:00
[2023-02-02T10:35:21.907+0530] {logging_mixin.py:137} INFO - 2021-02-04 00:00:00
[2023-02-02T10:35:22.400+0530] {logging_mixin.py:137} INFO - 2021-02-05 00:00:00
[2023-02-02T10:35:22.689+0530] {logging_mixin.py:137} INFO - 2021-02-06 00:00:00
[2023-02-02T10:35:25.796+0530] {logging_mixin.py:137} INFO - 2021-02-07 00:00:00
[2023-02-02T10:35:28.916+0530] {logging_mixin.py:137} INFO - 2021-02-08 00:00:00
[2023-02-02T10:35:29.297+0530] {logging_mixin.py:137} INFO - 2021-02-09 00:00:00
[2023-02-02T10:35:29.581+0530] {logging_mixin.py:137} INFO - 2021-02-10 00:00:00
[2023-02-02T10:35:30.007+0530] {logging_mixin.py:137} INFO - 2021-02-11 00:00:00
[2023-02-02T10:35:30.377+0530] {logging_mixin.py:137} INFO - 2021-02-12 00:00:00
[2023-02-02T10:35:30.684+0530] {logging_mixin.py:137} INFO - 2021-02-13 00:00:00
[2023-02-02T10:35:33.816+0530] {logging_mixin.py:137} INFO - 2021-02-14 00:00:00
[2023-02-02T10:35:37.079+0530] {logging_mixin.py:137} INFO - 2021-02-15 00:00:00
[2023-02-02T10:35:37.378+0530] {logging_mixin.py:137} INFO - 2021-02-16 00:00:00
[2023-02-02T10:35:37.822+0530] {logging_mixin.py:137} INFO - 2021-02-17 00:00:00
[2023-02-02T10:35:38.115+0530] {logging_mixin.py:137} INFO - 2021-02-18 00:00:00
[2023-02-02T10:35:38.406+0530] {logging_mixin.py:137} INFO - 2021-02-19 00:00:00
[2023-02-02T10:35:38.652+0530] {logging_mixin.py:137} INFO - 2021-02-20 00:00:00
[2023-02-02T10:35:41.776+0530] {logging_mixin.py:137} INFO - 2021-02-21 00:00:00
[2023-02-02T10:35:44.986+0530] {logging_mixin.py:137} INFO - 2021-02-22 00:00:00
[2023-02-02T10:35:45.371+0530] {logging_mixin.py:137} INFO - 2021-02-23 00:00:00
[2023-02-02T10:35:45.673+0530] {logging_mixin.py:137} INFO - 2021-02-24 00:00:00
[2023-02-02T10:35:47.049+0530] {logging_mixin.py:137} INFO - 2021-02-25 00:00:00
[2023-02-02T10:35:47.355+0530] {logging_mixin.py:137} INFO - 2021-02-26 00:00:00
[2023-02-02T10:35:47.629+0530] {logging_mixin.py:137} INFO - 2021-02-27 00:00:00
[2023-02-02T10:35:50.750+0530] {logging_mixin.py:137} INFO - 2021-02-28 00:00:00
[2023-02-02T10:35:53.861+0530] {logging_mixin.py:137} INFO - 2021-03-01 00:00:00
[2023-02-02T10:35:54.122+0530] {logging_mixin.py:137} INFO - 2021-03-02 00:00:00
[2023-02-02T10:35:54.393+0530] {logging_mixin.py:137} INFO - 2021-03-03 00:00:00
[2023-02-02T10:35:54.643+0530] {logging_mixin.py:137} INFO - 2021-03-04 00:00:00
[2023-02-02T10:35:54.932+0530] {logging_mixin.py:137} INFO - 2021-03-05 00:00:00
[2023-02-02T10:35:55.214+0530] {logging_mixin.py:137} INFO - 2021-03-06 00:00:00
[2023-02-02T10:35:58.426+0530] {logging_mixin.py:137} INFO - 2021-03-07 00:00:00
[2023-02-02T10:36:01.555+0530] {logging_mixin.py:137} INFO - 2021-03-08 00:00:00
[2023-02-02T10:36:01.806+0530] {logging_mixin.py:137} INFO - 2021-03-09 00:00:00
[2023-02-02T10:36:02.302+0530] {logging_mixin.py:137} INFO - 2021-03-10 00:00:00
[2023-02-02T10:36:02.595+0530] {logging_mixin.py:137} INFO - 2021-03-11 00:00:00
[2023-02-02T10:36:05.690+0530] {logging_mixin.py:137} INFO - 2021-03-12 00:00:00
[2023-02-02T10:36:06.085+0530] {logging_mixin.py:137} INFO - 2021-03-13 00:00:00
[2023-02-02T10:36:09.167+0530] {logging_mixin.py:137} INFO - 2021-03-14 00:00:00
[2023-02-02T10:36:12.351+0530] {logging_mixin.py:137} INFO - 2021-03-15 00:00:00
[2023-02-02T10:36:12.625+0530] {logging_mixin.py:137} INFO - 2021-03-16 00:00:00
[2023-02-02T10:36:12.906+0530] {logging_mixin.py:137} INFO - 2021-03-17 00:00:00
[2023-02-02T10:36:13.178+0530] {logging_mixin.py:137} INFO - 2021-03-18 00:00:00
[2023-02-02T10:36:13.508+0530] {logging_mixin.py:137} INFO - 2021-03-19 00:00:00
[2023-02-02T10:36:13.828+0530] {logging_mixin.py:137} INFO - 2021-03-20 00:00:00
[2023-02-02T10:36:16.912+0530] {logging_mixin.py:137} INFO - 2021-03-21 00:00:00
[2023-02-02T10:36:20.155+0530] {logging_mixin.py:137} INFO - 2021-03-22 00:00:00
[2023-02-02T10:36:20.436+0530] {logging_mixin.py:137} INFO - 2021-03-23 00:00:00
[2023-02-02T10:36:20.676+0530] {logging_mixin.py:137} INFO - 2021-03-24 00:00:00
[2023-02-02T10:36:20.939+0530] {logging_mixin.py:137} INFO - 2021-03-25 00:00:00
[2023-02-02T10:36:21.203+0530] {logging_mixin.py:137} INFO - 2021-03-26 00:00:00
[2023-02-02T10:36:21.458+0530] {logging_mixin.py:137} INFO - 2021-03-27 00:00:00
[2023-02-02T10:36:24.575+0530] {logging_mixin.py:137} INFO - 2021-03-28 00:00:00
[2023-02-02T10:36:27.651+0530] {logging_mixin.py:137} INFO - 2021-03-29 00:00:00
[2023-02-02T10:36:30.675+0530] {logging_mixin.py:137} INFO - 2021-03-30 00:00:00
[2023-02-02T10:36:33.750+0530] {logging_mixin.py:137} INFO - 2021-03-31 00:00:00
[2023-02-02T10:36:36.770+0530] {logging_mixin.py:137} INFO - 2021-04-01 00:00:00
[2023-02-02T10:36:39.788+0530] {logging_mixin.py:137} INFO - 2021-04-02 00:00:00
[2023-02-02T10:36:42.816+0530] {logging_mixin.py:137} INFO - 2021-04-03 00:00:00
[2023-02-02T10:36:45.840+0530] {logging_mixin.py:137} INFO - 2021-04-04 00:00:00
[2023-02-02T10:36:49.400+0530] {logging_mixin.py:137} INFO - 2021-04-05 00:00:00
[2023-02-02T10:36:49.683+0530] {logging_mixin.py:137} INFO - 2021-04-06 00:00:00
[2023-02-02T10:36:49.937+0530] {logging_mixin.py:137} INFO - 2021-04-07 00:00:00
[2023-02-02T10:36:50.180+0530] {logging_mixin.py:137} INFO - 2021-04-08 00:00:00
[2023-02-02T10:36:50.422+0530] {logging_mixin.py:137} INFO - 2021-04-09 00:00:00
[2023-02-02T10:36:50.648+0530] {logging_mixin.py:137} INFO - 2021-04-10 00:00:00
[2023-02-02T10:36:53.745+0530] {logging_mixin.py:137} INFO - 2021-04-11 00:00:00
[2023-02-02T10:36:56.863+0530] {logging_mixin.py:137} INFO - 2021-04-12 00:00:00
[2023-02-02T10:36:57.346+0530] {logging_mixin.py:137} INFO - 2021-04-13 00:00:00
[2023-02-02T10:36:57.600+0530] {logging_mixin.py:137} INFO - 2021-04-14 00:00:00
[2023-02-02T10:37:00.706+0530] {logging_mixin.py:137} INFO - 2021-04-15 00:00:00
[2023-02-02T19:50:21.031+0530] {process_utils.py:129} INFO - Sending Signals.SIGTERM to group 8060. PIDs of all processes in the group: [8060]
[2023-02-02T19:50:21.079+0530] {process_utils.py:84} INFO - Sending the signal Signals.SIGTERM to group 8060
[2023-02-02T19:50:21.146+0530] {taskinstance.py:1483} ERROR - Received SIGTERM. Terminating subprocesses.
[2023-02-02T19:50:21.353+0530] {taskinstance.py:1772} ERROR - Task failed with exception
Traceback (most recent call last):
  File "/usr/local/lib/python3.8/dist-packages/airflow/operators/python.py", line 175, in execute
    return_value = self.execute_callable()
  File "/usr/local/lib/python3.8/dist-packages/airflow/operators/python.py", line 192, in execute_callable
    return self.python_callable(*self.op_args, **self.op_kwargs)
  File "/root/airflow/dags/NSE_Open_Interest.py", line 83, in extract
    dd,values = get_data(date)
TypeError: cannot unpack non-iterable NoneType object
[2023-02-02T19:50:21.762+0530] {taskinstance.py:1322} INFO - Marking task as UP_FOR_RETRY. dag_id=NSE_Open_Interest, task_id=extract, execution_date=20230131T000000, start_date=20230202T045648, end_date=20230202T142021
[2023-02-02T19:50:21.983+0530] {standard_task_runner.py:100} ERROR - Failed to execute job 3672 for task extract (cannot unpack non-iterable NoneType object; 8060)
[2023-02-02T19:50:22.060+0530] {process_utils.py:79} INFO - Process psutil.Process(pid=8060, status='terminated', exitcode=1, started='10:26:48') (8060) terminated with exit code 1
