[2023-02-02T05:32:07.844+0530] {taskinstance.py:1087} INFO - Dependencies all met for <TaskInstance: NSE_Open_Interest.extract scheduled__2023-01-31T00:00:00+00:00 [queued]>
[2023-02-02T05:32:07.852+0530] {taskinstance.py:1087} INFO - Dependencies all met for <TaskInstance: NSE_Open_Interest.extract scheduled__2023-01-31T00:00:00+00:00 [queued]>
[2023-02-02T05:32:07.853+0530] {taskinstance.py:1283} INFO - 
--------------------------------------------------------------------------------
[2023-02-02T05:32:07.853+0530] {taskinstance.py:1284} INFO - Starting attempt 1 of 4
[2023-02-02T05:32:07.853+0530] {taskinstance.py:1285} INFO - 
--------------------------------------------------------------------------------
[2023-02-02T05:32:07.869+0530] {taskinstance.py:1304} INFO - Executing <Task(PythonOperator): extract> on 2023-01-31 00:00:00+00:00
[2023-02-02T05:32:07.874+0530] {standard_task_runner.py:55} INFO - Started process 6249 to run task
[2023-02-02T05:32:07.877+0530] {standard_task_runner.py:82} INFO - Running: ['airflow', 'tasks', 'run', 'NSE_Open_Interest', 'extract', 'scheduled__2023-01-31T00:00:00+00:00', '--job-id', '3593', '--raw', '--subdir', 'DAGS_FOLDER/NSE_Open_Interest.py', '--cfg-path', '/tmp/tmpj_qquq8z']
[2023-02-02T05:32:07.878+0530] {standard_task_runner.py:83} INFO - Job 3593: Subtask extract
[2023-02-02T05:32:07.924+0530] {task_command.py:389} INFO - Running <TaskInstance: NSE_Open_Interest.extract scheduled__2023-01-31T00:00:00+00:00 [running]> on host DESKTOP-SQIOQPD.
[2023-02-02T05:32:07.999+0530] {taskinstance.py:1511} INFO - Exporting the following env vars:
AIRFLOW_CTX_DAG_EMAIL=nikheleshbhattacharyya@gmail.com
AIRFLOW_CTX_DAG_OWNER=airflow
AIRFLOW_CTX_DAG_ID=NSE_Open_Interest
AIRFLOW_CTX_TASK_ID=extract
AIRFLOW_CTX_EXECUTION_DATE=2023-01-31T00:00:00+00:00
AIRFLOW_CTX_TRY_NUMBER=1
AIRFLOW_CTX_DAG_RUN_ID=scheduled__2023-01-31T00:00:00+00:00
[2023-02-02T05:32:08.000+0530] {logging_mixin.py:137} INFO - 2020-02-14 00:00:00
[2023-02-02T05:32:08.036+0530] {logging_mixin.py:137} INFO - 2020-02-15 00:00:00
[2023-02-02T05:32:11.125+0530] {logging_mixin.py:137} INFO - 2020-02-16 00:00:00
[2023-02-02T05:32:14.226+0530] {logging_mixin.py:137} INFO - 2020-02-17 00:00:00
[2023-02-02T05:32:14.260+0530] {logging_mixin.py:137} INFO - 2020-02-18 00:00:00
[2023-02-02T05:32:14.290+0530] {logging_mixin.py:137} INFO - 2020-02-19 00:00:00
[2023-02-02T05:32:14.364+0530] {logging_mixin.py:137} INFO - 2020-02-20 00:00:00
[2023-02-02T05:32:14.803+0530] {logging_mixin.py:137} INFO - 2020-02-21 00:00:00
[2023-02-02T05:32:14.837+0530] {logging_mixin.py:137} INFO - 2020-02-22 00:00:00
[2023-02-02T05:32:17.916+0530] {logging_mixin.py:137} INFO - 2020-02-23 00:00:00
[2023-02-02T05:32:17.953+0530] {logging_mixin.py:137} INFO - 2020-02-24 00:00:00
[2023-02-02T05:32:18.221+0530] {logging_mixin.py:137} INFO - 2020-02-25 00:00:00
[2023-02-02T05:32:18.261+0530] {logging_mixin.py:137} INFO - 2020-02-26 00:00:00
[2023-02-02T05:32:18.298+0530] {logging_mixin.py:137} INFO - 2020-02-27 00:00:00
[2023-02-02T05:32:18.329+0530] {logging_mixin.py:137} INFO - 2020-02-28 00:00:00
[2023-02-02T05:32:18.359+0530] {logging_mixin.py:137} INFO - 2020-02-29 00:00:00
[2023-02-02T05:32:18.394+0530] {logging_mixin.py:137} INFO - 2020-03-01 00:00:00
[2023-02-02T05:32:18.426+0530] {logging_mixin.py:137} INFO - 2020-03-02 00:00:00
[2023-02-02T05:32:18.460+0530] {logging_mixin.py:137} INFO - 2020-03-03 00:00:00
[2023-02-02T05:32:18.501+0530] {logging_mixin.py:137} INFO - 2020-03-04 00:00:00
[2023-02-02T05:32:19.190+0530] {taskinstance.py:1772} ERROR - Task failed with exception
Traceback (most recent call last):
  File "/usr/local/lib/python3.8/dist-packages/airflow/operators/python.py", line 175, in execute
    return_value = self.execute_callable()
  File "/usr/local/lib/python3.8/dist-packages/airflow/operators/python.py", line 192, in execute_callable
    return self.python_callable(*self.op_args, **self.op_kwargs)
  File "/root/airflow/dags/NSE_Open_Interest.py", line 83, in extract
    dd,values = get_data(date)
TypeError: cannot unpack non-iterable int object
[2023-02-02T05:32:19.196+0530] {taskinstance.py:1322} INFO - Marking task as UP_FOR_RETRY. dag_id=NSE_Open_Interest, task_id=extract, execution_date=20230131T000000, start_date=20230202T000207, end_date=20230202T000219
[2023-02-02T05:32:19.219+0530] {standard_task_runner.py:100} ERROR - Failed to execute job 3593 for task extract (cannot unpack non-iterable int object; 6249)
[2023-02-02T05:32:19.229+0530] {local_task_job.py:159} INFO - Task exited with return code 1
[2023-02-02T05:32:19.247+0530] {taskinstance.py:2582} INFO - 0 downstream tasks scheduled from follow-on schedule check
