[2023-02-02T02:43:49.611+0530] {taskinstance.py:1087} INFO - Dependencies all met for <TaskInstance: NSE_Open_Interest.extract scheduled__2023-01-23T00:00:00+00:00 [queued]>
[2023-02-02T02:43:49.620+0530] {taskinstance.py:1087} INFO - Dependencies all met for <TaskInstance: NSE_Open_Interest.extract scheduled__2023-01-23T00:00:00+00:00 [queued]>
[2023-02-02T02:43:49.620+0530] {taskinstance.py:1283} INFO - 
--------------------------------------------------------------------------------
[2023-02-02T02:43:49.620+0530] {taskinstance.py:1284} INFO - Starting attempt 2 of 4
[2023-02-02T02:43:49.620+0530] {taskinstance.py:1285} INFO - 
--------------------------------------------------------------------------------
[2023-02-02T02:43:49.639+0530] {taskinstance.py:1304} INFO - Executing <Task(PythonOperator): extract> on 2023-01-23 00:00:00+00:00
[2023-02-02T02:43:49.646+0530] {standard_task_runner.py:55} INFO - Started process 4626 to run task
[2023-02-02T02:43:49.649+0530] {standard_task_runner.py:82} INFO - Running: ['airflow', 'tasks', 'run', 'NSE_Open_Interest', 'extract', 'scheduled__2023-01-23T00:00:00+00:00', '--job-id', '3467', '--raw', '--subdir', 'DAGS_FOLDER/NSE_Open_Interest.py', '--cfg-path', '/tmp/tmp7numdhjm']
[2023-02-02T02:43:49.651+0530] {standard_task_runner.py:83} INFO - Job 3467: Subtask extract
[2023-02-02T02:43:49.705+0530] {task_command.py:389} INFO - Running <TaskInstance: NSE_Open_Interest.extract scheduled__2023-01-23T00:00:00+00:00 [running]> on host DESKTOP-SQIOQPD.
[2023-02-02T02:43:49.778+0530] {taskinstance.py:1511} INFO - Exporting the following env vars:
AIRFLOW_CTX_DAG_EMAIL=nikheleshbhattacharyya@gmail.com
AIRFLOW_CTX_DAG_OWNER=airflow
AIRFLOW_CTX_DAG_ID=NSE_Open_Interest
AIRFLOW_CTX_TASK_ID=extract
AIRFLOW_CTX_EXECUTION_DATE=2023-01-23T00:00:00+00:00
AIRFLOW_CTX_TRY_NUMBER=2
AIRFLOW_CTX_DAG_RUN_ID=scheduled__2023-01-23T00:00:00+00:00
[2023-02-02T02:43:49.780+0530] {logging_mixin.py:137} INFO - 2020-02-14 00:00:00
[2023-02-02T02:43:49.815+0530] {logging_mixin.py:137} INFO - 2020-02-15 00:00:00
[2023-02-02T02:43:49.848+0530] {logging_mixin.py:137} INFO - 2020-02-16 00:00:00
[2023-02-02T02:43:49.880+0530] {logging_mixin.py:137} INFO - 2020-02-17 00:00:00
[2023-02-02T02:43:49.914+0530] {logging_mixin.py:137} INFO - 2020-02-18 00:00:00
[2023-02-02T02:43:49.945+0530] {logging_mixin.py:137} INFO - 2020-02-19 00:00:00
[2023-02-02T02:43:50.051+0530] {logging_mixin.py:137} INFO - 2020-02-20 00:00:00
[2023-02-02T02:43:50.128+0530] {logging_mixin.py:137} INFO - 2020-02-21 00:00:00
[2023-02-02T02:43:50.162+0530] {logging_mixin.py:137} INFO - 2020-02-22 00:00:00
[2023-02-02T02:43:50.196+0530] {logging_mixin.py:137} INFO - 2020-02-23 00:00:00
[2023-02-02T02:43:53.276+0530] {logging_mixin.py:137} INFO - 2020-02-24 00:00:00
[2023-02-02T02:43:53.307+0530] {logging_mixin.py:137} INFO - 2020-02-25 00:00:00
[2023-02-02T02:43:53.503+0530] {taskinstance.py:1772} ERROR - Task failed with exception
Traceback (most recent call last):
  File "/usr/local/lib/python3.8/dist-packages/airflow/operators/python.py", line 175, in execute
    return_value = self.execute_callable()
  File "/usr/local/lib/python3.8/dist-packages/airflow/operators/python.py", line 192, in execute_callable
    return self.python_callable(*self.op_args, **self.op_kwargs)
  File "/root/airflow/dags/NSE_Open_Interest.py", line 83, in extract
    dd,values = get_data(date)
TypeError: cannot unpack non-iterable int object
[2023-02-02T02:43:53.509+0530] {taskinstance.py:1322} INFO - Marking task as UP_FOR_RETRY. dag_id=NSE_Open_Interest, task_id=extract, execution_date=20230123T000000, start_date=20230201T211349, end_date=20230201T211353
[2023-02-02T02:43:53.533+0530] {standard_task_runner.py:100} ERROR - Failed to execute job 3467 for task extract (cannot unpack non-iterable int object; 4626)
[2023-02-02T02:43:53.580+0530] {local_task_job.py:159} INFO - Task exited with return code 1
[2023-02-02T02:43:53.600+0530] {taskinstance.py:2582} INFO - 0 downstream tasks scheduled from follow-on schedule check
