[2023-03-17T01:29:00.823+0530] {taskinstance.py:1087} INFO - Dependencies all met for <TaskInstance: Monthly.extract scheduled__2023-02-25T00:00:00+00:00 [queued]>
[2023-03-17T01:29:00.833+0530] {taskinstance.py:1087} INFO - Dependencies all met for <TaskInstance: Monthly.extract scheduled__2023-02-25T00:00:00+00:00 [queued]>
[2023-03-17T01:29:00.833+0530] {taskinstance.py:1283} INFO - 
--------------------------------------------------------------------------------
[2023-03-17T01:29:00.833+0530] {taskinstance.py:1284} INFO - Starting attempt 1 of 4
[2023-03-17T01:29:00.833+0530] {taskinstance.py:1285} INFO - 
--------------------------------------------------------------------------------
[2023-03-17T01:29:00.849+0530] {taskinstance.py:1304} INFO - Executing <Task(PythonOperator): extract> on 2023-02-25 00:00:00+00:00
[2023-03-17T01:29:00.856+0530] {standard_task_runner.py:55} INFO - Started process 1153 to run task
[2023-03-17T01:29:00.859+0530] {standard_task_runner.py:82} INFO - Running: ['airflow', 'tasks', 'run', 'Monthly', 'extract', 'scheduled__2023-02-25T00:00:00+00:00', '--job-id', '4776', '--raw', '--subdir', 'DAGS_FOLDER/Monthly.py', '--cfg-path', '/tmp/tmpro_u13j8']
[2023-03-17T01:29:00.860+0530] {standard_task_runner.py:83} INFO - Job 4776: Subtask extract
[2023-03-17T01:29:00.907+0530] {task_command.py:389} INFO - Running <TaskInstance: Monthly.extract scheduled__2023-02-25T00:00:00+00:00 [running]> on host DESKTOP-SQIOQPD.
[2023-03-17T01:29:00.988+0530] {taskinstance.py:1511} INFO - Exporting the following env vars:
AIRFLOW_CTX_DAG_EMAIL=nikheleshbhattacharyya@gmail.com
AIRFLOW_CTX_DAG_OWNER=airflow
AIRFLOW_CTX_DAG_ID=Monthly
AIRFLOW_CTX_TASK_ID=extract
AIRFLOW_CTX_EXECUTION_DATE=2023-02-25T00:00:00+00:00
AIRFLOW_CTX_TRY_NUMBER=1
AIRFLOW_CTX_DAG_RUN_ID=scheduled__2023-02-25T00:00:00+00:00
[2023-03-17T01:29:02.593+0530] {logging_mixin.py:137} INFO - document.getElementById('20201').click()
[2023-03-17T01:29:02.605+0530] {logging_mixin.py:137} INFO - document.getElementById('20202').click()
[2023-03-17T01:29:02.615+0530] {logging_mixin.py:137} INFO - document.getElementById('20203').click()
[2023-03-17T01:29:02.623+0530] {logging_mixin.py:137} INFO - document.getElementById('20204').click()
[2023-03-17T01:29:02.632+0530] {logging_mixin.py:137} INFO - document.getElementById('20205').click()
[2023-03-17T01:29:02.641+0530] {logging_mixin.py:137} INFO - document.getElementById('20206').click()
[2023-03-17T01:29:02.650+0530] {logging_mixin.py:137} INFO - document.getElementById('20207').click()
[2023-03-17T01:29:02.658+0530] {logging_mixin.py:137} INFO - document.getElementById('20208').click()
[2023-03-17T01:29:02.668+0530] {logging_mixin.py:137} INFO - document.getElementById('20209').click()
[2023-03-17T01:29:02.676+0530] {logging_mixin.py:137} INFO - document.getElementById('202010').click()
[2023-03-17T01:29:02.685+0530] {logging_mixin.py:137} INFO - document.getElementById('202011').click()
[2023-03-17T01:29:02.693+0530] {logging_mixin.py:137} INFO - document.getElementById('202012').click()
[2023-03-17T01:29:02.702+0530] {logging_mixin.py:137} INFO - document.getElementById('20211').click()
[2023-03-17T01:29:02.710+0530] {logging_mixin.py:137} INFO - document.getElementById('20212').click()
[2023-03-17T01:29:02.719+0530] {logging_mixin.py:137} INFO - document.getElementById('20213').click()
[2023-03-17T01:29:02.728+0530] {logging_mixin.py:137} INFO - document.getElementById('20214').click()
[2023-03-17T01:29:02.736+0530] {logging_mixin.py:137} INFO - document.getElementById('20215').click()
[2023-03-17T01:29:02.745+0530] {logging_mixin.py:137} INFO - document.getElementById('20216').click()
[2023-03-17T01:29:02.754+0530] {logging_mixin.py:137} INFO - document.getElementById('20217').click()
[2023-03-17T01:29:02.764+0530] {logging_mixin.py:137} INFO - document.getElementById('20218').click()
[2023-03-17T01:29:02.796+0530] {logging_mixin.py:137} INFO - document.getElementById('20219').click()
[2023-03-17T01:29:02.808+0530] {logging_mixin.py:137} INFO - document.getElementById('202110').click()
[2023-03-17T01:29:02.821+0530] {logging_mixin.py:137} INFO - document.getElementById('202111').click()
[2023-03-17T01:29:02.839+0530] {logging_mixin.py:137} INFO - document.getElementById('202112').click()
[2023-03-17T01:29:02.856+0530] {logging_mixin.py:137} INFO - document.getElementById('20221').click()
[2023-03-17T01:29:02.880+0530] {logging_mixin.py:137} INFO - document.getElementById('20222').click()
[2023-03-17T01:29:02.894+0530] {logging_mixin.py:137} INFO - document.getElementById('20223').click()
[2023-03-17T01:29:02.903+0530] {logging_mixin.py:137} INFO - document.getElementById('20224').click()
[2023-03-17T01:29:02.911+0530] {logging_mixin.py:137} INFO - document.getElementById('20225').click()
[2023-03-17T01:29:02.920+0530] {logging_mixin.py:137} INFO - document.getElementById('20226').click()
[2023-03-17T01:29:02.929+0530] {logging_mixin.py:137} INFO - document.getElementById('20227').click()
[2023-03-17T01:29:02.938+0530] {logging_mixin.py:137} INFO - document.getElementById('20228').click()
[2023-03-17T01:29:02.947+0530] {logging_mixin.py:137} INFO - document.getElementById('20229').click()
[2023-03-17T01:29:02.956+0530] {logging_mixin.py:137} INFO - document.getElementById('202210').click()
[2023-03-17T01:29:02.965+0530] {logging_mixin.py:137} INFO - document.getElementById('202211').click()
[2023-03-17T01:29:02.974+0530] {logging_mixin.py:137} INFO - document.getElementById('202212').click()
[2023-03-17T01:29:02.983+0530] {logging_mixin.py:137} INFO - document.getElementById('20231').click()
[2023-03-17T01:29:02.992+0530] {logging_mixin.py:137} INFO - document.getElementById('20232').click()
[2023-03-17T01:29:03.001+0530] {logging_mixin.py:137} INFO - document.getElementById('20233').click()
[2023-03-17T01:29:03.009+0530] {logging_mixin.py:137} INFO - document.getElementById('20234').click()
[2023-03-17T01:29:03.025+0530] {logging_mixin.py:137} INFO - document.getElementById('20235').click()
[2023-03-17T01:29:03.035+0530] {logging_mixin.py:137} INFO - document.getElementById('20236').click()
[2023-03-17T01:29:03.044+0530] {logging_mixin.py:137} INFO - document.getElementById('20237').click()
[2023-03-17T01:29:03.053+0530] {logging_mixin.py:137} INFO - document.getElementById('20238').click()
[2023-03-17T01:29:03.061+0530] {logging_mixin.py:137} INFO - document.getElementById('20239').click()
[2023-03-17T01:29:03.070+0530] {logging_mixin.py:137} INFO - document.getElementById('202310').click()
[2023-03-17T01:29:03.079+0530] {logging_mixin.py:137} INFO - document.getElementById('202311').click()
[2023-03-17T01:29:03.088+0530] {logging_mixin.py:137} INFO - document.getElementById('202312').click()
[2023-03-17T01:29:03.152+0530] {python.py:177} INFO - Done. Returned value was: ([], [], [], [], [], [], [])
[2023-03-17T01:29:03.178+0530] {taskinstance.py:1322} INFO - Marking task as SUCCESS. dag_id=Monthly, task_id=extract, execution_date=20230225T000000, start_date=20230316T195900, end_date=20230316T195903
[2023-03-17T01:29:03.241+0530] {local_task_job.py:159} INFO - Task exited with return code 0
[2023-03-17T01:29:03.266+0530] {taskinstance.py:2582} INFO - 1 downstream tasks scheduled from follow-on schedule check
