[2023-01-07T11:16:44.006+0530] {taskinstance.py:1087} INFO - Dependencies all met for <TaskInstance: Monthly.extract2 scheduled__2023-01-06T00:00:00+00:00 [queued]>
[2023-01-07T11:16:44.035+0530] {taskinstance.py:1087} INFO - Dependencies all met for <TaskInstance: Monthly.extract2 scheduled__2023-01-06T00:00:00+00:00 [queued]>
[2023-01-07T11:16:44.036+0530] {taskinstance.py:1283} INFO - 
--------------------------------------------------------------------------------
[2023-01-07T11:16:44.036+0530] {taskinstance.py:1284} INFO - Starting attempt 4 of 4
[2023-01-07T11:16:44.036+0530] {taskinstance.py:1285} INFO - 
--------------------------------------------------------------------------------
[2023-01-07T11:16:44.069+0530] {taskinstance.py:1304} INFO - Executing <Task(PythonOperator): extract2> on 2023-01-06 00:00:00+00:00
[2023-01-07T11:16:44.081+0530] {standard_task_runner.py:55} INFO - Started process 5652 to run task
[2023-01-07T11:16:44.087+0530] {standard_task_runner.py:82} INFO - Running: ['airflow', 'tasks', 'run', 'Monthly', 'extract2', 'scheduled__2023-01-06T00:00:00+00:00', '--job-id', '2948', '--raw', '--subdir', 'DAGS_FOLDER/Monthly.py', '--cfg-path', '/tmp/tmp4gaegrbk']
[2023-01-07T11:16:44.089+0530] {standard_task_runner.py:83} INFO - Job 2948: Subtask extract2
[2023-01-07T11:16:44.191+0530] {task_command.py:389} INFO - Running <TaskInstance: Monthly.extract2 scheduled__2023-01-06T00:00:00+00:00 [running]> on host DESKTOP-SQIOQPD.
[2023-01-07T11:16:44.455+0530] {taskinstance.py:1511} INFO - Exporting the following env vars:
AIRFLOW_CTX_DAG_EMAIL=nikheleshbhattacharyya@gmail.com
AIRFLOW_CTX_DAG_OWNER=airflow
AIRFLOW_CTX_DAG_ID=Monthly
AIRFLOW_CTX_TASK_ID=extract2
AIRFLOW_CTX_EXECUTION_DATE=2023-01-06T00:00:00+00:00
AIRFLOW_CTX_TRY_NUMBER=4
AIRFLOW_CTX_DAG_RUN_ID=scheduled__2023-01-06T00:00:00+00:00
[2023-01-07T11:39:27.469+0530] {taskinstance.py:1772} ERROR - Task failed with exception
Traceback (most recent call last):
  File "/usr/local/lib/python3.8/dist-packages/airflow/operators/python.py", line 175, in execute
    return_value = self.execute_callable()
  File "/usr/local/lib/python3.8/dist-packages/airflow/operators/python.py", line 192, in execute_callable
    return self.python_callable(*self.op_args, **self.op_kwargs)
  File "/root/airflow/dags/Monthly.py", line 463, in extract2
    driver.get(url)
  File "/usr/local/lib/python3.8/dist-packages/selenium/webdriver/remote/webdriver.py", line 455, in get
    self.execute(Command.GET, {"url": url})
  File "/usr/local/lib/python3.8/dist-packages/selenium/webdriver/remote/webdriver.py", line 444, in execute
    self.error_handler.check_response(response)
  File "/usr/local/lib/python3.8/dist-packages/selenium/webdriver/remote/errorhandler.py", line 249, in check_response
    raise exception_class(message, screen, stacktrace)
selenium.common.exceptions.WebDriverException: Message: unknown error: session deleted because of page crash
from unknown error: cannot determine loading status
from tab crashed
  (Session info: headless chrome=108.0.5359.124)
Stacktrace:
#0 0x5634e46c42a3 <unknown>
#1 0x5634e4482dfd <unknown>
#2 0x5634e446d1d3 <unknown>
#3 0x5634e446bdc6 <unknown>
#4 0x5634e446c3a8 <unknown>
#5 0x5634e447972f <unknown>
#6 0x5634e447a382 <unknown>
#7 0x5634e448b390 <unknown>
#8 0x5634e448f71b <unknown>
#9 0x5634e446c965 <unknown>
#10 0x5634e448b13f <unknown>
#11 0x5634e44f7390 <unknown>
#12 0x5634e44df903 <unknown>
#13 0x5634e44b2ece <unknown>
#14 0x5634e44b3fde <unknown>
#15 0x5634e471463e <unknown>
#16 0x5634e4717b79 <unknown>
#17 0x5634e46fa89e <unknown>
#18 0x5634e4718a83 <unknown>
#19 0x5634e46ed505 <unknown>
#20 0x5634e4739ca8 <unknown>
#21 0x5634e4739e36 <unknown>
#22 0x5634e4755333 <unknown>
#23 0x7f56786ee609 start_thread

[2023-01-07T11:39:27.950+0530] {taskinstance.py:1322} INFO - Marking task as FAILED. dag_id=Monthly, task_id=extract2, execution_date=20230106T000000, start_date=20230107T054644, end_date=20230107T060927
[2023-01-07T11:39:28.344+0530] {logging_mixin.py:137} WARNING - /usr/local/lib/python3.8/dist-packages/airflow/utils/email.py:120 RemovedInAirflow3Warning: Fetching SMTP credentials from configuration variables will be deprecated in a future release. Please set credentials using a connection instead.
[2023-01-07T11:39:28.345+0530] {configuration.py:635} WARNING - section/key [smtp/smtp_user] not found in config
[2023-01-07T11:39:28.345+0530] {email.py:229} INFO - Email alerting: attempt 1
[2023-01-07T11:39:28.396+0530] {configuration.py:635} WARNING - section/key [smtp/smtp_user] not found in config
[2023-01-07T11:39:28.397+0530] {email.py:229} INFO - Email alerting: attempt 1
[2023-01-07T11:39:28.398+0530] {taskinstance.py:1835} ERROR - Failed to send email to: ['nikheleshbhattacharyya@gmail.com']
Traceback (most recent call last):
  File "/usr/local/lib/python3.8/dist-packages/airflow/models/taskinstance.py", line 1378, in _run_raw_task
    self._execute_task_with_callbacks(context, test_mode)
  File "/usr/local/lib/python3.8/dist-packages/airflow/models/taskinstance.py", line 1524, in _execute_task_with_callbacks
    result = self._execute_task(context, task_orig)
  File "/usr/local/lib/python3.8/dist-packages/airflow/models/taskinstance.py", line 1585, in _execute_task
    result = execute_callable(context=context)
  File "/usr/local/lib/python3.8/dist-packages/airflow/operators/python.py", line 175, in execute
    return_value = self.execute_callable()
  File "/usr/local/lib/python3.8/dist-packages/airflow/operators/python.py", line 192, in execute_callable
    return self.python_callable(*self.op_args, **self.op_kwargs)
  File "/root/airflow/dags/Monthly.py", line 463, in extract2
    driver.get(url)
  File "/usr/local/lib/python3.8/dist-packages/selenium/webdriver/remote/webdriver.py", line 455, in get
    self.execute(Command.GET, {"url": url})
  File "/usr/local/lib/python3.8/dist-packages/selenium/webdriver/remote/webdriver.py", line 444, in execute
    self.error_handler.check_response(response)
  File "/usr/local/lib/python3.8/dist-packages/selenium/webdriver/remote/errorhandler.py", line 249, in check_response
    raise exception_class(message, screen, stacktrace)
selenium.common.exceptions.WebDriverException: Message: unknown error: session deleted because of page crash
from unknown error: cannot determine loading status
from tab crashed
  (Session info: headless chrome=108.0.5359.124)
Stacktrace:
#0 0x5634e46c42a3 <unknown>
#1 0x5634e4482dfd <unknown>
#2 0x5634e446d1d3 <unknown>
#3 0x5634e446bdc6 <unknown>
#4 0x5634e446c3a8 <unknown>
#5 0x5634e447972f <unknown>
#6 0x5634e447a382 <unknown>
#7 0x5634e448b390 <unknown>
#8 0x5634e448f71b <unknown>
#9 0x5634e446c965 <unknown>
#10 0x5634e448b13f <unknown>
#11 0x5634e44f7390 <unknown>
#12 0x5634e44df903 <unknown>
#13 0x5634e44b2ece <unknown>
#14 0x5634e44b3fde <unknown>
#15 0x5634e471463e <unknown>
#16 0x5634e4717b79 <unknown>
#17 0x5634e46fa89e <unknown>
#18 0x5634e4718a83 <unknown>
#19 0x5634e46ed505 <unknown>
#20 0x5634e4739ca8 <unknown>
#21 0x5634e4739e36 <unknown>
#22 0x5634e4755333 <unknown>
#23 0x7f56786ee609 start_thread


During handling of the above exception, another exception occurred:

Traceback (most recent call last):
  File "/usr/local/lib/python3.8/dist-packages/airflow/models/taskinstance.py", line 2235, in email_alert
    send_email(task.email, subject, html_content)
  File "/usr/local/lib/python3.8/dist-packages/airflow/utils/email.py", line 59, in send_email
    return backend(
  File "/usr/local/lib/python3.8/dist-packages/airflow/utils/email.py", line 120, in send_email_smtp
    send_mime_email(e_from=mail_from, e_to=recipients, mime_msg=msg, conn_id=conn_id, dryrun=dryrun)
  File "/usr/local/lib/python3.8/dist-packages/airflow/utils/email.py", line 231, in send_mime_email
    smtp_conn = _get_smtp_connection(smtp_host, smtp_port, smtp_timeout, smtp_ssl)
  File "/usr/local/lib/python3.8/dist-packages/airflow/utils/email.py", line 265, in _get_smtp_connection
    else smtplib.SMTP(host=host, port=port, timeout=timeout)
  File "/usr/lib/python3.8/smtplib.py", line 255, in __init__
    (code, msg) = self.connect(host, port)
  File "/usr/lib/python3.8/smtplib.py", line 339, in connect
    self.sock = self._get_socket(host, port, self.timeout)
  File "/usr/lib/python3.8/smtplib.py", line 310, in _get_socket
    return socket.create_connection((host, port), timeout,
  File "/usr/lib/python3.8/socket.py", line 808, in create_connection
    raise err
  File "/usr/lib/python3.8/socket.py", line 796, in create_connection
    sock.connect(sa)
ConnectionRefusedError: [Errno 111] Connection refused

During handling of the above exception, another exception occurred:

Traceback (most recent call last):
  File "/usr/local/lib/python3.8/dist-packages/airflow/models/taskinstance.py", line 1833, in handle_failure
    self.email_alert(error, task)
  File "/usr/local/lib/python3.8/dist-packages/airflow/models/taskinstance.py", line 2237, in email_alert
    send_email(task.email, subject, html_content_err)
  File "/usr/local/lib/python3.8/dist-packages/airflow/utils/email.py", line 59, in send_email
    return backend(
  File "/usr/local/lib/python3.8/dist-packages/airflow/utils/email.py", line 120, in send_email_smtp
    send_mime_email(e_from=mail_from, e_to=recipients, mime_msg=msg, conn_id=conn_id, dryrun=dryrun)
  File "/usr/local/lib/python3.8/dist-packages/airflow/utils/email.py", line 231, in send_mime_email
    smtp_conn = _get_smtp_connection(smtp_host, smtp_port, smtp_timeout, smtp_ssl)
  File "/usr/local/lib/python3.8/dist-packages/airflow/utils/email.py", line 265, in _get_smtp_connection
    else smtplib.SMTP(host=host, port=port, timeout=timeout)
  File "/usr/lib/python3.8/smtplib.py", line 255, in __init__
    (code, msg) = self.connect(host, port)
  File "/usr/lib/python3.8/smtplib.py", line 339, in connect
    self.sock = self._get_socket(host, port, self.timeout)
  File "/usr/lib/python3.8/smtplib.py", line 310, in _get_socket
    return socket.create_connection((host, port), timeout,
  File "/usr/lib/python3.8/socket.py", line 808, in create_connection
    raise err
  File "/usr/lib/python3.8/socket.py", line 796, in create_connection
    sock.connect(sa)
ConnectionRefusedError: [Errno 111] Connection refused
[2023-01-07T11:39:28.503+0530] {standard_task_runner.py:100} ERROR - Failed to execute job 2948 for task extract2 (Message: unknown error: session deleted because of page crash
from unknown error: cannot determine loading status
from tab crashed
  (Session info: headless chrome=108.0.5359.124)
Stacktrace:
#0 0x5634e46c42a3 <unknown>
#1 0x5634e4482dfd <unknown>
#2 0x5634e446d1d3 <unknown>
#3 0x5634e446bdc6 <unknown>
#4 0x5634e446c3a8 <unknown>
#5 0x5634e447972f <unknown>
#6 0x5634e447a382 <unknown>
#7 0x5634e448b390 <unknown>
#8 0x5634e448f71b <unknown>
#9 0x5634e446c965 <unknown>
#10 0x5634e448b13f <unknown>
#11 0x5634e44f7390 <unknown>
#12 0x5634e44df903 <unknown>
#13 0x5634e44b2ece <unknown>
#14 0x5634e44b3fde <unknown>
#15 0x5634e471463e <unknown>
#16 0x5634e4717b79 <unknown>
#17 0x5634e46fa89e <unknown>
#18 0x5634e4718a83 <unknown>
#19 0x5634e46ed505 <unknown>
#20 0x5634e4739ca8 <unknown>
#21 0x5634e4739e36 <unknown>
#22 0x5634e4755333 <unknown>
#23 0x7f56786ee609 start_thread
; 5652)
[2023-01-07T11:39:28.558+0530] {local_task_job.py:159} INFO - Task exited with return code 1
[2023-01-07T11:39:28.631+0530] {taskinstance.py:2582} INFO - 0 downstream tasks scheduled from follow-on schedule check
