[2023-02-02T05:42:47.972+0530] {taskinstance.py:1087} INFO - Dependencies all met for <TaskInstance: FX__Turnover.load scheduled__2023-01-24T00:00:00+00:00 [queued]>
[2023-02-02T05:42:47.988+0530] {taskinstance.py:1087} INFO - Dependencies all met for <TaskInstance: FX__Turnover.load scheduled__2023-01-24T00:00:00+00:00 [queued]>
[2023-02-02T05:42:47.988+0530] {taskinstance.py:1283} INFO - 
--------------------------------------------------------------------------------
[2023-02-02T05:42:47.988+0530] {taskinstance.py:1284} INFO - Starting attempt 1 of 4
[2023-02-02T05:42:47.988+0530] {taskinstance.py:1285} INFO - 
--------------------------------------------------------------------------------
[2023-02-02T05:42:48.012+0530] {taskinstance.py:1304} INFO - Executing <Task(PythonOperator): load> on 2023-01-24 00:00:00+00:00
[2023-02-02T05:42:48.018+0530] {standard_task_runner.py:55} INFO - Started process 7032 to run task
[2023-02-02T05:42:48.021+0530] {standard_task_runner.py:82} INFO - Running: ['airflow', 'tasks', 'run', 'FX__Turnover', 'load', 'scheduled__2023-01-24T00:00:00+00:00', '--job-id', '3626', '--raw', '--subdir', 'DAGS_FOLDER/FX_turnover.py', '--cfg-path', '/tmp/tmpszf1narx']
[2023-02-02T05:42:48.022+0530] {standard_task_runner.py:83} INFO - Job 3626: Subtask load
[2023-02-02T05:42:48.075+0530] {task_command.py:389} INFO - Running <TaskInstance: FX__Turnover.load scheduled__2023-01-24T00:00:00+00:00 [running]> on host DESKTOP-SQIOQPD.
[2023-02-02T05:42:48.157+0530] {taskinstance.py:1511} INFO - Exporting the following env vars:
AIRFLOW_CTX_DAG_EMAIL=nikheleshbhattacharyya@gmail.com
AIRFLOW_CTX_DAG_OWNER=airflow
AIRFLOW_CTX_DAG_ID=FX__Turnover
AIRFLOW_CTX_TASK_ID=load
AIRFLOW_CTX_EXECUTION_DATE=2023-01-24T00:00:00+00:00
AIRFLOW_CTX_TRY_NUMBER=1
AIRFLOW_CTX_DAG_RUN_ID=scheduled__2023-01-24T00:00:00+00:00
[2023-02-02T05:42:48.450+0530] {python.py:177} INFO - Done. Returned value was: None
[2023-02-02T05:42:48.455+0530] {taskinstance.py:1322} INFO - Marking task as SUCCESS. dag_id=FX__Turnover, task_id=load, execution_date=20230124T000000, start_date=20230202T001247, end_date=20230202T001248
[2023-02-02T05:42:48.636+0530] {local_task_job.py:159} INFO - Task exited with return code 0
[2023-02-02T05:42:48.662+0530] {taskinstance.py:2582} INFO - 1 downstream tasks scheduled from follow-on schedule check
