[2023-02-03T11:50:50.954+0530] {taskinstance.py:1087} INFO - Dependencies all met for <TaskInstance: Monthly.start_task manual__2023-02-03T06:20:45.407481+00:00 [queued]>
[2023-02-03T11:50:50.968+0530] {taskinstance.py:1087} INFO - Dependencies all met for <TaskInstance: Monthly.start_task manual__2023-02-03T06:20:45.407481+00:00 [queued]>
[2023-02-03T11:50:50.968+0530] {taskinstance.py:1283} INFO - 
--------------------------------------------------------------------------------
[2023-02-03T11:50:50.969+0530] {taskinstance.py:1284} INFO - Starting attempt 1 of 4
[2023-02-03T11:50:50.969+0530] {taskinstance.py:1285} INFO - 
--------------------------------------------------------------------------------
[2023-02-03T11:50:51.003+0530] {taskinstance.py:1304} INFO - Executing <Task(BashOperator): start_task> on 2023-02-03 06:20:45.407481+00:00
[2023-02-03T11:50:51.014+0530] {standard_task_runner.py:55} INFO - Started process 20638 to run task
[2023-02-03T11:50:51.020+0530] {standard_task_runner.py:82} INFO - Running: ['airflow', 'tasks', 'run', 'Monthly', 'start_task', 'manual__2023-02-03T06:20:45.407481+00:00', '--job-id', '3926', '--raw', '--subdir', 'DAGS_FOLDER/Monthly.py', '--cfg-path', '/tmp/tmphrqkffbj']
[2023-02-03T11:50:51.027+0530] {standard_task_runner.py:83} INFO - Job 3926: Subtask start_task
[2023-02-03T11:50:51.191+0530] {task_command.py:389} INFO - Running <TaskInstance: Monthly.start_task manual__2023-02-03T06:20:45.407481+00:00 [running]> on host DESKTOP-SQIOQPD.
[2023-02-03T11:50:51.366+0530] {taskinstance.py:1511} INFO - Exporting the following env vars:
AIRFLOW_CTX_DAG_EMAIL=nikheleshbhattacharyya@gmail.com
AIRFLOW_CTX_DAG_OWNER=airflow
AIRFLOW_CTX_DAG_ID=Monthly
AIRFLOW_CTX_TASK_ID=start_task
AIRFLOW_CTX_EXECUTION_DATE=2023-02-03T06:20:45.407481+00:00
AIRFLOW_CTX_TRY_NUMBER=1
AIRFLOW_CTX_DAG_RUN_ID=manual__2023-02-03T06:20:45.407481+00:00
[2023-02-03T11:50:51.369+0530] {subprocess.py:63} INFO - Tmp dir root location: 
 /tmp
[2023-02-03T11:50:51.370+0530] {subprocess.py:75} INFO - Running command: ['/usr/bin/bash', '-c', 'echo start']
[2023-02-03T11:50:51.384+0530] {subprocess.py:86} INFO - Output:
[2023-02-03T11:50:51.390+0530] {subprocess.py:93} INFO - start
[2023-02-03T11:50:51.391+0530] {subprocess.py:97} INFO - Command exited with return code 0
[2023-02-03T11:50:51.413+0530] {taskinstance.py:1322} INFO - Marking task as SUCCESS. dag_id=Monthly, task_id=start_task, execution_date=20230203T062045, start_date=20230203T062050, end_date=20230203T062051
[2023-02-03T11:50:51.438+0530] {local_task_job.py:159} INFO - Task exited with return code 0
[2023-02-03T11:50:51.462+0530] {taskinstance.py:2582} INFO - 1 downstream tasks scheduled from follow-on schedule check
