[2023-03-17T01:54:18.820+0530] {taskinstance.py:1087} INFO - Dependencies all met for <TaskInstance: nsdlfpi_and_rupee.start_task scheduled__2023-02-27T00:00:00+00:00 [queued]>
[2023-03-17T01:54:18.838+0530] {taskinstance.py:1087} INFO - Dependencies all met for <TaskInstance: nsdlfpi_and_rupee.start_task scheduled__2023-02-27T00:00:00+00:00 [queued]>
[2023-03-17T01:54:18.839+0530] {taskinstance.py:1283} INFO - 
--------------------------------------------------------------------------------
[2023-03-17T01:54:18.839+0530] {taskinstance.py:1284} INFO - Starting attempt 1 of 4
[2023-03-17T01:54:18.839+0530] {taskinstance.py:1285} INFO - 
--------------------------------------------------------------------------------
[2023-03-17T01:54:18.862+0530] {taskinstance.py:1304} INFO - Executing <Task(BashOperator): start_task> on 2023-02-27 00:00:00+00:00
[2023-03-17T01:54:18.876+0530] {standard_task_runner.py:55} INFO - Started process 1685 to run task
[2023-03-17T01:54:18.907+0530] {standard_task_runner.py:82} INFO - Running: ['airflow', 'tasks', 'run', 'nsdlfpi_and_rupee', 'start_task', 'scheduled__2023-02-27T00:00:00+00:00', '--job-id', '4788', '--raw', '--subdir', 'DAGS_FOLDER/nsdl_and_rupee.py', '--cfg-path', '/tmp/tmpnxw4icck']
[2023-03-17T01:54:18.916+0530] {standard_task_runner.py:83} INFO - Job 4788: Subtask start_task
[2023-03-17T01:54:19.109+0530] {task_command.py:389} INFO - Running <TaskInstance: nsdlfpi_and_rupee.start_task scheduled__2023-02-27T00:00:00+00:00 [running]> on host DESKTOP-SQIOQPD.
[2023-03-17T01:54:19.277+0530] {taskinstance.py:1511} INFO - Exporting the following env vars:
AIRFLOW_CTX_DAG_EMAIL=nikheleshbhattacharyya@gmail.com
AIRFLOW_CTX_DAG_OWNER=airflow
AIRFLOW_CTX_DAG_ID=nsdlfpi_and_rupee
AIRFLOW_CTX_TASK_ID=start_task
AIRFLOW_CTX_EXECUTION_DATE=2023-02-27T00:00:00+00:00
AIRFLOW_CTX_TRY_NUMBER=1
AIRFLOW_CTX_DAG_RUN_ID=scheduled__2023-02-27T00:00:00+00:00
[2023-03-17T01:54:19.279+0530] {subprocess.py:63} INFO - Tmp dir root location: 
 /tmp
[2023-03-17T01:54:19.279+0530] {subprocess.py:75} INFO - Running command: ['/usr/bin/bash', '-c', 'echo start']
[2023-03-17T01:54:19.293+0530] {subprocess.py:86} INFO - Output:
[2023-03-17T01:54:19.295+0530] {subprocess.py:93} INFO - start
[2023-03-17T01:54:19.295+0530] {subprocess.py:97} INFO - Command exited with return code 0
[2023-03-17T01:54:19.319+0530] {taskinstance.py:1322} INFO - Marking task as SUCCESS. dag_id=nsdlfpi_and_rupee, task_id=start_task, execution_date=20230227T000000, start_date=20230316T202418, end_date=20230316T202419
[2023-03-17T01:54:19.361+0530] {local_task_job.py:159} INFO - Task exited with return code 0
[2023-03-17T01:54:19.391+0530] {taskinstance.py:2582} INFO - 1 downstream tasks scheduled from follow-on schedule check
