[2023-02-13T23:39:11.368+0530] {taskinstance.py:1087} INFO - Dependencies all met for <TaskInstance: NSE_Open_Interest.start_task scheduled__2023-02-08T00:00:00+00:00 [queued]>
[2023-02-13T23:39:11.387+0530] {taskinstance.py:1087} INFO - Dependencies all met for <TaskInstance: NSE_Open_Interest.start_task scheduled__2023-02-08T00:00:00+00:00 [queued]>
[2023-02-13T23:39:11.387+0530] {taskinstance.py:1283} INFO - 
--------------------------------------------------------------------------------
[2023-02-13T23:39:11.387+0530] {taskinstance.py:1284} INFO - Starting attempt 1 of 4
[2023-02-13T23:39:11.387+0530] {taskinstance.py:1285} INFO - 
--------------------------------------------------------------------------------
[2023-02-13T23:39:11.406+0530] {taskinstance.py:1304} INFO - Executing <Task(BashOperator): start_task> on 2023-02-08 00:00:00+00:00
[2023-02-13T23:39:11.410+0530] {standard_task_runner.py:55} INFO - Started process 4076 to run task
[2023-02-13T23:39:11.413+0530] {standard_task_runner.py:82} INFO - Running: ['airflow', 'tasks', 'run', 'NSE_Open_Interest', 'start_task', 'scheduled__2023-02-08T00:00:00+00:00', '--job-id', '4064', '--raw', '--subdir', 'DAGS_FOLDER/NSE_Open_Interest.py', '--cfg-path', '/tmp/tmpiojdk_in']
[2023-02-13T23:39:11.414+0530] {standard_task_runner.py:83} INFO - Job 4064: Subtask start_task
[2023-02-13T23:39:11.471+0530] {task_command.py:389} INFO - Running <TaskInstance: NSE_Open_Interest.start_task scheduled__2023-02-08T00:00:00+00:00 [running]> on host DESKTOP-SQIOQPD.
[2023-02-13T23:39:11.677+0530] {taskinstance.py:1511} INFO - Exporting the following env vars:
AIRFLOW_CTX_DAG_EMAIL=nikheleshbhattacharyya@gmail.com
AIRFLOW_CTX_DAG_OWNER=airflow
AIRFLOW_CTX_DAG_ID=NSE_Open_Interest
AIRFLOW_CTX_TASK_ID=start_task
AIRFLOW_CTX_EXECUTION_DATE=2023-02-08T00:00:00+00:00
AIRFLOW_CTX_TRY_NUMBER=1
AIRFLOW_CTX_DAG_RUN_ID=scheduled__2023-02-08T00:00:00+00:00
[2023-02-13T23:39:11.678+0530] {subprocess.py:63} INFO - Tmp dir root location: 
 /tmp
[2023-02-13T23:39:11.679+0530] {subprocess.py:75} INFO - Running command: ['/usr/bin/bash', '-c', 'echo start']
[2023-02-13T23:39:11.693+0530] {subprocess.py:86} INFO - Output:
[2023-02-13T23:39:11.703+0530] {subprocess.py:93} INFO - start
[2023-02-13T23:39:11.705+0530] {subprocess.py:97} INFO - Command exited with return code 0
[2023-02-13T23:39:11.730+0530] {taskinstance.py:1322} INFO - Marking task as SUCCESS. dag_id=NSE_Open_Interest, task_id=start_task, execution_date=20230208T000000, start_date=20230213T180911, end_date=20230213T180911
[2023-02-13T23:39:11.787+0530] {local_task_job.py:159} INFO - Task exited with return code 0
[2023-02-13T23:39:11.822+0530] {taskinstance.py:2582} INFO - 1 downstream tasks scheduled from follow-on schedule check
