[2022-12-26T13:47:30.962+0530] {taskinstance.py:1087} INFO - Dependencies all met for <TaskInstance: Money__Market.load_data scheduled__2022-12-25T08:00:00+00:00 [queued]>
[2022-12-26T13:47:30.975+0530] {taskinstance.py:1087} INFO - Dependencies all met for <TaskInstance: Money__Market.load_data scheduled__2022-12-25T08:00:00+00:00 [queued]>
[2022-12-26T13:47:30.976+0530] {taskinstance.py:1283} INFO - 
--------------------------------------------------------------------------------
[2022-12-26T13:47:30.976+0530] {taskinstance.py:1284} INFO - Starting attempt 1 of 4
[2022-12-26T13:47:30.976+0530] {taskinstance.py:1285} INFO - 
--------------------------------------------------------------------------------
[2022-12-26T13:47:30.996+0530] {taskinstance.py:1304} INFO - Executing <Task(PythonOperator): load_data> on 2022-12-25 08:00:00+00:00
[2022-12-26T13:47:31.003+0530] {standard_task_runner.py:55} INFO - Started process 30741 to run task
[2022-12-26T13:47:31.006+0530] {standard_task_runner.py:82} INFO - Running: ['airflow', 'tasks', 'run', 'Money__Market', 'load_data', 'scheduled__2022-12-25T08:00:00+00:00', '--job-id', '889', '--raw', '--subdir', 'DAGS_FOLDER/Money_Market.py', '--cfg-path', '/tmp/tmpoxfa7vso']
[2022-12-26T13:47:31.008+0530] {standard_task_runner.py:83} INFO - Job 889: Subtask load_data
[2022-12-26T13:47:31.059+0530] {task_command.py:389} INFO - Running <TaskInstance: Money__Market.load_data scheduled__2022-12-25T08:00:00+00:00 [running]> on host DESKTOP-SQIOQPD.
[2022-12-26T13:47:31.123+0530] {taskinstance.py:1511} INFO - Exporting the following env vars:
AIRFLOW_CTX_DAG_EMAIL=nikheleshbhattacharyya@gmail.com
AIRFLOW_CTX_DAG_OWNER=airflow
AIRFLOW_CTX_DAG_ID=Money__Market
AIRFLOW_CTX_TASK_ID=load_data
AIRFLOW_CTX_EXECUTION_DATE=2022-12-25T08:00:00+00:00
AIRFLOW_CTX_TRY_NUMBER=1
AIRFLOW_CTX_DAG_RUN_ID=scheduled__2022-12-25T08:00:00+00:00
[2022-12-26T13:47:31.153+0530] {logging_mixin.py:137} INFO - 1
[2022-12-26T13:47:31.153+0530] {logging_mixin.py:137} INFO - 2
[2022-12-26T13:47:31.153+0530] {logging_mixin.py:137} INFO - 3
[2022-12-26T13:47:31.153+0530] {logging_mixin.py:137} INFO - 4
[2022-12-26T13:47:31.153+0530] {logging_mixin.py:137} INFO - 5
[2022-12-26T13:47:31.154+0530] {logging_mixin.py:137} INFO - 6
[2022-12-26T13:47:31.154+0530] {logging_mixin.py:137} INFO - 7
[2022-12-26T13:47:31.154+0530] {logging_mixin.py:137} INFO - 8
[2022-12-26T13:47:31.154+0530] {logging_mixin.py:137} INFO - 9
[2022-12-26T13:47:31.154+0530] {logging_mixin.py:137} INFO - 10
[2022-12-26T13:47:31.154+0530] {logging_mixin.py:137} INFO - 11
[2022-12-26T13:47:31.154+0530] {logging_mixin.py:137} INFO - 12
[2022-12-26T13:47:31.154+0530] {logging_mixin.py:137} INFO - 13
[2022-12-26T13:47:31.154+0530] {logging_mixin.py:137} INFO - 14
[2022-12-26T13:47:31.155+0530] {logging_mixin.py:137} INFO - 15
[2022-12-26T13:47:31.155+0530] {logging_mixin.py:137} INFO - 16
[2022-12-26T13:47:31.155+0530] {logging_mixin.py:137} INFO - 17
[2022-12-26T13:47:31.155+0530] {logging_mixin.py:137} INFO - 18
[2022-12-26T13:47:31.155+0530] {logging_mixin.py:137} INFO - 19
[2022-12-26T13:47:31.155+0530] {logging_mixin.py:137} INFO - 20
[2022-12-26T13:47:31.155+0530] {logging_mixin.py:137} INFO - 21
[2022-12-26T13:47:31.155+0530] {logging_mixin.py:137} INFO - 22
[2022-12-26T13:47:31.155+0530] {logging_mixin.py:137} INFO - 23
[2022-12-26T13:47:31.155+0530] {logging_mixin.py:137} INFO - 24
[2022-12-26T13:47:31.156+0530] {logging_mixin.py:137} INFO - 25
[2022-12-26T13:47:31.156+0530] {logging_mixin.py:137} INFO - 26
[2022-12-26T13:47:31.156+0530] {logging_mixin.py:137} INFO - 27
[2022-12-26T13:47:31.156+0530] {logging_mixin.py:137} INFO - 28
[2022-12-26T13:47:31.156+0530] {logging_mixin.py:137} INFO - 29
[2022-12-26T13:47:31.156+0530] {logging_mixin.py:137} INFO - 30
[2022-12-26T13:47:31.156+0530] {logging_mixin.py:137} INFO - 31
[2022-12-26T13:47:31.156+0530] {logging_mixin.py:137} INFO - 32
[2022-12-26T13:47:31.156+0530] {logging_mixin.py:137} INFO - 33
[2022-12-26T13:47:31.157+0530] {logging_mixin.py:137} INFO - 34
[2022-12-26T13:47:31.157+0530] {logging_mixin.py:137} INFO - 35
[2022-12-26T13:47:31.157+0530] {logging_mixin.py:137} INFO - 36
[2022-12-26T13:47:31.157+0530] {logging_mixin.py:137} INFO - 37
[2022-12-26T13:47:31.157+0530] {logging_mixin.py:137} INFO - 38
[2022-12-26T13:47:31.157+0530] {logging_mixin.py:137} INFO - 39
[2022-12-26T13:47:31.157+0530] {logging_mixin.py:137} INFO - 40
[2022-12-26T13:47:31.157+0530] {logging_mixin.py:137} INFO - 41
[2022-12-26T13:47:31.157+0530] {logging_mixin.py:137} INFO - 42
[2022-12-26T13:47:31.158+0530] {logging_mixin.py:137} INFO - 43
[2022-12-26T13:47:31.158+0530] {logging_mixin.py:137} INFO - 44
[2022-12-26T13:47:31.158+0530] {logging_mixin.py:137} INFO - 45
[2022-12-26T13:47:31.158+0530] {logging_mixin.py:137} INFO - 46
[2022-12-26T13:47:31.158+0530] {logging_mixin.py:137} INFO - 47
[2022-12-26T13:47:31.158+0530] {logging_mixin.py:137} INFO - 48
[2022-12-26T13:47:31.158+0530] {logging_mixin.py:137} INFO - 49
[2022-12-26T13:47:31.158+0530] {logging_mixin.py:137} INFO - 50
[2022-12-26T13:47:31.159+0530] {logging_mixin.py:137} INFO - 51
[2022-12-26T13:47:31.159+0530] {logging_mixin.py:137} INFO - 52
[2022-12-26T13:47:31.159+0530] {logging_mixin.py:137} INFO - 53
[2022-12-26T13:47:31.159+0530] {logging_mixin.py:137} INFO - 54
[2022-12-26T13:47:31.159+0530] {logging_mixin.py:137} INFO - 55
[2022-12-26T13:47:31.159+0530] {logging_mixin.py:137} INFO - 56
[2022-12-26T13:47:31.159+0530] {logging_mixin.py:137} INFO - 57
[2022-12-26T13:47:31.159+0530] {logging_mixin.py:137} INFO - 58
[2022-12-26T13:47:31.160+0530] {logging_mixin.py:137} INFO - 59
[2022-12-26T13:47:31.160+0530] {logging_mixin.py:137} INFO - 60
[2022-12-26T13:47:31.160+0530] {logging_mixin.py:137} INFO - 61
[2022-12-26T13:47:31.160+0530] {logging_mixin.py:137} INFO - 62
[2022-12-26T13:47:31.160+0530] {logging_mixin.py:137} INFO - 63
[2022-12-26T13:47:31.160+0530] {logging_mixin.py:137} INFO - 64
[2022-12-26T13:47:31.160+0530] {logging_mixin.py:137} INFO - 65
[2022-12-26T13:47:31.161+0530] {logging_mixin.py:137} INFO - 66
[2022-12-26T13:47:31.161+0530] {logging_mixin.py:137} INFO - 67
[2022-12-26T13:47:31.161+0530] {logging_mixin.py:137} INFO - 68
[2022-12-26T13:47:31.161+0530] {logging_mixin.py:137} INFO - 69
[2022-12-26T13:47:31.161+0530] {logging_mixin.py:137} INFO - 70
[2022-12-26T13:47:31.161+0530] {logging_mixin.py:137} INFO - 71
[2022-12-26T13:47:31.161+0530] {logging_mixin.py:137} INFO - 72
[2022-12-26T13:47:31.161+0530] {logging_mixin.py:137} INFO - 73
[2022-12-26T13:47:31.161+0530] {logging_mixin.py:137} INFO - 74
[2022-12-26T13:47:31.162+0530] {logging_mixin.py:137} INFO - 75
[2022-12-26T13:47:31.162+0530] {logging_mixin.py:137} INFO - 76
[2022-12-26T13:47:31.162+0530] {logging_mixin.py:137} INFO - 77
[2022-12-26T13:47:31.162+0530] {logging_mixin.py:137} INFO - 78
[2022-12-26T13:47:31.162+0530] {logging_mixin.py:137} INFO - 79
[2022-12-26T13:47:31.162+0530] {logging_mixin.py:137} INFO - 80
[2022-12-26T13:47:31.162+0530] {logging_mixin.py:137} INFO - 81
[2022-12-26T13:47:31.163+0530] {logging_mixin.py:137} INFO - 82
[2022-12-26T13:47:31.163+0530] {logging_mixin.py:137} INFO - 83
[2022-12-26T13:47:31.163+0530] {logging_mixin.py:137} INFO - 84
[2022-12-26T13:47:31.163+0530] {logging_mixin.py:137} INFO - 85
[2022-12-26T13:47:31.163+0530] {logging_mixin.py:137} INFO - 86
[2022-12-26T13:47:31.164+0530] {logging_mixin.py:137} INFO - 87
[2022-12-26T13:47:31.165+0530] {logging_mixin.py:137} INFO - 88
[2022-12-26T13:47:31.165+0530] {logging_mixin.py:137} INFO - 89
[2022-12-26T13:47:31.165+0530] {logging_mixin.py:137} INFO - 90
[2022-12-26T13:47:31.166+0530] {logging_mixin.py:137} INFO - 91
[2022-12-26T13:47:31.166+0530] {logging_mixin.py:137} INFO - 92
[2022-12-26T13:47:31.166+0530] {logging_mixin.py:137} INFO - 93
[2022-12-26T13:47:31.166+0530] {logging_mixin.py:137} INFO - 94
[2022-12-26T13:47:31.166+0530] {logging_mixin.py:137} INFO - 95
[2022-12-26T13:47:31.166+0530] {logging_mixin.py:137} INFO - 96
[2022-12-26T13:47:31.167+0530] {logging_mixin.py:137} INFO - 97
[2022-12-26T13:47:31.167+0530] {logging_mixin.py:137} INFO - 98
[2022-12-26T13:47:31.167+0530] {logging_mixin.py:137} INFO - 99
[2022-12-26T13:47:31.167+0530] {logging_mixin.py:137} INFO - 100
[2022-12-26T13:47:31.167+0530] {logging_mixin.py:137} INFO - 101
[2022-12-26T13:47:31.167+0530] {logging_mixin.py:137} INFO - 102
[2022-12-26T13:47:31.168+0530] {logging_mixin.py:137} INFO - 103
[2022-12-26T13:47:31.168+0530] {logging_mixin.py:137} INFO - 104
[2022-12-26T13:47:31.168+0530] {logging_mixin.py:137} INFO - 105
[2022-12-26T13:47:31.168+0530] {logging_mixin.py:137} INFO - 106
[2022-12-26T13:47:31.168+0530] {logging_mixin.py:137} INFO - 107
[2022-12-26T13:47:31.168+0530] {logging_mixin.py:137} INFO - 108
[2022-12-26T13:47:31.169+0530] {logging_mixin.py:137} INFO - 109
[2022-12-26T13:47:31.169+0530] {logging_mixin.py:137} INFO - 110
[2022-12-26T13:47:31.169+0530] {logging_mixin.py:137} INFO - 111
[2022-12-26T13:47:31.169+0530] {logging_mixin.py:137} INFO - 112
[2022-12-26T13:47:31.169+0530] {logging_mixin.py:137} INFO - 113
[2022-12-26T13:47:31.169+0530] {logging_mixin.py:137} INFO - 114
[2022-12-26T13:47:31.170+0530] {logging_mixin.py:137} INFO - 115
[2022-12-26T13:47:31.170+0530] {logging_mixin.py:137} INFO - 116
[2022-12-26T13:47:31.170+0530] {logging_mixin.py:137} INFO - 117
[2022-12-26T13:47:31.170+0530] {logging_mixin.py:137} INFO - 118
[2022-12-26T13:47:31.170+0530] {logging_mixin.py:137} INFO - 119
[2022-12-26T13:47:31.170+0530] {logging_mixin.py:137} INFO - 120
[2022-12-26T13:47:31.171+0530] {logging_mixin.py:137} INFO - 121
[2022-12-26T13:47:31.171+0530] {logging_mixin.py:137} INFO - 122
[2022-12-26T13:47:31.171+0530] {logging_mixin.py:137} INFO - 123
[2022-12-26T13:47:31.171+0530] {logging_mixin.py:137} INFO - 124
[2022-12-26T13:47:31.171+0530] {logging_mixin.py:137} INFO - 125
[2022-12-26T13:47:31.171+0530] {logging_mixin.py:137} INFO - 126
[2022-12-26T13:47:31.172+0530] {logging_mixin.py:137} INFO - 127
[2022-12-26T13:47:31.172+0530] {logging_mixin.py:137} INFO - 128
[2022-12-26T13:47:31.172+0530] {logging_mixin.py:137} INFO - 129
[2022-12-26T13:47:31.172+0530] {logging_mixin.py:137} INFO - 130
[2022-12-26T13:47:31.172+0530] {logging_mixin.py:137} INFO - 131
[2022-12-26T13:47:31.172+0530] {logging_mixin.py:137} INFO - 132
[2022-12-26T13:47:31.173+0530] {logging_mixin.py:137} INFO - 133
[2022-12-26T13:47:31.173+0530] {logging_mixin.py:137} INFO - 134
[2022-12-26T13:47:31.173+0530] {logging_mixin.py:137} INFO - 135
[2022-12-26T13:47:31.173+0530] {logging_mixin.py:137} INFO - 136
[2022-12-26T13:47:31.173+0530] {logging_mixin.py:137} INFO - 137
[2022-12-26T13:47:31.174+0530] {logging_mixin.py:137} INFO - 138
[2022-12-26T13:47:31.174+0530] {logging_mixin.py:137} INFO - 139
[2022-12-26T13:47:31.174+0530] {logging_mixin.py:137} INFO - 140
[2022-12-26T13:47:31.174+0530] {logging_mixin.py:137} INFO - 141
[2022-12-26T13:47:31.174+0530] {logging_mixin.py:137} INFO - 142
[2022-12-26T13:47:31.175+0530] {logging_mixin.py:137} INFO - 143
[2022-12-26T13:47:31.175+0530] {logging_mixin.py:137} INFO - 144
[2022-12-26T13:47:31.175+0530] {logging_mixin.py:137} INFO - 145
[2022-12-26T13:47:31.175+0530] {logging_mixin.py:137} INFO - 146
[2022-12-26T13:47:31.175+0530] {logging_mixin.py:137} INFO - 147
[2022-12-26T13:47:31.175+0530] {logging_mixin.py:137} INFO - 148
[2022-12-26T13:47:31.176+0530] {logging_mixin.py:137} INFO - 149
[2022-12-26T13:47:31.176+0530] {logging_mixin.py:137} INFO - 150
[2022-12-26T13:47:31.176+0530] {logging_mixin.py:137} INFO - 151
[2022-12-26T13:47:31.176+0530] {logging_mixin.py:137} INFO - 152
[2022-12-26T13:47:31.177+0530] {logging_mixin.py:137} INFO - 153
[2022-12-26T13:47:31.177+0530] {logging_mixin.py:137} INFO - 154
[2022-12-26T13:47:31.177+0530] {logging_mixin.py:137} INFO - 155
[2022-12-26T13:47:31.177+0530] {logging_mixin.py:137} INFO - 156
[2022-12-26T13:47:31.177+0530] {logging_mixin.py:137} INFO - 157
[2022-12-26T13:47:31.177+0530] {logging_mixin.py:137} INFO - 158
[2022-12-26T13:47:31.178+0530] {logging_mixin.py:137} INFO - 159
[2022-12-26T13:47:31.178+0530] {logging_mixin.py:137} INFO - 160
[2022-12-26T13:47:31.178+0530] {logging_mixin.py:137} INFO - 161
[2022-12-26T13:47:31.178+0530] {logging_mixin.py:137} INFO - 162
[2022-12-26T13:47:31.178+0530] {logging_mixin.py:137} INFO - 163
[2022-12-26T13:47:31.178+0530] {logging_mixin.py:137} INFO - 164
[2022-12-26T13:47:31.179+0530] {logging_mixin.py:137} INFO - 165
[2022-12-26T13:47:31.179+0530] {logging_mixin.py:137} INFO - 166
[2022-12-26T13:47:31.179+0530] {logging_mixin.py:137} INFO - 167
[2022-12-26T13:47:31.179+0530] {logging_mixin.py:137} INFO - 168
[2022-12-26T13:47:31.179+0530] {logging_mixin.py:137} INFO - 169
[2022-12-26T13:47:31.180+0530] {logging_mixin.py:137} INFO - 170
[2022-12-26T13:47:31.180+0530] {logging_mixin.py:137} INFO - 171
[2022-12-26T13:47:31.181+0530] {logging_mixin.py:137} INFO - 172
[2022-12-26T13:47:31.181+0530] {logging_mixin.py:137} INFO - 173
[2022-12-26T13:47:31.182+0530] {logging_mixin.py:137} INFO - 174
[2022-12-26T13:47:31.182+0530] {logging_mixin.py:137} INFO - 175
[2022-12-26T13:47:31.182+0530] {logging_mixin.py:137} INFO - 176
[2022-12-26T13:47:31.182+0530] {logging_mixin.py:137} INFO - 177
[2022-12-26T13:47:31.183+0530] {logging_mixin.py:137} INFO - 178
[2022-12-26T13:47:31.183+0530] {logging_mixin.py:137} INFO - 179
[2022-12-26T13:47:31.183+0530] {logging_mixin.py:137} INFO - 180
[2022-12-26T13:47:31.183+0530] {logging_mixin.py:137} INFO - 181
[2022-12-26T13:47:31.183+0530] {logging_mixin.py:137} INFO - 182
[2022-12-26T13:47:31.183+0530] {logging_mixin.py:137} INFO - 183
[2022-12-26T13:47:31.184+0530] {logging_mixin.py:137} INFO - 184
[2022-12-26T13:47:31.184+0530] {logging_mixin.py:137} INFO - 185
[2022-12-26T13:47:31.184+0530] {logging_mixin.py:137} INFO - 186
[2022-12-26T13:47:31.184+0530] {logging_mixin.py:137} INFO - 187
[2022-12-26T13:47:31.184+0530] {logging_mixin.py:137} INFO - 188
[2022-12-26T13:47:31.184+0530] {logging_mixin.py:137} INFO - 189
[2022-12-26T13:47:31.185+0530] {logging_mixin.py:137} INFO - 190
[2022-12-26T13:47:31.185+0530] {logging_mixin.py:137} INFO - 191
[2022-12-26T13:47:31.185+0530] {logging_mixin.py:137} INFO - 192
[2022-12-26T13:47:31.185+0530] {logging_mixin.py:137} INFO - 193
[2022-12-26T13:47:31.185+0530] {logging_mixin.py:137} INFO - 194
[2022-12-26T13:47:31.185+0530] {logging_mixin.py:137} INFO - 195
[2022-12-26T13:47:31.186+0530] {logging_mixin.py:137} INFO - 196
[2022-12-26T13:47:31.186+0530] {logging_mixin.py:137} INFO - 197
[2022-12-26T13:47:31.186+0530] {logging_mixin.py:137} INFO - 198
[2022-12-26T13:47:31.186+0530] {logging_mixin.py:137} INFO - 199
[2022-12-26T13:47:31.186+0530] {logging_mixin.py:137} INFO - 200
[2022-12-26T13:47:31.186+0530] {logging_mixin.py:137} INFO - 201
[2022-12-26T13:47:31.187+0530] {logging_mixin.py:137} INFO - 202
[2022-12-26T13:47:31.187+0530] {logging_mixin.py:137} INFO - 203
[2022-12-26T13:47:31.187+0530] {logging_mixin.py:137} INFO - 204
[2022-12-26T13:47:31.187+0530] {logging_mixin.py:137} INFO - 205
[2022-12-26T13:47:31.187+0530] {logging_mixin.py:137} INFO - 206
[2022-12-26T13:47:31.187+0530] {logging_mixin.py:137} INFO - 207
[2022-12-26T13:47:31.188+0530] {logging_mixin.py:137} INFO - 208
[2022-12-26T13:47:31.188+0530] {logging_mixin.py:137} INFO - 209
[2022-12-26T13:47:31.188+0530] {logging_mixin.py:137} INFO - 210
[2022-12-26T13:47:31.188+0530] {logging_mixin.py:137} INFO - 211
[2022-12-26T13:47:31.188+0530] {logging_mixin.py:137} INFO - 212
[2022-12-26T13:47:31.188+0530] {logging_mixin.py:137} INFO - 213
[2022-12-26T13:47:31.189+0530] {logging_mixin.py:137} INFO - 214
[2022-12-26T13:47:31.189+0530] {logging_mixin.py:137} INFO - 215
[2022-12-26T13:47:31.189+0530] {logging_mixin.py:137} INFO - 216
[2022-12-26T13:47:31.189+0530] {logging_mixin.py:137} INFO - 217
[2022-12-26T13:47:31.189+0530] {logging_mixin.py:137} INFO - 218
[2022-12-26T13:47:31.189+0530] {logging_mixin.py:137} INFO - 219
[2022-12-26T13:47:31.190+0530] {logging_mixin.py:137} INFO - 220
[2022-12-26T13:47:31.190+0530] {logging_mixin.py:137} INFO - 221
[2022-12-26T13:47:31.190+0530] {logging_mixin.py:137} INFO - 222
[2022-12-26T13:47:31.190+0530] {logging_mixin.py:137} INFO - 223
[2022-12-26T13:47:31.190+0530] {logging_mixin.py:137} INFO - 224
[2022-12-26T13:47:31.190+0530] {logging_mixin.py:137} INFO - 225
[2022-12-26T13:47:31.191+0530] {logging_mixin.py:137} INFO - 226
[2022-12-26T13:47:31.191+0530] {logging_mixin.py:137} INFO - 227
[2022-12-26T13:47:31.191+0530] {logging_mixin.py:137} INFO - 228
[2022-12-26T13:47:31.191+0530] {logging_mixin.py:137} INFO - 229
[2022-12-26T13:47:31.191+0530] {logging_mixin.py:137} INFO - 230
[2022-12-26T13:47:31.191+0530] {logging_mixin.py:137} INFO - 231
[2022-12-26T13:47:31.192+0530] {logging_mixin.py:137} INFO - 232
[2022-12-26T13:47:31.192+0530] {logging_mixin.py:137} INFO - 233
[2022-12-26T13:47:31.192+0530] {logging_mixin.py:137} INFO - 234
[2022-12-26T13:47:31.192+0530] {logging_mixin.py:137} INFO - 235
[2022-12-26T13:47:31.192+0530] {logging_mixin.py:137} INFO - 236
[2022-12-26T13:47:31.192+0530] {logging_mixin.py:137} INFO - 237
[2022-12-26T13:47:31.193+0530] {logging_mixin.py:137} INFO - 238
[2022-12-26T13:47:31.193+0530] {logging_mixin.py:137} INFO - 239
[2022-12-26T13:47:31.193+0530] {logging_mixin.py:137} INFO - 240
[2022-12-26T13:47:31.193+0530] {logging_mixin.py:137} INFO - 241
[2022-12-26T13:47:31.193+0530] {logging_mixin.py:137} INFO - 242
[2022-12-26T13:47:31.194+0530] {logging_mixin.py:137} INFO - 243
[2022-12-26T13:47:31.194+0530] {logging_mixin.py:137} INFO - 244
[2022-12-26T13:47:31.194+0530] {logging_mixin.py:137} INFO - 245
[2022-12-26T13:47:31.194+0530] {logging_mixin.py:137} INFO - 246
[2022-12-26T13:47:31.194+0530] {logging_mixin.py:137} INFO - 247
[2022-12-26T13:47:31.194+0530] {logging_mixin.py:137} INFO - 248
[2022-12-26T13:47:31.195+0530] {logging_mixin.py:137} INFO - 249
[2022-12-26T13:47:31.195+0530] {logging_mixin.py:137} INFO - 250
[2022-12-26T13:47:31.195+0530] {logging_mixin.py:137} INFO - 251
[2022-12-26T13:47:31.195+0530] {logging_mixin.py:137} INFO - 252
[2022-12-26T13:47:31.195+0530] {logging_mixin.py:137} INFO - 253
[2022-12-26T13:47:31.195+0530] {logging_mixin.py:137} INFO - 254
[2022-12-26T13:47:31.196+0530] {logging_mixin.py:137} INFO - 255
[2022-12-26T13:47:31.196+0530] {logging_mixin.py:137} INFO - 256
[2022-12-26T13:47:31.196+0530] {logging_mixin.py:137} INFO - 257
[2022-12-26T13:47:31.197+0530] {logging_mixin.py:137} INFO - 258
[2022-12-26T13:47:31.197+0530] {logging_mixin.py:137} INFO - 259
[2022-12-26T13:47:31.198+0530] {logging_mixin.py:137} INFO - 260
[2022-12-26T13:47:31.198+0530] {logging_mixin.py:137} INFO - 261
[2022-12-26T13:47:31.199+0530] {logging_mixin.py:137} INFO - 262
[2022-12-26T13:47:31.199+0530] {logging_mixin.py:137} INFO - 263
[2022-12-26T13:47:31.199+0530] {logging_mixin.py:137} INFO - 264
[2022-12-26T13:47:31.200+0530] {logging_mixin.py:137} INFO - 265
[2022-12-26T13:47:31.200+0530] {logging_mixin.py:137} INFO - 266
[2022-12-26T13:47:31.200+0530] {logging_mixin.py:137} INFO - 267
[2022-12-26T13:47:31.201+0530] {logging_mixin.py:137} INFO - 268
[2022-12-26T13:47:31.201+0530] {logging_mixin.py:137} INFO - 269
[2022-12-26T13:47:31.201+0530] {logging_mixin.py:137} INFO - 270
[2022-12-26T13:47:31.201+0530] {logging_mixin.py:137} INFO - 271
[2022-12-26T13:47:31.202+0530] {logging_mixin.py:137} INFO - 272
[2022-12-26T13:47:31.202+0530] {logging_mixin.py:137} INFO - 273
[2022-12-26T13:47:31.202+0530] {logging_mixin.py:137} INFO - 274
[2022-12-26T13:47:31.202+0530] {logging_mixin.py:137} INFO - 275
[2022-12-26T13:47:31.202+0530] {logging_mixin.py:137} INFO - 276
[2022-12-26T13:47:31.202+0530] {logging_mixin.py:137} INFO - 277
[2022-12-26T13:47:31.203+0530] {logging_mixin.py:137} INFO - 278
[2022-12-26T13:47:31.203+0530] {logging_mixin.py:137} INFO - 279
[2022-12-26T13:47:31.203+0530] {logging_mixin.py:137} INFO - 280
[2022-12-26T13:47:31.203+0530] {logging_mixin.py:137} INFO - 281
[2022-12-26T13:47:31.203+0530] {logging_mixin.py:137} INFO - 282
[2022-12-26T13:47:31.203+0530] {logging_mixin.py:137} INFO - 283
[2022-12-26T13:47:31.204+0530] {logging_mixin.py:137} INFO - 284
[2022-12-26T13:47:31.204+0530] {logging_mixin.py:137} INFO - 285
[2022-12-26T13:47:31.204+0530] {logging_mixin.py:137} INFO - 286
[2022-12-26T13:47:31.204+0530] {logging_mixin.py:137} INFO - 287
[2022-12-26T13:47:31.204+0530] {logging_mixin.py:137} INFO - 288
[2022-12-26T13:47:31.205+0530] {logging_mixin.py:137} INFO - 289
[2022-12-26T13:47:31.205+0530] {logging_mixin.py:137} INFO - 290
[2022-12-26T13:47:31.205+0530] {logging_mixin.py:137} INFO - 291
[2022-12-26T13:47:31.205+0530] {logging_mixin.py:137} INFO - 292
[2022-12-26T13:47:31.205+0530] {logging_mixin.py:137} INFO - 293
[2022-12-26T13:47:31.206+0530] {logging_mixin.py:137} INFO - 294
[2022-12-26T13:47:31.206+0530] {logging_mixin.py:137} INFO - 295
[2022-12-26T13:47:31.206+0530] {logging_mixin.py:137} INFO - 296
[2022-12-26T13:47:31.206+0530] {logging_mixin.py:137} INFO - 297
[2022-12-26T13:47:31.206+0530] {logging_mixin.py:137} INFO - 298
[2022-12-26T13:47:31.206+0530] {logging_mixin.py:137} INFO - 299
[2022-12-26T13:47:31.207+0530] {logging_mixin.py:137} INFO - 300
[2022-12-26T13:47:31.207+0530] {logging_mixin.py:137} INFO - 301
[2022-12-26T13:47:31.207+0530] {logging_mixin.py:137} INFO - 302
[2022-12-26T13:47:31.207+0530] {logging_mixin.py:137} INFO - 303
[2022-12-26T13:47:31.207+0530] {logging_mixin.py:137} INFO - 304
[2022-12-26T13:47:31.208+0530] {logging_mixin.py:137} INFO - 305
[2022-12-26T13:47:31.208+0530] {logging_mixin.py:137} INFO - 306
[2022-12-26T13:47:31.208+0530] {logging_mixin.py:137} INFO - 307
[2022-12-26T13:47:31.208+0530] {logging_mixin.py:137} INFO - 308
[2022-12-26T13:47:31.208+0530] {logging_mixin.py:137} INFO - 309
[2022-12-26T13:47:31.208+0530] {logging_mixin.py:137} INFO - 310
[2022-12-26T13:47:31.209+0530] {logging_mixin.py:137} INFO - 311
[2022-12-26T13:47:31.209+0530] {logging_mixin.py:137} INFO - 312
[2022-12-26T13:47:31.209+0530] {logging_mixin.py:137} INFO - 313
[2022-12-26T13:47:31.209+0530] {logging_mixin.py:137} INFO - 314
[2022-12-26T13:47:31.209+0530] {logging_mixin.py:137} INFO - 315
[2022-12-26T13:47:31.209+0530] {logging_mixin.py:137} INFO - 316
[2022-12-26T13:47:31.210+0530] {logging_mixin.py:137} INFO - 317
[2022-12-26T13:47:31.210+0530] {logging_mixin.py:137} INFO - 318
[2022-12-26T13:47:31.210+0530] {logging_mixin.py:137} INFO - 319
[2022-12-26T13:47:31.210+0530] {logging_mixin.py:137} INFO - 320
[2022-12-26T13:47:31.210+0530] {logging_mixin.py:137} INFO - 321
[2022-12-26T13:47:31.211+0530] {logging_mixin.py:137} INFO - 322
[2022-12-26T13:47:31.211+0530] {logging_mixin.py:137} INFO - 323
[2022-12-26T13:47:31.211+0530] {logging_mixin.py:137} INFO - 324
[2022-12-26T13:47:31.211+0530] {logging_mixin.py:137} INFO - 325
[2022-12-26T13:47:31.211+0530] {logging_mixin.py:137} INFO - 326
[2022-12-26T13:47:31.212+0530] {logging_mixin.py:137} INFO - 327
[2022-12-26T13:47:31.212+0530] {logging_mixin.py:137} INFO - 328
[2022-12-26T13:47:31.212+0530] {logging_mixin.py:137} INFO - 329
[2022-12-26T13:47:31.212+0530] {logging_mixin.py:137} INFO - 330
[2022-12-26T13:47:31.212+0530] {logging_mixin.py:137} INFO - 331
[2022-12-26T13:47:31.212+0530] {logging_mixin.py:137} INFO - 332
[2022-12-26T13:47:31.213+0530] {logging_mixin.py:137} INFO - 333
[2022-12-26T13:47:31.213+0530] {logging_mixin.py:137} INFO - 334
[2022-12-26T13:47:31.214+0530] {logging_mixin.py:137} INFO - 335
[2022-12-26T13:47:31.215+0530] {logging_mixin.py:137} INFO - 336
[2022-12-26T13:47:31.215+0530] {logging_mixin.py:137} INFO - 337
[2022-12-26T13:47:31.216+0530] {logging_mixin.py:137} INFO - 338
[2022-12-26T13:47:31.216+0530] {logging_mixin.py:137} INFO - 339
[2022-12-26T13:47:31.217+0530] {logging_mixin.py:137} INFO - 340
[2022-12-26T13:47:31.217+0530] {logging_mixin.py:137} INFO - 341
[2022-12-26T13:47:31.217+0530] {logging_mixin.py:137} INFO - 342
[2022-12-26T13:47:31.217+0530] {logging_mixin.py:137} INFO - 343
[2022-12-26T13:47:31.217+0530] {logging_mixin.py:137} INFO - 344
[2022-12-26T13:47:31.218+0530] {logging_mixin.py:137} INFO - 345
[2022-12-26T13:47:31.218+0530] {logging_mixin.py:137} INFO - 346
[2022-12-26T13:47:31.218+0530] {logging_mixin.py:137} INFO - 347
[2022-12-26T13:47:31.218+0530] {logging_mixin.py:137} INFO - 348
[2022-12-26T13:47:31.218+0530] {logging_mixin.py:137} INFO - 349
[2022-12-26T13:47:31.219+0530] {logging_mixin.py:137} INFO - 350
[2022-12-26T13:47:31.219+0530] {logging_mixin.py:137} INFO - 351
[2022-12-26T13:47:31.219+0530] {logging_mixin.py:137} INFO - 352
[2022-12-26T13:47:31.219+0530] {logging_mixin.py:137} INFO - 353
[2022-12-26T13:47:31.219+0530] {logging_mixin.py:137} INFO - 354
[2022-12-26T13:47:31.219+0530] {logging_mixin.py:137} INFO - 355
[2022-12-26T13:47:31.220+0530] {logging_mixin.py:137} INFO - 356
[2022-12-26T13:47:31.220+0530] {logging_mixin.py:137} INFO - 357
[2022-12-26T13:47:31.220+0530] {logging_mixin.py:137} INFO - 358
[2022-12-26T13:47:31.220+0530] {logging_mixin.py:137} INFO - 359
[2022-12-26T13:47:31.220+0530] {logging_mixin.py:137} INFO - 360
[2022-12-26T13:47:31.221+0530] {logging_mixin.py:137} INFO - 361
[2022-12-26T13:47:31.221+0530] {logging_mixin.py:137} INFO - 362
[2022-12-26T13:47:31.221+0530] {logging_mixin.py:137} INFO - 363
[2022-12-26T13:47:31.221+0530] {logging_mixin.py:137} INFO - 364
[2022-12-26T13:47:31.221+0530] {logging_mixin.py:137} INFO - 365
[2022-12-26T13:47:31.222+0530] {logging_mixin.py:137} INFO - 366
[2022-12-26T13:47:31.222+0530] {logging_mixin.py:137} INFO - 367
[2022-12-26T13:47:31.222+0530] {logging_mixin.py:137} INFO - 368
[2022-12-26T13:47:31.222+0530] {logging_mixin.py:137} INFO - 369
[2022-12-26T13:47:31.222+0530] {logging_mixin.py:137} INFO - 370
[2022-12-26T13:47:31.222+0530] {logging_mixin.py:137} INFO - 371
[2022-12-26T13:47:31.223+0530] {logging_mixin.py:137} INFO - 372
[2022-12-26T13:47:31.223+0530] {logging_mixin.py:137} INFO - 373
[2022-12-26T13:47:31.223+0530] {logging_mixin.py:137} INFO - 374
[2022-12-26T13:47:31.223+0530] {logging_mixin.py:137} INFO - 375
[2022-12-26T13:47:31.223+0530] {logging_mixin.py:137} INFO - 376
[2022-12-26T13:47:31.224+0530] {logging_mixin.py:137} INFO - 377
[2022-12-26T13:47:31.224+0530] {logging_mixin.py:137} INFO - 378
[2022-12-26T13:47:31.224+0530] {logging_mixin.py:137} INFO - 379
[2022-12-26T13:47:31.224+0530] {logging_mixin.py:137} INFO - 380
[2022-12-26T13:47:31.224+0530] {logging_mixin.py:137} INFO - 381
[2022-12-26T13:47:31.225+0530] {logging_mixin.py:137} INFO - 382
[2022-12-26T13:47:31.225+0530] {logging_mixin.py:137} INFO - 383
[2022-12-26T13:47:31.225+0530] {logging_mixin.py:137} INFO - 384
[2022-12-26T13:47:31.225+0530] {logging_mixin.py:137} INFO - 385
[2022-12-26T13:47:31.225+0530] {logging_mixin.py:137} INFO - 386
[2022-12-26T13:47:31.226+0530] {logging_mixin.py:137} INFO - 387
[2022-12-26T13:47:31.226+0530] {logging_mixin.py:137} INFO - 388
[2022-12-26T13:47:31.226+0530] {logging_mixin.py:137} INFO - 389
[2022-12-26T13:47:31.226+0530] {logging_mixin.py:137} INFO - 390
[2022-12-26T13:47:31.226+0530] {logging_mixin.py:137} INFO - 391
[2022-12-26T13:47:31.227+0530] {logging_mixin.py:137} INFO - 392
[2022-12-26T13:47:31.227+0530] {logging_mixin.py:137} INFO - 393
[2022-12-26T13:47:31.227+0530] {logging_mixin.py:137} INFO - 394
[2022-12-26T13:47:31.227+0530] {logging_mixin.py:137} INFO - 395
[2022-12-26T13:47:31.227+0530] {logging_mixin.py:137} INFO - 396
[2022-12-26T13:47:31.228+0530] {logging_mixin.py:137} INFO - 397
[2022-12-26T13:47:31.228+0530] {logging_mixin.py:137} INFO - 398
[2022-12-26T13:47:31.228+0530] {logging_mixin.py:137} INFO - 399
[2022-12-26T13:47:31.228+0530] {logging_mixin.py:137} INFO - 400
[2022-12-26T13:47:31.228+0530] {logging_mixin.py:137} INFO - 401
[2022-12-26T13:47:31.229+0530] {logging_mixin.py:137} INFO - 402
[2022-12-26T13:47:31.229+0530] {logging_mixin.py:137} INFO - 403
[2022-12-26T13:47:31.229+0530] {logging_mixin.py:137} INFO - 404
[2022-12-26T13:47:31.229+0530] {logging_mixin.py:137} INFO - 405
[2022-12-26T13:47:31.230+0530] {logging_mixin.py:137} INFO - 406
[2022-12-26T13:47:31.230+0530] {logging_mixin.py:137} INFO - 407
[2022-12-26T13:47:31.231+0530] {logging_mixin.py:137} INFO - 408
[2022-12-26T13:47:31.231+0530] {logging_mixin.py:137} INFO - 409
[2022-12-26T13:47:31.231+0530] {logging_mixin.py:137} INFO - 410
[2022-12-26T13:47:31.232+0530] {logging_mixin.py:137} INFO - 411
[2022-12-26T13:47:31.232+0530] {logging_mixin.py:137} INFO - 412
[2022-12-26T13:47:31.232+0530] {logging_mixin.py:137} INFO - 413
[2022-12-26T13:47:31.232+0530] {logging_mixin.py:137} INFO - 414
[2022-12-26T13:47:31.232+0530] {logging_mixin.py:137} INFO - 415
[2022-12-26T13:47:31.233+0530] {logging_mixin.py:137} INFO - 416
[2022-12-26T13:47:31.233+0530] {logging_mixin.py:137} INFO - 417
[2022-12-26T13:47:31.233+0530] {logging_mixin.py:137} INFO - 418
[2022-12-26T13:47:31.233+0530] {logging_mixin.py:137} INFO - 419
[2022-12-26T13:47:31.233+0530] {logging_mixin.py:137} INFO - 420
[2022-12-26T13:47:31.234+0530] {logging_mixin.py:137} INFO - 421
[2022-12-26T13:47:31.234+0530] {logging_mixin.py:137} INFO - 422
[2022-12-26T13:47:31.234+0530] {logging_mixin.py:137} INFO - 423
[2022-12-26T13:47:31.234+0530] {logging_mixin.py:137} INFO - 424
[2022-12-26T13:47:31.234+0530] {logging_mixin.py:137} INFO - 425
[2022-12-26T13:47:31.235+0530] {logging_mixin.py:137} INFO - 426
[2022-12-26T13:47:31.235+0530] {logging_mixin.py:137} INFO - 427
[2022-12-26T13:47:31.235+0530] {logging_mixin.py:137} INFO - 428
[2022-12-26T13:47:31.235+0530] {logging_mixin.py:137} INFO - 429
[2022-12-26T13:47:31.236+0530] {logging_mixin.py:137} INFO - 430
[2022-12-26T13:47:31.236+0530] {logging_mixin.py:137} INFO - 431
[2022-12-26T13:47:31.236+0530] {logging_mixin.py:137} INFO - 432
[2022-12-26T13:47:31.236+0530] {logging_mixin.py:137} INFO - 433
[2022-12-26T13:47:31.236+0530] {logging_mixin.py:137} INFO - 434
[2022-12-26T13:47:31.237+0530] {logging_mixin.py:137} INFO - 435
[2022-12-26T13:47:31.237+0530] {logging_mixin.py:137} INFO - 436
[2022-12-26T13:47:31.237+0530] {logging_mixin.py:137} INFO - 437
[2022-12-26T13:47:31.237+0530] {logging_mixin.py:137} INFO - 438
[2022-12-26T13:47:31.237+0530] {logging_mixin.py:137} INFO - 439
[2022-12-26T13:47:31.238+0530] {logging_mixin.py:137} INFO - 440
[2022-12-26T13:47:31.238+0530] {logging_mixin.py:137} INFO - 441
[2022-12-26T13:47:31.238+0530] {logging_mixin.py:137} INFO - 442
[2022-12-26T13:47:31.238+0530] {logging_mixin.py:137} INFO - 443
[2022-12-26T13:47:31.239+0530] {logging_mixin.py:137} INFO - 444
[2022-12-26T13:47:31.239+0530] {logging_mixin.py:137} INFO - 445
[2022-12-26T13:47:31.239+0530] {logging_mixin.py:137} INFO - 446
[2022-12-26T13:47:31.239+0530] {logging_mixin.py:137} INFO - 447
[2022-12-26T13:47:31.239+0530] {logging_mixin.py:137} INFO - 448
[2022-12-26T13:47:31.240+0530] {logging_mixin.py:137} INFO - 449
[2022-12-26T13:47:31.240+0530] {logging_mixin.py:137} INFO - 450
[2022-12-26T13:47:31.240+0530] {logging_mixin.py:137} INFO - 451
[2022-12-26T13:47:31.240+0530] {logging_mixin.py:137} INFO - 452
[2022-12-26T13:47:31.241+0530] {logging_mixin.py:137} INFO - 453
[2022-12-26T13:47:31.241+0530] {logging_mixin.py:137} INFO - 454
[2022-12-26T13:47:31.241+0530] {logging_mixin.py:137} INFO - 455
[2022-12-26T13:47:31.241+0530] {logging_mixin.py:137} INFO - 456
[2022-12-26T13:47:31.241+0530] {logging_mixin.py:137} INFO - 457
[2022-12-26T13:47:31.242+0530] {logging_mixin.py:137} INFO - 458
[2022-12-26T13:47:31.242+0530] {logging_mixin.py:137} INFO - 459
[2022-12-26T13:47:31.242+0530] {logging_mixin.py:137} INFO - 460
[2022-12-26T13:47:31.242+0530] {logging_mixin.py:137} INFO - 461
[2022-12-26T13:47:31.242+0530] {logging_mixin.py:137} INFO - 462
[2022-12-26T13:47:31.243+0530] {logging_mixin.py:137} INFO - 463
[2022-12-26T13:47:31.243+0530] {logging_mixin.py:137} INFO - 464
[2022-12-26T13:47:31.243+0530] {logging_mixin.py:137} INFO - 465
[2022-12-26T13:47:31.243+0530] {logging_mixin.py:137} INFO - 466
[2022-12-26T13:47:31.243+0530] {logging_mixin.py:137} INFO - 467
[2022-12-26T13:47:31.244+0530] {logging_mixin.py:137} INFO - 468
[2022-12-26T13:47:31.244+0530] {logging_mixin.py:137} INFO - 469
[2022-12-26T13:47:31.244+0530] {logging_mixin.py:137} INFO - 470
[2022-12-26T13:47:31.244+0530] {logging_mixin.py:137} INFO - 471
[2022-12-26T13:47:31.244+0530] {logging_mixin.py:137} INFO - 472
[2022-12-26T13:47:31.245+0530] {logging_mixin.py:137} INFO - 473
[2022-12-26T13:47:31.245+0530] {logging_mixin.py:137} INFO - 474
[2022-12-26T13:47:31.245+0530] {logging_mixin.py:137} INFO - 475
[2022-12-26T13:47:31.245+0530] {logging_mixin.py:137} INFO - 476
[2022-12-26T13:47:31.246+0530] {logging_mixin.py:137} INFO - 477
[2022-12-26T13:47:31.246+0530] {logging_mixin.py:137} INFO - 478
[2022-12-26T13:47:31.247+0530] {logging_mixin.py:137} INFO - 479
[2022-12-26T13:47:31.248+0530] {logging_mixin.py:137} INFO - 480
[2022-12-26T13:47:31.249+0530] {logging_mixin.py:137} INFO - 481
[2022-12-26T13:47:31.249+0530] {logging_mixin.py:137} INFO - 482
[2022-12-26T13:47:31.249+0530] {logging_mixin.py:137} INFO - 483
[2022-12-26T13:47:31.250+0530] {logging_mixin.py:137} INFO - 484
[2022-12-26T13:47:31.250+0530] {logging_mixin.py:137} INFO - 485
[2022-12-26T13:47:31.250+0530] {logging_mixin.py:137} INFO - 486
[2022-12-26T13:47:31.251+0530] {logging_mixin.py:137} INFO - 487
[2022-12-26T13:47:31.251+0530] {logging_mixin.py:137} INFO - 488
[2022-12-26T13:47:31.251+0530] {logging_mixin.py:137} INFO - 489
[2022-12-26T13:47:31.252+0530] {logging_mixin.py:137} INFO - 490
[2022-12-26T13:47:31.252+0530] {logging_mixin.py:137} INFO - 491
[2022-12-26T13:47:31.252+0530] {logging_mixin.py:137} INFO - 492
[2022-12-26T13:47:31.252+0530] {logging_mixin.py:137} INFO - 493
[2022-12-26T13:47:31.253+0530] {logging_mixin.py:137} INFO - 494
[2022-12-26T13:47:31.253+0530] {logging_mixin.py:137} INFO - 495
[2022-12-26T13:47:31.253+0530] {logging_mixin.py:137} INFO - 496
[2022-12-26T13:47:31.253+0530] {logging_mixin.py:137} INFO - 497
[2022-12-26T13:47:31.254+0530] {logging_mixin.py:137} INFO - 498
[2022-12-26T13:47:31.254+0530] {logging_mixin.py:137} INFO - 499
[2022-12-26T13:47:31.254+0530] {logging_mixin.py:137} INFO - 500
[2022-12-26T13:47:31.255+0530] {logging_mixin.py:137} INFO - 501
[2022-12-26T13:47:31.255+0530] {logging_mixin.py:137} INFO - 502
[2022-12-26T13:47:31.255+0530] {logging_mixin.py:137} INFO - 503
[2022-12-26T13:47:31.256+0530] {logging_mixin.py:137} INFO - 504
[2022-12-26T13:47:31.256+0530] {logging_mixin.py:137} INFO - 505
[2022-12-26T13:47:31.256+0530] {logging_mixin.py:137} INFO - 506
[2022-12-26T13:47:31.256+0530] {logging_mixin.py:137} INFO - 507
[2022-12-26T13:47:31.257+0530] {logging_mixin.py:137} INFO - 508
[2022-12-26T13:47:31.257+0530] {logging_mixin.py:137} INFO - 509
[2022-12-26T13:47:31.257+0530] {logging_mixin.py:137} INFO - 510
[2022-12-26T13:47:31.258+0530] {logging_mixin.py:137} INFO - 511
[2022-12-26T13:47:31.258+0530] {logging_mixin.py:137} INFO - 512
[2022-12-26T13:47:31.258+0530] {logging_mixin.py:137} INFO - 513
[2022-12-26T13:47:31.258+0530] {logging_mixin.py:137} INFO - 514
[2022-12-26T13:47:31.259+0530] {logging_mixin.py:137} INFO - 515
[2022-12-26T13:47:31.259+0530] {logging_mixin.py:137} INFO - 516
[2022-12-26T13:47:31.259+0530] {logging_mixin.py:137} INFO - 517
[2022-12-26T13:47:31.259+0530] {logging_mixin.py:137} INFO - 518
[2022-12-26T13:47:31.260+0530] {logging_mixin.py:137} INFO - 519
[2022-12-26T13:47:31.260+0530] {logging_mixin.py:137} INFO - 520
[2022-12-26T13:47:31.260+0530] {logging_mixin.py:137} INFO - 521
[2022-12-26T13:47:31.260+0530] {logging_mixin.py:137} INFO - 522
[2022-12-26T13:47:31.260+0530] {logging_mixin.py:137} INFO - 523
[2022-12-26T13:47:31.261+0530] {logging_mixin.py:137} INFO - 524
[2022-12-26T13:47:31.261+0530] {logging_mixin.py:137} INFO - 525
[2022-12-26T13:47:31.261+0530] {logging_mixin.py:137} INFO - 526
[2022-12-26T13:47:31.261+0530] {logging_mixin.py:137} INFO - 527
[2022-12-26T13:47:31.262+0530] {logging_mixin.py:137} INFO - 528
[2022-12-26T13:47:31.262+0530] {logging_mixin.py:137} INFO - 529
[2022-12-26T13:47:31.262+0530] {logging_mixin.py:137} INFO - 530
[2022-12-26T13:47:31.262+0530] {logging_mixin.py:137} INFO - 531
[2022-12-26T13:47:31.264+0530] {logging_mixin.py:137} INFO - 532
[2022-12-26T13:47:31.264+0530] {logging_mixin.py:137} INFO - 533
[2022-12-26T13:47:31.265+0530] {logging_mixin.py:137} INFO - 534
[2022-12-26T13:47:31.265+0530] {logging_mixin.py:137} INFO - 535
[2022-12-26T13:47:31.266+0530] {logging_mixin.py:137} INFO - 536
[2022-12-26T13:47:31.266+0530] {logging_mixin.py:137} INFO - 537
[2022-12-26T13:47:31.266+0530] {logging_mixin.py:137} INFO - 538
[2022-12-26T13:47:31.266+0530] {logging_mixin.py:137} INFO - 539
[2022-12-26T13:47:31.266+0530] {logging_mixin.py:137} INFO - 540
[2022-12-26T13:47:31.267+0530] {logging_mixin.py:137} INFO - 541
[2022-12-26T13:47:31.267+0530] {logging_mixin.py:137} INFO - 542
[2022-12-26T13:47:31.267+0530] {logging_mixin.py:137} INFO - 543
[2022-12-26T13:47:31.267+0530] {logging_mixin.py:137} INFO - 544
[2022-12-26T13:47:31.268+0530] {logging_mixin.py:137} INFO - 545
[2022-12-26T13:47:31.268+0530] {logging_mixin.py:137} INFO - 546
[2022-12-26T13:47:31.268+0530] {logging_mixin.py:137} INFO - 547
[2022-12-26T13:47:31.268+0530] {logging_mixin.py:137} INFO - 548
[2022-12-26T13:47:31.269+0530] {logging_mixin.py:137} INFO - 549
[2022-12-26T13:47:31.269+0530] {logging_mixin.py:137} INFO - 550
[2022-12-26T13:47:31.269+0530] {logging_mixin.py:137} INFO - 551
[2022-12-26T13:47:31.269+0530] {logging_mixin.py:137} INFO - 552
[2022-12-26T13:47:31.270+0530] {logging_mixin.py:137} INFO - 553
[2022-12-26T13:47:31.270+0530] {logging_mixin.py:137} INFO - 554
[2022-12-26T13:47:31.271+0530] {logging_mixin.py:137} INFO - 555
[2022-12-26T13:47:31.271+0530] {logging_mixin.py:137} INFO - 556
[2022-12-26T13:47:31.271+0530] {logging_mixin.py:137} INFO - 557
[2022-12-26T13:47:31.272+0530] {logging_mixin.py:137} INFO - 558
[2022-12-26T13:47:31.272+0530] {logging_mixin.py:137} INFO - 559
[2022-12-26T13:47:31.273+0530] {logging_mixin.py:137} INFO - 560
[2022-12-26T13:47:31.273+0530] {logging_mixin.py:137} INFO - 561
[2022-12-26T13:47:31.273+0530] {logging_mixin.py:137} INFO - 562
[2022-12-26T13:47:31.273+0530] {logging_mixin.py:137} INFO - 563
[2022-12-26T13:47:31.274+0530] {logging_mixin.py:137} INFO - 564
[2022-12-26T13:47:31.274+0530] {logging_mixin.py:137} INFO - 565
[2022-12-26T13:47:31.274+0530] {logging_mixin.py:137} INFO - 566
[2022-12-26T13:47:31.274+0530] {logging_mixin.py:137} INFO - 567
[2022-12-26T13:47:31.275+0530] {logging_mixin.py:137} INFO - 568
[2022-12-26T13:47:31.275+0530] {logging_mixin.py:137} INFO - 569
[2022-12-26T13:47:31.275+0530] {logging_mixin.py:137} INFO - 570
[2022-12-26T13:47:31.275+0530] {logging_mixin.py:137} INFO - 571
[2022-12-26T13:47:31.276+0530] {logging_mixin.py:137} INFO - 572
[2022-12-26T13:47:31.276+0530] {logging_mixin.py:137} INFO - 573
[2022-12-26T13:47:31.276+0530] {logging_mixin.py:137} INFO - 574
[2022-12-26T13:47:31.276+0530] {logging_mixin.py:137} INFO - 575
[2022-12-26T13:47:31.277+0530] {logging_mixin.py:137} INFO - 576
[2022-12-26T13:47:31.277+0530] {logging_mixin.py:137} INFO - 577
[2022-12-26T13:47:31.277+0530] {logging_mixin.py:137} INFO - 578
[2022-12-26T13:47:31.277+0530] {logging_mixin.py:137} INFO - 579
[2022-12-26T13:47:31.278+0530] {logging_mixin.py:137} INFO - 580
[2022-12-26T13:47:31.278+0530] {logging_mixin.py:137} INFO - 581
[2022-12-26T13:47:31.278+0530] {logging_mixin.py:137} INFO - 582
[2022-12-26T13:47:31.278+0530] {logging_mixin.py:137} INFO - 583
[2022-12-26T13:47:31.279+0530] {logging_mixin.py:137} INFO - 584
[2022-12-26T13:47:31.279+0530] {logging_mixin.py:137} INFO - 585
[2022-12-26T13:47:31.279+0530] {logging_mixin.py:137} INFO - 586
[2022-12-26T13:47:31.281+0530] {logging_mixin.py:137} INFO - 587
[2022-12-26T13:47:31.281+0530] {logging_mixin.py:137} INFO - 588
[2022-12-26T13:47:31.282+0530] {logging_mixin.py:137} INFO - 589
[2022-12-26T13:47:31.282+0530] {logging_mixin.py:137} INFO - 590
[2022-12-26T13:47:31.282+0530] {logging_mixin.py:137} INFO - 591
[2022-12-26T13:47:31.283+0530] {logging_mixin.py:137} INFO - 592
[2022-12-26T13:47:31.283+0530] {logging_mixin.py:137} INFO - 593
[2022-12-26T13:47:31.283+0530] {logging_mixin.py:137} INFO - 594
[2022-12-26T13:47:31.283+0530] {logging_mixin.py:137} INFO - 595
[2022-12-26T13:47:31.284+0530] {logging_mixin.py:137} INFO - 596
[2022-12-26T13:47:31.284+0530] {logging_mixin.py:137} INFO - 597
[2022-12-26T13:47:31.284+0530] {logging_mixin.py:137} INFO - 598
[2022-12-26T13:47:31.284+0530] {logging_mixin.py:137} INFO - 599
[2022-12-26T13:47:31.285+0530] {logging_mixin.py:137} INFO - 600
[2022-12-26T13:47:31.285+0530] {logging_mixin.py:137} INFO - 601
[2022-12-26T13:47:31.285+0530] {logging_mixin.py:137} INFO - 602
[2022-12-26T13:47:31.285+0530] {logging_mixin.py:137} INFO - 603
[2022-12-26T13:47:31.286+0530] {logging_mixin.py:137} INFO - 604
[2022-12-26T13:47:31.286+0530] {logging_mixin.py:137} INFO - 605
[2022-12-26T13:47:31.286+0530] {logging_mixin.py:137} INFO - 606
[2022-12-26T13:47:31.286+0530] {logging_mixin.py:137} INFO - 607
[2022-12-26T13:47:31.287+0530] {logging_mixin.py:137} INFO - 608
[2022-12-26T13:47:31.287+0530] {logging_mixin.py:137} INFO - 609
[2022-12-26T13:47:31.287+0530] {logging_mixin.py:137} INFO - 610
[2022-12-26T13:47:31.287+0530] {logging_mixin.py:137} INFO - 611
[2022-12-26T13:47:31.288+0530] {logging_mixin.py:137} INFO - 612
[2022-12-26T13:47:31.288+0530] {logging_mixin.py:137} INFO - 613
[2022-12-26T13:47:31.288+0530] {logging_mixin.py:137} INFO - 614
[2022-12-26T13:47:31.288+0530] {logging_mixin.py:137} INFO - 615
[2022-12-26T13:47:31.289+0530] {logging_mixin.py:137} INFO - 616
[2022-12-26T13:47:31.289+0530] {logging_mixin.py:137} INFO - 617
[2022-12-26T13:47:31.289+0530] {logging_mixin.py:137} INFO - 618
[2022-12-26T13:47:31.290+0530] {logging_mixin.py:137} INFO - 619
[2022-12-26T13:47:31.290+0530] {logging_mixin.py:137} INFO - 620
[2022-12-26T13:47:31.290+0530] {logging_mixin.py:137} INFO - 621
[2022-12-26T13:47:31.290+0530] {logging_mixin.py:137} INFO - 622
[2022-12-26T13:47:31.291+0530] {logging_mixin.py:137} INFO - 623
[2022-12-26T13:47:31.291+0530] {logging_mixin.py:137} INFO - 624
[2022-12-26T13:47:31.291+0530] {logging_mixin.py:137} INFO - 625
[2022-12-26T13:47:31.291+0530] {logging_mixin.py:137} INFO - 626
[2022-12-26T13:47:31.292+0530] {logging_mixin.py:137} INFO - 627
[2022-12-26T13:47:31.292+0530] {logging_mixin.py:137} INFO - 628
[2022-12-26T13:47:31.292+0530] {logging_mixin.py:137} INFO - 629
[2022-12-26T13:47:31.292+0530] {logging_mixin.py:137} INFO - 630
[2022-12-26T13:47:31.293+0530] {logging_mixin.py:137} INFO - 631
[2022-12-26T13:47:31.293+0530] {logging_mixin.py:137} INFO - 632
[2022-12-26T13:47:31.293+0530] {logging_mixin.py:137} INFO - 633
[2022-12-26T13:47:31.294+0530] {logging_mixin.py:137} INFO - 634
[2022-12-26T13:47:31.294+0530] {logging_mixin.py:137} INFO - 635
[2022-12-26T13:47:31.294+0530] {logging_mixin.py:137} INFO - 636
[2022-12-26T13:47:31.294+0530] {logging_mixin.py:137} INFO - 637
[2022-12-26T13:47:31.295+0530] {logging_mixin.py:137} INFO - 638
[2022-12-26T13:47:31.295+0530] {logging_mixin.py:137} INFO - 639
[2022-12-26T13:47:31.295+0530] {logging_mixin.py:137} INFO - 640
[2022-12-26T13:47:31.296+0530] {logging_mixin.py:137} INFO - 641
[2022-12-26T13:47:31.296+0530] {logging_mixin.py:137} INFO - 642
[2022-12-26T13:47:31.297+0530] {logging_mixin.py:137} INFO - 643
[2022-12-26T13:47:31.298+0530] {logging_mixin.py:137} INFO - 644
[2022-12-26T13:47:31.299+0530] {logging_mixin.py:137} INFO - 645
[2022-12-26T13:47:31.299+0530] {logging_mixin.py:137} INFO - 646
[2022-12-26T13:47:31.299+0530] {logging_mixin.py:137} INFO - 647
[2022-12-26T13:47:31.299+0530] {logging_mixin.py:137} INFO - 648
[2022-12-26T13:47:31.300+0530] {logging_mixin.py:137} INFO - 649
[2022-12-26T13:47:31.300+0530] {logging_mixin.py:137} INFO - 650
[2022-12-26T13:47:31.300+0530] {logging_mixin.py:137} INFO - 651
[2022-12-26T13:47:31.300+0530] {logging_mixin.py:137} INFO - 652
[2022-12-26T13:47:31.301+0530] {logging_mixin.py:137} INFO - 653
[2022-12-26T13:47:31.301+0530] {logging_mixin.py:137} INFO - 654
[2022-12-26T13:47:31.301+0530] {logging_mixin.py:137} INFO - 655
[2022-12-26T13:47:31.301+0530] {logging_mixin.py:137} INFO - 656
[2022-12-26T13:47:31.302+0530] {logging_mixin.py:137} INFO - 657
[2022-12-26T13:47:31.302+0530] {logging_mixin.py:137} INFO - 658
[2022-12-26T13:47:31.302+0530] {logging_mixin.py:137} INFO - 659
[2022-12-26T13:47:31.302+0530] {logging_mixin.py:137} INFO - 660
[2022-12-26T13:47:31.303+0530] {logging_mixin.py:137} INFO - 661
[2022-12-26T13:47:31.303+0530] {logging_mixin.py:137} INFO - 662
[2022-12-26T13:47:31.303+0530] {logging_mixin.py:137} INFO - 663
[2022-12-26T13:47:31.304+0530] {logging_mixin.py:137} INFO - 664
[2022-12-26T13:47:31.304+0530] {logging_mixin.py:137} INFO - 665
[2022-12-26T13:47:31.304+0530] {logging_mixin.py:137} INFO - 666
[2022-12-26T13:47:31.304+0530] {logging_mixin.py:137} INFO - 667
[2022-12-26T13:47:31.305+0530] {logging_mixin.py:137} INFO - 668
[2022-12-26T13:47:31.305+0530] {logging_mixin.py:137} INFO - 669
[2022-12-26T13:47:31.305+0530] {logging_mixin.py:137} INFO - 670
[2022-12-26T13:47:31.305+0530] {logging_mixin.py:137} INFO - 671
[2022-12-26T13:47:31.306+0530] {logging_mixin.py:137} INFO - 672
[2022-12-26T13:47:31.306+0530] {logging_mixin.py:137} INFO - 673
[2022-12-26T13:47:31.306+0530] {logging_mixin.py:137} INFO - 674
[2022-12-26T13:47:31.307+0530] {logging_mixin.py:137} INFO - 675
[2022-12-26T13:47:31.307+0530] {logging_mixin.py:137} INFO - 676
[2022-12-26T13:47:31.307+0530] {logging_mixin.py:137} INFO - 677
[2022-12-26T13:47:31.307+0530] {logging_mixin.py:137} INFO - 678
[2022-12-26T13:47:31.308+0530] {logging_mixin.py:137} INFO - 679
[2022-12-26T13:47:31.308+0530] {logging_mixin.py:137} INFO - 680
[2022-12-26T13:47:31.308+0530] {logging_mixin.py:137} INFO - 681
[2022-12-26T13:47:31.309+0530] {logging_mixin.py:137} INFO - 682
[2022-12-26T13:47:31.309+0530] {logging_mixin.py:137} INFO - 683
[2022-12-26T13:47:31.309+0530] {logging_mixin.py:137} INFO - 684
[2022-12-26T13:47:31.309+0530] {logging_mixin.py:137} INFO - 685
[2022-12-26T13:47:31.310+0530] {logging_mixin.py:137} INFO - 686
[2022-12-26T13:47:31.310+0530] {logging_mixin.py:137} INFO - 687
[2022-12-26T13:47:31.310+0530] {logging_mixin.py:137} INFO - 688
[2022-12-26T13:47:31.310+0530] {logging_mixin.py:137} INFO - 689
[2022-12-26T13:47:31.311+0530] {logging_mixin.py:137} INFO - 690
[2022-12-26T13:47:31.311+0530] {logging_mixin.py:137} INFO - 691
[2022-12-26T13:47:31.311+0530] {logging_mixin.py:137} INFO - 692
[2022-12-26T13:47:31.311+0530] {logging_mixin.py:137} INFO - 693
[2022-12-26T13:47:31.312+0530] {logging_mixin.py:137} INFO - 694
[2022-12-26T13:47:31.312+0530] {logging_mixin.py:137} INFO - 695
[2022-12-26T13:47:31.312+0530] {logging_mixin.py:137} INFO - 696
[2022-12-26T13:47:31.313+0530] {logging_mixin.py:137} INFO - 697
[2022-12-26T13:47:31.313+0530] {logging_mixin.py:137} INFO - 698
[2022-12-26T13:47:31.315+0530] {logging_mixin.py:137} INFO - 699
[2022-12-26T13:47:31.315+0530] {logging_mixin.py:137} INFO - 700
[2022-12-26T13:47:31.316+0530] {logging_mixin.py:137} INFO - 701
[2022-12-26T13:47:31.316+0530] {logging_mixin.py:137} INFO - 702
[2022-12-26T13:47:31.316+0530] {logging_mixin.py:137} INFO - 703
[2022-12-26T13:47:31.317+0530] {logging_mixin.py:137} INFO - 704
[2022-12-26T13:47:31.317+0530] {logging_mixin.py:137} INFO - 705
[2022-12-26T13:47:31.317+0530] {logging_mixin.py:137} INFO - 706
[2022-12-26T13:47:31.317+0530] {logging_mixin.py:137} INFO - 707
[2022-12-26T13:47:31.318+0530] {logging_mixin.py:137} INFO - 708
[2022-12-26T13:47:31.318+0530] {logging_mixin.py:137} INFO - 709
[2022-12-26T13:47:31.318+0530] {logging_mixin.py:137} INFO - 710
[2022-12-26T13:47:31.318+0530] {logging_mixin.py:137} INFO - 711
[2022-12-26T13:47:31.319+0530] {logging_mixin.py:137} INFO - 712
[2022-12-26T13:47:31.319+0530] {logging_mixin.py:137} INFO - 713
[2022-12-26T13:47:31.319+0530] {logging_mixin.py:137} INFO - 714
[2022-12-26T13:47:31.320+0530] {logging_mixin.py:137} INFO - 715
[2022-12-26T13:47:31.320+0530] {logging_mixin.py:137} INFO - 716
[2022-12-26T13:47:31.320+0530] {logging_mixin.py:137} INFO - 717
[2022-12-26T13:47:31.320+0530] {logging_mixin.py:137} INFO - 718
[2022-12-26T13:47:31.321+0530] {logging_mixin.py:137} INFO - 719
[2022-12-26T13:47:31.321+0530] {logging_mixin.py:137} INFO - 720
[2022-12-26T13:47:31.321+0530] {logging_mixin.py:137} INFO - 721
[2022-12-26T13:47:31.322+0530] {logging_mixin.py:137} INFO - 722
[2022-12-26T13:47:31.322+0530] {logging_mixin.py:137} INFO - 723
[2022-12-26T13:47:31.322+0530] {logging_mixin.py:137} INFO - 724
[2022-12-26T13:47:31.322+0530] {logging_mixin.py:137} INFO - 725
[2022-12-26T13:47:31.323+0530] {logging_mixin.py:137} INFO - 726
[2022-12-26T13:47:31.323+0530] {logging_mixin.py:137} INFO - 727
[2022-12-26T13:47:31.323+0530] {logging_mixin.py:137} INFO - 728
[2022-12-26T13:47:31.323+0530] {logging_mixin.py:137} INFO - 729
[2022-12-26T13:47:31.324+0530] {logging_mixin.py:137} INFO - 730
[2022-12-26T13:47:31.324+0530] {logging_mixin.py:137} INFO - 731
[2022-12-26T13:47:31.324+0530] {logging_mixin.py:137} INFO - 732
[2022-12-26T13:47:31.324+0530] {logging_mixin.py:137} INFO - 733
[2022-12-26T13:47:31.325+0530] {logging_mixin.py:137} INFO - 734
[2022-12-26T13:47:31.325+0530] {logging_mixin.py:137} INFO - 735
[2022-12-26T13:47:31.326+0530] {logging_mixin.py:137} INFO - 736
[2022-12-26T13:47:31.326+0530] {logging_mixin.py:137} INFO - 737
[2022-12-26T13:47:31.326+0530] {logging_mixin.py:137} INFO - 738
[2022-12-26T13:47:31.327+0530] {logging_mixin.py:137} INFO - 739
[2022-12-26T13:47:31.327+0530] {logging_mixin.py:137} INFO - 740
[2022-12-26T13:47:31.327+0530] {logging_mixin.py:137} INFO - 741
[2022-12-26T13:47:31.327+0530] {logging_mixin.py:137} INFO - 742
[2022-12-26T13:47:31.328+0530] {logging_mixin.py:137} INFO - 743
[2022-12-26T13:47:31.369+0530] {python.py:177} INFO - Done. Returned value was: None
[2022-12-26T13:47:31.373+0530] {taskinstance.py:1322} INFO - Marking task as SUCCESS. dag_id=Money__Market, task_id=load_data, execution_date=20221225T080000, start_date=20221226T081730, end_date=20221226T081731
[2022-12-26T13:47:31.421+0530] {local_task_job.py:159} INFO - Task exited with return code 0
[2022-12-26T13:47:31.439+0530] {taskinstance.py:2582} INFO - 1 downstream tasks scheduled from follow-on schedule check
