[2023-03-17T03:56:43.647+0530] {taskinstance.py:1087} INFO - Dependencies all met for <TaskInstance: nsdlfpi_and_rupee.load_data scheduled__2023-02-28T00:00:00+00:00 [queued]>
[2023-03-17T03:56:43.669+0530] {taskinstance.py:1087} INFO - Dependencies all met for <TaskInstance: nsdlfpi_and_rupee.load_data scheduled__2023-02-28T00:00:00+00:00 [queued]>
[2023-03-17T03:56:43.669+0530] {taskinstance.py:1283} INFO - 
--------------------------------------------------------------------------------
[2023-03-17T03:56:43.670+0530] {taskinstance.py:1284} INFO - Starting attempt 1 of 4
[2023-03-17T03:56:43.670+0530] {taskinstance.py:1285} INFO - 
--------------------------------------------------------------------------------
[2023-03-17T03:56:43.700+0530] {taskinstance.py:1304} INFO - Executing <Task(PythonOperator): load_data> on 2023-02-28 00:00:00+00:00
[2023-03-17T03:56:43.710+0530] {standard_task_runner.py:55} INFO - Started process 4360 to run task
[2023-03-17T03:56:43.728+0530] {standard_task_runner.py:82} INFO - Running: ['airflow', 'tasks', 'run', 'nsdlfpi_and_rupee', 'load_data', 'scheduled__2023-02-28T00:00:00+00:00', '--job-id', '4869', '--raw', '--subdir', 'DAGS_FOLDER/nsdl_and_rupee.py', '--cfg-path', '/tmp/tmpktkw4159']
[2023-03-17T03:56:43.733+0530] {standard_task_runner.py:83} INFO - Job 4869: Subtask load_data
[2023-03-17T03:56:43.858+0530] {task_command.py:389} INFO - Running <TaskInstance: nsdlfpi_and_rupee.load_data scheduled__2023-02-28T00:00:00+00:00 [running]> on host DESKTOP-SQIOQPD.
[2023-03-17T03:56:44.157+0530] {taskinstance.py:1511} INFO - Exporting the following env vars:
AIRFLOW_CTX_DAG_EMAIL=nikheleshbhattacharyya@gmail.com
AIRFLOW_CTX_DAG_OWNER=airflow
AIRFLOW_CTX_DAG_ID=nsdlfpi_and_rupee
AIRFLOW_CTX_TASK_ID=load_data
AIRFLOW_CTX_EXECUTION_DATE=2023-02-28T00:00:00+00:00
AIRFLOW_CTX_TRY_NUMBER=1
AIRFLOW_CTX_DAG_RUN_ID=scheduled__2023-02-28T00:00:00+00:00
[2023-03-17T04:02:28.546+0530] {python.py:177} INFO - Done. Returned value was: None
[2023-03-17T04:02:28.564+0530] {taskinstance.py:1322} INFO - Marking task as SUCCESS. dag_id=nsdlfpi_and_rupee, task_id=load_data, execution_date=20230228T000000, start_date=20230316T222643, end_date=20230316T223228
[2023-03-17T04:02:28.628+0530] {local_task_job.py:159} INFO - Task exited with return code 0
[2023-03-17T04:02:28.684+0530] {taskinstance.py:2582} INFO - 1 downstream tasks scheduled from follow-on schedule check
