[2023-03-17T05:07:24.582+0530] {taskinstance.py:1087} INFO - Dependencies all met for <TaskInstance: Monthly.extract scheduled__2023-03-02T00:00:00+00:00 [queued]>
[2023-03-17T05:07:24.598+0530] {taskinstance.py:1087} INFO - Dependencies all met for <TaskInstance: Monthly.extract scheduled__2023-03-02T00:00:00+00:00 [queued]>
[2023-03-17T05:07:24.599+0530] {taskinstance.py:1283} INFO - 
--------------------------------------------------------------------------------
[2023-03-17T05:07:24.599+0530] {taskinstance.py:1284} INFO - Starting attempt 1 of 4
[2023-03-17T05:07:24.599+0530] {taskinstance.py:1285} INFO - 
--------------------------------------------------------------------------------
[2023-03-17T05:07:24.618+0530] {taskinstance.py:1304} INFO - Executing <Task(PythonOperator): extract> on 2023-03-02 00:00:00+00:00
[2023-03-17T05:07:24.628+0530] {standard_task_runner.py:55} INFO - Started process 5573 to run task
[2023-03-17T05:07:24.633+0530] {standard_task_runner.py:82} INFO - Running: ['airflow', 'tasks', 'run', 'Monthly', 'extract', 'scheduled__2023-03-02T00:00:00+00:00', '--job-id', '4899', '--raw', '--subdir', 'DAGS_FOLDER/Monthly.py', '--cfg-path', '/tmp/tmp3p8fv9e8']
[2023-03-17T05:07:24.636+0530] {standard_task_runner.py:83} INFO - Job 4899: Subtask extract
[2023-03-17T05:07:24.721+0530] {task_command.py:389} INFO - Running <TaskInstance: Monthly.extract scheduled__2023-03-02T00:00:00+00:00 [running]> on host DESKTOP-SQIOQPD.
[2023-03-17T05:07:24.954+0530] {taskinstance.py:1511} INFO - Exporting the following env vars:
AIRFLOW_CTX_DAG_EMAIL=nikheleshbhattacharyya@gmail.com
AIRFLOW_CTX_DAG_OWNER=airflow
AIRFLOW_CTX_DAG_ID=Monthly
AIRFLOW_CTX_TASK_ID=extract
AIRFLOW_CTX_EXECUTION_DATE=2023-03-02T00:00:00+00:00
AIRFLOW_CTX_TRY_NUMBER=1
AIRFLOW_CTX_DAG_RUN_ID=scheduled__2023-03-02T00:00:00+00:00
[2023-03-17T05:13:17.000+0530] {logging_mixin.py:137} INFO - document.getElementById('20201').click()
[2023-03-17T05:13:17.103+0530] {logging_mixin.py:137} INFO - document.getElementById('20202').click()
[2023-03-17T05:13:17.118+0530] {logging_mixin.py:137} INFO - document.getElementById('20203').click()
[2023-03-17T05:13:17.129+0530] {logging_mixin.py:137} INFO - document.getElementById('20204').click()
[2023-03-17T05:13:17.140+0530] {logging_mixin.py:137} INFO - document.getElementById('20205').click()
[2023-03-17T05:13:17.152+0530] {logging_mixin.py:137} INFO - document.getElementById('20206').click()
[2023-03-17T05:13:17.167+0530] {logging_mixin.py:137} INFO - document.getElementById('20207').click()
[2023-03-17T05:13:17.199+0530] {logging_mixin.py:137} INFO - document.getElementById('20208').click()
[2023-03-17T05:13:17.216+0530] {logging_mixin.py:137} INFO - document.getElementById('20209').click()
[2023-03-17T05:13:17.235+0530] {logging_mixin.py:137} INFO - document.getElementById('202010').click()
[2023-03-17T05:13:17.248+0530] {logging_mixin.py:137} INFO - document.getElementById('202011').click()
[2023-03-17T05:13:17.263+0530] {logging_mixin.py:137} INFO - document.getElementById('202012').click()
[2023-03-17T05:13:17.285+0530] {logging_mixin.py:137} INFO - document.getElementById('20211').click()
[2023-03-17T05:13:17.302+0530] {logging_mixin.py:137} INFO - document.getElementById('20212').click()
[2023-03-17T05:13:17.315+0530] {logging_mixin.py:137} INFO - document.getElementById('20213').click()
[2023-03-17T05:13:17.330+0530] {logging_mixin.py:137} INFO - document.getElementById('20214').click()
[2023-03-17T05:13:17.347+0530] {logging_mixin.py:137} INFO - document.getElementById('20215').click()
[2023-03-17T05:13:17.364+0530] {logging_mixin.py:137} INFO - document.getElementById('20216').click()
[2023-03-17T05:13:17.386+0530] {logging_mixin.py:137} INFO - document.getElementById('20217').click()
[2023-03-17T05:13:17.399+0530] {logging_mixin.py:137} INFO - document.getElementById('20218').click()
[2023-03-17T05:13:17.413+0530] {logging_mixin.py:137} INFO - document.getElementById('20219').click()
[2023-03-17T05:13:17.428+0530] {logging_mixin.py:137} INFO - document.getElementById('202110').click()
[2023-03-17T05:13:17.443+0530] {logging_mixin.py:137} INFO - document.getElementById('202111').click()
[2023-03-17T05:13:17.456+0530] {logging_mixin.py:137} INFO - document.getElementById('202112').click()
[2023-03-17T05:13:17.469+0530] {logging_mixin.py:137} INFO - document.getElementById('20221').click()
[2023-03-17T05:13:17.482+0530] {logging_mixin.py:137} INFO - document.getElementById('20222').click()
[2023-03-17T05:13:17.497+0530] {logging_mixin.py:137} INFO - document.getElementById('20223').click()
[2023-03-17T05:13:17.510+0530] {logging_mixin.py:137} INFO - document.getElementById('20224').click()
[2023-03-17T05:13:17.523+0530] {logging_mixin.py:137} INFO - document.getElementById('20225').click()
[2023-03-17T05:13:17.551+0530] {logging_mixin.py:137} INFO - document.getElementById('20226').click()
[2023-03-17T05:13:17.573+0530] {logging_mixin.py:137} INFO - document.getElementById('20227').click()
[2023-03-17T05:13:17.586+0530] {logging_mixin.py:137} INFO - document.getElementById('20228').click()
[2023-03-17T05:13:17.600+0530] {logging_mixin.py:137} INFO - document.getElementById('20229').click()
[2023-03-17T05:13:17.626+0530] {logging_mixin.py:137} INFO - document.getElementById('202210').click()
[2023-03-17T05:13:17.679+0530] {logging_mixin.py:137} INFO - document.getElementById('202211').click()
[2023-03-17T05:13:17.703+0530] {logging_mixin.py:137} INFO - document.getElementById('202212').click()
[2023-03-17T05:13:17.721+0530] {logging_mixin.py:137} INFO - document.getElementById('20231').click()
[2023-03-17T05:13:17.738+0530] {logging_mixin.py:137} INFO - document.getElementById('20232').click()
[2023-03-17T05:13:17.772+0530] {logging_mixin.py:137} INFO - document.getElementById('20233').click()
[2023-03-17T05:13:17.790+0530] {logging_mixin.py:137} INFO - document.getElementById('20234').click()
[2023-03-17T05:13:17.808+0530] {logging_mixin.py:137} INFO - document.getElementById('20235').click()
[2023-03-17T05:13:17.822+0530] {logging_mixin.py:137} INFO - document.getElementById('20236').click()
[2023-03-17T05:13:17.844+0530] {logging_mixin.py:137} INFO - document.getElementById('20237').click()
[2023-03-17T05:13:17.886+0530] {logging_mixin.py:137} INFO - document.getElementById('20238').click()
[2023-03-17T05:13:17.910+0530] {logging_mixin.py:137} INFO - document.getElementById('20239').click()
[2023-03-17T05:13:17.932+0530] {logging_mixin.py:137} INFO - document.getElementById('202310').click()
[2023-03-17T05:13:17.953+0530] {logging_mixin.py:137} INFO - document.getElementById('202311').click()
[2023-03-17T05:13:17.971+0530] {logging_mixin.py:137} INFO - document.getElementById('202312').click()
[2023-03-17T05:13:18.158+0530] {python.py:177} INFO - Done. Returned value was: ([], [], [], [], [], [], [])
[2023-03-17T05:13:18.335+0530] {taskinstance.py:1322} INFO - Marking task as SUCCESS. dag_id=Monthly, task_id=extract, execution_date=20230302T000000, start_date=20230316T233724, end_date=20230316T234318
[2023-03-17T05:13:18.400+0530] {local_task_job.py:159} INFO - Task exited with return code 0
[2023-03-17T05:13:18.467+0530] {taskinstance.py:2582} INFO - 1 downstream tasks scheduled from follow-on schedule check
