[2023-02-23T22:27:04.726+0530] {taskinstance.py:1087} INFO - Dependencies all met for <TaskInstance: FX__Turnover.load_data scheduled__2023-02-22T00:00:00+00:00 [queued]>
[2023-02-23T22:27:04.739+0530] {taskinstance.py:1087} INFO - Dependencies all met for <TaskInstance: FX__Turnover.load_data scheduled__2023-02-22T00:00:00+00:00 [queued]>
[2023-02-23T22:27:04.739+0530] {taskinstance.py:1283} INFO - 
--------------------------------------------------------------------------------
[2023-02-23T22:27:04.739+0530] {taskinstance.py:1284} INFO - Starting attempt 1 of 4
[2023-02-23T22:27:04.739+0530] {taskinstance.py:1285} INFO - 
--------------------------------------------------------------------------------
[2023-02-23T22:27:04.757+0530] {taskinstance.py:1304} INFO - Executing <Task(PythonOperator): load_data> on 2023-02-22 00:00:00+00:00
[2023-02-23T22:27:04.765+0530] {standard_task_runner.py:55} INFO - Started process 4694 to run task
[2023-02-23T22:27:04.769+0530] {standard_task_runner.py:82} INFO - Running: ['airflow', 'tasks', 'run', 'FX__Turnover', 'load_data', 'scheduled__2023-02-22T00:00:00+00:00', '--job-id', '4672', '--raw', '--subdir', 'DAGS_FOLDER/FX_turnover.py', '--cfg-path', '/tmp/tmpki610dcf']
[2023-02-23T22:27:04.772+0530] {standard_task_runner.py:83} INFO - Job 4672: Subtask load_data
[2023-02-23T22:27:04.825+0530] {task_command.py:389} INFO - Running <TaskInstance: FX__Turnover.load_data scheduled__2023-02-22T00:00:00+00:00 [running]> on host DESKTOP-SQIOQPD.
[2023-02-23T22:27:04.917+0530] {taskinstance.py:1511} INFO - Exporting the following env vars:
AIRFLOW_CTX_DAG_EMAIL=nikheleshbhattacharyya@gmail.com
AIRFLOW_CTX_DAG_OWNER=airflow
AIRFLOW_CTX_DAG_ID=FX__Turnover
AIRFLOW_CTX_TASK_ID=load_data
AIRFLOW_CTX_EXECUTION_DATE=2023-02-22T00:00:00+00:00
AIRFLOW_CTX_TRY_NUMBER=1
AIRFLOW_CTX_DAG_RUN_ID=scheduled__2023-02-22T00:00:00+00:00
[2023-02-23T22:27:26.935+0530] {python.py:177} INFO - Done. Returned value was: None
[2023-02-23T22:27:26.943+0530] {taskinstance.py:1322} INFO - Marking task as SUCCESS. dag_id=FX__Turnover, task_id=load_data, execution_date=20230222T000000, start_date=20230223T165704, end_date=20230223T165726
[2023-02-23T22:27:33.763+0530] {local_task_job.py:159} INFO - Task exited with return code 0
[2023-02-23T22:27:33.790+0530] {taskinstance.py:2582} INFO - 1 downstream tasks scheduled from follow-on schedule check
