[2023-02-14T11:02:50.237+0530] {taskinstance.py:1087} INFO - Dependencies all met for <TaskInstance: FX__Turnover.extract_data scheduled__2023-02-11T00:00:00+00:00 [queued]>
[2023-02-14T11:02:50.269+0530] {taskinstance.py:1087} INFO - Dependencies all met for <TaskInstance: FX__Turnover.extract_data scheduled__2023-02-11T00:00:00+00:00 [queued]>
[2023-02-14T11:02:50.270+0530] {taskinstance.py:1283} INFO - 
--------------------------------------------------------------------------------
[2023-02-14T11:02:50.270+0530] {taskinstance.py:1284} INFO - Starting attempt 1 of 4
[2023-02-14T11:02:50.270+0530] {taskinstance.py:1285} INFO - 
--------------------------------------------------------------------------------
[2023-02-14T11:02:50.350+0530] {taskinstance.py:1304} INFO - Executing <Task(PythonOperator): extract_data> on 2023-02-11 00:00:00+00:00
[2023-02-14T11:02:50.363+0530] {standard_task_runner.py:55} INFO - Started process 8507 to run task
[2023-02-14T11:02:50.368+0530] {standard_task_runner.py:82} INFO - Running: ['airflow', 'tasks', 'run', 'FX__Turnover', 'extract_data', 'scheduled__2023-02-11T00:00:00+00:00', '--job-id', '4270', '--raw', '--subdir', 'DAGS_FOLDER/FX_turnover.py', '--cfg-path', '/tmp/tmp6i_708y2']
[2023-02-14T11:02:50.370+0530] {standard_task_runner.py:83} INFO - Job 4270: Subtask extract_data
[2023-02-14T11:02:50.453+0530] {task_command.py:389} INFO - Running <TaskInstance: FX__Turnover.extract_data scheduled__2023-02-11T00:00:00+00:00 [running]> on host DESKTOP-SQIOQPD.
[2023-02-14T11:02:50.578+0530] {taskinstance.py:1511} INFO - Exporting the following env vars:
AIRFLOW_CTX_DAG_EMAIL=nikheleshbhattacharyya@gmail.com
AIRFLOW_CTX_DAG_OWNER=airflow
AIRFLOW_CTX_DAG_ID=FX__Turnover
AIRFLOW_CTX_TASK_ID=extract_data
AIRFLOW_CTX_EXECUTION_DATE=2023-02-11T00:00:00+00:00
AIRFLOW_CTX_TRY_NUMBER=1
AIRFLOW_CTX_DAG_RUN_ID=scheduled__2023-02-11T00:00:00+00:00
[2023-02-14T11:29:13.090+0530] {python.py:177} INFO - Done. Returned value was: ([], [], [], [])
[2023-02-14T11:29:13.143+0530] {taskinstance.py:1322} INFO - Marking task as SUCCESS. dag_id=FX__Turnover, task_id=extract_data, execution_date=20230211T000000, start_date=20230214T053250, end_date=20230214T055913
[2023-02-14T11:29:13.214+0530] {local_task_job.py:159} INFO - Task exited with return code 0
[2023-02-14T11:29:13.272+0530] {taskinstance.py:2582} INFO - 1 downstream tasks scheduled from follow-on schedule check
