[2022-12-27T12:51:27.123+0530] {taskinstance.py:1087} INFO - Dependencies all met for <TaskInstance: Money__Market.extract_data scheduled__2022-12-26T20:00:00+00:00 [queued]>
[2022-12-27T12:51:27.167+0530] {taskinstance.py:1087} INFO - Dependencies all met for <TaskInstance: Money__Market.extract_data scheduled__2022-12-26T20:00:00+00:00 [queued]>
[2022-12-27T12:51:27.168+0530] {taskinstance.py:1283} INFO - 
--------------------------------------------------------------------------------
[2022-12-27T12:51:27.168+0530] {taskinstance.py:1284} INFO - Starting attempt 1 of 4
[2022-12-27T12:51:27.168+0530] {taskinstance.py:1285} INFO - 
--------------------------------------------------------------------------------
[2022-12-27T12:51:27.216+0530] {taskinstance.py:1304} INFO - Executing <Task(PythonOperator): extract_data> on 2022-12-26 20:00:00+00:00
[2022-12-27T12:51:27.223+0530] {standard_task_runner.py:55} INFO - Started process 8756 to run task
[2022-12-27T12:51:27.227+0530] {standard_task_runner.py:82} INFO - Running: ['airflow', 'tasks', 'run', 'Money__Market', 'extract_data', 'scheduled__2022-12-26T20:00:00+00:00', '--job-id', '1110', '--raw', '--subdir', 'DAGS_FOLDER/Money_Market.py', '--cfg-path', '/tmp/tmp1crhd1ub']
[2022-12-27T12:51:27.228+0530] {standard_task_runner.py:83} INFO - Job 1110: Subtask extract_data
[2022-12-27T12:51:27.329+0530] {task_command.py:389} INFO - Running <TaskInstance: Money__Market.extract_data scheduled__2022-12-26T20:00:00+00:00 [running]> on host DESKTOP-SQIOQPD.
[2022-12-27T12:51:27.410+0530] {taskinstance.py:1511} INFO - Exporting the following env vars:
AIRFLOW_CTX_DAG_EMAIL=nikheleshbhattacharyya@gmail.com
AIRFLOW_CTX_DAG_OWNER=airflow
AIRFLOW_CTX_DAG_ID=Money__Market
AIRFLOW_CTX_TASK_ID=extract_data
AIRFLOW_CTX_EXECUTION_DATE=2022-12-26T20:00:00+00:00
AIRFLOW_CTX_TRY_NUMBER=1
AIRFLOW_CTX_DAG_RUN_ID=scheduled__2022-12-26T20:00:00+00:00
[2022-12-27T12:51:28.212+0530] {logging_mixin.py:137} INFO - 1
[2022-12-27T12:51:28.568+0530] {logging_mixin.py:137} INFO - 2
[2022-12-27T12:51:28.881+0530] {logging_mixin.py:137} INFO - 3
[2022-12-27T12:51:29.314+0530] {logging_mixin.py:137} INFO - 4
[2022-12-27T12:51:29.604+0530] {logging_mixin.py:137} INFO - 5
[2022-12-27T12:51:29.955+0530] {logging_mixin.py:137} INFO - 6
[2022-12-27T12:51:30.228+0530] {logging_mixin.py:137} INFO - 7
[2022-12-27T12:51:30.552+0530] {logging_mixin.py:137} INFO - 8
[2022-12-27T12:51:30.836+0530] {logging_mixin.py:137} INFO - 9
[2022-12-27T12:51:31.198+0530] {logging_mixin.py:137} INFO - 10
[2022-12-27T12:51:31.670+0530] {logging_mixin.py:137} INFO - 11
[2022-12-27T12:51:32.430+0530] {logging_mixin.py:137} INFO - 12
[2022-12-27T12:51:32.812+0530] {logging_mixin.py:137} INFO - 13
[2022-12-27T12:51:33.269+0530] {logging_mixin.py:137} INFO - 14
[2022-12-27T12:51:33.801+0530] {logging_mixin.py:137} INFO - 15
[2022-12-27T12:51:34.170+0530] {logging_mixin.py:137} INFO - 16
[2022-12-27T12:51:34.499+0530] {logging_mixin.py:137} INFO - 17
[2022-12-27T12:51:34.940+0530] {logging_mixin.py:137} INFO - 18
[2022-12-27T12:51:35.433+0530] {logging_mixin.py:137} INFO - 19
[2022-12-27T12:51:36.175+0530] {logging_mixin.py:137} INFO - 20
[2022-12-27T12:51:36.802+0530] {logging_mixin.py:137} INFO - 21
[2022-12-27T12:51:37.706+0530] {logging_mixin.py:137} INFO - 22
[2022-12-27T12:51:38.070+0530] {logging_mixin.py:137} INFO - 23
[2022-12-27T12:51:38.442+0530] {logging_mixin.py:137} INFO - 24
[2022-12-27T12:51:38.876+0530] {logging_mixin.py:137} INFO - 25
[2022-12-27T12:51:39.314+0530] {logging_mixin.py:137} INFO - 26
[2022-12-27T12:51:39.619+0530] {logging_mixin.py:137} INFO - 27
[2022-12-27T12:51:40.159+0530] {logging_mixin.py:137} INFO - 28
[2022-12-27T12:51:40.488+0530] {logging_mixin.py:137} INFO - 29
[2022-12-27T12:51:40.923+0530] {logging_mixin.py:137} INFO - 30
[2022-12-27T12:51:41.186+0530] {logging_mixin.py:137} INFO - 31
[2022-12-27T12:51:41.631+0530] {logging_mixin.py:137} INFO - 32
[2022-12-27T12:51:41.946+0530] {logging_mixin.py:137} INFO - 33
[2022-12-27T12:51:42.255+0530] {logging_mixin.py:137} INFO - 34
[2022-12-27T12:51:42.584+0530] {logging_mixin.py:137} INFO - 35
[2022-12-27T12:51:42.917+0530] {logging_mixin.py:137} INFO - 36
[2022-12-27T12:51:43.269+0530] {logging_mixin.py:137} INFO - 37
[2022-12-27T12:51:43.682+0530] {logging_mixin.py:137} INFO - 38
[2022-12-27T12:51:44.043+0530] {logging_mixin.py:137} INFO - 39
[2022-12-27T12:51:44.405+0530] {logging_mixin.py:137} INFO - 40
[2022-12-27T12:51:44.829+0530] {logging_mixin.py:137} INFO - 41
[2022-12-27T12:51:45.166+0530] {logging_mixin.py:137} INFO - 42
[2022-12-27T12:51:45.656+0530] {logging_mixin.py:137} INFO - 43
[2022-12-27T12:51:45.952+0530] {logging_mixin.py:137} INFO - 44
[2022-12-27T12:51:46.191+0530] {logging_mixin.py:137} INFO - 45
[2022-12-27T12:51:46.444+0530] {logging_mixin.py:137} INFO - 46
[2022-12-27T12:51:46.745+0530] {logging_mixin.py:137} INFO - 47
[2022-12-27T12:51:46.997+0530] {logging_mixin.py:137} INFO - 48
[2022-12-27T12:51:47.314+0530] {logging_mixin.py:137} INFO - 49
[2022-12-27T12:51:47.622+0530] {logging_mixin.py:137} INFO - 50
[2022-12-27T12:51:48.156+0530] {logging_mixin.py:137} INFO - 51
[2022-12-27T12:51:48.424+0530] {logging_mixin.py:137} INFO - 52
[2022-12-27T12:51:48.668+0530] {logging_mixin.py:137} INFO - 53
[2022-12-27T12:51:49.298+0530] {logging_mixin.py:137} INFO - 54
[2022-12-27T12:51:49.657+0530] {logging_mixin.py:137} INFO - 55
[2022-12-27T12:51:49.943+0530] {logging_mixin.py:137} INFO - 56
[2022-12-27T12:51:50.336+0530] {logging_mixin.py:137} INFO - 57
[2022-12-27T12:51:50.830+0530] {logging_mixin.py:137} INFO - 58
[2022-12-27T12:51:51.174+0530] {logging_mixin.py:137} INFO - 59
[2022-12-27T12:51:51.485+0530] {logging_mixin.py:137} INFO - 60
[2022-12-27T12:51:51.792+0530] {logging_mixin.py:137} INFO - 61
[2022-12-27T12:51:52.027+0530] {logging_mixin.py:137} INFO - 62
[2022-12-27T12:51:52.275+0530] {logging_mixin.py:137} INFO - 63
[2022-12-27T12:51:52.862+0530] {logging_mixin.py:137} INFO - 64
[2022-12-27T12:51:53.158+0530] {logging_mixin.py:137} INFO - 65
[2022-12-27T12:51:53.483+0530] {logging_mixin.py:137} INFO - 66
[2022-12-27T12:51:53.741+0530] {logging_mixin.py:137} INFO - 67
[2022-12-27T12:51:54.011+0530] {logging_mixin.py:137} INFO - 68
[2022-12-27T12:51:54.269+0530] {logging_mixin.py:137} INFO - 69
[2022-12-27T12:51:54.603+0530] {logging_mixin.py:137} INFO - 70
[2022-12-27T12:51:55.022+0530] {logging_mixin.py:137} INFO - 71
[2022-12-27T12:51:55.447+0530] {logging_mixin.py:137} INFO - 72
[2022-12-27T12:51:55.976+0530] {logging_mixin.py:137} INFO - 73
[2022-12-27T12:51:56.641+0530] {logging_mixin.py:137} INFO - 74
[2022-12-27T12:51:57.072+0530] {logging_mixin.py:137} INFO - 75
[2022-12-27T12:51:57.525+0530] {logging_mixin.py:137} INFO - 76
[2022-12-27T12:51:57.818+0530] {logging_mixin.py:137} INFO - 77
[2022-12-27T12:51:58.076+0530] {logging_mixin.py:137} INFO - 78
[2022-12-27T12:51:58.413+0530] {logging_mixin.py:137} INFO - 79
[2022-12-27T12:51:58.696+0530] {logging_mixin.py:137} INFO - 80
[2022-12-27T12:51:59.036+0530] {logging_mixin.py:137} INFO - 81
[2022-12-27T12:51:59.310+0530] {logging_mixin.py:137} INFO - 82
[2022-12-27T12:51:59.916+0530] {logging_mixin.py:137} INFO - 83
[2022-12-27T12:52:00.333+0530] {logging_mixin.py:137} INFO - 84
[2022-12-27T12:52:01.018+0530] {logging_mixin.py:137} INFO - 85
[2022-12-27T12:52:01.271+0530] {logging_mixin.py:137} INFO - 86
[2022-12-27T12:52:02.538+0530] {logging_mixin.py:137} INFO - 87
[2022-12-27T12:52:02.869+0530] {logging_mixin.py:137} INFO - 88
[2022-12-27T12:52:03.123+0530] {logging_mixin.py:137} INFO - 89
[2022-12-27T12:52:03.422+0530] {logging_mixin.py:137} INFO - 90
[2022-12-27T12:52:03.703+0530] {logging_mixin.py:137} INFO - 91
[2022-12-27T12:52:03.997+0530] {logging_mixin.py:137} INFO - 92
[2022-12-27T12:52:05.429+0530] {logging_mixin.py:137} INFO - 93
[2022-12-27T12:52:05.773+0530] {logging_mixin.py:137} INFO - 94
[2022-12-27T12:52:07.308+0530] {logging_mixin.py:137} INFO - 95
[2022-12-27T12:52:07.616+0530] {logging_mixin.py:137} INFO - 96
[2022-12-27T12:52:07.907+0530] {logging_mixin.py:137} INFO - 97
[2022-12-27T12:52:08.232+0530] {logging_mixin.py:137} INFO - 98
[2022-12-27T12:52:09.017+0530] {logging_mixin.py:137} INFO - 99
[2022-12-27T12:52:09.412+0530] {logging_mixin.py:137} INFO - 100
[2022-12-27T12:52:10.011+0530] {logging_mixin.py:137} INFO - 101
[2022-12-27T12:52:10.820+0530] {logging_mixin.py:137} INFO - 102
[2022-12-27T12:52:11.074+0530] {logging_mixin.py:137} INFO - 103
[2022-12-27T12:52:11.343+0530] {logging_mixin.py:137} INFO - 104
[2022-12-27T12:52:11.701+0530] {logging_mixin.py:137} INFO - 105
[2022-12-27T12:52:12.269+0530] {logging_mixin.py:137} INFO - 106
[2022-12-27T12:52:12.586+0530] {logging_mixin.py:137} INFO - 107
[2022-12-27T12:52:12.880+0530] {logging_mixin.py:137} INFO - 108
[2022-12-27T12:52:13.169+0530] {logging_mixin.py:137} INFO - 109
[2022-12-27T12:52:13.429+0530] {logging_mixin.py:137} INFO - 110
[2022-12-27T12:52:13.682+0530] {logging_mixin.py:137} INFO - 111
[2022-12-27T12:52:13.909+0530] {logging_mixin.py:137} INFO - 112
[2022-12-27T12:52:14.221+0530] {logging_mixin.py:137} INFO - 113
[2022-12-27T12:52:14.461+0530] {logging_mixin.py:137} INFO - 114
[2022-12-27T12:52:14.742+0530] {logging_mixin.py:137} INFO - 115
[2022-12-27T12:52:14.998+0530] {logging_mixin.py:137} INFO - 116
[2022-12-27T12:52:15.499+0530] {logging_mixin.py:137} INFO - 117
[2022-12-27T12:52:15.742+0530] {logging_mixin.py:137} INFO - 118
[2022-12-27T12:52:16.144+0530] {logging_mixin.py:137} INFO - 119
[2022-12-27T12:52:16.418+0530] {logging_mixin.py:137} INFO - 120
[2022-12-27T12:52:16.748+0530] {logging_mixin.py:137} INFO - 121
[2022-12-27T12:52:17.033+0530] {logging_mixin.py:137} INFO - 122
[2022-12-27T12:52:17.449+0530] {logging_mixin.py:137} INFO - 123
[2022-12-27T12:52:17.717+0530] {logging_mixin.py:137} INFO - 124
[2022-12-27T12:52:18.018+0530] {logging_mixin.py:137} INFO - 125
[2022-12-27T12:52:18.259+0530] {logging_mixin.py:137} INFO - 126
[2022-12-27T12:52:18.517+0530] {logging_mixin.py:137} INFO - 127
[2022-12-27T12:52:18.904+0530] {logging_mixin.py:137} INFO - 128
[2022-12-27T12:52:19.128+0530] {logging_mixin.py:137} INFO - 129
[2022-12-27T12:52:19.409+0530] {logging_mixin.py:137} INFO - 130
[2022-12-27T12:52:19.643+0530] {logging_mixin.py:137} INFO - 131
[2022-12-27T12:52:19.897+0530] {logging_mixin.py:137} INFO - 132
[2022-12-27T12:52:20.144+0530] {logging_mixin.py:137} INFO - 133
[2022-12-27T12:52:20.410+0530] {logging_mixin.py:137} INFO - 134
[2022-12-27T12:52:20.670+0530] {logging_mixin.py:137} INFO - 135
[2022-12-27T12:52:21.604+0530] {logging_mixin.py:137} INFO - 136
[2022-12-27T12:52:21.891+0530] {logging_mixin.py:137} INFO - 137
[2022-12-27T12:52:22.216+0530] {logging_mixin.py:137} INFO - 138
[2022-12-27T12:52:22.658+0530] {logging_mixin.py:137} INFO - 139
[2022-12-27T12:52:23.422+0530] {logging_mixin.py:137} INFO - 140
[2022-12-27T12:52:24.587+0530] {logging_mixin.py:137} INFO - 141
[2022-12-27T12:52:25.311+0530] {logging_mixin.py:137} INFO - 142
[2022-12-27T12:52:25.599+0530] {logging_mixin.py:137} INFO - 143
[2022-12-27T12:52:25.914+0530] {logging_mixin.py:137} INFO - 144
[2022-12-27T12:52:26.273+0530] {logging_mixin.py:137} INFO - 145
[2022-12-27T12:52:26.585+0530] {logging_mixin.py:137} INFO - 146
[2022-12-27T12:52:26.908+0530] {logging_mixin.py:137} INFO - 147
[2022-12-27T12:52:27.133+0530] {logging_mixin.py:137} INFO - 148
[2022-12-27T12:52:27.366+0530] {logging_mixin.py:137} INFO - 149
[2022-12-27T12:52:27.789+0530] {logging_mixin.py:137} INFO - 150
[2022-12-27T12:52:28.067+0530] {logging_mixin.py:137} INFO - 151
[2022-12-27T12:52:28.329+0530] {logging_mixin.py:137} INFO - 152
[2022-12-27T12:52:28.603+0530] {logging_mixin.py:137} INFO - 153
[2022-12-27T12:52:28.846+0530] {logging_mixin.py:137} INFO - 154
[2022-12-27T12:52:29.174+0530] {logging_mixin.py:137} INFO - 155
[2022-12-27T12:52:29.424+0530] {logging_mixin.py:137} INFO - 156
[2022-12-27T12:52:29.831+0530] {logging_mixin.py:137} INFO - 157
[2022-12-27T12:52:30.364+0530] {logging_mixin.py:137} INFO - 158
[2022-12-27T12:52:30.688+0530] {logging_mixin.py:137} INFO - 159
[2022-12-27T12:52:30.936+0530] {logging_mixin.py:137} INFO - 160
[2022-12-27T12:52:31.355+0530] {logging_mixin.py:137} INFO - 161
[2022-12-27T12:52:31.658+0530] {logging_mixin.py:137} INFO - 162
[2022-12-27T12:52:31.949+0530] {logging_mixin.py:137} INFO - 163
[2022-12-27T12:52:32.193+0530] {logging_mixin.py:137} INFO - 164
[2022-12-27T12:52:32.615+0530] {logging_mixin.py:137} INFO - 165
[2022-12-27T12:52:32.862+0530] {logging_mixin.py:137} INFO - 166
[2022-12-27T12:52:33.173+0530] {logging_mixin.py:137} INFO - 167
[2022-12-27T12:52:33.482+0530] {logging_mixin.py:137} INFO - 168
[2022-12-27T12:52:33.898+0530] {logging_mixin.py:137} INFO - 169
[2022-12-27T12:52:34.322+0530] {logging_mixin.py:137} INFO - 170
[2022-12-27T12:52:34.952+0530] {logging_mixin.py:137} INFO - 171
[2022-12-27T12:52:35.641+0530] {logging_mixin.py:137} INFO - 172
[2022-12-27T12:52:36.066+0530] {logging_mixin.py:137} INFO - 173
[2022-12-27T12:52:36.376+0530] {logging_mixin.py:137} INFO - 174
[2022-12-27T12:52:36.694+0530] {logging_mixin.py:137} INFO - 175
[2022-12-27T12:52:37.017+0530] {logging_mixin.py:137} INFO - 176
[2022-12-27T12:52:37.431+0530] {logging_mixin.py:137} INFO - 177
[2022-12-27T12:52:37.751+0530] {logging_mixin.py:137} INFO - 178
[2022-12-27T12:52:38.022+0530] {logging_mixin.py:137} INFO - 179
[2022-12-27T12:52:38.297+0530] {logging_mixin.py:137} INFO - 180
[2022-12-27T12:52:38.572+0530] {logging_mixin.py:137} INFO - 181
[2022-12-27T12:52:38.800+0530] {logging_mixin.py:137} INFO - 182
[2022-12-27T12:52:39.232+0530] {logging_mixin.py:137} INFO - 183
[2022-12-27T12:52:39.571+0530] {logging_mixin.py:137} INFO - 184
[2022-12-27T12:52:39.885+0530] {logging_mixin.py:137} INFO - 185
[2022-12-27T12:52:40.378+0530] {logging_mixin.py:137} INFO - 186
[2022-12-27T12:52:40.673+0530] {logging_mixin.py:137} INFO - 187
[2022-12-27T12:52:40.923+0530] {logging_mixin.py:137} INFO - 188
[2022-12-27T12:52:41.193+0530] {logging_mixin.py:137} INFO - 189
[2022-12-27T12:52:41.451+0530] {logging_mixin.py:137} INFO - 190
[2022-12-27T12:52:41.723+0530] {logging_mixin.py:137} INFO - 191
[2022-12-27T12:52:41.992+0530] {logging_mixin.py:137} INFO - 192
[2022-12-27T12:52:43.277+0530] {logging_mixin.py:137} INFO - 193
[2022-12-27T12:52:43.651+0530] {logging_mixin.py:137} INFO - 194
[2022-12-27T12:52:43.865+0530] {logging_mixin.py:137} INFO - 195
[2022-12-27T12:52:44.084+0530] {logging_mixin.py:137} INFO - 196
[2022-12-27T12:52:44.531+0530] {logging_mixin.py:137} INFO - 197
[2022-12-27T12:52:44.799+0530] {logging_mixin.py:137} INFO - 198
[2022-12-27T12:52:45.081+0530] {logging_mixin.py:137} INFO - 199
[2022-12-27T12:52:45.370+0530] {logging_mixin.py:137} INFO - 200
[2022-12-27T12:52:45.685+0530] {logging_mixin.py:137} INFO - 201
[2022-12-27T12:52:45.942+0530] {logging_mixin.py:137} INFO - 202
[2022-12-27T12:52:46.175+0530] {logging_mixin.py:137} INFO - 203
[2022-12-27T12:52:46.597+0530] {logging_mixin.py:137} INFO - 204
[2022-12-27T12:52:46.976+0530] {logging_mixin.py:137} INFO - 205
[2022-12-27T12:52:47.216+0530] {logging_mixin.py:137} INFO - 206
[2022-12-27T12:52:47.512+0530] {logging_mixin.py:137} INFO - 207
[2022-12-27T12:52:48.128+0530] {logging_mixin.py:137} INFO - 208
[2022-12-27T12:52:48.526+0530] {logging_mixin.py:137} INFO - 209
[2022-12-27T12:52:48.775+0530] {logging_mixin.py:137} INFO - 210
[2022-12-27T12:52:48.995+0530] {logging_mixin.py:137} INFO - 211
[2022-12-27T12:52:50.304+0530] {logging_mixin.py:137} INFO - 212
[2022-12-27T12:52:50.531+0530] {logging_mixin.py:137} INFO - 213
[2022-12-27T12:52:51.819+0530] {logging_mixin.py:137} INFO - 214
[2022-12-27T12:52:52.256+0530] {logging_mixin.py:137} INFO - 215
[2022-12-27T12:52:52.522+0530] {logging_mixin.py:137} INFO - 216
[2022-12-27T12:52:52.799+0530] {logging_mixin.py:137} INFO - 217
[2022-12-27T12:52:53.258+0530] {logging_mixin.py:137} INFO - 218
[2022-12-27T12:52:53.597+0530] {logging_mixin.py:137} INFO - 219
[2022-12-27T12:52:53.832+0530] {logging_mixin.py:137} INFO - 220
[2022-12-27T12:52:55.199+0530] {logging_mixin.py:137} INFO - 221
[2022-12-27T12:52:55.755+0530] {logging_mixin.py:137} INFO - 222
[2022-12-27T12:52:56.240+0530] {logging_mixin.py:137} INFO - 223
[2022-12-27T12:52:56.655+0530] {logging_mixin.py:137} INFO - 224
[2022-12-27T12:52:57.032+0530] {logging_mixin.py:137} INFO - 225
[2022-12-27T12:52:57.451+0530] {logging_mixin.py:137} INFO - 226
[2022-12-27T12:52:57.694+0530] {logging_mixin.py:137} INFO - 227
[2022-12-27T12:52:57.947+0530] {logging_mixin.py:137} INFO - 228
[2022-12-27T12:52:58.183+0530] {logging_mixin.py:137} INFO - 229
[2022-12-27T12:52:58.427+0530] {logging_mixin.py:137} INFO - 230
[2022-12-27T12:52:58.648+0530] {logging_mixin.py:137} INFO - 231
[2022-12-27T12:52:58.862+0530] {logging_mixin.py:137} INFO - 232
[2022-12-27T12:52:59.086+0530] {logging_mixin.py:137} INFO - 233
[2022-12-27T12:52:59.328+0530] {logging_mixin.py:137} INFO - 234
[2022-12-27T12:53:01.762+0530] {logging_mixin.py:137} INFO - 235
[2022-12-27T12:53:02.074+0530] {logging_mixin.py:137} INFO - 236
[2022-12-27T12:53:02.786+0530] {logging_mixin.py:137} INFO - 237
[2022-12-27T12:53:03.045+0530] {logging_mixin.py:137} INFO - 238
[2022-12-27T12:53:03.284+0530] {logging_mixin.py:137} INFO - 239
[2022-12-27T12:53:03.638+0530] {logging_mixin.py:137} INFO - 240
[2022-12-27T12:53:03.889+0530] {logging_mixin.py:137} INFO - 241
[2022-12-27T12:53:04.198+0530] {logging_mixin.py:137} INFO - 242
[2022-12-27T12:53:04.500+0530] {logging_mixin.py:137} INFO - 243
[2022-12-27T12:53:04.794+0530] {logging_mixin.py:137} INFO - 244
[2022-12-27T12:53:05.198+0530] {logging_mixin.py:137} INFO - 245
[2022-12-27T12:53:05.475+0530] {logging_mixin.py:137} INFO - 246
[2022-12-27T12:53:05.709+0530] {logging_mixin.py:137} INFO - 247
[2022-12-27T12:53:06.244+0530] {logging_mixin.py:137} INFO - 248
[2022-12-27T12:53:06.539+0530] {logging_mixin.py:137} INFO - 249
[2022-12-27T12:53:06.838+0530] {logging_mixin.py:137} INFO - 250
[2022-12-27T12:53:07.142+0530] {logging_mixin.py:137} INFO - 251
[2022-12-27T12:53:07.393+0530] {logging_mixin.py:137} INFO - 252
[2022-12-27T12:53:07.670+0530] {logging_mixin.py:137} INFO - 253
[2022-12-27T12:53:07.970+0530] {logging_mixin.py:137} INFO - 254
[2022-12-27T12:53:08.239+0530] {logging_mixin.py:137} INFO - 255
[2022-12-27T12:53:08.583+0530] {logging_mixin.py:137} INFO - 256
[2022-12-27T12:53:08.904+0530] {logging_mixin.py:137} INFO - 257
[2022-12-27T12:53:09.322+0530] {logging_mixin.py:137} INFO - 258
[2022-12-27T12:53:09.559+0530] {logging_mixin.py:137} INFO - 259
[2022-12-27T12:53:09.889+0530] {logging_mixin.py:137} INFO - 260
[2022-12-27T12:53:10.258+0530] {logging_mixin.py:137} INFO - 261
[2022-12-27T12:53:10.594+0530] {logging_mixin.py:137} INFO - 262
[2022-12-27T12:53:10.931+0530] {logging_mixin.py:137} INFO - 263
[2022-12-27T12:53:11.200+0530] {logging_mixin.py:137} INFO - 264
[2022-12-27T12:53:11.480+0530] {logging_mixin.py:137} INFO - 265
[2022-12-27T12:53:11.793+0530] {logging_mixin.py:137} INFO - 266
[2022-12-27T12:53:13.115+0530] {logging_mixin.py:137} INFO - 267
[2022-12-27T12:53:13.403+0530] {logging_mixin.py:137} INFO - 268
[2022-12-27T12:53:13.924+0530] {logging_mixin.py:137} INFO - 269
[2022-12-27T12:53:14.231+0530] {logging_mixin.py:137} INFO - 270
[2022-12-27T12:53:14.564+0530] {logging_mixin.py:137} INFO - 271
[2022-12-27T12:53:15.029+0530] {logging_mixin.py:137} INFO - 272
[2022-12-27T12:53:15.836+0530] {logging_mixin.py:137} INFO - 273
[2022-12-27T12:53:16.619+0530] {logging_mixin.py:137} INFO - 274
[2022-12-27T12:53:17.185+0530] {logging_mixin.py:137} INFO - 275
[2022-12-27T12:53:17.645+0530] {logging_mixin.py:137} INFO - 276
[2022-12-27T12:53:17.985+0530] {logging_mixin.py:137} INFO - 277
[2022-12-27T12:53:18.254+0530] {logging_mixin.py:137} INFO - 278
[2022-12-27T12:53:18.525+0530] {logging_mixin.py:137} INFO - 279
[2022-12-27T12:53:18.975+0530] {logging_mixin.py:137} INFO - 280
[2022-12-27T12:53:19.257+0530] {logging_mixin.py:137} INFO - 281
[2022-12-27T12:53:19.572+0530] {logging_mixin.py:137} INFO - 282
[2022-12-27T12:53:20.130+0530] {logging_mixin.py:137} INFO - 283
[2022-12-27T12:53:20.686+0530] {logging_mixin.py:137} INFO - 284
[2022-12-27T12:53:21.332+0530] {logging_mixin.py:137} INFO - 285
[2022-12-27T12:53:22.405+0530] {logging_mixin.py:137} INFO - 286
[2022-12-27T12:53:22.791+0530] {logging_mixin.py:137} INFO - 287
[2022-12-27T12:53:23.105+0530] {logging_mixin.py:137} INFO - 288
[2022-12-27T12:53:23.380+0530] {logging_mixin.py:137} INFO - 289
[2022-12-27T12:53:23.801+0530] {logging_mixin.py:137} INFO - 290
[2022-12-27T12:53:24.603+0530] {logging_mixin.py:137} INFO - 291
[2022-12-27T12:53:24.961+0530] {logging_mixin.py:137} INFO - 292
[2022-12-27T12:53:25.274+0530] {logging_mixin.py:137} INFO - 293
[2022-12-27T12:53:25.546+0530] {logging_mixin.py:137} INFO - 294
[2022-12-27T12:53:25.851+0530] {logging_mixin.py:137} INFO - 295
[2022-12-27T12:53:26.149+0530] {logging_mixin.py:137} INFO - 296
[2022-12-27T12:53:26.407+0530] {logging_mixin.py:137} INFO - 297
[2022-12-27T12:53:26.722+0530] {logging_mixin.py:137} INFO - 298
[2022-12-27T12:53:27.027+0530] {logging_mixin.py:137} INFO - 299
[2022-12-27T12:53:27.293+0530] {logging_mixin.py:137} INFO - 300
[2022-12-27T12:53:27.880+0530] {logging_mixin.py:137} INFO - 301
[2022-12-27T12:53:28.123+0530] {logging_mixin.py:137} INFO - 302
[2022-12-27T12:53:28.415+0530] {logging_mixin.py:137} INFO - 303
[2022-12-27T12:53:28.682+0530] {logging_mixin.py:137} INFO - 304
[2022-12-27T12:53:28.924+0530] {logging_mixin.py:137} INFO - 305
[2022-12-27T12:53:29.176+0530] {logging_mixin.py:137} INFO - 306
[2022-12-27T12:53:29.415+0530] {logging_mixin.py:137} INFO - 307
[2022-12-27T12:53:29.658+0530] {logging_mixin.py:137} INFO - 308
[2022-12-27T12:53:30.948+0530] {logging_mixin.py:137} INFO - 309
[2022-12-27T12:53:31.183+0530] {logging_mixin.py:137} INFO - 310
[2022-12-27T12:53:31.642+0530] {logging_mixin.py:137} INFO - 311
[2022-12-27T12:53:31.870+0530] {logging_mixin.py:137} INFO - 312
[2022-12-27T12:53:32.158+0530] {logging_mixin.py:137} INFO - 313
[2022-12-27T12:53:32.383+0530] {logging_mixin.py:137} INFO - 314
[2022-12-27T12:53:32.632+0530] {logging_mixin.py:137} INFO - 315
[2022-12-27T12:53:32.865+0530] {logging_mixin.py:137} INFO - 316
[2022-12-27T12:53:33.102+0530] {logging_mixin.py:137} INFO - 317
[2022-12-27T12:53:33.499+0530] {logging_mixin.py:137} INFO - 318
[2022-12-27T12:53:33.746+0530] {logging_mixin.py:137} INFO - 319
[2022-12-27T12:53:34.189+0530] {logging_mixin.py:137} INFO - 320
[2022-12-27T12:53:34.452+0530] {logging_mixin.py:137} INFO - 321
[2022-12-27T12:53:34.919+0530] {logging_mixin.py:137} INFO - 322
[2022-12-27T12:53:35.187+0530] {logging_mixin.py:137} INFO - 323
[2022-12-27T12:53:35.446+0530] {logging_mixin.py:137} INFO - 324
[2022-12-27T12:53:35.915+0530] {logging_mixin.py:137} INFO - 325
[2022-12-27T12:53:36.374+0530] {logging_mixin.py:137} INFO - 326
[2022-12-27T12:53:36.774+0530] {logging_mixin.py:137} INFO - 327
[2022-12-27T12:53:37.032+0530] {logging_mixin.py:137} INFO - 328
[2022-12-27T12:53:37.290+0530] {logging_mixin.py:137} INFO - 329
[2022-12-27T12:53:37.687+0530] {logging_mixin.py:137} INFO - 330
[2022-12-27T12:53:37.985+0530] {logging_mixin.py:137} INFO - 331
[2022-12-27T12:53:38.266+0530] {logging_mixin.py:137} INFO - 332
[2022-12-27T12:53:38.672+0530] {logging_mixin.py:137} INFO - 333
[2022-12-27T12:53:39.109+0530] {logging_mixin.py:137} INFO - 334
[2022-12-27T12:53:39.370+0530] {logging_mixin.py:137} INFO - 335
[2022-12-27T12:53:39.743+0530] {logging_mixin.py:137} INFO - 336
[2022-12-27T12:53:40.103+0530] {logging_mixin.py:137} INFO - 337
[2022-12-27T12:53:40.739+0530] {logging_mixin.py:137} INFO - 338
[2022-12-27T12:53:41.263+0530] {logging_mixin.py:137} INFO - 339
[2022-12-27T12:53:41.773+0530] {logging_mixin.py:137} INFO - 340
[2022-12-27T12:53:42.871+0530] {logging_mixin.py:137} INFO - 341
[2022-12-27T12:53:44.101+0530] {logging_mixin.py:137} INFO - 342
[2022-12-27T12:53:46.273+0530] {logging_mixin.py:137} INFO - 343
[2022-12-27T12:53:46.937+0530] {logging_mixin.py:137} INFO - 344
[2022-12-27T12:53:47.541+0530] {logging_mixin.py:137} INFO - 345
[2022-12-27T12:53:48.275+0530] {logging_mixin.py:137} INFO - 346
[2022-12-27T12:53:48.862+0530] {logging_mixin.py:137} INFO - 347
[2022-12-27T12:53:50.287+0530] {logging_mixin.py:137} INFO - 348
[2022-12-27T12:53:50.851+0530] {logging_mixin.py:137} INFO - 349
[2022-12-27T12:53:51.484+0530] {logging_mixin.py:137} INFO - 350
[2022-12-27T12:53:52.276+0530] {logging_mixin.py:137} INFO - 351
[2022-12-27T12:53:53.083+0530] {logging_mixin.py:137} INFO - 352
[2022-12-27T12:53:53.836+0530] {logging_mixin.py:137} INFO - 353
[2022-12-27T12:53:54.931+0530] {logging_mixin.py:137} INFO - 354
[2022-12-27T12:53:55.212+0530] {logging_mixin.py:137} INFO - 355
[2022-12-27T12:53:55.540+0530] {logging_mixin.py:137} INFO - 356
[2022-12-27T12:53:55.982+0530] {logging_mixin.py:137} INFO - 357
[2022-12-27T12:53:56.433+0530] {logging_mixin.py:137} INFO - 358
[2022-12-27T12:53:56.949+0530] {logging_mixin.py:137} INFO - 359
[2022-12-27T12:53:57.369+0530] {logging_mixin.py:137} INFO - 360
[2022-12-27T12:53:57.809+0530] {logging_mixin.py:137} INFO - 361
[2022-12-27T12:53:58.117+0530] {logging_mixin.py:137} INFO - 362
[2022-12-27T12:53:58.415+0530] {logging_mixin.py:137} INFO - 363
[2022-12-27T12:53:58.898+0530] {logging_mixin.py:137} INFO - 364
[2022-12-27T12:53:59.172+0530] {logging_mixin.py:137} INFO - 365
[2022-12-27T12:53:59.433+0530] {logging_mixin.py:137} INFO - 366
[2022-12-27T12:53:59.675+0530] {logging_mixin.py:137} INFO - 367
[2022-12-27T12:54:00.176+0530] {logging_mixin.py:137} INFO - 368
[2022-12-27T12:54:00.797+0530] {logging_mixin.py:137} INFO - 369
[2022-12-27T12:54:01.066+0530] {logging_mixin.py:137} INFO - 370
[2022-12-27T12:54:01.354+0530] {logging_mixin.py:137} INFO - 371
[2022-12-27T12:54:01.649+0530] {logging_mixin.py:137} INFO - 372
[2022-12-27T12:54:01.905+0530] {logging_mixin.py:137} INFO - 373
[2022-12-27T12:54:02.197+0530] {logging_mixin.py:137} INFO - 374
[2022-12-27T12:54:02.634+0530] {logging_mixin.py:137} INFO - 375
[2022-12-27T12:54:03.143+0530] {logging_mixin.py:137} INFO - 376
[2022-12-27T12:54:03.798+0530] {logging_mixin.py:137} INFO - 377
[2022-12-27T12:54:04.916+0530] {logging_mixin.py:137} INFO - 378
[2022-12-27T12:54:05.229+0530] {logging_mixin.py:137} INFO - 379
[2022-12-27T12:54:05.511+0530] {logging_mixin.py:137} INFO - 380
[2022-12-27T12:54:05.805+0530] {logging_mixin.py:137} INFO - 381
[2022-12-27T12:54:06.104+0530] {logging_mixin.py:137} INFO - 382
[2022-12-27T12:54:06.382+0530] {logging_mixin.py:137} INFO - 383
[2022-12-27T12:54:06.660+0530] {logging_mixin.py:137} INFO - 384
[2022-12-27T12:54:07.077+0530] {logging_mixin.py:137} INFO - 385
[2022-12-27T12:54:07.389+0530] {logging_mixin.py:137} INFO - 386
[2022-12-27T12:54:07.609+0530] {logging_mixin.py:137} INFO - 387
[2022-12-27T12:54:07.832+0530] {logging_mixin.py:137} INFO - 388
[2022-12-27T12:54:08.048+0530] {logging_mixin.py:137} INFO - 389
[2022-12-27T12:54:08.321+0530] {logging_mixin.py:137} INFO - 390
[2022-12-27T12:54:08.598+0530] {logging_mixin.py:137} INFO - 391
[2022-12-27T12:54:08.881+0530] {logging_mixin.py:137} INFO - 392
[2022-12-27T12:54:09.157+0530] {logging_mixin.py:137} INFO - 393
[2022-12-27T12:54:09.404+0530] {logging_mixin.py:137} INFO - 394
[2022-12-27T12:54:09.697+0530] {logging_mixin.py:137} INFO - 395
[2022-12-27T12:54:10.165+0530] {logging_mixin.py:137} INFO - 396
[2022-12-27T12:54:10.556+0530] {logging_mixin.py:137} INFO - 397
[2022-12-27T12:54:10.800+0530] {logging_mixin.py:137} INFO - 398
[2022-12-27T12:54:11.262+0530] {logging_mixin.py:137} INFO - 399
[2022-12-27T12:54:11.543+0530] {logging_mixin.py:137} INFO - 400
[2022-12-27T12:54:12.952+0530] {logging_mixin.py:137} INFO - 401
[2022-12-27T12:54:13.221+0530] {logging_mixin.py:137} INFO - 402
[2022-12-27T12:54:13.526+0530] {logging_mixin.py:137} INFO - 403
[2022-12-27T12:54:13.780+0530] {logging_mixin.py:137} INFO - 404
[2022-12-27T12:54:14.023+0530] {logging_mixin.py:137} INFO - 405
[2022-12-27T12:54:14.284+0530] {logging_mixin.py:137} INFO - 406
[2022-12-27T12:54:14.685+0530] {logging_mixin.py:137} INFO - 407
[2022-12-27T12:54:15.027+0530] {logging_mixin.py:137} INFO - 408
[2022-12-27T12:54:15.371+0530] {logging_mixin.py:137} INFO - 409
[2022-12-27T12:54:15.801+0530] {logging_mixin.py:137} INFO - 410
[2022-12-27T12:54:16.256+0530] {logging_mixin.py:137} INFO - 411
[2022-12-27T12:54:16.500+0530] {logging_mixin.py:137} INFO - 412
[2022-12-27T12:54:16.781+0530] {logging_mixin.py:137} INFO - 413
[2022-12-27T12:54:17.031+0530] {logging_mixin.py:137} INFO - 414
[2022-12-27T12:54:17.309+0530] {logging_mixin.py:137} INFO - 415
[2022-12-27T12:54:17.580+0530] {logging_mixin.py:137} INFO - 416
[2022-12-27T12:54:18.011+0530] {logging_mixin.py:137} INFO - 417
[2022-12-27T12:54:18.259+0530] {logging_mixin.py:137} INFO - 418
[2022-12-27T12:54:18.522+0530] {logging_mixin.py:137} INFO - 419
[2022-12-27T12:54:18.797+0530] {logging_mixin.py:137} INFO - 420
[2022-12-27T12:54:19.117+0530] {logging_mixin.py:137} INFO - 421
[2022-12-27T12:54:19.398+0530] {logging_mixin.py:137} INFO - 422
[2022-12-27T12:54:19.712+0530] {logging_mixin.py:137} INFO - 423
[2022-12-27T12:54:20.006+0530] {logging_mixin.py:137} INFO - 424
[2022-12-27T12:54:20.369+0530] {logging_mixin.py:137} INFO - 425
[2022-12-27T12:54:20.642+0530] {logging_mixin.py:137} INFO - 426
[2022-12-27T12:54:20.931+0530] {logging_mixin.py:137} INFO - 427
[2022-12-27T12:54:21.375+0530] {logging_mixin.py:137} INFO - 428
[2022-12-27T12:54:21.690+0530] {logging_mixin.py:137} INFO - 429
[2022-12-27T12:54:21.988+0530] {logging_mixin.py:137} INFO - 430
[2022-12-27T12:54:22.278+0530] {logging_mixin.py:137} INFO - 431
[2022-12-27T12:54:22.784+0530] {logging_mixin.py:137} INFO - 432
[2022-12-27T12:54:23.096+0530] {logging_mixin.py:137} INFO - 433
[2022-12-27T12:54:23.523+0530] {logging_mixin.py:137} INFO - 434
[2022-12-27T12:54:24.090+0530] {logging_mixin.py:137} INFO - 435
[2022-12-27T12:54:24.772+0530] {logging_mixin.py:137} INFO - 436
[2022-12-27T12:54:25.310+0530] {logging_mixin.py:137} INFO - 437
[2022-12-27T12:54:26.054+0530] {logging_mixin.py:137} INFO - 438
[2022-12-27T12:54:26.685+0530] {logging_mixin.py:137} INFO - 439
[2022-12-27T12:54:27.145+0530] {logging_mixin.py:137} INFO - 440
[2022-12-27T12:54:27.553+0530] {logging_mixin.py:137} INFO - 441
[2022-12-27T12:54:28.199+0530] {logging_mixin.py:137} INFO - 442
[2022-12-27T12:54:28.646+0530] {logging_mixin.py:137} INFO - 443
[2022-12-27T12:54:29.308+0530] {logging_mixin.py:137} INFO - 444
[2022-12-27T12:54:29.832+0530] {logging_mixin.py:137} INFO - 445
[2022-12-27T12:54:30.263+0530] {logging_mixin.py:137} INFO - 446
[2022-12-27T12:54:30.547+0530] {logging_mixin.py:137} INFO - 447
[2022-12-27T12:54:31.132+0530] {logging_mixin.py:137} INFO - 448
[2022-12-27T12:54:31.707+0530] {logging_mixin.py:137} INFO - 449
[2022-12-27T12:54:32.428+0530] {logging_mixin.py:137} INFO - 450
[2022-12-27T12:54:32.750+0530] {logging_mixin.py:137} INFO - 451
[2022-12-27T12:54:33.045+0530] {logging_mixin.py:137} INFO - 452
[2022-12-27T12:54:33.329+0530] {logging_mixin.py:137} INFO - 453
[2022-12-27T12:54:33.661+0530] {logging_mixin.py:137} INFO - 454
[2022-12-27T12:54:33.901+0530] {logging_mixin.py:137} INFO - 455
[2022-12-27T12:54:34.232+0530] {logging_mixin.py:137} INFO - 456
[2022-12-27T12:54:34.617+0530] {logging_mixin.py:137} INFO - 457
[2022-12-27T12:54:35.233+0530] {logging_mixin.py:137} INFO - 458
[2022-12-27T12:54:35.581+0530] {logging_mixin.py:137} INFO - 459
[2022-12-27T12:54:36.245+0530] {logging_mixin.py:137} INFO - 460
[2022-12-27T12:54:36.803+0530] {logging_mixin.py:137} INFO - 461
[2022-12-27T12:54:38.586+0530] {logging_mixin.py:137} INFO - 462
[2022-12-27T12:54:39.069+0530] {logging_mixin.py:137} INFO - 463
[2022-12-27T12:54:39.474+0530] {logging_mixin.py:137} INFO - 464
[2022-12-27T12:54:40.916+0530] {logging_mixin.py:137} INFO - 465
[2022-12-27T12:54:41.498+0530] {logging_mixin.py:137} INFO - 466
[2022-12-27T12:54:41.857+0530] {logging_mixin.py:137} INFO - 467
[2022-12-27T12:54:42.232+0530] {logging_mixin.py:137} INFO - 468
[2022-12-27T12:54:42.782+0530] {logging_mixin.py:137} INFO - 469
[2022-12-27T12:54:43.072+0530] {logging_mixin.py:137} INFO - 470
[2022-12-27T12:54:43.443+0530] {logging_mixin.py:137} INFO - 471
[2022-12-27T12:54:43.923+0530] {logging_mixin.py:137} INFO - 472
[2022-12-27T12:54:44.365+0530] {logging_mixin.py:137} INFO - 473
[2022-12-27T12:54:44.834+0530] {logging_mixin.py:137} INFO - 474
[2022-12-27T12:54:45.394+0530] {logging_mixin.py:137} INFO - 475
[2022-12-27T12:54:46.078+0530] {logging_mixin.py:137} INFO - 476
[2022-12-27T12:54:46.586+0530] {logging_mixin.py:137} INFO - 477
[2022-12-27T12:54:47.219+0530] {logging_mixin.py:137} INFO - 478
[2022-12-27T12:54:48.272+0530] {logging_mixin.py:137} INFO - 479
[2022-12-27T12:54:49.152+0530] {logging_mixin.py:137} INFO - 480
[2022-12-27T12:54:49.488+0530] {logging_mixin.py:137} INFO - 481
[2022-12-27T12:54:49.830+0530] {logging_mixin.py:137} INFO - 482
[2022-12-27T12:54:50.151+0530] {logging_mixin.py:137} INFO - 483
[2022-12-27T12:54:50.640+0530] {logging_mixin.py:137} INFO - 484
[2022-12-27T12:54:51.241+0530] {logging_mixin.py:137} INFO - 485
[2022-12-27T12:54:51.703+0530] {logging_mixin.py:137} INFO - 486
[2022-12-27T12:54:52.170+0530] {logging_mixin.py:137} INFO - 487
[2022-12-27T12:54:52.512+0530] {logging_mixin.py:137} INFO - 488
[2022-12-27T12:54:52.996+0530] {logging_mixin.py:137} INFO - 489
[2022-12-27T12:54:53.609+0530] {logging_mixin.py:137} INFO - 490
[2022-12-27T12:54:53.940+0530] {logging_mixin.py:137} INFO - 491
[2022-12-27T12:54:54.272+0530] {logging_mixin.py:137} INFO - 492
[2022-12-27T12:54:54.834+0530] {logging_mixin.py:137} INFO - 493
[2022-12-27T12:54:55.356+0530] {logging_mixin.py:137} INFO - 494
[2022-12-27T12:54:55.824+0530] {logging_mixin.py:137} INFO - 495
[2022-12-27T12:54:56.355+0530] {logging_mixin.py:137} INFO - 496
[2022-12-27T12:54:56.950+0530] {logging_mixin.py:137} INFO - 497
[2022-12-27T12:54:57.254+0530] {logging_mixin.py:137} INFO - 498
[2022-12-27T12:54:57.594+0530] {logging_mixin.py:137} INFO - 499
[2022-12-27T12:54:57.918+0530] {logging_mixin.py:137} INFO - 500
[2022-12-27T12:54:58.386+0530] {logging_mixin.py:137} INFO - 501
[2022-12-27T12:54:58.672+0530] {logging_mixin.py:137} INFO - 502
[2022-12-27T12:54:59.000+0530] {logging_mixin.py:137} INFO - 503
[2022-12-27T12:54:59.274+0530] {logging_mixin.py:137} INFO - 504
[2022-12-27T12:54:59.603+0530] {logging_mixin.py:137} INFO - 505
[2022-12-27T12:55:00.062+0530] {logging_mixin.py:137} INFO - 506
[2022-12-27T12:55:00.676+0530] {logging_mixin.py:137} INFO - 507
[2022-12-27T12:55:01.030+0530] {logging_mixin.py:137} INFO - 508
[2022-12-27T12:55:01.647+0530] {logging_mixin.py:137} INFO - 509
[2022-12-27T12:55:02.137+0530] {logging_mixin.py:137} INFO - 510
[2022-12-27T12:55:02.611+0530] {logging_mixin.py:137} INFO - 511
[2022-12-27T12:55:03.544+0530] {logging_mixin.py:137} INFO - 512
[2022-12-27T12:55:03.963+0530] {logging_mixin.py:137} INFO - 513
[2022-12-27T12:55:04.359+0530] {logging_mixin.py:137} INFO - 514
[2022-12-27T12:55:04.740+0530] {logging_mixin.py:137} INFO - 515
[2022-12-27T12:55:05.203+0530] {logging_mixin.py:137} INFO - 516
[2022-12-27T12:55:05.601+0530] {logging_mixin.py:137} INFO - 517
[2022-12-27T12:55:05.919+0530] {logging_mixin.py:137} INFO - 518
[2022-12-27T12:55:06.284+0530] {logging_mixin.py:137} INFO - 519
[2022-12-27T12:55:06.567+0530] {logging_mixin.py:137} INFO - 520
[2022-12-27T12:55:08.131+0530] {logging_mixin.py:137} INFO - 521
[2022-12-27T12:55:08.747+0530] {logging_mixin.py:137} INFO - 522
[2022-12-27T12:55:09.108+0530] {logging_mixin.py:137} INFO - 523
[2022-12-27T12:55:09.448+0530] {logging_mixin.py:137} INFO - 524
[2022-12-27T12:55:09.792+0530] {logging_mixin.py:137} INFO - 525
[2022-12-27T12:55:10.165+0530] {logging_mixin.py:137} INFO - 526
[2022-12-27T12:55:10.675+0530] {logging_mixin.py:137} INFO - 527
[2022-12-27T12:55:10.959+0530] {logging_mixin.py:137} INFO - 528
[2022-12-27T12:55:11.312+0530] {logging_mixin.py:137} INFO - 529
[2022-12-27T12:55:11.585+0530] {logging_mixin.py:137} INFO - 530
[2022-12-27T12:55:12.022+0530] {logging_mixin.py:137} INFO - 531
[2022-12-27T12:55:12.569+0530] {logging_mixin.py:137} INFO - 532
[2022-12-27T12:55:13.041+0530] {logging_mixin.py:137} INFO - 533
[2022-12-27T12:55:13.316+0530] {logging_mixin.py:137} INFO - 534
[2022-12-27T12:55:13.608+0530] {logging_mixin.py:137} INFO - 535
[2022-12-27T12:55:13.883+0530] {logging_mixin.py:137} INFO - 536
[2022-12-27T12:55:14.146+0530] {logging_mixin.py:137} INFO - 537
[2022-12-27T12:55:14.397+0530] {logging_mixin.py:137} INFO - 538
[2022-12-27T12:55:14.693+0530] {logging_mixin.py:137} INFO - 539
[2022-12-27T12:55:15.024+0530] {logging_mixin.py:137} INFO - 540
[2022-12-27T12:55:15.380+0530] {logging_mixin.py:137} INFO - 541
[2022-12-27T12:55:15.685+0530] {logging_mixin.py:137} INFO - 542
[2022-12-27T12:55:16.154+0530] {logging_mixin.py:137} INFO - 543
[2022-12-27T12:55:16.544+0530] {logging_mixin.py:137} INFO - 544
[2022-12-27T12:55:16.947+0530] {logging_mixin.py:137} INFO - 545
[2022-12-27T12:55:17.255+0530] {logging_mixin.py:137} INFO - 546
[2022-12-27T12:55:17.580+0530] {logging_mixin.py:137} INFO - 547
[2022-12-27T12:55:17.893+0530] {logging_mixin.py:137} INFO - 548
[2022-12-27T12:55:18.168+0530] {logging_mixin.py:137} INFO - 549
[2022-12-27T12:55:18.467+0530] {logging_mixin.py:137} INFO - 550
[2022-12-27T12:55:18.730+0530] {logging_mixin.py:137} INFO - 551
[2022-12-27T12:55:19.110+0530] {logging_mixin.py:137} INFO - 552
[2022-12-27T12:55:19.452+0530] {logging_mixin.py:137} INFO - 553
[2022-12-27T12:55:20.315+0530] {logging_mixin.py:137} INFO - 554
[2022-12-27T12:55:20.815+0530] {logging_mixin.py:137} INFO - 555
[2022-12-27T12:55:21.151+0530] {logging_mixin.py:137} INFO - 556
[2022-12-27T12:55:21.438+0530] {logging_mixin.py:137} INFO - 557
[2022-12-27T12:55:21.725+0530] {logging_mixin.py:137} INFO - 558
[2022-12-27T12:55:22.212+0530] {logging_mixin.py:137} INFO - 559
[2022-12-27T12:55:22.905+0530] {logging_mixin.py:137} INFO - 560
[2022-12-27T12:55:23.182+0530] {logging_mixin.py:137} INFO - 561
[2022-12-27T12:55:23.490+0530] {logging_mixin.py:137} INFO - 562
[2022-12-27T12:55:24.055+0530] {logging_mixin.py:137} INFO - 563
[2022-12-27T12:55:24.623+0530] {logging_mixin.py:137} INFO - 564
[2022-12-27T12:55:24.911+0530] {logging_mixin.py:137} INFO - 565
[2022-12-27T12:55:25.340+0530] {logging_mixin.py:137} INFO - 566
[2022-12-27T12:55:25.679+0530] {logging_mixin.py:137} INFO - 567
[2022-12-27T12:55:25.926+0530] {logging_mixin.py:137} INFO - 568
[2022-12-27T12:55:27.233+0530] {logging_mixin.py:137} INFO - 569
[2022-12-27T12:55:27.629+0530] {logging_mixin.py:137} INFO - 570
[2022-12-27T12:55:27.912+0530] {logging_mixin.py:137} INFO - 571
[2022-12-27T12:55:28.294+0530] {logging_mixin.py:137} INFO - 572
[2022-12-27T12:55:28.592+0530] {logging_mixin.py:137} INFO - 573
[2022-12-27T12:55:29.027+0530] {logging_mixin.py:137} INFO - 574
[2022-12-27T12:55:29.650+0530] {logging_mixin.py:137} INFO - 575
[2022-12-27T12:55:29.950+0530] {logging_mixin.py:137} INFO - 576
[2022-12-27T12:55:30.234+0530] {logging_mixin.py:137} INFO - 577
[2022-12-27T12:55:30.495+0530] {logging_mixin.py:137} INFO - 578
[2022-12-27T12:55:30.843+0530] {logging_mixin.py:137} INFO - 579
[2022-12-27T12:55:31.155+0530] {logging_mixin.py:137} INFO - 580
[2022-12-27T12:55:31.545+0530] {logging_mixin.py:137} INFO - 581
[2022-12-27T12:55:31.891+0530] {logging_mixin.py:137} INFO - 582
[2022-12-27T12:55:32.180+0530] {logging_mixin.py:137} INFO - 583
[2022-12-27T12:55:32.628+0530] {logging_mixin.py:137} INFO - 584
[2022-12-27T12:55:32.889+0530] {logging_mixin.py:137} INFO - 585
[2022-12-27T12:55:33.196+0530] {logging_mixin.py:137} INFO - 586
[2022-12-27T12:55:33.498+0530] {logging_mixin.py:137} INFO - 587
[2022-12-27T12:55:33.776+0530] {logging_mixin.py:137} INFO - 588
[2022-12-27T12:55:34.057+0530] {logging_mixin.py:137} INFO - 589
[2022-12-27T12:55:34.379+0530] {logging_mixin.py:137} INFO - 590
[2022-12-27T12:55:34.747+0530] {logging_mixin.py:137} INFO - 591
[2022-12-27T12:55:35.079+0530] {logging_mixin.py:137} INFO - 592
[2022-12-27T12:55:35.404+0530] {logging_mixin.py:137} INFO - 593
[2022-12-27T12:55:35.809+0530] {logging_mixin.py:137} INFO - 594
[2022-12-27T12:55:36.443+0530] {logging_mixin.py:137} INFO - 595
[2022-12-27T12:55:40.182+0530] {logging_mixin.py:137} INFO - 596
[2022-12-27T12:55:40.471+0530] {logging_mixin.py:137} INFO - 597
[2022-12-27T12:55:40.724+0530] {logging_mixin.py:137} INFO - 598
[2022-12-27T12:55:41.059+0530] {logging_mixin.py:137} INFO - 599
[2022-12-27T12:55:41.551+0530] {logging_mixin.py:137} INFO - 600
[2022-12-27T12:55:42.090+0530] {logging_mixin.py:137} INFO - 601
[2022-12-27T12:55:42.741+0530] {logging_mixin.py:137} INFO - 602
[2022-12-27T12:55:43.402+0530] {logging_mixin.py:137} INFO - 603
[2022-12-27T12:55:46.978+0530] {logging_mixin.py:137} INFO - 604
[2022-12-27T12:55:48.287+0530] {logging_mixin.py:137} INFO - 605
[2022-12-27T12:55:48.621+0530] {logging_mixin.py:137} INFO - 606
[2022-12-27T12:55:48.896+0530] {logging_mixin.py:137} INFO - 607
[2022-12-27T12:55:49.175+0530] {logging_mixin.py:137} INFO - 608
[2022-12-27T12:55:49.480+0530] {logging_mixin.py:137} INFO - 609
[2022-12-27T12:55:49.794+0530] {logging_mixin.py:137} INFO - 610
[2022-12-27T12:55:50.086+0530] {logging_mixin.py:137} INFO - 611
[2022-12-27T12:55:50.386+0530] {logging_mixin.py:137} INFO - 612
[2022-12-27T12:55:50.655+0530] {logging_mixin.py:137} INFO - 613
[2022-12-27T12:55:51.042+0530] {logging_mixin.py:137} INFO - 614
[2022-12-27T12:55:51.354+0530] {logging_mixin.py:137} INFO - 615
[2022-12-27T12:55:51.729+0530] {logging_mixin.py:137} INFO - 616
[2022-12-27T12:55:51.978+0530] {logging_mixin.py:137} INFO - 617
[2022-12-27T12:55:52.254+0530] {logging_mixin.py:137} INFO - 618
[2022-12-27T12:55:52.564+0530] {logging_mixin.py:137} INFO - 619
[2022-12-27T12:55:52.904+0530] {logging_mixin.py:137} INFO - 620
[2022-12-27T12:55:53.232+0530] {logging_mixin.py:137} INFO - 621
[2022-12-27T12:55:53.523+0530] {logging_mixin.py:137} INFO - 622
[2022-12-27T12:55:54.035+0530] {logging_mixin.py:137} INFO - 623
[2022-12-27T12:55:54.368+0530] {logging_mixin.py:137} INFO - 624
[2022-12-27T12:55:54.651+0530] {logging_mixin.py:137} INFO - 625
[2022-12-27T12:55:55.002+0530] {logging_mixin.py:137} INFO - 626
[2022-12-27T12:55:55.377+0530] {logging_mixin.py:137} INFO - 627
[2022-12-27T12:55:55.692+0530] {logging_mixin.py:137} INFO - 628
[2022-12-27T12:55:55.964+0530] {logging_mixin.py:137} INFO - 629
[2022-12-27T12:55:56.266+0530] {logging_mixin.py:137} INFO - 630
[2022-12-27T12:55:57.536+0530] {logging_mixin.py:137} INFO - 631
[2022-12-27T12:55:57.867+0530] {logging_mixin.py:137} INFO - 632
[2022-12-27T12:55:58.289+0530] {logging_mixin.py:137} INFO - 633
[2022-12-27T12:55:58.568+0530] {logging_mixin.py:137} INFO - 634
[2022-12-27T12:55:58.830+0530] {logging_mixin.py:137} INFO - 635
[2022-12-27T12:55:59.106+0530] {logging_mixin.py:137} INFO - 636
[2022-12-27T12:55:59.365+0530] {logging_mixin.py:137} INFO - 637
[2022-12-27T12:55:59.665+0530] {logging_mixin.py:137} INFO - 638
[2022-12-27T12:56:00.351+0530] {logging_mixin.py:137} INFO - 639
[2022-12-27T12:56:00.640+0530] {logging_mixin.py:137} INFO - 640
[2022-12-27T12:56:00.910+0530] {logging_mixin.py:137} INFO - 641
[2022-12-27T12:56:01.346+0530] {logging_mixin.py:137} INFO - 642
[2022-12-27T12:56:01.665+0530] {logging_mixin.py:137} INFO - 643
[2022-12-27T12:56:01.930+0530] {logging_mixin.py:137} INFO - 644
[2022-12-27T12:56:02.232+0530] {logging_mixin.py:137} INFO - 645
[2022-12-27T12:56:02.624+0530] {logging_mixin.py:137} INFO - 646
[2022-12-27T12:56:02.862+0530] {logging_mixin.py:137} INFO - 647
[2022-12-27T12:56:03.145+0530] {logging_mixin.py:137} INFO - 648
[2022-12-27T12:56:03.420+0530] {logging_mixin.py:137} INFO - 649
[2022-12-27T12:56:03.699+0530] {logging_mixin.py:137} INFO - 650
[2022-12-27T12:56:03.954+0530] {logging_mixin.py:137} INFO - 651
[2022-12-27T12:56:04.417+0530] {logging_mixin.py:137} INFO - 652
[2022-12-27T12:56:04.742+0530] {logging_mixin.py:137} INFO - 653
[2022-12-27T12:56:05.048+0530] {logging_mixin.py:137} INFO - 654
[2022-12-27T12:56:05.331+0530] {logging_mixin.py:137} INFO - 655
[2022-12-27T12:56:05.633+0530] {logging_mixin.py:137} INFO - 656
[2022-12-27T12:56:06.025+0530] {logging_mixin.py:137} INFO - 657
[2022-12-27T12:56:06.340+0530] {logging_mixin.py:137} INFO - 658
[2022-12-27T12:56:06.860+0530] {logging_mixin.py:137} INFO - 659
[2022-12-27T12:56:07.206+0530] {logging_mixin.py:137} INFO - 660
[2022-12-27T12:56:07.886+0530] {logging_mixin.py:137} INFO - 661
[2022-12-27T12:56:08.189+0530] {logging_mixin.py:137} INFO - 662
[2022-12-27T12:56:08.516+0530] {logging_mixin.py:137} INFO - 663
[2022-12-27T12:56:08.953+0530] {logging_mixin.py:137} INFO - 664
[2022-12-27T12:56:09.283+0530] {logging_mixin.py:137} INFO - 665
[2022-12-27T12:56:09.592+0530] {logging_mixin.py:137} INFO - 666
[2022-12-27T12:56:09.974+0530] {logging_mixin.py:137} INFO - 667
[2022-12-27T12:56:10.328+0530] {logging_mixin.py:137} INFO - 668
[2022-12-27T12:56:10.659+0530] {logging_mixin.py:137} INFO - 669
[2022-12-27T12:56:11.068+0530] {logging_mixin.py:137} INFO - 670
[2022-12-27T12:56:11.379+0530] {logging_mixin.py:137} INFO - 671
[2022-12-27T12:56:11.832+0530] {logging_mixin.py:137} INFO - 672
[2022-12-27T12:56:12.121+0530] {logging_mixin.py:137} INFO - 673
[2022-12-27T12:56:12.621+0530] {logging_mixin.py:137} INFO - 674
[2022-12-27T12:56:12.951+0530] {logging_mixin.py:137} INFO - 675
[2022-12-27T12:56:13.288+0530] {logging_mixin.py:137} INFO - 676
[2022-12-27T12:56:13.582+0530] {logging_mixin.py:137} INFO - 677
[2022-12-27T12:56:13.899+0530] {logging_mixin.py:137} INFO - 678
[2022-12-27T12:56:14.585+0530] {logging_mixin.py:137} INFO - 679
[2022-12-27T12:56:14.971+0530] {logging_mixin.py:137} INFO - 680
[2022-12-27T12:56:15.355+0530] {logging_mixin.py:137} INFO - 681
[2022-12-27T12:56:15.678+0530] {logging_mixin.py:137} INFO - 682
[2022-12-27T12:56:16.004+0530] {logging_mixin.py:137} INFO - 683
[2022-12-27T12:56:16.357+0530] {logging_mixin.py:137} INFO - 684
[2022-12-27T12:56:19.642+0530] {logging_mixin.py:137} INFO - 685
[2022-12-27T12:56:20.114+0530] {logging_mixin.py:137} INFO - 686
[2022-12-27T12:56:20.519+0530] {logging_mixin.py:137} INFO - 687
[2022-12-27T12:56:21.012+0530] {logging_mixin.py:137} INFO - 688
[2022-12-27T12:56:21.585+0530] {logging_mixin.py:137} INFO - 689
[2022-12-27T12:56:22.068+0530] {logging_mixin.py:137} INFO - 690
[2022-12-27T12:56:22.623+0530] {logging_mixin.py:137} INFO - 691
[2022-12-27T12:56:24.305+0530] {logging_mixin.py:137} INFO - 692
[2022-12-27T12:56:24.711+0530] {logging_mixin.py:137} INFO - 693
[2022-12-27T12:56:25.074+0530] {logging_mixin.py:137} INFO - 694
[2022-12-27T12:56:25.413+0530] {logging_mixin.py:137} INFO - 695
[2022-12-27T12:56:26.470+0530] {logging_mixin.py:137} INFO - 696
[2022-12-27T12:56:26.930+0530] {logging_mixin.py:137} INFO - 697
[2022-12-27T12:56:27.190+0530] {logging_mixin.py:137} INFO - 698
[2022-12-27T12:56:27.455+0530] {logging_mixin.py:137} INFO - 699
[2022-12-27T12:56:27.788+0530] {logging_mixin.py:137} INFO - 700
[2022-12-27T12:56:28.081+0530] {logging_mixin.py:137} INFO - 701
[2022-12-27T12:56:28.420+0530] {logging_mixin.py:137} INFO - 702
[2022-12-27T12:56:28.721+0530] {logging_mixin.py:137} INFO - 703
[2022-12-27T12:56:29.043+0530] {logging_mixin.py:137} INFO - 704
[2022-12-27T12:56:29.316+0530] {logging_mixin.py:137} INFO - 705
[2022-12-27T12:56:29.794+0530] {logging_mixin.py:137} INFO - 706
[2022-12-27T12:56:30.160+0530] {logging_mixin.py:137} INFO - 707
[2022-12-27T12:56:30.570+0530] {logging_mixin.py:137} INFO - 708
[2022-12-27T12:56:30.909+0530] {logging_mixin.py:137} INFO - 709
[2022-12-27T12:56:31.264+0530] {logging_mixin.py:137} INFO - 710
[2022-12-27T12:56:31.662+0530] {logging_mixin.py:137} INFO - 711
[2022-12-27T12:56:31.992+0530] {logging_mixin.py:137} INFO - 712
[2022-12-27T12:56:32.296+0530] {logging_mixin.py:137} INFO - 713
[2022-12-27T12:56:32.905+0530] {logging_mixin.py:137} INFO - 714
[2022-12-27T12:56:33.189+0530] {logging_mixin.py:137} INFO - 715
[2022-12-27T12:56:33.486+0530] {logging_mixin.py:137} INFO - 716
[2022-12-27T12:56:33.809+0530] {logging_mixin.py:137} INFO - 717
[2022-12-27T12:56:34.070+0530] {logging_mixin.py:137} INFO - 718
[2022-12-27T12:56:34.378+0530] {logging_mixin.py:137} INFO - 719
[2022-12-27T12:56:34.932+0530] {logging_mixin.py:137} INFO - 720
[2022-12-27T12:56:35.283+0530] {logging_mixin.py:137} INFO - 721
[2022-12-27T12:56:35.549+0530] {logging_mixin.py:137} INFO - 722
[2022-12-27T12:56:36.188+0530] {logging_mixin.py:137} INFO - 723
[2022-12-27T12:56:36.513+0530] {logging_mixin.py:137} INFO - 724
[2022-12-27T12:56:36.823+0530] {logging_mixin.py:137} INFO - 725
[2022-12-27T12:56:37.143+0530] {logging_mixin.py:137} INFO - 726
[2022-12-27T12:56:38.679+0530] {logging_mixin.py:137} INFO - 727
[2022-12-27T12:56:38.999+0530] {logging_mixin.py:137} INFO - 728
[2022-12-27T12:56:39.289+0530] {logging_mixin.py:137} INFO - 729
[2022-12-27T12:56:39.628+0530] {logging_mixin.py:137} INFO - 730
[2022-12-27T12:56:40.032+0530] {logging_mixin.py:137} INFO - 731
[2022-12-27T12:56:40.716+0530] {logging_mixin.py:137} INFO - 732
[2022-12-27T12:56:41.032+0530] {logging_mixin.py:137} INFO - 733
[2022-12-27T12:56:41.304+0530] {logging_mixin.py:137} INFO - 734
[2022-12-27T12:56:41.646+0530] {logging_mixin.py:137} INFO - 735
[2022-12-27T12:56:42.032+0530] {logging_mixin.py:137} INFO - 736
[2022-12-27T12:56:42.394+0530] {logging_mixin.py:137} INFO - 737
[2022-12-27T12:56:42.765+0530] {logging_mixin.py:137} INFO - 738
[2022-12-27T12:56:43.162+0530] {logging_mixin.py:137} INFO - 739
[2022-12-27T12:56:43.517+0530] {logging_mixin.py:137} INFO - 740
[2022-12-27T12:56:44.157+0530] {logging_mixin.py:137} INFO - 741
[2022-12-27T12:56:44.594+0530] {logging_mixin.py:137} INFO - 742
[2022-12-27T12:56:45.176+0530] {logging_mixin.py:137} INFO - 743
[2022-12-27T12:56:45.762+0530] {logging_mixin.py:137} INFO - 744
[2022-12-27T12:56:46.140+0530] {logging_mixin.py:137} INFO - 745
[2022-12-27T12:56:46.523+0530] {logging_mixin.py:137} INFO - 746
[2022-12-27T12:56:47.034+0530] {logging_mixin.py:137} INFO - 747
[2022-12-27T12:56:47.446+0530] {logging_mixin.py:137} INFO - 748
[2022-12-27T12:56:47.868+0530] {logging_mixin.py:137} INFO - 749
[2022-12-27T12:56:48.479+0530] {logging_mixin.py:137} INFO - 750
[2022-12-27T12:56:48.786+0530] {logging_mixin.py:137} INFO - 751
[2022-12-27T12:56:49.150+0530] {logging_mixin.py:137} INFO - 752
[2022-12-27T12:56:49.441+0530] {logging_mixin.py:137} INFO - 753
[2022-12-27T12:56:49.925+0530] {logging_mixin.py:137} INFO - 754
[2022-12-27T12:56:50.713+0530] {logging_mixin.py:137} INFO - 755
[2022-12-27T12:56:51.410+0530] {logging_mixin.py:137} INFO - 756
[2022-12-27T12:56:52.105+0530] {logging_mixin.py:137} INFO - 757
[2022-12-27T12:56:52.725+0530] {logging_mixin.py:137} INFO - 758
[2022-12-27T12:56:53.482+0530] {logging_mixin.py:137} INFO - 759
[2022-12-27T12:56:54.052+0530] {logging_mixin.py:137} INFO - 760
[2022-12-27T12:56:55.003+0530] {logging_mixin.py:137} INFO - 761
[2022-12-27T12:56:55.341+0530] {logging_mixin.py:137} INFO - 762
[2022-12-27T12:56:55.666+0530] {logging_mixin.py:137} INFO - 763
[2022-12-27T12:56:56.115+0530] {logging_mixin.py:137} INFO - 764
[2022-12-27T12:56:56.600+0530] {logging_mixin.py:137} INFO - 765
[2022-12-27T12:57:01.469+0530] {logging_mixin.py:137} INFO - 766
[2022-12-27T12:57:03.585+0530] {logging_mixin.py:137} INFO - 767
[2022-12-27T12:57:03.917+0530] {logging_mixin.py:137} INFO - 768
[2022-12-27T12:57:05.301+0530] {logging_mixin.py:137} INFO - 769
[2022-12-27T12:57:06.217+0530] {logging_mixin.py:137} INFO - 770
[2022-12-27T12:57:06.644+0530] {logging_mixin.py:137} INFO - 771
[2022-12-27T12:57:07.961+0530] {logging_mixin.py:137} INFO - 772
[2022-12-27T12:57:10.118+0530] {logging_mixin.py:137} INFO - 773
[2022-12-27T12:57:10.455+0530] {logging_mixin.py:137} INFO - 774
[2022-12-27T12:57:12.838+0530] {logging_mixin.py:137} INFO - 775
[2022-12-27T12:57:13.464+0530] {logging_mixin.py:137} INFO - 776
[2022-12-27T12:57:14.040+0530] {logging_mixin.py:137} INFO - 777
[2022-12-27T12:57:14.309+0530] {logging_mixin.py:137} INFO - 778
[2022-12-27T12:58:16.966+0530] {logging_mixin.py:137} INFO - 779
[2022-12-27T12:58:43.258+0530] {logging_mixin.py:137} INFO - 780
[2022-12-27T12:58:53.884+0530] {logging_mixin.py:137} INFO - 781
[2022-12-27T12:58:56.540+0530] {logging_mixin.py:137} INFO - 782
[2022-12-27T12:58:59.023+0530] {logging_mixin.py:137} INFO - 783
[2022-12-27T12:59:55.796+0530] {logging_mixin.py:137} INFO - 784
[2022-12-27T13:00:20.153+0530] {logging_mixin.py:137} INFO - 785
[2022-12-27T13:00:50.746+0530] {logging_mixin.py:137} INFO - 786
[2022-12-27T13:01:26.436+0530] {logging_mixin.py:137} INFO - 787
[2022-12-27T13:01:53.191+0530] {logging_mixin.py:137} INFO - 788
[2022-12-27T13:02:18.291+0530] {logging_mixin.py:137} INFO - 789
[2022-12-27T13:03:56.308+0530] {logging_mixin.py:137} INFO - 790
[2022-12-27T13:03:57.179+0530] {logging_mixin.py:137} INFO - 791
[2022-12-27T13:03:57.746+0530] {logging_mixin.py:137} INFO - 792
[2022-12-27T13:03:58.064+0530] {logging_mixin.py:137} INFO - 793
[2022-12-27T13:03:58.492+0530] {logging_mixin.py:137} INFO - 794
[2022-12-27T13:03:58.892+0530] {logging_mixin.py:137} INFO - 795
[2022-12-27T13:07:42.048+0530] {logging_mixin.py:137} INFO - 796
[2022-12-27T13:07:42.472+0530] {logging_mixin.py:137} INFO - 797
[2022-12-27T13:07:42.880+0530] {logging_mixin.py:137} INFO - 798
[2022-12-27T13:07:43.456+0530] {logging_mixin.py:137} INFO - 799
[2022-12-27T13:07:43.797+0530] {logging_mixin.py:137} INFO - 800
[2022-12-27T13:09:35.850+0530] {python.py:177} INFO - Done. Returned value was: ([datetime.datetime(2020, 8, 4, 0, 0), datetime.datetime(2020, 8, 11, 0, 0), datetime.datetime(2020, 8, 13, 0, 0), datetime.datetime(2020, 8, 17, 0, 0), datetime.datetime(2020, 8, 19, 0, 0), datetime.datetime(2020, 8, 23, 0, 0), datetime.datetime(2020, 8, 25, 0, 0), datetime.datetime(2020, 8, 28, 0, 0), datetime.datetime(2020, 8, 29, 0, 0), datetime.datetime(2020, 9, 3, 0, 0), datetime.datetime(2020, 9, 4, 0, 0), datetime.datetime(2020, 9, 5, 0, 0), datetime.datetime(2020, 9, 6, 0, 0), datetime.datetime(2020, 9, 7, 0, 0), datetime.datetime(2020, 9, 8, 0, 0), datetime.datetime(2020, 9, 9, 0, 0), datetime.datetime(2020, 9, 10, 0, 0), datetime.datetime(2020, 9, 11, 0, 0), datetime.datetime(2020, 9, 13, 0, 0), datetime.datetime(2020, 9, 14, 0, 0), datetime.datetime(2020, 9, 15, 0, 0), datetime.datetime(2020, 9, 16, 0, 0), datetime.datetime(2020, 9, 17, 0, 0), datetime.datetime(2020, 9, 18, 0, 0), datetime.datetime(2020, 9, 19, 0, 0), datetime.datetime(2020, 9, 20, 0, 0), datetime.datetime(2020, 9, 22, 0, 0), datetime.datetime(2020, 9, 24, 0, 0), datetime.datetime(2020, 9, 25, 0, 0), datetime.datetime(2020, 9, 27, 0, 0), datetime.datetime(2020, 9, 28, 0, 0), datetime.datetime(2020, 9, 29, 0, 0), datetime.datetime(2020, 9, 30, 0, 0), datetime.datetime(2020, 10, 1, 0, 0), datetime.datetime(2020, 10, 3, 0, 0), datetime.datetime(2020, 10, 4, 0, 0), datetime.datetime(2020, 10, 5, 0, 0), datetime.datetime(2020, 10, 6, 0, 0), datetime.datetime(2020, 10, 7, 0, 0), datetime.datetime(2020, 10, 8, 0, 0), datetime.datetime(2020, 10, 9, 0, 0), datetime.datetime(2020, 10, 11, 0, 0), datetime.datetime(2020, 10, 12, 0, 0), datetime.datetime(2020, 10, 13, 0, 0), datetime.datetime(2020, 10, 14, 0, 0), datetime.datetime(2020, 10, 15, 0, 0), datetime.datetime(2020, 10, 16, 0, 0), datetime.datetime(2020, 10, 17, 0, 0), datetime.datetime(2020, 10, 18, 0, 0), datetime.datetime(2020, 10, 19, 0, 0), datetime.datetime(2020, 10, 20, 0, 0), datetime.datetime(2020, 10, 21, 0, 0), datetime.datetime(2020, 10, 22, 0, 0), datetime.datetime(2020, 10, 23, 0, 0), datetime.datetime(2020, 10, 25, 0, 0), datetime.datetime(2020, 10, 26, 0, 0), datetime.datetime(2020, 10, 27, 0, 0), datetime.datetime(2020, 10, 28, 0, 0), datetime.datetime(2020, 10, 29, 0, 0), datetime.datetime(2020, 10, 31, 0, 0), datetime.datetime(2020, 11, 1, 0, 0), datetime.datetime(2020, 11, 2, 0, 0), datetime.datetime(2020, 11, 3, 0, 0), datetime.datetime(2020, 11, 4, 0, 0), datetime.datetime(2020, 11, 5, 0, 0), datetime.datetime(2020, 11, 6, 0, 0), datetime.datetime(2020, 11, 7, 0, 0), datetime.datetime(2020, 11, 8, 0, 0), datetime.datetime(2020, 11, 9, 0, 0), datetime.datetime(2020, 11, 10, 0, 0), datetime.datetime(2020, 11, 11, 0, 0), datetime.datetime(2020, 11, 12, 0, 0), datetime.datetime(2020, 11, 13, 0, 0), datetime.datetime(2020, 11, 16, 0, 0), datetime.datetime(2020, 11, 17, 0, 0), datetime.datetime(2020, 11, 18, 0, 0), datetime.datetime(2020, 11, 19, 0, 0), datetime.datetime(2020, 11, 20, 0, 0), datetime.datetime(2020, 11, 21, 0, 0), datetime.datetime(2020, 11, 22, 0, 0), datetime.datetime(2020, 11, 23, 0, 0), datetime.datetime(2020, 11, 24, 0, 0), datetime.datetime(2020, 11, 25, 0, 0), datetime.datetime(2020, 11, 26, 0, 0), datetime.datetime(2020, 11, 27, 0, 0), datetime.datetime(2020, 11, 30, 0, 0), datetime.datetime(2020, 12, 2, 0, 0), datetime.datetime(2020, 12, 3, 0, 0), datetime.datetime(2020, 12, 4, 0, 0), datetime.datetime(2020, 12, 5, 0, 0), datetime.datetime(2020, 12, 6, 0, 0), datetime.datetime(2020, 12, 7, 0, 0), datetime.datetime(2020, 12, 8, 0, 0), datetime.datetime(2020, 12, 9, 0, 0), datetime.datetime(2020, 12, 10, 0, 0), datetime.datetime(2020, 12, 11, 0, 0), datetime.datetime(2020, 12, 13, 0, 0), datetime.datetime(2020, 12, 14, 0, 0), datetime.datetime(2020, 12, 15, 0, 0), datetime.datetime(2020, 12, 16, 0, 0), datetime.datetime(2020, 12, 17, 0, 0), datetime.datetime(2020, 12, 18, 0, 0), datetime.datetime(2020, 12, 19, 0, 0), datetime.datetime(2020, 12, 21, 0, 0), datetime.datetime(2020, 12, 22, 0, 0), datetime.datetime(2020, 12, 23, 0, 0), datetime.datetime(2020, 12, 24, 0, 0), datetime.datetime(2020, 12, 27, 0, 0), datetime.datetime(2020, 12, 28, 0, 0), datetime.datetime(2020, 12, 29, 0, 0), datetime.datetime(2020, 12, 31, 0, 0), datetime.datetime(2021, 1, 1, 0, 0), datetime.datetime(2021, 1, 2, 0, 0), datetime.datetime(2021, 1, 3, 0, 0), datetime.datetime(2021, 1, 4, 0, 0), datetime.datetime(2021, 1, 5, 0, 0), datetime.datetime(2021, 1, 6, 0, 0), datetime.datetime(2021, 1, 7, 0, 0), datetime.datetime(2021, 1, 8, 0, 0), datetime.datetime(2021, 1, 10, 0, 0), datetime.datetime(2021, 1, 12, 0, 0), datetime.datetime(2021, 1, 13, 0, 0), datetime.datetime(2021, 1, 14, 0, 0), datetime.datetime(2021, 1, 16, 0, 0), datetime.datetime(2021, 1, 17, 0, 0), datetime.datetime(2021, 1, 18, 0, 0), datetime.datetime(2021, 1, 20, 0, 0), datetime.datetime(2021, 1, 21, 0, 0), datetime.datetime(2021, 1, 22, 0, 0), datetime.datetime(2021, 1, 24, 0, 0), datetime.datetime(2021, 1, 25, 0, 0), datetime.datetime(2021, 1, 26, 0, 0), datetime.datetime(2021, 1, 27, 0, 0), datetime.datetime(2021, 1, 28, 0, 0), datetime.datetime(2021, 1, 29, 0, 0), datetime.datetime(2021, 1, 30, 0, 0), datetime.datetime(2021, 1, 31, 0, 0), datetime.datetime(2021, 2, 1, 0, 0), datetime.datetime(2021, 2, 2, 0, 0), datetime.datetime(2021, 2, 3, 0, 0), datetime.datetime(2021, 2, 4, 0, 0), datetime.datetime(2021, 2, 5, 0, 0), datetime.datetime(2021, 2, 6, 0, 0), datetime.datetime(2021, 2, 7, 0, 0), datetime.datetime(2021, 2, 8, 0, 0), datetime.datetime(2021, 2, 9, 0, 0), datetime.datetime(2021, 2, 10, 0, 0), datetime.datetime(2021, 2, 11, 0, 0), datetime.datetime(2021, 2, 12, 0, 0), datetime.datetime(2021, 2, 14, 0, 0), datetime.datetime(2021, 2, 15, 0, 0), datetime.datetime(2021, 2, 16, 0, 0), datetime.datetime(2021, 2, 17, 0, 0), datetime.datetime(2021, 2, 18, 0, 0), datetime.datetime(2021, 2, 20, 0, 0), datetime.datetime(2021, 2, 21, 0, 0), datetime.datetime(2021, 2, 22, 0, 0), datetime.datetime(2021, 2, 23, 0, 0), datetime.datetime(2021, 2, 24, 0, 0), datetime.datetime(2021, 2, 25, 0, 0), datetime.datetime(2021, 2, 26, 0, 0), datetime.datetime(2021, 2, 28, 0, 0), datetime.datetime(2021, 3, 1, 0, 0), datetime.datetime(2021, 3, 2, 0, 0), datetime.datetime(2021, 3, 3, 0, 0), datetime.datetime(2021, 3, 4, 0, 0), datetime.datetime(2021, 3, 5, 0, 0), datetime.datetime(2021, 3, 6, 0, 0), datetime.datetime(2021, 3, 7, 0, 0), datetime.datetime(2021, 3, 8, 0, 0), datetime.datetime(2021, 3, 9, 0, 0), datetime.datetime(2021, 3, 10, 0, 0), datetime.datetime(2021, 3, 11, 0, 0), datetime.datetime(2021, 3, 12, 0, 0), datetime.datetime(2021, 3, 14, 0, 0), datetime.datetime(2021, 3, 15, 0, 0), datetime.datetime(2021, 3, 16, 0, 0), datetime.datetime(2021, 3, 17, 0, 0), datetime.datetime(2021, 3, 18, 0, 0), datetime.datetime(2021, 3, 19, 0, 0), datetime.datetime(2021, 3, 20, 0, 0), datetime.datetime(2021, 3, 21, 0, 0), datetime.datetime(2021, 3, 23, 0, 0), datetime.datetime(2021, 3, 24, 0, 0), datetime.datetime(2021, 3, 25, 0, 0), datetime.datetime(2021, 3, 26, 0, 0), datetime.datetime(2021, 3, 29, 0, 0), datetime.datetime(2021, 3, 30, 0, 0), datetime.datetime(2021, 3, 31, 0, 0), datetime.datetime(2021, 4, 1, 0, 0), datetime.datetime(2021, 4, 3, 0, 0), datetime.datetime(2021, 4, 4, 0, 0), datetime.datetime(2021, 4, 5, 0, 0), datetime.datetime(2021, 4, 6, 0, 0), datetime.datetime(2021, 4, 7, 0, 0), datetime.datetime(2021, 4, 8, 0, 0), datetime.datetime(2021, 4, 9, 0, 0), datetime.datetime(2021, 4, 11, 0, 0), datetime.datetime(2021, 4, 12, 0, 0), datetime.datetime(2021, 4, 14, 0, 0), datetime.datetime(2021, 4, 15, 0, 0), datetime.datetime(2021, 4, 16, 0, 0), datetime.datetime(2021, 4, 17, 0, 0), datetime.datetime(2021, 4, 18, 0, 0), datetime.datetime(2021, 4, 19, 0, 0), datetime.datetime(2021, 4, 20, 0, 0), datetime.datetime(2021, 4, 22, 0, 0), datetime.datetime(2021, 4, 23, 0, 0), datetime.datetime(2021, 4, 25, 0, 0), datetime.datetime(2021, 4, 26, 0, 0), datetime.datetime(2021, 4, 27, 0, 0), datetime.datetime(2021, 4, 28, 0, 0), datetime.datetime(2021, 4, 29, 0, 0), datetime.datetime(2021, 4, 30, 0, 0), datetime.datetime(2021, 5, 2, 0, 0), datetime.datetime(2021, 5, 3, 0, 0), datetime.datetime(2021, 5, 4, 0, 0), datetime.datetime(2021, 5, 5, 0, 0), datetime.datetime(2021, 5, 6, 0, 0), datetime.datetime(2021, 5, 7, 0, 0), datetime.datetime(2021, 5, 9, 0, 0), datetime.datetime(2021, 5, 10, 0, 0), datetime.datetime(2021, 5, 11, 0, 0), datetime.datetime(2021, 5, 12, 0, 0), datetime.datetime(2021, 5, 13, 0, 0), datetime.datetime(2021, 5, 14, 0, 0), datetime.datetime(2021, 5, 15, 0, 0), datetime.datetime(2021, 5, 16, 0, 0), datetime.datetime(2021, 5, 17, 0, 0), datetime.datetime(2021, 5, 18, 0, 0), datetime.datetime(2021, 5, 19, 0, 0), datetime.datetime(2021, 5, 20, 0, 0), datetime.datetime(2021, 5, 21, 0, 0), datetime.datetime(2021, 5, 24, 0, 0), datetime.datetime(2021, 5, 25, 0, 0), datetime.datetime(2021, 5, 26, 0, 0), datetime.datetime(2021, 5, 27, 0, 0), datetime.datetime(2021, 5, 28, 0, 0), datetime.datetime(2021, 5, 29, 0, 0), datetime.datetime(2021, 5, 30, 0, 0), datetime.datetime(2021, 5, 31, 0, 0), datetime.datetime(2021, 6, 1, 0, 0), datetime.datetime(2021, 6, 2, 0, 0), datetime.datetime(2021, 6, 3, 0, 0), datetime.datetime(2021, 6, 4, 0, 0), datetime.datetime(2021, 6, 6, 0, 0), datetime.datetime(2021, 6, 5, 0, 0), datetime.datetime(2021, 6, 7, 0, 0), datetime.datetime(2021, 6, 8, 0, 0), datetime.datetime(2021, 6, 9, 0, 0), datetime.datetime(2021, 6, 10, 0, 0), datetime.datetime(2021, 6, 11, 0, 0), datetime.datetime(2021, 6, 13, 0, 0), datetime.datetime(2021, 6, 14, 0, 0), datetime.datetime(2021, 6, 15, 0, 0), datetime.datetime(2021, 6, 16, 0, 0), datetime.datetime(2021, 6, 17, 0, 0), datetime.datetime(2021, 6, 18, 0, 0), datetime.datetime(2021, 6, 19, 0, 0), datetime.datetime(2021, 6, 20, 0, 0), datetime.datetime(2021, 6, 21, 0, 0), datetime.datetime(2021, 6, 22, 0, 0), datetime.datetime(2021, 6, 23, 0, 0), datetime.datetime(2021, 6, 24, 0, 0), datetime.datetime(2021, 6, 25, 0, 0), datetime.datetime(2021, 6, 27, 0, 0), datetime.datetime(2021, 6, 28, 0, 0), datetime.datetime(2021, 6, 29, 0, 0), datetime.datetime(2021, 7, 1, 0, 0), datetime.datetime(2021, 7, 2, 0, 0), datetime.datetime(2021, 7, 3, 0, 0), datetime.datetime(2021, 7, 4, 0, 0), datetime.datetime(2021, 7, 5, 0, 0), datetime.datetime(2021, 7, 6, 0, 0), datetime.datetime(2021, 7, 7, 0, 0), datetime.datetime(2021, 7, 8, 0, 0), datetime.datetime(2021, 7, 9, 0, 0), datetime.datetime(2021, 7, 11, 0, 0), datetime.datetime(2021, 7, 12, 0, 0), datetime.datetime(2021, 7, 13, 0, 0), datetime.datetime(2021, 7, 14, 0, 0), datetime.datetime(2021, 7, 15, 0, 0), datetime.datetime(2021, 7, 16, 0, 0), datetime.datetime(2021, 7, 17, 0, 0), datetime.datetime(2021, 7, 18, 0, 0), datetime.datetime(2021, 7, 19, 0, 0), datetime.datetime(2021, 7, 20, 0, 0), datetime.datetime(2021, 7, 21, 0, 0), datetime.datetime(2021, 7, 22, 0, 0), datetime.datetime(2021, 7, 23, 0, 0), datetime.datetime(2021, 7, 25, 0, 0), datetime.datetime(2021, 7, 26, 0, 0), datetime.datetime(2021, 7, 27, 0, 0), datetime.datetime(2021, 7, 28, 0, 0), datetime.datetime(2021, 7, 29, 0, 0), datetime.datetime(2021, 7, 30, 0, 0), datetime.datetime(2021, 7, 31, 0, 0), datetime.datetime(2021, 8, 2, 0, 0), datetime.datetime(2021, 8, 3, 0, 0), datetime.datetime(2021, 8, 4, 0, 0), datetime.datetime(2021, 8, 5, 0, 0), datetime.datetime(2021, 8, 6, 0, 0), datetime.datetime(2021, 8, 7, 0, 0), datetime.datetime(2021, 8, 8, 0, 0), datetime.datetime(2021, 8, 9, 0, 0), datetime.datetime(2021, 8, 10, 0, 0), datetime.datetime(2021, 8, 11, 0, 0), datetime.datetime(2021, 8, 12, 0, 0), datetime.datetime(2021, 8, 13, 0, 0), datetime.datetime(2021, 8, 16, 0, 0), datetime.datetime(2021, 8, 17, 0, 0), datetime.datetime(2021, 8, 18, 0, 0), datetime.datetime(2021, 8, 19, 0, 0), datetime.datetime(2021, 8, 20, 0, 0), datetime.datetime(2021, 8, 21, 0, 0), datetime.datetime(2021, 8, 22, 0, 0), datetime.datetime(2021, 8, 23, 0, 0), datetime.datetime(2021, 8, 24, 0, 0), datetime.datetime(2021, 8, 25, 0, 0), datetime.datetime(2021, 8, 26, 0, 0), datetime.datetime(2021, 8, 27, 0, 0), datetime.datetime(2021, 8, 29, 0, 0), datetime.datetime(2021, 8, 31, 0, 0), datetime.datetime(2021, 9, 1, 0, 0), datetime.datetime(2021, 9, 2, 0, 0), datetime.datetime(2021, 9, 3, 0, 0), datetime.datetime(2021, 9, 4, 0, 0), datetime.datetime(2021, 9, 5, 0, 0), datetime.datetime(2021, 9, 6, 0, 0), datetime.datetime(2021, 9, 7, 0, 0), datetime.datetime(2021, 9, 8, 0, 0), datetime.datetime(2021, 9, 9, 0, 0), datetime.datetime(2021, 9, 12, 0, 0), datetime.datetime(2021, 9, 13, 0, 0), datetime.datetime(2021, 9, 14, 0, 0), datetime.datetime(2021, 9, 15, 0, 0), datetime.datetime(2021, 9, 16, 0, 0), datetime.datetime(2021, 9, 17, 0, 0), datetime.datetime(2021, 9, 18, 0, 0), datetime.datetime(2021, 9, 19, 0, 0), datetime.datetime(2021, 9, 20, 0, 0), datetime.datetime(2021, 9, 21, 0, 0), datetime.datetime(2021, 9, 22, 0, 0), datetime.datetime(2021, 9, 23, 0, 0), datetime.datetime(2021, 9, 24, 0, 0), datetime.datetime(2021, 9, 26, 0, 0), datetime.datetime(2021, 9, 27, 0, 0), datetime.datetime(2021, 9, 28, 0, 0), datetime.datetime(2021, 9, 29, 0, 0), datetime.datetime(2021, 9, 30, 0, 0), datetime.datetime(2021, 10, 1, 0, 0), datetime.datetime(2021, 10, 3, 0, 0), datetime.datetime(2021, 10, 4, 0, 0), datetime.datetime(2021, 10, 5, 0, 0), datetime.datetime(2021, 10, 6, 0, 0), datetime.datetime(2021, 10, 7, 0, 0), datetime.datetime(2021, 10, 8, 0, 0), datetime.datetime(2021, 10, 10, 0, 0), datetime.datetime(2021, 10, 11, 0, 0), datetime.datetime(2021, 10, 12, 0, 0), datetime.datetime(2021, 10, 13, 0, 0), datetime.datetime(2021, 10, 14, 0, 0), datetime.datetime(2021, 10, 16, 0, 0), datetime.datetime(2021, 10, 17, 0, 0), datetime.datetime(2021, 10, 18, 0, 0), datetime.datetime(2021, 10, 19, 0, 0), datetime.datetime(2021, 10, 20, 0, 0), datetime.datetime(2021, 10, 21, 0, 0), datetime.datetime(2021, 10, 22, 0, 0), datetime.datetime(2021, 10, 24, 0, 0), datetime.datetime(2021, 10, 25, 0, 0), datetime.datetime(2021, 10, 26, 0, 0), datetime.datetime(2021, 10, 27, 0, 0), datetime.datetime(2021, 10, 28, 0, 0), datetime.datetime(2021, 10, 29, 0, 0), datetime.datetime(2021, 10, 30, 0, 0), datetime.datetime(2021, 10, 31, 0, 0), datetime.datetime(2021, 11, 1, 0, 0), datetime.datetime(2021, 11, 2, 0, 0), datetime.datetime(2021, 11, 3, 0, 0), datetime.datetime(2021, 11, 6, 0, 0), datetime.datetime(2021, 11, 7, 0, 0), datetime.datetime(2021, 11, 8, 0, 0), datetime.datetime(2021, 11, 9, 0, 0), datetime.datetime(2021, 11, 10, 0, 0), datetime.datetime(2021, 11, 11, 0, 0), datetime.datetime(2021, 11, 12, 0, 0), datetime.datetime(2021, 11, 14, 0, 0), datetime.datetime(2021, 11, 15, 0, 0), datetime.datetime(2021, 11, 16, 0, 0), datetime.datetime(2021, 11, 17, 0, 0), datetime.datetime(2021, 11, 18, 0, 0), datetime.datetime(2021, 11, 21, 0, 0), datetime.datetime(2021, 11, 20, 0, 0), datetime.datetime(2021, 11, 22, 0, 0), datetime.datetime(2021, 11, 23, 0, 0), datetime.datetime(2021, 11, 24, 0, 0), datetime.datetime(2021, 11, 25, 0, 0), datetime.datetime(2021, 11, 26, 0, 0), datetime.datetime(2021, 11, 28, 0, 0), datetime.datetime(2021, 11, 29, 0, 0), datetime.datetime(2021, 11, 30, 0, 0), datetime.datetime(2021, 12, 1, 0, 0), datetime.datetime(2021, 12, 2, 0, 0), datetime.datetime(2021, 12, 3, 0, 0), datetime.datetime(2021, 12, 4, 0, 0), datetime.datetime(2021, 12, 5, 0, 0), datetime.datetime(2021, 12, 6, 0, 0), datetime.datetime(2021, 12, 7, 0, 0), datetime.datetime(2021, 12, 8, 0, 0), datetime.datetime(2021, 12, 9, 0, 0), datetime.datetime(2021, 12, 10, 0, 0), datetime.datetime(2021, 12, 12, 0, 0), datetime.datetime(2021, 12, 13, 0, 0), datetime.datetime(2021, 12, 14, 0, 0), datetime.datetime(2021, 12, 15, 0, 0), datetime.datetime(2021, 12, 16, 0, 0), datetime.datetime(2021, 12, 17, 0, 0), datetime.datetime(2021, 12, 18, 0, 0), datetime.datetime(2021, 12, 19, 0, 0), datetime.datetime(2021, 12, 20, 0, 0), datetime.datetime(2021, 12, 28, 0, 0), datetime.datetime(2021, 12, 29, 0, 0), datetime.datetime(2021, 12, 30, 0, 0), datetime.datetime(2021, 12, 31, 0, 0), datetime.datetime(2022, 1, 1, 0, 0), datetime.datetime(2022, 1, 2, 0, 0), datetime.datetime(2022, 1, 3, 0, 0), datetime.datetime(2022, 1, 4, 0, 0), datetime.datetime(2022, 1, 5, 0, 0), datetime.datetime(2022, 1, 6, 0, 0), datetime.datetime(2022, 1, 7, 0, 0), datetime.datetime(2022, 1, 9, 0, 0), datetime.datetime(2022, 1, 10, 0, 0), datetime.datetime(2022, 1, 11, 0, 0), datetime.datetime(2022, 1, 12, 0, 0), datetime.datetime(2022, 1, 13, 0, 0), datetime.datetime(2022, 1, 14, 0, 0), datetime.datetime(2022, 1, 15, 0, 0), datetime.datetime(2022, 1, 16, 0, 0), datetime.datetime(2022, 1, 17, 0, 0), datetime.datetime(2022, 1, 18, 0, 0), datetime.datetime(2022, 1, 19, 0, 0), datetime.datetime(2022, 1, 20, 0, 0), datetime.datetime(2022, 1, 21, 0, 0), datetime.datetime(2022, 1, 23, 0, 0), datetime.datetime(2022, 1, 24, 0, 0), datetime.datetime(2022, 1, 25, 0, 0), datetime.datetime(2022, 1, 26, 0, 0), datetime.datetime(2022, 1, 27, 0, 0), datetime.datetime(2022, 1, 28, 0, 0), datetime.datetime(2022, 1, 29, 0, 0), datetime.datetime(2022, 1, 30, 0, 0), datetime.datetime(2022, 1, 31, 0, 0), datetime.datetime(2022, 2, 1, 0, 0), datetime.datetime(2022, 2, 2, 0, 0), datetime.datetime(2022, 2, 3, 0, 0), datetime.datetime(2022, 2, 4, 0, 0), datetime.datetime(2022, 2, 5, 0, 0), datetime.datetime(2022, 2, 7, 0, 0), datetime.datetime(2022, 2, 8, 0, 0), datetime.datetime(2022, 2, 9, 0, 0), datetime.datetime(2022, 2, 10, 0, 0), datetime.datetime(2022, 2, 11, 0, 0), datetime.datetime(2022, 2, 13, 0, 0), datetime.datetime(2022, 2, 14, 0, 0), datetime.datetime(2022, 2, 15, 0, 0), datetime.datetime(2022, 2, 16, 0, 0), datetime.datetime(2022, 2, 17, 0, 0), datetime.datetime(2022, 2, 18, 0, 0), datetime.datetime(2022, 2, 20, 0, 0), datetime.datetime(2022, 2, 21, 0, 0), datetime.datetime(2022, 2, 22, 0, 0), datetime.datetime(2022, 2, 23, 0, 0), datetime.datetime(2022, 2, 24, 0, 0), datetime.datetime(2022, 2, 25, 0, 0), datetime.datetime(2022, 2, 27, 0, 0), datetime.datetime(2022, 2, 28, 0, 0), datetime.datetime(2022, 3, 1, 0, 0), datetime.datetime(2022, 3, 2, 0, 0), datetime.datetime(2022, 3, 3, 0, 0), datetime.datetime(2022, 3, 4, 0, 0), datetime.datetime(2022, 3, 5, 0, 0), datetime.datetime(2022, 3, 6, 0, 0), datetime.datetime(2022, 3, 7, 0, 0), datetime.datetime(2022, 3, 8, 0, 0), datetime.datetime(2022, 3, 9, 0, 0), datetime.datetime(2022, 3, 10, 0, 0), datetime.datetime(2022, 3, 11, 0, 0), datetime.datetime(2022, 3, 13, 0, 0), datetime.datetime(2022, 3, 14, 0, 0), datetime.datetime(2022, 3, 15, 0, 0), datetime.datetime(2022, 3, 16, 0, 0), datetime.datetime(2022, 3, 17, 0, 0), datetime.datetime(2022, 3, 20, 0, 0), datetime.datetime(2022, 3, 19, 0, 0), datetime.datetime(2022, 3, 21, 0, 0), datetime.datetime(2022, 3, 22, 0, 0), datetime.datetime(2022, 3, 23, 0, 0), datetime.datetime(2022, 3, 24, 0, 0), datetime.datetime(2022, 3, 25, 0, 0), datetime.datetime(2022, 3, 27, 0, 0), datetime.datetime(2022, 3, 28, 0, 0), datetime.datetime(2022, 3, 29, 0, 0), datetime.datetime(2022, 3, 30, 0, 0), datetime.datetime(2022, 4, 1, 0, 0), datetime.datetime(2022, 3, 31, 0, 0), datetime.datetime(2022, 4, 3, 0, 0), datetime.datetime(2022, 4, 4, 0, 0), datetime.datetime(2022, 4, 5, 0, 0), datetime.datetime(2022, 4, 6, 0, 0), datetime.datetime(2022, 4, 7, 0, 0), datetime.datetime(2022, 4, 8, 0, 0), datetime.datetime(2022, 4, 10, 0, 0), datetime.datetime(2022, 4, 11, 0, 0), datetime.datetime(2022, 4, 12, 0, 0), datetime.datetime(2022, 4, 13, 0, 0), datetime.datetime(2022, 4, 16, 0, 0), datetime.datetime(2022, 4, 17, 0, 0), datetime.datetime(2022, 4, 18, 0, 0), datetime.datetime(2022, 4, 19, 0, 0), datetime.datetime(2022, 4, 20, 0, 0), datetime.datetime(2022, 4, 21, 0, 0), datetime.datetime(2022, 4, 22, 0, 0), datetime.datetime(2022, 4, 24, 0, 0), datetime.datetime(2022, 4, 25, 0, 0), datetime.datetime(2022, 4, 26, 0, 0), datetime.datetime(2022, 4, 27, 0, 0), datetime.datetime(2022, 4, 28, 0, 0), datetime.datetime(2022, 4, 29, 0, 0), datetime.datetime(2022, 4, 30, 0, 0), datetime.datetime(2022, 5, 1, 0, 0), datetime.datetime(2022, 5, 2, 0, 0), datetime.datetime(2022, 5, 3, 0, 0), datetime.datetime(2022, 5, 4, 0, 0), datetime.datetime(2022, 5, 5, 0, 0), datetime.datetime(2022, 5, 6, 0, 0), datetime.datetime(2022, 5, 7, 0, 0), datetime.datetime(2022, 5, 8, 0, 0), datetime.datetime(2022, 5, 9, 0, 0), datetime.datetime(2022, 5, 10, 0, 0), datetime.datetime(2022, 5, 11, 0, 0), datetime.datetime(2022, 5, 12, 0, 0), datetime.datetime(2022, 5, 13, 0, 0), datetime.datetime(2022, 5, 17, 0, 0), datetime.datetime(2022, 5, 18, 0, 0), datetime.datetime(2022, 5, 19, 0, 0), datetime.datetime(2022, 5, 20, 0, 0), datetime.datetime(2022, 5, 21, 0, 0), datetime.datetime(2022, 5, 22, 0, 0), datetime.datetime(2022, 5, 23, 0, 0), datetime.datetime(2022, 5, 24, 0, 0), datetime.datetime(2022, 5, 25, 0, 0), datetime.datetime(2022, 5, 26, 0, 0), datetime.datetime(2022, 5, 27, 0, 0), datetime.datetime(2022, 5, 29, 0, 0), datetime.datetime(2022, 5, 30, 0, 0), datetime.datetime(2022, 5, 31, 0, 0), datetime.datetime(2022, 6, 1, 0, 0), datetime.datetime(2022, 6, 2, 0, 0), datetime.datetime(2022, 6, 3, 0, 0), datetime.datetime(2022, 6, 4, 0, 0), datetime.datetime(2022, 6, 5, 0, 0), datetime.datetime(2022, 6, 6, 0, 0), datetime.datetime(2022, 6, 7, 0, 0), datetime.datetime(2022, 6, 8, 0, 0), datetime.datetime(2022, 6, 9, 0, 0), datetime.datetime(2022, 6, 10, 0, 0), datetime.datetime(2022, 6, 12, 0, 0), datetime.datetime(2022, 6, 13, 0, 0), datetime.datetime(2022, 6, 14, 0, 0), datetime.datetime(2022, 6, 15, 0, 0), datetime.datetime(2022, 6, 16, 0, 0), datetime.datetime(2022, 6, 17, 0, 0), datetime.datetime(2022, 6, 18, 0, 0), datetime.datetime(2022, 6, 19, 0, 0), datetime.datetime(2022, 6, 20, 0, 0), datetime.datetime(2022, 6, 21, 0, 0), datetime.datetime(2022, 6, 22, 0, 0), datetime.datetime(2022, 6, 23, 0, 0), datetime.datetime(2022, 6, 24, 0, 0), datetime.datetime(2022, 6, 26, 0, 0), datetime.datetime(2022, 6, 27, 0, 0), datetime.datetime(2022, 6, 28, 0, 0), datetime.datetime(2022, 6, 29, 0, 0), datetime.datetime(2022, 6, 30, 0, 0), datetime.datetime(2022, 7, 1, 0, 0), datetime.datetime(2022, 7, 2, 0, 0), datetime.datetime(2022, 7, 3, 0, 0), datetime.datetime(2022, 7, 4, 0, 0), datetime.datetime(2022, 7, 5, 0, 0), datetime.datetime(2022, 7, 6, 0, 0), datetime.datetime(2022, 7, 7, 0, 0), datetime.datetime(2022, 7, 8, 0, 0), datetime.datetime(2022, 7, 10, 0, 0), datetime.datetime(2022, 7, 11, 0, 0), datetime.datetime(2022, 7, 12, 0, 0), datetime.datetime(2022, 7, 13, 0, 0), datetime.datetime(2022, 7, 14, 0, 0), datetime.datetime(2022, 7, 15, 0, 0), datetime.datetime(2022, 7, 16, 0, 0), datetime.datetime(2022, 7, 17, 0, 0), datetime.datetime(2022, 7, 18, 0, 0), datetime.datetime(2022, 7, 19, 0, 0), datetime.datetime(2022, 7, 20, 0, 0), datetime.datetime(2022, 7, 21, 0, 0), datetime.datetime(2022, 7, 22, 0, 0), datetime.datetime(2022, 7, 24, 0, 0), datetime.datetime(2022, 7, 25, 0, 0), datetime.datetime(2022, 7, 26, 0, 0), datetime.datetime(2022, 7, 27, 0, 0), datetime.datetime(2022, 7, 28, 0, 0), datetime.datetime(2022, 7, 29, 0, 0), datetime.datetime(2022, 7, 31, 0, 0), datetime.datetime(2022, 7, 30, 0, 0), datetime.datetime(2022, 8, 1, 0, 0), datetime.datetime(2022, 8, 2, 0, 0), datetime.datetime(2022, 8, 3, 0, 0), datetime.datetime(2022, 8, 4, 0, 0), datetime.datetime(2022, 8, 5, 0, 0), datetime.datetime(2022, 8, 6, 0, 0), datetime.datetime(2022, 8, 7, 0, 0), datetime.datetime(2022, 8, 8, 0, 0), datetime.datetime(2022, 8, 9, 0, 0), datetime.datetime(2022, 8, 10, 0, 0), datetime.datetime(2022, 8, 11, 0, 0), datetime.datetime(2022, 8, 12, 0, 0), datetime.datetime(2022, 8, 16, 0, 0), datetime.datetime(2022, 8, 17, 0, 0), datetime.datetime(2022, 8, 18, 0, 0), datetime.datetime(2022, 8, 19, 0, 0), datetime.datetime(2022, 8, 20, 0, 0), datetime.datetime(2022, 8, 21, 0, 0), datetime.datetime(2022, 8, 22, 0, 0), datetime.datetime(2022, 8, 23, 0, 0), datetime.datetime(2022, 8, 24, 0, 0), datetime.datetime(2022, 8, 25, 0, 0), datetime.datetime(2022, 8, 26, 0, 0), datetime.datetime(2022, 8, 28, 0, 0), datetime.datetime(2022, 8, 29, 0, 0), datetime.datetime(2022, 8, 30, 0, 0), datetime.datetime(2022, 8, 31, 0, 0), datetime.datetime(2022, 9, 1, 0, 0), datetime.datetime(2022, 9, 7, 0, 0), datetime.datetime(2022, 9, 8, 0, 0), datetime.datetime(2022, 9, 9, 0, 0), datetime.datetime(2022, 9, 11, 0, 0), datetime.datetime(2022, 9, 12, 0, 0), datetime.datetime(2022, 9, 13, 0, 0), datetime.datetime(2022, 9, 14, 0, 0), datetime.datetime(2022, 9, 15, 0, 0), datetime.datetime(2022, 9, 16, 0, 0), datetime.datetime(2022, 9, 17, 0, 0), datetime.datetime(2022, 9, 18, 0, 0), datetime.datetime(2022, 9, 19, 0, 0), datetime.datetime(2022, 9, 20, 0, 0), datetime.datetime(2022, 9, 21, 0, 0), datetime.datetime(2022, 9, 22, 0, 0), datetime.datetime(2022, 9, 23, 0, 0), datetime.datetime(2022, 9, 25, 0, 0), datetime.datetime(2022, 9, 26, 0, 0), datetime.datetime(2022, 9, 27, 0, 0), datetime.datetime(2022, 9, 28, 0, 0), datetime.datetime(2022, 9, 29, 0, 0), datetime.datetime(2022, 9, 30, 0, 0), datetime.datetime(2022, 10, 1, 0, 0), datetime.datetime(2022, 10, 2, 0, 0), datetime.datetime(2022, 10, 3, 0, 0), datetime.datetime(2022, 10, 4, 0, 0), datetime.datetime(2022, 10, 5, 0, 0), datetime.datetime(2022, 10, 6, 0, 0), datetime.datetime(2022, 10, 7, 0, 0), datetime.datetime(2022, 10, 9, 0, 0), datetime.datetime(2022, 10, 10, 0, 0), datetime.datetime(2022, 10, 11, 0, 0), datetime.datetime(2022, 10, 12, 0, 0), datetime.datetime(2022, 10, 13, 0, 0), datetime.datetime(2022, 10, 14, 0, 0), datetime.datetime(2022, 10, 15, 0, 0), datetime.datetime(2022, 10, 16, 0, 0), datetime.datetime(2022, 10, 17, 0, 0), datetime.datetime(2022, 10, 18, 0, 0), datetime.datetime(2022, 10, 19, 0, 0), datetime.datetime(2022, 10, 20, 0, 0), datetime.datetime(2022, 10, 21, 0, 0), datetime.datetime(2022, 10, 24, 0, 0), datetime.datetime(2022, 10, 25, 0, 0), datetime.datetime(2022, 10, 26, 0, 0), datetime.datetime(2022, 10, 27, 0, 0), datetime.datetime(2022, 10, 28, 0, 0), datetime.datetime(2022, 10, 29, 0, 0), datetime.datetime(2022, 10, 30, 0, 0), datetime.datetime(2022, 10, 31, 0, 0), datetime.datetime(2022, 11, 1, 0, 0), datetime.datetime(2022, 11, 2, 0, 0), datetime.datetime(2022, 11, 3, 0, 0), datetime.datetime(2022, 11, 4, 0, 0), datetime.datetime(2022, 11, 5, 0, 0), datetime.datetime(2022, 11, 6, 0, 0), datetime.datetime(2022, 11, 7, 0, 0), datetime.datetime(2022, 11, 8, 0, 0), datetime.datetime(2022, 11, 9, 0, 0), datetime.datetime(2022, 11, 10, 0, 0), datetime.datetime(2022, 11, 11, 0, 0), datetime.datetime(2022, 11, 13, 0, 0), datetime.datetime(2022, 11, 14, 0, 0), datetime.datetime(2022, 11, 15, 0, 0), datetime.datetime(2022, 11, 16, 0, 0), datetime.datetime(2022, 11, 17, 0, 0), datetime.datetime(2022, 11, 18, 0, 0), datetime.datetime(2022, 11, 19, 0, 0), datetime.datetime(2022, 11, 20, 0, 0), datetime.datetime(2022, 11, 21, 0, 0), datetime.datetime(2022, 11, 22, 0, 0), datetime.datetime(2022, 11, 23, 0, 0), datetime.datetime(2022, 11, 24, 0, 0), datetime.datetime(2022, 11, 25, 0, 0), datetime.datetime(2022, 11, 27, 0, 0), datetime.datetime(2022, 11, 28, 0, 0), datetime.datetime(2022, 11, 29, 0, 0), datetime.datetime(2022, 11, 30, 0, 0), datetime.datetime(2022, 12, 1, 0, 0), datetime.datetime(2022, 12, 2, 0, 0), datetime.datetime(2022, 12, 3, 0, 0), datetime.datetime(2022, 12, 4, 0, 0), datetime.datetime(2022, 12, 5, 0, 0), datetime.datetime(2022, 12, 6, 0, 0), datetime.datetime(2022, 12, 7, 0, 0), datetime.datetime(2022, 12, 8, 0, 0), datetime.datetime(2022, 12, 9, 0, 0), datetime.datetime(2022, 12, 11, 0, 0), datetime.datetime(2022, 12, 12, 0, 0), datetime.datetime(2022, 12, 13, 0, 0), datetime.datetime(2022, 12, 14, 0, 0), datetime.datetime(2022, 12, 15, 0, 0), datetime.datetime(2022, 12, 16, 0, 0), datetime.datetime(2022, 12, 17, 0, 0), datetime.datetime(2022, 12, 19, 0, 0), datetime.datetime(2022, 12, 20, 0, 0), datetime.datetime(2022, 12, 21, 0, 0), datetime.datetime(2022, 12, 22, 0, 0), datetime.datetime(2022, 12, 25, 0, 0), datetime.datetime(2022, 12, 23, 0, 0), datetime.datetime(2022, 12, 26, 0, 0)], [-4.3281091, -3.4380890999999996, -3.2784391, -3.2527090999999997, -3.1742690999999996, -3.6580491, -3.6364791, -4.0161208, -4.1773408000000005, -4.5430133, -4.1389633, -4.2115133, -4.2116033, -3.9571233, -3.7263433000000004, -3.6563633, -3.6625833, -3.5553709000000002, -3.5659809000000005, -3.4114409, -3.3638009, -2.6828509, -2.7135109, -2.5694909, -2.7657009, -2.7690209, -2.5926508999999998, -2.7273409, -2.8307709, -2.8581209000000003, -2.7189109000000005, -3.0051709000000004, -3.3316909000000003, -3.7194709, -4.082210900000001, -4.0887909, -4.1122009, -3.9041309, -3.8171509, -3.9296209, -3.8638909000000004, -3.8765909, -3.7817609, -4.0369409, -4.0750909, -4.1243209, -4.1920709, -4.3967709, -4.3990609, -4.1102909, -4.0718909000000005, -3.6091409000000003, -3.8932909, -4.1739709000000005, -4.1996509, -4.0995420000000005, -4.3342220000000005, -4.3096707, -4.5134807, -5.0121907, -5.0136607, -5.284610699999999, -5.4086807, -5.3131707, -5.398020699999999, -4.9739207, -5.0482007, -5.0495707, -4.9202407, -5.1989107, -5.0935707, -5.481000699999999, -5.1587207, -5.3803906999999995, -5.6979077, -5.679357700000001, -5.8244977, -5.2013277, -5.2743077000000005, -5.2763977, -5.0476177, -5.1823477, -5.2061147, -5.544334699999999, -5.3682447, -5.6189347, -5.9105747, -6.2373747, -5.8263447, -5.9878747, -5.9868647, -5.6974947, -5.6570146999999995, -5.5761147, -6.2983047, -6.2416747, -6.2530247, -6.1333147, -5.980684699999999, -4.9428646999999994, -5.1303646999999994, -4.5833246999999995, -4.850244699999999, -4.777304699999999, -4.9581447, -5.045954699999999, -5.0871847, -5.2313547, -5.3851246999999995, -5.5749946999999995, -6.2502477, -6.2137177, -6.6418977, -6.649797700000001, -6.520608299999999, -6.5442883, -5.9930283, -5.983518299999999, -5.587328299999999, -5.628248299999999, -5.4912483, -5.375008299999999, -5.5995183, -5.3434324, -5.3519224, -5.2841824, -5.0545224, -5.1967194, -5.0053394, -5.0850094, -5.0292494, -5.0603994, -5.1485394, -5.5810394, -5.7572394, -6.2964594, -6.314709399999999, -6.4657794, -6.722529399999999, -6.579199399999999, -6.710399399999999, -6.183979399999999, -6.214969399999999, -6.243269399999999, -5.797339399999999, -5.983669399999999, -5.930339399999999, -6.2093294, -6.1722193999999995, -6.3165694, -6.1680794, -6.245709399999999, -6.2711293999999995, -5.509459399999999, -5.9724894, -5.983199399999999, -5.5447793999999995, -5.712929399999999, -5.716049399999999, -6.019539399999999, -5.9958393999999995, -6.152399399999999, -6.4357994, -6.568429399999999, -6.4664893999999995, -6.5458494, -5.7726294, -5.9908193999999995, -6.0240294, -5.6193994, -5.8692193999999995, -5.437519399999999, -5.7986493999999995, -5.669339399999999, -5.7500994, -5.5106394, -4.7418594, -4.6353194, -4.8954394, -3.9231194, -4.5594694, -4.5966394, -4.4022429, -4.4849094, -4.6879394, -3.7842494, -4.2505394, -4.9786094, -3.7989154, -4.5682954, -5.7123654, -5.7971054, -6.066475400000001, -6.1567994, -6.0678594, -5.794219399999999, -6.184989399999999, -6.256049399999999, -5.3597094, -5.8735794, -5.8600894, -5.5523494, -5.845559399999999, -5.880839399999999, -5.807169399999999, -4.6929094000000005, -5.1275994, -4.8070594, -4.9310694, -5.0923194, -5.1360794, -5.1269094, -5.2535494, -5.1390394, -5.5044493999999995, -5.3883794, -5.6227094, -5.506359399999999, -4.8144529, -4.7455429, -4.9178128999999995, -4.9259829, -5.0309729, -4.5173429, -5.1251029, -4.2921328999999995, -4.8109829, -4.8299229, -4.8273629, -4.8934329, -4.766422899999999, -4.34408, -3.65564, -3.84231, -3.44525, -3.76126, -3.9555, -4.11597, -4.62381, -4.63192, -4.75026, -5.1844, -5.20374, -5.22454, -4.74857, -5.10371, -5.0941, -5.14891, -4.99964, -4.94948, -4.83607, -4.78312, -4.82193, -4.77307, -4.85814, -4.24963, -4.28771, -4.16626, -4.60844, -4.63178, -4.26488, -4.477562, -4.5094520000000005, -4.476612, -4.5619320000000005, -4.6458520000000005, -4.777742, -5.016172, -6.006101999999999, -5.662351800000001, -6.041361800000001, -6.1275418, -5.822141800000001, -5.5789818, -5.4623018000000005, -5.459431800000001, -5.5939018, -5.632901800000001, -5.499291800000001, -5.613572, -5.551011999999999, -6.0895719999999995, -5.637352, -5.970732, -5.9850319999999995, -5.803541999999999, -5.263762, -5.264722, -5.450831999999999, -5.522372, -5.564191999999999, -5.569991999999999, -5.617132, -5.722452, -6.110702, -6.504712, -7.3046619999999995, -7.383361999999999, -7.516552, -7.498042, -7.753661999999999, -7.004022, -7.386532, -7.421431999999999, -7.267831999999999, -7.496601999999999, -7.401062, -7.3673519999999995, -7.267391999999999, -7.912642, -7.789771999999999, -7.307831999999999, -7.919981999999999, -6.870862, -7.215152, -7.262502, -7.058412, -7.241642, -7.197582, -7.436582, -7.4672019999999995, -7.625141999999999, -8.326922, -8.574451999999999, -9.087862, -8.781132, -9.149972, -9.206112, -8.787671999999999, -8.722252, -8.407202, -7.795432, -8.607812, -8.389441999999999, -8.461352, -7.987501999999999, -7.238352, -6.678401999999999, -7.111292, -7.138952, -6.717981999999999, -6.754802, -6.853552, -7.419251999999999, -7.327362, -7.477802, -7.204552, -7.434411999999999, -7.294662, -8.030581999999999, -8.329402, -8.503212, -8.459501999999999, -8.651652, -8.079652, -7.834872, -7.514702, -7.661732, -7.630451999999999, -7.711912, -7.644011999999999, -7.097682, -7.613811999999999, -7.666842, -7.024711999999999, -7.430771999999999, -7.0762719999999995, -6.686182, -6.598421999999999, -6.776261999999999, -6.561742, -6.937092, -6.987582, -7.192031999999999, -7.037261999999999, -7.650492, -7.733242, -7.979952, -7.6940219999999995, -6.888661999999999, -7.297362, -7.3087919999999995, -7.845802, -7.933191999999999, -8.303291999999999, -8.250411999999999, -8.221612, -8.304212, -8.285252, -8.297241999999999, -8.154411999999999, -6.821541999999999, -7.389971999999999, -7.371242, -7.028662, -6.945372, -7.151771999999999, -7.295602, -7.338022, -7.395371999999999, -7.194381999999999, -7.749642, -8.315911999999999, -8.575882, -8.409061999999999, -8.755912, -8.805812, -8.342632, -8.430202, -8.259502, -8.324702, -8.188151999999999, -8.245391999999999, -8.250872, -8.232061999999999, -7.803851999999999, -6.9948619999999995, -6.232341999999999, -6.723672, -6.748061999999999, -6.345592, -6.414528000000001, -6.6788680000000005, -6.992698000000001, -6.729078, -7.393968, -7.446128000000001, -7.913488, -7.919918000000001, -7.788228, -7.422428, -6.973428, -7.034258, -6.637868, -6.730518000000001, -6.7259780000000005, -6.674988000000001, -6.196328, -6.457028, -6.483478000000001, -6.207718000000001, -6.338768000000001, -6.062678000000001, -5.641148, -5.3591619999999995, -5.4154219999999995, -5.4912019999999995, -5.153452, -5.210092, -5.185352, -5.327488000000001, -5.695258000000001, -5.746778000000001, -6.157718, -6.598668000000001, -7.1016580000000005, -7.061298000000001, -6.450538000000001, -6.7941780000000005, -6.8270480000000004, -5.981838000000001, -6.524388, -6.8164180000000005, -6.593418000000001, -6.724748000000001, -6.607538000000001, -6.954828000000001, -7.297848, -7.359108000000001, -6.645468, -6.9595080000000005, -6.8365480000000005, -6.9959880000000005, -6.983388000000001, -7.119388000000001, -7.169888, -7.362078, -7.368188000000001, -7.747178000000001, -8.046298, -8.016718000000001, -7.375398000000001, -7.769078, -7.880328, -7.876958, -7.224548, -7.414678, -7.039648000000001, -6.658008000000001, -6.897598, -6.806198, -6.645168000000001, -5.368658000000001, -4.297708, -5.208868, -5.124758, -5.064668, -5.274428, -5.273878000000001, -5.455318, -4.996388, -5.3675880000000005, -5.895508, -6.273018, -7.273068, -6.349718, -5.540268, -7.465178000000001, -8.121828, -8.035908000000001, -7.9295477000000005, -7.7109977, -7.0103077, -7.1941677, -7.0142577, -7.091567700000001, -6.7625377, -7.2762977, -7.3388077, -7.0020777, -6.8836977, -6.5751577, -5.898717700000001, -5.5076377, -5.7116077, -5.204367700000001, -5.2501277, -5.1737877, -4.7595677, -4.9708977, -5.3814077000000005, -5.4725477, -5.2727577000000005, -5.5635177, -5.7142277, -5.4924777, -4.7103077, -4.9693577, -5.0454977, -4.8335877, -4.9708877000000005, -4.9382277000000006, -4.9238077, -4.8757277000000006, -5.3133577, -4.9791377, -4.7911177, -3.2190577, -3.5504177, -3.6006777000000003, -3.3895077000000002, -3.3068477, -3.1733377000000003, -3.1023577, -3.0420277000000002, -3.1413677, -2.9628377, -3.2769277000000003, -3.7770577000000003, -3.6405177, -3.3973677, -3.7664777000000003, -3.7992077, -3.1999877000000003, -3.1688277, -3.2933577, -3.2167577, -3.5496177, -3.6996577000000004, -3.5749677, -3.6052357, -3.4626157, -2.8664057, -2.2871257000000003, -2.5278957, -2.5492757, -2.1443457, -2.1422957, -2.1092057, -1.9837757, -2.0002657, -2.1029857, -2.1599057, -2.3556857, -2.5014357, -2.8949957, -2.7620957, -3.2060857, -3.2552357, -2.8778557, -3.2306057, -2.8577557000000002, -2.5218257, -2.4242057, -2.5486157, -2.1959857, -2.4084957, -2.5993557000000003, -2.4634857, -1.8123557000000001, -2.0911257, -2.1358557, -1.7035557000000001, -1.6951957, -1.5474457000000001, -1.2817311999999998, -1.1564412, -1.2400712, -0.7374111999999999, -0.4987691, -0.4924552, -0.7603452, -0.6362751999999999, -1.0506752000000001, -1.0011752, -1.2947552, -2.0165557, -1.9369557000000002, -2.1382817000000003, -1.7063817000000001, -1.9003417, -1.9370617, -0.9730117, -1.3591117000000001, -1.3666017000000001, -1.4789017000000002, -0.7487617, -1.2860717, -1.0125416999999999, -1.2992816999999999, -0.6410217, -1.0347217, -1.0782517, -0.4577517, -0.7369917, -0.7076416999999999, -0.8420517, -0.9697017, -1.0586917, -1.0330517, -0.6624417, -1.1455416999999999, -1.4259482, -1.5943517, -1.3439817, -0.9993316999999999, -1.1573517, -0.5981917, -0.5083617, -0.6837717, -0.4820717, -0.032435700000000005, -0.2767157, -0.2291357, -0.0029457, 0.2187343, 0.1188643, -0.2662057, -0.1717157, -0.3544557, -0.0164157, 0.0579643, 0.0891943, 0.18728029999999998, -0.3295097, -1.0550097, -1.1469997, -1.1724697, -1.0037457, -1.1507057, -0.7421457, -0.4048857, -0.5061757, 0.08764430000000001, -0.113063, 0.071397, 0.025587, 0.09957700000000001, -0.19528299999999998, -0.114003, -0.12531299999999998, -0.300033, -0.064373, 0.138877, 0.728607, 0.6283569999999999, 0.9837289, 0.7329689, 0.5491853, 0.6401753, 0.6180453, 0.6009153, 0.20125810000000002, -0.2614089, -0.9316361999999999, -0.9396561999999999, -0.7354562, -0.8361962, -0.8583961999999999, 0.055401099999999995, -0.0091689, -0.25593740000000004, -0.4615489, -0.6604189, -0.7160089, -0.6660189, -0.8037389, -0.8350289, -0.9749689, -0.4052332, -0.5568832, -0.5792732, 0.1441668, 0.2238784, 0.1478984, 0.0701884, -0.1952416, -0.2883316, -0.2878816, -0.5698632, -1.1934032, -1.6804532, -1.7211332000000001, -1.8553732, -1.8878732, -1.5367832000000001, -0.8548132, -1.6149332, -1.4103615, -1.5491815, -1.6794315, -1.4061314999999999, -1.4176115, -1.1295115, -0.97559, 0.40853, 0.2422, 0.39563339999999997, 0.2884327, 0.46982339999999995, 0.3297034, 0.1091234, 0.3174534, 0.1590234])
[2022-12-27T13:09:35.929+0530] {taskinstance.py:1322} INFO - Marking task as SUCCESS. dag_id=Money__Market, task_id=extract_data, execution_date=20221226T200000, start_date=20221227T072127, end_date=20221227T073935
[2022-12-27T13:09:36.066+0530] {local_task_job.py:159} INFO - Task exited with return code 0
[2022-12-27T13:09:36.400+0530] {taskinstance.py:2582} INFO - 1 downstream tasks scheduled from follow-on schedule check
