[2022-12-27T11:38:01.414+0530] {taskinstance.py:1087} INFO - Dependencies all met for <TaskInstance: Money__Market.start_task scheduled__2022-12-26T18:00:00+00:00 [queued]>
[2022-12-27T11:38:01.422+0530] {taskinstance.py:1087} INFO - Dependencies all met for <TaskInstance: Money__Market.start_task scheduled__2022-12-26T18:00:00+00:00 [queued]>
[2022-12-27T11:38:01.423+0530] {taskinstance.py:1283} INFO - 
--------------------------------------------------------------------------------
[2022-12-27T11:38:01.423+0530] {taskinstance.py:1284} INFO - Starting attempt 1 of 4
[2022-12-27T11:38:01.423+0530] {taskinstance.py:1285} INFO - 
--------------------------------------------------------------------------------
[2022-12-27T11:38:01.437+0530] {taskinstance.py:1304} INFO - Executing <Task(BashOperator): start_task> on 2022-12-26 18:00:00+00:00
[2022-12-27T11:38:01.441+0530] {standard_task_runner.py:55} INFO - Started process 5519 to run task
[2022-12-27T11:38:01.445+0530] {standard_task_runner.py:82} INFO - Running: ['airflow', 'tasks', 'run', 'Money__Market', 'start_task', 'scheduled__2022-12-26T18:00:00+00:00', '--job-id', '1032', '--raw', '--subdir', 'DAGS_FOLDER/Money_Market.py', '--cfg-path', '/tmp/tmpiejgdeyp']
[2022-12-27T11:38:01.447+0530] {standard_task_runner.py:83} INFO - Job 1032: Subtask start_task
[2022-12-27T11:38:01.486+0530] {task_command.py:389} INFO - Running <TaskInstance: Money__Market.start_task scheduled__2022-12-26T18:00:00+00:00 [running]> on host DESKTOP-SQIOQPD.
[2022-12-27T11:38:01.559+0530] {taskinstance.py:1511} INFO - Exporting the following env vars:
AIRFLOW_CTX_DAG_EMAIL=nikheleshbhattacharyya@gmail.com
AIRFLOW_CTX_DAG_OWNER=airflow
AIRFLOW_CTX_DAG_ID=Money__Market
AIRFLOW_CTX_TASK_ID=start_task
AIRFLOW_CTX_EXECUTION_DATE=2022-12-26T18:00:00+00:00
AIRFLOW_CTX_TRY_NUMBER=1
AIRFLOW_CTX_DAG_RUN_ID=scheduled__2022-12-26T18:00:00+00:00
[2022-12-27T11:38:01.560+0530] {subprocess.py:63} INFO - Tmp dir root location: 
 /tmp
[2022-12-27T11:38:01.561+0530] {subprocess.py:75} INFO - Running command: ['/usr/bin/bash', '-c', 'echo start']
[2022-12-27T11:38:01.572+0530] {subprocess.py:86} INFO - Output:
[2022-12-27T11:38:01.573+0530] {subprocess.py:93} INFO - start
[2022-12-27T11:38:01.574+0530] {subprocess.py:97} INFO - Command exited with return code 0
[2022-12-27T11:38:01.597+0530] {taskinstance.py:1322} INFO - Marking task as SUCCESS. dag_id=Money__Market, task_id=start_task, execution_date=20221226T180000, start_date=20221227T060801, end_date=20221227T060801
[2022-12-27T11:38:01.616+0530] {local_task_job.py:159} INFO - Task exited with return code 0
[2022-12-27T11:38:01.637+0530] {taskinstance.py:2582} INFO - 1 downstream tasks scheduled from follow-on schedule check
