[2023-02-24T11:18:42.647+0530] {taskinstance.py:1087} INFO - Dependencies all met for <TaskInstance: nsdlfpi_and_rupee.load_data manual__2023-02-24T05:15:32.900302+00:00 [queued]>
[2023-02-24T11:18:42.656+0530] {taskinstance.py:1087} INFO - Dependencies all met for <TaskInstance: nsdlfpi_and_rupee.load_data manual__2023-02-24T05:15:32.900302+00:00 [queued]>
[2023-02-24T11:18:42.657+0530] {taskinstance.py:1283} INFO - 
--------------------------------------------------------------------------------
[2023-02-24T11:18:42.657+0530] {taskinstance.py:1284} INFO - Starting attempt 1 of 4
[2023-02-24T11:18:42.659+0530] {taskinstance.py:1285} INFO - 
--------------------------------------------------------------------------------
[2023-02-24T11:18:42.680+0530] {taskinstance.py:1304} INFO - Executing <Task(PythonOperator): load_data> on 2023-02-24 05:15:32.900302+00:00
[2023-02-24T11:18:42.687+0530] {standard_task_runner.py:55} INFO - Started process 6916 to run task
[2023-02-24T11:18:42.691+0530] {standard_task_runner.py:82} INFO - Running: ['airflow', 'tasks', 'run', 'nsdlfpi_and_rupee', 'load_data', 'manual__2023-02-24T05:15:32.900302+00:00', '--job-id', '4718', '--raw', '--subdir', 'DAGS_FOLDER/nsdl_and_rupee.py', '--cfg-path', '/tmp/tmpjx06rp99']
[2023-02-24T11:18:42.696+0530] {standard_task_runner.py:83} INFO - Job 4718: Subtask load_data
[2023-02-24T11:18:42.793+0530] {task_command.py:389} INFO - Running <TaskInstance: nsdlfpi_and_rupee.load_data manual__2023-02-24T05:15:32.900302+00:00 [running]> on host DESKTOP-SQIOQPD.
[2023-02-24T11:18:42.916+0530] {taskinstance.py:1511} INFO - Exporting the following env vars:
AIRFLOW_CTX_DAG_EMAIL=nikheleshbhattacharyya@gmail.com
AIRFLOW_CTX_DAG_OWNER=airflow
AIRFLOW_CTX_DAG_ID=nsdlfpi_and_rupee
AIRFLOW_CTX_TASK_ID=load_data
AIRFLOW_CTX_EXECUTION_DATE=2023-02-24T05:15:32.900302+00:00
AIRFLOW_CTX_TRY_NUMBER=1
AIRFLOW_CTX_DAG_RUN_ID=manual__2023-02-24T05:15:32.900302+00:00
[2023-02-24T11:18:49.764+0530] {python.py:177} INFO - Done. Returned value was: None
[2023-02-24T11:18:49.770+0530] {taskinstance.py:1322} INFO - Marking task as SUCCESS. dag_id=nsdlfpi_and_rupee, task_id=load_data, execution_date=20230224T051532, start_date=20230224T054842, end_date=20230224T054849
[2023-02-24T11:18:54.153+0530] {local_task_job.py:159} INFO - Task exited with return code 0
[2023-02-24T11:18:54.291+0530] {taskinstance.py:2582} INFO - 1 downstream tasks scheduled from follow-on schedule check
