[2023-03-17T04:14:00.907+0530] {taskinstance.py:1087} INFO - Dependencies all met for <TaskInstance: Monthly.load scheduled__2023-02-28T00:00:00+00:00 [queued]>
[2023-03-17T04:14:00.928+0530] {taskinstance.py:1087} INFO - Dependencies all met for <TaskInstance: Monthly.load scheduled__2023-02-28T00:00:00+00:00 [queued]>
[2023-03-17T04:14:00.928+0530] {taskinstance.py:1283} INFO - 
--------------------------------------------------------------------------------
[2023-03-17T04:14:00.928+0530] {taskinstance.py:1284} INFO - Starting attempt 1 of 4
[2023-03-17T04:14:00.928+0530] {taskinstance.py:1285} INFO - 
--------------------------------------------------------------------------------
[2023-03-17T04:14:00.947+0530] {taskinstance.py:1304} INFO - Executing <Task(PythonOperator): load> on 2023-02-28 00:00:00+00:00
[2023-03-17T04:14:00.958+0530] {standard_task_runner.py:55} INFO - Started process 4535 to run task
[2023-03-17T04:14:00.963+0530] {standard_task_runner.py:82} INFO - Running: ['airflow', 'tasks', 'run', 'Monthly', 'load', 'scheduled__2023-02-28T00:00:00+00:00', '--job-id', '4873', '--raw', '--subdir', 'DAGS_FOLDER/Monthly.py', '--cfg-path', '/tmp/tmpx2jhnxg_']
[2023-03-17T04:14:00.964+0530] {standard_task_runner.py:83} INFO - Job 4873: Subtask load
[2023-03-17T04:14:01.037+0530] {task_command.py:389} INFO - Running <TaskInstance: Monthly.load scheduled__2023-02-28T00:00:00+00:00 [running]> on host DESKTOP-SQIOQPD.
[2023-03-17T04:14:01.271+0530] {taskinstance.py:1511} INFO - Exporting the following env vars:
AIRFLOW_CTX_DAG_EMAIL=nikheleshbhattacharyya@gmail.com
AIRFLOW_CTX_DAG_OWNER=airflow
AIRFLOW_CTX_DAG_ID=Monthly
AIRFLOW_CTX_TASK_ID=load
AIRFLOW_CTX_EXECUTION_DATE=2023-02-28T00:00:00+00:00
AIRFLOW_CTX_TRY_NUMBER=1
AIRFLOW_CTX_DAG_RUN_ID=scheduled__2023-02-28T00:00:00+00:00
[2023-03-17T04:14:24.159+0530] {python.py:177} INFO - Done. Returned value was: None
[2023-03-17T04:14:24.170+0530] {taskinstance.py:1322} INFO - Marking task as SUCCESS. dag_id=Monthly, task_id=load, execution_date=20230228T000000, start_date=20230316T224400, end_date=20230316T224424
[2023-03-17T04:14:24.217+0530] {local_task_job.py:159} INFO - Task exited with return code 0
[2023-03-17T04:14:24.252+0530] {taskinstance.py:2582} INFO - 1 downstream tasks scheduled from follow-on schedule check
