[2022-12-29T23:49:48.261+0530] {taskinstance.py:1087} INFO - Dependencies all met for <TaskInstance: Money__Market.extract_data scheduled__2022-12-28T16:00:00+00:00 [queued]>
[2022-12-29T23:49:48.273+0530] {taskinstance.py:1087} INFO - Dependencies all met for <TaskInstance: Money__Market.extract_data scheduled__2022-12-28T16:00:00+00:00 [queued]>
[2022-12-29T23:49:48.274+0530] {taskinstance.py:1283} INFO - 
--------------------------------------------------------------------------------
[2022-12-29T23:49:48.274+0530] {taskinstance.py:1284} INFO - Starting attempt 1 of 4
[2022-12-29T23:49:48.274+0530] {taskinstance.py:1285} INFO - 
--------------------------------------------------------------------------------
[2022-12-29T23:49:48.301+0530] {taskinstance.py:1304} INFO - Executing <Task(PythonOperator): extract_data> on 2022-12-28 16:00:00+00:00
[2022-12-29T23:49:48.308+0530] {standard_task_runner.py:55} INFO - Started process 9770 to run task
[2022-12-29T23:49:48.311+0530] {standard_task_runner.py:82} INFO - Running: ['airflow', 'tasks', 'run', 'Money__Market', 'extract_data', 'scheduled__2022-12-28T16:00:00+00:00', '--job-id', '1846', '--raw', '--subdir', 'DAGS_FOLDER/Money_Market.py', '--cfg-path', '/tmp/tmpplxigymz']
[2022-12-29T23:49:48.313+0530] {standard_task_runner.py:83} INFO - Job 1846: Subtask extract_data
[2022-12-29T23:49:48.385+0530] {task_command.py:389} INFO - Running <TaskInstance: Money__Market.extract_data scheduled__2022-12-28T16:00:00+00:00 [running]> on host DESKTOP-SQIOQPD.
[2022-12-29T23:49:48.499+0530] {taskinstance.py:1511} INFO - Exporting the following env vars:
AIRFLOW_CTX_DAG_EMAIL=nikheleshbhattacharyya@gmail.com
AIRFLOW_CTX_DAG_OWNER=airflow
AIRFLOW_CTX_DAG_ID=Money__Market
AIRFLOW_CTX_TASK_ID=extract_data
AIRFLOW_CTX_EXECUTION_DATE=2022-12-28T16:00:00+00:00
AIRFLOW_CTX_TRY_NUMBER=1
AIRFLOW_CTX_DAG_RUN_ID=scheduled__2022-12-28T16:00:00+00:00
[2022-12-29T23:49:49.204+0530] {logging_mixin.py:137} INFO - 2017-12-29 00:00:00
[2022-12-29T23:49:49.204+0530] {logging_mixin.py:137} INFO - error
[2022-12-29T23:49:49.204+0530] {logging_mixin.py:137} INFO - 1
[2022-12-29T23:49:49.489+0530] {logging_mixin.py:137} INFO - 2017-12-30 00:00:00
[2022-12-29T23:49:49.489+0530] {logging_mixin.py:137} INFO - error
[2022-12-29T23:49:49.489+0530] {logging_mixin.py:137} INFO - 2
[2022-12-29T23:49:49.816+0530] {logging_mixin.py:137} INFO - 2018-01-01 00:00:00
[2022-12-29T23:49:49.816+0530] {logging_mixin.py:137} INFO - error
[2022-12-29T23:49:49.817+0530] {logging_mixin.py:137} INFO - 3
[2022-12-29T23:49:50.176+0530] {logging_mixin.py:137} INFO - 2018-01-02 00:00:00
[2022-12-29T23:49:50.176+0530] {logging_mixin.py:137} INFO - error
[2022-12-29T23:49:50.176+0530] {logging_mixin.py:137} INFO - 4
[2022-12-29T23:49:50.449+0530] {logging_mixin.py:137} INFO - 2018-01-03 00:00:00
[2022-12-29T23:49:50.450+0530] {logging_mixin.py:137} INFO - error
[2022-12-29T23:49:50.450+0530] {logging_mixin.py:137} INFO - 5
[2022-12-29T23:49:50.751+0530] {logging_mixin.py:137} INFO - 2018-01-04 00:00:00
[2022-12-29T23:49:50.751+0530] {logging_mixin.py:137} INFO - error
[2022-12-29T23:49:50.751+0530] {logging_mixin.py:137} INFO - 6
[2022-12-29T23:49:51.105+0530] {logging_mixin.py:137} INFO - 2018-01-05 00:00:00
[2022-12-29T23:49:51.105+0530] {logging_mixin.py:137} INFO - error
[2022-12-29T23:49:51.105+0530] {logging_mixin.py:137} INFO - 7
[2022-12-29T23:49:51.393+0530] {logging_mixin.py:137} INFO - 2018-01-06 00:00:00
[2022-12-29T23:49:51.394+0530] {logging_mixin.py:137} INFO - error
[2022-12-29T23:49:51.394+0530] {logging_mixin.py:137} INFO - 8
[2022-12-29T23:49:51.673+0530] {logging_mixin.py:137} INFO - 2018-01-08 00:00:00
[2022-12-29T23:49:51.673+0530] {logging_mixin.py:137} INFO - error
[2022-12-29T23:49:51.674+0530] {logging_mixin.py:137} INFO - 9
[2022-12-29T23:49:51.979+0530] {logging_mixin.py:137} INFO - 2018-01-09 00:00:00
[2022-12-29T23:49:51.980+0530] {logging_mixin.py:137} INFO - error
[2022-12-29T23:49:51.980+0530] {logging_mixin.py:137} INFO - 10
[2022-12-29T23:49:52.238+0530] {logging_mixin.py:137} INFO - 2018-01-10 00:00:00
[2022-12-29T23:49:52.238+0530] {logging_mixin.py:137} INFO - error
[2022-12-29T23:49:52.238+0530] {logging_mixin.py:137} INFO - 11
[2022-12-29T23:49:52.705+0530] {logging_mixin.py:137} INFO - 2018-01-11 00:00:00
[2022-12-29T23:49:52.706+0530] {logging_mixin.py:137} INFO - error
[2022-12-29T23:49:52.706+0530] {logging_mixin.py:137} INFO - 12
[2022-12-29T23:49:53.008+0530] {logging_mixin.py:137} INFO - 2018-01-12 00:00:00
[2022-12-29T23:49:53.008+0530] {logging_mixin.py:137} INFO - error
[2022-12-29T23:49:53.009+0530] {logging_mixin.py:137} INFO - 13
[2022-12-29T23:49:53.411+0530] {logging_mixin.py:137} INFO - 2018-01-15 00:00:00
[2022-12-29T23:49:53.411+0530] {logging_mixin.py:137} INFO - error
[2022-12-29T23:49:53.412+0530] {logging_mixin.py:137} INFO - 14
[2022-12-29T23:49:53.915+0530] {logging_mixin.py:137} INFO - 2018-01-16 00:00:00
[2022-12-29T23:49:53.915+0530] {logging_mixin.py:137} INFO - error
[2022-12-29T23:49:53.916+0530] {logging_mixin.py:137} INFO - 15
[2022-12-29T23:49:54.217+0530] {logging_mixin.py:137} INFO - 2018-01-17 00:00:00
[2022-12-29T23:49:54.217+0530] {logging_mixin.py:137} INFO - error
[2022-12-29T23:49:54.218+0530] {logging_mixin.py:137} INFO - 16
[2022-12-29T23:49:54.525+0530] {logging_mixin.py:137} INFO - 2018-01-18 00:00:00
[2022-12-29T23:49:54.526+0530] {logging_mixin.py:137} INFO - error
[2022-12-29T23:49:54.526+0530] {logging_mixin.py:137} INFO - 17
[2022-12-29T23:49:54.800+0530] {logging_mixin.py:137} INFO - 2018-01-19 00:00:00
[2022-12-29T23:49:54.800+0530] {logging_mixin.py:137} INFO - error
[2022-12-29T23:49:54.800+0530] {logging_mixin.py:137} INFO - 18
[2022-12-29T23:49:55.133+0530] {logging_mixin.py:137} INFO - 2018-01-20 00:00:00
[2022-12-29T23:49:55.133+0530] {logging_mixin.py:137} INFO - error
[2022-12-29T23:49:55.133+0530] {logging_mixin.py:137} INFO - 19
[2022-12-29T23:49:55.444+0530] {logging_mixin.py:137} INFO - 2018-01-22 00:00:00
[2022-12-29T23:49:55.444+0530] {logging_mixin.py:137} INFO - error
[2022-12-29T23:49:55.444+0530] {logging_mixin.py:137} INFO - 20
[2022-12-29T23:49:55.749+0530] {logging_mixin.py:137} INFO - 2018-01-23 00:00:00
[2022-12-29T23:49:55.750+0530] {logging_mixin.py:137} INFO - error
[2022-12-29T23:49:55.750+0530] {logging_mixin.py:137} INFO - 21
[2022-12-29T23:49:56.305+0530] {logging_mixin.py:137} INFO - 2018-01-24 00:00:00
[2022-12-29T23:49:56.306+0530] {logging_mixin.py:137} INFO - error
[2022-12-29T23:49:56.306+0530] {logging_mixin.py:137} INFO - 22
[2022-12-29T23:49:56.629+0530] {logging_mixin.py:137} INFO - 2018-01-25 00:00:00
[2022-12-29T23:49:56.629+0530] {logging_mixin.py:137} INFO - error
[2022-12-29T23:49:56.629+0530] {logging_mixin.py:137} INFO - 23
[2022-12-29T23:49:57.031+0530] {logging_mixin.py:137} INFO - 2018-01-29 00:00:00
[2022-12-29T23:49:57.031+0530] {logging_mixin.py:137} INFO - error
[2022-12-29T23:49:57.032+0530] {logging_mixin.py:137} INFO - 24
[2022-12-29T23:49:57.339+0530] {logging_mixin.py:137} INFO - 2018-01-30 00:00:00
[2022-12-29T23:49:57.339+0530] {logging_mixin.py:137} INFO - error
[2022-12-29T23:49:57.340+0530] {logging_mixin.py:137} INFO - 25
[2022-12-29T23:49:57.623+0530] {logging_mixin.py:137} INFO - 2018-01-31 00:00:00
[2022-12-29T23:49:57.623+0530] {logging_mixin.py:137} INFO - error
[2022-12-29T23:49:57.624+0530] {logging_mixin.py:137} INFO - 26
[2022-12-29T23:49:57.959+0530] {logging_mixin.py:137} INFO - 2018-02-01 00:00:00
[2022-12-29T23:49:57.959+0530] {logging_mixin.py:137} INFO - error
[2022-12-29T23:49:57.959+0530] {logging_mixin.py:137} INFO - 27
[2022-12-29T23:49:58.323+0530] {logging_mixin.py:137} INFO - 2018-02-02 00:00:00
[2022-12-29T23:49:58.324+0530] {logging_mixin.py:137} INFO - error
[2022-12-29T23:49:58.324+0530] {logging_mixin.py:137} INFO - 28
[2022-12-29T23:49:58.703+0530] {logging_mixin.py:137} INFO - 2018-02-03 00:00:00
[2022-12-29T23:49:58.704+0530] {logging_mixin.py:137} INFO - error
[2022-12-29T23:49:58.704+0530] {logging_mixin.py:137} INFO - 29
[2022-12-29T23:49:58.956+0530] {logging_mixin.py:137} INFO - 2018-02-05 00:00:00
[2022-12-29T23:49:58.956+0530] {logging_mixin.py:137} INFO - error
[2022-12-29T23:49:58.957+0530] {logging_mixin.py:137} INFO - 30
[2022-12-29T23:49:59.219+0530] {logging_mixin.py:137} INFO - 2018-02-06 00:00:00
[2022-12-29T23:49:59.219+0530] {logging_mixin.py:137} INFO - error
[2022-12-29T23:49:59.219+0530] {logging_mixin.py:137} INFO - 31
[2022-12-29T23:49:59.703+0530] {logging_mixin.py:137} INFO - 2018-02-07 00:00:00
[2022-12-29T23:49:59.703+0530] {logging_mixin.py:137} INFO - error
[2022-12-29T23:49:59.704+0530] {logging_mixin.py:137} INFO - 32
[2022-12-29T23:49:59.998+0530] {logging_mixin.py:137} INFO - 2018-02-08 00:00:00
[2022-12-29T23:49:59.998+0530] {logging_mixin.py:137} INFO - error
[2022-12-29T23:50:00.001+0530] {logging_mixin.py:137} INFO - 33
[2022-12-29T23:50:00.344+0530] {logging_mixin.py:137} INFO - 2018-02-09 00:00:00
[2022-12-29T23:50:00.344+0530] {logging_mixin.py:137} INFO - error
[2022-12-29T23:50:00.344+0530] {logging_mixin.py:137} INFO - 34
[2022-12-29T23:50:00.671+0530] {logging_mixin.py:137} INFO - 2018-02-12 00:00:00
[2022-12-29T23:50:00.671+0530] {logging_mixin.py:137} INFO - error
[2022-12-29T23:50:00.671+0530] {logging_mixin.py:137} INFO - 35
[2022-12-29T23:50:01.008+0530] {logging_mixin.py:137} INFO - 2018-02-13 00:00:00
[2022-12-29T23:50:01.008+0530] {logging_mixin.py:137} INFO - error
[2022-12-29T23:50:01.008+0530] {logging_mixin.py:137} INFO - 36
[2022-12-29T23:50:01.281+0530] {logging_mixin.py:137} INFO - 2018-02-14 00:00:00
[2022-12-29T23:50:01.282+0530] {logging_mixin.py:137} INFO - error
[2022-12-29T23:50:01.282+0530] {logging_mixin.py:137} INFO - 37
[2022-12-29T23:50:01.580+0530] {logging_mixin.py:137} INFO - 2018-02-15 00:00:00
[2022-12-29T23:50:01.581+0530] {logging_mixin.py:137} INFO - error
[2022-12-29T23:50:01.581+0530] {logging_mixin.py:137} INFO - 38
[2022-12-29T23:50:01.824+0530] {logging_mixin.py:137} INFO - 2018-02-16 00:00:00
[2022-12-29T23:50:01.824+0530] {logging_mixin.py:137} INFO - error
[2022-12-29T23:50:01.824+0530] {logging_mixin.py:137} INFO - 39
[2022-12-29T23:50:02.095+0530] {logging_mixin.py:137} INFO - 2018-02-17 00:00:00
[2022-12-29T23:50:02.096+0530] {logging_mixin.py:137} INFO - error
[2022-12-29T23:50:02.096+0530] {logging_mixin.py:137} INFO - 40
[2022-12-29T23:50:02.395+0530] {logging_mixin.py:137} INFO - 2018-02-19 00:00:00
[2022-12-29T23:50:02.395+0530] {logging_mixin.py:137} INFO - error
[2022-12-29T23:50:02.396+0530] {logging_mixin.py:137} INFO - 41
[2022-12-29T23:50:02.769+0530] {logging_mixin.py:137} INFO - 2018-02-20 00:00:00
[2022-12-29T23:50:02.770+0530] {logging_mixin.py:137} INFO - error
[2022-12-29T23:50:02.770+0530] {logging_mixin.py:137} INFO - 42
[2022-12-29T23:50:04.309+0530] {logging_mixin.py:137} INFO - 2018-02-21 00:00:00
[2022-12-29T23:50:04.309+0530] {logging_mixin.py:137} INFO - error
[2022-12-29T23:50:04.309+0530] {logging_mixin.py:137} INFO - 43
[2022-12-29T23:50:04.583+0530] {logging_mixin.py:137} INFO - 2018-02-22 00:00:00
[2022-12-29T23:50:04.583+0530] {logging_mixin.py:137} INFO - error
[2022-12-29T23:50:04.583+0530] {logging_mixin.py:137} INFO - 44
[2022-12-29T23:50:04.866+0530] {logging_mixin.py:137} INFO - 2018-02-23 00:00:00
[2022-12-29T23:50:04.867+0530] {logging_mixin.py:137} INFO - error
[2022-12-29T23:50:04.867+0530] {logging_mixin.py:137} INFO - 45
[2022-12-29T23:50:05.175+0530] {logging_mixin.py:137} INFO - 2018-02-26 00:00:00
[2022-12-29T23:50:05.175+0530] {logging_mixin.py:137} INFO - error
[2022-12-29T23:50:05.175+0530] {logging_mixin.py:137} INFO - 46
[2022-12-29T23:50:05.442+0530] {logging_mixin.py:137} INFO - 2018-02-27 00:00:00
[2022-12-29T23:50:05.443+0530] {logging_mixin.py:137} INFO - error
[2022-12-29T23:50:05.443+0530] {logging_mixin.py:137} INFO - 47
[2022-12-29T23:50:05.691+0530] {logging_mixin.py:137} INFO - 2018-02-28 00:00:00
[2022-12-29T23:50:05.692+0530] {logging_mixin.py:137} INFO - error
[2022-12-29T23:50:05.692+0530] {logging_mixin.py:137} INFO - 48
[2022-12-29T23:50:05.931+0530] {logging_mixin.py:137} INFO - 2018-03-01 00:00:00
[2022-12-29T23:50:05.931+0530] {logging_mixin.py:137} INFO - error
[2022-12-29T23:50:05.931+0530] {logging_mixin.py:137} INFO - 49
[2022-12-29T23:50:06.165+0530] {logging_mixin.py:137} INFO - 2018-03-03 00:00:00
[2022-12-29T23:50:06.165+0530] {logging_mixin.py:137} INFO - error
[2022-12-29T23:50:06.165+0530] {logging_mixin.py:137} INFO - 50
[2022-12-29T23:50:06.457+0530] {logging_mixin.py:137} INFO - 2018-03-05 00:00:00
[2022-12-29T23:50:06.458+0530] {logging_mixin.py:137} INFO - error
[2022-12-29T23:50:06.458+0530] {logging_mixin.py:137} INFO - 51
[2022-12-29T23:50:06.695+0530] {logging_mixin.py:137} INFO - 2018-03-06 00:00:00
[2022-12-29T23:50:06.695+0530] {logging_mixin.py:137} INFO - error
[2022-12-29T23:50:06.695+0530] {logging_mixin.py:137} INFO - 52
[2022-12-29T23:50:06.957+0530] {logging_mixin.py:137} INFO - 2018-03-07 00:00:00
[2022-12-29T23:50:06.957+0530] {logging_mixin.py:137} INFO - error
[2022-12-29T23:50:06.958+0530] {logging_mixin.py:137} INFO - 53
[2022-12-29T23:50:07.488+0530] {logging_mixin.py:137} INFO - 2018-03-08 00:00:00
[2022-12-29T23:50:07.489+0530] {logging_mixin.py:137} INFO - error
[2022-12-29T23:50:07.489+0530] {logging_mixin.py:137} INFO - 54
[2022-12-29T23:50:07.964+0530] {logging_mixin.py:137} INFO - 2018-03-09 00:00:00
[2022-12-29T23:50:07.964+0530] {logging_mixin.py:137} INFO - error
[2022-12-29T23:50:07.964+0530] {logging_mixin.py:137} INFO - 55
[2022-12-29T23:50:08.307+0530] {logging_mixin.py:137} INFO - 2018-03-12 00:00:00
[2022-12-29T23:50:08.307+0530] {logging_mixin.py:137} INFO - error
[2022-12-29T23:50:08.307+0530] {logging_mixin.py:137} INFO - 56
[2022-12-29T23:50:08.612+0530] {logging_mixin.py:137} INFO - 2018-03-13 00:00:00
[2022-12-29T23:50:08.612+0530] {logging_mixin.py:137} INFO - error
[2022-12-29T23:50:08.613+0530] {logging_mixin.py:137} INFO - 57
[2022-12-29T23:50:08.865+0530] {logging_mixin.py:137} INFO - 2018-03-14 00:00:00
[2022-12-29T23:50:08.865+0530] {logging_mixin.py:137} INFO - error
[2022-12-29T23:50:08.865+0530] {logging_mixin.py:137} INFO - 58
[2022-12-29T23:50:09.174+0530] {logging_mixin.py:137} INFO - 2018-03-15 00:00:00
[2022-12-29T23:50:09.174+0530] {logging_mixin.py:137} INFO - error
[2022-12-29T23:50:09.175+0530] {logging_mixin.py:137} INFO - 59
[2022-12-29T23:50:09.464+0530] {logging_mixin.py:137} INFO - 2018-03-16 00:00:00
[2022-12-29T23:50:09.465+0530] {logging_mixin.py:137} INFO - error
[2022-12-29T23:50:09.465+0530] {logging_mixin.py:137} INFO - 60
[2022-12-29T23:50:09.809+0530] {logging_mixin.py:137} INFO - 2018-03-17 00:00:00
[2022-12-29T23:50:09.810+0530] {logging_mixin.py:137} INFO - error
[2022-12-29T23:50:09.810+0530] {logging_mixin.py:137} INFO - 61
[2022-12-29T23:50:10.107+0530] {logging_mixin.py:137} INFO - 2018-03-19 00:00:00
[2022-12-29T23:50:10.107+0530] {logging_mixin.py:137} INFO - error
[2022-12-29T23:50:10.108+0530] {logging_mixin.py:137} INFO - 62
[2022-12-29T23:50:10.486+0530] {logging_mixin.py:137} INFO - 2018-03-20 00:00:00
[2022-12-29T23:50:10.486+0530] {logging_mixin.py:137} INFO - error
[2022-12-29T23:50:10.487+0530] {logging_mixin.py:137} INFO - 63
[2022-12-29T23:50:10.991+0530] {logging_mixin.py:137} INFO - 2018-03-21 00:00:00
[2022-12-29T23:50:10.991+0530] {logging_mixin.py:137} INFO - error
[2022-12-29T23:50:10.991+0530] {logging_mixin.py:137} INFO - 64
[2022-12-29T23:50:11.234+0530] {logging_mixin.py:137} INFO - 2018-03-22 00:00:00
[2022-12-29T23:50:11.234+0530] {logging_mixin.py:137} INFO - error
[2022-12-29T23:50:11.234+0530] {logging_mixin.py:137} INFO - 65
[2022-12-29T23:50:11.500+0530] {logging_mixin.py:137} INFO - 2018-03-23 00:00:00
[2022-12-29T23:50:11.500+0530] {logging_mixin.py:137} INFO - error
[2022-12-29T23:50:11.500+0530] {logging_mixin.py:137} INFO - 66
[2022-12-29T23:50:11.792+0530] {logging_mixin.py:137} INFO - 2018-03-26 00:00:00
[2022-12-29T23:50:11.792+0530] {logging_mixin.py:137} INFO - error
[2022-12-29T23:50:11.792+0530] {logging_mixin.py:137} INFO - 67
[2022-12-29T23:50:12.086+0530] {logging_mixin.py:137} INFO - 2018-03-27 00:00:00
[2022-12-29T23:50:12.086+0530] {logging_mixin.py:137} INFO - error
[2022-12-29T23:50:12.086+0530] {logging_mixin.py:137} INFO - 68
[2022-12-29T23:50:12.344+0530] {logging_mixin.py:137} INFO - 2018-03-28 00:00:00
[2022-12-29T23:50:12.344+0530] {logging_mixin.py:137} INFO - error
[2022-12-29T23:50:12.344+0530] {logging_mixin.py:137} INFO - 69
[2022-12-29T23:50:12.637+0530] {logging_mixin.py:137} INFO - 2018-03-31 00:00:00
[2022-12-29T23:50:12.637+0530] {logging_mixin.py:137} INFO - error
[2022-12-29T23:50:12.637+0530] {logging_mixin.py:137} INFO - 70
[2022-12-29T23:50:12.911+0530] {logging_mixin.py:137} INFO - 2018-04-02 00:00:00
[2022-12-29T23:50:12.911+0530] {logging_mixin.py:137} INFO - error
[2022-12-29T23:50:12.911+0530] {logging_mixin.py:137} INFO - 71
[2022-12-29T23:50:13.216+0530] {logging_mixin.py:137} INFO - 2018-04-03 00:00:00
[2022-12-29T23:50:13.217+0530] {logging_mixin.py:137} INFO - error
[2022-12-29T23:50:13.217+0530] {logging_mixin.py:137} INFO - 72
[2022-12-29T23:50:13.724+0530] {logging_mixin.py:137} INFO - 2018-04-04 00:00:00
[2022-12-29T23:50:13.724+0530] {logging_mixin.py:137} INFO - error
[2022-12-29T23:50:13.725+0530] {logging_mixin.py:137} INFO - 73
[2022-12-29T23:50:14.272+0530] {logging_mixin.py:137} INFO - 2018-04-05 00:00:00
[2022-12-29T23:50:14.273+0530] {logging_mixin.py:137} INFO - error
[2022-12-29T23:50:14.273+0530] {logging_mixin.py:137} INFO - 74
[2022-12-29T23:50:14.683+0530] {logging_mixin.py:137} INFO - 2018-04-06 00:00:00
[2022-12-29T23:50:14.683+0530] {logging_mixin.py:137} INFO - error
[2022-12-29T23:50:14.683+0530] {logging_mixin.py:137} INFO - 75
[2022-12-29T23:50:15.012+0530] {logging_mixin.py:137} INFO - 2018-04-07 00:00:00
[2022-12-29T23:50:15.012+0530] {logging_mixin.py:137} INFO - error
[2022-12-29T23:50:15.012+0530] {logging_mixin.py:137} INFO - 76
[2022-12-29T23:50:15.274+0530] {logging_mixin.py:137} INFO - 2018-04-09 00:00:00
[2022-12-29T23:50:15.274+0530] {logging_mixin.py:137} INFO - error
[2022-12-29T23:50:15.275+0530] {logging_mixin.py:137} INFO - 77
[2022-12-29T23:50:15.575+0530] {logging_mixin.py:137} INFO - 2018-04-10 00:00:00
[2022-12-29T23:50:15.576+0530] {logging_mixin.py:137} INFO - error
[2022-12-29T23:50:15.576+0530] {logging_mixin.py:137} INFO - 78
[2022-12-29T23:50:15.837+0530] {logging_mixin.py:137} INFO - 2018-04-11 00:00:00
[2022-12-29T23:50:15.838+0530] {logging_mixin.py:137} INFO - error
[2022-12-29T23:50:15.838+0530] {logging_mixin.py:137} INFO - 79
[2022-12-29T23:50:16.110+0530] {logging_mixin.py:137} INFO - 2018-04-12 00:00:00
[2022-12-29T23:50:16.110+0530] {logging_mixin.py:137} INFO - error
[2022-12-29T23:50:16.110+0530] {logging_mixin.py:137} INFO - 80
[2022-12-29T23:50:16.345+0530] {logging_mixin.py:137} INFO - 2018-04-13 00:00:00
[2022-12-29T23:50:16.345+0530] {logging_mixin.py:137} INFO - error
[2022-12-29T23:50:16.345+0530] {logging_mixin.py:137} INFO - 81
[2022-12-29T23:50:16.601+0530] {logging_mixin.py:137} INFO - 2018-04-16 00:00:00
[2022-12-29T23:50:16.601+0530] {logging_mixin.py:137} INFO - error
[2022-12-29T23:50:16.601+0530] {logging_mixin.py:137} INFO - 82
[2022-12-29T23:50:16.853+0530] {logging_mixin.py:137} INFO - 2018-04-17 00:00:00
[2022-12-29T23:50:16.853+0530] {logging_mixin.py:137} INFO - error
[2022-12-29T23:50:16.853+0530] {logging_mixin.py:137} INFO - 83
[2022-12-29T23:50:17.149+0530] {logging_mixin.py:137} INFO - 2018-04-18 00:00:00
[2022-12-29T23:50:17.150+0530] {logging_mixin.py:137} INFO - error
[2022-12-29T23:50:17.150+0530] {logging_mixin.py:137} INFO - 84
[2022-12-29T23:50:17.565+0530] {logging_mixin.py:137} INFO - 2018-04-19 00:00:00
[2022-12-29T23:50:17.565+0530] {logging_mixin.py:137} INFO - error
[2022-12-29T23:50:17.566+0530] {logging_mixin.py:137} INFO - 85
[2022-12-29T23:50:17.849+0530] {logging_mixin.py:137} INFO - 2018-04-20 00:00:00
[2022-12-29T23:50:17.850+0530] {logging_mixin.py:137} INFO - error
[2022-12-29T23:50:17.850+0530] {logging_mixin.py:137} INFO - 86
[2022-12-29T23:50:18.359+0530] {logging_mixin.py:137} INFO - 2018-04-21 00:00:00
[2022-12-29T23:50:18.360+0530] {logging_mixin.py:137} INFO - error
[2022-12-29T23:50:18.360+0530] {logging_mixin.py:137} INFO - 87
[2022-12-29T23:50:19.029+0530] {logging_mixin.py:137} INFO - 2018-04-23 00:00:00
[2022-12-29T23:50:19.029+0530] {logging_mixin.py:137} INFO - error
[2022-12-29T23:50:19.029+0530] {logging_mixin.py:137} INFO - 88
[2022-12-29T23:50:19.862+0530] {logging_mixin.py:137} INFO - 2018-04-24 00:00:00
[2022-12-29T23:50:19.862+0530] {logging_mixin.py:137} INFO - error
[2022-12-29T23:50:19.862+0530] {logging_mixin.py:137} INFO - 89
[2022-12-29T23:50:20.478+0530] {logging_mixin.py:137} INFO - 2018-04-25 00:00:00
[2022-12-29T23:50:20.478+0530] {logging_mixin.py:137} INFO - error
[2022-12-29T23:50:20.478+0530] {logging_mixin.py:137} INFO - 90
[2022-12-29T23:50:20.887+0530] {logging_mixin.py:137} INFO - 2018-04-26 00:00:00
[2022-12-29T23:50:20.887+0530] {logging_mixin.py:137} INFO - error
[2022-12-29T23:50:20.887+0530] {logging_mixin.py:137} INFO - 91
[2022-12-29T23:50:21.112+0530] {logging_mixin.py:137} INFO - 2018-04-27 00:00:00
[2022-12-29T23:50:21.112+0530] {logging_mixin.py:137} INFO - error
[2022-12-29T23:50:21.112+0530] {logging_mixin.py:137} INFO - 92
[2022-12-29T23:50:21.364+0530] {logging_mixin.py:137} INFO - 2018-05-01 00:00:00
[2022-12-29T23:50:21.364+0530] {logging_mixin.py:137} INFO - error
[2022-12-29T23:50:21.364+0530] {logging_mixin.py:137} INFO - 93
[2022-12-29T23:50:21.681+0530] {logging_mixin.py:137} INFO - 2018-05-02 00:00:00
[2022-12-29T23:50:21.681+0530] {logging_mixin.py:137} INFO - error
[2022-12-29T23:50:21.682+0530] {logging_mixin.py:137} INFO - 94
[2022-12-29T23:50:22.266+0530] {logging_mixin.py:137} INFO - 2018-05-03 00:00:00
[2022-12-29T23:50:22.267+0530] {logging_mixin.py:137} INFO - error
[2022-12-29T23:50:22.267+0530] {logging_mixin.py:137} INFO - 95
[2022-12-29T23:50:22.561+0530] {logging_mixin.py:137} INFO - 2018-05-04 00:00:00
[2022-12-29T23:50:22.561+0530] {logging_mixin.py:137} INFO - error
[2022-12-29T23:50:22.561+0530] {logging_mixin.py:137} INFO - 96
[2022-12-29T23:50:22.912+0530] {logging_mixin.py:137} INFO - 2018-05-05 00:00:00
[2022-12-29T23:50:22.912+0530] {logging_mixin.py:137} INFO - error
[2022-12-29T23:50:22.912+0530] {logging_mixin.py:137} INFO - 97
[2022-12-29T23:50:23.384+0530] {logging_mixin.py:137} INFO - 2018-05-07 00:00:00
[2022-12-29T23:50:23.385+0530] {logging_mixin.py:137} INFO - error
[2022-12-29T23:50:23.385+0530] {logging_mixin.py:137} INFO - 98
[2022-12-29T23:50:23.893+0530] {logging_mixin.py:137} INFO - 2018-05-08 00:00:00
[2022-12-29T23:50:23.893+0530] {logging_mixin.py:137} INFO - error
[2022-12-29T23:50:23.893+0530] {logging_mixin.py:137} INFO - 99
[2022-12-29T23:50:24.315+0530] {logging_mixin.py:137} INFO - 2018-05-09 00:00:00
[2022-12-29T23:50:24.315+0530] {logging_mixin.py:137} INFO - error
[2022-12-29T23:50:24.316+0530] {logging_mixin.py:137} INFO - 100
[2022-12-29T23:50:24.655+0530] {logging_mixin.py:137} INFO - 2018-05-10 00:00:00
[2022-12-29T23:50:24.655+0530] {logging_mixin.py:137} INFO - error
[2022-12-29T23:50:24.655+0530] {logging_mixin.py:137} INFO - 101
[2022-12-29T23:50:24.898+0530] {logging_mixin.py:137} INFO - 2018-05-11 00:00:00
[2022-12-29T23:50:24.898+0530] {logging_mixin.py:137} INFO - error
[2022-12-29T23:50:24.898+0530] {logging_mixin.py:137} INFO - 102
[2022-12-29T23:50:25.190+0530] {logging_mixin.py:137} INFO - 2018-05-14 00:00:00
[2022-12-29T23:50:25.191+0530] {logging_mixin.py:137} INFO - error
[2022-12-29T23:50:25.191+0530] {logging_mixin.py:137} INFO - 103
[2022-12-29T23:50:25.511+0530] {logging_mixin.py:137} INFO - 2018-05-15 00:00:00
[2022-12-29T23:50:25.511+0530] {logging_mixin.py:137} INFO - error
[2022-12-29T23:50:25.512+0530] {logging_mixin.py:137} INFO - 104
[2022-12-29T23:50:25.789+0530] {logging_mixin.py:137} INFO - 2018-05-16 00:00:00
[2022-12-29T23:50:25.789+0530] {logging_mixin.py:137} INFO - error
[2022-12-29T23:50:25.790+0530] {logging_mixin.py:137} INFO - 105
[2022-12-29T23:50:26.330+0530] {logging_mixin.py:137} INFO - 2018-05-17 00:00:00
[2022-12-29T23:50:26.330+0530] {logging_mixin.py:137} INFO - error
[2022-12-29T23:50:26.331+0530] {logging_mixin.py:137} INFO - 106
[2022-12-29T23:50:26.655+0530] {logging_mixin.py:137} INFO - 2018-05-18 00:00:00
[2022-12-29T23:50:26.655+0530] {logging_mixin.py:137} INFO - error
[2022-12-29T23:50:26.655+0530] {logging_mixin.py:137} INFO - 107
[2022-12-29T23:50:26.951+0530] {logging_mixin.py:137} INFO - 2018-05-19 00:00:00
[2022-12-29T23:50:26.952+0530] {logging_mixin.py:137} INFO - error
[2022-12-29T23:50:26.952+0530] {logging_mixin.py:137} INFO - 108
[2022-12-29T23:50:27.237+0530] {logging_mixin.py:137} INFO - 2018-05-21 00:00:00
[2022-12-29T23:50:27.237+0530] {logging_mixin.py:137} INFO - error
[2022-12-29T23:50:27.238+0530] {logging_mixin.py:137} INFO - 109
[2022-12-29T23:50:27.564+0530] {logging_mixin.py:137} INFO - 2018-05-22 00:00:00
[2022-12-29T23:50:27.564+0530] {logging_mixin.py:137} INFO - error
[2022-12-29T23:50:27.564+0530] {logging_mixin.py:137} INFO - 110
[2022-12-29T23:50:27.820+0530] {logging_mixin.py:137} INFO - 2018-05-23 00:00:00
[2022-12-29T23:50:27.820+0530] {logging_mixin.py:137} INFO - error
[2022-12-29T23:50:27.821+0530] {logging_mixin.py:137} INFO - 111
[2022-12-29T23:50:28.106+0530] {logging_mixin.py:137} INFO - 2018-05-24 00:00:00
[2022-12-29T23:50:28.107+0530] {logging_mixin.py:137} INFO - error
[2022-12-29T23:50:28.107+0530] {logging_mixin.py:137} INFO - 112
[2022-12-29T23:50:28.408+0530] {logging_mixin.py:137} INFO - 2018-05-25 00:00:00
[2022-12-29T23:50:28.408+0530] {logging_mixin.py:137} INFO - error
[2022-12-29T23:50:28.409+0530] {logging_mixin.py:137} INFO - 113
[2022-12-29T23:50:28.672+0530] {logging_mixin.py:137} INFO - 2018-05-28 00:00:00
[2022-12-29T23:50:28.673+0530] {logging_mixin.py:137} INFO - error
[2022-12-29T23:50:28.673+0530] {logging_mixin.py:137} INFO - 114
[2022-12-29T23:50:28.915+0530] {logging_mixin.py:137} INFO - 2018-05-29 00:00:00
[2022-12-29T23:50:28.915+0530] {logging_mixin.py:137} INFO - error
[2022-12-29T23:50:28.915+0530] {logging_mixin.py:137} INFO - 115
[2022-12-29T23:50:29.197+0530] {logging_mixin.py:137} INFO - 2018-05-30 00:00:00
[2022-12-29T23:50:29.198+0530] {logging_mixin.py:137} INFO - error
[2022-12-29T23:50:29.198+0530] {logging_mixin.py:137} INFO - 116
[2022-12-29T23:50:29.621+0530] {logging_mixin.py:137} INFO - 2018-05-31 00:00:00
[2022-12-29T23:50:29.621+0530] {logging_mixin.py:137} INFO - error
[2022-12-29T23:50:29.621+0530] {logging_mixin.py:137} INFO - 117
[2022-12-29T23:50:29.917+0530] {logging_mixin.py:137} INFO - 2018-06-01 00:00:00
[2022-12-29T23:50:29.917+0530] {logging_mixin.py:137} INFO - error
[2022-12-29T23:50:29.917+0530] {logging_mixin.py:137} INFO - 118
[2022-12-29T23:50:30.176+0530] {logging_mixin.py:137} INFO - 2018-06-02 00:00:00
[2022-12-29T23:50:30.176+0530] {logging_mixin.py:137} INFO - error
[2022-12-29T23:50:30.176+0530] {logging_mixin.py:137} INFO - 119
[2022-12-29T23:50:30.425+0530] {logging_mixin.py:137} INFO - 2018-06-04 00:00:00
[2022-12-29T23:50:30.425+0530] {logging_mixin.py:137} INFO - error
[2022-12-29T23:50:30.426+0530] {logging_mixin.py:137} INFO - 120
[2022-12-29T23:50:30.682+0530] {logging_mixin.py:137} INFO - 2018-06-05 00:00:00
[2022-12-29T23:50:30.682+0530] {logging_mixin.py:137} INFO - error
[2022-12-29T23:50:30.683+0530] {logging_mixin.py:137} INFO - 121
[2022-12-29T23:50:31.924+0530] {logging_mixin.py:137} INFO - 2018-06-06 00:00:00
[2022-12-29T23:50:31.925+0530] {logging_mixin.py:137} INFO - error
[2022-12-29T23:50:31.925+0530] {logging_mixin.py:137} INFO - 122
[2022-12-29T23:50:33.374+0530] {logging_mixin.py:137} INFO - 2018-06-07 00:00:00
[2022-12-29T23:50:33.374+0530] {logging_mixin.py:137} INFO - error
[2022-12-29T23:50:33.374+0530] {logging_mixin.py:137} INFO - 123
[2022-12-29T23:50:33.717+0530] {logging_mixin.py:137} INFO - 2018-06-08 00:00:00
[2022-12-29T23:50:33.718+0530] {logging_mixin.py:137} INFO - error
[2022-12-29T23:50:33.718+0530] {logging_mixin.py:137} INFO - 124
[2022-12-29T23:50:34.474+0530] {logging_mixin.py:137} INFO - 2018-06-11 00:00:00
[2022-12-29T23:50:34.474+0530] {logging_mixin.py:137} INFO - error
[2022-12-29T23:50:34.474+0530] {logging_mixin.py:137} INFO - 125
[2022-12-29T23:50:34.825+0530] {logging_mixin.py:137} INFO - 2018-06-12 00:00:00
[2022-12-29T23:50:34.825+0530] {logging_mixin.py:137} INFO - error
[2022-12-29T23:50:34.825+0530] {logging_mixin.py:137} INFO - 126
[2022-12-29T23:50:35.154+0530] {logging_mixin.py:137} INFO - 2018-06-13 00:00:00
[2022-12-29T23:50:35.155+0530] {logging_mixin.py:137} INFO - error
[2022-12-29T23:50:35.155+0530] {logging_mixin.py:137} INFO - 127
[2022-12-29T23:50:35.562+0530] {logging_mixin.py:137} INFO - 2018-06-14 00:00:00
[2022-12-29T23:50:35.562+0530] {logging_mixin.py:137} INFO - error
[2022-12-29T23:50:35.562+0530] {logging_mixin.py:137} INFO - 128
[2022-12-29T23:50:35.831+0530] {logging_mixin.py:137} INFO - 2018-06-15 00:00:00
[2022-12-29T23:50:35.831+0530] {logging_mixin.py:137} INFO - error
[2022-12-29T23:50:35.831+0530] {logging_mixin.py:137} INFO - 129
[2022-12-29T23:50:36.085+0530] {logging_mixin.py:137} INFO - 2018-06-18 00:00:00
[2022-12-29T23:50:36.086+0530] {logging_mixin.py:137} INFO - error
[2022-12-29T23:50:36.086+0530] {logging_mixin.py:137} INFO - 130
[2022-12-29T23:50:37.029+0530] {logging_mixin.py:137} INFO - 2018-06-19 00:00:00
[2022-12-29T23:50:37.030+0530] {logging_mixin.py:137} INFO - error
[2022-12-29T23:50:37.030+0530] {logging_mixin.py:137} INFO - 131
[2022-12-29T23:50:37.322+0530] {logging_mixin.py:137} INFO - 2018-06-20 00:00:00
[2022-12-29T23:50:37.322+0530] {logging_mixin.py:137} INFO - error
[2022-12-29T23:50:37.323+0530] {logging_mixin.py:137} INFO - 132
[2022-12-29T23:50:37.726+0530] {logging_mixin.py:137} INFO - 2018-06-21 00:00:00
[2022-12-29T23:50:37.727+0530] {logging_mixin.py:137} INFO - error
[2022-12-29T23:50:37.727+0530] {logging_mixin.py:137} INFO - 133
[2022-12-29T23:50:38.003+0530] {logging_mixin.py:137} INFO - 2018-06-22 00:00:00
[2022-12-29T23:50:38.003+0530] {logging_mixin.py:137} INFO - error
[2022-12-29T23:50:38.003+0530] {logging_mixin.py:137} INFO - 134
[2022-12-29T23:50:38.444+0530] {logging_mixin.py:137} INFO - 2018-06-25 00:00:00
[2022-12-29T23:50:38.445+0530] {logging_mixin.py:137} INFO - error
[2022-12-29T23:50:38.445+0530] {logging_mixin.py:137} INFO - 135
[2022-12-29T23:50:38.713+0530] {logging_mixin.py:137} INFO - 2018-06-26 00:00:00
[2022-12-29T23:50:38.713+0530] {logging_mixin.py:137} INFO - error
[2022-12-29T23:50:38.713+0530] {logging_mixin.py:137} INFO - 136
[2022-12-29T23:50:38.955+0530] {logging_mixin.py:137} INFO - 2018-06-27 00:00:00
[2022-12-29T23:50:38.956+0530] {logging_mixin.py:137} INFO - error
[2022-12-29T23:50:38.956+0530] {logging_mixin.py:137} INFO - 137
[2022-12-29T23:50:39.239+0530] {logging_mixin.py:137} INFO - 2018-06-28 00:00:00
[2022-12-29T23:50:39.239+0530] {logging_mixin.py:137} INFO - error
[2022-12-29T23:50:39.240+0530] {logging_mixin.py:137} INFO - 138
[2022-12-29T23:50:39.724+0530] {logging_mixin.py:137} INFO - 2018-06-29 00:00:00
[2022-12-29T23:50:39.727+0530] {logging_mixin.py:137} INFO - error
[2022-12-29T23:50:39.728+0530] {logging_mixin.py:137} INFO - 139
[2022-12-29T23:50:40.034+0530] {logging_mixin.py:137} INFO - 2018-06-30 00:00:00
[2022-12-29T23:50:40.035+0530] {logging_mixin.py:137} INFO - error
[2022-12-29T23:50:40.035+0530] {logging_mixin.py:137} INFO - 140
[2022-12-29T23:50:40.278+0530] {logging_mixin.py:137} INFO - 2018-07-02 00:00:00
[2022-12-29T23:50:40.278+0530] {logging_mixin.py:137} INFO - error
[2022-12-29T23:50:40.278+0530] {logging_mixin.py:137} INFO - 141
[2022-12-29T23:50:40.596+0530] {logging_mixin.py:137} INFO - 2018-07-03 00:00:00
[2022-12-29T23:50:40.597+0530] {logging_mixin.py:137} INFO - error
[2022-12-29T23:50:40.597+0530] {logging_mixin.py:137} INFO - 142
[2022-12-29T23:50:40.874+0530] {logging_mixin.py:137} INFO - 2018-07-04 00:00:00
[2022-12-29T23:50:40.874+0530] {logging_mixin.py:137} INFO - error
[2022-12-29T23:50:40.874+0530] {logging_mixin.py:137} INFO - 143
[2022-12-29T23:50:41.186+0530] {logging_mixin.py:137} INFO - 2018-07-05 00:00:00
[2022-12-29T23:50:41.186+0530] {logging_mixin.py:137} INFO - error
[2022-12-29T23:50:41.186+0530] {logging_mixin.py:137} INFO - 144
[2022-12-29T23:50:41.468+0530] {logging_mixin.py:137} INFO - 2018-07-06 00:00:00
[2022-12-29T23:50:41.468+0530] {logging_mixin.py:137} INFO - error
[2022-12-29T23:50:41.468+0530] {logging_mixin.py:137} INFO - 145
[2022-12-29T23:50:41.723+0530] {logging_mixin.py:137} INFO - 2018-07-07 00:00:00
[2022-12-29T23:50:41.723+0530] {logging_mixin.py:137} INFO - error
[2022-12-29T23:50:41.723+0530] {logging_mixin.py:137} INFO - 146
[2022-12-29T23:50:41.953+0530] {logging_mixin.py:137} INFO - 2018-07-09 00:00:00
[2022-12-29T23:50:41.953+0530] {logging_mixin.py:137} INFO - error
[2022-12-29T23:50:41.953+0530] {logging_mixin.py:137} INFO - 147
[2022-12-29T23:50:42.230+0530] {logging_mixin.py:137} INFO - 2018-07-10 00:00:00
[2022-12-29T23:50:42.230+0530] {logging_mixin.py:137} INFO - error
[2022-12-29T23:50:42.230+0530] {logging_mixin.py:137} INFO - 148
[2022-12-29T23:50:42.477+0530] {logging_mixin.py:137} INFO - 2018-07-11 00:00:00
[2022-12-29T23:50:42.477+0530] {logging_mixin.py:137} INFO - error
[2022-12-29T23:50:42.477+0530] {logging_mixin.py:137} INFO - 149
[2022-12-29T23:50:43.079+0530] {logging_mixin.py:137} INFO - 2018-07-12 00:00:00
[2022-12-29T23:50:43.080+0530] {logging_mixin.py:137} INFO - error
[2022-12-29T23:50:43.080+0530] {logging_mixin.py:137} INFO - 150
[2022-12-29T23:50:43.382+0530] {logging_mixin.py:137} INFO - 2018-07-13 00:00:00
[2022-12-29T23:50:43.382+0530] {logging_mixin.py:137} INFO - error
[2022-12-29T23:50:43.382+0530] {logging_mixin.py:137} INFO - 151
[2022-12-29T23:50:43.667+0530] {logging_mixin.py:137} INFO - 2018-07-16 00:00:00
[2022-12-29T23:50:43.667+0530] {logging_mixin.py:137} INFO - error
[2022-12-29T23:50:43.667+0530] {logging_mixin.py:137} INFO - 152
[2022-12-29T23:50:43.945+0530] {logging_mixin.py:137} INFO - 2018-07-17 00:00:00
[2022-12-29T23:50:43.946+0530] {logging_mixin.py:137} INFO - error
[2022-12-29T23:50:43.946+0530] {logging_mixin.py:137} INFO - 153
[2022-12-29T23:50:44.286+0530] {logging_mixin.py:137} INFO - 2018-07-18 00:00:00
[2022-12-29T23:50:44.286+0530] {logging_mixin.py:137} INFO - error
[2022-12-29T23:50:44.287+0530] {logging_mixin.py:137} INFO - 154
[2022-12-29T23:50:44.580+0530] {logging_mixin.py:137} INFO - 2018-07-19 00:00:00
[2022-12-29T23:50:44.580+0530] {logging_mixin.py:137} INFO - error
[2022-12-29T23:50:44.580+0530] {logging_mixin.py:137} INFO - 155
[2022-12-29T23:50:44.852+0530] {logging_mixin.py:137} INFO - 2018-07-20 00:00:00
[2022-12-29T23:50:44.853+0530] {logging_mixin.py:137} INFO - error
[2022-12-29T23:50:44.853+0530] {logging_mixin.py:137} INFO - 156
[2022-12-29T23:50:45.152+0530] {logging_mixin.py:137} INFO - 2018-07-21 00:00:00
[2022-12-29T23:50:45.153+0530] {logging_mixin.py:137} INFO - error
[2022-12-29T23:50:45.153+0530] {logging_mixin.py:137} INFO - 157
[2022-12-29T23:50:45.398+0530] {logging_mixin.py:137} INFO - 2018-07-23 00:00:00
[2022-12-29T23:50:45.398+0530] {logging_mixin.py:137} INFO - error
[2022-12-29T23:50:45.399+0530] {logging_mixin.py:137} INFO - 158
[2022-12-29T23:50:45.677+0530] {logging_mixin.py:137} INFO - 2018-07-24 00:00:00
[2022-12-29T23:50:45.677+0530] {logging_mixin.py:137} INFO - error
[2022-12-29T23:50:45.678+0530] {logging_mixin.py:137} INFO - 159
[2022-12-29T23:50:45.957+0530] {logging_mixin.py:137} INFO - 2018-07-25 00:00:00
[2022-12-29T23:50:45.957+0530] {logging_mixin.py:137} INFO - error
[2022-12-29T23:50:45.957+0530] {logging_mixin.py:137} INFO - 160
[2022-12-29T23:50:46.411+0530] {logging_mixin.py:137} INFO - 2018-07-26 00:00:00
[2022-12-29T23:50:46.411+0530] {logging_mixin.py:137} INFO - error
[2022-12-29T23:50:46.412+0530] {logging_mixin.py:137} INFO - 161
[2022-12-29T23:50:46.938+0530] {logging_mixin.py:137} INFO - 2018-07-27 00:00:00
[2022-12-29T23:50:46.939+0530] {logging_mixin.py:137} INFO - error
[2022-12-29T23:50:46.939+0530] {logging_mixin.py:137} INFO - 162
[2022-12-29T23:50:47.333+0530] {logging_mixin.py:137} INFO - 2018-07-30 00:00:00
[2022-12-29T23:50:47.334+0530] {logging_mixin.py:137} INFO - error
[2022-12-29T23:50:47.334+0530] {logging_mixin.py:137} INFO - 163
[2022-12-29T23:50:47.664+0530] {logging_mixin.py:137} INFO - 2018-07-31 00:00:00
[2022-12-29T23:50:47.665+0530] {logging_mixin.py:137} INFO - error
[2022-12-29T23:50:47.665+0530] {logging_mixin.py:137} INFO - 164
[2022-12-29T23:50:48.028+0530] {logging_mixin.py:137} INFO - 2018-08-01 00:00:00
[2022-12-29T23:50:48.028+0530] {logging_mixin.py:137} INFO - error
[2022-12-29T23:50:48.028+0530] {logging_mixin.py:137} INFO - 165
[2022-12-29T23:50:48.389+0530] {logging_mixin.py:137} INFO - 2018-08-02 00:00:00
[2022-12-29T23:50:48.390+0530] {logging_mixin.py:137} INFO - error
[2022-12-29T23:50:48.390+0530] {logging_mixin.py:137} INFO - 166
[2022-12-29T23:50:48.667+0530] {logging_mixin.py:137} INFO - 2018-08-03 00:00:00
[2022-12-29T23:50:48.667+0530] {logging_mixin.py:137} INFO - error
[2022-12-29T23:50:48.667+0530] {logging_mixin.py:137} INFO - 167
[2022-12-29T23:50:48.931+0530] {logging_mixin.py:137} INFO - 2018-08-04 00:00:00
[2022-12-29T23:50:48.931+0530] {logging_mixin.py:137} INFO - error
[2022-12-29T23:50:48.931+0530] {logging_mixin.py:137} INFO - 168
[2022-12-29T23:50:49.193+0530] {logging_mixin.py:137} INFO - 2018-08-06 00:00:00
[2022-12-29T23:50:49.194+0530] {logging_mixin.py:137} INFO - error
[2022-12-29T23:50:49.194+0530] {logging_mixin.py:137} INFO - 169
[2022-12-29T23:50:49.467+0530] {logging_mixin.py:137} INFO - 2018-08-07 00:00:00
[2022-12-29T23:50:49.468+0530] {logging_mixin.py:137} INFO - error
[2022-12-29T23:50:49.468+0530] {logging_mixin.py:137} INFO - 170
[2022-12-29T23:50:49.684+0530] {logging_mixin.py:137} INFO - 2018-08-08 00:00:00
[2022-12-29T23:50:49.684+0530] {logging_mixin.py:137} INFO - error
[2022-12-29T23:50:49.684+0530] {logging_mixin.py:137} INFO - 171
[2022-12-29T23:50:50.140+0530] {logging_mixin.py:137} INFO - 2018-08-09 00:00:00
[2022-12-29T23:50:50.141+0530] {logging_mixin.py:137} INFO - error
[2022-12-29T23:50:50.141+0530] {logging_mixin.py:137} INFO - 172
[2022-12-29T23:50:50.413+0530] {logging_mixin.py:137} INFO - 2018-08-10 00:00:00
[2022-12-29T23:50:50.413+0530] {logging_mixin.py:137} INFO - error
[2022-12-29T23:50:50.413+0530] {logging_mixin.py:137} INFO - 173
[2022-12-29T23:50:50.667+0530] {logging_mixin.py:137} INFO - 2018-08-13 00:00:00
[2022-12-29T23:50:50.667+0530] {logging_mixin.py:137} INFO - error
[2022-12-29T23:50:50.667+0530] {logging_mixin.py:137} INFO - 174
[2022-12-29T23:50:50.953+0530] {logging_mixin.py:137} INFO - 2018-08-14 00:00:00
[2022-12-29T23:50:50.953+0530] {logging_mixin.py:137} INFO - error
[2022-12-29T23:50:50.953+0530] {logging_mixin.py:137} INFO - 175
[2022-12-29T23:50:51.173+0530] {logging_mixin.py:137} INFO - 2018-08-16 00:00:00
[2022-12-29T23:50:51.173+0530] {logging_mixin.py:137} INFO - error
[2022-12-29T23:50:51.174+0530] {logging_mixin.py:137} INFO - 176
[2022-12-29T23:50:51.403+0530] {logging_mixin.py:137} INFO - 2018-08-18 00:00:00
[2022-12-29T23:50:51.403+0530] {logging_mixin.py:137} INFO - error
[2022-12-29T23:50:51.403+0530] {logging_mixin.py:137} INFO - 177
[2022-12-29T23:50:51.704+0530] {logging_mixin.py:137} INFO - 2018-08-20 00:00:00
[2022-12-29T23:50:51.704+0530] {logging_mixin.py:137} INFO - error
[2022-12-29T23:50:51.705+0530] {logging_mixin.py:137} INFO - 178
[2022-12-29T23:50:51.944+0530] {logging_mixin.py:137} INFO - 2018-08-21 00:00:00
[2022-12-29T23:50:51.944+0530] {logging_mixin.py:137} INFO - error
[2022-12-29T23:50:51.945+0530] {logging_mixin.py:137} INFO - 179
[2022-12-29T23:50:52.402+0530] {logging_mixin.py:137} INFO - 2018-08-23 00:00:00
[2022-12-29T23:50:52.403+0530] {logging_mixin.py:137} INFO - error
[2022-12-29T23:50:52.404+0530] {logging_mixin.py:137} INFO - 180
[2022-12-29T23:50:53.070+0530] {logging_mixin.py:137} INFO - 2018-08-24 00:00:00
[2022-12-29T23:50:53.070+0530] {logging_mixin.py:137} INFO - error
[2022-12-29T23:50:53.071+0530] {logging_mixin.py:137} INFO - 181
[2022-12-29T23:50:53.750+0530] {logging_mixin.py:137} INFO - 2018-08-27 00:00:00
[2022-12-29T23:50:53.750+0530] {logging_mixin.py:137} INFO - error
[2022-12-29T23:50:53.750+0530] {logging_mixin.py:137} INFO - 182
[2022-12-29T23:50:54.591+0530] {logging_mixin.py:137} INFO - 2018-08-28 00:00:00
[2022-12-29T23:50:54.591+0530] {logging_mixin.py:137} INFO - error
[2022-12-29T23:50:54.591+0530] {logging_mixin.py:137} INFO - 183
[2022-12-29T23:50:54.923+0530] {logging_mixin.py:137} INFO - 2018-08-29 00:00:00
[2022-12-29T23:50:54.923+0530] {logging_mixin.py:137} INFO - error
[2022-12-29T23:50:54.924+0530] {logging_mixin.py:137} INFO - 184
[2022-12-29T23:50:55.270+0530] {logging_mixin.py:137} INFO - 2018-08-30 00:00:00
[2022-12-29T23:50:55.270+0530] {logging_mixin.py:137} INFO - error
[2022-12-29T23:50:55.270+0530] {logging_mixin.py:137} INFO - 185
[2022-12-29T23:50:55.565+0530] {logging_mixin.py:137} INFO - 2018-08-31 00:00:00
[2022-12-29T23:50:55.565+0530] {logging_mixin.py:137} INFO - error
[2022-12-29T23:50:55.565+0530] {logging_mixin.py:137} INFO - 186
[2022-12-29T23:50:55.919+0530] {logging_mixin.py:137} INFO - 2018-09-01 00:00:00
[2022-12-29T23:50:55.920+0530] {logging_mixin.py:137} INFO - error
[2022-12-29T23:50:55.920+0530] {logging_mixin.py:137} INFO - 187
[2022-12-29T23:50:56.267+0530] {logging_mixin.py:137} INFO - 2018-09-03 00:00:00
[2022-12-29T23:50:56.267+0530] {logging_mixin.py:137} INFO - error
[2022-12-29T23:50:56.267+0530] {logging_mixin.py:137} INFO - 188
[2022-12-29T23:50:56.528+0530] {logging_mixin.py:137} INFO - 2018-09-04 00:00:00
[2022-12-29T23:50:56.528+0530] {logging_mixin.py:137} INFO - error
[2022-12-29T23:50:56.528+0530] {logging_mixin.py:137} INFO - 189
[2022-12-29T23:50:56.799+0530] {logging_mixin.py:137} INFO - 2018-09-05 00:00:00
[2022-12-29T23:50:56.799+0530] {logging_mixin.py:137} INFO - error
[2022-12-29T23:50:56.799+0530] {logging_mixin.py:137} INFO - 190
[2022-12-29T23:50:57.110+0530] {logging_mixin.py:137} INFO - 2018-09-06 00:00:00
[2022-12-29T23:50:57.110+0530] {logging_mixin.py:137} INFO - error
[2022-12-29T23:50:57.111+0530] {logging_mixin.py:137} INFO - 191
[2022-12-29T23:50:57.466+0530] {logging_mixin.py:137} INFO - 2018-09-07 00:00:00
[2022-12-29T23:50:57.466+0530] {logging_mixin.py:137} INFO - error
[2022-12-29T23:50:57.466+0530] {logging_mixin.py:137} INFO - 192
[2022-12-29T23:50:58.294+0530] {logging_mixin.py:137} INFO - 2018-09-10 00:00:00
[2022-12-29T23:50:58.294+0530] {logging_mixin.py:137} INFO - error
[2022-12-29T23:50:58.295+0530] {logging_mixin.py:137} INFO - 193
[2022-12-29T23:50:58.928+0530] {logging_mixin.py:137} INFO - 2018-09-11 00:00:00
[2022-12-29T23:50:58.928+0530] {logging_mixin.py:137} INFO - error
[2022-12-29T23:50:58.929+0530] {logging_mixin.py:137} INFO - 194
[2022-12-29T23:50:59.197+0530] {logging_mixin.py:137} INFO - 2018-09-12 00:00:00
[2022-12-29T23:50:59.197+0530] {logging_mixin.py:137} INFO - error
[2022-12-29T23:50:59.197+0530] {logging_mixin.py:137} INFO - 195
[2022-12-29T23:50:59.440+0530] {logging_mixin.py:137} INFO - 2018-09-13 00:00:00
[2022-12-29T23:50:59.440+0530] {logging_mixin.py:137} INFO - error
[2022-12-29T23:50:59.441+0530] {logging_mixin.py:137} INFO - 196
[2022-12-29T23:50:59.689+0530] {logging_mixin.py:137} INFO - 2018-09-14 00:00:00
[2022-12-29T23:50:59.690+0530] {logging_mixin.py:137} INFO - error
[2022-12-29T23:50:59.690+0530] {logging_mixin.py:137} INFO - 197
[2022-12-29T23:50:59.935+0530] {logging_mixin.py:137} INFO - 2018-09-15 00:00:00
[2022-12-29T23:50:59.936+0530] {logging_mixin.py:137} INFO - error
[2022-12-29T23:50:59.936+0530] {logging_mixin.py:137} INFO - 198
[2022-12-29T23:51:00.184+0530] {logging_mixin.py:137} INFO - 2018-09-17 00:00:00
[2022-12-29T23:51:00.184+0530] {logging_mixin.py:137} INFO - error
[2022-12-29T23:51:00.184+0530] {logging_mixin.py:137} INFO - 199
[2022-12-29T23:51:00.515+0530] {logging_mixin.py:137} INFO - 2018-09-18 00:00:00
[2022-12-29T23:51:00.516+0530] {logging_mixin.py:137} INFO - error
[2022-12-29T23:51:00.516+0530] {logging_mixin.py:137} INFO - 200
[2022-12-29T23:51:00.903+0530] {logging_mixin.py:137} INFO - 2018-09-19 00:00:00
[2022-12-29T23:51:00.904+0530] {logging_mixin.py:137} INFO - error
[2022-12-29T23:51:00.904+0530] {logging_mixin.py:137} INFO - 201
[2022-12-29T23:51:02.231+0530] {logging_mixin.py:137} INFO - 2018-09-20 00:00:00
[2022-12-29T23:51:02.231+0530] {logging_mixin.py:137} INFO - error
[2022-12-29T23:51:02.231+0530] {logging_mixin.py:137} INFO - 202
[2022-12-29T23:51:02.555+0530] {logging_mixin.py:137} INFO - 2018-09-21 00:00:00
[2022-12-29T23:51:02.555+0530] {logging_mixin.py:137} INFO - error
[2022-12-29T23:51:02.556+0530] {logging_mixin.py:137} INFO - 203
[2022-12-29T23:51:02.995+0530] {logging_mixin.py:137} INFO - 2018-09-24 00:00:00
[2022-12-29T23:51:02.996+0530] {logging_mixin.py:137} INFO - error
[2022-12-29T23:51:02.996+0530] {logging_mixin.py:137} INFO - 204
[2022-12-29T23:51:03.734+0530] {logging_mixin.py:137} INFO - 2018-09-25 00:00:00
[2022-12-29T23:51:03.734+0530] {logging_mixin.py:137} INFO - error
[2022-12-29T23:51:03.734+0530] {logging_mixin.py:137} INFO - 205
[2022-12-29T23:51:04.023+0530] {logging_mixin.py:137} INFO - 2018-09-26 00:00:00
[2022-12-29T23:51:04.024+0530] {logging_mixin.py:137} INFO - error
[2022-12-29T23:51:04.024+0530] {logging_mixin.py:137} INFO - 206
[2022-12-29T23:51:04.360+0530] {logging_mixin.py:137} INFO - 2018-09-27 00:00:00
[2022-12-29T23:51:04.360+0530] {logging_mixin.py:137} INFO - error
[2022-12-29T23:51:04.361+0530] {logging_mixin.py:137} INFO - 207
[2022-12-29T23:51:04.624+0530] {logging_mixin.py:137} INFO - 2018-09-28 00:00:00
[2022-12-29T23:51:04.624+0530] {logging_mixin.py:137} INFO - error
[2022-12-29T23:51:04.624+0530] {logging_mixin.py:137} INFO - 208
[2022-12-29T23:51:04.951+0530] {logging_mixin.py:137} INFO - 2018-09-29 00:00:00
[2022-12-29T23:51:04.951+0530] {logging_mixin.py:137} INFO - error
[2022-12-29T23:51:04.951+0530] {logging_mixin.py:137} INFO - 209
[2022-12-29T23:51:05.221+0530] {logging_mixin.py:137} INFO - 2018-10-01 00:00:00
[2022-12-29T23:51:05.222+0530] {logging_mixin.py:137} INFO - error
[2022-12-29T23:51:05.222+0530] {logging_mixin.py:137} INFO - 210
[2022-12-29T23:51:05.498+0530] {logging_mixin.py:137} INFO - 2018-10-03 00:00:00
[2022-12-29T23:51:05.499+0530] {logging_mixin.py:137} INFO - error
[2022-12-29T23:51:05.499+0530] {logging_mixin.py:137} INFO - 211
[2022-12-29T23:51:05.732+0530] {logging_mixin.py:137} INFO - 2018-10-04 00:00:00
[2022-12-29T23:51:05.732+0530] {logging_mixin.py:137} INFO - error
[2022-12-29T23:51:05.732+0530] {logging_mixin.py:137} INFO - 212
[2022-12-29T23:51:06.091+0530] {logging_mixin.py:137} INFO - 2018-10-05 00:00:00
[2022-12-29T23:51:06.092+0530] {logging_mixin.py:137} INFO - error
[2022-12-29T23:51:06.092+0530] {logging_mixin.py:137} INFO - 213
[2022-12-29T23:51:06.452+0530] {logging_mixin.py:137} INFO - 2018-10-06 00:00:00
[2022-12-29T23:51:06.452+0530] {logging_mixin.py:137} INFO - error
[2022-12-29T23:51:06.452+0530] {logging_mixin.py:137} INFO - 214
[2022-12-29T23:51:06.988+0530] {logging_mixin.py:137} INFO - 2018-10-08 00:00:00
[2022-12-29T23:51:06.988+0530] {logging_mixin.py:137} INFO - error
[2022-12-29T23:51:06.988+0530] {logging_mixin.py:137} INFO - 215
[2022-12-29T23:51:07.239+0530] {logging_mixin.py:137} INFO - 2018-10-09 00:00:00
[2022-12-29T23:51:07.239+0530] {logging_mixin.py:137} INFO - error
[2022-12-29T23:51:07.239+0530] {logging_mixin.py:137} INFO - 216
[2022-12-29T23:51:07.501+0530] {logging_mixin.py:137} INFO - 2018-10-10 00:00:00
[2022-12-29T23:51:07.501+0530] {logging_mixin.py:137} INFO - error
[2022-12-29T23:51:07.501+0530] {logging_mixin.py:137} INFO - 217
[2022-12-29T23:51:07.858+0530] {logging_mixin.py:137} INFO - 2018-10-11 00:00:00
[2022-12-29T23:51:07.858+0530] {logging_mixin.py:137} INFO - error
[2022-12-29T23:51:07.858+0530] {logging_mixin.py:137} INFO - 218
[2022-12-29T23:51:08.163+0530] {logging_mixin.py:137} INFO - 2018-10-12 00:00:00
[2022-12-29T23:51:08.163+0530] {logging_mixin.py:137} INFO - error
[2022-12-29T23:51:08.163+0530] {logging_mixin.py:137} INFO - 219
[2022-12-29T23:51:08.503+0530] {logging_mixin.py:137} INFO - 2018-10-15 00:00:00
[2022-12-29T23:51:08.504+0530] {logging_mixin.py:137} INFO - error
[2022-12-29T23:51:08.504+0530] {logging_mixin.py:137} INFO - 220
[2022-12-29T23:51:08.792+0530] {logging_mixin.py:137} INFO - 2018-10-16 00:00:00
[2022-12-29T23:51:08.792+0530] {logging_mixin.py:137} INFO - error
[2022-12-29T23:51:08.792+0530] {logging_mixin.py:137} INFO - 221
[2022-12-29T23:51:09.052+0530] {logging_mixin.py:137} INFO - 2018-10-17 00:00:00
[2022-12-29T23:51:09.052+0530] {logging_mixin.py:137} INFO - error
[2022-12-29T23:51:09.053+0530] {logging_mixin.py:137} INFO - 222
[2022-12-29T23:51:09.339+0530] {logging_mixin.py:137} INFO - 2018-10-18 00:00:00
[2022-12-29T23:51:09.339+0530] {logging_mixin.py:137} INFO - error
[2022-12-29T23:51:09.339+0530] {logging_mixin.py:137} INFO - 223
[2022-12-29T23:51:09.726+0530] {logging_mixin.py:137} INFO - 2018-10-19 00:00:00
[2022-12-29T23:51:09.727+0530] {logging_mixin.py:137} INFO - error
[2022-12-29T23:51:09.727+0530] {logging_mixin.py:137} INFO - 224
[2022-12-29T23:51:10.062+0530] {logging_mixin.py:137} INFO - 2018-10-20 00:00:00
[2022-12-29T23:51:10.062+0530] {logging_mixin.py:137} INFO - error
[2022-12-29T23:51:10.062+0530] {logging_mixin.py:137} INFO - 225
[2022-12-29T23:51:10.460+0530] {logging_mixin.py:137} INFO - 2018-10-22 00:00:00
[2022-12-29T23:51:10.460+0530] {logging_mixin.py:137} INFO - error
[2022-12-29T23:51:10.460+0530] {logging_mixin.py:137} INFO - 226
[2022-12-29T23:51:10.687+0530] {logging_mixin.py:137} INFO - 2018-10-23 00:00:00
[2022-12-29T23:51:10.687+0530] {logging_mixin.py:137} INFO - error
[2022-12-29T23:51:10.687+0530] {logging_mixin.py:137} INFO - 227
[2022-12-29T23:51:10.918+0530] {logging_mixin.py:137} INFO - 2018-10-24 00:00:00
[2022-12-29T23:51:10.918+0530] {logging_mixin.py:137} INFO - error
[2022-12-29T23:51:10.919+0530] {logging_mixin.py:137} INFO - 228
[2022-12-29T23:51:11.141+0530] {logging_mixin.py:137} INFO - 2018-10-25 00:00:00
[2022-12-29T23:51:11.141+0530] {logging_mixin.py:137} INFO - error
[2022-12-29T23:51:11.141+0530] {logging_mixin.py:137} INFO - 229
[2022-12-29T23:51:11.381+0530] {logging_mixin.py:137} INFO - 2018-10-26 00:00:00
[2022-12-29T23:51:11.381+0530] {logging_mixin.py:137} INFO - error
[2022-12-29T23:51:11.381+0530] {logging_mixin.py:137} INFO - 230
[2022-12-29T23:51:11.611+0530] {logging_mixin.py:137} INFO - 2018-10-29 00:00:00
[2022-12-29T23:51:11.611+0530] {logging_mixin.py:137} INFO - error
[2022-12-29T23:51:11.611+0530] {logging_mixin.py:137} INFO - 231
[2022-12-29T23:51:11.871+0530] {logging_mixin.py:137} INFO - 2018-10-30 00:00:00
[2022-12-29T23:51:11.872+0530] {logging_mixin.py:137} INFO - error
[2022-12-29T23:51:11.872+0530] {logging_mixin.py:137} INFO - 232
[2022-12-29T23:51:12.129+0530] {logging_mixin.py:137} INFO - 2018-10-31 00:00:00
[2022-12-29T23:51:12.129+0530] {logging_mixin.py:137} INFO - error
[2022-12-29T23:51:12.129+0530] {logging_mixin.py:137} INFO - 233
[2022-12-29T23:51:12.383+0530] {logging_mixin.py:137} INFO - 2018-11-01 00:00:00
[2022-12-29T23:51:12.384+0530] {logging_mixin.py:137} INFO - error
[2022-12-29T23:51:12.384+0530] {logging_mixin.py:137} INFO - 234
[2022-12-29T23:51:12.643+0530] {logging_mixin.py:137} INFO - 2018-11-02 00:00:00
[2022-12-29T23:51:12.643+0530] {logging_mixin.py:137} INFO - error
[2022-12-29T23:51:12.644+0530] {logging_mixin.py:137} INFO - 235
[2022-12-29T23:51:12.927+0530] {logging_mixin.py:137} INFO - 2018-11-03 00:00:00
[2022-12-29T23:51:12.928+0530] {logging_mixin.py:137} INFO - error
[2022-12-29T23:51:12.928+0530] {logging_mixin.py:137} INFO - 236
[2022-12-29T23:51:13.486+0530] {logging_mixin.py:137} INFO - 2018-11-05 00:00:00
[2022-12-29T23:51:13.487+0530] {logging_mixin.py:137} INFO - error
[2022-12-29T23:51:13.487+0530] {logging_mixin.py:137} INFO - 237
[2022-12-29T23:51:14.023+0530] {logging_mixin.py:137} INFO - 2018-11-06 00:00:00
[2022-12-29T23:51:14.024+0530] {logging_mixin.py:137} INFO - error
[2022-12-29T23:51:14.024+0530] {logging_mixin.py:137} INFO - 238
[2022-12-29T23:51:14.374+0530] {logging_mixin.py:137} INFO - 2018-11-08 00:00:00
[2022-12-29T23:51:14.375+0530] {logging_mixin.py:137} INFO - error
[2022-12-29T23:51:14.375+0530] {logging_mixin.py:137} INFO - 239
[2022-12-29T23:51:14.667+0530] {logging_mixin.py:137} INFO - 2018-11-09 00:00:00
[2022-12-29T23:51:14.668+0530] {logging_mixin.py:137} INFO - error
[2022-12-29T23:51:14.668+0530] {logging_mixin.py:137} INFO - 240
[2022-12-29T23:51:14.941+0530] {logging_mixin.py:137} INFO - 2018-11-12 00:00:00
[2022-12-29T23:51:14.941+0530] {logging_mixin.py:137} INFO - error
[2022-12-29T23:51:14.941+0530] {logging_mixin.py:137} INFO - 241
[2022-12-29T23:51:15.182+0530] {logging_mixin.py:137} INFO - 2018-11-13 00:00:00
[2022-12-29T23:51:15.183+0530] {logging_mixin.py:137} INFO - error
[2022-12-29T23:51:15.183+0530] {logging_mixin.py:137} INFO - 242
[2022-12-29T23:51:15.464+0530] {logging_mixin.py:137} INFO - 2018-11-14 00:00:00
[2022-12-29T23:51:15.465+0530] {logging_mixin.py:137} INFO - error
[2022-12-29T23:51:15.465+0530] {logging_mixin.py:137} INFO - 243
[2022-12-29T23:51:15.722+0530] {logging_mixin.py:137} INFO - 2018-11-15 00:00:00
[2022-12-29T23:51:15.723+0530] {logging_mixin.py:137} INFO - error
[2022-12-29T23:51:15.723+0530] {logging_mixin.py:137} INFO - 244
[2022-12-29T23:51:15.968+0530] {logging_mixin.py:137} INFO - 2018-11-16 00:00:00
[2022-12-29T23:51:15.968+0530] {logging_mixin.py:137} INFO - error
[2022-12-29T23:51:15.968+0530] {logging_mixin.py:137} INFO - 245
[2022-12-29T23:51:16.223+0530] {logging_mixin.py:137} INFO - 2018-11-17 00:00:00
[2022-12-29T23:51:16.223+0530] {logging_mixin.py:137} INFO - error
[2022-12-29T23:51:16.223+0530] {logging_mixin.py:137} INFO - 246
[2022-12-29T23:51:16.463+0530] {logging_mixin.py:137} INFO - 2018-11-19 00:00:00
[2022-12-29T23:51:16.463+0530] {logging_mixin.py:137} INFO - error
[2022-12-29T23:51:16.463+0530] {logging_mixin.py:137} INFO - 247
[2022-12-29T23:51:16.879+0530] {logging_mixin.py:137} INFO - 2018-11-20 00:00:00
[2022-12-29T23:51:16.879+0530] {logging_mixin.py:137} INFO - error
[2022-12-29T23:51:16.879+0530] {logging_mixin.py:137} INFO - 248
[2022-12-29T23:51:17.195+0530] {logging_mixin.py:137} INFO - 2018-11-21 00:00:00
[2022-12-29T23:51:17.196+0530] {logging_mixin.py:137} INFO - error
[2022-12-29T23:51:17.196+0530] {logging_mixin.py:137} INFO - 249
[2022-12-29T23:51:17.630+0530] {logging_mixin.py:137} INFO - 2018-11-22 00:00:00
[2022-12-29T23:51:17.630+0530] {logging_mixin.py:137} INFO - error
[2022-12-29T23:51:17.630+0530] {logging_mixin.py:137} INFO - 250
[2022-12-29T23:51:18.219+0530] {logging_mixin.py:137} INFO - 2018-11-23 00:00:00
[2022-12-29T23:51:18.220+0530] {logging_mixin.py:137} INFO - error
[2022-12-29T23:51:18.220+0530] {logging_mixin.py:137} INFO - 251
[2022-12-29T23:51:18.866+0530] {logging_mixin.py:137} INFO - 2018-11-26 00:00:00
[2022-12-29T23:51:18.867+0530] {logging_mixin.py:137} INFO - error
[2022-12-29T23:51:18.867+0530] {logging_mixin.py:137} INFO - 252
[2022-12-29T23:51:19.546+0530] {logging_mixin.py:137} INFO - 2018-11-27 00:00:00
[2022-12-29T23:51:19.546+0530] {logging_mixin.py:137} INFO - error
[2022-12-29T23:51:19.547+0530] {logging_mixin.py:137} INFO - 253
[2022-12-29T23:51:20.009+0530] {logging_mixin.py:137} INFO - 2018-11-28 00:00:00
[2022-12-29T23:51:20.010+0530] {logging_mixin.py:137} INFO - error
[2022-12-29T23:51:20.010+0530] {logging_mixin.py:137} INFO - 254
[2022-12-29T23:51:21.415+0530] {logging_mixin.py:137} INFO - 2018-11-29 00:00:00
[2022-12-29T23:51:21.415+0530] {logging_mixin.py:137} INFO - error
[2022-12-29T23:51:21.416+0530] {logging_mixin.py:137} INFO - 255
[2022-12-29T23:51:21.739+0530] {logging_mixin.py:137} INFO - 2018-11-30 00:00:00
[2022-12-29T23:51:21.739+0530] {logging_mixin.py:137} INFO - error
[2022-12-29T23:51:21.739+0530] {logging_mixin.py:137} INFO - 256
[2022-12-29T23:51:21.972+0530] {logging_mixin.py:137} INFO - 2018-12-01 00:00:00
[2022-12-29T23:51:21.972+0530] {logging_mixin.py:137} INFO - error
[2022-12-29T23:51:21.972+0530] {logging_mixin.py:137} INFO - 257
[2022-12-29T23:51:22.436+0530] {logging_mixin.py:137} INFO - 2018-12-03 00:00:00
[2022-12-29T23:51:22.437+0530] {logging_mixin.py:137} INFO - error
[2022-12-29T23:51:22.437+0530] {logging_mixin.py:137} INFO - 258
[2022-12-29T23:51:22.773+0530] {logging_mixin.py:137} INFO - 2018-12-04 00:00:00
[2022-12-29T23:51:22.773+0530] {logging_mixin.py:137} INFO - error
[2022-12-29T23:51:22.773+0530] {logging_mixin.py:137} INFO - 259
[2022-12-29T23:51:23.103+0530] {logging_mixin.py:137} INFO - 2018-12-05 00:00:00
[2022-12-29T23:51:23.103+0530] {logging_mixin.py:137} INFO - error
[2022-12-29T23:51:23.103+0530] {logging_mixin.py:137} INFO - 260
[2022-12-29T23:51:23.416+0530] {logging_mixin.py:137} INFO - 2018-12-06 00:00:00
[2022-12-29T23:51:23.416+0530] {logging_mixin.py:137} INFO - error
[2022-12-29T23:51:23.416+0530] {logging_mixin.py:137} INFO - 261
[2022-12-29T23:51:23.721+0530] {logging_mixin.py:137} INFO - 2018-12-07 00:00:00
[2022-12-29T23:51:23.721+0530] {logging_mixin.py:137} INFO - error
[2022-12-29T23:51:23.721+0530] {logging_mixin.py:137} INFO - 262
[2022-12-29T23:51:24.130+0530] {logging_mixin.py:137} INFO - 2018-12-10 00:00:00
[2022-12-29T23:51:24.131+0530] {logging_mixin.py:137} INFO - error
[2022-12-29T23:51:24.131+0530] {logging_mixin.py:137} INFO - 263
[2022-12-29T23:51:24.422+0530] {logging_mixin.py:137} INFO - 2018-12-11 00:00:00
[2022-12-29T23:51:24.422+0530] {logging_mixin.py:137} INFO - error
[2022-12-29T23:51:24.422+0530] {logging_mixin.py:137} INFO - 264
[2022-12-29T23:51:24.731+0530] {logging_mixin.py:137} INFO - 2018-12-12 00:00:00
[2022-12-29T23:51:24.731+0530] {logging_mixin.py:137} INFO - error
[2022-12-29T23:51:24.732+0530] {logging_mixin.py:137} INFO - 265
[2022-12-29T23:51:25.031+0530] {logging_mixin.py:137} INFO - 2018-12-13 00:00:00
[2022-12-29T23:51:25.031+0530] {logging_mixin.py:137} INFO - error
[2022-12-29T23:51:25.031+0530] {logging_mixin.py:137} INFO - 266
[2022-12-29T23:51:25.275+0530] {logging_mixin.py:137} INFO - 2018-12-14 00:00:00
[2022-12-29T23:51:25.275+0530] {logging_mixin.py:137} INFO - error
[2022-12-29T23:51:25.275+0530] {logging_mixin.py:137} INFO - 267
[2022-12-29T23:51:25.631+0530] {logging_mixin.py:137} INFO - 2018-12-15 00:00:00
[2022-12-29T23:51:25.631+0530] {logging_mixin.py:137} INFO - error
[2022-12-29T23:51:25.631+0530] {logging_mixin.py:137} INFO - 268
[2022-12-29T23:51:26.211+0530] {logging_mixin.py:137} INFO - 2018-12-17 00:00:00
[2022-12-29T23:51:26.212+0530] {logging_mixin.py:137} INFO - error
[2022-12-29T23:51:26.212+0530] {logging_mixin.py:137} INFO - 269
[2022-12-29T23:51:26.528+0530] {logging_mixin.py:137} INFO - 2018-12-18 00:00:00
[2022-12-29T23:51:26.528+0530] {logging_mixin.py:137} INFO - error
[2022-12-29T23:51:26.528+0530] {logging_mixin.py:137} INFO - 270
[2022-12-29T23:51:26.780+0530] {logging_mixin.py:137} INFO - 2018-12-19 00:00:00
[2022-12-29T23:51:26.780+0530] {logging_mixin.py:137} INFO - error
[2022-12-29T23:51:26.780+0530] {logging_mixin.py:137} INFO - 271
[2022-12-29T23:51:27.049+0530] {logging_mixin.py:137} INFO - 2018-12-20 00:00:00
[2022-12-29T23:51:27.050+0530] {logging_mixin.py:137} INFO - error
[2022-12-29T23:51:27.050+0530] {logging_mixin.py:137} INFO - 272
[2022-12-29T23:51:27.363+0530] {logging_mixin.py:137} INFO - 2018-12-21 00:00:00
[2022-12-29T23:51:27.363+0530] {logging_mixin.py:137} INFO - error
[2022-12-29T23:51:27.363+0530] {logging_mixin.py:137} INFO - 273
[2022-12-29T23:51:27.643+0530] {logging_mixin.py:137} INFO - 2018-12-24 00:00:00
[2022-12-29T23:51:27.644+0530] {logging_mixin.py:137} INFO - error
[2022-12-29T23:51:27.644+0530] {logging_mixin.py:137} INFO - 274
[2022-12-29T23:51:27.974+0530] {logging_mixin.py:137} INFO - 2018-12-26 00:00:00
[2022-12-29T23:51:27.975+0530] {logging_mixin.py:137} INFO - error
[2022-12-29T23:51:27.975+0530] {logging_mixin.py:137} INFO - 275
[2022-12-29T23:51:28.428+0530] {logging_mixin.py:137} INFO - 2018-12-27 00:00:00
[2022-12-29T23:51:28.428+0530] {logging_mixin.py:137} INFO - error
[2022-12-29T23:51:28.429+0530] {logging_mixin.py:137} INFO - 276
[2022-12-29T23:51:28.822+0530] {logging_mixin.py:137} INFO - 2018-12-28 00:00:00
[2022-12-29T23:51:28.822+0530] {logging_mixin.py:137} INFO - error
[2022-12-29T23:51:28.822+0530] {logging_mixin.py:137} INFO - 277
[2022-12-29T23:51:29.114+0530] {logging_mixin.py:137} INFO - 2018-12-29 00:00:00
[2022-12-29T23:51:29.114+0530] {logging_mixin.py:137} INFO - error
[2022-12-29T23:51:29.115+0530] {logging_mixin.py:137} INFO - 278
[2022-12-29T23:51:29.387+0530] {logging_mixin.py:137} INFO - 2018-12-31 00:00:00
[2022-12-29T23:51:29.387+0530] {logging_mixin.py:137} INFO - error
[2022-12-29T23:51:29.387+0530] {logging_mixin.py:137} INFO - 279
[2022-12-29T23:51:29.479+0530] {local_task_job.py:223} WARNING - State of this instance has been externally set to failed. Terminating instance.
[2022-12-29T23:51:29.481+0530] {process_utils.py:129} INFO - Sending Signals.SIGTERM to group 9770. PIDs of all processes in the group: [9770]
[2022-12-29T23:51:29.481+0530] {process_utils.py:84} INFO - Sending the signal Signals.SIGTERM to group 9770
[2022-12-29T23:51:29.481+0530] {taskinstance.py:1483} ERROR - Received SIGTERM. Terminating subprocesses.
[2022-12-29T23:51:29.482+0530] {logging_mixin.py:137} INFO - error
[2022-12-29T23:51:29.483+0530] {logging_mixin.py:137} INFO - 280
[2022-12-29T23:51:29.923+0530] {logging_mixin.py:137} INFO - 2019-01-02 00:00:00
[2022-12-29T23:51:29.924+0530] {logging_mixin.py:137} INFO - error
[2022-12-29T23:51:29.924+0530] {logging_mixin.py:137} INFO - 281
[2022-12-29T23:51:30.285+0530] {logging_mixin.py:137} INFO - 2019-01-03 00:00:00
[2022-12-29T23:51:30.285+0530] {logging_mixin.py:137} INFO - error
[2022-12-29T23:51:30.286+0530] {logging_mixin.py:137} INFO - 282
[2022-12-29T23:51:30.583+0530] {logging_mixin.py:137} INFO - 2019-01-04 00:00:00
[2022-12-29T23:51:30.583+0530] {logging_mixin.py:137} INFO - error
[2022-12-29T23:51:30.583+0530] {logging_mixin.py:137} INFO - 283
[2022-12-29T23:51:30.857+0530] {logging_mixin.py:137} INFO - 2019-01-05 00:00:00
[2022-12-29T23:51:30.858+0530] {logging_mixin.py:137} INFO - error
[2022-12-29T23:51:30.858+0530] {logging_mixin.py:137} INFO - 284
[2022-12-29T23:51:31.117+0530] {logging_mixin.py:137} INFO - 2019-01-07 00:00:00
[2022-12-29T23:51:31.117+0530] {logging_mixin.py:137} INFO - error
[2022-12-29T23:51:31.117+0530] {logging_mixin.py:137} INFO - 285
[2022-12-29T23:51:31.427+0530] {logging_mixin.py:137} INFO - 2019-01-08 00:00:00
[2022-12-29T23:51:31.427+0530] {logging_mixin.py:137} INFO - error
[2022-12-29T23:51:31.428+0530] {logging_mixin.py:137} INFO - 286
[2022-12-29T23:51:31.872+0530] {logging_mixin.py:137} INFO - 2019-01-09 00:00:00
[2022-12-29T23:51:31.873+0530] {logging_mixin.py:137} INFO - error
[2022-12-29T23:51:31.874+0530] {logging_mixin.py:137} INFO - 287
[2022-12-29T23:51:32.264+0530] {logging_mixin.py:137} INFO - 2019-01-10 00:00:00
[2022-12-29T23:51:32.265+0530] {logging_mixin.py:137} INFO - error
[2022-12-29T23:51:32.265+0530] {logging_mixin.py:137} INFO - 288
[2022-12-29T23:51:32.617+0530] {logging_mixin.py:137} INFO - 2019-01-11 00:00:00
[2022-12-29T23:51:32.617+0530] {logging_mixin.py:137} INFO - error
[2022-12-29T23:51:32.617+0530] {logging_mixin.py:137} INFO - 289
[2022-12-29T23:51:33.050+0530] {logging_mixin.py:137} INFO - 2019-01-14 00:00:00
[2022-12-29T23:51:33.051+0530] {logging_mixin.py:137} INFO - error
[2022-12-29T23:51:33.051+0530] {logging_mixin.py:137} INFO - 290
[2022-12-29T23:51:33.809+0530] {logging_mixin.py:137} INFO - 2019-01-15 00:00:00
[2022-12-29T23:51:33.809+0530] {logging_mixin.py:137} INFO - error
[2022-12-29T23:51:33.809+0530] {logging_mixin.py:137} INFO - 291
[2022-12-29T23:51:34.328+0530] {logging_mixin.py:137} INFO - 2019-01-16 00:00:00
[2022-12-29T23:51:34.328+0530] {logging_mixin.py:137} INFO - error
[2022-12-29T23:51:34.328+0530] {logging_mixin.py:137} INFO - 292
[2022-12-29T23:51:34.771+0530] {logging_mixin.py:137} INFO - 2019-01-17 00:00:00
[2022-12-29T23:51:34.771+0530] {logging_mixin.py:137} INFO - error
[2022-12-29T23:51:34.772+0530] {logging_mixin.py:137} INFO - 293
[2022-12-29T23:51:35.046+0530] {logging_mixin.py:137} INFO - 2019-01-18 00:00:00
[2022-12-29T23:51:35.047+0530] {logging_mixin.py:137} INFO - error
[2022-12-29T23:51:35.047+0530] {logging_mixin.py:137} INFO - 294
[2022-12-29T23:51:35.319+0530] {logging_mixin.py:137} INFO - 2019-01-19 00:00:00
[2022-12-29T23:51:35.319+0530] {logging_mixin.py:137} INFO - error
[2022-12-29T23:51:35.319+0530] {logging_mixin.py:137} INFO - 295
[2022-12-29T23:51:35.675+0530] {logging_mixin.py:137} INFO - 2019-01-21 00:00:00
[2022-12-29T23:51:35.676+0530] {logging_mixin.py:137} INFO - error
[2022-12-29T23:51:35.676+0530] {logging_mixin.py:137} INFO - 296
[2022-12-29T23:51:35.997+0530] {logging_mixin.py:137} INFO - 2019-01-22 00:00:00
[2022-12-29T23:51:35.997+0530] {logging_mixin.py:137} INFO - error
[2022-12-29T23:51:35.997+0530] {logging_mixin.py:137} INFO - 297
[2022-12-29T23:51:36.294+0530] {logging_mixin.py:137} INFO - 2019-01-23 00:00:00
[2022-12-29T23:51:36.294+0530] {logging_mixin.py:137} INFO - error
[2022-12-29T23:51:36.294+0530] {logging_mixin.py:137} INFO - 298
[2022-12-29T23:51:36.547+0530] {logging_mixin.py:137} INFO - 2019-01-24 00:00:00
[2022-12-29T23:51:36.547+0530] {logging_mixin.py:137} INFO - error
[2022-12-29T23:51:36.548+0530] {logging_mixin.py:137} INFO - 299
[2022-12-29T23:51:36.797+0530] {logging_mixin.py:137} INFO - 2019-01-25 00:00:00
[2022-12-29T23:51:36.797+0530] {logging_mixin.py:137} INFO - error
[2022-12-29T23:51:36.797+0530] {logging_mixin.py:137} INFO - 300
[2022-12-29T23:51:37.109+0530] {logging_mixin.py:137} INFO - 2019-01-28 00:00:00
[2022-12-29T23:51:37.110+0530] {logging_mixin.py:137} INFO - error
[2022-12-29T23:51:37.110+0530] {logging_mixin.py:137} INFO - 301
[2022-12-29T23:51:38.666+0530] {logging_mixin.py:137} INFO - 2019-01-29 00:00:00
[2022-12-29T23:51:38.667+0530] {logging_mixin.py:137} INFO - error
[2022-12-29T23:51:38.667+0530] {logging_mixin.py:137} INFO - 302
[2022-12-29T23:51:38.926+0530] {logging_mixin.py:137} INFO - 2019-01-30 00:00:00
[2022-12-29T23:51:38.926+0530] {logging_mixin.py:137} INFO - error
[2022-12-29T23:51:38.926+0530] {logging_mixin.py:137} INFO - 303
[2022-12-29T23:51:39.199+0530] {logging_mixin.py:137} INFO - 2019-01-31 00:00:00
[2022-12-29T23:51:39.199+0530] {logging_mixin.py:137} INFO - error
[2022-12-29T23:51:39.199+0530] {logging_mixin.py:137} INFO - 304
[2022-12-29T23:51:39.484+0530] {logging_mixin.py:137} INFO - 2019-02-01 00:00:00
[2022-12-29T23:51:39.484+0530] {logging_mixin.py:137} INFO - error
[2022-12-29T23:51:39.484+0530] {logging_mixin.py:137} INFO - 305
[2022-12-29T23:51:39.746+0530] {logging_mixin.py:137} INFO - 2019-02-02 00:00:00
[2022-12-29T23:51:39.747+0530] {logging_mixin.py:137} INFO - error
[2022-12-29T23:51:39.747+0530] {logging_mixin.py:137} INFO - 306
[2022-12-29T23:51:40.086+0530] {logging_mixin.py:137} INFO - 2019-02-04 00:00:00
[2022-12-29T23:51:40.086+0530] {logging_mixin.py:137} INFO - error
[2022-12-29T23:51:40.087+0530] {logging_mixin.py:137} INFO - 307
[2022-12-29T23:51:40.345+0530] {logging_mixin.py:137} INFO - 2019-02-05 00:00:00
[2022-12-29T23:51:40.345+0530] {logging_mixin.py:137} INFO - error
[2022-12-29T23:51:40.346+0530] {logging_mixin.py:137} INFO - 308
[2022-12-29T23:51:40.693+0530] {logging_mixin.py:137} INFO - 2019-02-06 00:00:00
[2022-12-29T23:51:40.694+0530] {logging_mixin.py:137} INFO - error
[2022-12-29T23:51:40.694+0530] {logging_mixin.py:137} INFO - 309
[2022-12-29T23:51:40.981+0530] {logging_mixin.py:137} INFO - 2019-02-07 00:00:00
[2022-12-29T23:51:40.981+0530] {logging_mixin.py:137} INFO - error
[2022-12-29T23:51:40.982+0530] {logging_mixin.py:137} INFO - 310
[2022-12-29T23:51:41.250+0530] {logging_mixin.py:137} INFO - 2019-02-08 00:00:00
[2022-12-29T23:51:41.250+0530] {logging_mixin.py:137} INFO - error
[2022-12-29T23:51:41.250+0530] {logging_mixin.py:137} INFO - 311
[2022-12-29T23:51:41.729+0530] {logging_mixin.py:137} INFO - 2019-02-11 00:00:00
[2022-12-29T23:51:41.729+0530] {logging_mixin.py:137} INFO - error
[2022-12-29T23:51:41.729+0530] {logging_mixin.py:137} INFO - 312
[2022-12-29T23:51:41.972+0530] {logging_mixin.py:137} INFO - 2019-02-12 00:00:00
[2022-12-29T23:51:41.972+0530] {logging_mixin.py:137} INFO - error
[2022-12-29T23:51:41.972+0530] {logging_mixin.py:137} INFO - 313
[2022-12-29T23:51:42.218+0530] {logging_mixin.py:137} INFO - 2019-02-13 00:00:00
[2022-12-29T23:51:42.219+0530] {logging_mixin.py:137} INFO - error
[2022-12-29T23:51:42.219+0530] {logging_mixin.py:137} INFO - 314
[2022-12-29T23:51:42.575+0530] {logging_mixin.py:137} INFO - 2019-02-14 00:00:00
[2022-12-29T23:51:42.576+0530] {logging_mixin.py:137} INFO - error
[2022-12-29T23:51:42.576+0530] {logging_mixin.py:137} INFO - 315
[2022-12-29T23:51:42.935+0530] {logging_mixin.py:137} INFO - 2019-02-15 00:00:00
[2022-12-29T23:51:42.935+0530] {logging_mixin.py:137} INFO - error
[2022-12-29T23:51:42.936+0530] {logging_mixin.py:137} INFO - 316
[2022-12-29T23:51:43.467+0530] {logging_mixin.py:137} INFO - 2019-02-16 00:00:00
[2022-12-29T23:51:43.467+0530] {logging_mixin.py:137} INFO - error
[2022-12-29T23:51:43.468+0530] {logging_mixin.py:137} INFO - 317
[2022-12-29T23:51:44.135+0530] {logging_mixin.py:137} INFO - 2019-02-18 00:00:00
[2022-12-29T23:51:44.135+0530] {logging_mixin.py:137} INFO - error
[2022-12-29T23:51:44.136+0530] {logging_mixin.py:137} INFO - 318
[2022-12-29T23:51:45.035+0530] {logging_mixin.py:137} INFO - 2019-02-19 00:00:00
[2022-12-29T23:51:45.036+0530] {logging_mixin.py:137} INFO - error
[2022-12-29T23:51:45.036+0530] {logging_mixin.py:137} INFO - 319
[2022-12-29T23:51:45.598+0530] {logging_mixin.py:137} INFO - 2019-02-20 00:00:00
[2022-12-29T23:51:45.598+0530] {logging_mixin.py:137} INFO - error
[2022-12-29T23:51:45.599+0530] {logging_mixin.py:137} INFO - 320
[2022-12-29T23:51:46.165+0530] {logging_mixin.py:137} INFO - 2019-02-21 00:00:00
[2022-12-29T23:51:46.165+0530] {logging_mixin.py:137} INFO - error
[2022-12-29T23:51:46.165+0530] {logging_mixin.py:137} INFO - 321
[2022-12-29T23:51:46.548+0530] {logging_mixin.py:137} INFO - 2019-02-22 00:00:00
[2022-12-29T23:51:46.548+0530] {logging_mixin.py:137} INFO - error
[2022-12-29T23:51:46.548+0530] {logging_mixin.py:137} INFO - 322
[2022-12-29T23:51:47.002+0530] {logging_mixin.py:137} INFO - 2019-02-23 00:00:00
[2022-12-29T23:51:47.002+0530] {logging_mixin.py:137} INFO - error
[2022-12-29T23:51:47.002+0530] {logging_mixin.py:137} INFO - 323
[2022-12-29T23:51:47.309+0530] {logging_mixin.py:137} INFO - 2019-02-25 00:00:00
[2022-12-29T23:51:47.309+0530] {logging_mixin.py:137} INFO - error
[2022-12-29T23:51:47.309+0530] {logging_mixin.py:137} INFO - 324
[2022-12-29T23:51:47.582+0530] {logging_mixin.py:137} INFO - 2019-02-26 00:00:00
[2022-12-29T23:51:47.583+0530] {logging_mixin.py:137} INFO - error
[2022-12-29T23:51:47.583+0530] {logging_mixin.py:137} INFO - 325
[2022-12-29T23:51:47.898+0530] {logging_mixin.py:137} INFO - 2019-02-27 00:00:00
[2022-12-29T23:51:47.898+0530] {logging_mixin.py:137} INFO - error
[2022-12-29T23:51:47.898+0530] {logging_mixin.py:137} INFO - 326
[2022-12-29T23:51:48.272+0530] {logging_mixin.py:137} INFO - 2019-02-28 00:00:00
[2022-12-29T23:51:48.272+0530] {logging_mixin.py:137} INFO - error
[2022-12-29T23:51:48.272+0530] {logging_mixin.py:137} INFO - 327
[2022-12-29T23:51:48.637+0530] {logging_mixin.py:137} INFO - 2019-03-01 00:00:00
[2022-12-29T23:51:48.638+0530] {logging_mixin.py:137} INFO - error
[2022-12-29T23:51:48.638+0530] {logging_mixin.py:137} INFO - 328
[2022-12-29T23:51:48.931+0530] {logging_mixin.py:137} INFO - 2019-03-02 00:00:00
[2022-12-29T23:51:48.931+0530] {logging_mixin.py:137} INFO - error
[2022-12-29T23:51:48.931+0530] {logging_mixin.py:137} INFO - 329
[2022-12-29T23:51:49.185+0530] {logging_mixin.py:137} INFO - 2019-03-04 00:00:00
[2022-12-29T23:51:49.185+0530] {logging_mixin.py:137} INFO - error
[2022-12-29T23:51:49.185+0530] {logging_mixin.py:137} INFO - 330
[2022-12-29T23:51:49.448+0530] {logging_mixin.py:137} INFO - 2019-03-05 00:00:00
[2022-12-29T23:51:49.448+0530] {logging_mixin.py:137} INFO - error
[2022-12-29T23:51:49.448+0530] {logging_mixin.py:137} INFO - 331
[2022-12-29T23:51:49.718+0530] {logging_mixin.py:137} INFO - 2019-03-06 00:00:00
[2022-12-29T23:51:49.718+0530] {logging_mixin.py:137} INFO - error
[2022-12-29T23:51:49.719+0530] {logging_mixin.py:137} INFO - 332
[2022-12-29T23:51:50.022+0530] {logging_mixin.py:137} INFO - 2019-03-07 00:00:00
[2022-12-29T23:51:50.022+0530] {logging_mixin.py:137} INFO - error
[2022-12-29T23:51:50.022+0530] {logging_mixin.py:137} INFO - 333
[2022-12-29T23:51:50.467+0530] {logging_mixin.py:137} INFO - 2019-03-08 00:00:00
[2022-12-29T23:51:50.467+0530] {logging_mixin.py:137} INFO - error
[2022-12-29T23:51:50.467+0530] {logging_mixin.py:137} INFO - 334
[2022-12-29T23:51:50.710+0530] {logging_mixin.py:137} INFO - 2019-03-11 00:00:00
[2022-12-29T23:51:50.710+0530] {logging_mixin.py:137} INFO - error
[2022-12-29T23:51:50.710+0530] {logging_mixin.py:137} INFO - 335
[2022-12-29T23:51:50.997+0530] {logging_mixin.py:137} INFO - 2019-03-12 00:00:00
[2022-12-29T23:51:50.997+0530] {logging_mixin.py:137} INFO - error
[2022-12-29T23:51:50.998+0530] {logging_mixin.py:137} INFO - 336
[2022-12-29T23:51:51.269+0530] {logging_mixin.py:137} INFO - 2019-03-13 00:00:00
[2022-12-29T23:51:51.269+0530] {logging_mixin.py:137} INFO - error
[2022-12-29T23:51:51.269+0530] {logging_mixin.py:137} INFO - 337
[2022-12-29T23:51:51.519+0530] {logging_mixin.py:137} INFO - 2019-03-14 00:00:00
[2022-12-29T23:51:51.519+0530] {logging_mixin.py:137} INFO - error
[2022-12-29T23:51:51.519+0530] {logging_mixin.py:137} INFO - 338
[2022-12-29T23:51:51.751+0530] {logging_mixin.py:137} INFO - 2019-03-15 00:00:00
[2022-12-29T23:51:51.751+0530] {logging_mixin.py:137} INFO - error
[2022-12-29T23:51:51.751+0530] {logging_mixin.py:137} INFO - 339
[2022-12-29T23:51:52.003+0530] {logging_mixin.py:137} INFO - 2019-03-16 00:00:00
[2022-12-29T23:51:52.003+0530] {logging_mixin.py:137} INFO - error
[2022-12-29T23:51:52.004+0530] {logging_mixin.py:137} INFO - 340
[2022-12-29T23:51:52.339+0530] {logging_mixin.py:137} INFO - 2019-03-18 00:00:00
[2022-12-29T23:51:52.339+0530] {logging_mixin.py:137} INFO - error
[2022-12-29T23:51:52.339+0530] {logging_mixin.py:137} INFO - 341
[2022-12-29T23:51:52.897+0530] {logging_mixin.py:137} INFO - 2019-03-19 00:00:00
[2022-12-29T23:51:52.907+0530] {logging_mixin.py:137} INFO - error
[2022-12-29T23:51:52.908+0530] {logging_mixin.py:137} INFO - 342
[2022-12-29T23:51:53.311+0530] {logging_mixin.py:137} INFO - 2019-03-20 00:00:00
[2022-12-29T23:51:53.316+0530] {logging_mixin.py:137} INFO - error
[2022-12-29T23:51:53.316+0530] {logging_mixin.py:137} INFO - 343
[2022-12-29T23:51:53.941+0530] {logging_mixin.py:137} INFO - 2019-03-21 00:00:00
[2022-12-29T23:51:53.942+0530] {logging_mixin.py:137} INFO - error
[2022-12-29T23:51:53.942+0530] {logging_mixin.py:137} INFO - 344
[2022-12-29T23:51:54.311+0530] {logging_mixin.py:137} INFO - 2019-03-22 00:00:00
[2022-12-29T23:51:54.311+0530] {logging_mixin.py:137} INFO - error
[2022-12-29T23:51:54.311+0530] {logging_mixin.py:137} INFO - 345
[2022-12-29T23:51:54.590+0530] {logging_mixin.py:137} INFO - 2019-03-25 00:00:00
[2022-12-29T23:51:54.590+0530] {logging_mixin.py:137} INFO - error
[2022-12-29T23:51:54.590+0530] {logging_mixin.py:137} INFO - 346
[2022-12-29T23:51:54.884+0530] {logging_mixin.py:137} INFO - 2019-03-26 00:00:00
[2022-12-29T23:51:54.885+0530] {logging_mixin.py:137} INFO - error
[2022-12-29T23:51:54.885+0530] {logging_mixin.py:137} INFO - 347
[2022-12-29T23:51:55.245+0530] {logging_mixin.py:137} INFO - 2019-03-27 00:00:00
[2022-12-29T23:51:55.245+0530] {logging_mixin.py:137} INFO - error
[2022-12-29T23:51:55.245+0530] {logging_mixin.py:137} INFO - 348
[2022-12-29T23:51:55.554+0530] {logging_mixin.py:137} INFO - 2019-03-28 00:00:00
[2022-12-29T23:51:55.554+0530] {logging_mixin.py:137} INFO - error
[2022-12-29T23:51:55.554+0530] {logging_mixin.py:137} INFO - 349
[2022-12-29T23:51:55.906+0530] {logging_mixin.py:137} INFO - 2019-03-29 00:00:00
[2022-12-29T23:51:55.906+0530] {logging_mixin.py:137} INFO - error
[2022-12-29T23:51:55.906+0530] {logging_mixin.py:137} INFO - 350
[2022-12-29T23:51:56.189+0530] {logging_mixin.py:137} INFO - 2019-03-31 00:00:00
[2022-12-29T23:51:56.189+0530] {logging_mixin.py:137} INFO - error
[2022-12-29T23:51:56.189+0530] {logging_mixin.py:137} INFO - 351
[2022-12-29T23:51:56.470+0530] {logging_mixin.py:137} INFO - 2019-03-30 00:00:00
[2022-12-29T23:51:56.470+0530] {logging_mixin.py:137} INFO - error
[2022-12-29T23:51:56.470+0530] {logging_mixin.py:137} INFO - 352
[2022-12-29T23:51:56.736+0530] {logging_mixin.py:137} INFO - 2019-04-01 00:00:00
[2022-12-29T23:51:56.736+0530] {logging_mixin.py:137} INFO - error
[2022-12-29T23:51:56.736+0530] {logging_mixin.py:137} INFO - 353
[2022-12-29T23:51:56.989+0530] {logging_mixin.py:137} INFO - 2019-04-02 00:00:00
[2022-12-29T23:51:56.990+0530] {logging_mixin.py:137} INFO - error
[2022-12-29T23:51:56.990+0530] {logging_mixin.py:137} INFO - 354
[2022-12-29T23:51:57.443+0530] {logging_mixin.py:137} INFO - 2019-04-03 00:00:00
[2022-12-29T23:51:57.443+0530] {logging_mixin.py:137} INFO - error
[2022-12-29T23:51:57.443+0530] {logging_mixin.py:137} INFO - 355
[2022-12-29T23:51:57.778+0530] {logging_mixin.py:137} INFO - 2019-04-04 00:00:00
[2022-12-29T23:51:57.779+0530] {logging_mixin.py:137} INFO - error
[2022-12-29T23:51:57.779+0530] {logging_mixin.py:137} INFO - 356
[2022-12-29T23:51:58.078+0530] {logging_mixin.py:137} INFO - 2019-04-05 00:00:00
[2022-12-29T23:51:58.078+0530] {logging_mixin.py:137} INFO - error
[2022-12-29T23:51:58.078+0530] {logging_mixin.py:137} INFO - 357
[2022-12-29T23:51:58.388+0530] {logging_mixin.py:137} INFO - 2019-04-06 00:00:00
[2022-12-29T23:51:58.388+0530] {logging_mixin.py:137} INFO - error
[2022-12-29T23:51:58.389+0530] {logging_mixin.py:137} INFO - 358
[2022-12-29T23:51:58.674+0530] {logging_mixin.py:137} INFO - 2019-04-08 00:00:00
[2022-12-29T23:51:58.674+0530] {logging_mixin.py:137} INFO - error
[2022-12-29T23:51:58.674+0530] {logging_mixin.py:137} INFO - 359
[2022-12-29T23:51:58.913+0530] {logging_mixin.py:137} INFO - 2019-04-09 00:00:00
[2022-12-29T23:51:58.913+0530] {logging_mixin.py:137} INFO - error
[2022-12-29T23:51:58.913+0530] {logging_mixin.py:137} INFO - 360
[2022-12-29T23:51:59.172+0530] {logging_mixin.py:137} INFO - 2019-04-10 00:00:00
[2022-12-29T23:51:59.172+0530] {logging_mixin.py:137} INFO - error
[2022-12-29T23:51:59.172+0530] {logging_mixin.py:137} INFO - 361
[2022-12-29T23:51:59.446+0530] {logging_mixin.py:137} INFO - 2019-04-11 00:00:00
[2022-12-29T23:51:59.446+0530] {logging_mixin.py:137} INFO - error
[2022-12-29T23:51:59.446+0530] {logging_mixin.py:137} INFO - 362
[2022-12-29T23:51:59.734+0530] {logging_mixin.py:137} INFO - 2019-04-12 00:00:00
[2022-12-29T23:51:59.735+0530] {logging_mixin.py:137} INFO - error
[2022-12-29T23:51:59.735+0530] {logging_mixin.py:137} INFO - 363
[2022-12-29T23:51:59.993+0530] {logging_mixin.py:137} INFO - 2019-04-15 00:00:00
[2022-12-29T23:51:59.993+0530] {logging_mixin.py:137} INFO - error
[2022-12-29T23:51:59.993+0530] {logging_mixin.py:137} INFO - 364
[2022-12-29T23:52:00.467+0530] {logging_mixin.py:137} INFO - 2019-04-16 00:00:00
[2022-12-29T23:52:00.467+0530] {logging_mixin.py:137} INFO - error
[2022-12-29T23:52:00.467+0530] {logging_mixin.py:137} INFO - 365
[2022-12-29T23:52:00.730+0530] {logging_mixin.py:137} INFO - 2019-04-17 00:00:00
[2022-12-29T23:52:00.730+0530] {logging_mixin.py:137} INFO - error
[2022-12-29T23:52:00.731+0530] {logging_mixin.py:137} INFO - 366
[2022-12-29T23:52:00.985+0530] {logging_mixin.py:137} INFO - 2019-04-18 00:00:00
[2022-12-29T23:52:00.985+0530] {logging_mixin.py:137} INFO - error
[2022-12-29T23:52:00.985+0530] {logging_mixin.py:137} INFO - 367
[2022-12-29T23:52:01.258+0530] {logging_mixin.py:137} INFO - 2019-04-20 00:00:00
[2022-12-29T23:52:01.258+0530] {logging_mixin.py:137} INFO - error
[2022-12-29T23:52:01.258+0530] {logging_mixin.py:137} INFO - 368
[2022-12-29T23:52:01.529+0530] {logging_mixin.py:137} INFO - 2019-04-22 00:00:00
[2022-12-29T23:52:01.529+0530] {logging_mixin.py:137} INFO - error
[2022-12-29T23:52:01.529+0530] {logging_mixin.py:137} INFO - 369
[2022-12-29T23:52:01.782+0530] {logging_mixin.py:137} INFO - 2019-04-23 00:00:00
[2022-12-29T23:52:01.782+0530] {logging_mixin.py:137} INFO - error
[2022-12-29T23:52:01.783+0530] {logging_mixin.py:137} INFO - 370
[2022-12-29T23:52:02.142+0530] {logging_mixin.py:137} INFO - 2019-04-24 00:00:00
[2022-12-29T23:52:02.143+0530] {logging_mixin.py:137} INFO - error
[2022-12-29T23:52:02.143+0530] {logging_mixin.py:137} INFO - 371
[2022-12-29T23:52:02.447+0530] {logging_mixin.py:137} INFO - 2019-04-25 00:00:00
[2022-12-29T23:52:02.447+0530] {logging_mixin.py:137} INFO - error
[2022-12-29T23:52:02.447+0530] {logging_mixin.py:137} INFO - 372
[2022-12-29T23:52:02.876+0530] {logging_mixin.py:137} INFO - 2019-04-26 00:00:00
[2022-12-29T23:52:02.876+0530] {logging_mixin.py:137} INFO - error
[2022-12-29T23:52:02.877+0530] {logging_mixin.py:137} INFO - 373
[2022-12-29T23:52:03.212+0530] {logging_mixin.py:137} INFO - 2019-04-29 00:00:00
[2022-12-29T23:52:03.212+0530] {logging_mixin.py:137} INFO - error
[2022-12-29T23:52:03.212+0530] {logging_mixin.py:137} INFO - 374
[2022-12-29T23:52:03.517+0530] {logging_mixin.py:137} INFO - 2019-04-30 00:00:00
[2022-12-29T23:52:03.517+0530] {logging_mixin.py:137} INFO - error
[2022-12-29T23:52:03.517+0530] {logging_mixin.py:137} INFO - 375
[2022-12-29T23:52:04.014+0530] {logging_mixin.py:137} INFO - 2019-05-01 00:00:00
[2022-12-29T23:52:04.014+0530] {logging_mixin.py:137} INFO - error
[2022-12-29T23:52:04.014+0530] {logging_mixin.py:137} INFO - 376
[2022-12-29T23:52:04.328+0530] {logging_mixin.py:137} INFO - 2019-05-02 00:00:00
[2022-12-29T23:52:04.328+0530] {logging_mixin.py:137} INFO - error
[2022-12-29T23:52:04.328+0530] {logging_mixin.py:137} INFO - 377
[2022-12-29T23:52:04.576+0530] {logging_mixin.py:137} INFO - 2019-05-03 00:00:00
[2022-12-29T23:52:04.576+0530] {logging_mixin.py:137} INFO - error
[2022-12-29T23:52:04.576+0530] {logging_mixin.py:137} INFO - 378
[2022-12-29T23:52:04.920+0530] {logging_mixin.py:137} INFO - 2019-05-04 00:00:00
[2022-12-29T23:52:04.921+0530] {logging_mixin.py:137} INFO - error
[2022-12-29T23:52:04.921+0530] {logging_mixin.py:137} INFO - 379
[2022-12-29T23:52:05.269+0530] {logging_mixin.py:137} INFO - 2019-05-06 00:00:00
[2022-12-29T23:52:05.270+0530] {logging_mixin.py:137} INFO - error
[2022-12-29T23:52:05.270+0530] {logging_mixin.py:137} INFO - 380
[2022-12-29T23:52:05.624+0530] {logging_mixin.py:137} INFO - 2019-05-07 00:00:00
[2022-12-29T23:52:05.624+0530] {logging_mixin.py:137} INFO - error
[2022-12-29T23:52:05.625+0530] {logging_mixin.py:137} INFO - 381
[2022-12-29T23:52:06.030+0530] {logging_mixin.py:137} INFO - 2019-05-08 00:00:00
[2022-12-29T23:52:06.031+0530] {logging_mixin.py:137} INFO - error
[2022-12-29T23:52:06.031+0530] {logging_mixin.py:137} INFO - 382
[2022-12-29T23:52:06.307+0530] {logging_mixin.py:137} INFO - 2019-05-09 00:00:00
[2022-12-29T23:52:06.308+0530] {logging_mixin.py:137} INFO - error
[2022-12-29T23:52:06.308+0530] {logging_mixin.py:137} INFO - 383
[2022-12-29T23:52:06.606+0530] {logging_mixin.py:137} INFO - 2019-05-10 00:00:00
[2022-12-29T23:52:06.606+0530] {logging_mixin.py:137} INFO - error
[2022-12-29T23:52:06.606+0530] {logging_mixin.py:137} INFO - 384
[2022-12-29T23:52:06.968+0530] {logging_mixin.py:137} INFO - 2019-05-13 00:00:00
[2022-12-29T23:52:06.968+0530] {logging_mixin.py:137} INFO - error
[2022-12-29T23:52:06.969+0530] {logging_mixin.py:137} INFO - 385
[2022-12-29T23:52:07.436+0530] {logging_mixin.py:137} INFO - 2019-05-14 00:00:00
[2022-12-29T23:52:07.436+0530] {logging_mixin.py:137} INFO - error
[2022-12-29T23:52:07.436+0530] {logging_mixin.py:137} INFO - 386
[2022-12-29T23:52:07.749+0530] {logging_mixin.py:137} INFO - 2019-05-15 00:00:00
[2022-12-29T23:52:07.749+0530] {logging_mixin.py:137} INFO - error
[2022-12-29T23:52:07.749+0530] {logging_mixin.py:137} INFO - 387
[2022-12-29T23:52:08.114+0530] {logging_mixin.py:137} INFO - 2019-05-16 00:00:00
[2022-12-29T23:52:08.114+0530] {logging_mixin.py:137} INFO - error
[2022-12-29T23:52:08.114+0530] {logging_mixin.py:137} INFO - 388
[2022-12-29T23:52:08.456+0530] {logging_mixin.py:137} INFO - 2019-05-17 00:00:00
[2022-12-29T23:52:08.457+0530] {logging_mixin.py:137} INFO - error
[2022-12-29T23:52:08.457+0530] {logging_mixin.py:137} INFO - 389
[2022-12-29T23:52:08.714+0530] {logging_mixin.py:137} INFO - 2019-05-18 00:00:00
[2022-12-29T23:52:08.715+0530] {logging_mixin.py:137} INFO - error
[2022-12-29T23:52:08.715+0530] {logging_mixin.py:137} INFO - 390
[2022-12-29T23:52:08.966+0530] {logging_mixin.py:137} INFO - 2019-05-20 00:00:00
[2022-12-29T23:52:08.966+0530] {logging_mixin.py:137} INFO - error
[2022-12-29T23:52:08.966+0530] {logging_mixin.py:137} INFO - 391
[2022-12-29T23:52:09.221+0530] {logging_mixin.py:137} INFO - 2019-05-21 00:00:00
[2022-12-29T23:52:09.221+0530] {logging_mixin.py:137} INFO - error
[2022-12-29T23:52:09.222+0530] {logging_mixin.py:137} INFO - 392
[2022-12-29T23:52:09.535+0530] {logging_mixin.py:137} INFO - 2019-05-22 00:00:00
[2022-12-29T23:52:09.537+0530] {logging_mixin.py:137} INFO - error
[2022-12-29T23:52:09.537+0530] {logging_mixin.py:137} INFO - 393
[2022-12-29T23:52:09.922+0530] {logging_mixin.py:137} INFO - 2019-05-23 00:00:00
[2022-12-29T23:52:09.922+0530] {logging_mixin.py:137} INFO - error
[2022-12-29T23:52:09.922+0530] {logging_mixin.py:137} INFO - 394
[2022-12-29T23:52:10.185+0530] {logging_mixin.py:137} INFO - 2019-05-24 00:00:00
[2022-12-29T23:52:10.185+0530] {logging_mixin.py:137} INFO - error
[2022-12-29T23:52:10.185+0530] {logging_mixin.py:137} INFO - 395
[2022-12-29T23:52:10.625+0530] {logging_mixin.py:137} INFO - 2019-05-27 00:00:00
[2022-12-29T23:52:10.625+0530] {logging_mixin.py:137} INFO - error
[2022-12-29T23:52:10.625+0530] {logging_mixin.py:137} INFO - 396
[2022-12-29T23:52:11.206+0530] {logging_mixin.py:137} INFO - 2019-05-28 00:00:00
[2022-12-29T23:52:11.207+0530] {logging_mixin.py:137} INFO - error
[2022-12-29T23:52:11.207+0530] {logging_mixin.py:137} INFO - 397
[2022-12-29T23:52:11.730+0530] {logging_mixin.py:137} INFO - 2019-05-29 00:00:00
[2022-12-29T23:52:11.731+0530] {logging_mixin.py:137} INFO - error
[2022-12-29T23:52:11.731+0530] {logging_mixin.py:137} INFO - 398
[2022-12-29T23:52:11.973+0530] {logging_mixin.py:137} INFO - 2019-05-30 00:00:00
[2022-12-29T23:52:11.973+0530] {logging_mixin.py:137} INFO - error
[2022-12-29T23:52:11.974+0530] {logging_mixin.py:137} INFO - 399
[2022-12-29T23:52:13.454+0530] {logging_mixin.py:137} INFO - 2019-05-31 00:00:00
[2022-12-29T23:52:13.455+0530] {logging_mixin.py:137} INFO - error
[2022-12-29T23:52:13.455+0530] {logging_mixin.py:137} INFO - 400
[2022-12-29T23:52:13.934+0530] {logging_mixin.py:137} INFO - 2019-06-01 00:00:00
[2022-12-29T23:52:13.934+0530] {logging_mixin.py:137} INFO - error
[2022-12-29T23:52:13.934+0530] {logging_mixin.py:137} INFO - 401
[2022-12-29T23:52:14.482+0530] {logging_mixin.py:137} INFO - 2019-06-03 00:00:00
[2022-12-29T23:52:14.482+0530] {logging_mixin.py:137} INFO - error
[2022-12-29T23:52:14.482+0530] {logging_mixin.py:137} INFO - 402
[2022-12-29T23:52:15.028+0530] {logging_mixin.py:137} INFO - 2019-06-04 00:00:00
[2022-12-29T23:52:15.028+0530] {logging_mixin.py:137} INFO - error
[2022-12-29T23:52:15.028+0530] {logging_mixin.py:137} INFO - 403
[2022-12-29T23:52:15.743+0530] {logging_mixin.py:137} INFO - 2019-06-06 00:00:00
[2022-12-29T23:52:15.743+0530] {logging_mixin.py:137} INFO - error
[2022-12-29T23:52:15.744+0530] {logging_mixin.py:137} INFO - 404
[2022-12-29T23:52:16.031+0530] {logging_mixin.py:137} INFO - 2019-06-07 00:00:00
[2022-12-29T23:52:16.031+0530] {logging_mixin.py:137} INFO - error
[2022-12-29T23:52:16.031+0530] {logging_mixin.py:137} INFO - 405
[2022-12-29T23:52:16.289+0530] {logging_mixin.py:137} INFO - 2019-06-10 00:00:00
[2022-12-29T23:52:16.289+0530] {logging_mixin.py:137} INFO - error
[2022-12-29T23:52:16.289+0530] {logging_mixin.py:137} INFO - 406
[2022-12-29T23:52:16.603+0530] {logging_mixin.py:137} INFO - 2019-06-11 00:00:00
[2022-12-29T23:52:16.603+0530] {logging_mixin.py:137} INFO - error
[2022-12-29T23:52:16.603+0530] {logging_mixin.py:137} INFO - 407
[2022-12-29T23:52:17.095+0530] {logging_mixin.py:137} INFO - 2019-06-12 00:00:00
[2022-12-29T23:52:17.096+0530] {logging_mixin.py:137} INFO - error
[2022-12-29T23:52:17.096+0530] {logging_mixin.py:137} INFO - 408
[2022-12-29T23:52:17.397+0530] {logging_mixin.py:137} INFO - 2019-06-13 00:00:00
[2022-12-29T23:52:17.397+0530] {logging_mixin.py:137} INFO - error
[2022-12-29T23:52:17.397+0530] {logging_mixin.py:137} INFO - 409
[2022-12-29T23:52:18.077+0530] {logging_mixin.py:137} INFO - 2019-06-14 00:00:00
[2022-12-29T23:52:18.077+0530] {logging_mixin.py:137} INFO - error
[2022-12-29T23:52:18.077+0530] {logging_mixin.py:137} INFO - 410
[2022-12-29T23:52:19.584+0530] {logging_mixin.py:137} INFO - 2019-06-15 00:00:00
[2022-12-29T23:52:19.584+0530] {logging_mixin.py:137} INFO - error
[2022-12-29T23:52:19.585+0530] {logging_mixin.py:137} INFO - 411
[2022-12-29T23:52:20.189+0530] {logging_mixin.py:137} INFO - 2019-06-17 00:00:00
[2022-12-29T23:52:20.189+0530] {logging_mixin.py:137} INFO - error
[2022-12-29T23:52:20.194+0530] {logging_mixin.py:137} INFO - 412
[2022-12-29T23:52:20.532+0530] {logging_mixin.py:137} INFO - 2019-06-18 00:00:00
[2022-12-29T23:52:20.532+0530] {logging_mixin.py:137} INFO - error
[2022-12-29T23:52:20.532+0530] {logging_mixin.py:137} INFO - 413
[2022-12-29T23:52:20.783+0530] {logging_mixin.py:137} INFO - 2019-06-19 00:00:00
[2022-12-29T23:52:20.783+0530] {logging_mixin.py:137} INFO - error
[2022-12-29T23:52:20.783+0530] {logging_mixin.py:137} INFO - 414
[2022-12-29T23:52:21.050+0530] {logging_mixin.py:137} INFO - 2019-06-20 00:00:00
[2022-12-29T23:52:21.051+0530] {logging_mixin.py:137} INFO - error
[2022-12-29T23:52:21.051+0530] {logging_mixin.py:137} INFO - 415
[2022-12-29T23:52:21.358+0530] {logging_mixin.py:137} INFO - 2019-06-21 00:00:00
[2022-12-29T23:52:21.358+0530] {logging_mixin.py:137} INFO - error
[2022-12-29T23:52:21.359+0530] {logging_mixin.py:137} INFO - 416
[2022-12-29T23:52:21.635+0530] {logging_mixin.py:137} INFO - 2019-06-24 00:00:00
[2022-12-29T23:52:21.635+0530] {logging_mixin.py:137} INFO - error
[2022-12-29T23:52:21.635+0530] {logging_mixin.py:137} INFO - 417
[2022-12-29T23:52:22.310+0530] {logging_mixin.py:137} INFO - 2019-06-25 00:00:00
[2022-12-29T23:52:22.310+0530] {logging_mixin.py:137} INFO - error
[2022-12-29T23:52:22.310+0530] {logging_mixin.py:137} INFO - 418
[2022-12-29T23:52:23.080+0530] {logging_mixin.py:137} INFO - 2019-06-26 00:00:00
[2022-12-29T23:52:23.081+0530] {logging_mixin.py:137} INFO - error
[2022-12-29T23:52:23.082+0530] {logging_mixin.py:137} INFO - 419
[2022-12-29T23:52:23.425+0530] {logging_mixin.py:137} INFO - 2019-06-27 00:00:00
[2022-12-29T23:52:23.428+0530] {logging_mixin.py:137} INFO - error
[2022-12-29T23:52:23.428+0530] {logging_mixin.py:137} INFO - 420
[2022-12-29T23:52:23.737+0530] {logging_mixin.py:137} INFO - 2019-06-28 00:00:00
[2022-12-29T23:52:23.738+0530] {logging_mixin.py:137} INFO - error
[2022-12-29T23:52:23.738+0530] {logging_mixin.py:137} INFO - 421
[2022-12-29T23:52:24.177+0530] {logging_mixin.py:137} INFO - 2019-06-29 00:00:00
[2022-12-29T23:52:24.178+0530] {logging_mixin.py:137} INFO - error
[2022-12-29T23:52:24.178+0530] {logging_mixin.py:137} INFO - 422
[2022-12-29T23:52:24.473+0530] {logging_mixin.py:137} INFO - 2019-07-01 00:00:00
[2022-12-29T23:52:24.474+0530] {logging_mixin.py:137} INFO - error
[2022-12-29T23:52:24.474+0530] {logging_mixin.py:137} INFO - 423
[2022-12-29T23:52:24.813+0530] {logging_mixin.py:137} INFO - 2019-07-02 00:00:00
[2022-12-29T23:52:24.813+0530] {logging_mixin.py:137} INFO - error
[2022-12-29T23:52:24.813+0530] {logging_mixin.py:137} INFO - 424
[2022-12-29T23:52:25.048+0530] {logging_mixin.py:137} INFO - 2019-07-03 00:00:00
[2022-12-29T23:52:25.048+0530] {logging_mixin.py:137} INFO - error
[2022-12-29T23:52:25.048+0530] {logging_mixin.py:137} INFO - 425
[2022-12-29T23:52:25.355+0530] {logging_mixin.py:137} INFO - 2019-07-04 00:00:00
[2022-12-29T23:52:25.356+0530] {logging_mixin.py:137} INFO - error
[2022-12-29T23:52:25.356+0530] {logging_mixin.py:137} INFO - 426
[2022-12-29T23:52:25.742+0530] {logging_mixin.py:137} INFO - 2019-07-05 00:00:00
[2022-12-29T23:52:25.742+0530] {logging_mixin.py:137} INFO - error
[2022-12-29T23:52:25.742+0530] {logging_mixin.py:137} INFO - 427
[2022-12-29T23:52:26.070+0530] {logging_mixin.py:137} INFO - 2019-07-06 00:00:00
[2022-12-29T23:52:26.070+0530] {logging_mixin.py:137} INFO - error
[2022-12-29T23:52:26.070+0530] {logging_mixin.py:137} INFO - 428
[2022-12-29T23:52:26.555+0530] {logging_mixin.py:137} INFO - 2019-07-08 00:00:00
[2022-12-29T23:52:26.556+0530] {logging_mixin.py:137} INFO - error
[2022-12-29T23:52:26.556+0530] {logging_mixin.py:137} INFO - 429
[2022-12-29T23:52:26.822+0530] {logging_mixin.py:137} INFO - 2019-07-09 00:00:00
[2022-12-29T23:52:26.823+0530] {logging_mixin.py:137} INFO - error
[2022-12-29T23:52:26.823+0530] {logging_mixin.py:137} INFO - 430
[2022-12-29T23:52:27.122+0530] {logging_mixin.py:137} INFO - 2019-07-10 00:00:00
[2022-12-29T23:52:27.122+0530] {logging_mixin.py:137} INFO - error
[2022-12-29T23:52:27.122+0530] {logging_mixin.py:137} INFO - 431
[2022-12-29T23:52:27.428+0530] {logging_mixin.py:137} INFO - 2019-07-11 00:00:00
[2022-12-29T23:52:27.428+0530] {logging_mixin.py:137} INFO - error
[2022-12-29T23:52:27.429+0530] {logging_mixin.py:137} INFO - 432
[2022-12-29T23:52:27.732+0530] {logging_mixin.py:137} INFO - 2019-07-12 00:00:00
[2022-12-29T23:52:27.732+0530] {logging_mixin.py:137} INFO - error
[2022-12-29T23:52:27.733+0530] {logging_mixin.py:137} INFO - 433
[2022-12-29T23:52:28.071+0530] {logging_mixin.py:137} INFO - 2019-07-15 00:00:00
[2022-12-29T23:52:28.071+0530] {logging_mixin.py:137} INFO - error
[2022-12-29T23:52:28.072+0530] {logging_mixin.py:137} INFO - 434
[2022-12-29T23:52:28.380+0530] {logging_mixin.py:137} INFO - 2019-07-16 00:00:00
[2022-12-29T23:52:28.381+0530] {logging_mixin.py:137} INFO - error
[2022-12-29T23:52:28.381+0530] {logging_mixin.py:137} INFO - 435
[2022-12-29T23:52:28.670+0530] {logging_mixin.py:137} INFO - 2019-07-17 00:00:00
[2022-12-29T23:52:28.671+0530] {logging_mixin.py:137} INFO - error
[2022-12-29T23:52:28.671+0530] {logging_mixin.py:137} INFO - 436
[2022-12-29T23:52:28.931+0530] {logging_mixin.py:137} INFO - 2019-07-18 00:00:00
[2022-12-29T23:52:28.931+0530] {logging_mixin.py:137} INFO - error
[2022-12-29T23:52:28.931+0530] {logging_mixin.py:137} INFO - 437
[2022-12-29T23:52:29.251+0530] {logging_mixin.py:137} INFO - 2019-07-19 00:00:00
[2022-12-29T23:52:29.251+0530] {logging_mixin.py:137} INFO - error
[2022-12-29T23:52:29.251+0530] {logging_mixin.py:137} INFO - 438
[2022-12-29T23:52:29.490+0530] {process_utils.py:147} WARNING - process psutil.Process(pid=9770, name='airflow task runner: Money__Market extract_data scheduled__2022-12-28T16:00:00+00:00 1846', status='running', started='23:49:47') did not respond to SIGTERM. Trying SIGKILL
[2022-12-29T23:52:29.497+0530] {process_utils.py:84} INFO - Sending the signal Signals.SIGKILL to group 9770
[2022-12-29T23:52:29.551+0530] {process_utils.py:79} INFO - Process psutil.Process(pid=9770, name='airflow task runner: Money__Market extract_data scheduled__2022-12-28T16:00:00+00:00 1846', status='terminated', exitcode=<Negsignal.SIGKILL: -9>, started='23:49:47') (9770) terminated with exit code Negsignal.SIGKILL
[2022-12-29T23:52:29.552+0530] {standard_task_runner.py:168} ERROR - Job 1846 was killed before it finished (likely due to running out of memory)
