[2023-02-02T05:31:46.546+0530] {taskinstance.py:1087} INFO - Dependencies all met for <TaskInstance: NSE_Open_Interest.start_task scheduled__2023-02-01T00:00:00+00:00 [queued]>
[2023-02-02T05:31:46.554+0530] {taskinstance.py:1087} INFO - Dependencies all met for <TaskInstance: NSE_Open_Interest.start_task scheduled__2023-02-01T00:00:00+00:00 [queued]>
[2023-02-02T05:31:46.554+0530] {taskinstance.py:1283} INFO - 
--------------------------------------------------------------------------------
[2023-02-02T05:31:46.554+0530] {taskinstance.py:1284} INFO - Starting attempt 1 of 4
[2023-02-02T05:31:46.554+0530] {taskinstance.py:1285} INFO - 
--------------------------------------------------------------------------------
[2023-02-02T05:31:46.571+0530] {taskinstance.py:1304} INFO - Executing <Task(BashOperator): start_task> on 2023-02-01 00:00:00+00:00
[2023-02-02T05:31:46.576+0530] {standard_task_runner.py:55} INFO - Started process 6218 to run task
[2023-02-02T05:31:46.580+0530] {standard_task_runner.py:82} INFO - Running: ['airflow', 'tasks', 'run', 'NSE_Open_Interest', 'start_task', 'scheduled__2023-02-01T00:00:00+00:00', '--job-id', '3588', '--raw', '--subdir', 'DAGS_FOLDER/NSE_Open_Interest.py', '--cfg-path', '/tmp/tmp9_ogu6ox']
[2023-02-02T05:31:46.582+0530] {standard_task_runner.py:83} INFO - Job 3588: Subtask start_task
[2023-02-02T05:31:46.641+0530] {task_command.py:389} INFO - Running <TaskInstance: NSE_Open_Interest.start_task scheduled__2023-02-01T00:00:00+00:00 [running]> on host DESKTOP-SQIOQPD.
[2023-02-02T05:31:46.718+0530] {taskinstance.py:1511} INFO - Exporting the following env vars:
AIRFLOW_CTX_DAG_EMAIL=nikheleshbhattacharyya@gmail.com
AIRFLOW_CTX_DAG_OWNER=airflow
AIRFLOW_CTX_DAG_ID=NSE_Open_Interest
AIRFLOW_CTX_TASK_ID=start_task
AIRFLOW_CTX_EXECUTION_DATE=2023-02-01T00:00:00+00:00
AIRFLOW_CTX_TRY_NUMBER=1
AIRFLOW_CTX_DAG_RUN_ID=scheduled__2023-02-01T00:00:00+00:00
[2023-02-02T05:31:46.719+0530] {subprocess.py:63} INFO - Tmp dir root location: 
 /tmp
[2023-02-02T05:31:46.719+0530] {subprocess.py:75} INFO - Running command: ['/usr/bin/bash', '-c', 'echo start']
[2023-02-02T05:31:46.732+0530] {subprocess.py:86} INFO - Output:
[2023-02-02T05:31:46.733+0530] {subprocess.py:93} INFO - start
[2023-02-02T05:31:46.733+0530] {subprocess.py:97} INFO - Command exited with return code 0
[2023-02-02T05:31:46.754+0530] {taskinstance.py:1322} INFO - Marking task as SUCCESS. dag_id=NSE_Open_Interest, task_id=start_task, execution_date=20230201T000000, start_date=20230202T000146, end_date=20230202T000146
[2023-02-02T05:31:46.794+0530] {local_task_job.py:159} INFO - Task exited with return code 0
[2023-02-02T05:31:46.819+0530] {taskinstance.py:2582} INFO - 1 downstream tasks scheduled from follow-on schedule check
