[2023-02-23T13:53:34.563+0530] {taskinstance.py:1087} INFO - Dependencies all met for <TaskInstance: Monthly.start_task scheduled__2023-02-21T00:00:00+00:00 [queued]>
[2023-02-23T13:53:34.572+0530] {taskinstance.py:1087} INFO - Dependencies all met for <TaskInstance: Monthly.start_task scheduled__2023-02-21T00:00:00+00:00 [queued]>
[2023-02-23T13:53:34.573+0530] {taskinstance.py:1283} INFO - 
--------------------------------------------------------------------------------
[2023-02-23T13:53:34.573+0530] {taskinstance.py:1284} INFO - Starting attempt 1 of 4
[2023-02-23T13:53:34.573+0530] {taskinstance.py:1285} INFO - 
--------------------------------------------------------------------------------
[2023-02-23T13:53:34.588+0530] {taskinstance.py:1304} INFO - Executing <Task(BashOperator): start_task> on 2023-02-21 00:00:00+00:00
[2023-02-23T13:53:34.593+0530] {standard_task_runner.py:55} INFO - Started process 2753 to run task
[2023-02-23T13:53:34.598+0530] {standard_task_runner.py:82} INFO - Running: ['airflow', 'tasks', 'run', 'Monthly', 'start_task', 'scheduled__2023-02-21T00:00:00+00:00', '--job-id', '4522', '--raw', '--subdir', 'DAGS_FOLDER/Monthly.py', '--cfg-path', '/tmp/tmpq8vp9wvp']
[2023-02-23T13:53:34.599+0530] {standard_task_runner.py:83} INFO - Job 4522: Subtask start_task
[2023-02-23T13:53:34.649+0530] {task_command.py:389} INFO - Running <TaskInstance: Monthly.start_task scheduled__2023-02-21T00:00:00+00:00 [running]> on host DESKTOP-SQIOQPD.
[2023-02-23T13:53:34.738+0530] {taskinstance.py:1511} INFO - Exporting the following env vars:
AIRFLOW_CTX_DAG_EMAIL=nikheleshbhattacharyya@gmail.com
AIRFLOW_CTX_DAG_OWNER=airflow
AIRFLOW_CTX_DAG_ID=Monthly
AIRFLOW_CTX_TASK_ID=start_task
AIRFLOW_CTX_EXECUTION_DATE=2023-02-21T00:00:00+00:00
AIRFLOW_CTX_TRY_NUMBER=1
AIRFLOW_CTX_DAG_RUN_ID=scheduled__2023-02-21T00:00:00+00:00
[2023-02-23T13:53:34.739+0530] {subprocess.py:63} INFO - Tmp dir root location: 
 /tmp
[2023-02-23T13:53:34.739+0530] {subprocess.py:75} INFO - Running command: ['/usr/bin/bash', '-c', 'echo start']
[2023-02-23T13:53:34.749+0530] {subprocess.py:86} INFO - Output:
[2023-02-23T13:53:34.750+0530] {subprocess.py:93} INFO - start
[2023-02-23T13:53:34.750+0530] {subprocess.py:97} INFO - Command exited with return code 0
[2023-02-23T13:53:34.772+0530] {taskinstance.py:1322} INFO - Marking task as SUCCESS. dag_id=Monthly, task_id=start_task, execution_date=20230221T000000, start_date=20230223T082334, end_date=20230223T082334
[2023-02-23T13:53:37.750+0530] {local_task_job.py:159} INFO - Task exited with return code 0
[2023-02-23T13:53:37.790+0530] {taskinstance.py:2582} INFO - 1 downstream tasks scheduled from follow-on schedule check
