[2023-02-13T21:49:52.959+0530] {taskinstance.py:1087} INFO - Dependencies all met for <TaskInstance: Monthly.extract scheduled__2023-02-04T00:00:00+00:00 [queued]>
[2023-02-13T21:49:52.969+0530] {taskinstance.py:1087} INFO - Dependencies all met for <TaskInstance: Monthly.extract scheduled__2023-02-04T00:00:00+00:00 [queued]>
[2023-02-13T21:49:52.969+0530] {taskinstance.py:1283} INFO - 
--------------------------------------------------------------------------------
[2023-02-13T21:49:52.969+0530] {taskinstance.py:1284} INFO - Starting attempt 2 of 4
[2023-02-13T21:49:52.969+0530] {taskinstance.py:1285} INFO - 
--------------------------------------------------------------------------------
[2023-02-13T21:49:52.984+0530] {taskinstance.py:1304} INFO - Executing <Task(PythonOperator): extract> on 2023-02-04 00:00:00+00:00
[2023-02-13T21:49:52.989+0530] {standard_task_runner.py:55} INFO - Started process 2127 to run task
[2023-02-13T21:49:52.992+0530] {standard_task_runner.py:82} INFO - Running: ['airflow', 'tasks', 'run', 'Monthly', 'extract', 'scheduled__2023-02-04T00:00:00+00:00', '--job-id', '4016', '--raw', '--subdir', 'DAGS_FOLDER/Monthly.py', '--cfg-path', '/tmp/tmpqehqb3dj']
[2023-02-13T21:49:52.993+0530] {standard_task_runner.py:83} INFO - Job 4016: Subtask extract
[2023-02-13T21:49:53.043+0530] {task_command.py:389} INFO - Running <TaskInstance: Monthly.extract scheduled__2023-02-04T00:00:00+00:00 [running]> on host DESKTOP-SQIOQPD.
[2023-02-13T21:49:53.126+0530] {taskinstance.py:1511} INFO - Exporting the following env vars:
AIRFLOW_CTX_DAG_EMAIL=nikheleshbhattacharyya@gmail.com
AIRFLOW_CTX_DAG_OWNER=airflow
AIRFLOW_CTX_DAG_ID=Monthly
AIRFLOW_CTX_TASK_ID=extract
AIRFLOW_CTX_EXECUTION_DATE=2023-02-04T00:00:00+00:00
AIRFLOW_CTX_TRY_NUMBER=2
AIRFLOW_CTX_DAG_RUN_ID=scheduled__2023-02-04T00:00:00+00:00
[2023-02-13T21:52:09.857+0530] {taskinstance.py:1772} ERROR - Task failed with exception
Traceback (most recent call last):
  File "/usr/local/lib/python3.8/dist-packages/airflow/operators/python.py", line 175, in execute
    return_value = self.execute_callable()
  File "/usr/local/lib/python3.8/dist-packages/airflow/operators/python.py", line 192, in execute_callable
    return self.python_callable(*self.op_args, **self.op_kwargs)
  File "/root/airflow/dags/Monthly.py", line 469, in extract
    driver.get(url)
  File "/usr/local/lib/python3.8/dist-packages/selenium/webdriver/remote/webdriver.py", line 449, in get
    self.execute(Command.GET, {"url": url})
  File "/usr/local/lib/python3.8/dist-packages/selenium/webdriver/remote/webdriver.py", line 440, in execute
    self.error_handler.check_response(response)
  File "/usr/local/lib/python3.8/dist-packages/selenium/webdriver/remote/errorhandler.py", line 245, in check_response
    raise exception_class(message, screen, stacktrace)
selenium.common.exceptions.WebDriverException: Message: unknown error: net::ERR_CONNECTION_RESET
  (Session info: headless chrome=109.0.5414.119)
Stacktrace:
#0 0x55ee7aed1303 <unknown>
#1 0x55ee7aca5d37 <unknown>
#2 0x55ee7ac9dd85 <unknown>
#3 0x55ee7ac90f87 <unknown>
#4 0x55ee7ac924e9 <unknown>
#5 0x55ee7ac912fe <unknown>
#6 0x55ee7ac90432 <unknown>
#7 0x55ee7ac90285 <unknown>
#8 0x55ee7ac8ec77 <unknown>
#9 0x55ee7ac8f2a4 <unknown>
#10 0x55ee7aca7c48 <unknown>
#11 0x55ee7ad1af15 <unknown>
#12 0x55ee7ad02982 <unknown>
#13 0x55ee7ad1a88c <unknown>
#14 0x55ee7ad02753 <unknown>
#15 0x55ee7acd5a14 <unknown>
#16 0x55ee7acd6b7e <unknown>
#17 0x55ee7af2032e <unknown>
#18 0x55ee7af23c0e <unknown>
#19 0x55ee7af06610 <unknown>
#20 0x55ee7af24c23 <unknown>
#21 0x55ee7aef8545 <unknown>
#22 0x55ee7af456a8 <unknown>
#23 0x55ee7af45836 <unknown>
#24 0x55ee7af60d13 <unknown>
#25 0x7f3326d49609 start_thread

[2023-02-13T21:52:09.874+0530] {taskinstance.py:1322} INFO - Marking task as UP_FOR_RETRY. dag_id=Monthly, task_id=extract, execution_date=20230204T000000, start_date=20230213T161952, end_date=20230213T162209
[2023-02-13T21:52:09.901+0530] {standard_task_runner.py:100} ERROR - Failed to execute job 4016 for task extract (Message: unknown error: net::ERR_CONNECTION_RESET
  (Session info: headless chrome=109.0.5414.119)
Stacktrace:
#0 0x55ee7aed1303 <unknown>
#1 0x55ee7aca5d37 <unknown>
#2 0x55ee7ac9dd85 <unknown>
#3 0x55ee7ac90f87 <unknown>
#4 0x55ee7ac924e9 <unknown>
#5 0x55ee7ac912fe <unknown>
#6 0x55ee7ac90432 <unknown>
#7 0x55ee7ac90285 <unknown>
#8 0x55ee7ac8ec77 <unknown>
#9 0x55ee7ac8f2a4 <unknown>
#10 0x55ee7aca7c48 <unknown>
#11 0x55ee7ad1af15 <unknown>
#12 0x55ee7ad02982 <unknown>
#13 0x55ee7ad1a88c <unknown>
#14 0x55ee7ad02753 <unknown>
#15 0x55ee7acd5a14 <unknown>
#16 0x55ee7acd6b7e <unknown>
#17 0x55ee7af2032e <unknown>
#18 0x55ee7af23c0e <unknown>
#19 0x55ee7af06610 <unknown>
#20 0x55ee7af24c23 <unknown>
#21 0x55ee7aef8545 <unknown>
#22 0x55ee7af456a8 <unknown>
#23 0x55ee7af45836 <unknown>
#24 0x55ee7af60d13 <unknown>
#25 0x7f3326d49609 start_thread
; 2127)
[2023-02-13T21:52:09.913+0530] {local_task_job.py:159} INFO - Task exited with return code 1
[2023-02-13T21:52:09.931+0530] {taskinstance.py:2582} INFO - 0 downstream tasks scheduled from follow-on schedule check
