[2023-02-23T11:32:14.005+0530] {taskinstance.py:1087} INFO - Dependencies all met for <TaskInstance: NSE_Open_Interest.load scheduled__2023-02-15T00:00:00+00:00 [queued]>
[2023-02-23T11:32:14.015+0530] {taskinstance.py:1087} INFO - Dependencies all met for <TaskInstance: NSE_Open_Interest.load scheduled__2023-02-15T00:00:00+00:00 [queued]>
[2023-02-23T11:32:14.015+0530] {taskinstance.py:1283} INFO - 
--------------------------------------------------------------------------------
[2023-02-23T11:32:14.015+0530] {taskinstance.py:1284} INFO - Starting attempt 1 of 4
[2023-02-23T11:32:14.015+0530] {taskinstance.py:1285} INFO - 
--------------------------------------------------------------------------------
[2023-02-23T11:32:14.032+0530] {taskinstance.py:1304} INFO - Executing <Task(PythonOperator): load> on 2023-02-15 00:00:00+00:00
[2023-02-23T11:32:14.037+0530] {standard_task_runner.py:55} INFO - Started process 1527 to run task
[2023-02-23T11:32:14.041+0530] {standard_task_runner.py:82} INFO - Running: ['airflow', 'tasks', 'run', 'NSE_Open_Interest', 'load', 'scheduled__2023-02-15T00:00:00+00:00', '--job-id', '4459', '--raw', '--subdir', 'DAGS_FOLDER/NSE_Open_Interest.py', '--cfg-path', '/tmp/tmplb3dl4_k']
[2023-02-23T11:32:14.042+0530] {standard_task_runner.py:83} INFO - Job 4459: Subtask load
[2023-02-23T11:32:14.099+0530] {task_command.py:389} INFO - Running <TaskInstance: NSE_Open_Interest.load scheduled__2023-02-15T00:00:00+00:00 [running]> on host DESKTOP-SQIOQPD.
[2023-02-23T11:32:14.181+0530] {taskinstance.py:1511} INFO - Exporting the following env vars:
AIRFLOW_CTX_DAG_EMAIL=nikheleshbhattacharyya@gmail.com
AIRFLOW_CTX_DAG_OWNER=airflow
AIRFLOW_CTX_DAG_ID=NSE_Open_Interest
AIRFLOW_CTX_TASK_ID=load
AIRFLOW_CTX_EXECUTION_DATE=2023-02-15T00:00:00+00:00
AIRFLOW_CTX_TRY_NUMBER=1
AIRFLOW_CTX_DAG_RUN_ID=scheduled__2023-02-15T00:00:00+00:00
[2023-02-23T11:32:19.280+0530] {python.py:177} INFO - Done. Returned value was: None
[2023-02-23T11:32:19.286+0530] {taskinstance.py:1322} INFO - Marking task as SUCCESS. dag_id=NSE_Open_Interest, task_id=load, execution_date=20230215T000000, start_date=20230223T060214, end_date=20230223T060219
[2023-02-23T11:32:22.579+0530] {local_task_job.py:159} INFO - Task exited with return code 0
[2023-02-23T11:32:22.612+0530] {taskinstance.py:2582} INFO - 1 downstream tasks scheduled from follow-on schedule check
