[2023-02-23T12:25:19.574+0530] {taskinstance.py:1087} INFO - Dependencies all met for <TaskInstance: NSE_Open_Interest.finish_task scheduled__2023-02-15T00:00:00+00:00 [queued]>
[2023-02-23T12:25:19.587+0530] {taskinstance.py:1087} INFO - Dependencies all met for <TaskInstance: NSE_Open_Interest.finish_task scheduled__2023-02-15T00:00:00+00:00 [queued]>
[2023-02-23T12:25:19.588+0530] {taskinstance.py:1283} INFO - 
--------------------------------------------------------------------------------
[2023-02-23T12:25:19.588+0530] {taskinstance.py:1284} INFO - Starting attempt 1 of 4
[2023-02-23T12:25:19.588+0530] {taskinstance.py:1285} INFO - 
--------------------------------------------------------------------------------
[2023-02-23T12:25:19.605+0530] {taskinstance.py:1304} INFO - Executing <Task(BashOperator): finish_task> on 2023-02-15 00:00:00+00:00
[2023-02-23T12:25:19.610+0530] {standard_task_runner.py:55} INFO - Started process 2014 to run task
[2023-02-23T12:25:19.613+0530] {standard_task_runner.py:82} INFO - Running: ['airflow', 'tasks', 'run', 'NSE_Open_Interest', 'finish_task', 'scheduled__2023-02-15T00:00:00+00:00', '--job-id', '4484', '--raw', '--subdir', 'DAGS_FOLDER/NSE_Open_Interest.py', '--cfg-path', '/tmp/tmpgxftab83']
[2023-02-23T12:25:19.615+0530] {standard_task_runner.py:83} INFO - Job 4484: Subtask finish_task
[2023-02-23T12:25:19.668+0530] {task_command.py:389} INFO - Running <TaskInstance: NSE_Open_Interest.finish_task scheduled__2023-02-15T00:00:00+00:00 [running]> on host DESKTOP-SQIOQPD.
[2023-02-23T12:25:19.746+0530] {taskinstance.py:1511} INFO - Exporting the following env vars:
AIRFLOW_CTX_DAG_EMAIL=nikheleshbhattacharyya@gmail.com
AIRFLOW_CTX_DAG_OWNER=airflow
AIRFLOW_CTX_DAG_ID=NSE_Open_Interest
AIRFLOW_CTX_TASK_ID=finish_task
AIRFLOW_CTX_EXECUTION_DATE=2023-02-15T00:00:00+00:00
AIRFLOW_CTX_TRY_NUMBER=1
AIRFLOW_CTX_DAG_RUN_ID=scheduled__2023-02-15T00:00:00+00:00
[2023-02-23T12:25:19.747+0530] {subprocess.py:63} INFO - Tmp dir root location: 
 /tmp
[2023-02-23T12:25:19.748+0530] {subprocess.py:75} INFO - Running command: ['/usr/bin/bash', '-c', 'echo finish']
[2023-02-23T12:25:19.764+0530] {subprocess.py:86} INFO - Output:
[2023-02-23T12:25:19.765+0530] {subprocess.py:93} INFO - finish
[2023-02-23T12:25:19.766+0530] {subprocess.py:97} INFO - Command exited with return code 0
[2023-02-23T12:25:19.795+0530] {taskinstance.py:1322} INFO - Marking task as SUCCESS. dag_id=NSE_Open_Interest, task_id=finish_task, execution_date=20230215T000000, start_date=20230223T065519, end_date=20230223T065519
[2023-02-23T12:25:22.530+0530] {local_task_job.py:159} INFO - Task exited with return code 0
[2023-02-23T12:25:22.548+0530] {taskinstance.py:2582} INFO - 0 downstream tasks scheduled from follow-on schedule check
