[2023-01-10T15:58:16.885+0530] {taskinstance.py:1087} INFO - Dependencies all met for <TaskInstance: FX__Turnover.finish_task scheduled__2023-01-09T00:00:00+00:00 [queued]>
[2023-01-10T15:58:16.901+0530] {taskinstance.py:1087} INFO - Dependencies all met for <TaskInstance: FX__Turnover.finish_task scheduled__2023-01-09T00:00:00+00:00 [queued]>
[2023-01-10T15:58:16.902+0530] {taskinstance.py:1283} INFO - 
--------------------------------------------------------------------------------
[2023-01-10T15:58:16.902+0530] {taskinstance.py:1284} INFO - Starting attempt 1 of 4
[2023-01-10T15:58:16.902+0530] {taskinstance.py:1285} INFO - 
--------------------------------------------------------------------------------
[2023-01-10T15:58:16.926+0530] {taskinstance.py:1304} INFO - Executing <Task(BashOperator): finish_task> on 2023-01-09 00:00:00+00:00
[2023-01-10T15:58:16.934+0530] {standard_task_runner.py:55} INFO - Started process 1885 to run task
[2023-01-10T15:58:16.938+0530] {standard_task_runner.py:82} INFO - Running: ['airflow', 'tasks', 'run', 'FX__Turnover', 'finish_task', 'scheduled__2023-01-09T00:00:00+00:00', '--job-id', '3056', '--raw', '--subdir', 'DAGS_FOLDER/FX_turnover.py', '--cfg-path', '/tmp/tmpu_8nrj4e']
[2023-01-10T15:58:16.940+0530] {standard_task_runner.py:83} INFO - Job 3056: Subtask finish_task
[2023-01-10T15:58:17.029+0530] {task_command.py:389} INFO - Running <TaskInstance: FX__Turnover.finish_task scheduled__2023-01-09T00:00:00+00:00 [running]> on host DESKTOP-SQIOQPD.
[2023-01-10T15:58:17.142+0530] {taskinstance.py:1511} INFO - Exporting the following env vars:
AIRFLOW_CTX_DAG_EMAIL=nikheleshbhattacharyya@gmail.com
AIRFLOW_CTX_DAG_OWNER=airflow
AIRFLOW_CTX_DAG_ID=FX__Turnover
AIRFLOW_CTX_TASK_ID=finish_task
AIRFLOW_CTX_EXECUTION_DATE=2023-01-09T00:00:00+00:00
AIRFLOW_CTX_TRY_NUMBER=1
AIRFLOW_CTX_DAG_RUN_ID=scheduled__2023-01-09T00:00:00+00:00
[2023-01-10T15:58:17.143+0530] {subprocess.py:63} INFO - Tmp dir root location: 
 /tmp
[2023-01-10T15:58:17.144+0530] {subprocess.py:75} INFO - Running command: ['/usr/bin/bash', '-c', 'echo finish']
[2023-01-10T15:58:17.160+0530] {subprocess.py:86} INFO - Output:
[2023-01-10T15:58:17.162+0530] {subprocess.py:93} INFO - finish
[2023-01-10T15:58:17.162+0530] {subprocess.py:97} INFO - Command exited with return code 0
[2023-01-10T15:58:17.195+0530] {taskinstance.py:1322} INFO - Marking task as SUCCESS. dag_id=FX__Turnover, task_id=finish_task, execution_date=20230109T000000, start_date=20230110T102816, end_date=20230110T102817
[2023-01-10T15:58:17.233+0530] {local_task_job.py:159} INFO - Task exited with return code 0
[2023-01-10T15:58:17.252+0530] {taskinstance.py:2582} INFO - 0 downstream tasks scheduled from follow-on schedule check
