[2023-02-01T20:54:54.085+0530] {taskinstance.py:1087} INFO - Dependencies all met for <TaskInstance: NSE_Open_Interest.start_task scheduled__2023-01-14T00:00:00+00:00 [queued]>
[2023-02-01T20:54:54.096+0530] {taskinstance.py:1087} INFO - Dependencies all met for <TaskInstance: NSE_Open_Interest.start_task scheduled__2023-01-14T00:00:00+00:00 [queued]>
[2023-02-01T20:54:54.096+0530] {taskinstance.py:1283} INFO - 
--------------------------------------------------------------------------------
[2023-02-01T20:54:54.096+0530] {taskinstance.py:1284} INFO - Starting attempt 1 of 4
[2023-02-01T20:54:54.097+0530] {taskinstance.py:1285} INFO - 
--------------------------------------------------------------------------------
[2023-02-01T20:54:54.116+0530] {taskinstance.py:1304} INFO - Executing <Task(BashOperator): start_task> on 2023-01-14 00:00:00+00:00
[2023-02-01T20:54:54.122+0530] {standard_task_runner.py:55} INFO - Started process 352 to run task
[2023-02-01T20:54:54.124+0530] {standard_task_runner.py:82} INFO - Running: ['airflow', 'tasks', 'run', 'NSE_Open_Interest', 'start_task', 'scheduled__2023-01-14T00:00:00+00:00', '--job-id', '3205', '--raw', '--subdir', 'DAGS_FOLDER/NSE_Open_Interest.py', '--cfg-path', '/tmp/tmp62p_bznw']
[2023-02-01T20:54:54.126+0530] {standard_task_runner.py:83} INFO - Job 3205: Subtask start_task
[2023-02-01T20:54:54.349+0530] {task_command.py:389} INFO - Running <TaskInstance: NSE_Open_Interest.start_task scheduled__2023-01-14T00:00:00+00:00 [running]> on host DESKTOP-SQIOQPD.
[2023-02-01T20:54:54.641+0530] {taskinstance.py:1511} INFO - Exporting the following env vars:
AIRFLOW_CTX_DAG_EMAIL=nikheleshbhattacharyya@gmail.com
AIRFLOW_CTX_DAG_OWNER=airflow
AIRFLOW_CTX_DAG_ID=NSE_Open_Interest
AIRFLOW_CTX_TASK_ID=start_task
AIRFLOW_CTX_EXECUTION_DATE=2023-01-14T00:00:00+00:00
AIRFLOW_CTX_TRY_NUMBER=1
AIRFLOW_CTX_DAG_RUN_ID=scheduled__2023-01-14T00:00:00+00:00
[2023-02-01T20:54:54.647+0530] {subprocess.py:63} INFO - Tmp dir root location: 
 /tmp
[2023-02-01T20:54:54.650+0530] {subprocess.py:75} INFO - Running command: ['/usr/bin/bash', '-c', 'echo start']
[2023-02-01T20:54:54.680+0530] {subprocess.py:86} INFO - Output:
[2023-02-01T20:54:54.681+0530] {subprocess.py:93} INFO - start
[2023-02-01T20:54:54.681+0530] {subprocess.py:97} INFO - Command exited with return code 0
[2023-02-01T20:54:54.714+0530] {taskinstance.py:1322} INFO - Marking task as SUCCESS. dag_id=NSE_Open_Interest, task_id=start_task, execution_date=20230114T000000, start_date=20230201T152454, end_date=20230201T152454
[2023-02-01T20:54:54.740+0530] {local_task_job.py:159} INFO - Task exited with return code 0
[2023-02-01T20:54:54.772+0530] {taskinstance.py:2582} INFO - 1 downstream tasks scheduled from follow-on schedule check
