[2023-03-17T14:29:12.571+0530] {taskinstance.py:1087} INFO - Dependencies all met for <TaskInstance: nsdlfpi_and_rupee.load_data2 scheduled__2023-02-28T00:00:00+00:00 [queued]>
[2023-03-17T14:29:12.589+0530] {taskinstance.py:1087} INFO - Dependencies all met for <TaskInstance: nsdlfpi_and_rupee.load_data2 scheduled__2023-02-28T00:00:00+00:00 [queued]>
[2023-03-17T14:29:12.589+0530] {taskinstance.py:1283} INFO - 
--------------------------------------------------------------------------------
[2023-03-17T14:29:12.590+0530] {taskinstance.py:1284} INFO - Starting attempt 1 of 4
[2023-03-17T14:29:12.590+0530] {taskinstance.py:1285} INFO - 
--------------------------------------------------------------------------------
[2023-03-17T14:29:12.613+0530] {taskinstance.py:1304} INFO - Executing <Task(PythonOperator): load_data2> on 2023-02-28 00:00:00+00:00
[2023-03-17T14:29:12.622+0530] {standard_task_runner.py:55} INFO - Started process 1052 to run task
[2023-03-17T14:29:12.657+0530] {standard_task_runner.py:82} INFO - Running: ['airflow', 'tasks', 'run', 'nsdlfpi_and_rupee', 'load_data2', 'scheduled__2023-02-28T00:00:00+00:00', '--job-id', '4931', '--raw', '--subdir', 'DAGS_FOLDER/nsdl_and_rupee.py', '--cfg-path', '/tmp/tmpykkvc3wo']
[2023-03-17T14:29:12.664+0530] {standard_task_runner.py:83} INFO - Job 4931: Subtask load_data2
[2023-03-17T14:29:12.889+0530] {task_command.py:389} INFO - Running <TaskInstance: nsdlfpi_and_rupee.load_data2 scheduled__2023-02-28T00:00:00+00:00 [running]> on host DESKTOP-SQIOQPD.
[2023-03-17T14:29:13.125+0530] {taskinstance.py:1511} INFO - Exporting the following env vars:
AIRFLOW_CTX_DAG_EMAIL=nikheleshbhattacharyya@gmail.com
AIRFLOW_CTX_DAG_OWNER=airflow
AIRFLOW_CTX_DAG_ID=nsdlfpi_and_rupee
AIRFLOW_CTX_TASK_ID=load_data2
AIRFLOW_CTX_EXECUTION_DATE=2023-02-28T00:00:00+00:00
AIRFLOW_CTX_TRY_NUMBER=1
AIRFLOW_CTX_DAG_RUN_ID=scheduled__2023-02-28T00:00:00+00:00
[2023-03-17T14:29:30.135+0530] {python.py:177} INFO - Done. Returned value was: None
[2023-03-17T14:29:30.141+0530] {taskinstance.py:1322} INFO - Marking task as SUCCESS. dag_id=nsdlfpi_and_rupee, task_id=load_data2, execution_date=20230228T000000, start_date=20230317T085912, end_date=20230317T085930
[2023-03-17T14:29:30.176+0530] {local_task_job.py:159} INFO - Task exited with return code 0
[2023-03-17T14:29:30.205+0530] {taskinstance.py:2582} INFO - 1 downstream tasks scheduled from follow-on schedule check
