[2022-12-29T23:52:58.269+0530] {taskinstance.py:1087} INFO - Dependencies all met for <TaskInstance: Money__Market.load_data scheduled__2022-12-28T14:00:00+00:00 [queued]>
[2022-12-29T23:52:58.288+0530] {taskinstance.py:1087} INFO - Dependencies all met for <TaskInstance: Money__Market.load_data scheduled__2022-12-28T14:00:00+00:00 [queued]>
[2022-12-29T23:52:58.288+0530] {taskinstance.py:1283} INFO - 
--------------------------------------------------------------------------------
[2022-12-29T23:52:58.288+0530] {taskinstance.py:1284} INFO - Starting attempt 1 of 4
[2022-12-29T23:52:58.288+0530] {taskinstance.py:1285} INFO - 
--------------------------------------------------------------------------------
[2022-12-29T23:52:58.311+0530] {taskinstance.py:1304} INFO - Executing <Task(PythonOperator): load_data> on 2022-12-28 14:00:00+00:00
[2022-12-29T23:52:58.326+0530] {standard_task_runner.py:55} INFO - Started process 9792 to run task
[2022-12-29T23:52:58.327+0530] {standard_task_runner.py:82} INFO - Running: ['airflow', 'tasks', 'run', 'Money__Market', 'load_data', 'scheduled__2022-12-28T14:00:00+00:00', '--job-id', '1849', '--raw', '--subdir', 'DAGS_FOLDER/Money_Market.py', '--cfg-path', '/tmp/tmp8vpk99gn']
[2022-12-29T23:52:58.331+0530] {standard_task_runner.py:83} INFO - Job 1849: Subtask load_data
[2022-12-29T23:52:58.415+0530] {task_command.py:389} INFO - Running <TaskInstance: Money__Market.load_data scheduled__2022-12-28T14:00:00+00:00 [running]> on host DESKTOP-SQIOQPD.
[2022-12-29T23:52:58.517+0530] {taskinstance.py:1511} INFO - Exporting the following env vars:
AIRFLOW_CTX_DAG_EMAIL=nikheleshbhattacharyya@gmail.com
AIRFLOW_CTX_DAG_OWNER=airflow
AIRFLOW_CTX_DAG_ID=Money__Market
AIRFLOW_CTX_TASK_ID=load_data
AIRFLOW_CTX_EXECUTION_DATE=2022-12-28T14:00:00+00:00
AIRFLOW_CTX_TRY_NUMBER=1
AIRFLOW_CTX_DAG_RUN_ID=scheduled__2022-12-28T14:00:00+00:00
[2022-12-29T23:52:58.553+0530] {logging_mixin.py:137} INFO - 1
[2022-12-29T23:52:58.554+0530] {logging_mixin.py:137} INFO - 2
[2022-12-29T23:52:58.554+0530] {logging_mixin.py:137} INFO - 3
[2022-12-29T23:52:58.554+0530] {logging_mixin.py:137} INFO - 4
[2022-12-29T23:52:58.554+0530] {logging_mixin.py:137} INFO - 5
[2022-12-29T23:52:58.554+0530] {logging_mixin.py:137} INFO - 6
[2022-12-29T23:52:58.554+0530] {logging_mixin.py:137} INFO - 7
[2022-12-29T23:52:58.554+0530] {logging_mixin.py:137} INFO - 8
[2022-12-29T23:52:58.554+0530] {logging_mixin.py:137} INFO - 9
[2022-12-29T23:52:58.555+0530] {logging_mixin.py:137} INFO - 10
[2022-12-29T23:52:58.555+0530] {logging_mixin.py:137} INFO - 11
[2022-12-29T23:52:58.555+0530] {logging_mixin.py:137} INFO - 12
[2022-12-29T23:52:58.555+0530] {logging_mixin.py:137} INFO - 13
[2022-12-29T23:52:58.558+0530] {logging_mixin.py:137} INFO - 14
[2022-12-29T23:52:58.558+0530] {logging_mixin.py:137} INFO - 15
[2022-12-29T23:52:58.559+0530] {logging_mixin.py:137} INFO - 16
[2022-12-29T23:52:58.559+0530] {logging_mixin.py:137} INFO - 17
[2022-12-29T23:52:58.559+0530] {logging_mixin.py:137} INFO - 18
[2022-12-29T23:52:58.560+0530] {logging_mixin.py:137} INFO - 19
[2022-12-29T23:52:58.560+0530] {logging_mixin.py:137} INFO - 20
[2022-12-29T23:52:58.560+0530] {logging_mixin.py:137} INFO - 21
[2022-12-29T23:52:58.560+0530] {logging_mixin.py:137} INFO - 22
[2022-12-29T23:52:58.560+0530] {logging_mixin.py:137} INFO - 23
[2022-12-29T23:52:58.560+0530] {logging_mixin.py:137} INFO - 24
[2022-12-29T23:52:58.560+0530] {logging_mixin.py:137} INFO - 25
[2022-12-29T23:52:58.561+0530] {logging_mixin.py:137} INFO - 26
[2022-12-29T23:52:58.561+0530] {logging_mixin.py:137} INFO - 27
[2022-12-29T23:52:58.561+0530] {logging_mixin.py:137} INFO - 28
[2022-12-29T23:52:58.561+0530] {logging_mixin.py:137} INFO - 29
[2022-12-29T23:52:58.561+0530] {logging_mixin.py:137} INFO - 30
[2022-12-29T23:52:58.561+0530] {logging_mixin.py:137} INFO - 31
[2022-12-29T23:52:58.561+0530] {logging_mixin.py:137} INFO - 32
[2022-12-29T23:52:58.561+0530] {logging_mixin.py:137} INFO - 33
[2022-12-29T23:52:58.562+0530] {logging_mixin.py:137} INFO - 34
[2022-12-29T23:52:58.562+0530] {logging_mixin.py:137} INFO - 35
[2022-12-29T23:52:58.562+0530] {logging_mixin.py:137} INFO - 36
[2022-12-29T23:52:58.562+0530] {logging_mixin.py:137} INFO - 37
[2022-12-29T23:52:58.563+0530] {logging_mixin.py:137} INFO - 38
[2022-12-29T23:52:58.563+0530] {logging_mixin.py:137} INFO - 39
[2022-12-29T23:52:58.563+0530] {logging_mixin.py:137} INFO - 40
[2022-12-29T23:52:58.563+0530] {logging_mixin.py:137} INFO - 41
[2022-12-29T23:52:58.563+0530] {logging_mixin.py:137} INFO - 42
[2022-12-29T23:52:58.564+0530] {logging_mixin.py:137} INFO - 43
[2022-12-29T23:52:58.564+0530] {logging_mixin.py:137} INFO - 44
[2022-12-29T23:52:58.564+0530] {logging_mixin.py:137} INFO - 45
[2022-12-29T23:52:58.564+0530] {logging_mixin.py:137} INFO - 46
[2022-12-29T23:52:58.564+0530] {logging_mixin.py:137} INFO - 47
[2022-12-29T23:52:58.565+0530] {logging_mixin.py:137} INFO - 48
[2022-12-29T23:52:58.565+0530] {logging_mixin.py:137} INFO - 49
[2022-12-29T23:52:58.565+0530] {logging_mixin.py:137} INFO - 50
[2022-12-29T23:52:58.565+0530] {logging_mixin.py:137} INFO - 51
[2022-12-29T23:52:58.565+0530] {logging_mixin.py:137} INFO - 52
[2022-12-29T23:52:58.565+0530] {logging_mixin.py:137} INFO - 53
[2022-12-29T23:52:58.566+0530] {logging_mixin.py:137} INFO - 54
[2022-12-29T23:52:58.566+0530] {logging_mixin.py:137} INFO - 55
[2022-12-29T23:52:58.566+0530] {logging_mixin.py:137} INFO - 56
[2022-12-29T23:52:58.566+0530] {logging_mixin.py:137} INFO - 57
[2022-12-29T23:52:58.566+0530] {logging_mixin.py:137} INFO - 58
[2022-12-29T23:52:58.567+0530] {logging_mixin.py:137} INFO - 59
[2022-12-29T23:52:58.567+0530] {logging_mixin.py:137} INFO - 60
[2022-12-29T23:52:58.567+0530] {logging_mixin.py:137} INFO - 61
[2022-12-29T23:52:58.567+0530] {logging_mixin.py:137} INFO - 62
[2022-12-29T23:52:58.567+0530] {logging_mixin.py:137} INFO - 63
[2022-12-29T23:52:58.568+0530] {logging_mixin.py:137} INFO - 64
[2022-12-29T23:52:58.568+0530] {logging_mixin.py:137} INFO - 65
[2022-12-29T23:52:58.568+0530] {logging_mixin.py:137} INFO - 66
[2022-12-29T23:52:58.568+0530] {logging_mixin.py:137} INFO - 67
[2022-12-29T23:52:58.569+0530] {logging_mixin.py:137} INFO - 68
[2022-12-29T23:52:58.569+0530] {logging_mixin.py:137} INFO - 69
[2022-12-29T23:52:58.569+0530] {logging_mixin.py:137} INFO - 70
[2022-12-29T23:52:58.569+0530] {logging_mixin.py:137} INFO - 71
[2022-12-29T23:52:58.570+0530] {logging_mixin.py:137} INFO - 72
[2022-12-29T23:52:58.570+0530] {logging_mixin.py:137} INFO - 73
[2022-12-29T23:52:58.570+0530] {logging_mixin.py:137} INFO - 74
[2022-12-29T23:52:58.570+0530] {logging_mixin.py:137} INFO - 75
[2022-12-29T23:52:58.571+0530] {logging_mixin.py:137} INFO - 76
[2022-12-29T23:52:58.571+0530] {logging_mixin.py:137} INFO - 77
[2022-12-29T23:52:58.571+0530] {logging_mixin.py:137} INFO - 78
[2022-12-29T23:52:58.574+0530] {logging_mixin.py:137} INFO - 79
[2022-12-29T23:52:58.574+0530] {logging_mixin.py:137} INFO - 80
[2022-12-29T23:52:58.575+0530] {logging_mixin.py:137} INFO - 81
[2022-12-29T23:52:58.575+0530] {logging_mixin.py:137} INFO - 82
[2022-12-29T23:52:58.575+0530] {logging_mixin.py:137} INFO - 83
[2022-12-29T23:52:58.576+0530] {logging_mixin.py:137} INFO - 84
[2022-12-29T23:52:58.576+0530] {logging_mixin.py:137} INFO - 85
[2022-12-29T23:52:58.576+0530] {logging_mixin.py:137} INFO - 86
[2022-12-29T23:52:58.576+0530] {logging_mixin.py:137} INFO - 87
[2022-12-29T23:52:58.577+0530] {logging_mixin.py:137} INFO - 88
[2022-12-29T23:52:58.577+0530] {logging_mixin.py:137} INFO - 89
[2022-12-29T23:52:58.577+0530] {logging_mixin.py:137} INFO - 90
[2022-12-29T23:52:58.578+0530] {logging_mixin.py:137} INFO - 91
[2022-12-29T23:52:58.578+0530] {logging_mixin.py:137} INFO - 92
[2022-12-29T23:52:58.578+0530] {logging_mixin.py:137} INFO - 93
[2022-12-29T23:52:58.579+0530] {logging_mixin.py:137} INFO - 94
[2022-12-29T23:52:58.579+0530] {logging_mixin.py:137} INFO - 95
[2022-12-29T23:52:58.579+0530] {logging_mixin.py:137} INFO - 96
[2022-12-29T23:52:58.579+0530] {logging_mixin.py:137} INFO - 97
[2022-12-29T23:52:58.580+0530] {logging_mixin.py:137} INFO - 98
[2022-12-29T23:52:58.580+0530] {logging_mixin.py:137} INFO - 99
[2022-12-29T23:52:58.580+0530] {logging_mixin.py:137} INFO - 100
[2022-12-29T23:52:58.581+0530] {logging_mixin.py:137} INFO - 101
[2022-12-29T23:52:58.581+0530] {logging_mixin.py:137} INFO - 102
[2022-12-29T23:52:58.581+0530] {logging_mixin.py:137} INFO - 103
[2022-12-29T23:52:58.581+0530] {logging_mixin.py:137} INFO - 104
[2022-12-29T23:52:58.582+0530] {logging_mixin.py:137} INFO - 105
[2022-12-29T23:52:58.582+0530] {logging_mixin.py:137} INFO - 106
[2022-12-29T23:52:58.582+0530] {logging_mixin.py:137} INFO - 107
[2022-12-29T23:52:58.583+0530] {logging_mixin.py:137} INFO - 108
[2022-12-29T23:52:58.583+0530] {logging_mixin.py:137} INFO - 109
[2022-12-29T23:52:58.583+0530] {logging_mixin.py:137} INFO - 110
[2022-12-29T23:52:58.583+0530] {logging_mixin.py:137} INFO - 111
[2022-12-29T23:52:58.584+0530] {logging_mixin.py:137} INFO - 112
[2022-12-29T23:52:58.584+0530] {logging_mixin.py:137} INFO - 113
[2022-12-29T23:52:58.584+0530] {logging_mixin.py:137} INFO - 114
[2022-12-29T23:52:58.585+0530] {logging_mixin.py:137} INFO - 115
[2022-12-29T23:52:58.585+0530] {logging_mixin.py:137} INFO - 116
[2022-12-29T23:52:58.585+0530] {logging_mixin.py:137} INFO - 117
[2022-12-29T23:52:58.585+0530] {logging_mixin.py:137} INFO - 118
[2022-12-29T23:52:58.586+0530] {logging_mixin.py:137} INFO - 119
[2022-12-29T23:52:58.586+0530] {logging_mixin.py:137} INFO - 120
[2022-12-29T23:52:58.586+0530] {logging_mixin.py:137} INFO - 121
[2022-12-29T23:52:58.587+0530] {logging_mixin.py:137} INFO - 122
[2022-12-29T23:52:58.587+0530] {logging_mixin.py:137} INFO - 123
[2022-12-29T23:52:58.587+0530] {logging_mixin.py:137} INFO - 124
[2022-12-29T23:52:58.587+0530] {logging_mixin.py:137} INFO - 125
[2022-12-29T23:52:58.588+0530] {logging_mixin.py:137} INFO - 126
[2022-12-29T23:52:58.588+0530] {logging_mixin.py:137} INFO - 127
[2022-12-29T23:52:58.588+0530] {logging_mixin.py:137} INFO - 128
[2022-12-29T23:52:58.588+0530] {logging_mixin.py:137} INFO - 129
[2022-12-29T23:52:58.588+0530] {logging_mixin.py:137} INFO - 130
[2022-12-29T23:52:58.588+0530] {logging_mixin.py:137} INFO - 131
[2022-12-29T23:52:58.589+0530] {logging_mixin.py:137} INFO - 132
[2022-12-29T23:52:58.589+0530] {logging_mixin.py:137} INFO - 133
[2022-12-29T23:52:58.589+0530] {logging_mixin.py:137} INFO - 134
[2022-12-29T23:52:58.589+0530] {logging_mixin.py:137} INFO - 135
[2022-12-29T23:52:58.590+0530] {logging_mixin.py:137} INFO - 136
[2022-12-29T23:52:58.590+0530] {logging_mixin.py:137} INFO - 137
[2022-12-29T23:52:58.591+0530] {logging_mixin.py:137} INFO - 138
[2022-12-29T23:52:58.591+0530] {logging_mixin.py:137} INFO - 139
[2022-12-29T23:52:58.591+0530] {logging_mixin.py:137} INFO - 140
[2022-12-29T23:52:58.591+0530] {logging_mixin.py:137} INFO - 141
[2022-12-29T23:52:58.591+0530] {logging_mixin.py:137} INFO - 142
[2022-12-29T23:52:58.592+0530] {logging_mixin.py:137} INFO - 143
[2022-12-29T23:52:58.592+0530] {logging_mixin.py:137} INFO - 144
[2022-12-29T23:52:58.592+0530] {logging_mixin.py:137} INFO - 145
[2022-12-29T23:52:58.592+0530] {logging_mixin.py:137} INFO - 146
[2022-12-29T23:52:58.592+0530] {logging_mixin.py:137} INFO - 147
[2022-12-29T23:52:58.593+0530] {logging_mixin.py:137} INFO - 148
[2022-12-29T23:52:58.593+0530] {logging_mixin.py:137} INFO - 149
[2022-12-29T23:52:58.593+0530] {logging_mixin.py:137} INFO - 150
[2022-12-29T23:52:58.593+0530] {logging_mixin.py:137} INFO - 151
[2022-12-29T23:52:58.593+0530] {logging_mixin.py:137} INFO - 152
[2022-12-29T23:52:58.593+0530] {logging_mixin.py:137} INFO - 153
[2022-12-29T23:52:58.593+0530] {logging_mixin.py:137} INFO - 154
[2022-12-29T23:52:58.594+0530] {logging_mixin.py:137} INFO - 155
[2022-12-29T23:52:58.594+0530] {logging_mixin.py:137} INFO - 156
[2022-12-29T23:52:58.594+0530] {logging_mixin.py:137} INFO - 157
[2022-12-29T23:52:58.594+0530] {logging_mixin.py:137} INFO - 158
[2022-12-29T23:52:58.594+0530] {logging_mixin.py:137} INFO - 159
[2022-12-29T23:52:58.594+0530] {logging_mixin.py:137} INFO - 160
[2022-12-29T23:52:58.594+0530] {logging_mixin.py:137} INFO - 161
[2022-12-29T23:52:58.595+0530] {logging_mixin.py:137} INFO - 162
[2022-12-29T23:52:58.595+0530] {logging_mixin.py:137} INFO - 163
[2022-12-29T23:52:58.595+0530] {logging_mixin.py:137} INFO - 164
[2022-12-29T23:52:58.595+0530] {logging_mixin.py:137} INFO - 165
[2022-12-29T23:52:58.595+0530] {logging_mixin.py:137} INFO - 166
[2022-12-29T23:52:58.595+0530] {logging_mixin.py:137} INFO - 167
[2022-12-29T23:52:58.595+0530] {logging_mixin.py:137} INFO - 168
[2022-12-29T23:52:58.596+0530] {logging_mixin.py:137} INFO - 169
[2022-12-29T23:52:58.596+0530] {logging_mixin.py:137} INFO - 170
[2022-12-29T23:52:58.596+0530] {logging_mixin.py:137} INFO - 171
[2022-12-29T23:52:58.596+0530] {logging_mixin.py:137} INFO - 172
[2022-12-29T23:52:58.596+0530] {logging_mixin.py:137} INFO - 173
[2022-12-29T23:52:58.596+0530] {logging_mixin.py:137} INFO - 174
[2022-12-29T23:52:58.596+0530] {logging_mixin.py:137} INFO - 175
[2022-12-29T23:52:58.597+0530] {logging_mixin.py:137} INFO - 176
[2022-12-29T23:52:58.597+0530] {logging_mixin.py:137} INFO - 177
[2022-12-29T23:52:58.597+0530] {logging_mixin.py:137} INFO - 178
[2022-12-29T23:52:58.597+0530] {logging_mixin.py:137} INFO - 179
[2022-12-29T23:52:58.597+0530] {logging_mixin.py:137} INFO - 180
[2022-12-29T23:52:58.597+0530] {logging_mixin.py:137} INFO - 181
[2022-12-29T23:52:58.598+0530] {logging_mixin.py:137} INFO - 182
[2022-12-29T23:52:58.598+0530] {logging_mixin.py:137} INFO - 183
[2022-12-29T23:52:58.598+0530] {logging_mixin.py:137} INFO - 184
[2022-12-29T23:52:58.598+0530] {logging_mixin.py:137} INFO - 185
[2022-12-29T23:52:58.598+0530] {logging_mixin.py:137} INFO - 186
[2022-12-29T23:52:58.598+0530] {logging_mixin.py:137} INFO - 187
[2022-12-29T23:52:58.598+0530] {logging_mixin.py:137} INFO - 188
[2022-12-29T23:52:58.599+0530] {logging_mixin.py:137} INFO - 189
[2022-12-29T23:52:58.599+0530] {logging_mixin.py:137} INFO - 190
[2022-12-29T23:52:58.599+0530] {logging_mixin.py:137} INFO - 191
[2022-12-29T23:52:58.599+0530] {logging_mixin.py:137} INFO - 192
[2022-12-29T23:52:58.599+0530] {logging_mixin.py:137} INFO - 193
[2022-12-29T23:52:58.599+0530] {logging_mixin.py:137} INFO - 194
[2022-12-29T23:52:58.600+0530] {logging_mixin.py:137} INFO - 195
[2022-12-29T23:52:58.600+0530] {logging_mixin.py:137} INFO - 196
[2022-12-29T23:52:58.600+0530] {logging_mixin.py:137} INFO - 197
[2022-12-29T23:52:58.600+0530] {logging_mixin.py:137} INFO - 198
[2022-12-29T23:52:58.600+0530] {logging_mixin.py:137} INFO - 199
[2022-12-29T23:52:58.600+0530] {logging_mixin.py:137} INFO - 200
[2022-12-29T23:52:58.601+0530] {logging_mixin.py:137} INFO - 201
[2022-12-29T23:52:58.601+0530] {logging_mixin.py:137} INFO - 202
[2022-12-29T23:52:58.601+0530] {logging_mixin.py:137} INFO - 203
[2022-12-29T23:52:58.601+0530] {logging_mixin.py:137} INFO - 204
[2022-12-29T23:52:58.601+0530] {logging_mixin.py:137} INFO - 205
[2022-12-29T23:52:58.601+0530] {logging_mixin.py:137} INFO - 206
[2022-12-29T23:52:58.602+0530] {logging_mixin.py:137} INFO - 207
[2022-12-29T23:52:58.602+0530] {logging_mixin.py:137} INFO - 208
[2022-12-29T23:52:58.602+0530] {logging_mixin.py:137} INFO - 209
[2022-12-29T23:52:58.602+0530] {logging_mixin.py:137} INFO - 210
[2022-12-29T23:52:58.602+0530] {logging_mixin.py:137} INFO - 211
[2022-12-29T23:52:58.602+0530] {logging_mixin.py:137} INFO - 212
[2022-12-29T23:52:58.602+0530] {logging_mixin.py:137} INFO - 213
[2022-12-29T23:52:58.603+0530] {logging_mixin.py:137} INFO - 214
[2022-12-29T23:52:58.603+0530] {logging_mixin.py:137} INFO - 215
[2022-12-29T23:52:58.603+0530] {logging_mixin.py:137} INFO - 216
[2022-12-29T23:52:58.603+0530] {logging_mixin.py:137} INFO - 217
[2022-12-29T23:52:58.603+0530] {logging_mixin.py:137} INFO - 218
[2022-12-29T23:52:58.604+0530] {logging_mixin.py:137} INFO - 219
[2022-12-29T23:52:58.604+0530] {logging_mixin.py:137} INFO - 220
[2022-12-29T23:52:58.604+0530] {logging_mixin.py:137} INFO - 221
[2022-12-29T23:52:58.604+0530] {logging_mixin.py:137} INFO - 222
[2022-12-29T23:52:58.605+0530] {logging_mixin.py:137} INFO - 223
[2022-12-29T23:52:58.605+0530] {logging_mixin.py:137} INFO - 224
[2022-12-29T23:52:58.605+0530] {logging_mixin.py:137} INFO - 225
[2022-12-29T23:52:58.606+0530] {logging_mixin.py:137} INFO - 226
[2022-12-29T23:52:58.606+0530] {logging_mixin.py:137} INFO - 227
[2022-12-29T23:52:58.606+0530] {logging_mixin.py:137} INFO - 228
[2022-12-29T23:52:58.607+0530] {logging_mixin.py:137} INFO - 229
[2022-12-29T23:52:58.607+0530] {logging_mixin.py:137} INFO - 230
[2022-12-29T23:52:58.607+0530] {logging_mixin.py:137} INFO - 231
[2022-12-29T23:52:58.608+0530] {logging_mixin.py:137} INFO - 232
[2022-12-29T23:52:58.608+0530] {logging_mixin.py:137} INFO - 233
[2022-12-29T23:52:58.609+0530] {logging_mixin.py:137} INFO - 234
[2022-12-29T23:52:58.609+0530] {logging_mixin.py:137} INFO - 235
[2022-12-29T23:52:58.609+0530] {logging_mixin.py:137} INFO - 236
[2022-12-29T23:52:58.609+0530] {logging_mixin.py:137} INFO - 237
[2022-12-29T23:52:58.610+0530] {logging_mixin.py:137} INFO - 238
[2022-12-29T23:52:58.610+0530] {logging_mixin.py:137} INFO - 239
[2022-12-29T23:52:58.610+0530] {logging_mixin.py:137} INFO - 240
[2022-12-29T23:52:58.610+0530] {logging_mixin.py:137} INFO - 241
[2022-12-29T23:52:58.610+0530] {logging_mixin.py:137} INFO - 242
[2022-12-29T23:52:58.610+0530] {logging_mixin.py:137} INFO - 243
[2022-12-29T23:52:58.611+0530] {logging_mixin.py:137} INFO - 244
[2022-12-29T23:52:58.611+0530] {logging_mixin.py:137} INFO - 245
[2022-12-29T23:52:58.611+0530] {logging_mixin.py:137} INFO - 246
[2022-12-29T23:52:58.611+0530] {logging_mixin.py:137} INFO - 247
[2022-12-29T23:52:58.611+0530] {logging_mixin.py:137} INFO - 248
[2022-12-29T23:52:58.611+0530] {logging_mixin.py:137} INFO - 249
[2022-12-29T23:52:58.612+0530] {logging_mixin.py:137} INFO - 250
[2022-12-29T23:52:58.612+0530] {logging_mixin.py:137} INFO - 251
[2022-12-29T23:52:58.612+0530] {logging_mixin.py:137} INFO - 252
[2022-12-29T23:52:58.612+0530] {logging_mixin.py:137} INFO - 253
[2022-12-29T23:52:58.612+0530] {logging_mixin.py:137} INFO - 254
[2022-12-29T23:52:58.612+0530] {logging_mixin.py:137} INFO - 255
[2022-12-29T23:52:58.613+0530] {logging_mixin.py:137} INFO - 256
[2022-12-29T23:52:58.613+0530] {logging_mixin.py:137} INFO - 257
[2022-12-29T23:52:58.613+0530] {logging_mixin.py:137} INFO - 258
[2022-12-29T23:52:58.613+0530] {logging_mixin.py:137} INFO - 259
[2022-12-29T23:52:58.613+0530] {logging_mixin.py:137} INFO - 260
[2022-12-29T23:52:58.613+0530] {logging_mixin.py:137} INFO - 261
[2022-12-29T23:52:58.614+0530] {logging_mixin.py:137} INFO - 262
[2022-12-29T23:52:58.614+0530] {logging_mixin.py:137} INFO - 263
[2022-12-29T23:52:58.614+0530] {logging_mixin.py:137} INFO - 264
[2022-12-29T23:52:58.614+0530] {logging_mixin.py:137} INFO - 265
[2022-12-29T23:52:58.614+0530] {logging_mixin.py:137} INFO - 266
[2022-12-29T23:52:58.614+0530] {logging_mixin.py:137} INFO - 267
[2022-12-29T23:52:58.615+0530] {logging_mixin.py:137} INFO - 268
[2022-12-29T23:52:58.615+0530] {logging_mixin.py:137} INFO - 269
[2022-12-29T23:52:58.615+0530] {logging_mixin.py:137} INFO - 270
[2022-12-29T23:52:58.615+0530] {logging_mixin.py:137} INFO - 271
[2022-12-29T23:52:58.616+0530] {logging_mixin.py:137} INFO - 272
[2022-12-29T23:52:58.616+0530] {logging_mixin.py:137} INFO - 273
[2022-12-29T23:52:58.616+0530] {logging_mixin.py:137} INFO - 274
[2022-12-29T23:52:58.617+0530] {logging_mixin.py:137} INFO - 275
[2022-12-29T23:52:58.617+0530] {logging_mixin.py:137} INFO - 276
[2022-12-29T23:52:58.618+0530] {logging_mixin.py:137} INFO - 277
[2022-12-29T23:52:58.618+0530] {logging_mixin.py:137} INFO - 278
[2022-12-29T23:52:58.618+0530] {logging_mixin.py:137} INFO - 279
[2022-12-29T23:52:58.620+0530] {logging_mixin.py:137} INFO - 280
[2022-12-29T23:52:58.621+0530] {logging_mixin.py:137} INFO - 281
[2022-12-29T23:52:58.621+0530] {logging_mixin.py:137} INFO - 282
[2022-12-29T23:52:58.622+0530] {logging_mixin.py:137} INFO - 283
[2022-12-29T23:52:58.622+0530] {logging_mixin.py:137} INFO - 284
[2022-12-29T23:52:58.623+0530] {logging_mixin.py:137} INFO - 285
[2022-12-29T23:52:58.624+0530] {logging_mixin.py:137} INFO - 286
[2022-12-29T23:52:58.624+0530] {logging_mixin.py:137} INFO - 287
[2022-12-29T23:52:58.625+0530] {logging_mixin.py:137} INFO - 288
[2022-12-29T23:52:58.625+0530] {logging_mixin.py:137} INFO - 289
[2022-12-29T23:52:58.626+0530] {logging_mixin.py:137} INFO - 290
[2022-12-29T23:52:58.626+0530] {logging_mixin.py:137} INFO - 291
[2022-12-29T23:52:58.626+0530] {logging_mixin.py:137} INFO - 292
[2022-12-29T23:52:58.627+0530] {logging_mixin.py:137} INFO - 293
[2022-12-29T23:52:58.627+0530] {logging_mixin.py:137} INFO - 294
[2022-12-29T23:52:58.627+0530] {logging_mixin.py:137} INFO - 295
[2022-12-29T23:52:58.628+0530] {logging_mixin.py:137} INFO - 296
[2022-12-29T23:52:58.628+0530] {logging_mixin.py:137} INFO - 297
[2022-12-29T23:52:58.628+0530] {logging_mixin.py:137} INFO - 298
[2022-12-29T23:52:58.628+0530] {logging_mixin.py:137} INFO - 299
[2022-12-29T23:52:58.629+0530] {logging_mixin.py:137} INFO - 300
[2022-12-29T23:52:58.629+0530] {logging_mixin.py:137} INFO - 301
[2022-12-29T23:52:58.629+0530] {logging_mixin.py:137} INFO - 302
[2022-12-29T23:52:58.629+0530] {logging_mixin.py:137} INFO - 303
[2022-12-29T23:52:58.630+0530] {logging_mixin.py:137} INFO - 304
[2022-12-29T23:52:58.630+0530] {logging_mixin.py:137} INFO - 305
[2022-12-29T23:52:58.630+0530] {logging_mixin.py:137} INFO - 306
[2022-12-29T23:52:58.630+0530] {logging_mixin.py:137} INFO - 307
[2022-12-29T23:52:58.631+0530] {logging_mixin.py:137} INFO - 308
[2022-12-29T23:52:58.631+0530] {logging_mixin.py:137} INFO - 309
[2022-12-29T23:52:58.632+0530] {logging_mixin.py:137} INFO - 310
[2022-12-29T23:52:58.633+0530] {logging_mixin.py:137} INFO - 311
[2022-12-29T23:52:58.633+0530] {logging_mixin.py:137} INFO - 312
[2022-12-29T23:52:58.636+0530] {logging_mixin.py:137} INFO - 313
[2022-12-29T23:52:58.637+0530] {logging_mixin.py:137} INFO - 314
[2022-12-29T23:52:58.638+0530] {logging_mixin.py:137} INFO - 315
[2022-12-29T23:52:58.638+0530] {logging_mixin.py:137} INFO - 316
[2022-12-29T23:52:58.639+0530] {logging_mixin.py:137} INFO - 317
[2022-12-29T23:52:58.639+0530] {logging_mixin.py:137} INFO - 318
[2022-12-29T23:52:58.640+0530] {logging_mixin.py:137} INFO - 319
[2022-12-29T23:52:58.641+0530] {logging_mixin.py:137} INFO - 320
[2022-12-29T23:52:58.641+0530] {logging_mixin.py:137} INFO - 321
[2022-12-29T23:52:58.641+0530] {logging_mixin.py:137} INFO - 322
[2022-12-29T23:52:58.642+0530] {logging_mixin.py:137} INFO - 323
[2022-12-29T23:52:58.642+0530] {logging_mixin.py:137} INFO - 324
[2022-12-29T23:52:58.642+0530] {logging_mixin.py:137} INFO - 325
[2022-12-29T23:52:58.642+0530] {logging_mixin.py:137} INFO - 326
[2022-12-29T23:52:58.642+0530] {logging_mixin.py:137} INFO - 327
[2022-12-29T23:52:58.643+0530] {logging_mixin.py:137} INFO - 328
[2022-12-29T23:52:58.643+0530] {logging_mixin.py:137} INFO - 329
[2022-12-29T23:52:58.643+0530] {logging_mixin.py:137} INFO - 330
[2022-12-29T23:52:58.643+0530] {logging_mixin.py:137} INFO - 331
[2022-12-29T23:52:58.643+0530] {logging_mixin.py:137} INFO - 332
[2022-12-29T23:52:58.644+0530] {logging_mixin.py:137} INFO - 333
[2022-12-29T23:52:58.644+0530] {logging_mixin.py:137} INFO - 334
[2022-12-29T23:52:58.644+0530] {logging_mixin.py:137} INFO - 335
[2022-12-29T23:52:58.644+0530] {logging_mixin.py:137} INFO - 336
[2022-12-29T23:52:58.645+0530] {logging_mixin.py:137} INFO - 337
[2022-12-29T23:52:58.645+0530] {logging_mixin.py:137} INFO - 338
[2022-12-29T23:52:58.645+0530] {logging_mixin.py:137} INFO - 339
[2022-12-29T23:52:58.645+0530] {logging_mixin.py:137} INFO - 340
[2022-12-29T23:52:58.645+0530] {logging_mixin.py:137} INFO - 341
[2022-12-29T23:52:58.646+0530] {logging_mixin.py:137} INFO - 342
[2022-12-29T23:52:58.646+0530] {logging_mixin.py:137} INFO - 343
[2022-12-29T23:52:58.646+0530] {logging_mixin.py:137} INFO - 344
[2022-12-29T23:52:58.646+0530] {logging_mixin.py:137} INFO - 345
[2022-12-29T23:52:58.647+0530] {logging_mixin.py:137} INFO - 346
[2022-12-29T23:52:58.647+0530] {logging_mixin.py:137} INFO - 347
[2022-12-29T23:52:58.647+0530] {logging_mixin.py:137} INFO - 348
[2022-12-29T23:52:58.647+0530] {logging_mixin.py:137} INFO - 349
[2022-12-29T23:52:58.647+0530] {logging_mixin.py:137} INFO - 350
[2022-12-29T23:52:58.648+0530] {logging_mixin.py:137} INFO - 351
[2022-12-29T23:52:58.648+0530] {logging_mixin.py:137} INFO - 352
[2022-12-29T23:52:58.648+0530] {logging_mixin.py:137} INFO - 353
[2022-12-29T23:52:58.648+0530] {logging_mixin.py:137} INFO - 354
[2022-12-29T23:52:58.648+0530] {logging_mixin.py:137} INFO - 355
[2022-12-29T23:52:58.649+0530] {logging_mixin.py:137} INFO - 356
[2022-12-29T23:52:58.649+0530] {logging_mixin.py:137} INFO - 357
[2022-12-29T23:52:58.649+0530] {logging_mixin.py:137} INFO - 358
[2022-12-29T23:52:58.649+0530] {logging_mixin.py:137} INFO - 359
[2022-12-29T23:52:58.649+0530] {logging_mixin.py:137} INFO - 360
[2022-12-29T23:52:58.650+0530] {logging_mixin.py:137} INFO - 361
[2022-12-29T23:52:58.650+0530] {logging_mixin.py:137} INFO - 362
[2022-12-29T23:52:58.651+0530] {logging_mixin.py:137} INFO - 363
[2022-12-29T23:52:58.652+0530] {logging_mixin.py:137} INFO - 364
[2022-12-29T23:52:58.652+0530] {logging_mixin.py:137} INFO - 365
[2022-12-29T23:52:58.653+0530] {logging_mixin.py:137} INFO - 366
[2022-12-29T23:52:58.654+0530] {logging_mixin.py:137} INFO - 367
[2022-12-29T23:52:58.654+0530] {logging_mixin.py:137} INFO - 368
[2022-12-29T23:52:58.654+0530] {logging_mixin.py:137} INFO - 369
[2022-12-29T23:52:58.655+0530] {logging_mixin.py:137} INFO - 370
[2022-12-29T23:52:58.655+0530] {logging_mixin.py:137} INFO - 371
[2022-12-29T23:52:58.656+0530] {logging_mixin.py:137} INFO - 372
[2022-12-29T23:52:58.656+0530] {logging_mixin.py:137} INFO - 373
[2022-12-29T23:52:58.657+0530] {logging_mixin.py:137} INFO - 374
[2022-12-29T23:52:58.657+0530] {logging_mixin.py:137} INFO - 375
[2022-12-29T23:52:58.658+0530] {logging_mixin.py:137} INFO - 376
[2022-12-29T23:52:58.658+0530] {logging_mixin.py:137} INFO - 377
[2022-12-29T23:52:58.660+0530] {logging_mixin.py:137} INFO - 378
[2022-12-29T23:52:58.661+0530] {logging_mixin.py:137} INFO - 379
[2022-12-29T23:52:58.662+0530] {logging_mixin.py:137} INFO - 380
[2022-12-29T23:52:58.662+0530] {logging_mixin.py:137} INFO - 381
[2022-12-29T23:52:58.663+0530] {logging_mixin.py:137} INFO - 382
[2022-12-29T23:52:58.663+0530] {logging_mixin.py:137} INFO - 383
[2022-12-29T23:52:58.663+0530] {logging_mixin.py:137} INFO - 384
[2022-12-29T23:52:58.664+0530] {logging_mixin.py:137} INFO - 385
[2022-12-29T23:52:58.664+0530] {logging_mixin.py:137} INFO - 386
[2022-12-29T23:52:58.664+0530] {logging_mixin.py:137} INFO - 387
[2022-12-29T23:52:58.665+0530] {logging_mixin.py:137} INFO - 388
[2022-12-29T23:52:58.665+0530] {logging_mixin.py:137} INFO - 389
[2022-12-29T23:52:58.665+0530] {logging_mixin.py:137} INFO - 390
[2022-12-29T23:52:58.666+0530] {logging_mixin.py:137} INFO - 391
[2022-12-29T23:52:58.666+0530] {logging_mixin.py:137} INFO - 392
[2022-12-29T23:52:58.667+0530] {logging_mixin.py:137} INFO - 393
[2022-12-29T23:52:58.668+0530] {logging_mixin.py:137} INFO - 394
[2022-12-29T23:52:58.668+0530] {logging_mixin.py:137} INFO - 395
[2022-12-29T23:52:58.669+0530] {logging_mixin.py:137} INFO - 396
[2022-12-29T23:52:58.669+0530] {logging_mixin.py:137} INFO - 397
[2022-12-29T23:52:58.670+0530] {logging_mixin.py:137} INFO - 398
[2022-12-29T23:52:58.670+0530] {logging_mixin.py:137} INFO - 399
[2022-12-29T23:52:58.670+0530] {logging_mixin.py:137} INFO - 400
[2022-12-29T23:52:58.671+0530] {logging_mixin.py:137} INFO - 401
[2022-12-29T23:52:58.671+0530] {logging_mixin.py:137} INFO - 402
[2022-12-29T23:52:58.671+0530] {logging_mixin.py:137} INFO - 403
[2022-12-29T23:52:58.672+0530] {logging_mixin.py:137} INFO - 404
[2022-12-29T23:52:58.673+0530] {logging_mixin.py:137} INFO - 405
[2022-12-29T23:52:58.674+0530] {logging_mixin.py:137} INFO - 406
[2022-12-29T23:52:58.674+0530] {logging_mixin.py:137} INFO - 407
[2022-12-29T23:52:58.675+0530] {logging_mixin.py:137} INFO - 408
[2022-12-29T23:52:58.675+0530] {logging_mixin.py:137} INFO - 409
[2022-12-29T23:52:58.675+0530] {logging_mixin.py:137} INFO - 410
[2022-12-29T23:52:58.676+0530] {logging_mixin.py:137} INFO - 411
[2022-12-29T23:52:58.676+0530] {logging_mixin.py:137} INFO - 412
[2022-12-29T23:52:58.676+0530] {logging_mixin.py:137} INFO - 413
[2022-12-29T23:52:58.677+0530] {logging_mixin.py:137} INFO - 414
[2022-12-29T23:52:58.677+0530] {logging_mixin.py:137} INFO - 415
[2022-12-29T23:52:58.677+0530] {logging_mixin.py:137} INFO - 416
[2022-12-29T23:52:58.677+0530] {logging_mixin.py:137} INFO - 417
[2022-12-29T23:52:58.677+0530] {logging_mixin.py:137} INFO - 418
[2022-12-29T23:52:58.678+0530] {logging_mixin.py:137} INFO - 419
[2022-12-29T23:52:58.678+0530] {logging_mixin.py:137} INFO - 420
[2022-12-29T23:52:58.678+0530] {logging_mixin.py:137} INFO - 421
[2022-12-29T23:52:58.679+0530] {logging_mixin.py:137} INFO - 422
[2022-12-29T23:52:58.679+0530] {logging_mixin.py:137} INFO - 423
[2022-12-29T23:52:58.680+0530] {logging_mixin.py:137} INFO - 424
[2022-12-29T23:52:58.680+0530] {logging_mixin.py:137} INFO - 425
[2022-12-29T23:52:58.680+0530] {logging_mixin.py:137} INFO - 426
[2022-12-29T23:52:58.681+0530] {logging_mixin.py:137} INFO - 427
[2022-12-29T23:52:58.681+0530] {logging_mixin.py:137} INFO - 428
[2022-12-29T23:52:58.681+0530] {logging_mixin.py:137} INFO - 429
[2022-12-29T23:52:58.682+0530] {logging_mixin.py:137} INFO - 430
[2022-12-29T23:52:58.682+0530] {logging_mixin.py:137} INFO - 431
[2022-12-29T23:52:58.683+0530] {logging_mixin.py:137} INFO - 432
[2022-12-29T23:52:58.683+0530] {logging_mixin.py:137} INFO - 433
[2022-12-29T23:52:58.684+0530] {logging_mixin.py:137} INFO - 434
[2022-12-29T23:52:58.684+0530] {logging_mixin.py:137} INFO - 435
[2022-12-29T23:52:58.685+0530] {logging_mixin.py:137} INFO - 436
[2022-12-29T23:52:58.685+0530] {logging_mixin.py:137} INFO - 437
[2022-12-29T23:52:58.686+0530] {logging_mixin.py:137} INFO - 438
[2022-12-29T23:52:58.686+0530] {logging_mixin.py:137} INFO - 439
[2022-12-29T23:52:58.686+0530] {logging_mixin.py:137} INFO - 440
[2022-12-29T23:52:58.687+0530] {logging_mixin.py:137} INFO - 441
[2022-12-29T23:52:58.687+0530] {logging_mixin.py:137} INFO - 442
[2022-12-29T23:52:58.687+0530] {logging_mixin.py:137} INFO - 443
[2022-12-29T23:52:58.688+0530] {logging_mixin.py:137} INFO - 444
[2022-12-29T23:52:58.688+0530] {logging_mixin.py:137} INFO - 445
[2022-12-29T23:52:58.690+0530] {logging_mixin.py:137} INFO - 446
[2022-12-29T23:52:58.691+0530] {logging_mixin.py:137} INFO - 447
[2022-12-29T23:52:58.691+0530] {logging_mixin.py:137} INFO - 448
[2022-12-29T23:52:58.692+0530] {logging_mixin.py:137} INFO - 449
[2022-12-29T23:52:58.692+0530] {logging_mixin.py:137} INFO - 450
[2022-12-29T23:52:58.692+0530] {logging_mixin.py:137} INFO - 451
[2022-12-29T23:52:58.693+0530] {logging_mixin.py:137} INFO - 452
[2022-12-29T23:52:58.694+0530] {logging_mixin.py:137} INFO - 453
[2022-12-29T23:52:58.695+0530] {logging_mixin.py:137} INFO - 454
[2022-12-29T23:52:58.695+0530] {logging_mixin.py:137} INFO - 455
[2022-12-29T23:52:58.696+0530] {logging_mixin.py:137} INFO - 456
[2022-12-29T23:52:58.697+0530] {logging_mixin.py:137} INFO - 457
[2022-12-29T23:52:58.698+0530] {logging_mixin.py:137} INFO - 458
[2022-12-29T23:52:58.698+0530] {logging_mixin.py:137} INFO - 459
[2022-12-29T23:52:58.699+0530] {logging_mixin.py:137} INFO - 460
[2022-12-29T23:52:58.700+0530] {logging_mixin.py:137} INFO - 461
[2022-12-29T23:52:58.700+0530] {logging_mixin.py:137} INFO - 462
[2022-12-29T23:52:58.704+0530] {logging_mixin.py:137} INFO - 463
[2022-12-29T23:52:58.710+0530] {logging_mixin.py:137} INFO - 464
[2022-12-29T23:52:58.710+0530] {logging_mixin.py:137} INFO - 465
[2022-12-29T23:52:58.711+0530] {logging_mixin.py:137} INFO - 466
[2022-12-29T23:52:58.711+0530] {logging_mixin.py:137} INFO - 467
[2022-12-29T23:52:58.712+0530] {logging_mixin.py:137} INFO - 468
[2022-12-29T23:52:58.713+0530] {logging_mixin.py:137} INFO - 469
[2022-12-29T23:52:58.713+0530] {logging_mixin.py:137} INFO - 470
[2022-12-29T23:52:58.714+0530] {logging_mixin.py:137} INFO - 471
[2022-12-29T23:52:58.714+0530] {logging_mixin.py:137} INFO - 472
[2022-12-29T23:52:58.715+0530] {logging_mixin.py:137} INFO - 473
[2022-12-29T23:52:58.715+0530] {logging_mixin.py:137} INFO - 474
[2022-12-29T23:52:58.716+0530] {logging_mixin.py:137} INFO - 475
[2022-12-29T23:52:58.716+0530] {logging_mixin.py:137} INFO - 476
[2022-12-29T23:52:58.717+0530] {logging_mixin.py:137} INFO - 477
[2022-12-29T23:52:58.717+0530] {logging_mixin.py:137} INFO - 478
[2022-12-29T23:52:58.718+0530] {logging_mixin.py:137} INFO - 479
[2022-12-29T23:52:58.718+0530] {logging_mixin.py:137} INFO - 480
[2022-12-29T23:52:58.719+0530] {logging_mixin.py:137} INFO - 481
[2022-12-29T23:52:58.719+0530] {logging_mixin.py:137} INFO - 482
[2022-12-29T23:52:58.720+0530] {logging_mixin.py:137} INFO - 483
[2022-12-29T23:52:58.720+0530] {logging_mixin.py:137} INFO - 484
[2022-12-29T23:52:58.728+0530] {logging_mixin.py:137} INFO - 485
[2022-12-29T23:52:58.729+0530] {logging_mixin.py:137} INFO - 486
[2022-12-29T23:52:58.730+0530] {logging_mixin.py:137} INFO - 487
[2022-12-29T23:52:58.730+0530] {logging_mixin.py:137} INFO - 488
[2022-12-29T23:52:58.731+0530] {logging_mixin.py:137} INFO - 489
[2022-12-29T23:52:58.731+0530] {logging_mixin.py:137} INFO - 490
[2022-12-29T23:52:58.731+0530] {logging_mixin.py:137} INFO - 491
[2022-12-29T23:52:58.732+0530] {logging_mixin.py:137} INFO - 492
[2022-12-29T23:52:58.732+0530] {logging_mixin.py:137} INFO - 493
[2022-12-29T23:52:58.732+0530] {logging_mixin.py:137} INFO - 494
[2022-12-29T23:52:58.733+0530] {logging_mixin.py:137} INFO - 495
[2022-12-29T23:52:58.733+0530] {logging_mixin.py:137} INFO - 496
[2022-12-29T23:52:58.733+0530] {logging_mixin.py:137} INFO - 497
[2022-12-29T23:52:58.733+0530] {logging_mixin.py:137} INFO - 498
[2022-12-29T23:52:58.734+0530] {logging_mixin.py:137} INFO - 499
[2022-12-29T23:52:58.734+0530] {logging_mixin.py:137} INFO - 500
[2022-12-29T23:52:58.734+0530] {logging_mixin.py:137} INFO - 501
[2022-12-29T23:52:58.735+0530] {logging_mixin.py:137} INFO - 502
[2022-12-29T23:52:58.735+0530] {logging_mixin.py:137} INFO - 503
[2022-12-29T23:52:58.736+0530] {logging_mixin.py:137} INFO - 504
[2022-12-29T23:52:58.736+0530] {logging_mixin.py:137} INFO - 505
[2022-12-29T23:52:58.736+0530] {logging_mixin.py:137} INFO - 506
[2022-12-29T23:52:58.737+0530] {logging_mixin.py:137} INFO - 507
[2022-12-29T23:52:58.737+0530] {logging_mixin.py:137} INFO - 508
[2022-12-29T23:52:58.737+0530] {logging_mixin.py:137} INFO - 509
[2022-12-29T23:52:58.737+0530] {logging_mixin.py:137} INFO - 510
[2022-12-29T23:52:58.738+0530] {logging_mixin.py:137} INFO - 511
[2022-12-29T23:52:58.738+0530] {logging_mixin.py:137} INFO - 512
[2022-12-29T23:52:58.739+0530] {logging_mixin.py:137} INFO - 513
[2022-12-29T23:52:58.739+0530] {logging_mixin.py:137} INFO - 514
[2022-12-29T23:52:58.742+0530] {logging_mixin.py:137} INFO - 515
[2022-12-29T23:52:58.743+0530] {logging_mixin.py:137} INFO - 516
[2022-12-29T23:52:58.743+0530] {logging_mixin.py:137} INFO - 517
[2022-12-29T23:52:58.744+0530] {logging_mixin.py:137} INFO - 518
[2022-12-29T23:52:58.749+0530] {logging_mixin.py:137} INFO - 519
[2022-12-29T23:52:58.750+0530] {logging_mixin.py:137} INFO - 520
[2022-12-29T23:52:58.750+0530] {logging_mixin.py:137} INFO - 521
[2022-12-29T23:52:58.751+0530] {logging_mixin.py:137} INFO - 522
[2022-12-29T23:52:58.751+0530] {logging_mixin.py:137} INFO - 523
[2022-12-29T23:52:58.752+0530] {logging_mixin.py:137} INFO - 524
[2022-12-29T23:52:58.752+0530] {logging_mixin.py:137} INFO - 525
[2022-12-29T23:52:58.753+0530] {logging_mixin.py:137} INFO - 526
[2022-12-29T23:52:58.754+0530] {logging_mixin.py:137} INFO - 527
[2022-12-29T23:52:58.754+0530] {logging_mixin.py:137} INFO - 528
[2022-12-29T23:52:58.755+0530] {logging_mixin.py:137} INFO - 529
[2022-12-29T23:52:58.755+0530] {logging_mixin.py:137} INFO - 530
[2022-12-29T23:52:58.756+0530] {logging_mixin.py:137} INFO - 531
[2022-12-29T23:52:58.756+0530] {logging_mixin.py:137} INFO - 532
[2022-12-29T23:52:58.757+0530] {logging_mixin.py:137} INFO - 533
[2022-12-29T23:52:58.757+0530] {logging_mixin.py:137} INFO - 534
[2022-12-29T23:52:58.758+0530] {logging_mixin.py:137} INFO - 535
[2022-12-29T23:52:58.759+0530] {logging_mixin.py:137} INFO - 536
[2022-12-29T23:52:58.759+0530] {logging_mixin.py:137} INFO - 537
[2022-12-29T23:52:58.760+0530] {logging_mixin.py:137} INFO - 538
[2022-12-29T23:52:58.761+0530] {logging_mixin.py:137} INFO - 539
[2022-12-29T23:52:58.762+0530] {logging_mixin.py:137} INFO - 540
[2022-12-29T23:52:58.762+0530] {logging_mixin.py:137} INFO - 541
[2022-12-29T23:52:58.763+0530] {logging_mixin.py:137} INFO - 542
[2022-12-29T23:52:58.763+0530] {logging_mixin.py:137} INFO - 543
[2022-12-29T23:52:58.763+0530] {logging_mixin.py:137} INFO - 544
[2022-12-29T23:52:58.764+0530] {logging_mixin.py:137} INFO - 545
[2022-12-29T23:52:58.764+0530] {logging_mixin.py:137} INFO - 546
[2022-12-29T23:52:58.764+0530] {logging_mixin.py:137} INFO - 547
[2022-12-29T23:52:58.764+0530] {logging_mixin.py:137} INFO - 548
[2022-12-29T23:52:58.765+0530] {logging_mixin.py:137} INFO - 549
[2022-12-29T23:52:58.765+0530] {logging_mixin.py:137} INFO - 550
[2022-12-29T23:52:58.765+0530] {logging_mixin.py:137} INFO - 551
[2022-12-29T23:52:58.765+0530] {logging_mixin.py:137} INFO - 552
[2022-12-29T23:52:58.766+0530] {logging_mixin.py:137} INFO - 553
[2022-12-29T23:52:58.766+0530] {logging_mixin.py:137} INFO - 554
[2022-12-29T23:52:58.767+0530] {logging_mixin.py:137} INFO - 555
[2022-12-29T23:52:58.767+0530] {logging_mixin.py:137} INFO - 556
[2022-12-29T23:52:58.768+0530] {logging_mixin.py:137} INFO - 557
[2022-12-29T23:52:58.768+0530] {logging_mixin.py:137} INFO - 558
[2022-12-29T23:52:58.768+0530] {logging_mixin.py:137} INFO - 559
[2022-12-29T23:52:58.769+0530] {logging_mixin.py:137} INFO - 560
[2022-12-29T23:52:58.769+0530] {logging_mixin.py:137} INFO - 561
[2022-12-29T23:52:58.770+0530] {logging_mixin.py:137} INFO - 562
[2022-12-29T23:52:58.771+0530] {logging_mixin.py:137} INFO - 563
[2022-12-29T23:52:58.771+0530] {logging_mixin.py:137} INFO - 564
[2022-12-29T23:52:58.771+0530] {logging_mixin.py:137} INFO - 565
[2022-12-29T23:52:58.772+0530] {logging_mixin.py:137} INFO - 566
[2022-12-29T23:52:58.773+0530] {logging_mixin.py:137} INFO - 567
[2022-12-29T23:52:58.774+0530] {logging_mixin.py:137} INFO - 568
[2022-12-29T23:52:58.774+0530] {logging_mixin.py:137} INFO - 569
[2022-12-29T23:52:58.775+0530] {logging_mixin.py:137} INFO - 570
[2022-12-29T23:52:58.775+0530] {logging_mixin.py:137} INFO - 571
[2022-12-29T23:52:58.776+0530] {logging_mixin.py:137} INFO - 572
[2022-12-29T23:52:58.776+0530] {logging_mixin.py:137} INFO - 573
[2022-12-29T23:52:58.776+0530] {logging_mixin.py:137} INFO - 574
[2022-12-29T23:52:58.777+0530] {logging_mixin.py:137} INFO - 575
[2022-12-29T23:52:58.777+0530] {logging_mixin.py:137} INFO - 576
[2022-12-29T23:52:58.777+0530] {logging_mixin.py:137} INFO - 577
[2022-12-29T23:52:58.778+0530] {logging_mixin.py:137} INFO - 578
[2022-12-29T23:52:58.778+0530] {logging_mixin.py:137} INFO - 579
[2022-12-29T23:52:58.779+0530] {logging_mixin.py:137} INFO - 580
[2022-12-29T23:52:58.779+0530] {logging_mixin.py:137} INFO - 581
[2022-12-29T23:52:58.780+0530] {logging_mixin.py:137} INFO - 582
[2022-12-29T23:52:58.780+0530] {logging_mixin.py:137} INFO - 583
[2022-12-29T23:52:58.781+0530] {logging_mixin.py:137} INFO - 584
[2022-12-29T23:52:58.781+0530] {logging_mixin.py:137} INFO - 585
[2022-12-29T23:52:58.782+0530] {logging_mixin.py:137} INFO - 586
[2022-12-29T23:52:58.782+0530] {logging_mixin.py:137} INFO - 587
[2022-12-29T23:52:58.783+0530] {logging_mixin.py:137} INFO - 588
[2022-12-29T23:52:58.784+0530] {logging_mixin.py:137} INFO - 589
[2022-12-29T23:52:58.784+0530] {logging_mixin.py:137} INFO - 590
[2022-12-29T23:52:58.785+0530] {logging_mixin.py:137} INFO - 591
[2022-12-29T23:52:58.785+0530] {logging_mixin.py:137} INFO - 592
[2022-12-29T23:52:58.786+0530] {logging_mixin.py:137} INFO - 593
[2022-12-29T23:52:58.786+0530] {logging_mixin.py:137} INFO - 594
[2022-12-29T23:52:58.786+0530] {logging_mixin.py:137} INFO - 595
[2022-12-29T23:52:58.787+0530] {logging_mixin.py:137} INFO - 596
[2022-12-29T23:52:58.787+0530] {logging_mixin.py:137} INFO - 597
[2022-12-29T23:52:58.788+0530] {logging_mixin.py:137} INFO - 598
[2022-12-29T23:52:58.788+0530] {logging_mixin.py:137} INFO - 599
[2022-12-29T23:52:58.789+0530] {logging_mixin.py:137} INFO - 600
[2022-12-29T23:52:58.789+0530] {logging_mixin.py:137} INFO - 601
[2022-12-29T23:52:58.791+0530] {logging_mixin.py:137} INFO - 602
[2022-12-29T23:52:58.792+0530] {logging_mixin.py:137} INFO - 603
[2022-12-29T23:52:58.793+0530] {logging_mixin.py:137} INFO - 604
[2022-12-29T23:52:58.794+0530] {logging_mixin.py:137} INFO - 605
[2022-12-29T23:52:58.795+0530] {logging_mixin.py:137} INFO - 606
[2022-12-29T23:52:58.795+0530] {logging_mixin.py:137} INFO - 607
[2022-12-29T23:52:58.796+0530] {logging_mixin.py:137} INFO - 608
[2022-12-29T23:52:58.797+0530] {logging_mixin.py:137} INFO - 609
[2022-12-29T23:52:58.797+0530] {logging_mixin.py:137} INFO - 610
[2022-12-29T23:52:58.798+0530] {logging_mixin.py:137} INFO - 611
[2022-12-29T23:52:58.798+0530] {logging_mixin.py:137} INFO - 612
[2022-12-29T23:52:58.799+0530] {logging_mixin.py:137} INFO - 613
[2022-12-29T23:52:58.799+0530] {logging_mixin.py:137} INFO - 614
[2022-12-29T23:52:58.800+0530] {logging_mixin.py:137} INFO - 615
[2022-12-29T23:52:58.800+0530] {logging_mixin.py:137} INFO - 616
[2022-12-29T23:52:58.801+0530] {logging_mixin.py:137} INFO - 617
[2022-12-29T23:52:58.801+0530] {logging_mixin.py:137} INFO - 618
[2022-12-29T23:52:58.802+0530] {logging_mixin.py:137} INFO - 619
[2022-12-29T23:52:58.802+0530] {logging_mixin.py:137} INFO - 620
[2022-12-29T23:52:58.802+0530] {logging_mixin.py:137} INFO - 621
[2022-12-29T23:52:58.803+0530] {logging_mixin.py:137} INFO - 622
[2022-12-29T23:52:58.803+0530] {logging_mixin.py:137} INFO - 623
[2022-12-29T23:52:58.803+0530] {logging_mixin.py:137} INFO - 624
[2022-12-29T23:52:58.803+0530] {logging_mixin.py:137} INFO - 625
[2022-12-29T23:52:58.804+0530] {logging_mixin.py:137} INFO - 626
[2022-12-29T23:52:58.804+0530] {logging_mixin.py:137} INFO - 627
[2022-12-29T23:52:58.805+0530] {logging_mixin.py:137} INFO - 628
[2022-12-29T23:52:58.805+0530] {logging_mixin.py:137} INFO - 629
[2022-12-29T23:52:58.805+0530] {logging_mixin.py:137} INFO - 630
[2022-12-29T23:52:58.806+0530] {logging_mixin.py:137} INFO - 631
[2022-12-29T23:52:58.807+0530] {logging_mixin.py:137} INFO - 632
[2022-12-29T23:52:58.807+0530] {logging_mixin.py:137} INFO - 633
[2022-12-29T23:52:58.808+0530] {logging_mixin.py:137} INFO - 634
[2022-12-29T23:52:58.808+0530] {logging_mixin.py:137} INFO - 635
[2022-12-29T23:52:58.809+0530] {logging_mixin.py:137} INFO - 636
[2022-12-29T23:52:58.810+0530] {logging_mixin.py:137} INFO - 637
[2022-12-29T23:52:58.810+0530] {logging_mixin.py:137} INFO - 638
[2022-12-29T23:52:58.811+0530] {logging_mixin.py:137} INFO - 639
[2022-12-29T23:52:58.812+0530] {logging_mixin.py:137} INFO - 640
[2022-12-29T23:52:58.812+0530] {logging_mixin.py:137} INFO - 641
[2022-12-29T23:52:58.813+0530] {logging_mixin.py:137} INFO - 642
[2022-12-29T23:52:58.814+0530] {logging_mixin.py:137} INFO - 643
[2022-12-29T23:52:58.814+0530] {logging_mixin.py:137} INFO - 644
[2022-12-29T23:52:58.814+0530] {logging_mixin.py:137} INFO - 645
[2022-12-29T23:52:58.815+0530] {logging_mixin.py:137} INFO - 646
[2022-12-29T23:52:58.815+0530] {logging_mixin.py:137} INFO - 647
[2022-12-29T23:52:58.815+0530] {logging_mixin.py:137} INFO - 648
[2022-12-29T23:52:58.816+0530] {logging_mixin.py:137} INFO - 649
[2022-12-29T23:52:58.816+0530] {logging_mixin.py:137} INFO - 650
[2022-12-29T23:52:58.817+0530] {logging_mixin.py:137} INFO - 651
[2022-12-29T23:52:58.818+0530] {logging_mixin.py:137} INFO - 652
[2022-12-29T23:52:58.819+0530] {logging_mixin.py:137} INFO - 653
[2022-12-29T23:52:58.819+0530] {logging_mixin.py:137} INFO - 654
[2022-12-29T23:52:58.820+0530] {logging_mixin.py:137} INFO - 655
[2022-12-29T23:52:58.822+0530] {logging_mixin.py:137} INFO - 656
[2022-12-29T23:52:58.825+0530] {logging_mixin.py:137} INFO - 657
[2022-12-29T23:52:58.826+0530] {logging_mixin.py:137} INFO - 658
[2022-12-29T23:52:58.826+0530] {logging_mixin.py:137} INFO - 659
[2022-12-29T23:52:58.827+0530] {logging_mixin.py:137} INFO - 660
[2022-12-29T23:52:58.828+0530] {logging_mixin.py:137} INFO - 661
[2022-12-29T23:52:58.828+0530] {logging_mixin.py:137} INFO - 662
[2022-12-29T23:52:58.829+0530] {logging_mixin.py:137} INFO - 663
[2022-12-29T23:52:58.830+0530] {logging_mixin.py:137} INFO - 664
[2022-12-29T23:52:58.830+0530] {logging_mixin.py:137} INFO - 665
[2022-12-29T23:52:58.831+0530] {logging_mixin.py:137} INFO - 666
[2022-12-29T23:52:58.831+0530] {logging_mixin.py:137} INFO - 667
[2022-12-29T23:52:58.832+0530] {logging_mixin.py:137} INFO - 668
[2022-12-29T23:52:58.832+0530] {logging_mixin.py:137} INFO - 669
[2022-12-29T23:52:58.832+0530] {logging_mixin.py:137} INFO - 670
[2022-12-29T23:52:58.833+0530] {logging_mixin.py:137} INFO - 671
[2022-12-29T23:52:58.833+0530] {logging_mixin.py:137} INFO - 672
[2022-12-29T23:52:58.834+0530] {logging_mixin.py:137} INFO - 673
[2022-12-29T23:52:58.834+0530] {logging_mixin.py:137} INFO - 674
[2022-12-29T23:52:58.834+0530] {logging_mixin.py:137} INFO - 675
[2022-12-29T23:52:58.835+0530] {logging_mixin.py:137} INFO - 676
[2022-12-29T23:52:58.835+0530] {logging_mixin.py:137} INFO - 677
[2022-12-29T23:52:58.836+0530] {logging_mixin.py:137} INFO - 678
[2022-12-29T23:52:58.836+0530] {logging_mixin.py:137} INFO - 679
[2022-12-29T23:52:58.836+0530] {logging_mixin.py:137} INFO - 680
[2022-12-29T23:52:58.837+0530] {logging_mixin.py:137} INFO - 681
[2022-12-29T23:52:58.837+0530] {logging_mixin.py:137} INFO - 682
[2022-12-29T23:52:58.837+0530] {logging_mixin.py:137} INFO - 683
[2022-12-29T23:52:58.838+0530] {logging_mixin.py:137} INFO - 684
[2022-12-29T23:52:58.838+0530] {logging_mixin.py:137} INFO - 685
[2022-12-29T23:52:58.838+0530] {logging_mixin.py:137} INFO - 686
[2022-12-29T23:52:58.840+0530] {logging_mixin.py:137} INFO - 687
[2022-12-29T23:52:58.841+0530] {logging_mixin.py:137} INFO - 688
[2022-12-29T23:52:58.842+0530] {logging_mixin.py:137} INFO - 689
[2022-12-29T23:52:58.842+0530] {logging_mixin.py:137} INFO - 690
[2022-12-29T23:52:58.843+0530] {logging_mixin.py:137} INFO - 691
[2022-12-29T23:52:58.843+0530] {logging_mixin.py:137} INFO - 692
[2022-12-29T23:52:58.844+0530] {logging_mixin.py:137} INFO - 693
[2022-12-29T23:52:58.844+0530] {logging_mixin.py:137} INFO - 694
[2022-12-29T23:52:58.844+0530] {logging_mixin.py:137} INFO - 695
[2022-12-29T23:52:58.845+0530] {logging_mixin.py:137} INFO - 696
[2022-12-29T23:52:58.845+0530] {logging_mixin.py:137} INFO - 697
[2022-12-29T23:52:58.845+0530] {logging_mixin.py:137} INFO - 698
[2022-12-29T23:52:58.846+0530] {logging_mixin.py:137} INFO - 699
[2022-12-29T23:52:58.846+0530] {logging_mixin.py:137} INFO - 700
[2022-12-29T23:52:58.846+0530] {logging_mixin.py:137} INFO - 701
[2022-12-29T23:52:58.847+0530] {logging_mixin.py:137} INFO - 702
[2022-12-29T23:52:58.847+0530] {logging_mixin.py:137} INFO - 703
[2022-12-29T23:52:58.847+0530] {logging_mixin.py:137} INFO - 704
[2022-12-29T23:52:58.847+0530] {logging_mixin.py:137} INFO - 705
[2022-12-29T23:52:58.848+0530] {logging_mixin.py:137} INFO - 706
[2022-12-29T23:52:58.848+0530] {logging_mixin.py:137} INFO - 707
[2022-12-29T23:52:58.848+0530] {logging_mixin.py:137} INFO - 708
[2022-12-29T23:52:58.849+0530] {logging_mixin.py:137} INFO - 709
[2022-12-29T23:52:58.849+0530] {logging_mixin.py:137} INFO - 710
[2022-12-29T23:52:58.849+0530] {logging_mixin.py:137} INFO - 711
[2022-12-29T23:52:58.850+0530] {logging_mixin.py:137} INFO - 712
[2022-12-29T23:52:58.850+0530] {logging_mixin.py:137} INFO - 713
[2022-12-29T23:52:58.850+0530] {logging_mixin.py:137} INFO - 714
[2022-12-29T23:52:58.851+0530] {logging_mixin.py:137} INFO - 715
[2022-12-29T23:52:58.851+0530] {logging_mixin.py:137} INFO - 716
[2022-12-29T23:52:58.851+0530] {logging_mixin.py:137} INFO - 717
[2022-12-29T23:52:58.852+0530] {logging_mixin.py:137} INFO - 718
[2022-12-29T23:52:58.852+0530] {logging_mixin.py:137} INFO - 719
[2022-12-29T23:52:58.852+0530] {logging_mixin.py:137} INFO - 720
[2022-12-29T23:52:58.853+0530] {logging_mixin.py:137} INFO - 721
[2022-12-29T23:52:58.853+0530] {logging_mixin.py:137} INFO - 722
[2022-12-29T23:52:58.853+0530] {logging_mixin.py:137} INFO - 723
[2022-12-29T23:52:58.854+0530] {logging_mixin.py:137} INFO - 724
[2022-12-29T23:52:58.854+0530] {logging_mixin.py:137} INFO - 725
[2022-12-29T23:52:58.854+0530] {logging_mixin.py:137} INFO - 726
[2022-12-29T23:52:58.854+0530] {logging_mixin.py:137} INFO - 727
[2022-12-29T23:52:58.855+0530] {logging_mixin.py:137} INFO - 728
[2022-12-29T23:52:58.855+0530] {logging_mixin.py:137} INFO - 729
[2022-12-29T23:52:58.858+0530] {logging_mixin.py:137} INFO - 730
[2022-12-29T23:52:58.858+0530] {logging_mixin.py:137} INFO - 731
[2022-12-29T23:52:58.859+0530] {logging_mixin.py:137} INFO - 732
[2022-12-29T23:52:58.859+0530] {logging_mixin.py:137} INFO - 733
[2022-12-29T23:52:58.860+0530] {logging_mixin.py:137} INFO - 734
[2022-12-29T23:52:58.861+0530] {logging_mixin.py:137} INFO - 735
[2022-12-29T23:52:58.861+0530] {logging_mixin.py:137} INFO - 736
[2022-12-29T23:52:58.861+0530] {logging_mixin.py:137} INFO - 737
[2022-12-29T23:52:58.862+0530] {logging_mixin.py:137} INFO - 738
[2022-12-29T23:52:58.862+0530] {logging_mixin.py:137} INFO - 739
[2022-12-29T23:52:58.863+0530] {logging_mixin.py:137} INFO - 740
[2022-12-29T23:52:58.863+0530] {logging_mixin.py:137} INFO - 741
[2022-12-29T23:52:58.864+0530] {logging_mixin.py:137} INFO - 742
[2022-12-29T23:52:58.864+0530] {logging_mixin.py:137} INFO - 743
[2022-12-29T23:52:58.865+0530] {logging_mixin.py:137} INFO - 744
[2022-12-29T23:52:58.865+0530] {logging_mixin.py:137} INFO - 745
[2022-12-29T23:52:58.866+0530] {logging_mixin.py:137} INFO - 746
[2022-12-29T23:52:58.866+0530] {logging_mixin.py:137} INFO - 747
[2022-12-29T23:52:58.866+0530] {logging_mixin.py:137} INFO - 748
[2022-12-29T23:52:58.867+0530] {logging_mixin.py:137} INFO - 749
[2022-12-29T23:52:58.867+0530] {logging_mixin.py:137} INFO - 750
[2022-12-29T23:52:58.867+0530] {logging_mixin.py:137} INFO - 751
[2022-12-29T23:52:58.868+0530] {logging_mixin.py:137} INFO - 752
[2022-12-29T23:52:58.868+0530] {logging_mixin.py:137} INFO - 753
[2022-12-29T23:52:58.868+0530] {logging_mixin.py:137} INFO - 754
[2022-12-29T23:52:58.869+0530] {logging_mixin.py:137} INFO - 755
[2022-12-29T23:52:58.869+0530] {logging_mixin.py:137} INFO - 756
[2022-12-29T23:52:58.869+0530] {logging_mixin.py:137} INFO - 757
[2022-12-29T23:52:58.870+0530] {logging_mixin.py:137} INFO - 758
[2022-12-29T23:52:58.870+0530] {logging_mixin.py:137} INFO - 759
[2022-12-29T23:52:58.870+0530] {logging_mixin.py:137} INFO - 760
[2022-12-29T23:52:58.871+0530] {logging_mixin.py:137} INFO - 761
[2022-12-29T23:52:58.871+0530] {logging_mixin.py:137} INFO - 762
[2022-12-29T23:52:58.871+0530] {logging_mixin.py:137} INFO - 763
[2022-12-29T23:52:58.872+0530] {logging_mixin.py:137} INFO - 764
[2022-12-29T23:52:58.872+0530] {logging_mixin.py:137} INFO - 765
[2022-12-29T23:52:58.873+0530] {logging_mixin.py:137} INFO - 766
[2022-12-29T23:52:58.874+0530] {logging_mixin.py:137} INFO - 767
[2022-12-29T23:52:58.876+0530] {logging_mixin.py:137} INFO - 768
[2022-12-29T23:52:58.881+0530] {logging_mixin.py:137} INFO - 769
[2022-12-29T23:52:58.881+0530] {logging_mixin.py:137} INFO - 770
[2022-12-29T23:52:58.881+0530] {logging_mixin.py:137} INFO - 771
[2022-12-29T23:52:58.882+0530] {logging_mixin.py:137} INFO - 772
[2022-12-29T23:52:58.882+0530] {logging_mixin.py:137} INFO - 773
[2022-12-29T23:52:58.883+0530] {logging_mixin.py:137} INFO - 774
[2022-12-29T23:52:58.883+0530] {logging_mixin.py:137} INFO - 775
[2022-12-29T23:52:58.883+0530] {logging_mixin.py:137} INFO - 776
[2022-12-29T23:52:58.884+0530] {logging_mixin.py:137} INFO - 777
[2022-12-29T23:52:58.884+0530] {logging_mixin.py:137} INFO - 778
[2022-12-29T23:52:58.884+0530] {logging_mixin.py:137} INFO - 779
[2022-12-29T23:52:58.885+0530] {logging_mixin.py:137} INFO - 780
[2022-12-29T23:52:58.885+0530] {logging_mixin.py:137} INFO - 781
[2022-12-29T23:52:58.885+0530] {logging_mixin.py:137} INFO - 782
[2022-12-29T23:52:58.886+0530] {logging_mixin.py:137} INFO - 783
[2022-12-29T23:52:58.886+0530] {logging_mixin.py:137} INFO - 784
[2022-12-29T23:52:58.886+0530] {logging_mixin.py:137} INFO - 785
[2022-12-29T23:52:58.887+0530] {logging_mixin.py:137} INFO - 786
[2022-12-29T23:52:58.887+0530] {logging_mixin.py:137} INFO - 787
[2022-12-29T23:52:58.887+0530] {logging_mixin.py:137} INFO - 788
[2022-12-29T23:52:58.888+0530] {logging_mixin.py:137} INFO - 789
[2022-12-29T23:52:58.888+0530] {logging_mixin.py:137} INFO - 790
[2022-12-29T23:52:58.888+0530] {logging_mixin.py:137} INFO - 791
[2022-12-29T23:52:58.889+0530] {logging_mixin.py:137} INFO - 792
[2022-12-29T23:52:58.889+0530] {logging_mixin.py:137} INFO - 793
[2022-12-29T23:52:58.890+0530] {logging_mixin.py:137} INFO - 794
[2022-12-29T23:52:58.891+0530] {logging_mixin.py:137} INFO - 795
[2022-12-29T23:52:58.892+0530] {logging_mixin.py:137} INFO - 796
[2022-12-29T23:52:58.892+0530] {logging_mixin.py:137} INFO - 797
[2022-12-29T23:52:58.892+0530] {logging_mixin.py:137} INFO - 798
[2022-12-29T23:52:58.893+0530] {logging_mixin.py:137} INFO - 799
[2022-12-29T23:52:58.893+0530] {logging_mixin.py:137} INFO - 800
[2022-12-29T23:52:58.893+0530] {logging_mixin.py:137} INFO - 801
[2022-12-29T23:52:58.894+0530] {logging_mixin.py:137} INFO - 802
[2022-12-29T23:52:58.894+0530] {logging_mixin.py:137} INFO - 803
[2022-12-29T23:52:58.894+0530] {logging_mixin.py:137} INFO - 804
[2022-12-29T23:52:58.895+0530] {logging_mixin.py:137} INFO - 805
[2022-12-29T23:52:58.895+0530] {logging_mixin.py:137} INFO - 806
[2022-12-29T23:52:58.895+0530] {logging_mixin.py:137} INFO - 807
[2022-12-29T23:52:58.896+0530] {logging_mixin.py:137} INFO - 808
[2022-12-29T23:52:58.896+0530] {logging_mixin.py:137} INFO - 809
[2022-12-29T23:52:58.896+0530] {logging_mixin.py:137} INFO - 810
[2022-12-29T23:52:58.897+0530] {logging_mixin.py:137} INFO - 811
[2022-12-29T23:52:58.897+0530] {logging_mixin.py:137} INFO - 812
[2022-12-29T23:52:58.897+0530] {logging_mixin.py:137} INFO - 813
[2022-12-29T23:52:58.898+0530] {logging_mixin.py:137} INFO - 814
[2022-12-29T23:52:58.898+0530] {logging_mixin.py:137} INFO - 815
[2022-12-29T23:52:58.898+0530] {logging_mixin.py:137} INFO - 816
[2022-12-29T23:52:58.899+0530] {logging_mixin.py:137} INFO - 817
[2022-12-29T23:52:58.899+0530] {logging_mixin.py:137} INFO - 818
[2022-12-29T23:52:58.900+0530] {logging_mixin.py:137} INFO - 819
[2022-12-29T23:52:58.900+0530] {logging_mixin.py:137} INFO - 820
[2022-12-29T23:52:58.900+0530] {logging_mixin.py:137} INFO - 821
[2022-12-29T23:52:58.900+0530] {logging_mixin.py:137} INFO - 822
[2022-12-29T23:52:58.901+0530] {logging_mixin.py:137} INFO - 823
[2022-12-29T23:52:58.901+0530] {logging_mixin.py:137} INFO - 824
[2022-12-29T23:52:58.901+0530] {logging_mixin.py:137} INFO - 825
[2022-12-29T23:52:58.902+0530] {logging_mixin.py:137} INFO - 826
[2022-12-29T23:52:58.902+0530] {logging_mixin.py:137} INFO - 827
[2022-12-29T23:52:58.902+0530] {logging_mixin.py:137} INFO - 828
[2022-12-29T23:52:58.903+0530] {logging_mixin.py:137} INFO - 829
[2022-12-29T23:52:58.903+0530] {logging_mixin.py:137} INFO - 830
[2022-12-29T23:52:58.904+0530] {logging_mixin.py:137} INFO - 831
[2022-12-29T23:52:58.904+0530] {logging_mixin.py:137} INFO - 832
[2022-12-29T23:52:58.904+0530] {logging_mixin.py:137} INFO - 833
[2022-12-29T23:52:58.905+0530] {logging_mixin.py:137} INFO - 834
[2022-12-29T23:52:58.905+0530] {logging_mixin.py:137} INFO - 835
[2022-12-29T23:52:58.906+0530] {logging_mixin.py:137} INFO - 836
[2022-12-29T23:52:58.907+0530] {logging_mixin.py:137} INFO - 837
[2022-12-29T23:52:58.907+0530] {logging_mixin.py:137} INFO - 838
[2022-12-29T23:52:58.908+0530] {logging_mixin.py:137} INFO - 839
[2022-12-29T23:52:58.908+0530] {logging_mixin.py:137} INFO - 840
[2022-12-29T23:52:58.909+0530] {logging_mixin.py:137} INFO - 841
[2022-12-29T23:52:58.909+0530] {logging_mixin.py:137} INFO - 842
[2022-12-29T23:52:58.909+0530] {logging_mixin.py:137} INFO - 843
[2022-12-29T23:52:58.910+0530] {logging_mixin.py:137} INFO - 844
[2022-12-29T23:52:58.910+0530] {logging_mixin.py:137} INFO - 845
[2022-12-29T23:52:58.910+0530] {logging_mixin.py:137} INFO - 846
[2022-12-29T23:52:58.911+0530] {logging_mixin.py:137} INFO - 847
[2022-12-29T23:52:58.911+0530] {logging_mixin.py:137} INFO - 848
[2022-12-29T23:52:58.911+0530] {logging_mixin.py:137} INFO - 849
[2022-12-29T23:52:58.912+0530] {logging_mixin.py:137} INFO - 850
[2022-12-29T23:52:58.912+0530] {logging_mixin.py:137} INFO - 851
[2022-12-29T23:52:58.912+0530] {logging_mixin.py:137} INFO - 852
[2022-12-29T23:52:58.913+0530] {logging_mixin.py:137} INFO - 853
[2022-12-29T23:52:58.913+0530] {logging_mixin.py:137} INFO - 854
[2022-12-29T23:52:58.913+0530] {logging_mixin.py:137} INFO - 855
[2022-12-29T23:52:58.914+0530] {logging_mixin.py:137} INFO - 856
[2022-12-29T23:52:58.914+0530] {logging_mixin.py:137} INFO - 857
[2022-12-29T23:52:58.914+0530] {logging_mixin.py:137} INFO - 858
[2022-12-29T23:52:58.915+0530] {logging_mixin.py:137} INFO - 859
[2022-12-29T23:52:58.915+0530] {logging_mixin.py:137} INFO - 860
[2022-12-29T23:52:58.915+0530] {logging_mixin.py:137} INFO - 861
[2022-12-29T23:52:58.916+0530] {logging_mixin.py:137} INFO - 862
[2022-12-29T23:52:58.916+0530] {logging_mixin.py:137} INFO - 863
[2022-12-29T23:52:58.916+0530] {logging_mixin.py:137} INFO - 864
[2022-12-29T23:52:58.917+0530] {logging_mixin.py:137} INFO - 865
[2022-12-29T23:52:58.917+0530] {logging_mixin.py:137} INFO - 866
[2022-12-29T23:52:58.917+0530] {logging_mixin.py:137} INFO - 867
[2022-12-29T23:52:58.918+0530] {logging_mixin.py:137} INFO - 868
[2022-12-29T23:52:58.918+0530] {logging_mixin.py:137} INFO - 869
[2022-12-29T23:52:58.918+0530] {logging_mixin.py:137} INFO - 870
[2022-12-29T23:52:58.919+0530] {logging_mixin.py:137} INFO - 871
[2022-12-29T23:52:58.919+0530] {logging_mixin.py:137} INFO - 872
[2022-12-29T23:52:58.919+0530] {logging_mixin.py:137} INFO - 873
[2022-12-29T23:52:58.920+0530] {logging_mixin.py:137} INFO - 874
[2022-12-29T23:52:58.920+0530] {logging_mixin.py:137} INFO - 875
[2022-12-29T23:52:58.920+0530] {logging_mixin.py:137} INFO - 876
[2022-12-29T23:52:58.921+0530] {logging_mixin.py:137} INFO - 877
[2022-12-29T23:52:58.921+0530] {logging_mixin.py:137} INFO - 878
[2022-12-29T23:52:58.922+0530] {logging_mixin.py:137} INFO - 879
[2022-12-29T23:52:58.923+0530] {logging_mixin.py:137} INFO - 880
[2022-12-29T23:52:58.924+0530] {logging_mixin.py:137} INFO - 881
[2022-12-29T23:52:58.925+0530] {logging_mixin.py:137} INFO - 882
[2022-12-29T23:52:58.925+0530] {logging_mixin.py:137} INFO - 883
[2022-12-29T23:52:58.926+0530] {logging_mixin.py:137} INFO - 884
[2022-12-29T23:52:58.926+0530] {logging_mixin.py:137} INFO - 885
[2022-12-29T23:52:58.927+0530] {logging_mixin.py:137} INFO - 886
[2022-12-29T23:52:58.927+0530] {logging_mixin.py:137} INFO - 887
[2022-12-29T23:52:58.928+0530] {logging_mixin.py:137} INFO - 888
[2022-12-29T23:52:58.928+0530] {logging_mixin.py:137} INFO - 889
[2022-12-29T23:52:58.928+0530] {logging_mixin.py:137} INFO - 890
[2022-12-29T23:52:58.929+0530] {logging_mixin.py:137} INFO - 891
[2022-12-29T23:52:58.929+0530] {logging_mixin.py:137} INFO - 892
[2022-12-29T23:52:58.930+0530] {logging_mixin.py:137} INFO - 893
[2022-12-29T23:52:58.930+0530] {logging_mixin.py:137} INFO - 894
[2022-12-29T23:52:58.931+0530] {logging_mixin.py:137} INFO - 895
[2022-12-29T23:52:58.931+0530] {logging_mixin.py:137} INFO - 896
[2022-12-29T23:52:58.931+0530] {logging_mixin.py:137} INFO - 897
[2022-12-29T23:52:58.932+0530] {logging_mixin.py:137} INFO - 898
[2022-12-29T23:52:58.932+0530] {logging_mixin.py:137} INFO - 899
[2022-12-29T23:52:58.933+0530] {logging_mixin.py:137} INFO - 900
[2022-12-29T23:52:58.933+0530] {logging_mixin.py:137} INFO - 901
[2022-12-29T23:52:58.933+0530] {logging_mixin.py:137} INFO - 902
[2022-12-29T23:52:58.934+0530] {logging_mixin.py:137} INFO - 903
[2022-12-29T23:52:58.934+0530] {logging_mixin.py:137} INFO - 904
[2022-12-29T23:52:58.934+0530] {logging_mixin.py:137} INFO - 905
[2022-12-29T23:52:58.935+0530] {logging_mixin.py:137} INFO - 906
[2022-12-29T23:52:58.935+0530] {logging_mixin.py:137} INFO - 907
[2022-12-29T23:52:58.935+0530] {logging_mixin.py:137} INFO - 908
[2022-12-29T23:52:58.936+0530] {logging_mixin.py:137} INFO - 909
[2022-12-29T23:52:58.936+0530] {logging_mixin.py:137} INFO - 910
[2022-12-29T23:52:58.936+0530] {logging_mixin.py:137} INFO - 911
[2022-12-29T23:52:58.937+0530] {logging_mixin.py:137} INFO - 912
[2022-12-29T23:52:58.937+0530] {logging_mixin.py:137} INFO - 913
[2022-12-29T23:52:58.938+0530] {logging_mixin.py:137} INFO - 914
[2022-12-29T23:52:58.938+0530] {logging_mixin.py:137} INFO - 915
[2022-12-29T23:52:58.938+0530] {logging_mixin.py:137} INFO - 916
[2022-12-29T23:52:58.939+0530] {logging_mixin.py:137} INFO - 917
[2022-12-29T23:52:58.940+0530] {logging_mixin.py:137} INFO - 918
[2022-12-29T23:52:58.941+0530] {logging_mixin.py:137} INFO - 919
[2022-12-29T23:52:58.941+0530] {logging_mixin.py:137} INFO - 920
[2022-12-29T23:52:58.942+0530] {logging_mixin.py:137} INFO - 921
[2022-12-29T23:52:58.942+0530] {logging_mixin.py:137} INFO - 922
[2022-12-29T23:52:58.943+0530] {logging_mixin.py:137} INFO - 923
[2022-12-29T23:52:58.943+0530] {logging_mixin.py:137} INFO - 924
[2022-12-29T23:52:58.943+0530] {logging_mixin.py:137} INFO - 925
[2022-12-29T23:52:58.944+0530] {logging_mixin.py:137} INFO - 926
[2022-12-29T23:52:58.944+0530] {logging_mixin.py:137} INFO - 927
[2022-12-29T23:52:58.944+0530] {logging_mixin.py:137} INFO - 928
[2022-12-29T23:52:58.945+0530] {logging_mixin.py:137} INFO - 929
[2022-12-29T23:52:58.945+0530] {logging_mixin.py:137} INFO - 930
[2022-12-29T23:52:58.945+0530] {logging_mixin.py:137} INFO - 931
[2022-12-29T23:52:58.946+0530] {logging_mixin.py:137} INFO - 932
[2022-12-29T23:52:58.946+0530] {logging_mixin.py:137} INFO - 933
[2022-12-29T23:52:58.946+0530] {logging_mixin.py:137} INFO - 934
[2022-12-29T23:52:58.947+0530] {logging_mixin.py:137} INFO - 935
[2022-12-29T23:52:58.947+0530] {logging_mixin.py:137} INFO - 936
[2022-12-29T23:52:58.947+0530] {logging_mixin.py:137} INFO - 937
[2022-12-29T23:52:58.988+0530] {python.py:177} INFO - Done. Returned value was: None
[2022-12-29T23:52:58.994+0530] {taskinstance.py:1322} INFO - Marking task as SUCCESS. dag_id=Money__Market, task_id=load_data, execution_date=20221228T140000, start_date=20221229T182258, end_date=20221229T182258
[2022-12-29T23:52:59.025+0530] {local_task_job.py:159} INFO - Task exited with return code 0
[2022-12-29T23:52:59.048+0530] {taskinstance.py:2582} INFO - 1 downstream tasks scheduled from follow-on schedule check
