[2023-03-17T04:59:48.013+0530] {taskinstance.py:1087} INFO - Dependencies all met for <TaskInstance: FX__Turnover.extract scheduled__2023-03-02T00:00:00+00:00 [queued]>
[2023-03-17T04:59:48.039+0530] {taskinstance.py:1087} INFO - Dependencies all met for <TaskInstance: FX__Turnover.extract scheduled__2023-03-02T00:00:00+00:00 [queued]>
[2023-03-17T04:59:48.039+0530] {taskinstance.py:1283} INFO - 
--------------------------------------------------------------------------------
[2023-03-17T04:59:48.039+0530] {taskinstance.py:1284} INFO - Starting attempt 1 of 4
[2023-03-17T04:59:48.039+0530] {taskinstance.py:1285} INFO - 
--------------------------------------------------------------------------------
[2023-03-17T04:59:48.065+0530] {taskinstance.py:1304} INFO - Executing <Task(PythonOperator): extract> on 2023-03-02 00:00:00+00:00
[2023-03-17T04:59:48.078+0530] {standard_task_runner.py:55} INFO - Started process 5325 to run task
[2023-03-17T04:59:48.083+0530] {standard_task_runner.py:82} INFO - Running: ['airflow', 'tasks', 'run', 'FX__Turnover', 'extract', 'scheduled__2023-03-02T00:00:00+00:00', '--job-id', '4889', '--raw', '--subdir', 'DAGS_FOLDER/FX_turnover.py', '--cfg-path', '/tmp/tmp7ai6p3ms']
[2023-03-17T04:59:48.085+0530] {standard_task_runner.py:83} INFO - Job 4889: Subtask extract
[2023-03-17T04:59:48.193+0530] {task_command.py:389} INFO - Running <TaskInstance: FX__Turnover.extract scheduled__2023-03-02T00:00:00+00:00 [running]> on host DESKTOP-SQIOQPD.
[2023-03-17T04:59:48.541+0530] {taskinstance.py:1511} INFO - Exporting the following env vars:
AIRFLOW_CTX_DAG_EMAIL=nikheleshbhattacharyya@gmail.com
AIRFLOW_CTX_DAG_OWNER=airflow
AIRFLOW_CTX_DAG_ID=FX__Turnover
AIRFLOW_CTX_TASK_ID=extract
AIRFLOW_CTX_EXECUTION_DATE=2023-03-02T00:00:00+00:00
AIRFLOW_CTX_TRY_NUMBER=1
AIRFLOW_CTX_DAG_RUN_ID=scheduled__2023-03-02T00:00:00+00:00
[2023-03-17T05:01:22.438+0530] {taskinstance.py:1772} ERROR - Task failed with exception
Traceback (most recent call last):
  File "/usr/local/lib/python3.8/dist-packages/airflow/operators/python.py", line 175, in execute
    return_value = self.execute_callable()
  File "/usr/local/lib/python3.8/dist-packages/airflow/operators/python.py", line 192, in execute_callable
    return self.python_callable(*self.op_args, **self.op_kwargs)
  File "/root/airflow/dags/FX_turnover.py", line 137, in extract_fxturn
    driver = webdriver.Chrome('/usr/local/bin/chromedriver',options=chrome_options)
  File "/usr/local/lib/python3.8/dist-packages/selenium/webdriver/chrome/webdriver.py", line 80, in __init__
    super().__init__(
  File "/usr/local/lib/python3.8/dist-packages/selenium/webdriver/chromium/webdriver.py", line 104, in __init__
    super().__init__(
  File "/usr/local/lib/python3.8/dist-packages/selenium/webdriver/remote/webdriver.py", line 286, in __init__
    self.start_session(capabilities, browser_profile)
  File "/usr/local/lib/python3.8/dist-packages/selenium/webdriver/remote/webdriver.py", line 378, in start_session
    response = self.execute(Command.NEW_SESSION, parameters)
  File "/usr/local/lib/python3.8/dist-packages/selenium/webdriver/remote/webdriver.py", line 440, in execute
    self.error_handler.check_response(response)
  File "/usr/local/lib/python3.8/dist-packages/selenium/webdriver/remote/errorhandler.py", line 245, in check_response
    raise exception_class(message, screen, stacktrace)
selenium.common.exceptions.WebDriverException: Message: chrome not reachable
Stacktrace:
#0 0x561358f182a3 <unknown>
#1 0x561358cd6dfd <unknown>
#2 0x561358cc514b <unknown>
#3 0x561358d03843 <unknown>
#4 0x561358cfecae <unknown>
#5 0x561358cfb7d0 <unknown>
#6 0x561358d3c0b7 <unknown>
#7 0x561358d3ba5f <unknown>
#8 0x561358d33903 <unknown>
#9 0x561358d06ece <unknown>
#10 0x561358d07fde <unknown>
#11 0x561358f6863e <unknown>
#12 0x561358f6bb79 <unknown>
#13 0x561358f4e89e <unknown>
#14 0x561358f6ca83 <unknown>
#15 0x561358f41505 <unknown>
#16 0x561358f8dca8 <unknown>
#17 0x561358f8de36 <unknown>
#18 0x561358fa9333 <unknown>
#19 0x7f6de74fc609 start_thread

[2023-03-17T05:01:22.563+0530] {taskinstance.py:1322} INFO - Marking task as UP_FOR_RETRY. dag_id=FX__Turnover, task_id=extract, execution_date=20230302T000000, start_date=20230316T232948, end_date=20230316T233122
[2023-03-17T05:01:22.885+0530] {standard_task_runner.py:100} ERROR - Failed to execute job 4889 for task extract (Message: chrome not reachable
Stacktrace:
#0 0x561358f182a3 <unknown>
#1 0x561358cd6dfd <unknown>
#2 0x561358cc514b <unknown>
#3 0x561358d03843 <unknown>
#4 0x561358cfecae <unknown>
#5 0x561358cfb7d0 <unknown>
#6 0x561358d3c0b7 <unknown>
#7 0x561358d3ba5f <unknown>
#8 0x561358d33903 <unknown>
#9 0x561358d06ece <unknown>
#10 0x561358d07fde <unknown>
#11 0x561358f6863e <unknown>
#12 0x561358f6bb79 <unknown>
#13 0x561358f4e89e <unknown>
#14 0x561358f6ca83 <unknown>
#15 0x561358f41505 <unknown>
#16 0x561358f8dca8 <unknown>
#17 0x561358f8de36 <unknown>
#18 0x561358fa9333 <unknown>
#19 0x7f6de74fc609 start_thread
; 5325)
[2023-03-17T05:01:22.992+0530] {local_task_job.py:159} INFO - Task exited with return code 1
[2023-03-17T05:01:23.322+0530] {taskinstance.py:2582} INFO - 0 downstream tasks scheduled from follow-on schedule check
