[2023-02-13T20:30:56.735+0530] {taskinstance.py:1087} INFO - Dependencies all met for <TaskInstance: FX__Turnover.extract scheduled__2023-02-03T00:00:00+00:00 [queued]>
[2023-02-13T20:30:56.750+0530] {taskinstance.py:1087} INFO - Dependencies all met for <TaskInstance: FX__Turnover.extract scheduled__2023-02-03T00:00:00+00:00 [queued]>
[2023-02-13T20:30:56.750+0530] {taskinstance.py:1283} INFO - 
--------------------------------------------------------------------------------
[2023-02-13T20:30:56.750+0530] {taskinstance.py:1284} INFO - Starting attempt 1 of 4
[2023-02-13T20:30:56.750+0530] {taskinstance.py:1285} INFO - 
--------------------------------------------------------------------------------
[2023-02-13T20:30:56.775+0530] {taskinstance.py:1304} INFO - Executing <Task(PythonOperator): extract> on 2023-02-03 00:00:00+00:00
[2023-02-13T20:30:56.785+0530] {standard_task_runner.py:55} INFO - Started process 367 to run task
[2023-02-13T20:30:56.790+0530] {standard_task_runner.py:82} INFO - Running: ['airflow', 'tasks', 'run', 'FX__Turnover', 'extract', 'scheduled__2023-02-03T00:00:00+00:00', '--job-id', '3979', '--raw', '--subdir', 'DAGS_FOLDER/FX_turnover.py', '--cfg-path', '/tmp/tmp8q3ynt1m']
[2023-02-13T20:30:56.792+0530] {standard_task_runner.py:83} INFO - Job 3979: Subtask extract
[2023-02-13T20:30:56.856+0530] {task_command.py:389} INFO - Running <TaskInstance: FX__Turnover.extract scheduled__2023-02-03T00:00:00+00:00 [running]> on host DESKTOP-SQIOQPD.
[2023-02-13T20:30:56.975+0530] {taskinstance.py:1511} INFO - Exporting the following env vars:
AIRFLOW_CTX_DAG_EMAIL=nikheleshbhattacharyya@gmail.com
AIRFLOW_CTX_DAG_OWNER=airflow
AIRFLOW_CTX_DAG_ID=FX__Turnover
AIRFLOW_CTX_TASK_ID=extract
AIRFLOW_CTX_EXECUTION_DATE=2023-02-03T00:00:00+00:00
AIRFLOW_CTX_TRY_NUMBER=1
AIRFLOW_CTX_DAG_RUN_ID=scheduled__2023-02-03T00:00:00+00:00
[2023-02-13T20:31:03.554+0530] {taskinstance.py:1772} ERROR - Task failed with exception
Traceback (most recent call last):
  File "/usr/local/lib/python3.8/dist-packages/airflow/operators/python.py", line 175, in execute
    return_value = self.execute_callable()
  File "/usr/local/lib/python3.8/dist-packages/airflow/operators/python.py", line 192, in execute_callable
    return self.python_callable(*self.op_args, **self.op_kwargs)
  File "/root/airflow/dags/FX_turnover.py", line 139, in extract_fxturn
    driver.get(url)
  File "/usr/local/lib/python3.8/dist-packages/selenium/webdriver/remote/webdriver.py", line 449, in get
    self.execute(Command.GET, {"url": url})
  File "/usr/local/lib/python3.8/dist-packages/selenium/webdriver/remote/webdriver.py", line 440, in execute
    self.error_handler.check_response(response)
  File "/usr/local/lib/python3.8/dist-packages/selenium/webdriver/remote/errorhandler.py", line 245, in check_response
    raise exception_class(message, screen, stacktrace)
selenium.common.exceptions.WebDriverException: Message: unknown error: net::ERR_CONNECTION_RESET
  (Session info: headless chrome=109.0.5414.119)
Stacktrace:
#0 0x56120a2ec2a3 <unknown>
#1 0x56120a0aaf77 <unknown>
#2 0x56120a0a2e35 <unknown>
#3 0x56120a095f27 <unknown>
#4 0x56120a0972d9 <unknown>
#5 0x56120a09629e <unknown>
#6 0x56120a0953d2 <unknown>
#7 0x56120a095225 <unknown>
#8 0x56120a093dc6 <unknown>
#9 0x56120a094244 <unknown>
#10 0x56120a0ace88 <unknown>
#11 0x56120a11fb05 <unknown>
#12 0x56120a107b32 <unknown>
#13 0x56120a11f47c <unknown>
#14 0x56120a107903 <unknown>
#15 0x56120a0daece <unknown>
#16 0x56120a0dbfde <unknown>
#17 0x56120a33c63e <unknown>
#18 0x56120a33fb79 <unknown>
#19 0x56120a32289e <unknown>
#20 0x56120a340a83 <unknown>
#21 0x56120a315505 <unknown>
#22 0x56120a361ca8 <unknown>
#23 0x56120a361e36 <unknown>
#24 0x56120a37d333 <unknown>
#25 0x7fd2a7fd3609 start_thread

[2023-02-13T20:31:03.574+0530] {taskinstance.py:1322} INFO - Marking task as UP_FOR_RETRY. dag_id=FX__Turnover, task_id=extract, execution_date=20230203T000000, start_date=20230213T150056, end_date=20230213T150103
[2023-02-13T20:31:03.597+0530] {standard_task_runner.py:100} ERROR - Failed to execute job 3979 for task extract (Message: unknown error: net::ERR_CONNECTION_RESET
  (Session info: headless chrome=109.0.5414.119)
Stacktrace:
#0 0x56120a2ec2a3 <unknown>
#1 0x56120a0aaf77 <unknown>
#2 0x56120a0a2e35 <unknown>
#3 0x56120a095f27 <unknown>
#4 0x56120a0972d9 <unknown>
#5 0x56120a09629e <unknown>
#6 0x56120a0953d2 <unknown>
#7 0x56120a095225 <unknown>
#8 0x56120a093dc6 <unknown>
#9 0x56120a094244 <unknown>
#10 0x56120a0ace88 <unknown>
#11 0x56120a11fb05 <unknown>
#12 0x56120a107b32 <unknown>
#13 0x56120a11f47c <unknown>
#14 0x56120a107903 <unknown>
#15 0x56120a0daece <unknown>
#16 0x56120a0dbfde <unknown>
#17 0x56120a33c63e <unknown>
#18 0x56120a33fb79 <unknown>
#19 0x56120a32289e <unknown>
#20 0x56120a340a83 <unknown>
#21 0x56120a315505 <unknown>
#22 0x56120a361ca8 <unknown>
#23 0x56120a361e36 <unknown>
#24 0x56120a37d333 <unknown>
#25 0x7fd2a7fd3609 start_thread
; 367)
[2023-02-13T20:31:03.638+0530] {local_task_job.py:159} INFO - Task exited with return code 1
[2023-02-13T20:31:03.658+0530] {taskinstance.py:2582} INFO - 0 downstream tasks scheduled from follow-on schedule check
