[2023-02-01T22:51:41.113+0530] {taskinstance.py:1087} INFO - Dependencies all met for <TaskInstance: FX__Turnover.load scheduled__2023-01-17T00:00:00+00:00 [queued]>
[2023-02-01T22:51:41.121+0530] {taskinstance.py:1087} INFO - Dependencies all met for <TaskInstance: FX__Turnover.load scheduled__2023-01-17T00:00:00+00:00 [queued]>
[2023-02-01T22:51:41.122+0530] {taskinstance.py:1283} INFO - 
--------------------------------------------------------------------------------
[2023-02-01T22:51:41.122+0530] {taskinstance.py:1284} INFO - Starting attempt 1 of 4
[2023-02-01T22:51:41.122+0530] {taskinstance.py:1285} INFO - 
--------------------------------------------------------------------------------
[2023-02-01T22:51:41.138+0530] {taskinstance.py:1304} INFO - Executing <Task(PythonOperator): load> on 2023-01-17 00:00:00+00:00
[2023-02-01T22:51:41.143+0530] {standard_task_runner.py:55} INFO - Started process 2986 to run task
[2023-02-01T22:51:41.146+0530] {standard_task_runner.py:82} INFO - Running: ['airflow', 'tasks', 'run', 'FX__Turnover', 'load', 'scheduled__2023-01-17T00:00:00+00:00', '--job-id', '3324', '--raw', '--subdir', 'DAGS_FOLDER/FX_turnover.py', '--cfg-path', '/tmp/tmpswmqfvfq']
[2023-02-01T22:51:41.147+0530] {standard_task_runner.py:83} INFO - Job 3324: Subtask load
[2023-02-01T22:51:41.199+0530] {task_command.py:389} INFO - Running <TaskInstance: FX__Turnover.load scheduled__2023-01-17T00:00:00+00:00 [running]> on host DESKTOP-SQIOQPD.
[2023-02-01T22:51:41.267+0530] {taskinstance.py:1511} INFO - Exporting the following env vars:
AIRFLOW_CTX_DAG_EMAIL=nikheleshbhattacharyya@gmail.com
AIRFLOW_CTX_DAG_OWNER=airflow
AIRFLOW_CTX_DAG_ID=FX__Turnover
AIRFLOW_CTX_TASK_ID=load
AIRFLOW_CTX_EXECUTION_DATE=2023-01-17T00:00:00+00:00
AIRFLOW_CTX_TRY_NUMBER=1
AIRFLOW_CTX_DAG_RUN_ID=scheduled__2023-01-17T00:00:00+00:00
[2023-02-01T22:51:41.535+0530] {python.py:177} INFO - Done. Returned value was: None
[2023-02-01T22:51:41.541+0530] {taskinstance.py:1322} INFO - Marking task as SUCCESS. dag_id=FX__Turnover, task_id=load, execution_date=20230117T000000, start_date=20230201T172141, end_date=20230201T172141
[2023-02-01T22:51:41.720+0530] {local_task_job.py:159} INFO - Task exited with return code 0
[2023-02-01T22:51:41.743+0530] {taskinstance.py:2582} INFO - 1 downstream tasks scheduled from follow-on schedule check
