[2023-03-17T05:47:09.230+0530] {taskinstance.py:1087} INFO - Dependencies all met for <TaskInstance: Monthly.extract2 scheduled__2023-02-26T00:00:00+00:00 [queued]>
[2023-03-17T05:47:09.256+0530] {taskinstance.py:1087} INFO - Dependencies all met for <TaskInstance: Monthly.extract2 scheduled__2023-02-26T00:00:00+00:00 [queued]>
[2023-03-17T05:47:09.256+0530] {taskinstance.py:1283} INFO - 
--------------------------------------------------------------------------------
[2023-03-17T05:47:09.256+0530] {taskinstance.py:1284} INFO - Starting attempt 2 of 4
[2023-03-17T05:47:09.256+0530] {taskinstance.py:1285} INFO - 
--------------------------------------------------------------------------------
[2023-03-17T05:47:09.282+0530] {taskinstance.py:1304} INFO - Executing <Task(PythonOperator): extract2> on 2023-02-26 00:00:00+00:00
[2023-03-17T05:47:09.291+0530] {standard_task_runner.py:55} INFO - Started process 5910 to run task
[2023-03-17T05:47:09.294+0530] {standard_task_runner.py:82} INFO - Running: ['airflow', 'tasks', 'run', 'Monthly', 'extract2', 'scheduled__2023-02-26T00:00:00+00:00', '--job-id', '4904', '--raw', '--subdir', 'DAGS_FOLDER/Monthly.py', '--cfg-path', '/tmp/tmpsftqfcwn']
[2023-03-17T05:47:09.296+0530] {standard_task_runner.py:83} INFO - Job 4904: Subtask extract2
[2023-03-17T05:47:09.372+0530] {task_command.py:389} INFO - Running <TaskInstance: Monthly.extract2 scheduled__2023-02-26T00:00:00+00:00 [running]> on host DESKTOP-SQIOQPD.
[2023-03-17T05:47:09.659+0530] {taskinstance.py:1511} INFO - Exporting the following env vars:
AIRFLOW_CTX_DAG_EMAIL=nikheleshbhattacharyya@gmail.com
AIRFLOW_CTX_DAG_OWNER=airflow
AIRFLOW_CTX_DAG_ID=Monthly
AIRFLOW_CTX_TASK_ID=extract2
AIRFLOW_CTX_EXECUTION_DATE=2023-02-26T00:00:00+00:00
AIRFLOW_CTX_TRY_NUMBER=2
AIRFLOW_CTX_DAG_RUN_ID=scheduled__2023-02-26T00:00:00+00:00
[2023-03-17T05:52:45.466+0530] {logging_mixin.py:137} INFO - document.getElementById('2020').click()
[2023-03-17T05:52:54.944+0530] {taskinstance.py:1772} ERROR - Task failed with exception
Traceback (most recent call last):
  File "/usr/local/lib/python3.8/dist-packages/airflow/operators/python.py", line 175, in execute
    return_value = self.execute_callable()
  File "/usr/local/lib/python3.8/dist-packages/airflow/operators/python.py", line 192, in execute_callable
    return self.python_callable(*self.op_args, **self.op_kwargs)
  File "/root/airflow/dags/Monthly.py", line 524, in extract2
    driver.execute_script(k)
  File "/usr/local/lib/python3.8/dist-packages/selenium/webdriver/remote/webdriver.py", line 500, in execute_script
    return self.execute(command, {"script": script, "args": converted_args})["value"]
  File "/usr/local/lib/python3.8/dist-packages/selenium/webdriver/remote/webdriver.py", line 440, in execute
    self.error_handler.check_response(response)
  File "/usr/local/lib/python3.8/dist-packages/selenium/webdriver/remote/errorhandler.py", line 245, in check_response
    raise exception_class(message, screen, stacktrace)
selenium.common.exceptions.JavascriptException: Message: javascript error: Cannot read properties of null (reading 'click')
  (Session info: headless chrome=109.0.5414.119)
Stacktrace:
#0 0x55e1b7996303 <unknown>
#1 0x55e1b776ad37 <unknown>
#2 0x55e1b776e608 <unknown>
#3 0x55e1b776e3d2 <unknown>
#4 0x55e1b776f03c <unknown>
#5 0x55e1b77e03ae <unknown>
#6 0x55e1b77c7982 <unknown>
#7 0x55e1b77df88c <unknown>
#8 0x55e1b77c7753 <unknown>
#9 0x55e1b779aa14 <unknown>
#10 0x55e1b779bb7e <unknown>
#11 0x55e1b79e532e <unknown>
#12 0x55e1b79e8c0e <unknown>
#13 0x55e1b79cb610 <unknown>
#14 0x55e1b79e9c23 <unknown>
#15 0x55e1b79bd545 <unknown>
#16 0x55e1b7a0a6a8 <unknown>
#17 0x55e1b7a0a836 <unknown>
#18 0x55e1b7a25d13 <unknown>
#19 0x7fc670ac1609 start_thread

[2023-03-17T05:52:56.485+0530] {taskinstance.py:1322} INFO - Marking task as UP_FOR_RETRY. dag_id=Monthly, task_id=extract2, execution_date=20230226T000000, start_date=20230317T001709, end_date=20230317T002256
[2023-03-17T05:52:57.631+0530] {standard_task_runner.py:100} ERROR - Failed to execute job 4904 for task extract2 (Message: javascript error: Cannot read properties of null (reading 'click')
  (Session info: headless chrome=109.0.5414.119)
Stacktrace:
#0 0x55e1b7996303 <unknown>
#1 0x55e1b776ad37 <unknown>
#2 0x55e1b776e608 <unknown>
#3 0x55e1b776e3d2 <unknown>
#4 0x55e1b776f03c <unknown>
#5 0x55e1b77e03ae <unknown>
#6 0x55e1b77c7982 <unknown>
#7 0x55e1b77df88c <unknown>
#8 0x55e1b77c7753 <unknown>
#9 0x55e1b779aa14 <unknown>
#10 0x55e1b779bb7e <unknown>
#11 0x55e1b79e532e <unknown>
#12 0x55e1b79e8c0e <unknown>
#13 0x55e1b79cb610 <unknown>
#14 0x55e1b79e9c23 <unknown>
#15 0x55e1b79bd545 <unknown>
#16 0x55e1b7a0a6a8 <unknown>
#17 0x55e1b7a0a836 <unknown>
#18 0x55e1b7a25d13 <unknown>
#19 0x7fc670ac1609 start_thread
; 5910)
[2023-03-17T05:52:57.755+0530] {local_task_job.py:159} INFO - Task exited with return code 1
[2023-03-17T05:52:58.005+0530] {taskinstance.py:2582} INFO - 0 downstream tasks scheduled from follow-on schedule check
