[2022-12-27T14:38:29.796+0530] {taskinstance.py:1087} INFO - Dependencies all met for <TaskInstance: Money__Market.load_data scheduled__2022-12-27T06:00:00+00:00 [queued]>
[2022-12-27T14:38:29.811+0530] {taskinstance.py:1087} INFO - Dependencies all met for <TaskInstance: Money__Market.load_data scheduled__2022-12-27T06:00:00+00:00 [queued]>
[2022-12-27T14:38:29.811+0530] {taskinstance.py:1283} INFO - 
--------------------------------------------------------------------------------
[2022-12-27T14:38:29.811+0530] {taskinstance.py:1284} INFO - Starting attempt 1 of 4
[2022-12-27T14:38:29.812+0530] {taskinstance.py:1285} INFO - 
--------------------------------------------------------------------------------
[2022-12-27T14:38:29.840+0530] {taskinstance.py:1304} INFO - Executing <Task(PythonOperator): load_data> on 2022-12-27 06:00:00+00:00
[2022-12-27T14:38:29.847+0530] {standard_task_runner.py:55} INFO - Started process 10907 to run task
[2022-12-27T14:38:29.850+0530] {standard_task_runner.py:82} INFO - Running: ['airflow', 'tasks', 'run', 'Money__Market', 'load_data', 'scheduled__2022-12-27T06:00:00+00:00', '--job-id', '1192', '--raw', '--subdir', 'DAGS_FOLDER/Money_Market.py', '--cfg-path', '/tmp/tmpjcww01dm']
[2022-12-27T14:38:29.851+0530] {standard_task_runner.py:83} INFO - Job 1192: Subtask load_data
[2022-12-27T14:38:29.917+0530] {task_command.py:389} INFO - Running <TaskInstance: Money__Market.load_data scheduled__2022-12-27T06:00:00+00:00 [running]> on host DESKTOP-SQIOQPD.
[2022-12-27T14:38:30.004+0530] {taskinstance.py:1511} INFO - Exporting the following env vars:
AIRFLOW_CTX_DAG_EMAIL=nikheleshbhattacharyya@gmail.com
AIRFLOW_CTX_DAG_OWNER=airflow
AIRFLOW_CTX_DAG_ID=Money__Market
AIRFLOW_CTX_TASK_ID=load_data
AIRFLOW_CTX_EXECUTION_DATE=2022-12-27T06:00:00+00:00
AIRFLOW_CTX_TRY_NUMBER=1
AIRFLOW_CTX_DAG_RUN_ID=scheduled__2022-12-27T06:00:00+00:00
[2022-12-27T14:38:30.146+0530] {python.py:177} INFO - Done. Returned value was: None
[2022-12-27T14:38:30.155+0530] {taskinstance.py:1322} INFO - Marking task as SUCCESS. dag_id=Money__Market, task_id=load_data, execution_date=20221227T060000, start_date=20221227T090829, end_date=20221227T090830
[2022-12-27T14:38:30.186+0530] {local_task_job.py:159} INFO - Task exited with return code 0
[2022-12-27T14:38:30.205+0530] {taskinstance.py:2582} INFO - 1 downstream tasks scheduled from follow-on schedule check
