[2022-12-26T12:37:42.593+0530] {taskinstance.py:1087} INFO - Dependencies all met for <TaskInstance: Money__Market.extract_data manual__2022-12-25T18:47:59.775664+00:00 [queued]>
[2022-12-26T12:37:42.605+0530] {taskinstance.py:1087} INFO - Dependencies all met for <TaskInstance: Money__Market.extract_data manual__2022-12-25T18:47:59.775664+00:00 [queued]>
[2022-12-26T12:37:42.605+0530] {taskinstance.py:1283} INFO - 
--------------------------------------------------------------------------------
[2022-12-26T12:37:42.605+0530] {taskinstance.py:1284} INFO - Starting attempt 1 of 4
[2022-12-26T12:37:42.605+0530] {taskinstance.py:1285} INFO - 
--------------------------------------------------------------------------------
[2022-12-26T12:37:42.622+0530] {taskinstance.py:1304} INFO - Executing <Task(PythonOperator): extract_data> on 2022-12-25 18:47:59.775664+00:00
[2022-12-26T12:37:42.627+0530] {standard_task_runner.py:55} INFO - Started process 28986 to run task
[2022-12-26T12:37:42.636+0530] {standard_task_runner.py:82} INFO - Running: ['airflow', 'tasks', 'run', 'Money__Market', 'extract_data', 'manual__2022-12-25T18:47:59.775664+00:00', '--job-id', '784', '--raw', '--subdir', 'DAGS_FOLDER/Money_Market.py', '--cfg-path', '/tmp/tmpaw08vhj2']
[2022-12-26T12:37:42.639+0530] {standard_task_runner.py:83} INFO - Job 784: Subtask extract_data
[2022-12-26T12:37:42.711+0530] {task_command.py:389} INFO - Running <TaskInstance: Money__Market.extract_data manual__2022-12-25T18:47:59.775664+00:00 [running]> on host DESKTOP-SQIOQPD.
[2022-12-26T12:37:42.777+0530] {taskinstance.py:1511} INFO - Exporting the following env vars:
AIRFLOW_CTX_DAG_EMAIL=nikheleshbhattacharyya@gmail.com
AIRFLOW_CTX_DAG_OWNER=airflow
AIRFLOW_CTX_DAG_ID=Money__Market
AIRFLOW_CTX_TASK_ID=extract_data
AIRFLOW_CTX_EXECUTION_DATE=2022-12-25T18:47:59.775664+00:00
AIRFLOW_CTX_TRY_NUMBER=1
AIRFLOW_CTX_DAG_RUN_ID=manual__2022-12-25T18:47:59.775664+00:00
[2022-12-26T12:37:43.328+0530] {logging_mixin.py:137} INFO - 1
[2022-12-26T12:37:43.645+0530] {logging_mixin.py:137} INFO - 2
[2022-12-26T12:37:44.916+0530] {logging_mixin.py:137} INFO - 3
[2022-12-26T12:37:45.215+0530] {logging_mixin.py:137} INFO - 4
[2022-12-26T12:37:45.477+0530] {logging_mixin.py:137} INFO - 5
[2022-12-26T12:37:45.759+0530] {logging_mixin.py:137} INFO - 6
[2022-12-26T12:37:46.014+0530] {logging_mixin.py:137} INFO - 7
[2022-12-26T12:37:46.262+0530] {logging_mixin.py:137} INFO - 8
[2022-12-26T12:37:46.765+0530] {logging_mixin.py:137} INFO - 9
[2022-12-26T12:37:47.118+0530] {logging_mixin.py:137} INFO - 10
[2022-12-26T12:37:47.383+0530] {logging_mixin.py:137} INFO - 11
[2022-12-26T12:37:47.792+0530] {logging_mixin.py:137} INFO - 12
[2022-12-26T12:37:48.015+0530] {logging_mixin.py:137} INFO - 13
[2022-12-26T12:37:48.293+0530] {logging_mixin.py:137} INFO - 14
[2022-12-26T12:37:48.538+0530] {logging_mixin.py:137} INFO - 15
[2022-12-26T12:37:48.820+0530] {logging_mixin.py:137} INFO - 16
[2022-12-26T12:37:49.083+0530] {logging_mixin.py:137} INFO - 17
[2022-12-26T12:37:49.331+0530] {logging_mixin.py:137} INFO - 18
[2022-12-26T12:37:49.605+0530] {logging_mixin.py:137} INFO - 19
[2022-12-26T12:37:49.850+0530] {logging_mixin.py:137} INFO - 20
[2022-12-26T12:37:50.121+0530] {logging_mixin.py:137} INFO - 21
[2022-12-26T12:37:50.570+0530] {logging_mixin.py:137} INFO - 22
[2022-12-26T12:37:50.853+0530] {logging_mixin.py:137} INFO - 23
[2022-12-26T12:37:51.098+0530] {logging_mixin.py:137} INFO - 24
[2022-12-26T12:37:51.385+0530] {logging_mixin.py:137} INFO - 25
[2022-12-26T12:37:51.682+0530] {logging_mixin.py:137} INFO - 26
[2022-12-26T12:37:51.984+0530] {logging_mixin.py:137} INFO - 27
[2022-12-26T12:37:52.269+0530] {logging_mixin.py:137} INFO - 28
[2022-12-26T12:37:52.526+0530] {logging_mixin.py:137} INFO - 29
[2022-12-26T12:37:52.770+0530] {logging_mixin.py:137} INFO - 30
[2022-12-26T12:37:53.025+0530] {logging_mixin.py:137} INFO - 31
[2022-12-26T12:37:53.641+0530] {logging_mixin.py:137} INFO - 32
[2022-12-26T12:37:53.870+0530] {logging_mixin.py:137} INFO - 33
[2022-12-26T12:37:54.107+0530] {logging_mixin.py:137} INFO - 34
[2022-12-26T12:37:54.380+0530] {logging_mixin.py:137} INFO - 35
[2022-12-26T12:37:54.645+0530] {logging_mixin.py:137} INFO - 36
[2022-12-26T12:37:54.908+0530] {logging_mixin.py:137} INFO - 37
[2022-12-26T12:37:55.179+0530] {logging_mixin.py:137} INFO - 38
[2022-12-26T12:37:55.458+0530] {logging_mixin.py:137} INFO - 39
[2022-12-26T12:37:55.808+0530] {logging_mixin.py:137} INFO - 40
[2022-12-26T12:37:56.064+0530] {logging_mixin.py:137} INFO - 41
[2022-12-26T12:37:56.293+0530] {logging_mixin.py:137} INFO - 42
[2022-12-26T12:37:56.709+0530] {logging_mixin.py:137} INFO - 43
[2022-12-26T12:37:56.971+0530] {logging_mixin.py:137} INFO - 44
[2022-12-26T12:37:57.217+0530] {logging_mixin.py:137} INFO - 45
[2022-12-26T12:37:57.526+0530] {logging_mixin.py:137} INFO - 46
[2022-12-26T12:37:57.749+0530] {logging_mixin.py:137} INFO - 47
[2022-12-26T12:37:59.065+0530] {logging_mixin.py:137} INFO - 48
[2022-12-26T12:37:59.348+0530] {logging_mixin.py:137} INFO - 49
[2022-12-26T12:37:59.581+0530] {logging_mixin.py:137} INFO - 50
[2022-12-26T12:37:59.796+0530] {logging_mixin.py:137} INFO - 51
[2022-12-26T12:38:00.035+0530] {logging_mixin.py:137} INFO - 52
[2022-12-26T12:38:00.391+0530] {logging_mixin.py:137} INFO - 53
[2022-12-26T12:38:00.941+0530] {logging_mixin.py:137} INFO - 54
[2022-12-26T12:38:01.217+0530] {logging_mixin.py:137} INFO - 55
[2022-12-26T12:38:01.483+0530] {logging_mixin.py:137} INFO - 56
[2022-12-26T12:38:01.742+0530] {logging_mixin.py:137} INFO - 57
[2022-12-26T12:38:02.025+0530] {logging_mixin.py:137} INFO - 58
[2022-12-26T12:38:02.341+0530] {logging_mixin.py:137} INFO - 59
[2022-12-26T12:38:02.663+0530] {logging_mixin.py:137} INFO - 60
[2022-12-26T12:38:02.949+0530] {logging_mixin.py:137} INFO - 61
[2022-12-26T12:38:03.200+0530] {logging_mixin.py:137} INFO - 62
[2022-12-26T12:38:03.436+0530] {logging_mixin.py:137} INFO - 63
[2022-12-26T12:38:03.892+0530] {logging_mixin.py:137} INFO - 64
[2022-12-26T12:38:04.165+0530] {logging_mixin.py:137} INFO - 65
[2022-12-26T12:38:04.386+0530] {logging_mixin.py:137} INFO - 66
[2022-12-26T12:38:04.608+0530] {logging_mixin.py:137} INFO - 67
[2022-12-26T12:38:04.839+0530] {logging_mixin.py:137} INFO - 68
[2022-12-26T12:38:05.083+0530] {logging_mixin.py:137} INFO - 69
[2022-12-26T12:38:05.348+0530] {logging_mixin.py:137} INFO - 70
[2022-12-26T12:38:05.597+0530] {logging_mixin.py:137} INFO - 71
[2022-12-26T12:38:05.886+0530] {logging_mixin.py:137} INFO - 72
[2022-12-26T12:38:06.102+0530] {logging_mixin.py:137} INFO - 73
[2022-12-26T12:38:06.661+0530] {logging_mixin.py:137} INFO - 74
[2022-12-26T12:38:06.999+0530] {logging_mixin.py:137} INFO - 75
[2022-12-26T12:38:07.324+0530] {logging_mixin.py:137} INFO - 76
[2022-12-26T12:38:07.701+0530] {logging_mixin.py:137} INFO - 77
[2022-12-26T12:38:08.020+0530] {logging_mixin.py:137} INFO - 78
[2022-12-26T12:38:08.337+0530] {logging_mixin.py:137} INFO - 79
[2022-12-26T12:38:08.670+0530] {logging_mixin.py:137} INFO - 80
[2022-12-26T12:38:09.057+0530] {logging_mixin.py:137} INFO - 81
[2022-12-26T12:38:09.324+0530] {logging_mixin.py:137} INFO - 82
[2022-12-26T12:38:09.597+0530] {logging_mixin.py:137} INFO - 83
[2022-12-26T12:38:09.836+0530] {logging_mixin.py:137} INFO - 84
[2022-12-26T12:38:10.655+0530] {logging_mixin.py:137} INFO - 85
[2022-12-26T12:38:11.025+0530] {logging_mixin.py:137} INFO - 86
[2022-12-26T12:38:11.319+0530] {logging_mixin.py:137} INFO - 87
[2022-12-26T12:38:11.566+0530] {logging_mixin.py:137} INFO - 88
[2022-12-26T12:38:11.852+0530] {logging_mixin.py:137} INFO - 89
[2022-12-26T12:38:12.155+0530] {logging_mixin.py:137} INFO - 90
[2022-12-26T12:38:12.527+0530] {logging_mixin.py:137} INFO - 91
[2022-12-26T12:38:12.760+0530] {logging_mixin.py:137} INFO - 92
[2022-12-26T12:38:13.049+0530] {logging_mixin.py:137} INFO - 93
[2022-12-26T12:38:13.313+0530] {logging_mixin.py:137} INFO - 94
[2022-12-26T12:38:13.759+0530] {logging_mixin.py:137} INFO - 95
[2022-12-26T12:38:14.078+0530] {logging_mixin.py:137} INFO - 96
[2022-12-26T12:38:14.303+0530] {logging_mixin.py:137} INFO - 97
[2022-12-26T12:38:14.588+0530] {logging_mixin.py:137} INFO - 98
[2022-12-26T12:38:14.876+0530] {logging_mixin.py:137} INFO - 99
[2022-12-26T12:38:15.259+0530] {logging_mixin.py:137} INFO - 100
[2022-12-26T12:38:15.574+0530] {logging_mixin.py:137} INFO - 101
[2022-12-26T12:38:15.899+0530] {logging_mixin.py:137} INFO - 102
[2022-12-26T12:38:16.186+0530] {logging_mixin.py:137} INFO - 103
[2022-12-26T12:38:16.437+0530] {logging_mixin.py:137} INFO - 104
[2022-12-26T12:38:16.678+0530] {logging_mixin.py:137} INFO - 105
[2022-12-26T12:38:17.089+0530] {logging_mixin.py:137} INFO - 106
[2022-12-26T12:38:17.375+0530] {logging_mixin.py:137} INFO - 107
[2022-12-26T12:38:17.609+0530] {logging_mixin.py:137} INFO - 108
[2022-12-26T12:38:17.837+0530] {logging_mixin.py:137} INFO - 109
[2022-12-26T12:38:18.110+0530] {logging_mixin.py:137} INFO - 110
[2022-12-26T12:38:18.398+0530] {logging_mixin.py:137} INFO - 111
[2022-12-26T12:38:18.696+0530] {logging_mixin.py:137} INFO - 112
[2022-12-26T12:38:18.974+0530] {logging_mixin.py:137} INFO - 113
[2022-12-26T12:38:19.251+0530] {logging_mixin.py:137} INFO - 114
[2022-12-26T12:38:19.547+0530] {logging_mixin.py:137} INFO - 115
[2022-12-26T12:38:19.905+0530] {logging_mixin.py:137} INFO - 116
[2022-12-26T12:38:20.370+0530] {logging_mixin.py:137} INFO - 117
[2022-12-26T12:38:20.662+0530] {logging_mixin.py:137} INFO - 118
[2022-12-26T12:38:20.978+0530] {logging_mixin.py:137} INFO - 119
[2022-12-26T12:38:21.216+0530] {logging_mixin.py:137} INFO - 120
[2022-12-26T12:38:21.469+0530] {logging_mixin.py:137} INFO - 121
[2022-12-26T12:38:21.730+0530] {logging_mixin.py:137} INFO - 122
[2022-12-26T12:38:21.991+0530] {logging_mixin.py:137} INFO - 123
[2022-12-26T12:38:22.249+0530] {logging_mixin.py:137} INFO - 124
[2022-12-26T12:38:22.503+0530] {logging_mixin.py:137} INFO - 125
[2022-12-26T12:38:22.811+0530] {logging_mixin.py:137} INFO - 126
[2022-12-26T12:38:23.097+0530] {logging_mixin.py:137} INFO - 127
[2022-12-26T12:38:23.692+0530] {logging_mixin.py:137} INFO - 128
[2022-12-26T12:38:23.954+0530] {logging_mixin.py:137} INFO - 129
[2022-12-26T12:38:24.182+0530] {logging_mixin.py:137} INFO - 130
[2022-12-26T12:38:24.445+0530] {logging_mixin.py:137} INFO - 131
[2022-12-26T12:38:24.736+0530] {logging_mixin.py:137} INFO - 132
[2022-12-26T12:38:25.041+0530] {logging_mixin.py:137} INFO - 133
[2022-12-26T12:38:25.359+0530] {logging_mixin.py:137} INFO - 134
[2022-12-26T12:38:25.660+0530] {logging_mixin.py:137} INFO - 135
[2022-12-26T12:38:25.923+0530] {logging_mixin.py:137} INFO - 136
[2022-12-26T12:38:26.180+0530] {logging_mixin.py:137} INFO - 137
[2022-12-26T12:38:26.425+0530] {logging_mixin.py:137} INFO - 138
[2022-12-26T12:38:26.834+0530] {logging_mixin.py:137} INFO - 139
[2022-12-26T12:38:27.156+0530] {logging_mixin.py:137} INFO - 140
[2022-12-26T12:38:27.420+0530] {logging_mixin.py:137} INFO - 141
[2022-12-26T12:38:27.657+0530] {logging_mixin.py:137} INFO - 142
[2022-12-26T12:38:27.908+0530] {logging_mixin.py:137} INFO - 143
[2022-12-26T12:38:28.229+0530] {logging_mixin.py:137} INFO - 144
[2022-12-26T12:38:28.492+0530] {logging_mixin.py:137} INFO - 145
[2022-12-26T12:38:28.775+0530] {logging_mixin.py:137} INFO - 146
[2022-12-26T12:38:29.001+0530] {logging_mixin.py:137} INFO - 147
[2022-12-26T12:38:29.246+0530] {logging_mixin.py:137} INFO - 148
[2022-12-26T12:38:29.531+0530] {logging_mixin.py:137} INFO - 149
[2022-12-26T12:38:29.911+0530] {logging_mixin.py:137} INFO - 150
[2022-12-26T12:38:30.164+0530] {logging_mixin.py:137} INFO - 151
[2022-12-26T12:38:30.457+0530] {logging_mixin.py:137} INFO - 152
[2022-12-26T12:38:30.756+0530] {logging_mixin.py:137} INFO - 153
[2022-12-26T12:38:31.025+0530] {logging_mixin.py:137} INFO - 154
[2022-12-26T12:38:31.262+0530] {logging_mixin.py:137} INFO - 155
[2022-12-26T12:38:31.502+0530] {logging_mixin.py:137} INFO - 156
[2022-12-26T12:38:31.767+0530] {logging_mixin.py:137} INFO - 157
[2022-12-26T12:38:32.024+0530] {logging_mixin.py:137} INFO - 158
[2022-12-26T12:38:32.517+0530] {logging_mixin.py:137} INFO - 159
[2022-12-26T12:38:32.823+0530] {logging_mixin.py:137} INFO - 160
[2022-12-26T12:38:33.227+0530] {logging_mixin.py:137} INFO - 161
[2022-12-26T12:38:33.438+0530] {logging_mixin.py:137} INFO - 162
[2022-12-26T12:38:33.659+0530] {logging_mixin.py:137} INFO - 163
[2022-12-26T12:38:33.884+0530] {logging_mixin.py:137} INFO - 164
[2022-12-26T12:38:34.142+0530] {logging_mixin.py:137} INFO - 165
[2022-12-26T12:38:34.413+0530] {logging_mixin.py:137} INFO - 166
[2022-12-26T12:38:34.666+0530] {logging_mixin.py:137} INFO - 167
[2022-12-26T12:38:34.931+0530] {logging_mixin.py:137} INFO - 168
[2022-12-26T12:38:35.214+0530] {logging_mixin.py:137} INFO - 169
[2022-12-26T12:38:35.482+0530] {logging_mixin.py:137} INFO - 170
[2022-12-26T12:38:35.750+0530] {logging_mixin.py:137} INFO - 171
[2022-12-26T12:38:36.252+0530] {logging_mixin.py:137} INFO - 172
[2022-12-26T12:38:36.518+0530] {logging_mixin.py:137} INFO - 173
[2022-12-26T12:38:36.788+0530] {logging_mixin.py:137} INFO - 174
[2022-12-26T12:38:37.111+0530] {logging_mixin.py:137} INFO - 175
[2022-12-26T12:38:37.372+0530] {logging_mixin.py:137} INFO - 176
[2022-12-26T12:38:37.637+0530] {logging_mixin.py:137} INFO - 177
[2022-12-26T12:38:37.906+0530] {logging_mixin.py:137} INFO - 178
[2022-12-26T12:38:38.155+0530] {logging_mixin.py:137} INFO - 179
[2022-12-26T12:38:38.391+0530] {logging_mixin.py:137} INFO - 180
[2022-12-26T12:38:38.627+0530] {logging_mixin.py:137} INFO - 181
[2022-12-26T12:38:38.855+0530] {logging_mixin.py:137} INFO - 182
[2022-12-26T12:38:39.231+0530] {logging_mixin.py:137} INFO - 183
[2022-12-26T12:38:39.505+0530] {logging_mixin.py:137} INFO - 184
[2022-12-26T12:38:39.735+0530] {logging_mixin.py:137} INFO - 185
[2022-12-26T12:38:39.961+0530] {logging_mixin.py:137} INFO - 186
[2022-12-26T12:38:40.225+0530] {logging_mixin.py:137} INFO - 187
[2022-12-26T12:38:40.464+0530] {logging_mixin.py:137} INFO - 188
[2022-12-26T12:38:40.751+0530] {logging_mixin.py:137} INFO - 189
[2022-12-26T12:38:41.020+0530] {logging_mixin.py:137} INFO - 190
[2022-12-26T12:38:41.338+0530] {logging_mixin.py:137} INFO - 191
[2022-12-26T12:38:41.585+0530] {logging_mixin.py:137} INFO - 192
[2022-12-26T12:38:41.871+0530] {logging_mixin.py:137} INFO - 193
[2022-12-26T12:38:42.322+0530] {logging_mixin.py:137} INFO - 194
[2022-12-26T12:38:42.572+0530] {logging_mixin.py:137} INFO - 195
[2022-12-26T12:38:42.879+0530] {logging_mixin.py:137} INFO - 196
[2022-12-26T12:38:43.163+0530] {logging_mixin.py:137} INFO - 197
[2022-12-26T12:38:44.155+0530] {logging_mixin.py:137} INFO - 198
[2022-12-26T12:38:44.463+0530] {logging_mixin.py:137} INFO - 199
[2022-12-26T12:38:44.697+0530] {logging_mixin.py:137} INFO - 200
[2022-12-26T12:38:44.936+0530] {logging_mixin.py:137} INFO - 201
[2022-12-26T12:38:45.192+0530] {logging_mixin.py:137} INFO - 202
[2022-12-26T12:38:45.517+0530] {logging_mixin.py:137} INFO - 203
[2022-12-26T12:38:45.839+0530] {logging_mixin.py:137} INFO - 204
[2022-12-26T12:38:46.642+0530] {logging_mixin.py:137} INFO - 205
[2022-12-26T12:38:46.904+0530] {logging_mixin.py:137} INFO - 206
[2022-12-26T12:38:47.148+0530] {logging_mixin.py:137} INFO - 207
[2022-12-26T12:38:47.474+0530] {logging_mixin.py:137} INFO - 208
[2022-12-26T12:38:47.771+0530] {logging_mixin.py:137} INFO - 209
[2022-12-26T12:38:48.086+0530] {logging_mixin.py:137} INFO - 210
[2022-12-26T12:38:48.353+0530] {logging_mixin.py:137} INFO - 211
[2022-12-26T12:38:48.620+0530] {logging_mixin.py:137} INFO - 212
[2022-12-26T12:38:48.939+0530] {logging_mixin.py:137} INFO - 213
[2022-12-26T12:38:49.192+0530] {logging_mixin.py:137} INFO - 214
[2022-12-26T12:38:49.568+0530] {logging_mixin.py:137} INFO - 215
[2022-12-26T12:38:49.836+0530] {logging_mixin.py:137} INFO - 216
[2022-12-26T12:38:50.091+0530] {logging_mixin.py:137} INFO - 217
[2022-12-26T12:38:50.408+0530] {logging_mixin.py:137} INFO - 218
[2022-12-26T12:38:50.698+0530] {logging_mixin.py:137} INFO - 219
[2022-12-26T12:38:50.945+0530] {logging_mixin.py:137} INFO - 220
[2022-12-26T12:38:51.232+0530] {logging_mixin.py:137} INFO - 221
[2022-12-26T12:38:51.489+0530] {logging_mixin.py:137} INFO - 222
[2022-12-26T12:38:51.732+0530] {logging_mixin.py:137} INFO - 223
[2022-12-26T12:38:52.304+0530] {logging_mixin.py:137} INFO - 224
[2022-12-26T12:38:52.792+0530] {logging_mixin.py:137} INFO - 225
[2022-12-26T12:38:53.285+0530] {logging_mixin.py:137} INFO - 226
[2022-12-26T12:38:53.730+0530] {logging_mixin.py:137} INFO - 227
[2022-12-26T12:38:54.214+0530] {logging_mixin.py:137} INFO - 228
[2022-12-26T12:38:54.538+0530] {logging_mixin.py:137} INFO - 229
[2022-12-26T12:38:54.843+0530] {logging_mixin.py:137} INFO - 230
[2022-12-26T12:38:55.170+0530] {logging_mixin.py:137} INFO - 231
[2022-12-26T12:38:55.491+0530] {logging_mixin.py:137} INFO - 232
[2022-12-26T12:38:55.950+0530] {logging_mixin.py:137} INFO - 233
[2022-12-26T12:38:56.255+0530] {logging_mixin.py:137} INFO - 234
[2022-12-26T12:38:56.537+0530] {logging_mixin.py:137} INFO - 235
[2022-12-26T12:38:56.830+0530] {logging_mixin.py:137} INFO - 236
[2022-12-26T12:38:57.578+0530] {logging_mixin.py:137} INFO - 237
[2022-12-26T12:38:58.017+0530] {logging_mixin.py:137} INFO - 238
[2022-12-26T12:38:58.305+0530] {logging_mixin.py:137} INFO - 239
[2022-12-26T12:38:58.572+0530] {logging_mixin.py:137} INFO - 240
[2022-12-26T12:38:58.814+0530] {logging_mixin.py:137} INFO - 241
[2022-12-26T12:38:59.107+0530] {logging_mixin.py:137} INFO - 242
[2022-12-26T12:38:59.354+0530] {logging_mixin.py:137} INFO - 243
[2022-12-26T12:38:59.574+0530] {logging_mixin.py:137} INFO - 244
[2022-12-26T12:38:59.805+0530] {logging_mixin.py:137} INFO - 245
[2022-12-26T12:39:00.070+0530] {logging_mixin.py:137} INFO - 246
[2022-12-26T12:39:00.504+0530] {logging_mixin.py:137} INFO - 247
[2022-12-26T12:39:01.342+0530] {logging_mixin.py:137} INFO - 248
[2022-12-26T12:39:01.599+0530] {logging_mixin.py:137} INFO - 249
[2022-12-26T12:39:01.883+0530] {logging_mixin.py:137} INFO - 250
[2022-12-26T12:39:02.144+0530] {logging_mixin.py:137} INFO - 251
[2022-12-26T12:39:02.447+0530] {logging_mixin.py:137} INFO - 252
[2022-12-26T12:39:02.713+0530] {logging_mixin.py:137} INFO - 253
[2022-12-26T12:39:02.949+0530] {logging_mixin.py:137} INFO - 254
[2022-12-26T12:39:03.204+0530] {logging_mixin.py:137} INFO - 255
[2022-12-26T12:39:03.461+0530] {logging_mixin.py:137} INFO - 256
[2022-12-26T12:39:03.705+0530] {logging_mixin.py:137} INFO - 257
[2022-12-26T12:39:04.170+0530] {logging_mixin.py:137} INFO - 258
[2022-12-26T12:39:04.502+0530] {logging_mixin.py:137} INFO - 259
[2022-12-26T12:39:04.770+0530] {logging_mixin.py:137} INFO - 260
[2022-12-26T12:39:05.011+0530] {logging_mixin.py:137} INFO - 261
[2022-12-26T12:39:05.345+0530] {logging_mixin.py:137} INFO - 262
[2022-12-26T12:39:05.641+0530] {logging_mixin.py:137} INFO - 263
[2022-12-26T12:39:05.993+0530] {logging_mixin.py:137} INFO - 264
[2022-12-26T12:39:06.217+0530] {logging_mixin.py:137} INFO - 265
[2022-12-26T12:39:06.447+0530] {logging_mixin.py:137} INFO - 266
[2022-12-26T12:39:06.758+0530] {logging_mixin.py:137} INFO - 267
[2022-12-26T12:39:07.009+0530] {logging_mixin.py:137} INFO - 268
[2022-12-26T12:39:07.449+0530] {logging_mixin.py:137} INFO - 269
[2022-12-26T12:39:07.664+0530] {logging_mixin.py:137} INFO - 270
[2022-12-26T12:39:07.927+0530] {logging_mixin.py:137} INFO - 271
[2022-12-26T12:39:08.166+0530] {logging_mixin.py:137} INFO - 272
[2022-12-26T12:39:08.462+0530] {logging_mixin.py:137} INFO - 273
[2022-12-26T12:39:08.724+0530] {logging_mixin.py:137} INFO - 274
[2022-12-26T12:39:08.981+0530] {logging_mixin.py:137} INFO - 275
[2022-12-26T12:39:09.384+0530] {logging_mixin.py:137} INFO - 276
[2022-12-26T12:39:09.653+0530] {logging_mixin.py:137} INFO - 277
[2022-12-26T12:39:10.117+0530] {logging_mixin.py:137} INFO - 278
[2022-12-26T12:39:10.581+0530] {logging_mixin.py:137} INFO - 279
[2022-12-26T12:39:11.293+0530] {logging_mixin.py:137} INFO - 280
[2022-12-26T12:39:11.719+0530] {logging_mixin.py:137} INFO - 281
[2022-12-26T12:39:12.079+0530] {logging_mixin.py:137} INFO - 282
[2022-12-26T12:39:12.464+0530] {logging_mixin.py:137} INFO - 283
[2022-12-26T12:39:12.809+0530] {logging_mixin.py:137} INFO - 284
[2022-12-26T12:39:13.129+0530] {logging_mixin.py:137} INFO - 285
[2022-12-26T12:39:13.372+0530] {logging_mixin.py:137} INFO - 286
[2022-12-26T12:39:13.637+0530] {logging_mixin.py:137} INFO - 287
[2022-12-26T12:39:13.917+0530] {logging_mixin.py:137} INFO - 288
[2022-12-26T12:39:14.298+0530] {logging_mixin.py:137} INFO - 289
[2022-12-26T12:39:14.872+0530] {logging_mixin.py:137} INFO - 290
[2022-12-26T12:39:15.173+0530] {logging_mixin.py:137} INFO - 291
[2022-12-26T12:39:15.563+0530] {logging_mixin.py:137} INFO - 292
[2022-12-26T12:39:15.884+0530] {logging_mixin.py:137} INFO - 293
[2022-12-26T12:39:16.199+0530] {logging_mixin.py:137} INFO - 294
[2022-12-26T12:39:16.476+0530] {logging_mixin.py:137} INFO - 295
[2022-12-26T12:39:16.723+0530] {logging_mixin.py:137} INFO - 296
[2022-12-26T12:39:17.002+0530] {logging_mixin.py:137} INFO - 297
[2022-12-26T12:39:17.272+0530] {logging_mixin.py:137} INFO - 298
[2022-12-26T12:39:17.505+0530] {logging_mixin.py:137} INFO - 299
[2022-12-26T12:39:17.767+0530] {logging_mixin.py:137} INFO - 300
[2022-12-26T12:39:18.235+0530] {logging_mixin.py:137} INFO - 301
[2022-12-26T12:39:18.594+0530] {logging_mixin.py:137} INFO - 302
[2022-12-26T12:39:18.867+0530] {logging_mixin.py:137} INFO - 303
[2022-12-26T12:39:19.119+0530] {logging_mixin.py:137} INFO - 304
[2022-12-26T12:39:19.355+0530] {logging_mixin.py:137} INFO - 305
[2022-12-26T12:39:19.622+0530] {logging_mixin.py:137} INFO - 306
[2022-12-26T12:39:19.856+0530] {logging_mixin.py:137} INFO - 307
[2022-12-26T12:39:20.102+0530] {logging_mixin.py:137} INFO - 308
[2022-12-26T12:39:20.382+0530] {logging_mixin.py:137} INFO - 309
[2022-12-26T12:39:20.712+0530] {logging_mixin.py:137} INFO - 310
[2022-12-26T12:39:21.189+0530] {logging_mixin.py:137} INFO - 311
[2022-12-26T12:39:21.486+0530] {logging_mixin.py:137} INFO - 312
[2022-12-26T12:39:21.773+0530] {logging_mixin.py:137} INFO - 313
[2022-12-26T12:39:22.101+0530] {logging_mixin.py:137} INFO - 314
[2022-12-26T12:39:22.334+0530] {logging_mixin.py:137} INFO - 315
[2022-12-26T12:39:22.610+0530] {logging_mixin.py:137} INFO - 316
[2022-12-26T12:39:22.952+0530] {logging_mixin.py:137} INFO - 317
[2022-12-26T12:39:23.266+0530] {logging_mixin.py:137} INFO - 318
[2022-12-26T12:39:23.532+0530] {logging_mixin.py:137} INFO - 319
[2022-12-26T12:39:23.786+0530] {logging_mixin.py:137} INFO - 320
[2022-12-26T12:39:24.038+0530] {logging_mixin.py:137} INFO - 321
[2022-12-26T12:39:24.432+0530] {logging_mixin.py:137} INFO - 322
[2022-12-26T12:39:24.705+0530] {logging_mixin.py:137} INFO - 323
[2022-12-26T12:39:25.016+0530] {logging_mixin.py:137} INFO - 324
[2022-12-26T12:39:25.318+0530] {logging_mixin.py:137} INFO - 325
[2022-12-26T12:39:25.653+0530] {logging_mixin.py:137} INFO - 326
[2022-12-26T12:39:26.070+0530] {logging_mixin.py:137} INFO - 327
[2022-12-26T12:39:26.349+0530] {logging_mixin.py:137} INFO - 328
[2022-12-26T12:39:26.624+0530] {logging_mixin.py:137} INFO - 329
[2022-12-26T12:39:26.879+0530] {logging_mixin.py:137} INFO - 330
[2022-12-26T12:39:27.165+0530] {logging_mixin.py:137} INFO - 331
[2022-12-26T12:39:27.503+0530] {logging_mixin.py:137} INFO - 332
[2022-12-26T12:39:27.940+0530] {logging_mixin.py:137} INFO - 333
[2022-12-26T12:39:31.237+0530] {logging_mixin.py:137} INFO - 334
[2022-12-26T12:39:31.517+0530] {logging_mixin.py:137} INFO - 335
[2022-12-26T12:39:31.799+0530] {logging_mixin.py:137} INFO - 336
[2022-12-26T12:39:32.093+0530] {logging_mixin.py:137} INFO - 337
[2022-12-26T12:39:32.353+0530] {logging_mixin.py:137} INFO - 338
[2022-12-26T12:39:32.626+0530] {logging_mixin.py:137} INFO - 339
[2022-12-26T12:39:32.863+0530] {logging_mixin.py:137} INFO - 340
[2022-12-26T12:39:33.111+0530] {logging_mixin.py:137} INFO - 341
[2022-12-26T12:39:33.374+0530] {logging_mixin.py:137} INFO - 342
[2022-12-26T12:39:33.819+0530] {logging_mixin.py:137} INFO - 343
[2022-12-26T12:39:34.114+0530] {logging_mixin.py:137} INFO - 344
[2022-12-26T12:39:34.421+0530] {logging_mixin.py:137} INFO - 345
[2022-12-26T12:39:34.812+0530] {logging_mixin.py:137} INFO - 346
[2022-12-26T12:39:35.269+0530] {logging_mixin.py:137} INFO - 347
[2022-12-26T12:39:35.633+0530] {logging_mixin.py:137} INFO - 348
[2022-12-26T12:39:36.261+0530] {logging_mixin.py:137} INFO - 349
[2022-12-26T12:39:36.679+0530] {logging_mixin.py:137} INFO - 350
[2022-12-26T12:39:37.014+0530] {logging_mixin.py:137} INFO - 351
[2022-12-26T12:39:37.287+0530] {logging_mixin.py:137} INFO - 352
[2022-12-26T12:39:37.637+0530] {logging_mixin.py:137} INFO - 353
[2022-12-26T12:39:38.062+0530] {logging_mixin.py:137} INFO - 354
[2022-12-26T12:39:38.360+0530] {logging_mixin.py:137} INFO - 355
[2022-12-26T12:39:38.653+0530] {logging_mixin.py:137} INFO - 356
[2022-12-26T12:39:38.893+0530] {logging_mixin.py:137} INFO - 357
[2022-12-26T12:39:39.413+0530] {logging_mixin.py:137} INFO - 358
[2022-12-26T12:39:39.714+0530] {logging_mixin.py:137} INFO - 359
[2022-12-26T12:39:40.044+0530] {logging_mixin.py:137} INFO - 360
[2022-12-26T12:39:40.378+0530] {logging_mixin.py:137} INFO - 361
[2022-12-26T12:39:40.723+0530] {logging_mixin.py:137} INFO - 362
[2022-12-26T12:39:41.048+0530] {logging_mixin.py:137} INFO - 363
[2022-12-26T12:39:41.557+0530] {logging_mixin.py:137} INFO - 364
[2022-12-26T12:39:41.861+0530] {logging_mixin.py:137} INFO - 365
[2022-12-26T12:39:42.139+0530] {logging_mixin.py:137} INFO - 366
[2022-12-26T12:39:43.462+0530] {logging_mixin.py:137} INFO - 367
[2022-12-26T12:39:43.767+0530] {logging_mixin.py:137} INFO - 368
[2022-12-26T12:39:44.041+0530] {logging_mixin.py:137} INFO - 369
[2022-12-26T12:39:44.298+0530] {logging_mixin.py:137} INFO - 370
[2022-12-26T12:39:44.555+0530] {logging_mixin.py:137} INFO - 371
[2022-12-26T12:39:44.833+0530] {logging_mixin.py:137} INFO - 372
[2022-12-26T12:39:45.145+0530] {logging_mixin.py:137} INFO - 373
[2022-12-26T12:39:45.470+0530] {logging_mixin.py:137} INFO - 374
[2022-12-26T12:39:45.939+0530] {logging_mixin.py:137} INFO - 375
[2022-12-26T12:39:46.359+0530] {logging_mixin.py:137} INFO - 376
[2022-12-26T12:39:46.624+0530] {logging_mixin.py:137} INFO - 377
[2022-12-26T12:39:46.869+0530] {logging_mixin.py:137} INFO - 378
[2022-12-26T12:39:47.186+0530] {logging_mixin.py:137} INFO - 379
[2022-12-26T12:39:47.453+0530] {logging_mixin.py:137} INFO - 380
[2022-12-26T12:39:47.705+0530] {logging_mixin.py:137} INFO - 381
[2022-12-26T12:39:47.990+0530] {logging_mixin.py:137} INFO - 382
[2022-12-26T12:39:48.247+0530] {logging_mixin.py:137} INFO - 383
[2022-12-26T12:39:48.473+0530] {logging_mixin.py:137} INFO - 384
[2022-12-26T12:39:48.941+0530] {logging_mixin.py:137} INFO - 385
[2022-12-26T12:39:49.219+0530] {logging_mixin.py:137} INFO - 386
[2022-12-26T12:39:49.491+0530] {logging_mixin.py:137} INFO - 387
[2022-12-26T12:39:49.877+0530] {logging_mixin.py:137} INFO - 388
[2022-12-26T12:39:50.141+0530] {logging_mixin.py:137} INFO - 389
[2022-12-26T12:39:50.461+0530] {logging_mixin.py:137} INFO - 390
[2022-12-26T12:39:50.746+0530] {logging_mixin.py:137} INFO - 391
[2022-12-26T12:39:51.017+0530] {logging_mixin.py:137} INFO - 392
[2022-12-26T12:39:51.300+0530] {logging_mixin.py:137} INFO - 393
[2022-12-26T12:39:51.563+0530] {logging_mixin.py:137} INFO - 394
[2022-12-26T12:39:51.960+0530] {logging_mixin.py:137} INFO - 395
[2022-12-26T12:39:52.408+0530] {logging_mixin.py:137} INFO - 396
[2022-12-26T12:39:52.676+0530] {logging_mixin.py:137} INFO - 397
[2022-12-26T12:39:52.925+0530] {logging_mixin.py:137} INFO - 398
[2022-12-26T12:39:53.202+0530] {logging_mixin.py:137} INFO - 399
[2022-12-26T12:39:53.470+0530] {logging_mixin.py:137} INFO - 400
[2022-12-26T12:39:53.750+0530] {logging_mixin.py:137} INFO - 401
[2022-12-26T12:39:54.041+0530] {logging_mixin.py:137} INFO - 402
[2022-12-26T12:39:54.288+0530] {logging_mixin.py:137} INFO - 403
[2022-12-26T12:39:54.569+0530] {logging_mixin.py:137} INFO - 404
[2022-12-26T12:39:54.849+0530] {logging_mixin.py:137} INFO - 405
[2022-12-26T12:39:55.126+0530] {logging_mixin.py:137} INFO - 406
[2022-12-26T12:39:55.607+0530] {logging_mixin.py:137} INFO - 407
[2022-12-26T12:39:55.875+0530] {logging_mixin.py:137} INFO - 408
[2022-12-26T12:39:56.126+0530] {logging_mixin.py:137} INFO - 409
[2022-12-26T12:39:56.382+0530] {logging_mixin.py:137} INFO - 410
[2022-12-26T12:39:56.663+0530] {logging_mixin.py:137} INFO - 411
[2022-12-26T12:39:56.962+0530] {logging_mixin.py:137} INFO - 412
[2022-12-26T12:39:57.218+0530] {logging_mixin.py:137} INFO - 413
[2022-12-26T12:39:57.455+0530] {logging_mixin.py:137} INFO - 414
[2022-12-26T12:39:57.718+0530] {logging_mixin.py:137} INFO - 415
[2022-12-26T12:39:57.956+0530] {logging_mixin.py:137} INFO - 416
[2022-12-26T12:39:58.366+0530] {logging_mixin.py:137} INFO - 417
[2022-12-26T12:39:58.635+0530] {logging_mixin.py:137} INFO - 418
[2022-12-26T12:39:58.877+0530] {logging_mixin.py:137} INFO - 419
[2022-12-26T12:39:59.148+0530] {logging_mixin.py:137} INFO - 420
[2022-12-26T12:39:59.404+0530] {logging_mixin.py:137} INFO - 421
[2022-12-26T12:39:59.675+0530] {logging_mixin.py:137} INFO - 422
[2022-12-26T12:39:59.929+0530] {logging_mixin.py:137} INFO - 423
[2022-12-26T12:40:00.221+0530] {logging_mixin.py:137} INFO - 424
[2022-12-26T12:40:00.527+0530] {logging_mixin.py:137} INFO - 425
[2022-12-26T12:40:00.827+0530] {logging_mixin.py:137} INFO - 426
[2022-12-26T12:40:01.094+0530] {logging_mixin.py:137} INFO - 427
[2022-12-26T12:40:01.527+0530] {logging_mixin.py:137} INFO - 428
[2022-12-26T12:40:01.808+0530] {logging_mixin.py:137} INFO - 429
[2022-12-26T12:40:02.156+0530] {logging_mixin.py:137} INFO - 430
[2022-12-26T12:40:02.453+0530] {logging_mixin.py:137} INFO - 431
[2022-12-26T12:40:02.752+0530] {logging_mixin.py:137} INFO - 432
[2022-12-26T12:40:03.074+0530] {logging_mixin.py:137} INFO - 433
[2022-12-26T12:40:03.362+0530] {logging_mixin.py:137} INFO - 434
[2022-12-26T12:40:03.641+0530] {logging_mixin.py:137} INFO - 435
[2022-12-26T12:40:03.930+0530] {logging_mixin.py:137} INFO - 436
[2022-12-26T12:40:04.180+0530] {logging_mixin.py:137} INFO - 437
[2022-12-26T12:40:04.655+0530] {logging_mixin.py:137} INFO - 438
[2022-12-26T12:40:04.946+0530] {logging_mixin.py:137} INFO - 439
[2022-12-26T12:40:05.277+0530] {logging_mixin.py:137} INFO - 440
[2022-12-26T12:40:05.561+0530] {logging_mixin.py:137} INFO - 441
[2022-12-26T12:40:05.823+0530] {logging_mixin.py:137} INFO - 442
[2022-12-26T12:40:06.097+0530] {logging_mixin.py:137} INFO - 443
[2022-12-26T12:40:06.571+0530] {logging_mixin.py:137} INFO - 444
[2022-12-26T12:40:06.828+0530] {logging_mixin.py:137} INFO - 445
[2022-12-26T12:40:07.149+0530] {logging_mixin.py:137} INFO - 446
[2022-12-26T12:40:07.398+0530] {logging_mixin.py:137} INFO - 447
[2022-12-26T12:40:07.793+0530] {logging_mixin.py:137} INFO - 448
[2022-12-26T12:40:08.153+0530] {logging_mixin.py:137} INFO - 449
[2022-12-26T12:40:08.426+0530] {logging_mixin.py:137} INFO - 450
[2022-12-26T12:40:08.675+0530] {logging_mixin.py:137} INFO - 451
[2022-12-26T12:40:08.915+0530] {logging_mixin.py:137} INFO - 452
[2022-12-26T12:40:09.127+0530] {logging_mixin.py:137} INFO - 453
[2022-12-26T12:40:09.397+0530] {logging_mixin.py:137} INFO - 454
[2022-12-26T12:40:09.635+0530] {logging_mixin.py:137} INFO - 455
[2022-12-26T12:40:09.907+0530] {logging_mixin.py:137} INFO - 456
[2022-12-26T12:40:10.168+0530] {logging_mixin.py:137} INFO - 457
[2022-12-26T12:40:10.659+0530] {logging_mixin.py:137} INFO - 458
[2022-12-26T12:40:10.915+0530] {logging_mixin.py:137} INFO - 459
[2022-12-26T12:40:11.160+0530] {logging_mixin.py:137} INFO - 460
[2022-12-26T12:40:11.423+0530] {logging_mixin.py:137} INFO - 461
[2022-12-26T12:40:11.703+0530] {logging_mixin.py:137} INFO - 462
[2022-12-26T12:40:11.982+0530] {logging_mixin.py:137} INFO - 463
[2022-12-26T12:40:12.290+0530] {logging_mixin.py:137} INFO - 464
[2022-12-26T12:40:12.543+0530] {logging_mixin.py:137} INFO - 465
[2022-12-26T12:40:12.825+0530] {logging_mixin.py:137} INFO - 466
[2022-12-26T12:40:13.084+0530] {logging_mixin.py:137} INFO - 467
[2022-12-26T12:40:13.345+0530] {logging_mixin.py:137} INFO - 468
[2022-12-26T12:40:13.743+0530] {logging_mixin.py:137} INFO - 469
[2022-12-26T12:40:14.020+0530] {logging_mixin.py:137} INFO - 470
[2022-12-26T12:40:14.264+0530] {logging_mixin.py:137} INFO - 471
[2022-12-26T12:40:14.500+0530] {logging_mixin.py:137} INFO - 472
[2022-12-26T12:40:14.725+0530] {logging_mixin.py:137} INFO - 473
[2022-12-26T12:40:14.961+0530] {logging_mixin.py:137} INFO - 474
[2022-12-26T12:40:15.237+0530] {logging_mixin.py:137} INFO - 475
[2022-12-26T12:40:15.546+0530] {logging_mixin.py:137} INFO - 476
[2022-12-26T12:40:15.787+0530] {logging_mixin.py:137} INFO - 477
[2022-12-26T12:40:16.058+0530] {logging_mixin.py:137} INFO - 478
[2022-12-26T12:40:16.285+0530] {logging_mixin.py:137} INFO - 479
[2022-12-26T12:40:16.678+0530] {logging_mixin.py:137} INFO - 480
[2022-12-26T12:40:16.940+0530] {logging_mixin.py:137} INFO - 481
[2022-12-26T12:40:17.219+0530] {logging_mixin.py:137} INFO - 482
[2022-12-26T12:40:17.473+0530] {logging_mixin.py:137} INFO - 483
[2022-12-26T12:40:17.838+0530] {logging_mixin.py:137} INFO - 484
[2022-12-26T12:40:18.085+0530] {logging_mixin.py:137} INFO - 485
[2022-12-26T12:40:18.332+0530] {logging_mixin.py:137} INFO - 486
[2022-12-26T12:40:18.588+0530] {logging_mixin.py:137} INFO - 487
[2022-12-26T12:40:18.815+0530] {logging_mixin.py:137} INFO - 488
[2022-12-26T12:40:19.092+0530] {logging_mixin.py:137} INFO - 489
[2022-12-26T12:40:19.558+0530] {logging_mixin.py:137} INFO - 490
[2022-12-26T12:40:19.842+0530] {logging_mixin.py:137} INFO - 491
[2022-12-26T12:40:20.138+0530] {logging_mixin.py:137} INFO - 492
[2022-12-26T12:40:20.396+0530] {logging_mixin.py:137} INFO - 493
[2022-12-26T12:40:20.676+0530] {logging_mixin.py:137} INFO - 494
[2022-12-26T12:40:20.932+0530] {logging_mixin.py:137} INFO - 495
[2022-12-26T12:40:21.175+0530] {logging_mixin.py:137} INFO - 496
[2022-12-26T12:40:21.424+0530] {logging_mixin.py:137} INFO - 497
[2022-12-26T12:40:21.661+0530] {logging_mixin.py:137} INFO - 498
[2022-12-26T12:40:21.955+0530] {logging_mixin.py:137} INFO - 499
[2022-12-26T12:40:22.207+0530] {logging_mixin.py:137} INFO - 500
[2022-12-26T12:40:22.622+0530] {logging_mixin.py:137} INFO - 501
[2022-12-26T12:40:22.884+0530] {logging_mixin.py:137} INFO - 502
[2022-12-26T12:40:23.117+0530] {logging_mixin.py:137} INFO - 503
[2022-12-26T12:40:23.355+0530] {logging_mixin.py:137} INFO - 504
[2022-12-26T12:40:23.602+0530] {logging_mixin.py:137} INFO - 505
[2022-12-26T12:40:23.837+0530] {logging_mixin.py:137} INFO - 506
[2022-12-26T12:40:24.077+0530] {logging_mixin.py:137} INFO - 507
[2022-12-26T12:40:24.370+0530] {logging_mixin.py:137} INFO - 508
[2022-12-26T12:40:24.700+0530] {logging_mixin.py:137} INFO - 509
[2022-12-26T12:40:24.953+0530] {logging_mixin.py:137} INFO - 510
[2022-12-26T12:40:25.259+0530] {logging_mixin.py:137} INFO - 511
[2022-12-26T12:40:25.759+0530] {logging_mixin.py:137} INFO - 512
[2022-12-26T12:40:26.039+0530] {logging_mixin.py:137} INFO - 513
[2022-12-26T12:40:26.300+0530] {logging_mixin.py:137} INFO - 514
[2022-12-26T12:40:26.528+0530] {logging_mixin.py:137} INFO - 515
[2022-12-26T12:40:26.788+0530] {logging_mixin.py:137} INFO - 516
[2022-12-26T12:40:27.201+0530] {logging_mixin.py:137} INFO - 517
[2022-12-26T12:40:27.617+0530] {logging_mixin.py:137} INFO - 518
[2022-12-26T12:40:27.880+0530] {logging_mixin.py:137} INFO - 519
[2022-12-26T12:40:28.190+0530] {logging_mixin.py:137} INFO - 520
[2022-12-26T12:40:28.447+0530] {logging_mixin.py:137} INFO - 521
[2022-12-26T12:40:28.998+0530] {logging_mixin.py:137} INFO - 522
[2022-12-26T12:40:29.265+0530] {logging_mixin.py:137} INFO - 523
[2022-12-26T12:40:29.518+0530] {logging_mixin.py:137} INFO - 524
[2022-12-26T12:40:29.816+0530] {logging_mixin.py:137} INFO - 525
[2022-12-26T12:40:30.173+0530] {logging_mixin.py:137} INFO - 526
[2022-12-26T12:40:30.567+0530] {logging_mixin.py:137} INFO - 527
[2022-12-26T12:40:30.849+0530] {logging_mixin.py:137} INFO - 528
[2022-12-26T12:40:31.109+0530] {logging_mixin.py:137} INFO - 529
[2022-12-26T12:40:31.392+0530] {logging_mixin.py:137} INFO - 530
[2022-12-26T12:40:31.673+0530] {logging_mixin.py:137} INFO - 531
[2022-12-26T12:40:31.918+0530] {logging_mixin.py:137} INFO - 532
[2022-12-26T12:40:32.370+0530] {logging_mixin.py:137} INFO - 533
[2022-12-26T12:40:32.628+0530] {logging_mixin.py:137} INFO - 534
[2022-12-26T12:40:32.908+0530] {logging_mixin.py:137} INFO - 535
[2022-12-26T12:40:33.348+0530] {logging_mixin.py:137} INFO - 536
[2022-12-26T12:40:33.630+0530] {logging_mixin.py:137} INFO - 537
[2022-12-26T12:40:33.944+0530] {logging_mixin.py:137} INFO - 538
[2022-12-26T12:40:34.237+0530] {logging_mixin.py:137} INFO - 539
[2022-12-26T12:40:34.515+0530] {logging_mixin.py:137} INFO - 540
[2022-12-26T12:40:34.811+0530] {logging_mixin.py:137} INFO - 541
[2022-12-26T12:40:35.095+0530] {logging_mixin.py:137} INFO - 542
[2022-12-26T12:40:35.599+0530] {logging_mixin.py:137} INFO - 543
[2022-12-26T12:40:35.869+0530] {logging_mixin.py:137} INFO - 544
[2022-12-26T12:40:36.138+0530] {logging_mixin.py:137} INFO - 545
[2022-12-26T12:40:36.396+0530] {logging_mixin.py:137} INFO - 546
[2022-12-26T12:40:36.679+0530] {logging_mixin.py:137} INFO - 547
[2022-12-26T12:40:36.964+0530] {logging_mixin.py:137} INFO - 548
[2022-12-26T12:40:37.263+0530] {logging_mixin.py:137} INFO - 549
[2022-12-26T12:40:37.537+0530] {logging_mixin.py:137} INFO - 550
[2022-12-26T12:40:37.818+0530] {logging_mixin.py:137} INFO - 551
[2022-12-26T12:40:38.242+0530] {logging_mixin.py:137} INFO - 552
[2022-12-26T12:40:38.499+0530] {logging_mixin.py:137} INFO - 553
[2022-12-26T12:40:38.911+0530] {logging_mixin.py:137} INFO - 554
[2022-12-26T12:40:40.470+0530] {logging_mixin.py:137} INFO - 555
[2022-12-26T12:40:40.781+0530] {logging_mixin.py:137} INFO - 556
[2022-12-26T12:40:41.040+0530] {logging_mixin.py:137} INFO - 557
[2022-12-26T12:40:41.322+0530] {logging_mixin.py:137} INFO - 558
[2022-12-26T12:40:41.610+0530] {logging_mixin.py:137} INFO - 559
[2022-12-26T12:40:42.003+0530] {logging_mixin.py:137} INFO - 560
[2022-12-26T12:40:42.424+0530] {logging_mixin.py:137} INFO - 561
[2022-12-26T12:40:42.701+0530] {logging_mixin.py:137} INFO - 562
[2022-12-26T12:40:42.967+0530] {logging_mixin.py:137} INFO - 563
[2022-12-26T12:40:43.420+0530] {logging_mixin.py:137} INFO - 564
[2022-12-26T12:40:43.678+0530] {logging_mixin.py:137} INFO - 565
[2022-12-26T12:40:43.964+0530] {logging_mixin.py:137} INFO - 566
[2022-12-26T12:40:44.236+0530] {logging_mixin.py:137} INFO - 567
[2022-12-26T12:40:44.507+0530] {logging_mixin.py:137} INFO - 568
[2022-12-26T12:40:44.814+0530] {logging_mixin.py:137} INFO - 569
[2022-12-26T12:40:45.130+0530] {logging_mixin.py:137} INFO - 570
[2022-12-26T12:40:45.413+0530] {logging_mixin.py:137} INFO - 571
[2022-12-26T12:40:45.720+0530] {logging_mixin.py:137} INFO - 572
[2022-12-26T12:40:46.003+0530] {logging_mixin.py:137} INFO - 573
[2022-12-26T12:40:46.447+0530] {logging_mixin.py:137} INFO - 574
[2022-12-26T12:40:46.699+0530] {logging_mixin.py:137} INFO - 575
[2022-12-26T12:40:46.964+0530] {logging_mixin.py:137} INFO - 576
[2022-12-26T12:40:47.242+0530] {logging_mixin.py:137} INFO - 577
[2022-12-26T12:40:47.483+0530] {logging_mixin.py:137} INFO - 578
[2022-12-26T12:40:47.758+0530] {logging_mixin.py:137} INFO - 579
[2022-12-26T12:40:48.025+0530] {logging_mixin.py:137} INFO - 580
[2022-12-26T12:40:48.272+0530] {logging_mixin.py:137} INFO - 581
[2022-12-26T12:40:48.543+0530] {logging_mixin.py:137} INFO - 582
[2022-12-26T12:40:48.789+0530] {logging_mixin.py:137} INFO - 583
[2022-12-26T12:40:49.323+0530] {logging_mixin.py:137} INFO - 584
[2022-12-26T12:40:49.559+0530] {logging_mixin.py:137} INFO - 585
[2022-12-26T12:40:49.824+0530] {logging_mixin.py:137} INFO - 586
[2022-12-26T12:40:50.083+0530] {logging_mixin.py:137} INFO - 587
[2022-12-26T12:40:50.408+0530] {logging_mixin.py:137} INFO - 588
[2022-12-26T12:40:50.817+0530] {logging_mixin.py:137} INFO - 589
[2022-12-26T12:40:51.130+0530] {logging_mixin.py:137} INFO - 590
[2022-12-26T12:40:51.397+0530] {logging_mixin.py:137} INFO - 591
[2022-12-26T12:40:51.698+0530] {logging_mixin.py:137} INFO - 592
[2022-12-26T12:40:51.953+0530] {logging_mixin.py:137} INFO - 593
[2022-12-26T12:40:52.435+0530] {logging_mixin.py:137} INFO - 594
[2022-12-26T12:40:52.723+0530] {logging_mixin.py:137} INFO - 595
[2022-12-26T12:40:53.027+0530] {logging_mixin.py:137} INFO - 596
[2022-12-26T12:40:53.305+0530] {logging_mixin.py:137} INFO - 597
[2022-12-26T12:40:54.609+0530] {logging_mixin.py:137} INFO - 598
[2022-12-26T12:40:54.894+0530] {logging_mixin.py:137} INFO - 599
[2022-12-26T12:40:55.159+0530] {logging_mixin.py:137} INFO - 600
[2022-12-26T12:40:55.488+0530] {logging_mixin.py:137} INFO - 601
[2022-12-26T12:40:55.878+0530] {logging_mixin.py:137} INFO - 602
[2022-12-26T12:40:56.180+0530] {logging_mixin.py:137} INFO - 603
[2022-12-26T12:40:56.671+0530] {logging_mixin.py:137} INFO - 604
[2022-12-26T12:40:57.158+0530] {logging_mixin.py:137} INFO - 605
[2022-12-26T12:40:57.472+0530] {logging_mixin.py:137} INFO - 606
[2022-12-26T12:40:57.746+0530] {logging_mixin.py:137} INFO - 607
[2022-12-26T12:40:57.992+0530] {logging_mixin.py:137} INFO - 608
[2022-12-26T12:40:58.269+0530] {logging_mixin.py:137} INFO - 609
[2022-12-26T12:40:58.590+0530] {logging_mixin.py:137} INFO - 610
[2022-12-26T12:40:58.967+0530] {logging_mixin.py:137} INFO - 611
[2022-12-26T12:40:59.390+0530] {logging_mixin.py:137} INFO - 612
[2022-12-26T12:40:59.822+0530] {logging_mixin.py:137} INFO - 613
[2022-12-26T12:41:00.822+0530] {logging_mixin.py:137} INFO - 614
[2022-12-26T12:41:01.324+0530] {logging_mixin.py:137} INFO - 615
[2022-12-26T12:41:01.652+0530] {logging_mixin.py:137} INFO - 616
[2022-12-26T12:41:01.923+0530] {logging_mixin.py:137} INFO - 617
[2022-12-26T12:41:02.214+0530] {logging_mixin.py:137} INFO - 618
[2022-12-26T12:41:02.520+0530] {logging_mixin.py:137} INFO - 619
[2022-12-26T12:41:02.955+0530] {logging_mixin.py:137} INFO - 620
[2022-12-26T12:41:03.418+0530] {logging_mixin.py:137} INFO - 621
[2022-12-26T12:41:03.863+0530] {logging_mixin.py:137} INFO - 622
[2022-12-26T12:41:04.292+0530] {logging_mixin.py:137} INFO - 623
[2022-12-26T12:41:04.602+0530] {logging_mixin.py:137} INFO - 624
[2022-12-26T12:41:04.980+0530] {logging_mixin.py:137} INFO - 625
[2022-12-26T12:41:05.259+0530] {logging_mixin.py:137} INFO - 626
[2022-12-26T12:41:05.582+0530] {logging_mixin.py:137} INFO - 627
[2022-12-26T12:41:05.909+0530] {logging_mixin.py:137} INFO - 628
[2022-12-26T12:41:06.269+0530] {logging_mixin.py:137} INFO - 629
[2022-12-26T12:41:06.581+0530] {logging_mixin.py:137} INFO - 630
[2022-12-26T12:41:06.844+0530] {logging_mixin.py:137} INFO - 631
[2022-12-26T12:41:07.209+0530] {logging_mixin.py:137} INFO - 632
[2022-12-26T12:41:07.816+0530] {logging_mixin.py:137} INFO - 633
[2022-12-26T12:41:08.117+0530] {logging_mixin.py:137} INFO - 634
[2022-12-26T12:41:08.416+0530] {logging_mixin.py:137} INFO - 635
[2022-12-26T12:41:08.688+0530] {logging_mixin.py:137} INFO - 636
[2022-12-26T12:41:08.979+0530] {logging_mixin.py:137} INFO - 637
[2022-12-26T12:41:09.259+0530] {logging_mixin.py:137} INFO - 638
[2022-12-26T12:41:09.528+0530] {logging_mixin.py:137} INFO - 639
[2022-12-26T12:41:09.823+0530] {logging_mixin.py:137} INFO - 640
[2022-12-26T12:41:10.184+0530] {logging_mixin.py:137} INFO - 641
[2022-12-26T12:41:10.666+0530] {logging_mixin.py:137} INFO - 642
[2022-12-26T12:41:10.938+0530] {logging_mixin.py:137} INFO - 643
[2022-12-26T12:41:11.216+0530] {logging_mixin.py:137} INFO - 644
[2022-12-26T12:41:11.462+0530] {logging_mixin.py:137} INFO - 645
[2022-12-26T12:41:11.702+0530] {logging_mixin.py:137} INFO - 646
[2022-12-26T12:41:11.983+0530] {logging_mixin.py:137} INFO - 647
[2022-12-26T12:41:12.264+0530] {logging_mixin.py:137} INFO - 648
[2022-12-26T12:41:12.554+0530] {logging_mixin.py:137} INFO - 649
[2022-12-26T12:41:12.818+0530] {logging_mixin.py:137} INFO - 650
[2022-12-26T12:41:13.116+0530] {logging_mixin.py:137} INFO - 651
[2022-12-26T12:41:13.526+0530] {logging_mixin.py:137} INFO - 652
[2022-12-26T12:41:13.784+0530] {logging_mixin.py:137} INFO - 653
[2022-12-26T12:41:14.040+0530] {logging_mixin.py:137} INFO - 654
[2022-12-26T12:41:14.289+0530] {logging_mixin.py:137} INFO - 655
[2022-12-26T12:41:14.528+0530] {logging_mixin.py:137} INFO - 656
[2022-12-26T12:41:14.804+0530] {logging_mixin.py:137} INFO - 657
[2022-12-26T12:41:15.102+0530] {logging_mixin.py:137} INFO - 658
[2022-12-26T12:41:15.375+0530] {logging_mixin.py:137} INFO - 659
[2022-12-26T12:41:15.675+0530] {logging_mixin.py:137} INFO - 660
[2022-12-26T12:41:16.108+0530] {logging_mixin.py:137} INFO - 661
[2022-12-26T12:41:16.385+0530] {logging_mixin.py:137} INFO - 662
[2022-12-26T12:41:16.670+0530] {logging_mixin.py:137} INFO - 663
[2022-12-26T12:41:16.945+0530] {logging_mixin.py:137} INFO - 664
[2022-12-26T12:41:17.219+0530] {logging_mixin.py:137} INFO - 665
[2022-12-26T12:41:17.479+0530] {logging_mixin.py:137} INFO - 666
[2022-12-26T12:41:17.738+0530] {logging_mixin.py:137} INFO - 667
[2022-12-26T12:41:18.119+0530] {logging_mixin.py:137} INFO - 668
[2022-12-26T12:41:18.415+0530] {logging_mixin.py:137} INFO - 669
[2022-12-26T12:41:18.862+0530] {logging_mixin.py:137} INFO - 670
[2022-12-26T12:41:19.142+0530] {logging_mixin.py:137} INFO - 671
[2022-12-26T12:41:19.464+0530] {logging_mixin.py:137} INFO - 672
[2022-12-26T12:41:19.781+0530] {logging_mixin.py:137} INFO - 673
[2022-12-26T12:41:20.042+0530] {logging_mixin.py:137} INFO - 674
[2022-12-26T12:41:20.383+0530] {logging_mixin.py:137} INFO - 675
[2022-12-26T12:41:20.697+0530] {logging_mixin.py:137} INFO - 676
[2022-12-26T12:41:20.970+0530] {logging_mixin.py:137} INFO - 677
[2022-12-26T12:41:21.232+0530] {logging_mixin.py:137} INFO - 678
[2022-12-26T12:41:21.685+0530] {logging_mixin.py:137} INFO - 679
[2022-12-26T12:41:22.004+0530] {logging_mixin.py:137} INFO - 680
[2022-12-26T12:41:23.522+0530] {logging_mixin.py:137} INFO - 681
[2022-12-26T12:41:23.810+0530] {logging_mixin.py:137} INFO - 682
[2022-12-26T12:41:24.129+0530] {logging_mixin.py:137} INFO - 683
[2022-12-26T12:41:24.424+0530] {logging_mixin.py:137} INFO - 684
[2022-12-26T12:41:24.772+0530] {logging_mixin.py:137} INFO - 685
[2022-12-26T12:41:25.060+0530] {logging_mixin.py:137} INFO - 686
[2022-12-26T12:41:25.331+0530] {logging_mixin.py:137} INFO - 687
[2022-12-26T12:41:25.855+0530] {logging_mixin.py:137} INFO - 688
[2022-12-26T12:41:26.092+0530] {logging_mixin.py:137} INFO - 689
[2022-12-26T12:41:26.389+0530] {logging_mixin.py:137} INFO - 690
[2022-12-26T12:41:26.683+0530] {logging_mixin.py:137} INFO - 691
[2022-12-26T12:41:26.970+0530] {logging_mixin.py:137} INFO - 692
[2022-12-26T12:41:27.260+0530] {logging_mixin.py:137} INFO - 693
[2022-12-26T12:41:27.545+0530] {logging_mixin.py:137} INFO - 694
[2022-12-26T12:41:27.822+0530] {logging_mixin.py:137} INFO - 695
[2022-12-26T12:41:28.110+0530] {logging_mixin.py:137} INFO - 696
[2022-12-26T12:41:29.520+0530] {logging_mixin.py:137} INFO - 697
[2022-12-26T12:41:29.782+0530] {logging_mixin.py:137} INFO - 698
[2022-12-26T12:41:30.091+0530] {logging_mixin.py:137} INFO - 699
[2022-12-26T12:41:30.378+0530] {logging_mixin.py:137} INFO - 700
[2022-12-26T12:41:30.942+0530] {logging_mixin.py:137} INFO - 701
[2022-12-26T12:41:31.205+0530] {logging_mixin.py:137} INFO - 702
[2022-12-26T12:41:31.458+0530] {logging_mixin.py:137} INFO - 703
[2022-12-26T12:41:31.710+0530] {logging_mixin.py:137} INFO - 704
[2022-12-26T12:41:32.071+0530] {logging_mixin.py:137} INFO - 705
[2022-12-26T12:41:32.473+0530] {logging_mixin.py:137} INFO - 706
[2022-12-26T12:41:32.746+0530] {logging_mixin.py:137} INFO - 707
[2022-12-26T12:41:33.040+0530] {logging_mixin.py:137} INFO - 708
[2022-12-26T12:41:33.297+0530] {logging_mixin.py:137} INFO - 709
[2022-12-26T12:41:33.614+0530] {logging_mixin.py:137} INFO - 710
[2022-12-26T12:41:33.890+0530] {logging_mixin.py:137} INFO - 711
[2022-12-26T12:41:34.192+0530] {logging_mixin.py:137} INFO - 712
[2022-12-26T12:41:34.454+0530] {logging_mixin.py:137} INFO - 713
[2022-12-26T12:41:34.970+0530] {logging_mixin.py:137} INFO - 714
[2022-12-26T12:41:35.343+0530] {logging_mixin.py:137} INFO - 715
[2022-12-26T12:41:35.633+0530] {logging_mixin.py:137} INFO - 716
[2022-12-26T12:41:35.931+0530] {logging_mixin.py:137} INFO - 717
[2022-12-26T12:41:36.243+0530] {logging_mixin.py:137} INFO - 718
[2022-12-26T12:41:36.540+0530] {logging_mixin.py:137} INFO - 719
[2022-12-26T12:41:36.795+0530] {logging_mixin.py:137} INFO - 720
[2022-12-26T12:41:37.104+0530] {logging_mixin.py:137} INFO - 721
[2022-12-26T12:41:37.448+0530] {logging_mixin.py:137} INFO - 722
[2022-12-26T12:41:38.291+0530] {logging_mixin.py:137} INFO - 723
[2022-12-26T12:41:38.623+0530] {logging_mixin.py:137} INFO - 724
[2022-12-26T12:41:39.054+0530] {logging_mixin.py:137} INFO - 725
[2022-12-26T12:41:39.496+0530] {logging_mixin.py:137} INFO - 726
[2022-12-26T12:41:41.225+0530] {logging_mixin.py:137} INFO - 727
[2022-12-26T12:41:41.569+0530] {logging_mixin.py:137} INFO - 728
[2022-12-26T12:41:41.898+0530] {logging_mixin.py:137} INFO - 729
[2022-12-26T12:41:42.240+0530] {logging_mixin.py:137} INFO - 730
[2022-12-26T12:41:42.741+0530] {logging_mixin.py:137} INFO - 731
[2022-12-26T12:41:43.307+0530] {logging_mixin.py:137} INFO - 732
[2022-12-26T12:41:43.653+0530] {logging_mixin.py:137} INFO - 733
[2022-12-26T12:41:43.946+0530] {logging_mixin.py:137} INFO - 734
[2022-12-26T12:41:44.230+0530] {logging_mixin.py:137} INFO - 735
[2022-12-26T12:41:44.565+0530] {logging_mixin.py:137} INFO - 736
[2022-12-26T12:41:44.848+0530] {logging_mixin.py:137} INFO - 737
[2022-12-26T12:41:45.219+0530] {logging_mixin.py:137} INFO - 738
[2022-12-26T12:41:45.644+0530] {logging_mixin.py:137} INFO - 739
[2022-12-26T12:41:45.966+0530] {logging_mixin.py:137} INFO - 740
[2022-12-26T12:41:46.449+0530] {logging_mixin.py:137} INFO - 741
[2022-12-26T12:41:46.733+0530] {logging_mixin.py:137} INFO - 742
[2022-12-26T12:41:47.045+0530] {logging_mixin.py:137} INFO - 743
[2022-12-26T12:41:47.358+0530] {logging_mixin.py:137} INFO - 744
[2022-12-26T12:41:47.648+0530] {logging_mixin.py:137} INFO - 745
[2022-12-26T12:41:47.980+0530] {logging_mixin.py:137} INFO - 746
[2022-12-26T12:41:48.361+0530] {logging_mixin.py:137} INFO - 747
[2022-12-26T12:41:48.674+0530] {logging_mixin.py:137} INFO - 748
[2022-12-26T12:41:49.007+0530] {logging_mixin.py:137} INFO - 749
[2022-12-26T12:41:49.474+0530] {logging_mixin.py:137} INFO - 750
[2022-12-26T12:41:49.768+0530] {logging_mixin.py:137} INFO - 751
[2022-12-26T12:41:50.080+0530] {logging_mixin.py:137} INFO - 752
[2022-12-26T12:41:50.452+0530] {logging_mixin.py:137} INFO - 753
[2022-12-26T12:41:50.773+0530] {logging_mixin.py:137} INFO - 754
[2022-12-26T12:41:51.123+0530] {logging_mixin.py:137} INFO - 755
[2022-12-26T12:41:51.465+0530] {logging_mixin.py:137} INFO - 756
[2022-12-26T12:41:51.760+0530] {logging_mixin.py:137} INFO - 757
[2022-12-26T12:41:52.083+0530] {logging_mixin.py:137} INFO - 758
[2022-12-26T12:41:52.739+0530] {logging_mixin.py:137} INFO - 759
[2022-12-26T12:41:53.116+0530] {logging_mixin.py:137} INFO - 760
[2022-12-26T12:41:54.103+0530] {logging_mixin.py:137} INFO - 761
[2022-12-26T12:41:54.382+0530] {logging_mixin.py:137} INFO - 762
[2022-12-26T12:41:54.673+0530] {logging_mixin.py:137} INFO - 763
[2022-12-26T12:41:54.947+0530] {logging_mixin.py:137} INFO - 764
[2022-12-26T12:41:55.357+0530] {logging_mixin.py:137} INFO - 765
[2022-12-26T12:41:56.536+0530] {logging_mixin.py:137} INFO - 766
[2022-12-26T12:41:57.565+0530] {logging_mixin.py:137} INFO - 767
[2022-12-26T12:41:57.924+0530] {logging_mixin.py:137} INFO - 768
[2022-12-26T12:41:58.999+0530] {logging_mixin.py:137} INFO - 769
[2022-12-26T12:42:00.213+0530] {logging_mixin.py:137} INFO - 770
[2022-12-26T12:42:00.967+0530] {logging_mixin.py:137} INFO - 771
[2022-12-26T12:42:02.384+0530] {logging_mixin.py:137} INFO - 772
[2022-12-26T12:42:03.754+0530] {logging_mixin.py:137} INFO - 773
[2022-12-26T12:42:04.056+0530] {logging_mixin.py:137} INFO - 774
[2022-12-26T12:42:05.641+0530] {logging_mixin.py:137} INFO - 775
[2022-12-26T12:42:05.948+0530] {logging_mixin.py:137} INFO - 776
[2022-12-26T12:42:06.485+0530] {logging_mixin.py:137} INFO - 777
[2022-12-26T12:42:06.967+0530] {logging_mixin.py:137} INFO - 778
[2022-12-26T12:42:41.540+0530] {local_task_job.py:223} WARNING - State of this instance has been externally set to failed. Terminating instance.
[2022-12-26T12:42:41.600+0530] {process_utils.py:129} INFO - Sending Signals.SIGTERM to group 28986. PIDs of all processes in the group: [28986]
[2022-12-26T12:42:41.602+0530] {process_utils.py:84} INFO - Sending the signal Signals.SIGTERM to group 28986
[2022-12-26T12:42:41.603+0530] {taskinstance.py:1483} ERROR - Received SIGTERM. Terminating subprocesses.
[2022-12-26T12:42:41.605+0530] {logging_mixin.py:137} INFO - 779
[2022-12-26T12:43:13.860+0530] {logging_mixin.py:137} INFO - 780
[2022-12-26T12:43:29.554+0530] {logging_mixin.py:137} INFO - 781
[2022-12-26T12:43:36.540+0530] {logging_mixin.py:137} INFO - 782
[2022-12-26T12:43:38.937+0530] {logging_mixin.py:137} INFO - 783
[2022-12-26T12:43:41.349+0530] {logging_mixin.py:137} INFO - 784
[2022-12-26T12:43:41.622+0530] {process_utils.py:147} WARNING - process psutil.Process(pid=28986, name='airflow task runner: Money__Market extract_data manual__2022-12-25T18:47:59.775664+00:00 784', status='sleeping', started='12:37:41') did not respond to SIGTERM. Trying SIGKILL
[2022-12-26T12:43:41.642+0530] {process_utils.py:84} INFO - Sending the signal Signals.SIGKILL to group 28986
[2022-12-26T12:43:41.698+0530] {process_utils.py:79} INFO - Process psutil.Process(pid=28986, name='airflow task runner: Money__Market extract_data manual__2022-12-25T18:47:59.775664+00:00 784', status='terminated', exitcode=<Negsignal.SIGKILL: -9>, started='12:37:41') (28986) terminated with exit code Negsignal.SIGKILL
[2022-12-26T12:43:41.701+0530] {standard_task_runner.py:168} ERROR - Job 784 was killed before it finished (likely due to running out of memory)
