[2023-02-01T21:08:07.700+0530] {taskinstance.py:1087} INFO - Dependencies all met for <TaskInstance: Monthly.finish_task scheduled__2023-01-14T00:00:00+00:00 [queued]>
[2023-02-01T21:08:07.717+0530] {taskinstance.py:1087} INFO - Dependencies all met for <TaskInstance: Monthly.finish_task scheduled__2023-01-14T00:00:00+00:00 [queued]>
[2023-02-01T21:08:07.718+0530] {taskinstance.py:1283} INFO - 
--------------------------------------------------------------------------------
[2023-02-01T21:08:07.719+0530] {taskinstance.py:1284} INFO - Starting attempt 1 of 4
[2023-02-01T21:08:07.719+0530] {taskinstance.py:1285} INFO - 
--------------------------------------------------------------------------------
[2023-02-01T21:08:07.742+0530] {taskinstance.py:1304} INFO - Executing <Task(BashOperator): finish_task> on 2023-01-14 00:00:00+00:00
[2023-02-01T21:08:07.751+0530] {standard_task_runner.py:55} INFO - Started process 1663 to run task
[2023-02-01T21:08:07.754+0530] {standard_task_runner.py:82} INFO - Running: ['airflow', 'tasks', 'run', 'Monthly', 'finish_task', 'scheduled__2023-01-14T00:00:00+00:00', '--job-id', '3257', '--raw', '--subdir', 'DAGS_FOLDER/Monthly.py', '--cfg-path', '/tmp/tmpip25x805']
[2023-02-01T21:08:07.756+0530] {standard_task_runner.py:83} INFO - Job 3257: Subtask finish_task
[2023-02-01T21:08:07.848+0530] {task_command.py:389} INFO - Running <TaskInstance: Monthly.finish_task scheduled__2023-01-14T00:00:00+00:00 [running]> on host DESKTOP-SQIOQPD.
[2023-02-01T21:08:07.964+0530] {taskinstance.py:1511} INFO - Exporting the following env vars:
AIRFLOW_CTX_DAG_EMAIL=nikheleshbhattacharyya@gmail.com
AIRFLOW_CTX_DAG_OWNER=airflow
AIRFLOW_CTX_DAG_ID=Monthly
AIRFLOW_CTX_TASK_ID=finish_task
AIRFLOW_CTX_EXECUTION_DATE=2023-01-14T00:00:00+00:00
AIRFLOW_CTX_TRY_NUMBER=1
AIRFLOW_CTX_DAG_RUN_ID=scheduled__2023-01-14T00:00:00+00:00
[2023-02-01T21:08:07.966+0530] {subprocess.py:63} INFO - Tmp dir root location: 
 /tmp
[2023-02-01T21:08:07.967+0530] {subprocess.py:75} INFO - Running command: ['/usr/bin/bash', '-c', 'echo finish']
[2023-02-01T21:08:07.988+0530] {subprocess.py:86} INFO - Output:
[2023-02-01T21:08:07.989+0530] {subprocess.py:93} INFO - finish
[2023-02-01T21:08:07.990+0530] {subprocess.py:97} INFO - Command exited with return code 0
[2023-02-01T21:08:08.030+0530] {taskinstance.py:1322} INFO - Marking task as SUCCESS. dag_id=Monthly, task_id=finish_task, execution_date=20230114T000000, start_date=20230201T153807, end_date=20230201T153808
[2023-02-01T21:08:08.093+0530] {local_task_job.py:159} INFO - Task exited with return code 0
[2023-02-01T21:08:08.119+0530] {taskinstance.py:2582} INFO - 0 downstream tasks scheduled from follow-on schedule check
