[2023-02-03T11:54:26.204+0530] {taskinstance.py:1087} INFO - Dependencies all met for <TaskInstance: NSE_Open_Interest.extract manual__2023-02-03T06:24:15.787818+00:00 [queued]>
[2023-02-03T11:54:26.225+0530] {taskinstance.py:1087} INFO - Dependencies all met for <TaskInstance: NSE_Open_Interest.extract manual__2023-02-03T06:24:15.787818+00:00 [queued]>
[2023-02-03T11:54:26.225+0530] {taskinstance.py:1283} INFO - 
--------------------------------------------------------------------------------
[2023-02-03T11:54:26.225+0530] {taskinstance.py:1284} INFO - Starting attempt 1 of 4
[2023-02-03T11:54:26.225+0530] {taskinstance.py:1285} INFO - 
--------------------------------------------------------------------------------
[2023-02-03T11:54:26.253+0530] {taskinstance.py:1304} INFO - Executing <Task(PythonOperator): extract> on 2023-02-03 06:24:15.787818+00:00
[2023-02-03T11:54:26.261+0530] {standard_task_runner.py:55} INFO - Started process 20791 to run task
[2023-02-03T11:54:26.265+0530] {standard_task_runner.py:82} INFO - Running: ['airflow', 'tasks', 'run', 'NSE_Open_Interest', 'extract', 'manual__2023-02-03T06:24:15.787818+00:00', '--job-id', '3929', '--raw', '--subdir', 'DAGS_FOLDER/NSE_Open_Interest.py', '--cfg-path', '/tmp/tmpqcjm9dce']
[2023-02-03T11:54:26.267+0530] {standard_task_runner.py:83} INFO - Job 3929: Subtask extract
[2023-02-03T11:54:26.342+0530] {task_command.py:389} INFO - Running <TaskInstance: NSE_Open_Interest.extract manual__2023-02-03T06:24:15.787818+00:00 [running]> on host DESKTOP-SQIOQPD.
[2023-02-03T11:54:26.429+0530] {taskinstance.py:1511} INFO - Exporting the following env vars:
AIRFLOW_CTX_DAG_EMAIL=nikheleshbhattacharyya@gmail.com
AIRFLOW_CTX_DAG_OWNER=airflow
AIRFLOW_CTX_DAG_ID=NSE_Open_Interest
AIRFLOW_CTX_TASK_ID=extract
AIRFLOW_CTX_EXECUTION_DATE=2023-02-03T06:24:15.787818+00:00
AIRFLOW_CTX_TRY_NUMBER=1
AIRFLOW_CTX_DAG_RUN_ID=manual__2023-02-03T06:24:15.787818+00:00
[2023-02-03T11:54:26.431+0530] {logging_mixin.py:137} INFO - 2020-02-14 00:00:00
[2023-02-03T11:54:26.587+0530] {logging_mixin.py:137} INFO - 2020-02-15 00:00:00
[2023-02-03T11:54:29.786+0530] {logging_mixin.py:137} INFO - 2020-02-16 00:00:00
[2023-02-03T11:54:32.914+0530] {logging_mixin.py:137} INFO - 2020-02-17 00:00:00
[2023-02-03T11:54:32.939+0530] {logging_mixin.py:137} INFO - 2020-02-18 00:00:00
[2023-02-03T11:54:33.164+0530] {logging_mixin.py:137} INFO - 2020-02-19 00:00:00
[2023-02-03T11:54:33.187+0530] {logging_mixin.py:137} INFO - 2020-02-20 00:00:00
[2023-02-03T11:54:33.210+0530] {logging_mixin.py:137} INFO - 2020-02-21 00:00:00
[2023-02-03T11:54:36.340+0530] {logging_mixin.py:137} INFO - 2020-02-22 00:00:00
[2023-02-03T11:54:36.367+0530] {logging_mixin.py:137} INFO - 2020-02-23 00:00:00
[2023-02-03T11:54:39.485+0530] {logging_mixin.py:137} INFO - 2020-02-24 00:00:00
[2023-02-03T11:54:39.941+0530] {logging_mixin.py:137} INFO - 2020-02-25 00:00:00
[2023-02-03T11:54:40.131+0530] {taskinstance.py:1772} ERROR - Task failed with exception
Traceback (most recent call last):
  File "/usr/local/lib/python3.8/dist-packages/airflow/operators/python.py", line 175, in execute
    return_value = self.execute_callable()
  File "/usr/local/lib/python3.8/dist-packages/airflow/operators/python.py", line 192, in execute_callable
    return self.python_callable(*self.op_args, **self.op_kwargs)
  File "/root/airflow/dags/NSE_Open_Interest.py", line 83, in extract
    dd,values = get_data(date)
TypeError: cannot unpack non-iterable NoneType object
[2023-02-03T11:54:40.136+0530] {taskinstance.py:1322} INFO - Marking task as UP_FOR_RETRY. dag_id=NSE_Open_Interest, task_id=extract, execution_date=20230203T062415, start_date=20230203T062426, end_date=20230203T062440
[2023-02-03T11:54:40.156+0530] {standard_task_runner.py:100} ERROR - Failed to execute job 3929 for task extract (cannot unpack non-iterable NoneType object; 20791)
[2023-02-03T11:54:40.175+0530] {local_task_job.py:159} INFO - Task exited with return code 1
[2023-02-03T11:54:40.250+0530] {taskinstance.py:2582} INFO - 0 downstream tasks scheduled from follow-on schedule check
