[2023-02-15T21:59:10.277+0530] {taskinstance.py:1087} INFO - Dependencies all met for <TaskInstance: NSE_Open_Interest.finish_task scheduled__2023-02-13T00:00:00+00:00 [queued]>
[2023-02-15T21:59:10.288+0530] {taskinstance.py:1087} INFO - Dependencies all met for <TaskInstance: NSE_Open_Interest.finish_task scheduled__2023-02-13T00:00:00+00:00 [queued]>
[2023-02-15T21:59:10.288+0530] {taskinstance.py:1283} INFO - 
--------------------------------------------------------------------------------
[2023-02-15T21:59:10.288+0530] {taskinstance.py:1284} INFO - Starting attempt 1 of 4
[2023-02-15T21:59:10.289+0530] {taskinstance.py:1285} INFO - 
--------------------------------------------------------------------------------
[2023-02-15T21:59:10.304+0530] {taskinstance.py:1304} INFO - Executing <Task(BashOperator): finish_task> on 2023-02-13 00:00:00+00:00
[2023-02-15T21:59:10.311+0530] {standard_task_runner.py:55} INFO - Started process 1401 to run task
[2023-02-15T21:59:10.315+0530] {standard_task_runner.py:82} INFO - Running: ['airflow', 'tasks', 'run', 'NSE_Open_Interest', 'finish_task', 'scheduled__2023-02-13T00:00:00+00:00', '--job-id', '4407', '--raw', '--subdir', 'DAGS_FOLDER/NSE_Open_Interest.py', '--cfg-path', '/tmp/tmpd1ncfv4m']
[2023-02-15T21:59:10.316+0530] {standard_task_runner.py:83} INFO - Job 4407: Subtask finish_task
[2023-02-15T21:59:10.369+0530] {task_command.py:389} INFO - Running <TaskInstance: NSE_Open_Interest.finish_task scheduled__2023-02-13T00:00:00+00:00 [running]> on host DESKTOP-SQIOQPD.
[2023-02-15T21:59:10.442+0530] {taskinstance.py:1511} INFO - Exporting the following env vars:
AIRFLOW_CTX_DAG_EMAIL=nikheleshbhattacharyya@gmail.com
AIRFLOW_CTX_DAG_OWNER=airflow
AIRFLOW_CTX_DAG_ID=NSE_Open_Interest
AIRFLOW_CTX_TASK_ID=finish_task
AIRFLOW_CTX_EXECUTION_DATE=2023-02-13T00:00:00+00:00
AIRFLOW_CTX_TRY_NUMBER=1
AIRFLOW_CTX_DAG_RUN_ID=scheduled__2023-02-13T00:00:00+00:00
[2023-02-15T21:59:10.443+0530] {subprocess.py:63} INFO - Tmp dir root location: 
 /tmp
[2023-02-15T21:59:10.443+0530] {subprocess.py:75} INFO - Running command: ['/usr/bin/bash', '-c', 'echo finish']
[2023-02-15T21:59:10.453+0530] {subprocess.py:86} INFO - Output:
[2023-02-15T21:59:10.455+0530] {subprocess.py:93} INFO - finish
[2023-02-15T21:59:10.455+0530] {subprocess.py:97} INFO - Command exited with return code 0
[2023-02-15T21:59:10.475+0530] {taskinstance.py:1322} INFO - Marking task as SUCCESS. dag_id=NSE_Open_Interest, task_id=finish_task, execution_date=20230213T000000, start_date=20230215T162910, end_date=20230215T162910
[2023-02-15T21:59:10.528+0530] {local_task_job.py:159} INFO - Task exited with return code 0
[2023-02-15T21:59:10.541+0530] {taskinstance.py:2582} INFO - 0 downstream tasks scheduled from follow-on schedule check
