[2023-02-24T21:06:51.582+0530] {taskinstance.py:1087} INFO - Dependencies all met for <TaskInstance: FX_Reserves.finish_task scheduled__2023-02-23T00:00:00+00:00 [queued]>
[2023-02-24T21:06:51.593+0530] {taskinstance.py:1087} INFO - Dependencies all met for <TaskInstance: FX_Reserves.finish_task scheduled__2023-02-23T00:00:00+00:00 [queued]>
[2023-02-24T21:06:51.594+0530] {taskinstance.py:1283} INFO - 
--------------------------------------------------------------------------------
[2023-02-24T21:06:51.594+0530] {taskinstance.py:1284} INFO - Starting attempt 1 of 4
[2023-02-24T21:06:51.594+0530] {taskinstance.py:1285} INFO - 
--------------------------------------------------------------------------------
[2023-02-24T21:06:51.610+0530] {taskinstance.py:1304} INFO - Executing <Task(BashOperator): finish_task> on 2023-02-23 00:00:00+00:00
[2023-02-24T21:06:51.620+0530] {standard_task_runner.py:55} INFO - Started process 7816 to run task
[2023-02-24T21:06:51.624+0530] {standard_task_runner.py:82} INFO - Running: ['airflow', 'tasks', 'run', 'FX_Reserves', 'finish_task', 'scheduled__2023-02-23T00:00:00+00:00', '--job-id', '4734', '--raw', '--subdir', 'DAGS_FOLDER/FX_Reserves_Data.py', '--cfg-path', '/tmp/tmp01z4ly4o']
[2023-02-24T21:06:51.625+0530] {standard_task_runner.py:83} INFO - Job 4734: Subtask finish_task
[2023-02-24T21:06:51.692+0530] {task_command.py:389} INFO - Running <TaskInstance: FX_Reserves.finish_task scheduled__2023-02-23T00:00:00+00:00 [running]> on host DESKTOP-SQIOQPD.
[2023-02-24T21:06:51.809+0530] {taskinstance.py:1511} INFO - Exporting the following env vars:
AIRFLOW_CTX_DAG_EMAIL=nikheleshbhattacharyya@gmail.com
AIRFLOW_CTX_DAG_OWNER=airflow
AIRFLOW_CTX_DAG_ID=FX_Reserves
AIRFLOW_CTX_TASK_ID=finish_task
AIRFLOW_CTX_EXECUTION_DATE=2023-02-23T00:00:00+00:00
AIRFLOW_CTX_TRY_NUMBER=1
AIRFLOW_CTX_DAG_RUN_ID=scheduled__2023-02-23T00:00:00+00:00
[2023-02-24T21:06:51.811+0530] {subprocess.py:63} INFO - Tmp dir root location: 
 /tmp
[2023-02-24T21:06:51.812+0530] {subprocess.py:75} INFO - Running command: ['/usr/bin/bash', '-c', 'echo finish']
[2023-02-24T21:06:51.831+0530] {subprocess.py:86} INFO - Output:
[2023-02-24T21:06:51.833+0530] {subprocess.py:93} INFO - finish
[2023-02-24T21:06:51.833+0530] {subprocess.py:97} INFO - Command exited with return code 0
[2023-02-24T21:06:51.861+0530] {taskinstance.py:1322} INFO - Marking task as SUCCESS. dag_id=FX_Reserves, task_id=finish_task, execution_date=20230223T000000, start_date=20230224T153651, end_date=20230224T153651
[2023-02-24T21:06:57.631+0530] {local_task_job.py:159} INFO - Task exited with return code 0
[2023-02-24T21:06:57.650+0530] {taskinstance.py:2582} INFO - 0 downstream tasks scheduled from follow-on schedule check
