[2023-02-23T19:30:40.710+0530] {taskinstance.py:1087} INFO - Dependencies all met for <TaskInstance: NSE_Open_Interest.start_task scheduled__2023-02-21T00:00:00+00:00 [queued]>
[2023-02-23T19:30:40.720+0530] {taskinstance.py:1087} INFO - Dependencies all met for <TaskInstance: NSE_Open_Interest.start_task scheduled__2023-02-21T00:00:00+00:00 [queued]>
[2023-02-23T19:30:40.721+0530] {taskinstance.py:1283} INFO - 
--------------------------------------------------------------------------------
[2023-02-23T19:30:40.721+0530] {taskinstance.py:1284} INFO - Starting attempt 1 of 4
[2023-02-23T19:30:40.721+0530] {taskinstance.py:1285} INFO - 
--------------------------------------------------------------------------------
[2023-02-23T19:30:40.742+0530] {taskinstance.py:1304} INFO - Executing <Task(BashOperator): start_task> on 2023-02-21 00:00:00+00:00
[2023-02-23T19:30:40.747+0530] {standard_task_runner.py:55} INFO - Started process 4510 to run task
[2023-02-23T19:30:40.751+0530] {standard_task_runner.py:82} INFO - Running: ['airflow', 'tasks', 'run', 'NSE_Open_Interest', 'start_task', 'scheduled__2023-02-21T00:00:00+00:00', '--job-id', '4644', '--raw', '--subdir', 'DAGS_FOLDER/NSE_Open_Interest.py', '--cfg-path', '/tmp/tmpryh_33ry']
[2023-02-23T19:30:40.752+0530] {standard_task_runner.py:83} INFO - Job 4644: Subtask start_task
[2023-02-23T19:30:40.865+0530] {task_command.py:389} INFO - Running <TaskInstance: NSE_Open_Interest.start_task scheduled__2023-02-21T00:00:00+00:00 [running]> on host DESKTOP-SQIOQPD.
[2023-02-23T19:30:41.005+0530] {taskinstance.py:1511} INFO - Exporting the following env vars:
AIRFLOW_CTX_DAG_EMAIL=nikheleshbhattacharyya@gmail.com
AIRFLOW_CTX_DAG_OWNER=airflow
AIRFLOW_CTX_DAG_ID=NSE_Open_Interest
AIRFLOW_CTX_TASK_ID=start_task
AIRFLOW_CTX_EXECUTION_DATE=2023-02-21T00:00:00+00:00
AIRFLOW_CTX_TRY_NUMBER=1
AIRFLOW_CTX_DAG_RUN_ID=scheduled__2023-02-21T00:00:00+00:00
[2023-02-23T19:30:41.006+0530] {subprocess.py:63} INFO - Tmp dir root location: 
 /tmp
[2023-02-23T19:30:41.007+0530] {subprocess.py:75} INFO - Running command: ['/usr/bin/bash', '-c', 'echo start']
[2023-02-23T19:30:41.018+0530] {subprocess.py:86} INFO - Output:
[2023-02-23T19:30:41.019+0530] {subprocess.py:93} INFO - start
[2023-02-23T19:30:41.020+0530] {subprocess.py:97} INFO - Command exited with return code 0
[2023-02-23T19:30:41.044+0530] {taskinstance.py:1322} INFO - Marking task as SUCCESS. dag_id=NSE_Open_Interest, task_id=start_task, execution_date=20230221T000000, start_date=20230223T140040, end_date=20230223T140041
[2023-02-23T19:30:44.080+0530] {local_task_job.py:159} INFO - Task exited with return code 0
[2023-02-23T19:30:44.107+0530] {taskinstance.py:2582} INFO - 1 downstream tasks scheduled from follow-on schedule check
