[2023-02-02T08:49:55.047+0530] {taskinstance.py:1087} INFO - Dependencies all met for <TaskInstance: FX__Turnover.load scheduled__2023-01-25T00:00:00+00:00 [queued]>
[2023-02-02T08:49:55.068+0530] {taskinstance.py:1087} INFO - Dependencies all met for <TaskInstance: FX__Turnover.load scheduled__2023-01-25T00:00:00+00:00 [queued]>
[2023-02-02T08:49:55.069+0530] {taskinstance.py:1283} INFO - 
--------------------------------------------------------------------------------
[2023-02-02T08:49:55.069+0530] {taskinstance.py:1284} INFO - Starting attempt 1 of 4
[2023-02-02T08:49:55.069+0530] {taskinstance.py:1285} INFO - 
--------------------------------------------------------------------------------
[2023-02-02T08:49:55.142+0530] {taskinstance.py:1304} INFO - Executing <Task(PythonOperator): load> on 2023-01-25 00:00:00+00:00
[2023-02-02T08:49:55.151+0530] {standard_task_runner.py:55} INFO - Started process 7640 to run task
[2023-02-02T08:49:55.156+0530] {standard_task_runner.py:82} INFO - Running: ['airflow', 'tasks', 'run', 'FX__Turnover', 'load', 'scheduled__2023-01-25T00:00:00+00:00', '--job-id', '3647', '--raw', '--subdir', 'DAGS_FOLDER/FX_turnover.py', '--cfg-path', '/tmp/tmpf8j4ucwg']
[2023-02-02T08:49:55.158+0530] {standard_task_runner.py:83} INFO - Job 3647: Subtask load
[2023-02-02T08:49:55.269+0530] {task_command.py:389} INFO - Running <TaskInstance: FX__Turnover.load scheduled__2023-01-25T00:00:00+00:00 [running]> on host DESKTOP-SQIOQPD.
[2023-02-02T08:49:55.392+0530] {taskinstance.py:1511} INFO - Exporting the following env vars:
AIRFLOW_CTX_DAG_EMAIL=nikheleshbhattacharyya@gmail.com
AIRFLOW_CTX_DAG_OWNER=airflow
AIRFLOW_CTX_DAG_ID=FX__Turnover
AIRFLOW_CTX_TASK_ID=load
AIRFLOW_CTX_EXECUTION_DATE=2023-01-25T00:00:00+00:00
AIRFLOW_CTX_TRY_NUMBER=1
AIRFLOW_CTX_DAG_RUN_ID=scheduled__2023-01-25T00:00:00+00:00
[2023-02-02T08:49:55.958+0530] {python.py:177} INFO - Done. Returned value was: None
[2023-02-02T08:49:55.975+0530] {taskinstance.py:1322} INFO - Marking task as SUCCESS. dag_id=FX__Turnover, task_id=load, execution_date=20230125T000000, start_date=20230202T031955, end_date=20230202T031955
[2023-02-02T08:49:56.419+0530] {local_task_job.py:159} INFO - Task exited with return code 0
[2023-02-02T08:49:56.522+0530] {taskinstance.py:2582} INFO - 1 downstream tasks scheduled from follow-on schedule check
