[2023-03-17T03:13:16.848+0530] {taskinstance.py:1087} INFO - Dependencies all met for <TaskInstance: Monthly.extract scheduled__2023-02-28T00:00:00+00:00 [queued]>
[2023-03-17T03:13:16.860+0530] {taskinstance.py:1087} INFO - Dependencies all met for <TaskInstance: Monthly.extract scheduled__2023-02-28T00:00:00+00:00 [queued]>
[2023-03-17T03:13:16.860+0530] {taskinstance.py:1283} INFO - 
--------------------------------------------------------------------------------
[2023-03-17T03:13:16.860+0530] {taskinstance.py:1284} INFO - Starting attempt 1 of 4
[2023-03-17T03:13:16.860+0530] {taskinstance.py:1285} INFO - 
--------------------------------------------------------------------------------
[2023-03-17T03:13:16.878+0530] {taskinstance.py:1304} INFO - Executing <Task(PythonOperator): extract> on 2023-02-28 00:00:00+00:00
[2023-03-17T03:13:16.884+0530] {standard_task_runner.py:55} INFO - Started process 3388 to run task
[2023-03-17T03:13:16.899+0530] {standard_task_runner.py:82} INFO - Running: ['airflow', 'tasks', 'run', 'Monthly', 'extract', 'scheduled__2023-02-28T00:00:00+00:00', '--job-id', '4843', '--raw', '--subdir', 'DAGS_FOLDER/Monthly.py', '--cfg-path', '/tmp/tmp5zv_kbo8']
[2023-03-17T03:13:16.904+0530] {standard_task_runner.py:83} INFO - Job 4843: Subtask extract
[2023-03-17T03:13:17.031+0530] {task_command.py:389} INFO - Running <TaskInstance: Monthly.extract scheduled__2023-02-28T00:00:00+00:00 [running]> on host DESKTOP-SQIOQPD.
[2023-03-17T03:13:17.204+0530] {taskinstance.py:1511} INFO - Exporting the following env vars:
AIRFLOW_CTX_DAG_EMAIL=nikheleshbhattacharyya@gmail.com
AIRFLOW_CTX_DAG_OWNER=airflow
AIRFLOW_CTX_DAG_ID=Monthly
AIRFLOW_CTX_TASK_ID=extract
AIRFLOW_CTX_EXECUTION_DATE=2023-02-28T00:00:00+00:00
AIRFLOW_CTX_TRY_NUMBER=1
AIRFLOW_CTX_DAG_RUN_ID=scheduled__2023-02-28T00:00:00+00:00
[2023-03-17T03:13:19.303+0530] {logging_mixin.py:137} INFO - document.getElementById('20201').click()
[2023-03-17T03:13:19.318+0530] {logging_mixin.py:137} INFO - document.getElementById('20202').click()
[2023-03-17T03:13:19.330+0530] {logging_mixin.py:137} INFO - document.getElementById('20203').click()
[2023-03-17T03:13:19.339+0530] {logging_mixin.py:137} INFO - document.getElementById('20204').click()
[2023-03-17T03:13:19.349+0530] {logging_mixin.py:137} INFO - document.getElementById('20205').click()
[2023-03-17T03:13:19.357+0530] {logging_mixin.py:137} INFO - document.getElementById('20206').click()
[2023-03-17T03:13:19.368+0530] {logging_mixin.py:137} INFO - document.getElementById('20207').click()
[2023-03-17T03:13:19.380+0530] {logging_mixin.py:137} INFO - document.getElementById('20208').click()
[2023-03-17T03:13:19.390+0530] {logging_mixin.py:137} INFO - document.getElementById('20209').click()
[2023-03-17T03:13:19.399+0530] {logging_mixin.py:137} INFO - document.getElementById('202010').click()
[2023-03-17T03:13:19.408+0530] {logging_mixin.py:137} INFO - document.getElementById('202011').click()
[2023-03-17T03:13:19.417+0530] {logging_mixin.py:137} INFO - document.getElementById('202012').click()
[2023-03-17T03:13:19.429+0530] {logging_mixin.py:137} INFO - document.getElementById('20211').click()
[2023-03-17T03:13:19.438+0530] {logging_mixin.py:137} INFO - document.getElementById('20212').click()
[2023-03-17T03:13:19.447+0530] {logging_mixin.py:137} INFO - document.getElementById('20213').click()
[2023-03-17T03:13:19.455+0530] {logging_mixin.py:137} INFO - document.getElementById('20214').click()
[2023-03-17T03:13:19.463+0530] {logging_mixin.py:137} INFO - document.getElementById('20215').click()
[2023-03-17T03:13:19.471+0530] {logging_mixin.py:137} INFO - document.getElementById('20216').click()
[2023-03-17T03:13:19.482+0530] {logging_mixin.py:137} INFO - document.getElementById('20217').click()
[2023-03-17T03:13:19.492+0530] {logging_mixin.py:137} INFO - document.getElementById('20218').click()
[2023-03-17T03:13:19.500+0530] {logging_mixin.py:137} INFO - document.getElementById('20219').click()
[2023-03-17T03:13:19.509+0530] {logging_mixin.py:137} INFO - document.getElementById('202110').click()
[2023-03-17T03:13:19.517+0530] {logging_mixin.py:137} INFO - document.getElementById('202111').click()
[2023-03-17T03:13:19.526+0530] {logging_mixin.py:137} INFO - document.getElementById('202112').click()
[2023-03-17T03:13:19.535+0530] {logging_mixin.py:137} INFO - document.getElementById('20221').click()
[2023-03-17T03:13:19.543+0530] {logging_mixin.py:137} INFO - document.getElementById('20222').click()
[2023-03-17T03:13:19.552+0530] {logging_mixin.py:137} INFO - document.getElementById('20223').click()
[2023-03-17T03:13:19.562+0530] {logging_mixin.py:137} INFO - document.getElementById('20224').click()
[2023-03-17T03:13:19.571+0530] {logging_mixin.py:137} INFO - document.getElementById('20225').click()
[2023-03-17T03:13:19.581+0530] {logging_mixin.py:137} INFO - document.getElementById('20226').click()
[2023-03-17T03:13:19.589+0530] {logging_mixin.py:137} INFO - document.getElementById('20227').click()
[2023-03-17T03:13:19.598+0530] {logging_mixin.py:137} INFO - document.getElementById('20228').click()
[2023-03-17T03:13:19.606+0530] {logging_mixin.py:137} INFO - document.getElementById('20229').click()
[2023-03-17T03:13:19.615+0530] {logging_mixin.py:137} INFO - document.getElementById('202210').click()
[2023-03-17T03:13:19.624+0530] {logging_mixin.py:137} INFO - document.getElementById('202211').click()
[2023-03-17T03:13:19.632+0530] {logging_mixin.py:137} INFO - document.getElementById('202212').click()
[2023-03-17T03:13:19.641+0530] {logging_mixin.py:137} INFO - document.getElementById('20231').click()
[2023-03-17T03:13:19.650+0530] {logging_mixin.py:137} INFO - document.getElementById('20232').click()
[2023-03-17T03:13:19.659+0530] {logging_mixin.py:137} INFO - document.getElementById('20233').click()
[2023-03-17T03:13:19.667+0530] {logging_mixin.py:137} INFO - document.getElementById('20234').click()
[2023-03-17T03:13:19.676+0530] {logging_mixin.py:137} INFO - document.getElementById('20235').click()
[2023-03-17T03:13:19.684+0530] {logging_mixin.py:137} INFO - document.getElementById('20236').click()
[2023-03-17T03:13:19.693+0530] {logging_mixin.py:137} INFO - document.getElementById('20237').click()
[2023-03-17T03:13:19.701+0530] {logging_mixin.py:137} INFO - document.getElementById('20238').click()
[2023-03-17T03:13:19.709+0530] {logging_mixin.py:137} INFO - document.getElementById('20239').click()
[2023-03-17T03:13:19.717+0530] {logging_mixin.py:137} INFO - document.getElementById('202310').click()
[2023-03-17T03:13:19.726+0530] {logging_mixin.py:137} INFO - document.getElementById('202311').click()
[2023-03-17T03:13:19.734+0530] {logging_mixin.py:137} INFO - document.getElementById('202312').click()
[2023-03-17T03:13:19.803+0530] {python.py:177} INFO - Done. Returned value was: ([], [], [], [], [], [], [])
[2023-03-17T03:13:19.834+0530] {taskinstance.py:1322} INFO - Marking task as SUCCESS. dag_id=Monthly, task_id=extract, execution_date=20230228T000000, start_date=20230316T214316, end_date=20230316T214319
[2023-03-17T03:13:19.858+0530] {local_task_job.py:159} INFO - Task exited with return code 0
[2023-03-17T03:13:19.885+0530] {taskinstance.py:2582} INFO - 1 downstream tasks scheduled from follow-on schedule check
