[2022-12-26T15:08:28.811+0530] {taskinstance.py:1087} INFO - Dependencies all met for <TaskInstance: Money__Market.load_data scheduled__2022-12-25T18:00:00+00:00 [queued]>
[2022-12-26T15:08:28.820+0530] {taskinstance.py:1087} INFO - Dependencies all met for <TaskInstance: Money__Market.load_data scheduled__2022-12-25T18:00:00+00:00 [queued]>
[2022-12-26T15:08:28.820+0530] {taskinstance.py:1283} INFO - 
--------------------------------------------------------------------------------
[2022-12-26T15:08:28.820+0530] {taskinstance.py:1284} INFO - Starting attempt 1 of 4
[2022-12-26T15:08:28.820+0530] {taskinstance.py:1285} INFO - 
--------------------------------------------------------------------------------
[2022-12-26T15:08:28.834+0530] {taskinstance.py:1304} INFO - Executing <Task(PythonOperator): load_data> on 2022-12-25 18:00:00+00:00
[2022-12-26T15:08:28.838+0530] {standard_task_runner.py:55} INFO - Started process 31340 to run task
[2022-12-26T15:08:28.841+0530] {standard_task_runner.py:82} INFO - Running: ['airflow', 'tasks', 'run', 'Money__Market', 'load_data', 'scheduled__2022-12-25T18:00:00+00:00', '--job-id', '923', '--raw', '--subdir', 'DAGS_FOLDER/Money_Market.py', '--cfg-path', '/tmp/tmpqwy_iffc']
[2022-12-26T15:08:28.843+0530] {standard_task_runner.py:83} INFO - Job 923: Subtask load_data
[2022-12-26T15:08:28.888+0530] {task_command.py:389} INFO - Running <TaskInstance: Money__Market.load_data scheduled__2022-12-25T18:00:00+00:00 [running]> on host DESKTOP-SQIOQPD.
[2022-12-26T15:08:28.941+0530] {taskinstance.py:1511} INFO - Exporting the following env vars:
AIRFLOW_CTX_DAG_EMAIL=nikheleshbhattacharyya@gmail.com
AIRFLOW_CTX_DAG_OWNER=airflow
AIRFLOW_CTX_DAG_ID=Money__Market
AIRFLOW_CTX_TASK_ID=load_data
AIRFLOW_CTX_EXECUTION_DATE=2022-12-25T18:00:00+00:00
AIRFLOW_CTX_TRY_NUMBER=1
AIRFLOW_CTX_DAG_RUN_ID=scheduled__2022-12-25T18:00:00+00:00
[2022-12-26T15:08:29.034+0530] {python.py:177} INFO - Done. Returned value was: None
[2022-12-26T15:08:29.038+0530] {taskinstance.py:1322} INFO - Marking task as SUCCESS. dag_id=Money__Market, task_id=load_data, execution_date=20221225T180000, start_date=20221226T093828, end_date=20221226T093829
[2022-12-26T15:08:29.094+0530] {local_task_job.py:159} INFO - Task exited with return code 0
[2022-12-26T15:08:29.113+0530] {taskinstance.py:2582} INFO - 1 downstream tasks scheduled from follow-on schedule check
