[2023-02-01T23:18:30.276+0530] {taskinstance.py:1087} INFO - Dependencies all met for <TaskInstance: FX__Turnover.load_data scheduled__2023-01-14T00:00:00+00:00 [queued]>
[2023-02-01T23:18:30.285+0530] {taskinstance.py:1087} INFO - Dependencies all met for <TaskInstance: FX__Turnover.load_data scheduled__2023-01-14T00:00:00+00:00 [queued]>
[2023-02-01T23:18:30.287+0530] {taskinstance.py:1283} INFO - 
--------------------------------------------------------------------------------
[2023-02-01T23:18:30.287+0530] {taskinstance.py:1284} INFO - Starting attempt 1 of 4
[2023-02-01T23:18:30.287+0530] {taskinstance.py:1285} INFO - 
--------------------------------------------------------------------------------
[2023-02-01T23:18:30.305+0530] {taskinstance.py:1304} INFO - Executing <Task(PythonOperator): load_data> on 2023-01-14 00:00:00+00:00
[2023-02-01T23:18:30.310+0530] {standard_task_runner.py:55} INFO - Started process 3163 to run task
[2023-02-01T23:18:30.313+0530] {standard_task_runner.py:82} INFO - Running: ['airflow', 'tasks', 'run', 'FX__Turnover', 'load_data', 'scheduled__2023-01-14T00:00:00+00:00', '--job-id', '3339', '--raw', '--subdir', 'DAGS_FOLDER/FX_turnover.py', '--cfg-path', '/tmp/tmpfxvtbh_q']
[2023-02-01T23:18:30.314+0530] {standard_task_runner.py:83} INFO - Job 3339: Subtask load_data
[2023-02-01T23:18:30.369+0530] {task_command.py:389} INFO - Running <TaskInstance: FX__Turnover.load_data scheduled__2023-01-14T00:00:00+00:00 [running]> on host DESKTOP-SQIOQPD.
[2023-02-01T23:18:30.450+0530] {taskinstance.py:1511} INFO - Exporting the following env vars:
AIRFLOW_CTX_DAG_EMAIL=nikheleshbhattacharyya@gmail.com
AIRFLOW_CTX_DAG_OWNER=airflow
AIRFLOW_CTX_DAG_ID=FX__Turnover
AIRFLOW_CTX_TASK_ID=load_data
AIRFLOW_CTX_EXECUTION_DATE=2023-01-14T00:00:00+00:00
AIRFLOW_CTX_TRY_NUMBER=1
AIRFLOW_CTX_DAG_RUN_ID=scheduled__2023-01-14T00:00:00+00:00
[2023-02-01T23:18:45.680+0530] {python.py:177} INFO - Done. Returned value was: None
[2023-02-01T23:18:45.688+0530] {taskinstance.py:1322} INFO - Marking task as SUCCESS. dag_id=FX__Turnover, task_id=load_data, execution_date=20230114T000000, start_date=20230201T174830, end_date=20230201T174845
[2023-02-01T23:18:45.722+0530] {local_task_job.py:159} INFO - Task exited with return code 0
[2023-02-01T23:18:45.738+0530] {taskinstance.py:2582} INFO - 1 downstream tasks scheduled from follow-on schedule check
