[2023-02-23T15:05:49.404+0530] {taskinstance.py:1087} INFO - Dependencies all met for <TaskInstance: FX__Turnover.load_data scheduled__2023-02-15T00:00:00+00:00 [queued]>
[2023-02-23T15:05:49.416+0530] {taskinstance.py:1087} INFO - Dependencies all met for <TaskInstance: FX__Turnover.load_data scheduled__2023-02-15T00:00:00+00:00 [queued]>
[2023-02-23T15:05:49.416+0530] {taskinstance.py:1283} INFO - 
--------------------------------------------------------------------------------
[2023-02-23T15:05:49.417+0530] {taskinstance.py:1284} INFO - Starting attempt 1 of 4
[2023-02-23T15:05:49.417+0530] {taskinstance.py:1285} INFO - 
--------------------------------------------------------------------------------
[2023-02-23T15:05:49.437+0530] {taskinstance.py:1304} INFO - Executing <Task(PythonOperator): load_data> on 2023-02-15 00:00:00+00:00
[2023-02-23T15:05:49.444+0530] {standard_task_runner.py:55} INFO - Started process 3013 to run task
[2023-02-23T15:05:49.449+0530] {standard_task_runner.py:82} INFO - Running: ['airflow', 'tasks', 'run', 'FX__Turnover', 'load_data', 'scheduled__2023-02-15T00:00:00+00:00', '--job-id', '4538', '--raw', '--subdir', 'DAGS_FOLDER/FX_turnover.py', '--cfg-path', '/tmp/tmp0_cwhn8a']
[2023-02-23T15:05:49.450+0530] {standard_task_runner.py:83} INFO - Job 4538: Subtask load_data
[2023-02-23T15:05:49.536+0530] {task_command.py:389} INFO - Running <TaskInstance: FX__Turnover.load_data scheduled__2023-02-15T00:00:00+00:00 [running]> on host DESKTOP-SQIOQPD.
[2023-02-23T15:05:49.663+0530] {taskinstance.py:1511} INFO - Exporting the following env vars:
AIRFLOW_CTX_DAG_EMAIL=nikheleshbhattacharyya@gmail.com
AIRFLOW_CTX_DAG_OWNER=airflow
AIRFLOW_CTX_DAG_ID=FX__Turnover
AIRFLOW_CTX_TASK_ID=load_data
AIRFLOW_CTX_EXECUTION_DATE=2023-02-15T00:00:00+00:00
AIRFLOW_CTX_TRY_NUMBER=1
AIRFLOW_CTX_DAG_RUN_ID=scheduled__2023-02-15T00:00:00+00:00
[2023-02-23T15:06:06.196+0530] {python.py:177} INFO - Done. Returned value was: None
[2023-02-23T15:06:06.205+0530] {taskinstance.py:1322} INFO - Marking task as SUCCESS. dag_id=FX__Turnover, task_id=load_data, execution_date=20230215T000000, start_date=20230223T093549, end_date=20230223T093606
[2023-02-23T15:06:08.266+0530] {local_task_job.py:159} INFO - Task exited with return code 0
[2023-02-23T15:06:08.282+0530] {taskinstance.py:2582} INFO - 1 downstream tasks scheduled from follow-on schedule check
