[2023-02-03T05:30:54.449+0530] {taskinstance.py:1087} INFO - Dependencies all met for <TaskInstance: NSE_Open_Interest.extract scheduled__2023-02-02T00:00:00+00:00 [queued]>
[2023-02-03T05:30:54.458+0530] {taskinstance.py:1087} INFO - Dependencies all met for <TaskInstance: NSE_Open_Interest.extract scheduled__2023-02-02T00:00:00+00:00 [queued]>
[2023-02-03T05:30:54.458+0530] {taskinstance.py:1283} INFO - 
--------------------------------------------------------------------------------
[2023-02-03T05:30:54.459+0530] {taskinstance.py:1284} INFO - Starting attempt 1 of 4
[2023-02-03T05:30:54.459+0530] {taskinstance.py:1285} INFO - 
--------------------------------------------------------------------------------
[2023-02-03T05:30:54.474+0530] {taskinstance.py:1304} INFO - Executing <Task(PythonOperator): extract> on 2023-02-02 00:00:00+00:00
[2023-02-03T05:30:54.478+0530] {standard_task_runner.py:55} INFO - Started process 12727 to run task
[2023-02-03T05:30:54.482+0530] {standard_task_runner.py:82} INFO - Running: ['airflow', 'tasks', 'run', 'NSE_Open_Interest', 'extract', 'scheduled__2023-02-02T00:00:00+00:00', '--job-id', '3895', '--raw', '--subdir', 'DAGS_FOLDER/NSE_Open_Interest.py', '--cfg-path', '/tmp/tmp4myxd0df']
[2023-02-03T05:30:54.483+0530] {standard_task_runner.py:83} INFO - Job 3895: Subtask extract
[2023-02-03T05:30:54.533+0530] {task_command.py:389} INFO - Running <TaskInstance: NSE_Open_Interest.extract scheduled__2023-02-02T00:00:00+00:00 [running]> on host DESKTOP-SQIOQPD.
[2023-02-03T05:30:54.599+0530] {taskinstance.py:1511} INFO - Exporting the following env vars:
AIRFLOW_CTX_DAG_EMAIL=nikheleshbhattacharyya@gmail.com
AIRFLOW_CTX_DAG_OWNER=airflow
AIRFLOW_CTX_DAG_ID=NSE_Open_Interest
AIRFLOW_CTX_TASK_ID=extract
AIRFLOW_CTX_EXECUTION_DATE=2023-02-02T00:00:00+00:00
AIRFLOW_CTX_TRY_NUMBER=1
AIRFLOW_CTX_DAG_RUN_ID=scheduled__2023-02-02T00:00:00+00:00
[2023-02-03T05:30:54.600+0530] {logging_mixin.py:137} INFO - 2020-02-14 00:00:00
[2023-02-03T05:30:54.761+0530] {logging_mixin.py:137} INFO - 2020-02-15 00:00:00
[2023-02-03T05:30:58.119+0530] {logging_mixin.py:137} INFO - 2020-02-16 00:00:00
[2023-02-03T05:30:58.144+0530] {logging_mixin.py:137} INFO - 2020-02-17 00:00:00
[2023-02-03T05:30:58.373+0530] {taskinstance.py:1772} ERROR - Task failed with exception
Traceback (most recent call last):
  File "/usr/local/lib/python3.8/dist-packages/airflow/operators/python.py", line 175, in execute
    return_value = self.execute_callable()
  File "/usr/local/lib/python3.8/dist-packages/airflow/operators/python.py", line 192, in execute_callable
    return self.python_callable(*self.op_args, **self.op_kwargs)
  File "/root/airflow/dags/NSE_Open_Interest.py", line 83, in extract
    dd,values = get_data(date)
TypeError: cannot unpack non-iterable NoneType object
[2023-02-03T05:30:58.378+0530] {taskinstance.py:1322} INFO - Marking task as UP_FOR_RETRY. dag_id=NSE_Open_Interest, task_id=extract, execution_date=20230202T000000, start_date=20230203T000054, end_date=20230203T000058
[2023-02-03T05:30:58.390+0530] {standard_task_runner.py:100} ERROR - Failed to execute job 3895 for task extract (cannot unpack non-iterable NoneType object; 12727)
[2023-02-03T05:30:58.399+0530] {local_task_job.py:159} INFO - Task exited with return code 1
[2023-02-03T05:30:58.415+0530] {taskinstance.py:2582} INFO - 0 downstream tasks scheduled from follow-on schedule check
