[2023-02-03T05:35:03.870+0530] {taskinstance.py:1087} INFO - Dependencies all met for <TaskInstance: NSE_Open_Interest.extract scheduled__2023-02-02T00:00:00+00:00 [queued]>
[2023-02-03T05:35:03.877+0530] {taskinstance.py:1087} INFO - Dependencies all met for <TaskInstance: NSE_Open_Interest.extract scheduled__2023-02-02T00:00:00+00:00 [queued]>
[2023-02-03T05:35:03.877+0530] {taskinstance.py:1283} INFO - 
--------------------------------------------------------------------------------
[2023-02-03T05:35:03.877+0530] {taskinstance.py:1284} INFO - Starting attempt 2 of 4
[2023-02-03T05:35:03.877+0530] {taskinstance.py:1285} INFO - 
--------------------------------------------------------------------------------
[2023-02-03T05:35:03.892+0530] {taskinstance.py:1304} INFO - Executing <Task(PythonOperator): extract> on 2023-02-02 00:00:00+00:00
[2023-02-03T05:35:03.897+0530] {standard_task_runner.py:55} INFO - Started process 12880 to run task
[2023-02-03T05:35:03.902+0530] {standard_task_runner.py:82} INFO - Running: ['airflow', 'tasks', 'run', 'NSE_Open_Interest', 'extract', 'scheduled__2023-02-02T00:00:00+00:00', '--job-id', '3906', '--raw', '--subdir', 'DAGS_FOLDER/NSE_Open_Interest.py', '--cfg-path', '/tmp/tmp3wupahan']
[2023-02-03T05:35:03.903+0530] {standard_task_runner.py:83} INFO - Job 3906: Subtask extract
[2023-02-03T05:35:03.957+0530] {task_command.py:389} INFO - Running <TaskInstance: NSE_Open_Interest.extract scheduled__2023-02-02T00:00:00+00:00 [running]> on host DESKTOP-SQIOQPD.
[2023-02-03T05:35:04.027+0530] {taskinstance.py:1511} INFO - Exporting the following env vars:
AIRFLOW_CTX_DAG_EMAIL=nikheleshbhattacharyya@gmail.com
AIRFLOW_CTX_DAG_OWNER=airflow
AIRFLOW_CTX_DAG_ID=NSE_Open_Interest
AIRFLOW_CTX_TASK_ID=extract
AIRFLOW_CTX_EXECUTION_DATE=2023-02-02T00:00:00+00:00
AIRFLOW_CTX_TRY_NUMBER=2
AIRFLOW_CTX_DAG_RUN_ID=scheduled__2023-02-02T00:00:00+00:00
[2023-02-03T05:35:04.029+0530] {logging_mixin.py:137} INFO - 2020-02-14 00:00:00
[2023-02-03T05:35:04.674+0530] {logging_mixin.py:137} INFO - 2020-02-15 00:00:00
[2023-02-03T05:35:07.847+0530] {logging_mixin.py:137} INFO - 2020-02-16 00:00:00
[2023-02-03T05:35:07.872+0530] {logging_mixin.py:137} INFO - 2020-02-17 00:00:00
[2023-02-03T05:35:07.895+0530] {logging_mixin.py:137} INFO - 2020-02-18 00:00:00
[2023-02-03T05:35:08.145+0530] {logging_mixin.py:137} INFO - 2020-02-19 00:00:00
[2023-02-03T05:35:08.440+0530] {logging_mixin.py:137} INFO - 2020-02-20 00:00:00
[2023-02-03T05:35:08.669+0530] {logging_mixin.py:137} INFO - 2020-02-21 00:00:00
[2023-02-03T05:35:11.778+0530] {logging_mixin.py:137} INFO - 2020-02-22 00:00:00
[2023-02-03T05:35:11.808+0530] {logging_mixin.py:137} INFO - 2020-02-23 00:00:00
[2023-02-03T05:35:14.934+0530] {logging_mixin.py:137} INFO - 2020-02-24 00:00:00
[2023-02-03T05:35:14.963+0530] {logging_mixin.py:137} INFO - 2020-02-25 00:00:00
[2023-02-03T05:35:15.057+0530] {logging_mixin.py:137} INFO - 2020-02-26 00:00:00
[2023-02-03T05:35:15.080+0530] {logging_mixin.py:137} INFO - 2020-02-27 00:00:00
[2023-02-03T05:35:15.116+0530] {logging_mixin.py:137} INFO - 2020-02-28 00:00:00
[2023-02-03T05:35:15.213+0530] {logging_mixin.py:137} INFO - 2020-02-29 00:00:00
[2023-02-03T05:35:15.236+0530] {logging_mixin.py:137} INFO - 2020-03-01 00:00:00
[2023-02-03T05:35:18.349+0530] {logging_mixin.py:137} INFO - 2020-03-02 00:00:00
[2023-02-03T05:35:18.380+0530] {logging_mixin.py:137} INFO - 2020-03-03 00:00:00
[2023-02-03T05:35:18.401+0530] {logging_mixin.py:137} INFO - 2020-03-04 00:00:00
[2023-02-03T05:35:18.424+0530] {logging_mixin.py:137} INFO - 2020-03-05 00:00:00
[2023-02-03T05:35:18.446+0530] {logging_mixin.py:137} INFO - 2020-03-06 00:00:00
[2023-02-03T05:35:18.566+0530] {logging_mixin.py:137} INFO - 2020-03-07 00:00:00
[2023-02-03T05:35:21.717+0530] {logging_mixin.py:137} INFO - 2020-03-08 00:00:00
[2023-02-03T05:35:21.741+0530] {logging_mixin.py:137} INFO - 2020-03-09 00:00:00
[2023-02-03T05:35:21.852+0530] {logging_mixin.py:137} INFO - 2020-03-10 00:00:00
[2023-02-03T05:35:24.978+0530] {logging_mixin.py:137} INFO - 2020-03-11 00:00:00
[2023-02-03T05:35:25.008+0530] {logging_mixin.py:137} INFO - 2020-03-12 00:00:00
[2023-02-03T05:35:25.028+0530] {logging_mixin.py:137} INFO - 2020-03-13 00:00:00
[2023-02-03T05:35:25.216+0530] {taskinstance.py:1772} ERROR - Task failed with exception
Traceback (most recent call last):
  File "/usr/local/lib/python3.8/dist-packages/airflow/operators/python.py", line 175, in execute
    return_value = self.execute_callable()
  File "/usr/local/lib/python3.8/dist-packages/airflow/operators/python.py", line 192, in execute_callable
    return self.python_callable(*self.op_args, **self.op_kwargs)
  File "/root/airflow/dags/NSE_Open_Interest.py", line 83, in extract
    dd,values = get_data(date)
TypeError: cannot unpack non-iterable NoneType object
[2023-02-03T05:35:25.225+0530] {taskinstance.py:1322} INFO - Marking task as UP_FOR_RETRY. dag_id=NSE_Open_Interest, task_id=extract, execution_date=20230202T000000, start_date=20230203T000503, end_date=20230203T000525
[2023-02-03T05:35:25.247+0530] {standard_task_runner.py:100} ERROR - Failed to execute job 3906 for task extract (cannot unpack non-iterable NoneType object; 12880)
[2023-02-03T05:35:25.292+0530] {local_task_job.py:159} INFO - Task exited with return code 1
[2023-02-03T05:35:25.311+0530] {taskinstance.py:2582} INFO - 0 downstream tasks scheduled from follow-on schedule check
