[2023-02-03T03:33:50.376+0530] {taskinstance.py:1087} INFO - Dependencies all met for <TaskInstance: Monthly.extract2 scheduled__2023-01-29T00:00:00+00:00 [queued]>
[2023-02-03T03:33:50.383+0530] {taskinstance.py:1087} INFO - Dependencies all met for <TaskInstance: Monthly.extract2 scheduled__2023-01-29T00:00:00+00:00 [queued]>
[2023-02-03T03:33:50.384+0530] {taskinstance.py:1283} INFO - 
--------------------------------------------------------------------------------
[2023-02-03T03:33:50.384+0530] {taskinstance.py:1284} INFO - Starting attempt 1 of 4
[2023-02-03T03:33:50.384+0530] {taskinstance.py:1285} INFO - 
--------------------------------------------------------------------------------
[2023-02-03T03:33:50.399+0530] {taskinstance.py:1304} INFO - Executing <Task(PythonOperator): extract2> on 2023-01-29 00:00:00+00:00
[2023-02-03T03:33:50.403+0530] {standard_task_runner.py:55} INFO - Started process 10917 to run task
[2023-02-03T03:33:50.407+0530] {standard_task_runner.py:82} INFO - Running: ['airflow', 'tasks', 'run', 'Monthly', 'extract2', 'scheduled__2023-01-29T00:00:00+00:00', '--job-id', '3827', '--raw', '--subdir', 'DAGS_FOLDER/Monthly.py', '--cfg-path', '/tmp/tmpp8aj7npk']
[2023-02-03T03:33:50.408+0530] {standard_task_runner.py:83} INFO - Job 3827: Subtask extract2
[2023-02-03T03:33:50.457+0530] {task_command.py:389} INFO - Running <TaskInstance: Monthly.extract2 scheduled__2023-01-29T00:00:00+00:00 [running]> on host DESKTOP-SQIOQPD.
[2023-02-03T03:33:50.528+0530] {taskinstance.py:1511} INFO - Exporting the following env vars:
AIRFLOW_CTX_DAG_EMAIL=nikheleshbhattacharyya@gmail.com
AIRFLOW_CTX_DAG_OWNER=airflow
AIRFLOW_CTX_DAG_ID=Monthly
AIRFLOW_CTX_TASK_ID=extract2
AIRFLOW_CTX_EXECUTION_DATE=2023-01-29T00:00:00+00:00
AIRFLOW_CTX_TRY_NUMBER=1
AIRFLOW_CTX_DAG_RUN_ID=scheduled__2023-01-29T00:00:00+00:00
[2023-02-03T03:33:52.891+0530] {logging_mixin.py:137} INFO - document.getElementById('2020').click()
[2023-02-03T03:33:54.142+0530] {logging_mixin.py:137} INFO - document.getElementById('2021').click()
[2023-02-03T03:33:55.458+0530] {logging_mixin.py:137} INFO - document.getElementById('2022').click()
[2023-02-03T03:33:55.807+0530] {logging_mixin.py:137} INFO - document.getElementById('2023').click()
[2023-02-03T03:33:56.212+0530] {python.py:177} INFO - Done. Returned value was: ['https://rbi.org.in/Scripts/BS_PressReleaseDisplay.aspx?prid=50805', 'https://rbi.org.in/Scripts/BS_PressReleaseDisplay.aspx?prid=50659', 'https://rbi.org.in/Scripts/BS_PressReleaseDisplay.aspx?prid=50516', 'https://rbi.org.in/Scripts/BS_PressReleaseDisplay.aspx?prid=50361', 'https://rbi.org.in/Scripts/BS_PressReleaseDisplay.aspx?prid=50221', 'https://rbi.org.in/Scripts/BS_PressReleaseDisplay.aspx?prid=50088', 'https://rbi.org.in/Scripts/BS_PressReleaseDisplay.aspx?prid=49951', 'https://rbi.org.in/Scripts/BS_PressReleaseDisplay.aspx?prid=49820', 'https://rbi.org.in/Scripts/BS_PressReleaseDisplay.aspx?prid=49675', 'https://rbi.org.in/Scripts/BS_PressReleaseDisplay.aspx?prid=49513', 'https://rbi.org.in/Scripts/BS_PressReleaseDisplay.aspx?prid=49405', 'https://rbi.org.in/Scripts/BS_PressReleaseDisplay.aspx?prid=49152', 'https://rbi.org.in/Scripts/BS_PressReleaseDisplay.aspx?prid=52657', 'https://rbi.org.in/Scripts/BS_PressReleaseDisplay.aspx?prid=52497', 'https://rbi.org.in/Scripts/BS_PressReleaseDisplay.aspx?prid=52341', 'https://rbi.org.in/Scripts/BS_PressReleaseDisplay.aspx?prid=52159', 'https://rbi.org.in/Scripts/BS_PressReleaseDisplay.aspx?prid=51992', 'https://rbi.org.in/Scripts/BS_PressReleaseDisplay.aspx?prid=51831', 'https://rbi.org.in/Scripts/BS_PressReleaseDisplay.aspx?prid=51663', 'https://rbi.org.in/Scripts/BS_PressReleaseDisplay.aspx?prid=51575', 'https://rbi.org.in/Scripts/BS_PressReleaseDisplay.aspx?prid=51425', 'https://rbi.org.in/Scripts/BS_PressReleaseDisplay.aspx?prid=51271', 'https://rbi.org.in/Scripts/BS_PressReleaseDisplay.aspx?prid=51133', 'https://rbi.org.in/Scripts/BS_PressReleaseDisplay.aspx?prid=50984', 'https://rbi.org.in/Scripts/BS_PressReleaseDisplay.aspx?prid=54789', 'https://rbi.org.in/Scripts/BS_PressReleaseDisplay.aspx?prid=54629', 'https://rbi.org.in/Scripts/BS_PressReleaseDisplay.aspx?prid=54483', 'https://rbi.org.in/Scripts/BS_PressReleaseDisplay.aspx?prid=54299', 'https://rbi.org.in/Scripts/BS_PressReleaseDisplay.aspx?prid=54130', 'https://rbi.org.in/Scripts/BS_PressReleaseDisplay.aspx?prid=53960', 'https://rbi.org.in/Scripts/BS_PressReleaseDisplay.aspx?prid=53792', 'https://rbi.org.in/Scripts/BS_PressReleaseDisplay.aspx?prid=53644', 'https://rbi.org.in/Scripts/BS_PressReleaseDisplay.aspx?prid=53502', 'https://rbi.org.in/Scripts/BS_PressReleaseDisplay.aspx?prid=53357', 'https://rbi.org.in/Scripts/BS_PressReleaseDisplay.aspx?prid=53207', 'https://rbi.org.in/Scripts/BS_PressReleaseDisplay.aspx?prid=53047', 'https://rbi.org.in/Scripts/BS_PressReleaseDisplay.aspx?prid=55148', 'https://rbi.org.in/Scripts/BS_PressReleaseDisplay.aspx?prid=54980']
[2023-02-03T03:33:56.236+0530] {taskinstance.py:1322} INFO - Marking task as SUCCESS. dag_id=Monthly, task_id=extract2, execution_date=20230129T000000, start_date=20230202T220350, end_date=20230202T220356
[2023-02-03T03:33:56.286+0530] {local_task_job.py:159} INFO - Task exited with return code 0
[2023-02-03T03:33:56.300+0530] {taskinstance.py:2582} INFO - 0 downstream tasks scheduled from follow-on schedule check
